[ok] cached 20200926_MFEF.npz  shape=(483, 105, 82)
[ok] cached 20200926_MLIP.npz  shape=(483, 105, 77)
[ok] cached 20200926_MSC.npz  shape=(483, 105, 47)
[done]
[ok] axes saved → results/session/20200926/axes_MFEF.npz  shapes: betaC (105, 82), sC (483, 105)
[ok] axes saved → results/session/20200926/axes_MLIP.npz  shapes: betaC (105, 77), sC (483, 105)
[ok] axes saved → results/session/20200926/axes_MSC.npz  shapes: betaC (105, 47), sC (483, 105)
[QC] MFEF  session 20200926
  mean AUC(C | sC)[0.000,0.800] = 0.570   (want >> 0.5)
  mean AUC(C | sR)[0.000,0.800] = 0.468   (want ~ 0.5)
  macro AUC(R | sR) within C  = 0.504 (want > 0.5)
[done] Saved QC figure → results/session/20200926/qc_axes_MFEF.png
[QC] MLIP  session 20200926
  mean AUC(C | sC)[0.000,0.800] = 0.560   (want >> 0.5)
  mean AUC(C | sR)[0.000,0.800] = 0.469   (want ~ 0.5)
  macro AUC(R | sR) within C  = 0.503 (want > 0.5)
[done] Saved QC figure → results/session/20200926/qc_axes_MLIP.png
[QC] MSC  session 20200926
  mean AUC(C | sC)[0.000,0.800] = 0.525   (want >> 0.5)
  mean AUC(C | sR)[0.000,0.800] = 0.506   (want ~ 0.5)
  macro AUC(R | sR) within C  = 0.501 (want > 0.5)
[done] Saved QC figure → results/session/20200926/qc_axes_MSC.png
