[info] Running sid=20231109 (array idx 18)
[cmd] /project/bdoiron/dracoxu/rct-fsflow/runtime/venv/bin/python /project/bdoiron/dracoxu/rct-fsflow/03_cache_binned.py --root RCT --session 20231109 --bin 0.01 --t0 -0.25 --t1 0.8 --targets_vert_only --reuse_cache
[skip] reuse cache 20231109_SFEF.npz (bin=0.01, window=[-0.25, 0.8], vert=True)
[skip] reuse cache 20231109_SLIP.npz (bin=0.01, window=[-0.25, 0.8], vert=True)
[skip] reuse cache 20231109_SSC.npz (bin=0.01, window=[-0.25, 0.8], vert=True)
[done]
[cmd] /project/bdoiron/dracoxu/rct-fsflow/runtime/venv/bin/python /project/bdoiron/dracoxu/rct-fsflow/04_build_axes.py --sid 20231109 --trainC_start 0.1 --trainC_end 0.3 --trainR_start 0.05 --trainR_end 0.2 --C_dim 1 --R_dim 2 --out_tag induced_k4_win016_p500 --skip_if_exists
[ok] axes(subspaces) saved → results/session/20231109/induced_k4_win016_p500/axes_SFEF.npz  ZC (635, 105, 1)  ZR (635, 105, 2)
[ok] axes(subspaces) saved → results/session/20231109/induced_k4_win016_p500/axes_SLIP.npz  ZC (635, 105, 1)  ZR (635, 105, 2)
[ok] axes(subspaces) saved → results/session/20231109/induced_k4_win016_p500/axes_SSC.npz  ZC (635, 105, 1)  ZR (635, 105, 2)
[cmd] /project/bdoiron/dracoxu/rct-fsflow/runtime/venv/bin/python /project/bdoiron/dracoxu/rct-fsflow/12_induced_fsflow_timesliding.py --sid 20231109 --all_pairs --win 0.16 --step 0.02 --k 4 --ridge 0.01 --perms 500 --n_jobs 16 --bandC_start 0.12 --bandC_end 0.28 --bandR_start 0.08 --bandR_end 0.2 --int_win 0.16 --evoked_sigma_ms 10.0 --out_tag induced_k4_win016_p500 --skip_if_exists --no_x0 --cond_b_only
[info] sid=20231109 running 6 ordered pairs: [('SFEF', 'SLIP'), ('SFEF', 'SSC'), ('SLIP', 'SFEF'), ('SLIP', 'SSC'), ('SSC', 'SFEF'), ('SSC', 'SLIP')]
[dbg] 20231109 SFEF->SLIP C: windows=45, NaN% obs=0.0 null=0.0
[dbg] 20231109 SFEF->SLIP R: windows=45, NaN% obs=0.0 null=0.0
[done] 20231109 SFEF->SLIP  saved RAW+INT → results/session/20231109/induced_k4_win016_p500
[dbg] 20231109 SFEF->SSC C: windows=45, NaN% obs=0.0 null=0.0
[dbg] 20231109 SFEF->SSC R: windows=45, NaN% obs=0.0 null=0.0
[done] 20231109 SFEF->SSC  saved RAW+INT → results/session/20231109/induced_k4_win016_p500
[dbg] 20231109 SLIP->SFEF C: windows=45, NaN% obs=0.0 null=0.0
[dbg] 20231109 SLIP->SFEF R: windows=45, NaN% obs=0.0 null=0.0
[done] 20231109 SLIP->SFEF  saved RAW+INT → results/session/20231109/induced_k4_win016_p500
[dbg] 20231109 SLIP->SSC C: windows=45, NaN% obs=0.0 null=0.0
[dbg] 20231109 SLIP->SSC R: windows=45, NaN% obs=0.0 null=0.0
[done] 20231109 SLIP->SSC  saved RAW+INT → results/session/20231109/induced_k4_win016_p500
[dbg] 20231109 SSC->SFEF C: windows=45, NaN% obs=0.0 null=0.0
[dbg] 20231109 SSC->SFEF R: windows=45, NaN% obs=0.0 null=0.0
[done] 20231109 SSC->SFEF  saved RAW+INT → results/session/20231109/induced_k4_win016_p500
[dbg] 20231109 SSC->SLIP C: windows=45, NaN% obs=0.0 null=0.0
[dbg] 20231109 SSC->SLIP R: windows=45, NaN% obs=0.0 null=0.0
[done] 20231109 SSC->SLIP  saved RAW+INT → results/session/20231109/induced_k4_win016_p500
