[info] SLURM_ARRAY_TASK_ID=20
[info] CPUs per task = 16
[info] Hostname = midway3-0456.rcc.local
[info] Running sid=20231123 (array idx 20)
[cmd] /project/bdoiron/dracoxu/rct-fsflow/runtime/venv/bin/python /project/bdoiron/dracoxu/rct-fsflow/03_cache_binned.py --root RCT --session 20231123 --bin 0.01 --t0 -0.25 --t1 0.8 --targets_vert_only --reuse_cache
[skip] reuse cache 20231123_SFEF.npz (bin=0.01, window=[-0.25, 0.8], vert=True)
[skip] reuse cache 20231123_SLIP.npz (bin=0.01, window=[-0.25, 0.8], vert=True)
[skip] reuse cache 20231123_SSC.npz (bin=0.01, window=[-0.25, 0.8], vert=True)
[done]
[cmd] /project/bdoiron/dracoxu/rct-fsflow/runtime/venv/bin/python /project/bdoiron/dracoxu/rct-fsflow/04_build_axes.py --sid 20231123 --trainC_start 0.1 --trainC_end 0.3 --trainR_start 0.05 --trainR_end 0.2 --C_dim 1 --R_dim 2 --out_tag win160_k5_perm500 --skip_if_exists
[skip] axes already exist → results/session/20231123/win160_k5_perm500/axes_SFEF.npz
[skip] axes already exist → results/session/20231123/win160_k5_perm500/axes_SLIP.npz
[skip] axes already exist → results/session/20231123/win160_k5_perm500/axes_SSC.npz
[cmd] /project/bdoiron/dracoxu/rct-fsflow/runtime/venv/bin/python /project/bdoiron/dracoxu/rct-fsflow/08i_fsflow_timesliding_integrated.py --sid 20231123 --all_pairs --win 0.16 --step 0.02 --k 5 --ridge 0.01 --perms 500 --n_jobs 16 --band_start 0.12 --band_end 0.28 --out_tag win160_k5_perm500 --skip_if_exists
[info] sid=20231123 running 6 ordered pairs: [('SFEF', 'SLIP'), ('SFEF', 'SSC'), ('SLIP', 'SFEF'), ('SLIP', 'SSC'), ('SSC', 'SFEF'), ('SSC', 'SLIP')]
[done] 20231123 SFEF->SLIP integrated C=0.0537 (p=0.018), integrated R=0.0352 (p=0.0279)  -> results/session/20231123/win160_k5_perm500/flow_timeseriesINT_SFEFtoSLIP.npz
[done] 20231123 SFEF->SSC integrated C=0.0073 (p=0.23), integrated R=0.0363 (p=0.00798)  -> results/session/20231123/win160_k5_perm500/flow_timeseriesINT_SFEFtoSSC.npz
[done] 20231123 SLIP->SFEF integrated C=0.0386 (p=0.184), integrated R=0.0241 (p=0.567)  -> results/session/20231123/win160_k5_perm500/flow_timeseriesINT_SLIPtoSFEF.npz
[done] 20231123 SLIP->SSC integrated C=0.0104 (p=0.405), integrated R=0.0413 (p=0.002)  -> results/session/20231123/win160_k5_perm500/flow_timeseriesINT_SLIPtoSSC.npz
[done] 20231123 SSC->SFEF integrated C=0.0060 (p=0.341), integrated R=0.0279 (p=0.0739)  -> results/session/20231123/win160_k5_perm500/flow_timeseriesINT_SSCtoSFEF.npz
[done] 20231123 SSC->SLIP integrated C=0.0105 (p=0.75), integrated R=0.0510 (p=0.002)  -> results/session/20231123/win160_k5_perm500/flow_timeseriesINT_SSCtoSLIP.npz
