[info] SLURM_ARRAY_TASK_ID=8
[info] CPUs per task = 16
[info] Hostname = midway3-0456.rcc.local
[info] Running sid=20201204 (array idx 8)
[cmd] /project/bdoiron/dracoxu/rct-fsflow/runtime/venv/bin/python /project/bdoiron/dracoxu/rct-fsflow/03_cache_binned.py --root RCT --session 20201204 --bin 0.01 --t0 -0.25 --t1 0.8 --targets_vert_only --reuse_cache
[skip] reuse cache 20201204_MFEF.npz (bin=0.01, window=[-0.25, 0.8], vert=True)
[skip] reuse cache 20201204_MLIP.npz (bin=0.01, window=[-0.25, 0.8], vert=True)
[skip] reuse cache 20201204_MSC.npz (bin=0.01, window=[-0.25, 0.8], vert=True)
[done]
[cmd] /project/bdoiron/dracoxu/rct-fsflow/runtime/venv/bin/python /project/bdoiron/dracoxu/rct-fsflow/04_build_axes.py --sid 20201204 --trainC_start 0.1 --trainC_end 0.3 --trainR_start 0.05 --trainR_end 0.2 --C_dim 1 --R_dim 2 --out_tag win160_k5_perm500 --skip_if_exists
[skip] axes already exist → results/session/20201204/win160_k5_perm500/axes_MFEF.npz
[skip] axes already exist → results/session/20201204/win160_k5_perm500/axes_MLIP.npz
[skip] axes already exist → results/session/20201204/win160_k5_perm500/axes_MSC.npz
[cmd] /project/bdoiron/dracoxu/rct-fsflow/runtime/venv/bin/python /project/bdoiron/dracoxu/rct-fsflow/08i_fsflow_timesliding_integrated.py --sid 20201204 --all_pairs --win 0.16 --step 0.02 --k 5 --ridge 0.01 --perms 500 --n_jobs 16 --band_start 0.12 --band_end 0.28 --out_tag win160_k5_perm500 --skip_if_exists
[info] sid=20201204 running 6 ordered pairs: [('MFEF', 'MLIP'), ('MFEF', 'MSC'), ('MLIP', 'MFEF'), ('MLIP', 'MSC'), ('MSC', 'MFEF'), ('MSC', 'MLIP')]
[done] 20201204 MFEF->MLIP integrated C=0.0076 (p=0.986), integrated R=0.0603 (p=0.00998)  -> results/session/20201204/win160_k5_perm500/flow_timeseriesINT_MFEFtoMLIP.npz
[done] 20201204 MFEF->MSC integrated C=0.0905 (p=0.583), integrated R=0.0496 (p=0.00599)  -> results/session/20201204/win160_k5_perm500/flow_timeseriesINT_MFEFtoMSC.npz
[done] 20201204 MLIP->MFEF integrated C=0.0092 (p=0.627), integrated R=0.0704 (p=0.0399)  -> results/session/20201204/win160_k5_perm500/flow_timeseriesINT_MLIPtoMFEF.npz
[done] 20201204 MLIP->MSC integrated C=0.0161 (p=0.423), integrated R=0.0473 (p=0.0778)  -> results/session/20201204/win160_k5_perm500/flow_timeseriesINT_MLIPtoMSC.npz
[done] 20201204 MSC->MFEF integrated C=0.0228 (p=0.697), integrated R=0.0269 (p=0.828)  -> results/session/20201204/win160_k5_perm500/flow_timeseriesINT_MSCtoMFEF.npz
[done] 20201204 MSC->MLIP integrated C=0.0075 (p=0.727), integrated R=0.0415 (p=0.134)  -> results/session/20201204/win160_k5_perm500/flow_timeseriesINT_MSCtoMLIP.npz
