[info] SLURM_ARRAY_TASK_ID=9
[info] CPUs per task = 16
[info] Hostname = midway3-0456.rcc.local
[info] Running sid=20201211 (array idx 9)
[cmd] /project/bdoiron/dracoxu/rct-fsflow/runtime/venv/bin/python /project/bdoiron/dracoxu/rct-fsflow/03_cache_binned.py --root RCT --session 20201211 --bin 0.01 --t0 -0.25 --t1 0.8 --targets_vert_only --reuse_cache
[skip] reuse cache 20201211_MFEF.npz (bin=0.01, window=[-0.25, 0.8], vert=True)
[skip] reuse cache 20201211_MLIP.npz (bin=0.01, window=[-0.25, 0.8], vert=True)
[skip] reuse cache 20201211_MSC.npz (bin=0.01, window=[-0.25, 0.8], vert=True)
[done]
[cmd] /project/bdoiron/dracoxu/rct-fsflow/runtime/venv/bin/python /project/bdoiron/dracoxu/rct-fsflow/04_build_axes.py --sid 20201211 --trainC_start 0.1 --trainC_end 0.3 --trainR_start 0.05 --trainR_end 0.2 --C_dim 1 --R_dim 2 --out_tag win160_k5_perm500 --skip_if_exists
[skip] axes already exist → results/session/20201211/win160_k5_perm500/axes_MFEF.npz
[skip] axes already exist → results/session/20201211/win160_k5_perm500/axes_MLIP.npz
[skip] axes already exist → results/session/20201211/win160_k5_perm500/axes_MSC.npz
[cmd] /project/bdoiron/dracoxu/rct-fsflow/runtime/venv/bin/python /project/bdoiron/dracoxu/rct-fsflow/08i_fsflow_timesliding_integrated.py --sid 20201211 --all_pairs --win 0.16 --step 0.02 --k 5 --ridge 0.01 --perms 500 --n_jobs 16 --band_start 0.12 --band_end 0.28 --out_tag win160_k5_perm500 --skip_if_exists
[info] sid=20201211 running 6 ordered pairs: [('MFEF', 'MLIP'), ('MFEF', 'MSC'), ('MLIP', 'MFEF'), ('MLIP', 'MSC'), ('MSC', 'MFEF'), ('MSC', 'MLIP')]
[done] 20201211 MFEF->MLIP integrated C=0.0415 (p=0.0439), integrated R=0.0500 (p=0.281)  -> results/session/20201211/win160_k5_perm500/flow_timeseriesINT_MFEFtoMLIP.npz
[done] 20201211 MFEF->MSC integrated C=0.3215 (p=0.02), integrated R=0.0547 (p=0.014)  -> results/session/20201211/win160_k5_perm500/flow_timeseriesINT_MFEFtoMSC.npz
[done] 20201211 MLIP->MFEF integrated C=0.0236 (p=0.224), integrated R=0.0563 (p=0.13)  -> results/session/20201211/win160_k5_perm500/flow_timeseriesINT_MLIPtoMFEF.npz
[done] 20201211 MLIP->MSC integrated C=0.0282 (p=0.0439), integrated R=0.0508 (p=0.0719)  -> results/session/20201211/win160_k5_perm500/flow_timeseriesINT_MLIPtoMSC.npz
[done] 20201211 MSC->MFEF integrated C=0.1477 (p=0.132), integrated R=0.0710 (p=0.002)  -> results/session/20201211/win160_k5_perm500/flow_timeseriesINT_MSCtoMFEF.npz
[done] 20201211 MSC->MLIP integrated C=0.0229 (p=0.255), integrated R=0.0675 (p=0.00399)  -> results/session/20201211/win160_k5_perm500/flow_timeseriesINT_MSCtoMLIP.npz
