[info] SLURM_ARRAY_TASK_ID=5
[info] CPUs per task = 16
[info] Hostname = midway3-0456.rcc.local
[info] Running sid=20200929 (array idx 5)
[cmd] /project/bdoiron/dracoxu/rct-fsflow/runtime/venv/bin/python /project/bdoiron/dracoxu/rct-fsflow/03_cache_binned.py --root RCT --session 20200929 --bin 0.01 --t0 -0.25 --t1 0.8 --targets_vert_only --reuse_cache
[skip] reuse cache 20200929_MFEF.npz (bin=0.01, window=[-0.25, 0.8], vert=True)
[skip] reuse cache 20200929_MLIP.npz (bin=0.01, window=[-0.25, 0.8], vert=True)
[skip] reuse cache 20200929_MSC.npz (bin=0.01, window=[-0.25, 0.8], vert=True)
[done]
[cmd] /project/bdoiron/dracoxu/rct-fsflow/runtime/venv/bin/python /project/bdoiron/dracoxu/rct-fsflow/04_build_axes.py --sid 20200929 --trainC_start 0.1 --trainC_end 0.3 --trainR_start 0.05 --trainR_end 0.2 --C_dim 1 --R_dim 2 --out_tag win160_k5_perm500 --skip_if_exists
[skip] axes already exist → results/session/20200929/win160_k5_perm500/axes_MFEF.npz
[skip] axes already exist → results/session/20200929/win160_k5_perm500/axes_MLIP.npz
[skip] axes already exist → results/session/20200929/win160_k5_perm500/axes_MSC.npz
[cmd] /project/bdoiron/dracoxu/rct-fsflow/runtime/venv/bin/python /project/bdoiron/dracoxu/rct-fsflow/08i_fsflow_timesliding_integrated.py --sid 20200929 --all_pairs --win 0.16 --step 0.02 --k 5 --ridge 0.01 --perms 500 --n_jobs 16 --band_start 0.12 --band_end 0.28 --out_tag win160_k5_perm500 --skip_if_exists
[info] sid=20200929 running 6 ordered pairs: [('MFEF', 'MLIP'), ('MFEF', 'MSC'), ('MLIP', 'MFEF'), ('MLIP', 'MSC'), ('MSC', 'MFEF'), ('MSC', 'MLIP')]
[done] 20200929 MFEF->MLIP integrated C=0.1107 (p=0.002), integrated R=0.0494 (p=0.00798)  -> results/session/20200929/win160_k5_perm500/flow_timeseriesINT_MFEFtoMLIP.npz
[done] 20200929 MFEF->MSC integrated C=0.0239 (p=0.014), integrated R=0.0399 (p=0.453)  -> results/session/20200929/win160_k5_perm500/flow_timeseriesINT_MFEFtoMSC.npz
[done] 20200929 MLIP->MFEF integrated C=0.0646 (p=0.012), integrated R=0.0311 (p=0.651)  -> results/session/20200929/win160_k5_perm500/flow_timeseriesINT_MLIPtoMFEF.npz
[done] 20200929 MLIP->MSC integrated C=0.0265 (p=0.002), integrated R=0.0359 (p=0.19)  -> results/session/20200929/win160_k5_perm500/flow_timeseriesINT_MLIPtoMSC.npz
[done] 20200929 MSC->MFEF integrated C=0.0083 (p=0.575), integrated R=0.0392 (p=0.455)  -> results/session/20200929/win160_k5_perm500/flow_timeseriesINT_MSCtoMFEF.npz
[done] 20200929 MSC->MLIP integrated C=0.0151 (p=0.234), integrated R=0.0464 (p=0.022)  -> results/session/20200929/win160_k5_perm500/flow_timeseriesINT_MSCtoMLIP.npz
