[info] Running sid=20201004 (array idx 7)
[cmd] /project/bdoiron/dracoxu/rct-fsflow/runtime/venv/bin/python /project/bdoiron/dracoxu/rct-fsflow/03_cache_binned.py --root RCT --session 20201004 --bin 0.01 --t0 -0.25 --t1 0.8 --targets_vert_only --reuse_cache
[skip] reuse cache 20201004_MFEF.npz (bin=0.01, window=[-0.25, 0.8], vert=True)
[skip] reuse cache 20201004_MLIP.npz (bin=0.01, window=[-0.25, 0.8], vert=True)
[skip] reuse cache 20201004_MSC.npz (bin=0.01, window=[-0.25, 0.8], vert=True)
[done]
[cmd] /project/bdoiron/dracoxu/rct-fsflow/runtime/venv/bin/python /project/bdoiron/dracoxu/rct-fsflow/04_build_axes.py --sid 20201004 --trainC_start 0.1 --trainC_end 0.3 --trainR_start 0.05 --trainR_end 0.2 --C_dim 1 --R_dim 2 --out_tag induced_k4_win016_p500 --skip_if_exists
[ok] axes(subspaces) saved → results/session/20201004/induced_k4_win016_p500/axes_MFEF.npz  ZC (437, 105, 1)  ZR (437, 105, 2)
[ok] axes(subspaces) saved → results/session/20201004/induced_k4_win016_p500/axes_MLIP.npz  ZC (437, 105, 1)  ZR (437, 105, 2)
[ok] axes(subspaces) saved → results/session/20201004/induced_k4_win016_p500/axes_MSC.npz  ZC (437, 105, 1)  ZR (437, 105, 2)
[cmd] /project/bdoiron/dracoxu/rct-fsflow/runtime/venv/bin/python /project/bdoiron/dracoxu/rct-fsflow/12_induced_fsflow_timesliding.py --sid 20201004 --all_pairs --win 0.16 --step 0.02 --k 4 --ridge 0.01 --perms 500 --n_jobs 16 --bandC_start 0.12 --bandC_end 0.28 --bandR_start 0.08 --bandR_end 0.2 --int_win 0.16 --evoked_sigma_ms 10.0 --out_tag induced_k4_win016_p500 --skip_if_exists --no_x0 --cond_b_only
[info] sid=20201004 running 6 ordered pairs: [('MFEF', 'MLIP'), ('MFEF', 'MSC'), ('MLIP', 'MFEF'), ('MLIP', 'MSC'), ('MSC', 'MFEF'), ('MSC', 'MLIP')]
[dbg] 20201004 MFEF->MLIP C: windows=45, NaN% obs=0.0 null=0.0
[dbg] 20201004 MFEF->MLIP R: windows=45, NaN% obs=0.0 null=0.0
[done] 20201004 MFEF->MLIP  saved RAW+INT → results/session/20201004/induced_k4_win016_p500
[dbg] 20201004 MFEF->MSC C: windows=45, NaN% obs=0.0 null=0.0
[dbg] 20201004 MFEF->MSC R: windows=45, NaN% obs=0.0 null=0.0
[done] 20201004 MFEF->MSC  saved RAW+INT → results/session/20201004/induced_k4_win016_p500
[dbg] 20201004 MLIP->MFEF C: windows=45, NaN% obs=0.0 null=0.0
[dbg] 20201004 MLIP->MFEF R: windows=45, NaN% obs=0.0 null=0.0
[done] 20201004 MLIP->MFEF  saved RAW+INT → results/session/20201004/induced_k4_win016_p500
[dbg] 20201004 MLIP->MSC C: windows=45, NaN% obs=0.0 null=0.0
[dbg] 20201004 MLIP->MSC R: windows=45, NaN% obs=0.0 null=0.0
[done] 20201004 MLIP->MSC  saved RAW+INT → results/session/20201004/induced_k4_win016_p500
[dbg] 20201004 MSC->MFEF C: windows=45, NaN% obs=0.0 null=0.0
[dbg] 20201004 MSC->MFEF R: windows=45, NaN% obs=0.0 null=0.0
[done] 20201004 MSC->MFEF  saved RAW+INT → results/session/20201004/induced_k4_win016_p500
[dbg] 20201004 MSC->MLIP C: windows=45, NaN% obs=0.0 null=0.0
[dbg] 20201004 MSC->MLIP R: windows=45, NaN% obs=0.0 null=0.0
[done] 20201004 MSC->MLIP  saved RAW+INT → results/session/20201004/induced_k4_win016_p500
