[info] SLURM_ARRAY_TASK_ID=18
[info] CPUs per task = 16
[info] Hostname = midway3-0456.rcc.local
[info] Running sid=20231109 (array idx 18)
[cmd] /project/bdoiron/dracoxu/rct-fsflow/runtime/venv/bin/python /project/bdoiron/dracoxu/rct-fsflow/03_cache_binned.py --root RCT --session 20231109 --bin 0.01 --t0 -0.25 --t1 0.8 --targets_vert_only --reuse_cache
[skip] reuse cache 20231109_SFEF.npz (bin=0.01, window=[-0.25, 0.8], vert=True)
[skip] reuse cache 20231109_SLIP.npz (bin=0.01, window=[-0.25, 0.8], vert=True)
[skip] reuse cache 20231109_SSC.npz (bin=0.01, window=[-0.25, 0.8], vert=True)
[done]
[cmd] /project/bdoiron/dracoxu/rct-fsflow/runtime/venv/bin/python /project/bdoiron/dracoxu/rct-fsflow/04_build_axes.py --sid 20231109 --trainC_start 0.1 --trainC_end 0.3 --trainR_start 0.05 --trainR_end 0.2 --C_dim 1 --R_dim 2 --out_tag win160_k5_perm500 --skip_if_exists
[skip] axes already exist → results/session/20231109/win160_k5_perm500/axes_SFEF.npz
[skip] axes already exist → results/session/20231109/win160_k5_perm500/axes_SLIP.npz
[skip] axes already exist → results/session/20231109/win160_k5_perm500/axes_SSC.npz
[cmd] /project/bdoiron/dracoxu/rct-fsflow/runtime/venv/bin/python /project/bdoiron/dracoxu/rct-fsflow/08i_fsflow_timesliding_integrated.py --sid 20231109 --all_pairs --win 0.16 --step 0.02 --k 5 --ridge 0.01 --perms 500 --n_jobs 16 --band_start 0.12 --band_end 0.28 --out_tag win160_k5_perm500 --skip_if_exists
[info] sid=20231109 running 6 ordered pairs: [('SFEF', 'SLIP'), ('SFEF', 'SSC'), ('SLIP', 'SFEF'), ('SLIP', 'SSC'), ('SSC', 'SFEF'), ('SSC', 'SLIP')]
[done] 20231109 SFEF->SLIP integrated C=0.0134 (p=0.852), integrated R=0.0223 (p=0.453)  -> results/session/20231109/win160_k5_perm500/flow_timeseriesINT_SFEFtoSLIP.npz
[done] 20231109 SFEF->SSC integrated C=0.0148 (p=0.0699), integrated R=0.0433 (p=0.002)  -> results/session/20231109/win160_k5_perm500/flow_timeseriesINT_SFEFtoSSC.npz
[done] 20231109 SLIP->SFEF integrated C=0.0157 (p=0.439), integrated R=0.0282 (p=0.0998)  -> results/session/20231109/win160_k5_perm500/flow_timeseriesINT_SLIPtoSFEF.npz
[done] 20231109 SLIP->SSC integrated C=0.0444 (p=0.014), integrated R=0.0426 (p=0.002)  -> results/session/20231109/win160_k5_perm500/flow_timeseriesINT_SLIPtoSSC.npz
[done] 20231109 SSC->SFEF integrated C=0.0151 (p=0.645), integrated R=0.0363 (p=0.016)  -> results/session/20231109/win160_k5_perm500/flow_timeseriesINT_SSCtoSFEF.npz
[done] 20231109 SSC->SLIP integrated C=0.1037 (p=0.0379), integrated R=0.0387 (p=0.00399)  -> results/session/20231109/win160_k5_perm500/flow_timeseriesINT_SSCtoSLIP.npz
