[info] SLURM_ARRAY_TASK_ID=4
[info] CPUs per task = 16
[info] Hostname = midway3-0456.rcc.local
[info] Running sid=20200926 (array idx 4)
[cmd] /project/bdoiron/dracoxu/rct-fsflow/runtime/venv/bin/python /project/bdoiron/dracoxu/rct-fsflow/03_cache_binned.py --root RCT --session 20200926 --bin 0.01 --t0 -0.25 --t1 0.8 --targets_vert_only --reuse_cache
[skip] reuse cache 20200926_MFEF.npz (bin=0.01, window=[-0.25, 0.8], vert=True)
[skip] reuse cache 20200926_MLIP.npz (bin=0.01, window=[-0.25, 0.8], vert=True)
[skip] reuse cache 20200926_MSC.npz (bin=0.01, window=[-0.25, 0.8], vert=True)
[done]
[cmd] /project/bdoiron/dracoxu/rct-fsflow/runtime/venv/bin/python /project/bdoiron/dracoxu/rct-fsflow/04_build_axes.py --sid 20200926 --trainC_start 0.1 --trainC_end 0.3 --trainR_start 0.05 --trainR_end 0.2 --C_dim 1 --R_dim 2 --out_tag win160_k5_perm500 --skip_if_exists
[skip] axes already exist → results/session/20200926/win160_k5_perm500/axes_MFEF.npz
[skip] axes already exist → results/session/20200926/win160_k5_perm500/axes_MLIP.npz
[skip] axes already exist → results/session/20200926/win160_k5_perm500/axes_MSC.npz
[cmd] /project/bdoiron/dracoxu/rct-fsflow/runtime/venv/bin/python /project/bdoiron/dracoxu/rct-fsflow/08i_fsflow_timesliding_integrated.py --sid 20200926 --all_pairs --win 0.16 --step 0.02 --k 5 --ridge 0.01 --perms 500 --n_jobs 16 --band_start 0.12 --band_end 0.28 --out_tag win160_k5_perm500 --skip_if_exists
[info] sid=20200926 running 6 ordered pairs: [('MFEF', 'MLIP'), ('MFEF', 'MSC'), ('MLIP', 'MFEF'), ('MLIP', 'MSC'), ('MSC', 'MFEF'), ('MSC', 'MLIP')]
[done] 20200926 MFEF->MLIP integrated C=0.3165 (p=0.012), integrated R=0.0425 (p=0.0439)  -> results/session/20200926/win160_k5_perm500/flow_timeseriesINT_MFEFtoMLIP.npz
[done] 20200926 MFEF->MSC integrated C=0.1844 (p=0.493), integrated R=0.0317 (p=0.15)  -> results/session/20200926/win160_k5_perm500/flow_timeseriesINT_MFEFtoMSC.npz
[done] 20200926 MLIP->MFEF integrated C=0.2119 (p=0.651), integrated R=0.0568 (p=0.00798)  -> results/session/20200926/win160_k5_perm500/flow_timeseriesINT_MLIPtoMFEF.npz
[done] 20200926 MLIP->MSC integrated C=0.1675 (p=0.371), integrated R=0.0276 (p=0.481)  -> results/session/20200926/win160_k5_perm500/flow_timeseriesINT_MLIPtoMSC.npz
[done] 20200926 MSC->MFEF integrated C=0.1280 (p=0.315), integrated R=0.0322 (p=0.17)  -> results/session/20200926/win160_k5_perm500/flow_timeseriesINT_MSCtoMFEF.npz
[done] 20200926 MSC->MLIP integrated C=0.1347 (p=0.924), integrated R=0.0316 (p=0.168)  -> results/session/20200926/win160_k5_perm500/flow_timeseriesINT_MSCtoMLIP.npz
