[info] SLURM_ARRAY_TASK_ID=21
[info] CPUs per task = 16
[info] Hostname = midway3-0456.rcc.local
[info] Running sid=20231130 (array idx 21)
[cmd] /project/bdoiron/dracoxu/rct-fsflow/runtime/venv/bin/python /project/bdoiron/dracoxu/rct-fsflow/03_cache_binned.py --root RCT --session 20231130 --bin 0.01 --t0 -0.25 --t1 0.8 --targets_vert_only --reuse_cache
[skip] reuse cache 20231130_SFEF.npz (bin=0.01, window=[-0.25, 0.8], vert=True)
[skip] reuse cache 20231130_SLIP.npz (bin=0.01, window=[-0.25, 0.8], vert=True)
[skip] reuse cache 20231130_SSC.npz (bin=0.01, window=[-0.25, 0.8], vert=True)
[done]
[cmd] /project/bdoiron/dracoxu/rct-fsflow/runtime/venv/bin/python /project/bdoiron/dracoxu/rct-fsflow/04_build_axes.py --sid 20231130 --trainC_start 0.1 --trainC_end 0.3 --trainR_start 0.05 --trainR_end 0.2 --C_dim 1 --R_dim 2 --out_tag win160_k5_perm500_integrated --skip_if_exists
[ok] axes(subspaces) saved → results/session/20231130/win160_k5_perm500_integrated/axes_SFEF.npz  ZC (727, 105, 1)  ZR (727, 105, 2)
[ok] axes(subspaces) saved → results/session/20231130/win160_k5_perm500_integrated/axes_SLIP.npz  ZC (727, 105, 1)  ZR (727, 105, 2)
[ok] axes(subspaces) saved → results/session/20231130/win160_k5_perm500_integrated/axes_SSC.npz  ZC (727, 105, 1)  ZR (727, 105, 2)
[cmd] /project/bdoiron/dracoxu/rct-fsflow/runtime/venv/bin/python /project/bdoiron/dracoxu/rct-fsflow/08i_fsflow_timesliding_integrated.py --sid 20231130 --all_pairs --win 0.16 --step 0.02 --k 5 --ridge 0.01 --perms 500 --n_jobs 16 --band_start 0.08 --band_end 0.28 --out_tag win160_k5_perm500_integrated --skip_if_exists --p_text_stride 4
[info] sid=20231130 running 6 ordered pairs: [('SFEF', 'SLIP'), ('SFEF', 'SSC'), ('SLIP', 'SFEF'), ('SLIP', 'SSC'), ('SSC', 'SFEF'), ('SSC', 'SLIP')]
[done] 20231130 SFEF->SLIP  RAW+INT saved -> results/session/20231130/win160_k5_perm500_integrated
[done] 20231130 SFEF->SSC  RAW+INT saved -> results/session/20231130/win160_k5_perm500_integrated
[done] 20231130 SLIP->SFEF  RAW+INT saved -> results/session/20231130/win160_k5_perm500_integrated
[done] 20231130 SLIP->SSC  RAW+INT saved -> results/session/20231130/win160_k5_perm500_integrated
[done] 20231130 SSC->SFEF  RAW+INT saved -> results/session/20231130/win160_k5_perm500_integrated
[done] 20231130 SSC->SLIP  RAW+INT saved -> results/session/20231130/win160_k5_perm500_integrated
