==============================================================
AXIS ALIGNMENT SUMMARY - ALL FOUR CASES
==============================================================

================================================================================
SUMMARY STATISTICS BY CASE
================================================================================

Case i: Sacc C&S, horizontal (correct-only)
  Sessions: 21
  Significant (p<0.05): 3 (14.3%)
  |cos(θ)| obs: 0.1019 ± 0.0747
  θ obs (deg): 84.1 ± 4.4
  |cos(θ)| null: 0.1766
  D_eff: 6.0
  p_orth median: 0.2937

Case ii: Sacc C&S, pooled (correct-only)
  Sessions: 22
  Significant (p<0.05): 3 (13.6%)
  |cos(θ)| obs: 0.1050 ± 0.0866
  θ obs (deg): 83.9 ± 5.0
  |cos(θ)| null: 0.2108
  D_eff: 5.0
  p_orth median: 0.2138

Case iii: Stim-C (vert) vs Sacc-S (horiz) (correct-only)
  Sessions: 21
  Significant (p<0.05): 0 (0.0%)
  |cos(θ)| obs: 0.4130 ± 0.2338
  θ obs (deg): 64.5 ± 15.9
  |cos(θ)| null: 0.1884
  D_eff: 6.9
  p_orth median: 0.9441

Case iv: Stim-C (pooled) vs Sacc-S (pooled) (correct-only)
  Sessions: 23
  Significant (p<0.05): 1 (4.3%)
  |cos(θ)| obs: 0.2018 ± 0.1332
  θ obs (deg): 78.2 ± 7.9
  |cos(θ)| null: 0.1812
  D_eff: 5.8
  p_orth median: 0.5504

Case i: Sacc C&S, horizontal (all-trials)
  Sessions: 21
  Significant (p<0.05): 2 (9.5%)
  |cos(θ)| obs: 0.0951 ± 0.0797
  θ obs (deg): 84.5 ± 4.6
  |cos(θ)| null: 0.1817
  D_eff: 5.7
  p_orth median: 0.2248

Case ii: Sacc C&S, pooled (all-trials)
  Sessions: 23
  Significant (p<0.05): 3 (13.0%)
  |cos(θ)| obs: 0.1187 ± 0.0877
  θ obs (deg): 83.2 ± 5.1
  |cos(θ)| null: 0.2201
  D_eff: 4.6
  p_orth median: 0.2927

Case iii: Stim-C (vert) vs Sacc-S (horiz) (all-trials)
  Sessions: 21
  Significant (p<0.05): 2 (9.5%)
  |cos(θ)| obs: 0.3511 ± 0.2331
  θ obs (deg): 68.6 ± 15.0
  |cos(θ)| null: 0.1782
  D_eff: 6.5
  p_orth median: 0.8821

Case iv: Stim-C (pooled) vs Sacc-S (pooled) (all-trials)
  Sessions: 23
  Significant (p<0.05): 3 (13.0%)
  |cos(θ)| obs: 0.1894 ± 0.1439
  θ obs (deg): 78.9 ± 8.6
  |cos(θ)| null: 0.1671
  D_eff: 5.2
  p_orth median: 0.5564

[saved] /project/bdoiron/dracoxu/rct-fsflow/paper_project_final/out/axis_alignment_all_cases_summary.csv
[saved] /project/bdoiron/dracoxu/rct-fsflow/paper_project_final/out_nofilter/axis_alignment_all_cases_summary.csv

================================================================================
GENERATING COMPREHENSIVE FIGURES
================================================================================
[ok] Saved plots to /project/bdoiron/dracoxu/rct-fsflow/paper_project_final/out/sacc/summary/alignment_case_i_correctonly/figs
[ok] Saved plots to /project/bdoiron/dracoxu/rct-fsflow/paper_project_final/out/sacc/summary/alignment_case_ii_correctonly/figs
[ok] Saved plots to /project/bdoiron/dracoxu/rct-fsflow/paper_project_final/out/cross_alignment/summary/case_iii_correctonly/figs
[ok] Saved plots to /project/bdoiron/dracoxu/rct-fsflow/paper_project_final/out/cross_alignment/summary/case_iv_correctonly/figs
[ok] Saved plots to /project/bdoiron/dracoxu/rct-fsflow/paper_project_final/out_nofilter/sacc/summary/alignment_case_i_alltrials/figs
[ok] Saved plots to /project/bdoiron/dracoxu/rct-fsflow/paper_project_final/out_nofilter/sacc/summary/alignment_case_ii_alltrials/figs
[ok] Saved plots to /project/bdoiron/dracoxu/rct-fsflow/paper_project_final/out_nofilter/cross_alignment/summary/case_iii_alltrials/figs
[ok] Saved plots to /project/bdoiron/dracoxu/rct-fsflow/paper_project_final/out_nofilter/cross_alignment/summary/case_iv_alltrials/figs

[generating combined comparison figures...]
[saved] /project/bdoiron/dracoxu/rct-fsflow/paper_project_final/out/axis_alignment_all_cases_figs/four_cases_summary_correctonly.pdf
[saved] /project/bdoiron/dracoxu/rct-fsflow/paper_project_final/out/axis_alignment_all_cases_figs/four_cases_summary_alltrials.pdf

================================================================================
DONE
================================================================================
[done] Summary complete
