==============================================================
AXIS ALIGNMENT ANALYSIS - Session 20200929 (task 6)
==============================================================

[info] Running alignment analysis for 20200929
       Mode: both (AI + axis_shuffle)
       n_perms: 1000

======================================================================
CATEGORY-SACCADE SUBSPACE ALIGNMENT ANALYSIS
======================================================================
[info] Processing 1 session(s)
[info] Mode: both
[info] out_root: /project/bdoiron/dracoxu/rct-fsflow/paper_project_final/out
[info] n_perms: 1000

[Analysis A] Alignment Index + Covariance-Matched Null
             Category window: [-0.3, -0.1]
             Saccade window: [-0.1, -0.03]
             Subspace dim k: 6
             Tests: 'less aligned than chance' (orthogonality)

[Analysis B] Axis Angle + Label-Shuffle Null
             Axes tag: axes_peakbin_saccCS-sacc-horizontal-20mssw
             Tests: 'more aligned than chance' (label-specific)

============================================================
[20200929] Processing...

  [Analysis A] Alignment Index...
  [AI] Building condition-averaged matrices...
       Category window: (-0.3, -0.1)
       Saccade window: (-0.1, -0.03)
       D_C shape: (76, 38), D_S shape: (76, 16)
       Category subspace: (76, 6), var_explained=0.770
       Saccade subspace: (76, 6), var_explained=0.981
  [AI] Observed AI = 0.3324
       Principal angles (deg): [39.59118343 58.76335591 75.10014945 81.22764007 84.76304246 89.62917301]
       Mean angle: 71.5°, Overlap: 0.1601
  [null] Manifold dim: 26 (from 54 total)
         Expected random overlap (isotropic): ~0.231
  [null] Running 1000 covariance-matched null samples...
    [200/1000] null_AI_mean=0.5249
    [400/1000] null_AI_mean=0.5216
    [600/1000] null_AI_mean=0.5205
    [800/1000] null_AI_mean=0.5210
    [1000/1000] null_AI_mean=0.5212
  [result] AI_obs=0.3324, null_mean=0.5212±0.0742
           Δ_AI=-0.1888
           p(less aligned)=0.0080, p(more aligned)=0.9930
