==============================================================
AXIS ALIGNMENT ANALYSIS - ALL FOUR CASES
Session: 20231121 (task 20)
Filter mode: both
==============================================================

==============================================================
CORRECT-ONLY TRIALS (out/)
==============================================================

------------------------------------------------------------
[Case i] Sacc-aligned C & S, horizontal trials (correct-only)
  Axes: axes_peakbin_saccCS-sacc-horizontal-20mssw
  Orientation: horizontal
  OUT_ROOT: /project/bdoiron/dracoxu/rct-fsflow/paper_project_final/out
  Covariance windows (SACC-aligned): C=[-0.20, 0.05], S=[-0.20, 0.05]
------------------------------------------------------------
======================================================================
CATEGORY-SACCADE SUBSPACE ALIGNMENT ANALYSIS
======================================================================
[info] Processing 1 session(s)
[info] Mode: axis_cov
[info] out_root: /project/bdoiron/dracoxu/rct-fsflow/paper_project_final/out
[info] n_perms: 1000

[Analysis C] Axis Angle + Covariance-Constrained Null (DAVE'S QUESTION)
             Axes tag: axes_peakbin_saccCS-sacc-horizontal-20mssw
             Uses trained sC and sS_raw axes
             Tests: 'less aligned than geometry-constrained chance'

============================================================
[20231121] Processing...

  [Analysis C] Axis angle + covariance-constrained null...
  [axis-cov] Observed: |cos(θ)|=0.2329, θ=76.5°
  [null] D_C shape: (61, 52), D_S shape: (61, 52)
  [null] D_combined shape: (61, 104)
  [null] Manifold dim: 40, D_eff=7.2
         Expected |cos(θ)| ≈ 0.374 (angle ≈ 68.1°)
  [null] Running 1000 covariance-constrained null samples...
    [200/1000] null_mean=0.3385
    [400/1000] null_mean=0.3385
    [600/1000] null_mean=0.3308
    [800/1000] null_mean=0.3299
    [1000/1000] null_mean=0.3359
  [result] a_obs=0.2329, null_mean=0.3359±0.2131
           Δ=-0.1030, z=-0.48
           θ_obs=76.5°, θ_null=69.7°
           p(more orthogonal)=0.3836, p(more aligned)=0.6174
  [saved] /project/bdoiron/dracoxu/rct-fsflow/paper_project_final/out/sacc/alignment/case_i_correctonly/axis_cov_20231121.json

======================================================================
[done] Per-session results saved to /project/bdoiron/dracoxu/rct-fsflow/paper_project_final/out/sacc/alignment/case_i_correctonly
======================================================================
[done] Case i → /project/bdoiron/dracoxu/rct-fsflow/paper_project_final/out/sacc/alignment/case_i_correctonly/

------------------------------------------------------------
[Case ii] Sacc-aligned C & S, pooled trials (correct-only)
  Axes: axes_peakbin_saccCS-sacc-pooled-20mssw
  Orientation: pooled
  OUT_ROOT: /project/bdoiron/dracoxu/rct-fsflow/paper_project_final/out
  Covariance windows (SACC-aligned): C=[-0.20, 0.05], S=[-0.20, 0.05]
------------------------------------------------------------
======================================================================
CATEGORY-SACCADE SUBSPACE ALIGNMENT ANALYSIS
======================================================================
[info] Processing 1 session(s)
[info] Mode: axis_cov
[info] out_root: /project/bdoiron/dracoxu/rct-fsflow/paper_project_final/out
[info] n_perms: 1000

[Analysis C] Axis Angle + Covariance-Constrained Null (DAVE'S QUESTION)
             Axes tag: axes_peakbin_saccCS-sacc-pooled-20mssw
             Uses trained sC and sS_raw axes
             Tests: 'less aligned than geometry-constrained chance'

============================================================
[20231121] Processing...

  [Analysis C] Axis angle + covariance-constrained null...
  [axis-cov] Observed: |cos(θ)|=0.0637, θ=86.3°
  [null] D_C shape: (61, 52), D_S shape: (61, 52)
  [null] D_combined shape: (61, 104)
  [null] Manifold dim: 35, D_eff=4.3
         Expected |cos(θ)| ≈ 0.481 (angle ≈ 61.3°)
  [null] Running 1000 covariance-constrained null samples...
    [200/1000] null_mean=0.3966
    [400/1000] null_mean=0.3896
    [600/1000] null_mean=0.3904
    [800/1000] null_mean=0.3866
    [1000/1000] null_mean=0.3858
  [result] a_obs=0.0637, null_mean=0.3858±0.2270
           Δ=-0.3221, z=-1.42
           θ_obs=86.3°, θ_null=66.4°
           p(more orthogonal)=0.0869, p(more aligned)=0.9141
  [saved] /project/bdoiron/dracoxu/rct-fsflow/paper_project_final/out/sacc/alignment/case_ii_correctonly/axis_cov_20231121.json

======================================================================
[done] Per-session results saved to /project/bdoiron/dracoxu/rct-fsflow/paper_project_final/out/sacc/alignment/case_ii_correctonly
======================================================================
[done] Case ii → /project/bdoiron/dracoxu/rct-fsflow/paper_project_final/out/sacc/alignment/case_ii_correctonly/

------------------------------------------------------------
[Case iii] Stim-C (vertical) vs Sacc-S (horizontal) (correct-only)
  C axes: stim/axes_peakbin_stimC-stim-vertical-20mssw (orientation: vertical)
  S axes: sacc/axes_peakbin_saccCS-sacc-horizontal-20mssw (orientation: horizontal)
  OUT_ROOT: /project/bdoiron/dracoxu/rct-fsflow/paper_project_final/out
  Covariance windows: C(stim)=[0.00, 0.50], S(sacc)=[-0.20, 0.05]
  Null mode: s_epoch (fixed-axis null using S-epoch geometry)
------------------------------------------------------------
======================================================================
CROSS-ALIGNMENT AXIS ANALYSIS
======================================================================
[info] Processing 1 session(s)
[info] C: stim/axes_peakbin_stimC-stim-vertical-20mssw (vertical)
[info] S: sacc/axes_peakbin_saccCS-sacc-horizontal-20mssw (horizontal)
[info] win_C: [0.0, 0.5], win_S: [-0.2, 0.05]
[info] Null mode: s_epoch
[info] Use rich conditions: False

============================================================
[20231121] Processing cross-alignment...
  [preprocess] Applying sliding window to both caches for observed geometry...
               20.0ms window, 10.0ms step
               C (stim): 2 bins, step 1
               S (sacc): 4 bins, step 2
  [cross] Building geometry from both epochs (Z-scored, SW-transformed)...
          C epoch: stim, window=(0.0, 0.5), trials=441
          S epoch: sacc, window=(-0.2, 0.05), trials=308
          D_C shape: (61, 102), D_S shape: (61, 52)
  [cross] Observed: |cos(θ)|=0.0227, θ=88.7°
  [null] Mode: s_epoch
         Building S-epoch geometry with both C and S conditions...
         Using SAME SW-transformed S cache as observed geometry
         D_S_combined shape: (61, 104)
         Using S-epoch geometry (fixed-axis null, z-scored, sliding window)
  [null] Manifold dim: 40, D_eff=7.2
         Expected |cos(θ)| ≈ 0.298 (angle ≈ 72.6°)
  [null] Running 1000 covariance-constrained null samples...
    [200/1000] null_mean=0.1725
    [400/1000] null_mean=0.1789
    [600/1000] null_mean=0.1729
    [800/1000] null_mean=0.1718
    [1000/1000] null_mean=0.1732
  [result] a_obs=0.0227, null_mean=0.1732±0.1126
           Δ=-0.1505, z=-1.34
           θ_obs=88.7°, θ_null=80.0°
           p(more orthogonal)=0.0829, p(more aligned)=0.9181
  [saved] /project/bdoiron/dracoxu/rct-fsflow/paper_project_final/out/cross_alignment/case_iii_correctonly/cross_case_iii_correctonly_20231121.json

======================================================================
[done] Results saved to /project/bdoiron/dracoxu/rct-fsflow/paper_project_final/out/cross_alignment/case_iii_correctonly
======================================================================
[done] Case iii → /project/bdoiron/dracoxu/rct-fsflow/paper_project_final/out/cross_alignment/case_iii_correctonly/

------------------------------------------------------------
[Case iv] Stim-C (pooled) vs Sacc-S (pooled) (correct-only)
  C axes: stim/axes_peakbin_stimC-stim-pooled-20mssw (orientation: pooled)
  S axes: sacc/axes_peakbin_saccCS-sacc-pooled-20mssw (orientation: pooled)
  OUT_ROOT: /project/bdoiron/dracoxu/rct-fsflow/paper_project_final/out
  Covariance windows: C(stim)=[0.00, 0.50], S(sacc)=[-0.20, 0.05]
  Null mode: s_epoch (fixed-axis null using S-epoch geometry)
------------------------------------------------------------
======================================================================
CROSS-ALIGNMENT AXIS ANALYSIS
======================================================================
[info] Processing 1 session(s)
[info] C: stim/axes_peakbin_stimC-stim-pooled-20mssw (pooled)
[info] S: sacc/axes_peakbin_saccCS-sacc-pooled-20mssw (pooled)
[info] win_C: [0.0, 0.5], win_S: [-0.2, 0.05]
[info] Null mode: s_epoch
[info] Use rich conditions: False

============================================================
[20231121] Processing cross-alignment...
  [preprocess] Applying sliding window to both caches for observed geometry...
               20.0ms window, 10.0ms step
               C (stim): 2 bins, step 1
               S (sacc): 4 bins, step 2
  [cross] Building geometry from both epochs (Z-scored, SW-transformed)...
          C epoch: stim, window=(0.0, 0.5), trials=749
          S epoch: sacc, window=(-0.2, 0.05), trials=749
          D_C shape: (61, 102), D_S shape: (61, 52)
  [cross] Observed: |cos(θ)|=0.0320, θ=88.2°
  [null] Mode: s_epoch
         Building S-epoch geometry with both C and S conditions...
         Using SAME SW-transformed S cache as observed geometry
         D_S_combined shape: (61, 104)
         Using S-epoch geometry (fixed-axis null, z-scored, sliding window)
  [null] Manifold dim: 35, D_eff=4.3
         Expected |cos(θ)| ≈ 0.384 (angle ≈ 67.4°)
  [null] Running 1000 covariance-constrained null samples...
    [200/1000] null_mean=0.3858
    [400/1000] null_mean=0.3729
    [600/1000] null_mean=0.3791
    [800/1000] null_mean=0.3761
    [1000/1000] null_mean=0.3758
  [result] a_obs=0.0320, null_mean=0.3758±0.2207
           Δ=-0.3438, z=-1.56
           θ_obs=88.2°, θ_null=67.1°
           p(more orthogonal)=0.0440, p(more aligned)=0.9570
  [**] SIGNIFICANT: Cross-alignment C-S is LOWER than geometry-constrained chance!
  [saved] /project/bdoiron/dracoxu/rct-fsflow/paper_project_final/out/cross_alignment/case_iv_correctonly/cross_case_iv_correctonly_20231121.json

======================================================================
[done] Results saved to /project/bdoiron/dracoxu/rct-fsflow/paper_project_final/out/cross_alignment/case_iv_correctonly
======================================================================
[done] Case iv → /project/bdoiron/dracoxu/rct-fsflow/paper_project_final/out/cross_alignment/case_iv_correctonly/

------------------------------------------------------------
[Case v] Stim-C (horizontal) vs Sacc-S (horizontal) (correct-only)
  C axes: stim/axes_peakbin_stimC-stim-horizontal-20mssw (orientation: horizontal)
  S axes: sacc/axes_peakbin_saccCS-sacc-horizontal-20mssw (orientation: horizontal)
  OUT_ROOT: /project/bdoiron/dracoxu/rct-fsflow/paper_project_final/out
  Covariance windows: C(stim)=[0.00, 0.50], S(sacc)=[-0.20, 0.05]
  Null mode: s_epoch (fixed-axis null using S-epoch geometry)
------------------------------------------------------------
======================================================================
CROSS-ALIGNMENT AXIS ANALYSIS
======================================================================
[info] Processing 1 session(s)
[info] C: stim/axes_peakbin_stimC-stim-horizontal-20mssw (horizontal)
[info] S: sacc/axes_peakbin_saccCS-sacc-horizontal-20mssw (horizontal)
[info] win_C: [0.0, 0.5], win_S: [-0.2, 0.05]
[info] Null mode: s_epoch
[info] Use rich conditions: False

============================================================
[20231121] Processing cross-alignment...
  [preprocess] Applying sliding window to both caches for observed geometry...
               20.0ms window, 10.0ms step
               C (stim): 2 bins, step 1
               S (sacc): 4 bins, step 2
  [cross] Building geometry from both epochs (Z-scored, SW-transformed)...
          C epoch: stim, window=(0.0, 0.5), trials=308
          S epoch: sacc, window=(-0.2, 0.05), trials=308
          D_C shape: (61, 102), D_S shape: (61, 52)
  [cross] Observed: |cos(θ)|=0.1554, θ=81.1°
  [null] Mode: s_epoch
         Building S-epoch geometry with both C and S conditions...
         Using SAME SW-transformed S cache as observed geometry
         D_S_combined shape: (61, 104)
         Using S-epoch geometry (fixed-axis null, z-scored, sliding window)
  [null] Manifold dim: 40, D_eff=7.2
         Expected |cos(θ)| ≈ 0.298 (angle ≈ 72.6°)
  [null] Running 1000 covariance-constrained null samples...
    [200/1000] null_mean=0.3125
    [400/1000] null_mean=0.3126
    [600/1000] null_mean=0.3058
    [800/1000] null_mean=0.3053
    [1000/1000] null_mean=0.3075
  [result] a_obs=0.1554, null_mean=0.3075±0.1959
           Δ=-0.1521, z=-0.78
           θ_obs=81.1°, θ_null=71.6°
           p(more orthogonal)=0.2787, p(more aligned)=0.7223
  [saved] /project/bdoiron/dracoxu/rct-fsflow/paper_project_final/out/cross_alignment/case_v_correctonly/cross_case_v_correctonly_20231121.json

======================================================================
[done] Results saved to /project/bdoiron/dracoxu/rct-fsflow/paper_project_final/out/cross_alignment/case_v_correctonly
======================================================================
[done] Case v → /project/bdoiron/dracoxu/rct-fsflow/paper_project_final/out/cross_alignment/case_v_correctonly/

------------------------------------------------------------
[Case vi] Sacc-aligned C & S, vertical trials (correct-only)
  Axes: axes_peakbin_saccCS-sacc-vertical-20mssw
  Orientation: vertical
  OUT_ROOT: /project/bdoiron/dracoxu/rct-fsflow/paper_project_final/out
  Covariance windows (SACC-aligned): C=[-0.20, 0.05], S=[-0.20, 0.05]
------------------------------------------------------------
======================================================================
CATEGORY-SACCADE SUBSPACE ALIGNMENT ANALYSIS
======================================================================
[info] Processing 1 session(s)
[info] Mode: axis_cov
[info] out_root: /project/bdoiron/dracoxu/rct-fsflow/paper_project_final/out
[info] n_perms: 1000

[Analysis C] Axis Angle + Covariance-Constrained Null (DAVE'S QUESTION)
             Axes tag: axes_peakbin_saccCS-sacc-vertical-20mssw
             Uses trained sC and sS_raw axes
             Tests: 'less aligned than geometry-constrained chance'

============================================================
[20231121] Processing...

  [Analysis C] Axis angle + covariance-constrained null...
  [axis-cov] Observed: |cos(θ)|=0.0556, θ=86.8°
  [null] D_C shape: (61, 52), D_S shape: (61, 52)
  [null] D_combined shape: (61, 104)
  [null] Manifold dim: 36, D_eff=4.5
         Expected |cos(θ)| ≈ 0.473 (angle ≈ 61.8°)
  [null] Running 1000 covariance-constrained null samples...
    [200/1000] null_mean=0.3446
    [400/1000] null_mean=0.3688
    [600/1000] null_mean=0.3601
    [800/1000] null_mean=0.3626
    [1000/1000] null_mean=0.3665
  [result] a_obs=0.0556, null_mean=0.3665±0.2230
           Δ=-0.3109, z=-1.39
           θ_obs=86.8°, θ_null=67.7°
           p(more orthogonal)=0.0729, p(more aligned)=0.9281
  [saved] /project/bdoiron/dracoxu/rct-fsflow/paper_project_final/out/sacc/alignment/case_vi_correctonly/axis_cov_20231121.json

======================================================================
[done] Per-session results saved to /project/bdoiron/dracoxu/rct-fsflow/paper_project_final/out/sacc/alignment/case_vi_correctonly
======================================================================
[done] Case vi → /project/bdoiron/dracoxu/rct-fsflow/paper_project_final/out/sacc/alignment/case_vi_correctonly/

==============================================================
ALL TRIALS (out_nofilter/)
==============================================================

------------------------------------------------------------
[Case i] Sacc-aligned C & S, horizontal trials (all-trials)
  Axes: axes_peakbin_saccCS-sacc-horizontal-20mssw_nofilter
  Orientation: horizontal
  OUT_ROOT: /project/bdoiron/dracoxu/rct-fsflow/paper_project_final/out_nofilter
  Covariance windows (SACC-aligned): C=[-0.20, 0.05], S=[-0.20, 0.05]
------------------------------------------------------------
======================================================================
CATEGORY-SACCADE SUBSPACE ALIGNMENT ANALYSIS
======================================================================
[info] Processing 1 session(s)
[info] Mode: axis_cov
[info] out_root: /project/bdoiron/dracoxu/rct-fsflow/paper_project_final/out_nofilter
[info] n_perms: 1000

[Analysis C] Axis Angle + Covariance-Constrained Null (DAVE'S QUESTION)
             Axes tag: axes_peakbin_saccCS-sacc-horizontal-20mssw_nofilter
             Uses trained sC and sS_raw axes
             Tests: 'less aligned than geometry-constrained chance'

============================================================
[20231121] Processing...

  [Analysis C] Axis angle + covariance-constrained null...
  [axis-cov] Observed: |cos(θ)|=0.1617, θ=80.7°
  [null] D_C shape: (61, 52), D_S shape: (61, 52)
  [null] D_combined shape: (61, 104)
  [null] Manifold dim: 40, D_eff=6.7
         Expected |cos(θ)| ≈ 0.386 (angle ≈ 67.3°)
  [null] Running 1000 covariance-constrained null samples...
    [200/1000] null_mean=0.3063
    [400/1000] null_mean=0.3095
    [600/1000] null_mean=0.3004
    [800/1000] null_mean=0.3017
    [1000/1000] null_mean=0.3084
  [result] a_obs=0.1617, null_mean=0.3084±0.1941
           Δ=-0.1467, z=-0.76
           θ_obs=80.7°, θ_null=71.6°
           p(more orthogonal)=0.2787, p(more aligned)=0.7223
  [saved] /project/bdoiron/dracoxu/rct-fsflow/paper_project_final/out_nofilter/sacc/alignment/case_i_alltrials/axis_cov_20231121.json

======================================================================
[done] Per-session results saved to /project/bdoiron/dracoxu/rct-fsflow/paper_project_final/out_nofilter/sacc/alignment/case_i_alltrials
======================================================================
[done] Case i → /project/bdoiron/dracoxu/rct-fsflow/paper_project_final/out_nofilter/sacc/alignment/case_i_alltrials/

------------------------------------------------------------
[Case ii] Sacc-aligned C & S, pooled trials (all-trials)
  Axes: axes_peakbin_saccCS-sacc-pooled-20mssw_nofilter
  Orientation: pooled
  OUT_ROOT: /project/bdoiron/dracoxu/rct-fsflow/paper_project_final/out_nofilter
  Covariance windows (SACC-aligned): C=[-0.20, 0.05], S=[-0.20, 0.05]
------------------------------------------------------------
======================================================================
CATEGORY-SACCADE SUBSPACE ALIGNMENT ANALYSIS
======================================================================
[info] Processing 1 session(s)
[info] Mode: axis_cov
[info] out_root: /project/bdoiron/dracoxu/rct-fsflow/paper_project_final/out_nofilter
[info] n_perms: 1000

[Analysis C] Axis Angle + Covariance-Constrained Null (DAVE'S QUESTION)
             Axes tag: axes_peakbin_saccCS-sacc-pooled-20mssw_nofilter
             Uses trained sC and sS_raw axes
             Tests: 'less aligned than geometry-constrained chance'

============================================================
[20231121] Processing...

  [Analysis C] Axis angle + covariance-constrained null...
  [axis-cov] Observed: |cos(θ)|=0.0919, θ=84.7°
  [null] D_C shape: (61, 52), D_S shape: (61, 52)
  [null] D_combined shape: (61, 104)
  [null] Manifold dim: 35, D_eff=4.1
         Expected |cos(θ)| ≈ 0.496 (angle ≈ 60.3°)
  [null] Running 1000 covariance-constrained null samples...
    [200/1000] null_mean=0.3679
    [400/1000] null_mean=0.3602
    [600/1000] null_mean=0.3613
    [800/1000] null_mean=0.3585
    [1000/1000] null_mean=0.3576
  [result] a_obs=0.0919, null_mean=0.3576±0.2158
           Δ=-0.2657, z=-1.23
           θ_obs=84.7°, θ_null=68.3°
           p(more orthogonal)=0.1389, p(more aligned)=0.8621
  [saved] /project/bdoiron/dracoxu/rct-fsflow/paper_project_final/out_nofilter/sacc/alignment/case_ii_alltrials/axis_cov_20231121.json

======================================================================
[done] Per-session results saved to /project/bdoiron/dracoxu/rct-fsflow/paper_project_final/out_nofilter/sacc/alignment/case_ii_alltrials
======================================================================
[done] Case ii → /project/bdoiron/dracoxu/rct-fsflow/paper_project_final/out_nofilter/sacc/alignment/case_ii_alltrials/

------------------------------------------------------------
[Case iii] Stim-C (vertical) vs Sacc-S (horizontal) (all-trials)
  C axes: stim/axes_peakbin_stimC-stim-vertical-20mssw_nofilter (orientation: vertical)
  S axes: sacc/axes_peakbin_saccCS-sacc-horizontal-20mssw_nofilter (orientation: horizontal)
  OUT_ROOT: /project/bdoiron/dracoxu/rct-fsflow/paper_project_final/out_nofilter
  Covariance windows: C(stim)=[0.00, 0.50], S(sacc)=[-0.20, 0.05]
  Null mode: s_epoch (fixed-axis null using S-epoch geometry)
------------------------------------------------------------
======================================================================
CROSS-ALIGNMENT AXIS ANALYSIS
======================================================================
[info] Processing 1 session(s)
[info] C: stim/axes_peakbin_stimC-stim-vertical-20mssw_nofilter (vertical)
[info] S: sacc/axes_peakbin_saccCS-sacc-horizontal-20mssw_nofilter (horizontal)
[info] win_C: [0.0, 0.5], win_S: [-0.2, 0.05]
[info] Null mode: s_epoch
[info] Use rich conditions: False

============================================================
[20231121] Processing cross-alignment...
  [preprocess] Applying sliding window to both caches for observed geometry...
               20.0ms window, 10.0ms step
               C (stim): 2 bins, step 1
               S (sacc): 4 bins, step 2
  [cross] Building geometry from both epochs (Z-scored, SW-transformed)...
          C epoch: stim, window=(0.0, 0.5), trials=516
          S epoch: sacc, window=(-0.2, 0.05), trials=350
          D_C shape: (61, 102), D_S shape: (61, 52)
  [cross] Observed: |cos(θ)|=0.0561, θ=86.8°
  [null] Mode: s_epoch
         Building S-epoch geometry with both C and S conditions...
         Using SAME SW-transformed S cache as observed geometry
         D_S_combined shape: (61, 104)
         Using S-epoch geometry (fixed-axis null, z-scored, sliding window)
  [null] Manifold dim: 40, D_eff=6.7
         Expected |cos(θ)| ≈ 0.308 (angle ≈ 72.1°)
  [null] Running 1000 covariance-constrained null samples...
    [200/1000] null_mean=0.1779
    [400/1000] null_mean=0.1805
    [600/1000] null_mean=0.1759
    [800/1000] null_mean=0.1755
    [1000/1000] null_mean=0.1798
  [result] a_obs=0.0561, null_mean=0.1798±0.1109
           Δ=-0.1237, z=-1.12
           θ_obs=86.8°, θ_null=79.6°
           p(more orthogonal)=0.1738, p(more aligned)=0.8272
  [saved] /project/bdoiron/dracoxu/rct-fsflow/paper_project_final/out_nofilter/cross_alignment/case_iii_alltrials/cross_case_iii_alltrials_20231121.json

======================================================================
[done] Results saved to /project/bdoiron/dracoxu/rct-fsflow/paper_project_final/out_nofilter/cross_alignment/case_iii_alltrials
======================================================================
[done] Case iii → /project/bdoiron/dracoxu/rct-fsflow/paper_project_final/out_nofilter/cross_alignment/case_iii_alltrials/

------------------------------------------------------------
[Case iv] Stim-C (pooled) vs Sacc-S (pooled) (all-trials)
  C axes: stim/axes_peakbin_stimC-stim-pooled-20mssw_nofilter (orientation: pooled)
  S axes: sacc/axes_peakbin_saccCS-sacc-pooled-20mssw_nofilter (orientation: pooled)
  OUT_ROOT: /project/bdoiron/dracoxu/rct-fsflow/paper_project_final/out_nofilter
  Covariance windows: C(stim)=[0.00, 0.50], S(sacc)=[-0.20, 0.05]
  Null mode: s_epoch (fixed-axis null using S-epoch geometry)
------------------------------------------------------------
======================================================================
CROSS-ALIGNMENT AXIS ANALYSIS
======================================================================
[info] Processing 1 session(s)
[info] C: stim/axes_peakbin_stimC-stim-pooled-20mssw_nofilter (pooled)
[info] S: sacc/axes_peakbin_saccCS-sacc-pooled-20mssw_nofilter (pooled)
[info] win_C: [0.0, 0.5], win_S: [-0.2, 0.05]
[info] Null mode: s_epoch
[info] Use rich conditions: False

============================================================
[20231121] Processing cross-alignment...
  [preprocess] Applying sliding window to both caches for observed geometry...
               20.0ms window, 10.0ms step
               C (stim): 2 bins, step 1
               S (sacc): 4 bins, step 2
  [cross] Building geometry from both epochs (Z-scored, SW-transformed)...
          C epoch: stim, window=(0.0, 0.5), trials=866
          S epoch: sacc, window=(-0.2, 0.05), trials=866
          D_C shape: (61, 102), D_S shape: (61, 52)
  [cross] Observed: |cos(θ)|=0.1558, θ=81.0°
  [null] Mode: s_epoch
         Building S-epoch geometry with both C and S conditions...
         Using SAME SW-transformed S cache as observed geometry
         D_S_combined shape: (61, 104)
         Using S-epoch geometry (fixed-axis null, z-scored, sliding window)
  [null] Manifold dim: 35, D_eff=4.1
         Expected |cos(θ)| ≈ 0.395 (angle ≈ 66.7°)
  [null] Running 1000 covariance-constrained null samples...
    [200/1000] null_mean=0.3443
    [400/1000] null_mean=0.3331
    [600/1000] null_mean=0.3335
    [800/1000] null_mean=0.3326
    [1000/1000] null_mean=0.3317
  [result] a_obs=0.1558, null_mean=0.3317±0.2014
           Δ=-0.1759, z=-0.87
           θ_obs=81.0°, θ_null=70.1°
           p(more orthogonal)=0.2507, p(more aligned)=0.7502
  [saved] /project/bdoiron/dracoxu/rct-fsflow/paper_project_final/out_nofilter/cross_alignment/case_iv_alltrials/cross_case_iv_alltrials_20231121.json

======================================================================
[done] Results saved to /project/bdoiron/dracoxu/rct-fsflow/paper_project_final/out_nofilter/cross_alignment/case_iv_alltrials
======================================================================
[done] Case iv → /project/bdoiron/dracoxu/rct-fsflow/paper_project_final/out_nofilter/cross_alignment/case_iv_alltrials/

------------------------------------------------------------
[Case v] Stim-C (horizontal) vs Sacc-S (horizontal) (all-trials)
  C axes: stim/axes_peakbin_stimC-stim-horizontal-20mssw_nofilter (orientation: horizontal)
  S axes: sacc/axes_peakbin_saccCS-sacc-horizontal-20mssw_nofilter (orientation: horizontal)
  OUT_ROOT: /project/bdoiron/dracoxu/rct-fsflow/paper_project_final/out_nofilter
  Covariance windows: C(stim)=[0.00, 0.50], S(sacc)=[-0.20, 0.05]
  Null mode: s_epoch (fixed-axis null using S-epoch geometry)
------------------------------------------------------------
======================================================================
CROSS-ALIGNMENT AXIS ANALYSIS
======================================================================
[info] Processing 1 session(s)
[info] C: stim/axes_peakbin_stimC-stim-horizontal-20mssw_nofilter (horizontal)
[info] S: sacc/axes_peakbin_saccCS-sacc-horizontal-20mssw_nofilter (horizontal)
[info] win_C: [0.0, 0.5], win_S: [-0.2, 0.05]
[info] Null mode: s_epoch
[info] Use rich conditions: False

============================================================
[20231121] Processing cross-alignment...
  [preprocess] Applying sliding window to both caches for observed geometry...
               20.0ms window, 10.0ms step
               C (stim): 2 bins, step 1
               S (sacc): 4 bins, step 2
  [cross] Building geometry from both epochs (Z-scored, SW-transformed)...
          C epoch: stim, window=(0.0, 0.5), trials=350
          S epoch: sacc, window=(-0.2, 0.05), trials=350
          D_C shape: (61, 102), D_S shape: (61, 52)
  [cross] Observed: |cos(θ)|=0.0938, θ=84.6°
  [null] Mode: s_epoch
         Building S-epoch geometry with both C and S conditions...
         Using SAME SW-transformed S cache as observed geometry
         D_S_combined shape: (61, 104)
         Using S-epoch geometry (fixed-axis null, z-scored, sliding window)
  [null] Manifold dim: 40, D_eff=6.7
         Expected |cos(θ)| ≈ 0.308 (angle ≈ 72.1°)
  [null] Running 1000 covariance-constrained null samples...
    [200/1000] null_mean=0.3225
    [400/1000] null_mean=0.3228
    [600/1000] null_mean=0.3135
    [800/1000] null_mean=0.3144
    [1000/1000] null_mean=0.3193
  [result] a_obs=0.0938, null_mean=0.3193±0.2004
           Δ=-0.2255, z=-1.13
           θ_obs=84.6°, θ_null=70.9°
           p(more orthogonal)=0.1668, p(more aligned)=0.8342
  [saved] /project/bdoiron/dracoxu/rct-fsflow/paper_project_final/out_nofilter/cross_alignment/case_v_alltrials/cross_case_v_alltrials_20231121.json

======================================================================
[done] Results saved to /project/bdoiron/dracoxu/rct-fsflow/paper_project_final/out_nofilter/cross_alignment/case_v_alltrials
======================================================================
[done] Case v → /project/bdoiron/dracoxu/rct-fsflow/paper_project_final/out_nofilter/cross_alignment/case_v_alltrials/

------------------------------------------------------------
[Case vi] Sacc-aligned C & S, vertical trials (all-trials)
  Axes: axes_peakbin_saccCS-sacc-vertical-20mssw_nofilter
  Orientation: vertical
  OUT_ROOT: /project/bdoiron/dracoxu/rct-fsflow/paper_project_final/out_nofilter
  Covariance windows (SACC-aligned): C=[-0.20, 0.05], S=[-0.20, 0.05]
------------------------------------------------------------
======================================================================
CATEGORY-SACCADE SUBSPACE ALIGNMENT ANALYSIS
======================================================================
[info] Processing 1 session(s)
[info] Mode: axis_cov
[info] out_root: /project/bdoiron/dracoxu/rct-fsflow/paper_project_final/out_nofilter
[info] n_perms: 1000

[Analysis C] Axis Angle + Covariance-Constrained Null (DAVE'S QUESTION)
             Axes tag: axes_peakbin_saccCS-sacc-vertical-20mssw_nofilter
             Uses trained sC and sS_raw axes
             Tests: 'less aligned than geometry-constrained chance'

============================================================
[20231121] Processing...

  [Analysis C] Axis angle + covariance-constrained null...
  [axis-cov] Observed: |cos(θ)|=0.0252, θ=88.6°
  [null] D_C shape: (61, 52), D_S shape: (61, 52)
  [null] D_combined shape: (61, 104)
  [null] Manifold dim: 36, D_eff=4.2
         Expected |cos(θ)| ≈ 0.485 (angle ≈ 61.0°)
  [null] Running 1000 covariance-constrained null samples...
    [200/1000] null_mean=0.3248
    [400/1000] null_mean=0.3260
    [600/1000] null_mean=0.3160
    [800/1000] null_mean=0.3156
    [1000/1000] null_mean=0.3170
  [result] a_obs=0.0252, null_mean=0.3170±0.2021
           Δ=-0.2918, z=-1.44
           θ_obs=88.6°, θ_null=71.0°
           p(more orthogonal)=0.0500, p(more aligned)=0.9510
  [**] SIGNIFICANT: C-S alignment is LOWER than geometry-constrained chance!
  [saved] /project/bdoiron/dracoxu/rct-fsflow/paper_project_final/out_nofilter/sacc/alignment/case_vi_alltrials/axis_cov_20231121.json

======================================================================
[done] Per-session results saved to /project/bdoiron/dracoxu/rct-fsflow/paper_project_final/out_nofilter/sacc/alignment/case_vi_alltrials
======================================================================
[done] Case vi → /project/bdoiron/dracoxu/rct-fsflow/paper_project_final/out_nofilter/sacc/alignment/case_vi_alltrials/

==============================================================
[done] All cases complete for SID=20231121
==============================================================
