==============================================================
AXIS ALIGNMENT SUMMARY - ALL FOUR CASES
==============================================================

================================================================================
SUMMARY STATISTICS BY CASE
================================================================================

Case i: Sacc C&S, horizontal (correct-only)
  Sessions: 21
  Significant (p<0.05): 3 (14.3%)
  |cos(θ)| obs: 0.1019 ± 0.0747
  θ obs (deg): 84.1 ± 4.4
  |cos(θ)| null: 0.1885
  D_eff: 12.6
  p_orth median: 0.2887

Case ii: Sacc C&S, pooled (correct-only)
  Sessions: 22
  Significant (p<0.05): 1 (4.5%)
  |cos(θ)| obs: 0.1050 ± 0.0866
  θ obs (deg): 83.9 ± 5.0
  |cos(θ)| null: 0.1660
  D_eff: 13.1
  p_orth median: 0.3307

[WARN] No results found for case_iii_correctonly

[WARN] No results found for case_iv_correctonly

[WARN] No results found for case_i_alltrials

[WARN] No results found for case_ii_alltrials

[WARN] No results found for case_iii_alltrials

[WARN] No results found for case_iv_alltrials

[saved] /project/bdoiron/dracoxu/rct-fsflow/paper_project_final/out/axis_alignment_all_cases_summary.csv
[saved] /project/bdoiron/dracoxu/rct-fsflow/paper_project_final/out_nofilter/axis_alignment_all_cases_summary.csv

================================================================================
DONE
================================================================================
[done] Summary complete
