==============================================================
AXIS ALIGNMENT ANALYSIS - ALL FOUR CASES
Session: 20200328 (task 2)
Filter mode: both
==============================================================

==============================================================
CORRECT-ONLY TRIALS (out/)
==============================================================

------------------------------------------------------------
[Case i] Sacc-aligned C & S, horizontal trials (correct-only)
  Axes: axes_peakbin_saccCS-sacc-horizontal-20mssw
  Orientation: horizontal
  OUT_ROOT: /project/bdoiron/dracoxu/rct-fsflow/paper_project_final/out
------------------------------------------------------------
======================================================================
CATEGORY-SACCADE SUBSPACE ALIGNMENT ANALYSIS
======================================================================
[info] Processing 1 session(s)
[info] Mode: axis_cov
[info] out_root: /project/bdoiron/dracoxu/rct-fsflow/paper_project_final/out
[info] n_perms: 1000

[Analysis C] Axis Angle + Covariance-Constrained Null (DAVE'S QUESTION)
             Axes tag: axes_peakbin_saccCS-sacc-horizontal-20mssw
             Uses trained sC and sS_raw axes
             Tests: 'less aligned than geometry-constrained chance'

============================================================
[20200328] Processing...

  [Analysis C] Axis angle + covariance-constrained null...
  [axis-cov] Observed: |cos(θ)|=0.0918, θ=84.7°
  [null] Manifold dim: 45, D_eff=4.5
         Expected |cos(θ)| ≈ 0.474 (angle ≈ 61.7°)
  [null] Running 1000 covariance-constrained null samples...
    [200/1000] null_mean=0.1907
    [400/1000] null_mean=0.1953
    [600/1000] null_mean=0.1923
    [800/1000] null_mean=0.1931
    [1000/1000] null_mean=0.1945
  [result] a_obs=0.0918, null_mean=0.1945±0.1343
           Δ=-0.1027, z=-0.76
           θ_obs=84.7°, θ_null=78.6°
           p(more orthogonal)=0.2697, p(more aligned)=0.7313
  [saved] /project/bdoiron/dracoxu/rct-fsflow/paper_project_final/out/sacc/alignment/case_i_correctonly/axis_cov_20200328.json

======================================================================
[done] Per-session results saved to /project/bdoiron/dracoxu/rct-fsflow/paper_project_final/out/sacc/alignment/case_i_correctonly
======================================================================
[done] Case i → /project/bdoiron/dracoxu/rct-fsflow/paper_project_final/out/sacc/alignment/case_i_correctonly/

------------------------------------------------------------
[Case ii] Sacc-aligned C & S, pooled trials (correct-only)
  Axes: axes_peakbin_saccCS-sacc-pooled-20mssw
  Orientation: pooled
  OUT_ROOT: /project/bdoiron/dracoxu/rct-fsflow/paper_project_final/out
------------------------------------------------------------
======================================================================
CATEGORY-SACCADE SUBSPACE ALIGNMENT ANALYSIS
======================================================================
[info] Processing 1 session(s)
[info] Mode: axis_cov
[info] out_root: /project/bdoiron/dracoxu/rct-fsflow/paper_project_final/out
[info] n_perms: 1000

[Analysis C] Axis Angle + Covariance-Constrained Null (DAVE'S QUESTION)
             Axes tag: axes_peakbin_saccCS-sacc-pooled-20mssw
             Uses trained sC and sS_raw axes
             Tests: 'less aligned than geometry-constrained chance'

============================================================
[20200328] Processing...

  [Analysis C] Axis angle + covariance-constrained null...
  [axis-cov] Observed: |cos(θ)|=0.0382, θ=87.8°
  [null] Manifold dim: 53, D_eff=6.1
         Expected |cos(θ)| ≈ 0.405 (angle ≈ 66.1°)
  [null] Running 1000 covariance-constrained null samples...
    [200/1000] null_mean=0.1395
    [400/1000] null_mean=0.1323
    [600/1000] null_mean=0.1314
    [800/1000] null_mean=0.1321
    [1000/1000] null_mean=0.1324
  [result] a_obs=0.0382, null_mean=0.1324±0.0935
           Δ=-0.0941, z=-1.01
           θ_obs=87.8°, θ_null=82.4°
           p(more orthogonal)=0.1748, p(more aligned)=0.8262
  [saved] /project/bdoiron/dracoxu/rct-fsflow/paper_project_final/out/sacc/alignment/case_ii_correctonly/axis_cov_20200328.json

======================================================================
[done] Per-session results saved to /project/bdoiron/dracoxu/rct-fsflow/paper_project_final/out/sacc/alignment/case_ii_correctonly
======================================================================
[done] Case ii → /project/bdoiron/dracoxu/rct-fsflow/paper_project_final/out/sacc/alignment/case_ii_correctonly/

------------------------------------------------------------
[Case iii] Stim-C (vertical) vs Sacc-S (horizontal) (correct-only)
  C axes: stim/axes_peakbin_stimC-stim-vertical-20mssw (orientation: vertical)
  S axes: sacc/axes_peakbin_saccCS-sacc-horizontal-20mssw (orientation: horizontal)
  OUT_ROOT: /project/bdoiron/dracoxu/rct-fsflow/paper_project_final/out
------------------------------------------------------------
======================================================================
CROSS-ALIGNMENT AXIS ANALYSIS
======================================================================
[info] Processing 1 session(s)
[info] C: stim/axes_peakbin_stimC-stim-vertical-20mssw (vertical)
[info] S: sacc/axes_peakbin_saccCS-sacc-horizontal-20mssw (horizontal)
[info] win_C: [0.1, 0.3], win_S: [-0.1, -0.03]
[info] Use rich conditions: True

============================================================
[20200328] Processing cross-alignment...
  [cross] Building geometry from both epochs...
          C epoch: stim, window=(0.1, 0.3), trials=277
          S epoch: sacc, window=(-0.1, -0.03), trials=247
          D_C shape: (60, 200), D_S shape: (60, 84)
  [cross] Observed: |cos(θ)|=0.6270, θ=51.2°
  [null] Manifold dim: 56, D_eff=15.3
         Expected |cos(θ)| ≈ 0.204 (angle ≈ 78.2°)
  [null] Running 1000 covariance-constrained null samples...
    [200/1000] null_mean=0.2491
    [400/1000] null_mean=0.2525
    [600/1000] null_mean=0.2522
    [800/1000] null_mean=0.2505
    [1000/1000] null_mean=0.2508
  [result] a_obs=0.6270, null_mean=0.2508±0.1634
           Δ=0.3762, z=2.30
           θ_obs=51.2°, θ_null=75.2°
           p(more orthogonal)=0.9900, p(more aligned)=0.0110
  [saved] /project/bdoiron/dracoxu/rct-fsflow/paper_project_final/out/cross_alignment/case_iii_correctonly/cross_case_iii_correctonly_20200328.json

======================================================================
[done] Results saved to /project/bdoiron/dracoxu/rct-fsflow/paper_project_final/out/cross_alignment/case_iii_correctonly
======================================================================
[done] Case iii → /project/bdoiron/dracoxu/rct-fsflow/paper_project_final/out/cross_alignment/case_iii_correctonly/

------------------------------------------------------------
[Case iv] Stim-C (pooled) vs Sacc-S (pooled) (correct-only)
  C axes: stim/axes_peakbin_stimC-stim-pooled-20mssw (orientation: pooled)
  S axes: sacc/axes_peakbin_saccCS-sacc-pooled-20mssw (orientation: pooled)
  OUT_ROOT: /project/bdoiron/dracoxu/rct-fsflow/paper_project_final/out
------------------------------------------------------------
======================================================================
CROSS-ALIGNMENT AXIS ANALYSIS
======================================================================
[info] Processing 1 session(s)
[info] C: stim/axes_peakbin_stimC-stim-pooled-20mssw (pooled)
[info] S: sacc/axes_peakbin_saccCS-sacc-pooled-20mssw (pooled)
[info] win_C: [0.1, 0.3], win_S: [-0.1, -0.03]
[info] Use rich conditions: True

============================================================
[20200328] Processing cross-alignment...
  [cross] Building geometry from both epochs...
          C epoch: stim, window=(0.1, 0.3), trials=524
          S epoch: sacc, window=(-0.1, -0.03), trials=524
          D_C shape: (60, 320), D_S shape: (60, 224)
  [cross] Observed: |cos(θ)|=0.3358, θ=70.4°
  [null] Manifold dim: 55, D_eff=11.7
         Expected |cos(θ)| ≈ 0.233 (angle ≈ 76.5°)
  [null] Running 1000 covariance-constrained null samples...
    [200/1000] null_mean=0.1430
    [400/1000] null_mean=0.1469
    [600/1000] null_mean=0.1462
    [800/1000] null_mean=0.1469
    [1000/1000] null_mean=0.1446
  [result] a_obs=0.3358, null_mean=0.1446±0.0965
           Δ=0.1912, z=1.98
           θ_obs=70.4°, θ_null=81.6°
           p(more orthogonal)=0.9590, p(more aligned)=0.0420
  [saved] /project/bdoiron/dracoxu/rct-fsflow/paper_project_final/out/cross_alignment/case_iv_correctonly/cross_case_iv_correctonly_20200328.json

======================================================================
[done] Results saved to /project/bdoiron/dracoxu/rct-fsflow/paper_project_final/out/cross_alignment/case_iv_correctonly
======================================================================
[done] Case iv → /project/bdoiron/dracoxu/rct-fsflow/paper_project_final/out/cross_alignment/case_iv_correctonly/

==============================================================
ALL TRIALS (out_nofilter/)
==============================================================

------------------------------------------------------------
[Case i] Sacc-aligned C & S, horizontal trials (all-trials)
  Axes: axes_peakbin_saccCS-sacc-horizontal-20mssw_nofilter
  Orientation: horizontal
  OUT_ROOT: /project/bdoiron/dracoxu/rct-fsflow/paper_project_final/out_nofilter
------------------------------------------------------------
======================================================================
CATEGORY-SACCADE SUBSPACE ALIGNMENT ANALYSIS
======================================================================
[info] Processing 1 session(s)
[info] Mode: axis_cov
[info] out_root: /project/bdoiron/dracoxu/rct-fsflow/paper_project_final/out_nofilter
[info] n_perms: 1000

[Analysis C] Axis Angle + Covariance-Constrained Null (DAVE'S QUESTION)
             Axes tag: axes_peakbin_saccCS-sacc-horizontal-20mssw_nofilter
             Uses trained sC and sS_raw axes
             Tests: 'less aligned than geometry-constrained chance'

============================================================
[20200328] Processing...

  [Analysis C] Axis angle + covariance-constrained null...
  [axis-cov] Observed: |cos(θ)|=0.1040, θ=84.0°
  [null] Manifold dim: 45, D_eff=4.4
         Expected |cos(θ)| ≈ 0.479 (angle ≈ 61.4°)
  [null] Running 1000 covariance-constrained null samples...
    [200/1000] null_mean=0.1774
    [400/1000] null_mean=0.1803
    [600/1000] null_mean=0.1844
    [800/1000] null_mean=0.1870
    [1000/1000] null_mean=0.1825
  [result] a_obs=0.1040, null_mean=0.1825±0.1357
           Δ=-0.0785, z=-0.58
           θ_obs=84.0°, θ_null=79.4°
           p(more orthogonal)=0.3626, p(more aligned)=0.6384
  [saved] /project/bdoiron/dracoxu/rct-fsflow/paper_project_final/out_nofilter/sacc/alignment/case_i_alltrials/axis_cov_20200328.json

======================================================================
[done] Per-session results saved to /project/bdoiron/dracoxu/rct-fsflow/paper_project_final/out_nofilter/sacc/alignment/case_i_alltrials
======================================================================
[done] Case i → /project/bdoiron/dracoxu/rct-fsflow/paper_project_final/out_nofilter/sacc/alignment/case_i_alltrials/

------------------------------------------------------------
[Case ii] Sacc-aligned C & S, pooled trials (all-trials)
  Axes: axes_peakbin_saccCS-sacc-pooled-20mssw_nofilter
  Orientation: pooled
  OUT_ROOT: /project/bdoiron/dracoxu/rct-fsflow/paper_project_final/out_nofilter
------------------------------------------------------------
======================================================================
CATEGORY-SACCADE SUBSPACE ALIGNMENT ANALYSIS
======================================================================
[info] Processing 1 session(s)
[info] Mode: axis_cov
[info] out_root: /project/bdoiron/dracoxu/rct-fsflow/paper_project_final/out_nofilter
[info] n_perms: 1000

[Analysis C] Axis Angle + Covariance-Constrained Null (DAVE'S QUESTION)
             Axes tag: axes_peakbin_saccCS-sacc-pooled-20mssw_nofilter
             Uses trained sC and sS_raw axes
             Tests: 'less aligned than geometry-constrained chance'

============================================================
[20200328] Processing...

  [Analysis C] Axis angle + covariance-constrained null...
  [axis-cov] Observed: |cos(θ)|=0.0223, θ=88.7°
  [null] Manifold dim: 51, D_eff=5.5
         Expected |cos(θ)| ≈ 0.427 (angle ≈ 64.7°)
  [null] Running 1000 covariance-constrained null samples...
    [200/1000] null_mean=0.1738
    [400/1000] null_mean=0.1770
    [600/1000] null_mean=0.1794
    [800/1000] null_mean=0.1842
    [1000/1000] null_mean=0.1857
  [result] a_obs=0.0223, null_mean=0.1857±0.1217
           Δ=-0.1635, z=-1.34
           θ_obs=88.7°, θ_null=79.2°
           p(more orthogonal)=0.0599, p(more aligned)=0.9411
  [saved] /project/bdoiron/dracoxu/rct-fsflow/paper_project_final/out_nofilter/sacc/alignment/case_ii_alltrials/axis_cov_20200328.json

======================================================================
[done] Per-session results saved to /project/bdoiron/dracoxu/rct-fsflow/paper_project_final/out_nofilter/sacc/alignment/case_ii_alltrials
======================================================================
[done] Case ii → /project/bdoiron/dracoxu/rct-fsflow/paper_project_final/out_nofilter/sacc/alignment/case_ii_alltrials/

------------------------------------------------------------
[Case iii] Stim-C (vertical) vs Sacc-S (horizontal) (all-trials)
  C axes: stim/axes_peakbin_stimC-stim-vertical-20mssw_nofilter (orientation: vertical)
  S axes: sacc/axes_peakbin_saccCS-sacc-horizontal-20mssw_nofilter (orientation: horizontal)
  OUT_ROOT: /project/bdoiron/dracoxu/rct-fsflow/paper_project_final/out_nofilter
------------------------------------------------------------
======================================================================
CROSS-ALIGNMENT AXIS ANALYSIS
======================================================================
[info] Processing 1 session(s)
[info] C: stim/axes_peakbin_stimC-stim-vertical-20mssw_nofilter (vertical)
[info] S: sacc/axes_peakbin_saccCS-sacc-horizontal-20mssw_nofilter (horizontal)
[info] win_C: [0.1, 0.3], win_S: [-0.1, -0.03]
[info] Use rich conditions: True

============================================================
[20200328] Processing cross-alignment...
  [cross] Building geometry from both epochs...
          C epoch: stim, window=(0.1, 0.3), trials=287
          S epoch: sacc, window=(-0.1, -0.03), trials=255
          D_C shape: (60, 160), D_S shape: (60, 84)
  [cross] Observed: |cos(θ)|=0.4039, θ=66.2°
  [null] Manifold dim: 55, D_eff=13.4
         Expected |cos(θ)| ≈ 0.218 (angle ≈ 77.4°)
  [null] Running 1000 covariance-constrained null samples...
    [200/1000] null_mean=0.2038
    [400/1000] null_mean=0.2031
    [600/1000] null_mean=0.2032
    [800/1000] null_mean=0.2017
    [1000/1000] null_mean=0.2031
  [result] a_obs=0.4039, null_mean=0.2031±0.1342
           Δ=0.2008, z=1.50
           θ_obs=66.2°, θ_null=78.1°
           p(more orthogonal)=0.9111, p(more aligned)=0.0899
  [saved] /project/bdoiron/dracoxu/rct-fsflow/paper_project_final/out_nofilter/cross_alignment/case_iii_alltrials/cross_case_iii_alltrials_20200328.json

======================================================================
[done] Results saved to /project/bdoiron/dracoxu/rct-fsflow/paper_project_final/out_nofilter/cross_alignment/case_iii_alltrials
======================================================================
[done] Case iii → /project/bdoiron/dracoxu/rct-fsflow/paper_project_final/out_nofilter/cross_alignment/case_iii_alltrials/

------------------------------------------------------------
[Case iv] Stim-C (pooled) vs Sacc-S (pooled) (all-trials)
  C axes: stim/axes_peakbin_stimC-stim-pooled-20mssw_nofilter (orientation: pooled)
  S axes: sacc/axes_peakbin_saccCS-sacc-pooled-20mssw_nofilter (orientation: pooled)
  OUT_ROOT: /project/bdoiron/dracoxu/rct-fsflow/paper_project_final/out_nofilter
------------------------------------------------------------
======================================================================
CROSS-ALIGNMENT AXIS ANALYSIS
======================================================================
[info] Processing 1 session(s)
[info] C: stim/axes_peakbin_stimC-stim-pooled-20mssw_nofilter (pooled)
[info] S: sacc/axes_peakbin_saccCS-sacc-pooled-20mssw_nofilter (pooled)
[info] win_C: [0.1, 0.3], win_S: [-0.1, -0.03]
[info] Use rich conditions: True

============================================================
[20200328] Processing cross-alignment...
  [cross] Building geometry from both epochs...
          C epoch: stim, window=(0.1, 0.3), trials=542
          S epoch: sacc, window=(-0.1, -0.03), trials=542
          D_C shape: (60, 240), D_S shape: (60, 168)
  [cross] Observed: |cos(θ)|=0.4261, θ=64.8°
  [null] Manifold dim: 54, D_eff=10.5
         Expected |cos(θ)| ≈ 0.246 (angle ≈ 75.8°)
  [null] Running 1000 covariance-constrained null samples...
    [200/1000] null_mean=0.1438
    [400/1000] null_mean=0.1469
    [600/1000] null_mean=0.1447
    [800/1000] null_mean=0.1466
    [1000/1000] null_mean=0.1464
  [result] a_obs=0.4261, null_mean=0.1464±0.0982
           Δ=0.2796, z=2.85
           θ_obs=64.8°, θ_null=81.5°
           p(more orthogonal)=0.9950, p(more aligned)=0.0060
  [saved] /project/bdoiron/dracoxu/rct-fsflow/paper_project_final/out_nofilter/cross_alignment/case_iv_alltrials/cross_case_iv_alltrials_20200328.json

======================================================================
[done] Results saved to /project/bdoiron/dracoxu/rct-fsflow/paper_project_final/out_nofilter/cross_alignment/case_iv_alltrials
======================================================================
[done] Case iv → /project/bdoiron/dracoxu/rct-fsflow/paper_project_final/out_nofilter/cross_alignment/case_iv_alltrials/

==============================================================
[done] All cases complete for SID=20200328
==============================================================
