==============================================================
AXIS ALIGNMENT ANALYSIS - Session 20200401 (task 3)
Filter mode: both
==============================================================

------------------------------------------------------------
[info] Running alignment analysis for 20200401 (CORRECT-ONLY trials)
       Mode: all (AI + axis_shuffle + axis_cov)
       OUT_ROOT: /project/bdoiron/dracoxu/rct-fsflow/paper_project_final/out
       AXES_TAG: axes_peakbin_saccCS-sacc-horizontal-20mssw
       n_perms: 1000
------------------------------------------------------------
======================================================================
CATEGORY-SACCADE SUBSPACE ALIGNMENT ANALYSIS
======================================================================
[info] Processing 1 session(s)
[info] Mode: all
[info] out_root: /project/bdoiron/dracoxu/rct-fsflow/paper_project_final/out
[info] n_perms: 1000

[Analysis A] Alignment Index + Covariance-Matched Null (PCA subspaces)
             Category window: [-0.3, -0.1]
             Saccade window: [-0.1, -0.03]
             Subspace dim k: 6
             Tests: 'less aligned than chance' (orthogonality)

[Analysis B] Axis Angle + Label-Shuffle Null
             Axes tag: axes_peakbin_saccCS-sacc-horizontal-20mssw
             Tests: 'more aligned than shuffle chance' (label-specific)

[Analysis C] Axis Angle + Covariance-Constrained Null (DAVE'S QUESTION)
             Axes tag: axes_peakbin_saccCS-sacc-horizontal-20mssw
             Uses trained sC and sS_raw axes
             Tests: 'less aligned than geometry-constrained chance'

============================================================
[20200401] Processing...

  [Analysis A] Alignment Index (PCA subspaces)...
  [AI] Building condition-averaged matrices...
       Category window: (-0.3, -0.1)
       Saccade window: (-0.1, -0.03)
       D_C shape: (71, 38), D_S shape: (71, 16)
       Category subspace: (71, 6), var_explained=0.717
       Saccade subspace: (71, 6), var_explained=0.923
  [AI] Observed AI = 0.2220
       Principal angles (deg): [42.16853556 64.96124092 70.94200196 74.45391351 78.95677736 84.00685956]
       Mean angle: 69.2°, Overlap: 0.1591
  [null] Manifold dim: 34 (from 54 total)
         Expected random overlap (isotropic): ~0.176
  [null] Running 1000 covariance-matched null samples...
    [200/1000] null_AI_mean=0.6051
    [400/1000] null_AI_mean=0.6073
    [600/1000] null_AI_mean=0.6065
    [800/1000] null_AI_mean=0.6048
    [1000/1000] null_AI_mean=0.6054
  [result] AI_obs=0.2220, null_mean=0.6054±0.0745
           Δ_AI=-0.3834
           p(less aligned)=0.0010, p(more aligned)=1.0000
  [saved] /project/bdoiron/dracoxu/rct-fsflow/paper_project_final/out/sacc/alignment/correctonly/AI_20200401.json

  [Analysis B] Axis angle + shuffle...
  [axis] Observed: |cos(θ)|=0.1823, θ=79.5°
  [null] Running 1000 label-shuffle permutations...
    [100/1000] null_mean=0.0944
    [200/1000] null_mean=0.0892
    [300/1000] null_mean=0.0868
    [400/1000] null_mean=0.0853
    [500/1000] null_mean=0.0849
    [600/1000] null_mean=0.0856
    [700/1000] null_mean=0.0883
    [800/1000] null_mean=0.0885
    [900/1000] null_mean=0.0886
    [1000/1000] null_mean=0.0885
  [result] Δ=0.0938, p(more aligned)=0.1039
           Note: shuffle null tests 'more aligned than chance'
  [saved] /project/bdoiron/dracoxu/rct-fsflow/paper_project_final/out/sacc/alignment/correctonly/axis_shuffle_20200401.json

  [Analysis C] Axis angle + covariance-constrained null...
  [axis-cov] Observed: |cos(θ)|=0.1823, θ=79.5°
  [null] Manifold dim: 34, D_eff=6.3
         Expected |cos(θ)| ≈ 0.399 (angle ≈ 66.5°)
  [null] Running 1000 covariance-constrained null samples...
    [200/1000] null_mean=0.2779
    [400/1000] null_mean=0.2663
    [600/1000] null_mean=0.2581
    [800/1000] null_mean=0.2587
    [1000/1000] null_mean=0.2591
  [result] a_obs=0.1823, null_mean=0.2591±0.1680
           Δ=-0.0768, z=-0.46
           θ_obs=79.5°, θ_null=74.7°
           p(more orthogonal)=0.3916, p(more aligned)=0.6094
  [saved] /project/bdoiron/dracoxu/rct-fsflow/paper_project_final/out/sacc/alignment/correctonly/axis_cov_20200401.json

======================================================================
[done] Per-session results saved to /project/bdoiron/dracoxu/rct-fsflow/paper_project_final/out/sacc/alignment/correctonly
======================================================================
[done] CORRECT-ONLY trials complete → /project/bdoiron/dracoxu/rct-fsflow/paper_project_final/out/sacc/alignment/correctonly/

------------------------------------------------------------
[info] Running alignment analysis for 20200401 (ALL trials (nofilter))
       Mode: all (AI + axis_shuffle + axis_cov)
       OUT_ROOT: /project/bdoiron/dracoxu/rct-fsflow/paper_project_final/out_nofilter
       AXES_TAG: axes_peakbin_saccCS-sacc-horizontal-20mssw_nofilter
       n_perms: 1000
------------------------------------------------------------
======================================================================
CATEGORY-SACCADE SUBSPACE ALIGNMENT ANALYSIS
======================================================================
[info] Processing 1 session(s)
[info] Mode: all
[info] out_root: /project/bdoiron/dracoxu/rct-fsflow/paper_project_final/out_nofilter
[info] n_perms: 1000

[Analysis A] Alignment Index + Covariance-Matched Null (PCA subspaces)
             Category window: [-0.3, -0.1]
             Saccade window: [-0.1, -0.03]
             Subspace dim k: 6
             Tests: 'less aligned than chance' (orthogonality)

[Analysis B] Axis Angle + Label-Shuffle Null
             Axes tag: axes_peakbin_saccCS-sacc-horizontal-20mssw_nofilter
             Tests: 'more aligned than shuffle chance' (label-specific)

[Analysis C] Axis Angle + Covariance-Constrained Null (DAVE'S QUESTION)
             Axes tag: axes_peakbin_saccCS-sacc-horizontal-20mssw_nofilter
             Uses trained sC and sS_raw axes
             Tests: 'less aligned than geometry-constrained chance'

============================================================
[20200401] Processing...

  [Analysis A] Alignment Index (PCA subspaces)...
  [AI] Building condition-averaged matrices...
       Category window: (-0.3, -0.1)
       Saccade window: (-0.1, -0.03)
       D_C shape: (71, 38), D_S shape: (71, 16)
       Category subspace: (71, 6), var_explained=0.715
       Saccade subspace: (71, 6), var_explained=0.921
  [AI] Observed AI = 0.2209
       Principal angles (deg): [43.08457664 63.99325601 68.20749013 73.95338486 77.22987173 85.75737913]
       Mean angle: 68.7°, Overlap: 0.1657
  [null] Manifold dim: 34 (from 54 total)
         Expected random overlap (isotropic): ~0.176
  [null] Running 1000 covariance-matched null samples...
    [200/1000] null_AI_mean=0.6053
    [400/1000] null_AI_mean=0.6073
    [600/1000] null_AI_mean=0.6065
    [800/1000] null_AI_mean=0.6048
    [1000/1000] null_AI_mean=0.6054
  [result] AI_obs=0.2209, null_mean=0.6054±0.0740
           Δ_AI=-0.3845
           p(less aligned)=0.0010, p(more aligned)=1.0000
  [saved] /project/bdoiron/dracoxu/rct-fsflow/paper_project_final/out_nofilter/sacc/alignment/nofilter/AI_20200401.json

  [Analysis B] Axis angle + shuffle...
  [axis] Observed: |cos(θ)|=0.2193, θ=77.3°
  [null] Running 1000 label-shuffle permutations...
    [100/1000] null_mean=0.1012
    [200/1000] null_mean=0.0921
    [300/1000] null_mean=0.0907
    [400/1000] null_mean=0.0910
    [500/1000] null_mean=0.0890
    [600/1000] null_mean=0.0885
    [700/1000] null_mean=0.0882
    [800/1000] null_mean=0.0895
    [900/1000] null_mean=0.0892
    [1000/1000] null_mean=0.0911
  [result] Δ=0.1282, p(more aligned)=0.0609
           Note: shuffle null tests 'more aligned than chance'
  [saved] /project/bdoiron/dracoxu/rct-fsflow/paper_project_final/out_nofilter/sacc/alignment/nofilter/axis_shuffle_20200401.json

  [Analysis C] Axis angle + covariance-constrained null...
  [axis-cov] Observed: |cos(θ)|=0.2193, θ=77.3°
  [null] Manifold dim: 34, D_eff=6.2
         Expected |cos(θ)| ≈ 0.401 (angle ≈ 66.4°)
  [null] Running 1000 covariance-constrained null samples...
    [200/1000] null_mean=0.3123
    [400/1000] null_mean=0.2948
    [600/1000] null_mean=0.2827
    [800/1000] null_mean=0.2831
    [1000/1000] null_mean=0.2817
  [result] a_obs=0.2193, null_mean=0.2817±0.1825
           Δ=-0.0624, z=-0.34
           θ_obs=77.3°, θ_null=73.3°
           p(more orthogonal)=0.4296, p(more aligned)=0.5714
  [saved] /project/bdoiron/dracoxu/rct-fsflow/paper_project_final/out_nofilter/sacc/alignment/nofilter/axis_cov_20200401.json

======================================================================
[done] Per-session results saved to /project/bdoiron/dracoxu/rct-fsflow/paper_project_final/out_nofilter/sacc/alignment/nofilter
======================================================================
[done] ALL trials (nofilter) complete → /project/bdoiron/dracoxu/rct-fsflow/paper_project_final/out_nofilter/sacc/alignment/nofilter/

==============================================================
[done] Alignment analysis complete for SID=20200401
==============================================================
