==============================================================
AXIS ALIGNMENT ANALYSIS (NOFILTER) - Session 20200328 (task 2)
==============================================================

[info] Running alignment analysis for 20200328 (NOFILTER)
       Mode: both (AI + axis_shuffle)
       n_perms: 1000

======================================================================
CATEGORY-SACCADE SUBSPACE ALIGNMENT ANALYSIS
======================================================================
[info] Processing 1 session(s)
[info] Mode: both
[info] out_root: /project/bdoiron/dracoxu/rct-fsflow/paper_project_final/out_nofilter
[info] n_perms: 1000

[Analysis A] Alignment Index + Covariance-Matched Null
             Category window: [-0.3, -0.1]
             Saccade window: [-0.1, -0.03]
             Subspace dim k: 6
             Tests: 'less aligned than chance' (orthogonality)

[Analysis B] Axis Angle + Label-Shuffle Null
             Axes tag: axes_peakbin_saccCS-sacc-horizontal-20mssw_nofilter
             Tests: 'more aligned than chance' (label-specific)

============================================================
[20200328] Processing...

  [Analysis A] Alignment Index...
  [AI] Building condition-averaged matrices...
       Category window: (-0.3, -0.1)
       Saccade window: (-0.1, -0.03)
       D_C shape: (60, 38), D_S shape: (60, 16)
       Category subspace: (60, 6), var_explained=0.829
       Saccade subspace: (60, 6), var_explained=0.982
  [AI] Observed AI = 0.4933
       Principal angles (deg): [31.20666961 55.31596445 62.56242828 74.69575517 77.67459879 88.03035377]
       Mean angle: 64.9°, Overlap: 0.2307
  [null] Manifold dim: 26 (from 54 total)
         Expected random overlap (isotropic): ~0.231
  [null] Running 1000 covariance-matched null samples...
    [200/1000] null_AI_mean=0.5757
    [400/1000] null_AI_mean=0.5741
    [600/1000] null_AI_mean=0.5735
    [800/1000] null_AI_mean=0.5738
    [1000/1000] null_AI_mean=0.5766
  [result] AI_obs=0.4933, null_mean=0.5766±0.0954
           Δ_AI=-0.0832
           p(less aligned)=0.1918, p(more aligned)=0.8092
  [saved] /project/bdoiron/dracoxu/rct-fsflow/paper_project_final/out_nofilter/sacc/alignment/nofilter/AI_20200328.json

  [Analysis B] Axis angle + shuffle...
  [axis] Observed: |cos(θ)|=0.1040, θ=84.0°
  [null] Running 1000 label-shuffle permutations...
    [100/1000] null_mean=0.0882
    [200/1000] null_mean=0.0882
    [300/1000] null_mean=0.0869
    [400/1000] null_mean=0.0892
    [500/1000] null_mean=0.0888
    [600/1000] null_mean=0.0876
    [700/1000] null_mean=0.0877
    [800/1000] null_mean=0.0878
    [900/1000] null_mean=0.0868
    [1000/1000] null_mean=0.0859
  [result] Δ=0.0181, p(more aligned)=0.3317
           Note: shuffle null tests 'more aligned than chance'
  [saved] /project/bdoiron/dracoxu/rct-fsflow/paper_project_final/out_nofilter/sacc/alignment/nofilter/axis_shuffle_20200328.json

======================================================================
[done] Per-session results saved to /project/bdoiron/dracoxu/rct-fsflow/paper_project_final/out_nofilter/sacc/alignment/nofilter
======================================================================

[done] Alignment analysis complete for SID=20200328 (NOFILTER)
       Results: /project/bdoiron/dracoxu/rct-fsflow/paper_project_final/out_nofilter/sacc/alignment/nofilter/
