==============================================================
AXIS ALIGNMENT ANALYSIS - Session 20200328 (task 2)
==============================================================

[info] Running alignment analysis for 20200328
       Mode: both (AI + axis_shuffle)
       n_perms: 1000

======================================================================
CATEGORY-SACCADE SUBSPACE ALIGNMENT ANALYSIS
======================================================================
[info] Processing 1 session(s)
[info] Mode: both
[info] out_root: /project/bdoiron/dracoxu/rct-fsflow/paper_project_final/out
[info] n_perms: 1000

[Analysis A] Alignment Index + Covariance-Matched Null
             Category window: [-0.3, -0.1]
             Saccade window: [-0.1, -0.03]
             Subspace dim k: 6
             Tests: 'less aligned than chance' (orthogonality)

[Analysis B] Axis Angle + Label-Shuffle Null
             Axes tag: axes_peakbin_saccCS-sacc-horizontal-20mssw
             Tests: 'more aligned than chance' (label-specific)

============================================================
[20200328] Processing...

  [Analysis A] Alignment Index...
  [AI] Building condition-averaged matrices...
       Category window: (-0.3, -0.1)
       Saccade window: (-0.1, -0.03)
       D_C shape: (60, 38), D_S shape: (60, 16)
       Category subspace: (60, 6), var_explained=0.834
       Saccade subspace: (60, 6), var_explained=0.981
  [AI] Observed AI = 0.4751
       Principal angles (deg): [32.2566338  59.43453842 63.10710053 74.93836019 78.5880922  89.14142435]
       Mean angle: 66.2°, Overlap: 0.2142
  [null] Manifold dim: 27 (from 54 total)
         Expected random overlap (isotropic): ~0.222
  [null] Running 1000 covariance-matched null samples...
    [200/1000] null_AI_mean=0.5680
    [400/1000] null_AI_mean=0.5604
    [600/1000] null_AI_mean=0.5610
    [800/1000] null_AI_mean=0.5650
    [1000/1000] null_AI_mean=0.5665
  [result] AI_obs=0.4751, null_mean=0.5665±0.0979
           Δ_AI=-0.0915
           p(less aligned)=0.1788, p(more aligned)=0.8222
