==============================================================
AXIS ALIGNMENT ANALYSIS - ALL FOUR CASES
Session: 20200929 (task 6)
Filter mode: both
==============================================================

==============================================================
CORRECT-ONLY TRIALS (out/)
==============================================================

------------------------------------------------------------
[Case i] Sacc-aligned C & S, horizontal trials (correct-only)
  Axes: axes_peakbin_saccCS-sacc-horizontal-20mssw
  Orientation: horizontal
  OUT_ROOT: /project/bdoiron/dracoxu/rct-fsflow/paper_project_final/out
------------------------------------------------------------
======================================================================
CATEGORY-SACCADE SUBSPACE ALIGNMENT ANALYSIS
======================================================================
[info] Processing 1 session(s)
[info] Mode: axis_cov
[info] out_root: /project/bdoiron/dracoxu/rct-fsflow/paper_project_final/out
[info] n_perms: 1000

[Analysis C] Axis Angle + Covariance-Constrained Null (DAVE'S QUESTION)
             Axes tag: axes_peakbin_saccCS-sacc-horizontal-20mssw
             Uses trained sC and sS_raw axes
             Tests: 'less aligned than geometry-constrained chance'

============================================================
[20200929] Processing...

  [Analysis C] Axis angle + covariance-constrained null...
  [axis-cov] Observed: |cos(θ)|=0.0846, θ=85.1°
  [null] Manifold dim: 26, D_eff=2.3
         Expected |cos(θ)| ≈ 0.652 (angle ≈ 49.3°)
  [null] Running 1000 covariance-constrained null samples...
    [200/1000] null_mean=0.1702
    [400/1000] null_mean=0.1619
    [600/1000] null_mean=0.1595
    [800/1000] null_mean=0.1665
    [1000/1000] null_mean=0.1645
  [result] a_obs=0.0846, null_mean=0.1645±0.1137
           Δ=-0.0798, z=-0.70
           θ_obs=85.1°, θ_null=80.5°
           p(more orthogonal)=0.2937, p(more aligned)=0.7073
  [saved] /project/bdoiron/dracoxu/rct-fsflow/paper_project_final/out/sacc/alignment/case_i_correctonly/axis_cov_20200929.json

======================================================================
[done] Per-session results saved to /project/bdoiron/dracoxu/rct-fsflow/paper_project_final/out/sacc/alignment/case_i_correctonly
======================================================================
[done] Case i → /project/bdoiron/dracoxu/rct-fsflow/paper_project_final/out/sacc/alignment/case_i_correctonly/

------------------------------------------------------------
[Case ii] Sacc-aligned C & S, pooled trials (correct-only)
  Axes: axes_peakbin_saccCS-sacc-pooled-20mssw
  Orientation: pooled
  OUT_ROOT: /project/bdoiron/dracoxu/rct-fsflow/paper_project_final/out
------------------------------------------------------------
======================================================================
CATEGORY-SACCADE SUBSPACE ALIGNMENT ANALYSIS
======================================================================
[info] Processing 1 session(s)
[info] Mode: axis_cov
[info] out_root: /project/bdoiron/dracoxu/rct-fsflow/paper_project_final/out
[info] n_perms: 1000

[Analysis C] Axis Angle + Covariance-Constrained Null (DAVE'S QUESTION)
             Axes tag: axes_peakbin_saccCS-sacc-pooled-20mssw
             Uses trained sC and sS_raw axes
             Tests: 'less aligned than geometry-constrained chance'

============================================================
[20200929] Processing...

  [Analysis C] Axis angle + covariance-constrained null...
  [axis-cov] Observed: |cos(θ)|=0.0129, θ=89.3°
  [null] Manifold dim: 26, D_eff=1.9
         Expected |cos(θ)| ≈ 0.727 (angle ≈ 43.4°)
  [null] Running 1000 covariance-constrained null samples...
    [200/1000] null_mean=0.1879
    [400/1000] null_mean=0.1757
    [600/1000] null_mean=0.1742
    [800/1000] null_mean=0.1798
    [1000/1000] null_mean=0.1812
  [result] a_obs=0.0129, null_mean=0.1812±0.1276
           Δ=-0.1683, z=-1.32
           θ_obs=89.3°, θ_null=79.4°
           p(more orthogonal)=0.0440, p(more aligned)=0.9570
  [**] SIGNIFICANT: C-S alignment is LOWER than geometry-constrained chance!
  [saved] /project/bdoiron/dracoxu/rct-fsflow/paper_project_final/out/sacc/alignment/case_ii_correctonly/axis_cov_20200929.json

======================================================================
[done] Per-session results saved to /project/bdoiron/dracoxu/rct-fsflow/paper_project_final/out/sacc/alignment/case_ii_correctonly
======================================================================
[done] Case ii → /project/bdoiron/dracoxu/rct-fsflow/paper_project_final/out/sacc/alignment/case_ii_correctonly/

------------------------------------------------------------
[Case iii] Stim-C (vertical) vs Sacc-S (horizontal) (correct-only)
  C axes: stim/axes_peakbin_stimC-stim-vertical-20mssw (orientation: vertical)
  S axes: sacc/axes_peakbin_saccCS-sacc-horizontal-20mssw (orientation: horizontal)
  OUT_ROOT: /project/bdoiron/dracoxu/rct-fsflow/paper_project_final/out
------------------------------------------------------------
======================================================================
CROSS-ALIGNMENT AXIS ANALYSIS
======================================================================
[info] Processing 1 session(s)
[info] C: stim/axes_peakbin_stimC-stim-vertical-20mssw (vertical)
[info] S: sacc/axes_peakbin_saccCS-sacc-horizontal-20mssw (horizontal)
[info] win_C: [0.1, 0.3], win_S: [-0.1, -0.03]
[info] Use rich conditions: False

============================================================
[20200929] Processing cross-alignment...
  [cross] Building geometry from both epochs...
          C epoch: stim, window=(0.1, 0.3), trials=284
          S epoch: sacc, window=(-0.1, -0.03), trials=264
          D_C shape: (76, 40), D_S shape: (76, 28)
  [cross] Observed: |cos(θ)|=0.3371, θ=70.3°
  [null] Manifold dim: 45, D_eff=6.5
         Expected |cos(θ)| ≈ 0.313 (angle ≈ 71.8°)
  [null] Running 1000 covariance-constrained null samples...
    [200/1000] null_mean=0.2118
    [400/1000] null_mean=0.2173
    [600/1000] null_mean=0.2155
    [800/1000] null_mean=0.2116
    [1000/1000] null_mean=0.2070
  [result] a_obs=0.3371, null_mean=0.2070±0.1395
           Δ=0.1301, z=0.93
           θ_obs=70.3°, θ_null=77.9°
           p(more orthogonal)=0.8122, p(more aligned)=0.1888
  [saved] /project/bdoiron/dracoxu/rct-fsflow/paper_project_final/out/cross_alignment/case_iii_correctonly/cross_case_iii_correctonly_20200929.json

======================================================================
[done] Results saved to /project/bdoiron/dracoxu/rct-fsflow/paper_project_final/out/cross_alignment/case_iii_correctonly
======================================================================
[done] Case iii → /project/bdoiron/dracoxu/rct-fsflow/paper_project_final/out/cross_alignment/case_iii_correctonly/

------------------------------------------------------------
[Case iv] Stim-C (pooled) vs Sacc-S (pooled) (correct-only)
  C axes: stim/axes_peakbin_stimC-stim-pooled-20mssw (orientation: pooled)
  S axes: sacc/axes_peakbin_saccCS-sacc-pooled-20mssw (orientation: pooled)
  OUT_ROOT: /project/bdoiron/dracoxu/rct-fsflow/paper_project_final/out
------------------------------------------------------------
======================================================================
CROSS-ALIGNMENT AXIS ANALYSIS
======================================================================
[info] Processing 1 session(s)
[info] C: stim/axes_peakbin_stimC-stim-pooled-20mssw (pooled)
[info] S: sacc/axes_peakbin_saccCS-sacc-pooled-20mssw (pooled)
[info] win_C: [0.1, 0.3], win_S: [-0.1, -0.03]
[info] Use rich conditions: False

============================================================
[20200929] Processing cross-alignment...
  [cross] Building geometry from both epochs...
          C epoch: stim, window=(0.1, 0.3), trials=548
          S epoch: sacc, window=(-0.1, -0.03), trials=548
          D_C shape: (76, 40), D_S shape: (76, 28)
  [cross] Observed: |cos(θ)|=0.0143, θ=89.2°
  [null] Manifold dim: 41, D_eff=4.4
         Expected |cos(θ)| ≈ 0.380 (angle ≈ 67.7°)
  [null] Running 1000 covariance-constrained null samples...
    [200/1000] null_mean=0.1928
    [400/1000] null_mean=0.2048
    [600/1000] null_mean=0.2005
    [800/1000] null_mean=0.2003
    [1000/1000] null_mean=0.2004
  [result] a_obs=0.0143, null_mean=0.2004±0.1432
           Δ=-0.1861, z=-1.30
           θ_obs=89.2°, θ_null=78.3°
           p(more orthogonal)=0.0529, p(more aligned)=0.9481
  [saved] /project/bdoiron/dracoxu/rct-fsflow/paper_project_final/out/cross_alignment/case_iv_correctonly/cross_case_iv_correctonly_20200929.json

======================================================================
[done] Results saved to /project/bdoiron/dracoxu/rct-fsflow/paper_project_final/out/cross_alignment/case_iv_correctonly
======================================================================
[done] Case iv → /project/bdoiron/dracoxu/rct-fsflow/paper_project_final/out/cross_alignment/case_iv_correctonly/

==============================================================
ALL TRIALS (out_nofilter/)
==============================================================

------------------------------------------------------------
[Case i] Sacc-aligned C & S, horizontal trials (all-trials)
  Axes: axes_peakbin_saccCS-sacc-horizontal-20mssw_nofilter
  Orientation: horizontal
  OUT_ROOT: /project/bdoiron/dracoxu/rct-fsflow/paper_project_final/out_nofilter
------------------------------------------------------------
======================================================================
CATEGORY-SACCADE SUBSPACE ALIGNMENT ANALYSIS
======================================================================
[info] Processing 1 session(s)
[info] Mode: axis_cov
[info] out_root: /project/bdoiron/dracoxu/rct-fsflow/paper_project_final/out_nofilter
[info] n_perms: 1000

[Analysis C] Axis Angle + Covariance-Constrained Null (DAVE'S QUESTION)
             Axes tag: axes_peakbin_saccCS-sacc-horizontal-20mssw_nofilter
             Uses trained sC and sS_raw axes
             Tests: 'less aligned than geometry-constrained chance'

============================================================
[20200929] Processing...

  [Analysis C] Axis angle + covariance-constrained null...
  [axis-cov] Observed: |cos(θ)|=0.0930, θ=84.7°
  [null] Manifold dim: 27, D_eff=2.3
         Expected |cos(θ)| ≈ 0.656 (angle ≈ 49.0°)
  [null] Running 1000 covariance-constrained null samples...
    [200/1000] null_mean=0.1640
    [400/1000] null_mean=0.1622
    [600/1000] null_mean=0.1609
    [800/1000] null_mean=0.1601
    [1000/1000] null_mean=0.1600
  [result] a_obs=0.0930, null_mean=0.1600±0.1164
           Δ=-0.0670, z=-0.58
           θ_obs=84.7°, θ_null=80.7°
           p(more orthogonal)=0.3656, p(more aligned)=0.6354
  [saved] /project/bdoiron/dracoxu/rct-fsflow/paper_project_final/out_nofilter/sacc/alignment/case_i_alltrials/axis_cov_20200929.json

======================================================================
[done] Per-session results saved to /project/bdoiron/dracoxu/rct-fsflow/paper_project_final/out_nofilter/sacc/alignment/case_i_alltrials
======================================================================
[done] Case i → /project/bdoiron/dracoxu/rct-fsflow/paper_project_final/out_nofilter/sacc/alignment/case_i_alltrials/

------------------------------------------------------------
[Case ii] Sacc-aligned C & S, pooled trials (all-trials)
  Axes: axes_peakbin_saccCS-sacc-pooled-20mssw_nofilter
  Orientation: pooled
  OUT_ROOT: /project/bdoiron/dracoxu/rct-fsflow/paper_project_final/out_nofilter
------------------------------------------------------------
======================================================================
CATEGORY-SACCADE SUBSPACE ALIGNMENT ANALYSIS
======================================================================
[info] Processing 1 session(s)
[info] Mode: axis_cov
[info] out_root: /project/bdoiron/dracoxu/rct-fsflow/paper_project_final/out_nofilter
[info] n_perms: 1000

[Analysis C] Axis Angle + Covariance-Constrained Null (DAVE'S QUESTION)
             Axes tag: axes_peakbin_saccCS-sacc-pooled-20mssw_nofilter
             Uses trained sC and sS_raw axes
             Tests: 'less aligned than geometry-constrained chance'

============================================================
[20200929] Processing...

  [Analysis C] Axis angle + covariance-constrained null...
  [axis-cov] Observed: |cos(θ)|=0.0092, θ=89.5°
  [null] Manifold dim: 25, D_eff=1.9
         Expected |cos(θ)| ≈ 0.728 (angle ≈ 43.3°)
  [null] Running 1000 covariance-constrained null samples...
    [200/1000] null_mean=0.1629
    [400/1000] null_mean=0.1655
    [600/1000] null_mean=0.1669
    [800/1000] null_mean=0.1643
    [1000/1000] null_mean=0.1659
  [result] a_obs=0.0092, null_mean=0.1659±0.1151
           Δ=-0.1567, z=-1.36
           θ_obs=89.5°, θ_null=80.4°
           p(more orthogonal)=0.0350, p(more aligned)=0.9660
  [**] SIGNIFICANT: C-S alignment is LOWER than geometry-constrained chance!
  [saved] /project/bdoiron/dracoxu/rct-fsflow/paper_project_final/out_nofilter/sacc/alignment/case_ii_alltrials/axis_cov_20200929.json

======================================================================
[done] Per-session results saved to /project/bdoiron/dracoxu/rct-fsflow/paper_project_final/out_nofilter/sacc/alignment/case_ii_alltrials
======================================================================
[done] Case ii → /project/bdoiron/dracoxu/rct-fsflow/paper_project_final/out_nofilter/sacc/alignment/case_ii_alltrials/

------------------------------------------------------------
[Case iii] Stim-C (vertical) vs Sacc-S (horizontal) (all-trials)
  C axes: stim/axes_peakbin_stimC-stim-vertical-20mssw_nofilter (orientation: vertical)
  S axes: sacc/axes_peakbin_saccCS-sacc-horizontal-20mssw_nofilter (orientation: horizontal)
  OUT_ROOT: /project/bdoiron/dracoxu/rct-fsflow/paper_project_final/out_nofilter
------------------------------------------------------------
======================================================================
CROSS-ALIGNMENT AXIS ANALYSIS
======================================================================
[info] Processing 1 session(s)
[info] C: stim/axes_peakbin_stimC-stim-vertical-20mssw_nofilter (vertical)
[info] S: sacc/axes_peakbin_saccCS-sacc-horizontal-20mssw_nofilter (horizontal)
[info] win_C: [0.1, 0.3], win_S: [-0.1, -0.03]
[info] Use rich conditions: False

============================================================
[20200929] Processing cross-alignment...
  [cross] Building geometry from both epochs...
          C epoch: stim, window=(0.1, 0.3), trials=303
          S epoch: sacc, window=(-0.1, -0.03), trials=268
          D_C shape: (76, 40), D_S shape: (76, 28)
  [cross] Observed: |cos(θ)|=0.3827, θ=67.5°
  [null] Manifold dim: 45, D_eff=6.4
         Expected |cos(θ)| ≈ 0.315 (angle ≈ 71.6°)
  [null] Running 1000 covariance-constrained null samples...
    [200/1000] null_mean=0.2108
    [400/1000] null_mean=0.2142
    [600/1000] null_mean=0.2130
    [800/1000] null_mean=0.2111
    [1000/1000] null_mean=0.2065
  [result] a_obs=0.3827, null_mean=0.2065±0.1335
           Δ=0.1763, z=1.32
           θ_obs=67.5°, θ_null=78.0°
           p(more orthogonal)=0.8821, p(more aligned)=0.1189
  [saved] /project/bdoiron/dracoxu/rct-fsflow/paper_project_final/out_nofilter/cross_alignment/case_iii_alltrials/cross_case_iii_alltrials_20200929.json

======================================================================
[done] Results saved to /project/bdoiron/dracoxu/rct-fsflow/paper_project_final/out_nofilter/cross_alignment/case_iii_alltrials
======================================================================
[done] Case iii → /project/bdoiron/dracoxu/rct-fsflow/paper_project_final/out_nofilter/cross_alignment/case_iii_alltrials/

------------------------------------------------------------
[Case iv] Stim-C (pooled) vs Sacc-S (pooled) (all-trials)
  C axes: stim/axes_peakbin_stimC-stim-pooled-20mssw_nofilter (orientation: pooled)
  S axes: sacc/axes_peakbin_saccCS-sacc-pooled-20mssw_nofilter (orientation: pooled)
  OUT_ROOT: /project/bdoiron/dracoxu/rct-fsflow/paper_project_final/out_nofilter
------------------------------------------------------------
======================================================================
CROSS-ALIGNMENT AXIS ANALYSIS
======================================================================
[info] Processing 1 session(s)
[info] C: stim/axes_peakbin_stimC-stim-pooled-20mssw_nofilter (pooled)
[info] S: sacc/axes_peakbin_saccCS-sacc-pooled-20mssw_nofilter (pooled)
[info] win_C: [0.1, 0.3], win_S: [-0.1, -0.03]
[info] Use rich conditions: False

============================================================
[20200929] Processing cross-alignment...
  [cross] Building geometry from both epochs...
          C epoch: stim, window=(0.1, 0.3), trials=571
          S epoch: sacc, window=(-0.1, -0.03), trials=571
          D_C shape: (76, 40), D_S shape: (76, 28)
  [cross] Observed: |cos(θ)|=0.0047, θ=89.7°
  [null] Manifold dim: 41, D_eff=4.3
         Expected |cos(θ)| ≈ 0.384 (angle ≈ 67.4°)
  [null] Running 1000 covariance-constrained null samples...
    [200/1000] null_mean=0.1876
    [400/1000] null_mean=0.1971
    [600/1000] null_mean=0.1922
    [800/1000] null_mean=0.1943
    [1000/1000] null_mean=0.1915
  [result] a_obs=0.0047, null_mean=0.1915±0.1358
           Δ=-0.1868, z=-1.38
           θ_obs=89.7°, θ_null=78.8°
           p(more orthogonal)=0.0180, p(more aligned)=0.9830
  [**] SIGNIFICANT: Cross-alignment C-S is LOWER than geometry-constrained chance!
  [saved] /project/bdoiron/dracoxu/rct-fsflow/paper_project_final/out_nofilter/cross_alignment/case_iv_alltrials/cross_case_iv_alltrials_20200929.json

======================================================================
[done] Results saved to /project/bdoiron/dracoxu/rct-fsflow/paper_project_final/out_nofilter/cross_alignment/case_iv_alltrials
======================================================================
[done] Case iv → /project/bdoiron/dracoxu/rct-fsflow/paper_project_final/out_nofilter/cross_alignment/case_iv_alltrials/

==============================================================
[done] All cases complete for SID=20200929
==============================================================
