==============================================================
AXIS ALIGNMENT ANALYSIS - ALL FOUR CASES
Session: 20231103 (task 18)
Filter mode: both
==============================================================

==============================================================
CORRECT-ONLY TRIALS (out/)
==============================================================

------------------------------------------------------------
[Case i] Sacc-aligned C & S, horizontal trials (correct-only)
  Axes: axes_peakbin_saccCS-sacc-horizontal-20mssw
  Orientation: horizontal
  OUT_ROOT: /project/bdoiron/dracoxu/rct-fsflow/paper_project_final/out
------------------------------------------------------------
======================================================================
CATEGORY-SACCADE SUBSPACE ALIGNMENT ANALYSIS
======================================================================
[info] Processing 1 session(s)
[info] Mode: axis_cov
[info] out_root: /project/bdoiron/dracoxu/rct-fsflow/paper_project_final/out
[info] n_perms: 1000

[Analysis C] Axis Angle + Covariance-Constrained Null (DAVE'S QUESTION)
             Axes tag: axes_peakbin_saccCS-sacc-horizontal-20mssw
             Uses trained sC and sS_raw axes
             Tests: 'less aligned than geometry-constrained chance'

============================================================
[20231103] Processing...

  [Analysis C] Axis angle + covariance-constrained null...
  [axis-cov] Observed: |cos(θ)|=0.1152, θ=83.4°
  [null] Manifold dim: 64, D_eff=25.4
         Expected |cos(θ)| ≈ 0.198 (angle ≈ 78.6°)
  [null] Running 1000 covariance-constrained null samples...
    [200/1000] null_mean=0.0946
    [400/1000] null_mean=0.1000
    [600/1000] null_mean=0.1014
    [800/1000] null_mean=0.1025
    [1000/1000] null_mean=0.1027
  [result] a_obs=0.1152, null_mean=0.1027±0.0758
           Δ=0.0124, z=0.16
           θ_obs=83.4°, θ_null=84.1°
           p(more orthogonal)=0.6204, p(more aligned)=0.3806
  [saved] /project/bdoiron/dracoxu/rct-fsflow/paper_project_final/out/sacc/alignment/case_i_correctonly/axis_cov_20231103.json

======================================================================
[done] Per-session results saved to /project/bdoiron/dracoxu/rct-fsflow/paper_project_final/out/sacc/alignment/case_i_correctonly
======================================================================
[done] Case i → /project/bdoiron/dracoxu/rct-fsflow/paper_project_final/out/sacc/alignment/case_i_correctonly/

------------------------------------------------------------
[Case ii] Sacc-aligned C & S, pooled trials (correct-only)
  Axes: axes_peakbin_saccCS-sacc-pooled-20mssw
  Orientation: pooled
  OUT_ROOT: /project/bdoiron/dracoxu/rct-fsflow/paper_project_final/out
------------------------------------------------------------
======================================================================
CATEGORY-SACCADE SUBSPACE ALIGNMENT ANALYSIS
======================================================================
[info] Processing 1 session(s)
[info] Mode: axis_cov
[info] out_root: /project/bdoiron/dracoxu/rct-fsflow/paper_project_final/out
[info] n_perms: 1000

[Analysis C] Axis Angle + Covariance-Constrained Null (DAVE'S QUESTION)
             Axes tag: axes_peakbin_saccCS-sacc-pooled-20mssw
             Uses trained sC and sS_raw axes
             Tests: 'less aligned than geometry-constrained chance'

============================================================
[20231103] Processing...

  [Analysis C] Axis angle + covariance-constrained null...
  [axis-cov] Observed: |cos(θ)|=0.0930, θ=84.7°
  [null] Manifold dim: 67, D_eff=34.5
         Expected |cos(θ)| ≈ 0.170 (angle ≈ 80.2°)
  [null] Running 1000 covariance-constrained null samples...
    [200/1000] null_mean=0.1323
    [400/1000] null_mean=0.1312
    [600/1000] null_mean=0.1335
    [800/1000] null_mean=0.1319
    [1000/1000] null_mean=0.1315
  [result] a_obs=0.0930, null_mean=0.1315±0.0946
           Δ=-0.0385, z=-0.41
           θ_obs=84.7°, θ_null=82.4°
           p(more orthogonal)=0.4026, p(more aligned)=0.5984
  [saved] /project/bdoiron/dracoxu/rct-fsflow/paper_project_final/out/sacc/alignment/case_ii_correctonly/axis_cov_20231103.json

======================================================================
[done] Per-session results saved to /project/bdoiron/dracoxu/rct-fsflow/paper_project_final/out/sacc/alignment/case_ii_correctonly
======================================================================
[done] Case ii → /project/bdoiron/dracoxu/rct-fsflow/paper_project_final/out/sacc/alignment/case_ii_correctonly/
[WARN] Axes not found for Case iii → skipping
       Missing: /project/bdoiron/dracoxu/rct-fsflow/paper_project_final/out/stim/20231103/axes/axes_peakbin_C-stim-vertical-20mssw
