==============================================================
AXIS ALIGNMENT ANALYSIS (NOFILTER) - Session 20230627 (task 13)
==============================================================

[info] Running alignment analysis for 20230627 (NOFILTER)
       Mode: both (AI + axis_shuffle)
       n_perms: 1000

======================================================================
CATEGORY-SACCADE SUBSPACE ALIGNMENT ANALYSIS
======================================================================
[info] Processing 1 session(s)
[info] Mode: both
[info] out_root: /project/bdoiron/dracoxu/rct-fsflow/paper_project_final/out_nofilter
[info] n_perms: 1000

[Analysis A] Alignment Index + Covariance-Matched Null
             Category window: [-0.3, -0.1]
             Saccade window: [-0.1, -0.03]
             Subspace dim k: 6
             Tests: 'less aligned than chance' (orthogonality)

[Analysis B] Axis Angle + Label-Shuffle Null
             Axes tag: axes_peakbin_saccCS-sacc-horizontal-20mssw_nofilter
             Tests: 'more aligned than chance' (label-specific)

============================================================
[20230627] Processing...

  [Analysis A] Alignment Index...
  [AI] Building condition-averaged matrices...
       Category window: (-0.3, -0.1)
       Saccade window: (-0.1, -0.03)
       D_C shape: (68, 38), D_S shape: (68, 16)
       Category subspace: (68, 6), var_explained=0.865
       Saccade subspace: (68, 6), var_explained=0.945
  [AI] Observed AI = 0.2623
       Principal angles (deg): [49.03000951 61.6929813  63.70008705 71.31036474 81.40002801 86.86293102]
       Mean angle: 69.0°, Overlap: 0.1632
  [null] Manifold dim: 26 (from 54 total)
         Expected random overlap (isotropic): ~0.231
  [null] Running 1000 covariance-matched null samples...
    [200/1000] null_AI_mean=0.6531
    [400/1000] null_AI_mean=0.6459
    [600/1000] null_AI_mean=0.6471
    [800/1000] null_AI_mean=0.6468
    [1000/1000] null_AI_mean=0.6488
  [result] AI_obs=0.2623, null_mean=0.6488±0.1050
           Δ_AI=-0.3865
           p(less aligned)=0.0020, p(more aligned)=0.9990
  [saved] /project/bdoiron/dracoxu/rct-fsflow/paper_project_final/out_nofilter/sacc/alignment/nofilter/AI_20230627.json

  [Analysis B] Axis angle + shuffle...
  [axis] Observed: |cos(θ)|=0.0046, θ=89.7°
  [null] Running 1000 label-shuffle permutations...
    [100/1000] null_mean=0.1122
    [200/1000] null_mean=0.1091
    [300/1000] null_mean=0.1043
    [400/1000] null_mean=0.1061
    [500/1000] null_mean=0.1058
    [600/1000] null_mean=0.1035
    [700/1000] null_mean=0.1008
    [800/1000] null_mean=0.1014
    [900/1000] null_mean=0.1009
    [1000/1000] null_mean=0.1022
  [result] Δ=-0.0976, p(more aligned)=0.9710
           Note: shuffle null tests 'more aligned than chance'
  [saved] /project/bdoiron/dracoxu/rct-fsflow/paper_project_final/out_nofilter/sacc/alignment/nofilter/axis_shuffle_20230627.json

======================================================================
[done] Per-session results saved to /project/bdoiron/dracoxu/rct-fsflow/paper_project_final/out_nofilter/sacc/alignment/nofilter
======================================================================

[done] Alignment analysis complete for SID=20230627 (NOFILTER)
       Results: /project/bdoiron/dracoxu/rct-fsflow/paper_project_final/out_nofilter/sacc/alignment/nofilter/
