==============================================================
AXIS ALIGNMENT ANALYSIS - ALL FOUR CASES
Session: 20200327 (task 1)
Filter mode: both
==============================================================

==============================================================
CORRECT-ONLY TRIALS (out/)
==============================================================

------------------------------------------------------------
[Case i] Sacc-aligned C & S, horizontal trials (correct-only)
  Axes: axes_peakbin_saccCS-sacc-horizontal-20mssw
  Orientation: horizontal
  OUT_ROOT: /project/bdoiron/dracoxu/rct-fsflow/paper_project_final/out
------------------------------------------------------------
======================================================================
CATEGORY-SACCADE SUBSPACE ALIGNMENT ANALYSIS
======================================================================
[info] Processing 1 session(s)
[info] Mode: axis_cov
[info] out_root: /project/bdoiron/dracoxu/rct-fsflow/paper_project_final/out
[info] n_perms: 1000

[Analysis C] Axis Angle + Covariance-Constrained Null (DAVE'S QUESTION)
             Axes tag: axes_peakbin_saccCS-sacc-horizontal-20mssw
             Uses trained sC and sS_raw axes
             Tests: 'less aligned than geometry-constrained chance'

============================================================
[20200327] Processing...

  [Analysis C] Axis angle + covariance-constrained null...
  [axis-cov] Observed: |cos(θ)|=0.1729, θ=80.0°
  [null] Manifold dim: 39, D_eff=23.4
         Expected |cos(θ)| ≈ 0.207 (angle ≈ 78.1°)
  [null] Running 1000 covariance-constrained null samples...
    [200/1000] null_mean=0.1669
    [400/1000] null_mean=0.1634
    [600/1000] null_mean=0.1586
    [800/1000] null_mean=0.1570
    [1000/1000] null_mean=0.1552
  [result] a_obs=0.1729, null_mean=0.1552±0.1136
           Δ=0.0177, z=0.16
           θ_obs=80.0°, θ_null=81.0°
           p(more orthogonal)=0.6204, p(more aligned)=0.3806
  [saved] /project/bdoiron/dracoxu/rct-fsflow/paper_project_final/out/sacc/alignment/case_i_correctonly/axis_cov_20200327.json

======================================================================
[done] Per-session results saved to /project/bdoiron/dracoxu/rct-fsflow/paper_project_final/out/sacc/alignment/case_i_correctonly
======================================================================
[done] Case i → /project/bdoiron/dracoxu/rct-fsflow/paper_project_final/out/sacc/alignment/case_i_correctonly/

------------------------------------------------------------
[Case ii] Sacc-aligned C & S, pooled trials (correct-only)
  Axes: axes_peakbin_saccCS-sacc-pooled-20mssw
  Orientation: pooled
  OUT_ROOT: /project/bdoiron/dracoxu/rct-fsflow/paper_project_final/out
------------------------------------------------------------
======================================================================
CATEGORY-SACCADE SUBSPACE ALIGNMENT ANALYSIS
======================================================================
[info] Processing 1 session(s)
[info] Mode: axis_cov
[info] out_root: /project/bdoiron/dracoxu/rct-fsflow/paper_project_final/out
[info] n_perms: 1000

[Analysis C] Axis Angle + Covariance-Constrained Null (DAVE'S QUESTION)
             Axes tag: axes_peakbin_saccCS-sacc-pooled-20mssw
             Uses trained sC and sS_raw axes
             Tests: 'less aligned than geometry-constrained chance'

============================================================
[20200327] Processing...

  [Analysis C] Axis angle + covariance-constrained null...
  [axis-cov] Observed: |cos(θ)|=0.0545, θ=86.9°
  [null] Manifold dim: 40, D_eff=18.3
         Expected |cos(θ)| ≈ 0.234 (angle ≈ 76.5°)
  [null] Running 1000 covariance-constrained null samples...
    [200/1000] null_mean=0.1161
    [400/1000] null_mean=0.1179
    [600/1000] null_mean=0.1190
    [800/1000] null_mean=0.1186
    [1000/1000] null_mean=0.1208
  [result] a_obs=0.0545, null_mean=0.1208±0.0912
           Δ=-0.0662, z=-0.73
           θ_obs=86.9°, θ_null=83.0°
           p(more orthogonal)=0.2987, p(more aligned)=0.7023
  [saved] /project/bdoiron/dracoxu/rct-fsflow/paper_project_final/out/sacc/alignment/case_ii_correctonly/axis_cov_20200327.json

======================================================================
[done] Per-session results saved to /project/bdoiron/dracoxu/rct-fsflow/paper_project_final/out/sacc/alignment/case_ii_correctonly
======================================================================
[done] Case ii → /project/bdoiron/dracoxu/rct-fsflow/paper_project_final/out/sacc/alignment/case_ii_correctonly/

------------------------------------------------------------
[Case iii] Stim-C (vertical) vs Sacc-S (horizontal) (correct-only)
  C axes: stim/axes_peakbin_stimC-stim-vertical-20mssw (orientation: vertical)
  S axes: sacc/axes_peakbin_saccCS-sacc-horizontal-20mssw (orientation: horizontal)
  OUT_ROOT: /project/bdoiron/dracoxu/rct-fsflow/paper_project_final/out
------------------------------------------------------------
======================================================================
CROSS-ALIGNMENT AXIS ANALYSIS
======================================================================
[info] Processing 1 session(s)
[info] C: stim/axes_peakbin_stimC-stim-vertical-20mssw (vertical)
[info] S: sacc/axes_peakbin_saccCS-sacc-horizontal-20mssw (horizontal)
[info] win_C: [0.1, 0.3], win_S: [-0.1, -0.03]
[info] Use rich conditions: True

============================================================
[20200327] Processing cross-alignment...
  [cross] Building geometry from both epochs...
          C epoch: stim, window=(0.1, 0.3), trials=261
          S epoch: sacc, window=(-0.1, -0.03), trials=284
          D_C shape: (41, 200), D_S shape: (41, 84)
  [cross] Observed: |cos(θ)|=0.2386, θ=76.2°
  [null] Manifold dim: 40, D_eff=21.0
         Expected |cos(θ)| ≈ 0.174 (angle ≈ 80.0°)
  [null] Running 1000 covariance-constrained null samples...
    [200/1000] null_mean=0.1191
    [400/1000] null_mean=0.1177
    [600/1000] null_mean=0.1211
    [800/1000] null_mean=0.1232
    [1000/1000] null_mean=0.1232
  [result] a_obs=0.2386, null_mean=0.1232±0.0906
           Δ=0.1154, z=1.27
           θ_obs=76.2°, θ_null=82.9°
           p(more orthogonal)=0.8801, p(more aligned)=0.1209
  [saved] /project/bdoiron/dracoxu/rct-fsflow/paper_project_final/out/cross_alignment/case_iii_correctonly/cross_case_iii_correctonly_20200327.json

======================================================================
[done] Results saved to /project/bdoiron/dracoxu/rct-fsflow/paper_project_final/out/cross_alignment/case_iii_correctonly
======================================================================
[done] Case iii → /project/bdoiron/dracoxu/rct-fsflow/paper_project_final/out/cross_alignment/case_iii_correctonly/

------------------------------------------------------------
[Case iv] Stim-C (pooled) vs Sacc-S (pooled) (correct-only)
  C axes: stim/axes_peakbin_stimC-stim-pooled-20mssw (orientation: pooled)
  S axes: sacc/axes_peakbin_saccCS-sacc-pooled-20mssw (orientation: pooled)
  OUT_ROOT: /project/bdoiron/dracoxu/rct-fsflow/paper_project_final/out
------------------------------------------------------------
======================================================================
CROSS-ALIGNMENT AXIS ANALYSIS
======================================================================
[info] Processing 1 session(s)
[info] C: stim/axes_peakbin_stimC-stim-pooled-20mssw (pooled)
[info] S: sacc/axes_peakbin_saccCS-sacc-pooled-20mssw (pooled)
[info] win_C: [0.1, 0.3], win_S: [-0.1, -0.03]
[info] Use rich conditions: True

============================================================
[20200327] Processing cross-alignment...
  [cross] Building geometry from both epochs...
          C epoch: stim, window=(0.1, 0.3), trials=545
          S epoch: sacc, window=(-0.1, -0.03), trials=545
          D_C shape: (41, 320), D_S shape: (41, 224)
  [cross] Observed: |cos(θ)|=0.0834, θ=85.2°
  [null] Manifold dim: 40, D_eff=17.6
         Expected |cos(θ)| ≈ 0.190 (angle ≈ 79.0°)
  [null] Running 1000 covariance-constrained null samples...
    [200/1000] null_mean=0.1167
    [400/1000] null_mean=0.1154
    [600/1000] null_mean=0.1164
    [800/1000] null_mean=0.1139
    [1000/1000] null_mean=0.1128
  [result] a_obs=0.0834, null_mean=0.1128±0.0869
           Δ=-0.0294, z=-0.34
           θ_obs=85.2°, θ_null=83.5°
           p(more orthogonal)=0.4575, p(more aligned)=0.5435
  [saved] /project/bdoiron/dracoxu/rct-fsflow/paper_project_final/out/cross_alignment/case_iv_correctonly/cross_case_iv_correctonly_20200327.json

======================================================================
[done] Results saved to /project/bdoiron/dracoxu/rct-fsflow/paper_project_final/out/cross_alignment/case_iv_correctonly
======================================================================
[done] Case iv → /project/bdoiron/dracoxu/rct-fsflow/paper_project_final/out/cross_alignment/case_iv_correctonly/

==============================================================
ALL TRIALS (out_nofilter/)
==============================================================

------------------------------------------------------------
[Case i] Sacc-aligned C & S, horizontal trials (all-trials)
  Axes: axes_peakbin_saccCS-sacc-horizontal-20mssw_nofilter
  Orientation: horizontal
  OUT_ROOT: /project/bdoiron/dracoxu/rct-fsflow/paper_project_final/out_nofilter
------------------------------------------------------------
======================================================================
CATEGORY-SACCADE SUBSPACE ALIGNMENT ANALYSIS
======================================================================
[info] Processing 1 session(s)
[info] Mode: axis_cov
[info] out_root: /project/bdoiron/dracoxu/rct-fsflow/paper_project_final/out_nofilter
[info] n_perms: 1000

[Analysis C] Axis Angle + Covariance-Constrained Null (DAVE'S QUESTION)
             Axes tag: axes_peakbin_saccCS-sacc-horizontal-20mssw_nofilter
             Uses trained sC and sS_raw axes
             Tests: 'less aligned than geometry-constrained chance'

============================================================
[20200327] Processing...

  [Analysis C] Axis angle + covariance-constrained null...
  [axis-cov] Observed: |cos(θ)|=0.0686, θ=86.1°
  [null] Manifold dim: 39, D_eff=22.9
         Expected |cos(θ)| ≈ 0.209 (angle ≈ 78.0°)
  [null] Running 1000 covariance-constrained null samples...
    [200/1000] null_mean=0.1571
    [400/1000] null_mean=0.1631
    [600/1000] null_mean=0.1658
    [800/1000] null_mean=0.1622
    [1000/1000] null_mean=0.1613
  [result] a_obs=0.0686, null_mean=0.1613±0.1194
           Δ=-0.0927, z=-0.78
           θ_obs=86.1°, θ_null=80.6°
           p(more orthogonal)=0.2737, p(more aligned)=0.7273
  [saved] /project/bdoiron/dracoxu/rct-fsflow/paper_project_final/out_nofilter/sacc/alignment/case_i_alltrials/axis_cov_20200327.json

======================================================================
[done] Per-session results saved to /project/bdoiron/dracoxu/rct-fsflow/paper_project_final/out_nofilter/sacc/alignment/case_i_alltrials
======================================================================
[done] Case i → /project/bdoiron/dracoxu/rct-fsflow/paper_project_final/out_nofilter/sacc/alignment/case_i_alltrials/

------------------------------------------------------------
[Case ii] Sacc-aligned C & S, pooled trials (all-trials)
  Axes: axes_peakbin_saccCS-sacc-pooled-20mssw_nofilter
  Orientation: pooled
  OUT_ROOT: /project/bdoiron/dracoxu/rct-fsflow/paper_project_final/out_nofilter
------------------------------------------------------------
======================================================================
CATEGORY-SACCADE SUBSPACE ALIGNMENT ANALYSIS
======================================================================
[info] Processing 1 session(s)
[info] Mode: axis_cov
[info] out_root: /project/bdoiron/dracoxu/rct-fsflow/paper_project_final/out_nofilter
[info] n_perms: 1000

[Analysis C] Axis Angle + Covariance-Constrained Null (DAVE'S QUESTION)
             Axes tag: axes_peakbin_saccCS-sacc-pooled-20mssw_nofilter
             Uses trained sC and sS_raw axes
             Tests: 'less aligned than geometry-constrained chance'

============================================================
[20200327] Processing...

  [Analysis C] Axis angle + covariance-constrained null...
  [axis-cov] Observed: |cos(θ)|=0.0221, θ=88.7°
  [null] Manifold dim: 40, D_eff=17.9
         Expected |cos(θ)| ≈ 0.237 (angle ≈ 76.3°)
  [null] Running 1000 covariance-constrained null samples...
    [200/1000] null_mean=0.1425
    [400/1000] null_mean=0.1432
    [600/1000] null_mean=0.1441
    [800/1000] null_mean=0.1469
    [1000/1000] null_mean=0.1445
  [result] a_obs=0.0221, null_mean=0.1445±0.1067
           Δ=-0.1224, z=-1.15
           θ_obs=88.7°, θ_null=81.6°
           p(more orthogonal)=0.1099, p(more aligned)=0.8911
  [saved] /project/bdoiron/dracoxu/rct-fsflow/paper_project_final/out_nofilter/sacc/alignment/case_ii_alltrials/axis_cov_20200327.json

======================================================================
[done] Per-session results saved to /project/bdoiron/dracoxu/rct-fsflow/paper_project_final/out_nofilter/sacc/alignment/case_ii_alltrials
======================================================================
[done] Case ii → /project/bdoiron/dracoxu/rct-fsflow/paper_project_final/out_nofilter/sacc/alignment/case_ii_alltrials/

------------------------------------------------------------
[Case iii] Stim-C (vertical) vs Sacc-S (horizontal) (all-trials)
  C axes: stim/axes_peakbin_stimC-stim-vertical-20mssw_nofilter (orientation: vertical)
  S axes: sacc/axes_peakbin_saccCS-sacc-horizontal-20mssw_nofilter (orientation: horizontal)
  OUT_ROOT: /project/bdoiron/dracoxu/rct-fsflow/paper_project_final/out_nofilter
------------------------------------------------------------
======================================================================
CROSS-ALIGNMENT AXIS ANALYSIS
======================================================================
[info] Processing 1 session(s)
[info] C: stim/axes_peakbin_stimC-stim-vertical-20mssw_nofilter (vertical)
[info] S: sacc/axes_peakbin_saccCS-sacc-horizontal-20mssw_nofilter (horizontal)
[info] win_C: [0.1, 0.3], win_S: [-0.1, -0.03]
[info] Use rich conditions: True

============================================================
[20200327] Processing cross-alignment...
  [cross] Building geometry from both epochs...
          C epoch: stim, window=(0.1, 0.3), trials=276
          S epoch: sacc, window=(-0.1, -0.03), trials=291
          D_C shape: (41, 160), D_S shape: (41, 84)
  [cross] Observed: |cos(θ)|=0.1863, θ=79.3°
  [null] Manifold dim: 40, D_eff=17.3
         Expected |cos(θ)| ≈ 0.192 (angle ≈ 78.9°)
  [null] Running 1000 covariance-constrained null samples...
    [200/1000] null_mean=0.1329
    [400/1000] null_mean=0.1300
    [600/1000] null_mean=0.1317
    [800/1000] null_mean=0.1329
    [1000/1000] null_mean=0.1338
  [result] a_obs=0.1863, null_mean=0.1338±0.0972
           Δ=0.0525, z=0.54
           θ_obs=79.3°, θ_null=82.3°
           p(more orthogonal)=0.7243, p(more aligned)=0.2767
  [saved] /project/bdoiron/dracoxu/rct-fsflow/paper_project_final/out_nofilter/cross_alignment/case_iii_alltrials/cross_case_iii_alltrials_20200327.json

======================================================================
[done] Results saved to /project/bdoiron/dracoxu/rct-fsflow/paper_project_final/out_nofilter/cross_alignment/case_iii_alltrials
======================================================================
[done] Case iii → /project/bdoiron/dracoxu/rct-fsflow/paper_project_final/out_nofilter/cross_alignment/case_iii_alltrials/

------------------------------------------------------------
[Case iv] Stim-C (pooled) vs Sacc-S (pooled) (all-trials)
  C axes: stim/axes_peakbin_stimC-stim-pooled-20mssw_nofilter (orientation: pooled)
  S axes: sacc/axes_peakbin_saccCS-sacc-pooled-20mssw_nofilter (orientation: pooled)
  OUT_ROOT: /project/bdoiron/dracoxu/rct-fsflow/paper_project_final/out_nofilter
------------------------------------------------------------
======================================================================
CROSS-ALIGNMENT AXIS ANALYSIS
======================================================================
[info] Processing 1 session(s)
[info] C: stim/axes_peakbin_stimC-stim-pooled-20mssw_nofilter (pooled)
[info] S: sacc/axes_peakbin_saccCS-sacc-pooled-20mssw_nofilter (pooled)
[info] win_C: [0.1, 0.3], win_S: [-0.1, -0.03]
[info] Use rich conditions: True

============================================================
[20200327] Processing cross-alignment...
  [cross] Building geometry from both epochs...
          C epoch: stim, window=(0.1, 0.3), trials=567
          S epoch: sacc, window=(-0.1, -0.03), trials=567
          D_C shape: (41, 320), D_S shape: (41, 224)
  [cross] Observed: |cos(θ)|=0.0229, θ=88.7°
  [null] Manifold dim: 40, D_eff=17.2
         Expected |cos(θ)| ≈ 0.192 (angle ≈ 78.9°)
  [null] Running 1000 covariance-constrained null samples...
    [200/1000] null_mean=0.1266
    [400/1000] null_mean=0.1244
    [600/1000] null_mean=0.1197
    [800/1000] null_mean=0.1168
    [1000/1000] null_mean=0.1159
  [result] a_obs=0.0229, null_mean=0.1159±0.0885
           Δ=-0.0930, z=-1.05
           θ_obs=88.7°, θ_null=83.3°
           p(more orthogonal)=0.1319, p(more aligned)=0.8691
  [saved] /project/bdoiron/dracoxu/rct-fsflow/paper_project_final/out_nofilter/cross_alignment/case_iv_alltrials/cross_case_iv_alltrials_20200327.json

======================================================================
[done] Results saved to /project/bdoiron/dracoxu/rct-fsflow/paper_project_final/out_nofilter/cross_alignment/case_iv_alltrials
======================================================================
[done] Case iv → /project/bdoiron/dracoxu/rct-fsflow/paper_project_final/out_nofilter/cross_alignment/case_iv_alltrials/

==============================================================
[done] All cases complete for SID=20200327
==============================================================
