==============================================================
AXIS ALIGNMENT ANALYSIS - ALL FOUR CASES
Session: 20230705 (task 14)
Filter mode: both
==============================================================

==============================================================
CORRECT-ONLY TRIALS (out/)
==============================================================

------------------------------------------------------------
[Case i] Sacc-aligned C & S, horizontal trials (correct-only)
  Axes: axes_peakbin_saccCS-sacc-horizontal-20mssw
  Orientation: horizontal
  OUT_ROOT: /project/bdoiron/dracoxu/rct-fsflow/paper_project_final/out
------------------------------------------------------------
======================================================================
CATEGORY-SACCADE SUBSPACE ALIGNMENT ANALYSIS
======================================================================
[info] Processing 1 session(s)
[info] Mode: axis_cov
[info] out_root: /project/bdoiron/dracoxu/rct-fsflow/paper_project_final/out
[info] n_perms: 1000

[Analysis C] Axis Angle + Covariance-Constrained Null (DAVE'S QUESTION)
             Axes tag: axes_peakbin_saccCS-sacc-horizontal-20mssw
             Uses trained sC and sS_raw axes
             Tests: 'less aligned than geometry-constrained chance'

============================================================
[20230705] Processing...

  [Analysis C] Axis angle + covariance-constrained null...
  [axis-cov] Observed: |cos(θ)|=0.1486, θ=81.5°
  [null] Manifold dim: 63, D_eff=7.7
         Expected |cos(θ)| ≈ 0.361 (angle ≈ 68.8°)
  [null] Running 1000 covariance-constrained null samples...
    [200/1000] null_mean=0.1770
    [400/1000] null_mean=0.1787
    [600/1000] null_mean=0.1755
    [800/1000] null_mean=0.1729
    [1000/1000] null_mean=0.1716
  [result] a_obs=0.1486, null_mean=0.1716±0.1230
           Δ=-0.0230, z=-0.19
           θ_obs=81.5°, θ_null=80.0°
           p(more orthogonal)=0.4935, p(more aligned)=0.5075
  [saved] /project/bdoiron/dracoxu/rct-fsflow/paper_project_final/out/sacc/alignment/case_i_correctonly/axis_cov_20230705.json

======================================================================
[done] Per-session results saved to /project/bdoiron/dracoxu/rct-fsflow/paper_project_final/out/sacc/alignment/case_i_correctonly
======================================================================
[done] Case i → /project/bdoiron/dracoxu/rct-fsflow/paper_project_final/out/sacc/alignment/case_i_correctonly/

------------------------------------------------------------
[Case ii] Sacc-aligned C & S, pooled trials (correct-only)
  Axes: axes_peakbin_saccCS-sacc-pooled-20mssw
  Orientation: pooled
  OUT_ROOT: /project/bdoiron/dracoxu/rct-fsflow/paper_project_final/out
------------------------------------------------------------
======================================================================
CATEGORY-SACCADE SUBSPACE ALIGNMENT ANALYSIS
======================================================================
[info] Processing 1 session(s)
[info] Mode: axis_cov
[info] out_root: /project/bdoiron/dracoxu/rct-fsflow/paper_project_final/out
[info] n_perms: 1000

[Analysis C] Axis Angle + Covariance-Constrained Null (DAVE'S QUESTION)
             Axes tag: axes_peakbin_saccCS-sacc-pooled-20mssw
             Uses trained sC and sS_raw axes
             Tests: 'less aligned than geometry-constrained chance'

============================================================
[20230705] Processing...

  [Analysis C] Axis angle + covariance-constrained null...
  [axis-cov] Observed: |cos(θ)|=0.0377, θ=87.8°
  [null] Manifold dim: 76, D_eff=10.4
         Expected |cos(θ)| ≈ 0.310 (angle ≈ 71.9°)
  [null] Running 1000 covariance-constrained null samples...
    [200/1000] null_mean=0.1399
    [400/1000] null_mean=0.1414
    [600/1000] null_mean=0.1381
    [800/1000] null_mean=0.1379
    [1000/1000] null_mean=0.1368
  [result] a_obs=0.0377, null_mean=0.1368±0.0974
           Δ=-0.0991, z=-1.02
           θ_obs=87.8°, θ_null=82.1°
           p(more orthogonal)=0.1708, p(more aligned)=0.8302
  [saved] /project/bdoiron/dracoxu/rct-fsflow/paper_project_final/out/sacc/alignment/case_ii_correctonly/axis_cov_20230705.json

======================================================================
[done] Per-session results saved to /project/bdoiron/dracoxu/rct-fsflow/paper_project_final/out/sacc/alignment/case_ii_correctonly
======================================================================
[done] Case ii → /project/bdoiron/dracoxu/rct-fsflow/paper_project_final/out/sacc/alignment/case_ii_correctonly/

------------------------------------------------------------
[Case iii] Stim-C (vertical) vs Sacc-S (horizontal) (correct-only)
  C axes: stim/axes_peakbin_stimC-stim-vertical-20mssw (orientation: vertical)
  S axes: sacc/axes_peakbin_saccCS-sacc-horizontal-20mssw (orientation: horizontal)
  OUT_ROOT: /project/bdoiron/dracoxu/rct-fsflow/paper_project_final/out
------------------------------------------------------------
======================================================================
CROSS-ALIGNMENT AXIS ANALYSIS
======================================================================
[info] Processing 1 session(s)
[info] C: stim/axes_peakbin_stimC-stim-vertical-20mssw (vertical)
[info] S: sacc/axes_peakbin_saccCS-sacc-horizontal-20mssw (horizontal)
[info] win_C: [0.1, 0.3], win_S: [-0.1, -0.03]
[info] Use rich conditions: True

============================================================
[20230705] Processing cross-alignment...
  [cross] Building geometry from both epochs...
          C epoch: stim, window=(0.1, 0.3), trials=415
          S epoch: sacc, window=(-0.1, -0.03), trials=380
          D_C shape: (84, 160), D_S shape: (84, 84)
  [cross] Observed: |cos(θ)|=0.1263, θ=82.7°
  [null] Manifold dim: 76, D_eff=25.1
         Expected |cos(θ)| ≈ 0.159 (angle ≈ 80.8°)
  [null] Running 1000 covariance-constrained null samples...
    [200/1000] null_mean=0.1149
    [400/1000] null_mean=0.1106
    [600/1000] null_mean=0.1105
    [800/1000] null_mean=0.1116
    [1000/1000] null_mean=0.1129
  [result] a_obs=0.1263, null_mean=0.1129±0.0789
           Δ=0.0133, z=0.17
           θ_obs=82.7°, θ_null=83.5°
           p(more orthogonal)=0.6094, p(more aligned)=0.3916
  [saved] /project/bdoiron/dracoxu/rct-fsflow/paper_project_final/out/cross_alignment/case_iii_correctonly/cross_case_iii_correctonly_20230705.json

======================================================================
[done] Results saved to /project/bdoiron/dracoxu/rct-fsflow/paper_project_final/out/cross_alignment/case_iii_correctonly
======================================================================
[done] Case iii → /project/bdoiron/dracoxu/rct-fsflow/paper_project_final/out/cross_alignment/case_iii_correctonly/

------------------------------------------------------------
[Case iv] Stim-C (pooled) vs Sacc-S (pooled) (correct-only)
  C axes: stim/axes_peakbin_stimC-stim-pooled-20mssw (orientation: pooled)
  S axes: sacc/axes_peakbin_saccCS-sacc-pooled-20mssw (orientation: pooled)
  OUT_ROOT: /project/bdoiron/dracoxu/rct-fsflow/paper_project_final/out
------------------------------------------------------------
======================================================================
CROSS-ALIGNMENT AXIS ANALYSIS
======================================================================
[info] Processing 1 session(s)
[info] C: stim/axes_peakbin_stimC-stim-pooled-20mssw (pooled)
[info] S: sacc/axes_peakbin_saccCS-sacc-pooled-20mssw (pooled)
[info] win_C: [0.1, 0.3], win_S: [-0.1, -0.03]
[info] Use rich conditions: True

============================================================
[20230705] Processing cross-alignment...
  [cross] Building geometry from both epochs...
          C epoch: stim, window=(0.1, 0.3), trials=795
          S epoch: sacc, window=(-0.1, -0.03), trials=795
          D_C shape: (84, 320), D_S shape: (84, 224)
  [cross] Observed: |cos(θ)|=0.3144, θ=71.7°
  [null] Manifold dim: 78, D_eff=28.1
         Expected |cos(θ)| ≈ 0.151 (angle ≈ 81.3°)
  [null] Running 1000 covariance-constrained null samples...
    [200/1000] null_mean=0.1207
    [400/1000] null_mean=0.1208
    [600/1000] null_mean=0.1181
    [800/1000] null_mean=0.1198
    [1000/1000] null_mean=0.1208
  [result] a_obs=0.3144, null_mean=0.1208±0.0897
           Δ=0.1936, z=2.16
           θ_obs=71.7°, θ_null=83.0°
           p(more orthogonal)=0.9730, p(more aligned)=0.0280
  [saved] /project/bdoiron/dracoxu/rct-fsflow/paper_project_final/out/cross_alignment/case_iv_correctonly/cross_case_iv_correctonly_20230705.json

======================================================================
[done] Results saved to /project/bdoiron/dracoxu/rct-fsflow/paper_project_final/out/cross_alignment/case_iv_correctonly
======================================================================
[done] Case iv → /project/bdoiron/dracoxu/rct-fsflow/paper_project_final/out/cross_alignment/case_iv_correctonly/

==============================================================
ALL TRIALS (out_nofilter/)
==============================================================

------------------------------------------------------------
[Case i] Sacc-aligned C & S, horizontal trials (all-trials)
  Axes: axes_peakbin_saccCS-sacc-horizontal-20mssw_nofilter
  Orientation: horizontal
  OUT_ROOT: /project/bdoiron/dracoxu/rct-fsflow/paper_project_final/out_nofilter
------------------------------------------------------------
======================================================================
CATEGORY-SACCADE SUBSPACE ALIGNMENT ANALYSIS
======================================================================
[info] Processing 1 session(s)
[info] Mode: axis_cov
[info] out_root: /project/bdoiron/dracoxu/rct-fsflow/paper_project_final/out_nofilter
[info] n_perms: 1000

[Analysis C] Axis Angle + Covariance-Constrained Null (DAVE'S QUESTION)
             Axes tag: axes_peakbin_saccCS-sacc-horizontal-20mssw_nofilter
             Uses trained sC and sS_raw axes
             Tests: 'less aligned than geometry-constrained chance'

============================================================
[20230705] Processing...

  [Analysis C] Axis angle + covariance-constrained null...
  [axis-cov] Observed: |cos(θ)|=0.2201, θ=77.3°
  [null] Manifold dim: 64, D_eff=10.1
         Expected |cos(θ)| ≈ 0.315 (angle ≈ 71.7°)
  [null] Running 1000 covariance-constrained null samples...
    [200/1000] null_mean=0.1927
    [400/1000] null_mean=0.1746
    [600/1000] null_mean=0.1767
    [800/1000] null_mean=0.1772
    [1000/1000] null_mean=0.1782
  [result] a_obs=0.2201, null_mean=0.1782±0.1250
           Δ=0.0420, z=0.34
           θ_obs=77.3°, θ_null=79.6°
           p(more orthogonal)=0.6813, p(more aligned)=0.3197
  [saved] /project/bdoiron/dracoxu/rct-fsflow/paper_project_final/out_nofilter/sacc/alignment/case_i_alltrials/axis_cov_20230705.json

======================================================================
[done] Per-session results saved to /project/bdoiron/dracoxu/rct-fsflow/paper_project_final/out_nofilter/sacc/alignment/case_i_alltrials
======================================================================
[done] Case i → /project/bdoiron/dracoxu/rct-fsflow/paper_project_final/out_nofilter/sacc/alignment/case_i_alltrials/

------------------------------------------------------------
[Case ii] Sacc-aligned C & S, pooled trials (all-trials)
  Axes: axes_peakbin_saccCS-sacc-pooled-20mssw_nofilter
  Orientation: pooled
  OUT_ROOT: /project/bdoiron/dracoxu/rct-fsflow/paper_project_final/out_nofilter
------------------------------------------------------------
======================================================================
CATEGORY-SACCADE SUBSPACE ALIGNMENT ANALYSIS
======================================================================
[info] Processing 1 session(s)
[info] Mode: axis_cov
[info] out_root: /project/bdoiron/dracoxu/rct-fsflow/paper_project_final/out_nofilter
[info] n_perms: 1000

[Analysis C] Axis Angle + Covariance-Constrained Null (DAVE'S QUESTION)
             Axes tag: axes_peakbin_saccCS-sacc-pooled-20mssw_nofilter
             Uses trained sC and sS_raw axes
             Tests: 'less aligned than geometry-constrained chance'

============================================================
[20230705] Processing...

  [Analysis C] Axis angle + covariance-constrained null...
  [axis-cov] Observed: |cos(θ)|=0.0292, θ=88.3°
  [null] Manifold dim: 75, D_eff=9.6
         Expected |cos(θ)| ≈ 0.322 (angle ≈ 71.2°)
  [null] Running 1000 covariance-constrained null samples...
    [200/1000] null_mean=0.1464
    [400/1000] null_mean=0.1544
    [600/1000] null_mean=0.1518
    [800/1000] null_mean=0.1510
    [1000/1000] null_mean=0.1491
  [result] a_obs=0.0292, null_mean=0.1491±0.1156
           Δ=-0.1199, z=-1.04
           θ_obs=88.3°, θ_null=81.3°
           p(more orthogonal)=0.1419, p(more aligned)=0.8591
  [saved] /project/bdoiron/dracoxu/rct-fsflow/paper_project_final/out_nofilter/sacc/alignment/case_ii_alltrials/axis_cov_20230705.json

======================================================================
[done] Per-session results saved to /project/bdoiron/dracoxu/rct-fsflow/paper_project_final/out_nofilter/sacc/alignment/case_ii_alltrials
======================================================================
[done] Case ii → /project/bdoiron/dracoxu/rct-fsflow/paper_project_final/out_nofilter/sacc/alignment/case_ii_alltrials/

------------------------------------------------------------
[Case iii] Stim-C (vertical) vs Sacc-S (horizontal) (all-trials)
  C axes: stim/axes_peakbin_stimC-stim-vertical-20mssw_nofilter (orientation: vertical)
  S axes: sacc/axes_peakbin_saccCS-sacc-horizontal-20mssw_nofilter (orientation: horizontal)
  OUT_ROOT: /project/bdoiron/dracoxu/rct-fsflow/paper_project_final/out_nofilter
------------------------------------------------------------
======================================================================
CROSS-ALIGNMENT AXIS ANALYSIS
======================================================================
[info] Processing 1 session(s)
[info] C: stim/axes_peakbin_stimC-stim-vertical-20mssw_nofilter (vertical)
[info] S: sacc/axes_peakbin_saccCS-sacc-horizontal-20mssw_nofilter (horizontal)
[info] win_C: [0.1, 0.3], win_S: [-0.1, -0.03]
[info] Use rich conditions: True

============================================================
[20230705] Processing cross-alignment...
  [cross] Building geometry from both epochs...
          C epoch: stim, window=(0.1, 0.3), trials=534
          S epoch: sacc, window=(-0.1, -0.03), trials=442
          D_C shape: (84, 160), D_S shape: (84, 84)
  [cross] Observed: |cos(θ)|=0.0783, θ=85.5°
  [null] Manifold dim: 76, D_eff=22.0
         Expected |cos(θ)| ≈ 0.170 (angle ≈ 80.2°)
  [null] Running 1000 covariance-constrained null samples...
    [200/1000] null_mean=0.1034
    [400/1000] null_mean=0.1017
    [600/1000] null_mean=0.1016
    [800/1000] null_mean=0.1014
    [1000/1000] null_mean=0.1014
  [result] a_obs=0.0783, null_mean=0.1014±0.0727
           Δ=-0.0231, z=-0.32
           θ_obs=85.5°, θ_null=84.2°
           p(more orthogonal)=0.4376, p(more aligned)=0.5634
  [saved] /project/bdoiron/dracoxu/rct-fsflow/paper_project_final/out_nofilter/cross_alignment/case_iii_alltrials/cross_case_iii_alltrials_20230705.json

======================================================================
[done] Results saved to /project/bdoiron/dracoxu/rct-fsflow/paper_project_final/out_nofilter/cross_alignment/case_iii_alltrials
======================================================================
[done] Case iii → /project/bdoiron/dracoxu/rct-fsflow/paper_project_final/out_nofilter/cross_alignment/case_iii_alltrials/

------------------------------------------------------------
[Case iv] Stim-C (pooled) vs Sacc-S (pooled) (all-trials)
  C axes: stim/axes_peakbin_stimC-stim-pooled-20mssw_nofilter (orientation: pooled)
  S axes: sacc/axes_peakbin_saccCS-sacc-pooled-20mssw_nofilter (orientation: pooled)
  OUT_ROOT: /project/bdoiron/dracoxu/rct-fsflow/paper_project_final/out_nofilter
------------------------------------------------------------
======================================================================
CROSS-ALIGNMENT AXIS ANALYSIS
======================================================================
[info] Processing 1 session(s)
[info] C: stim/axes_peakbin_stimC-stim-pooled-20mssw_nofilter (pooled)
[info] S: sacc/axes_peakbin_saccCS-sacc-pooled-20mssw_nofilter (pooled)
[info] win_C: [0.1, 0.3], win_S: [-0.1, -0.03]
[info] Use rich conditions: True

============================================================
[20230705] Processing cross-alignment...
  [cross] Building geometry from both epochs...
          C epoch: stim, window=(0.1, 0.3), trials=976
          S epoch: sacc, window=(-0.1, -0.03), trials=976
          D_C shape: (84, 320), D_S shape: (84, 224)
  [cross] Observed: |cos(θ)|=0.2432, θ=75.9°
  [null] Manifold dim: 78, D_eff=24.3
         Expected |cos(θ)| ≈ 0.162 (angle ≈ 80.7°)
  [null] Running 1000 covariance-constrained null samples...
    [200/1000] null_mean=0.1199
    [400/1000] null_mean=0.1159
    [600/1000] null_mean=0.1141
    [800/1000] null_mean=0.1139
    [1000/1000] null_mean=0.1162
  [result] a_obs=0.2432, null_mean=0.1162±0.0807
           Δ=0.1270, z=1.57
           θ_obs=75.9°, θ_null=83.3°
           p(more orthogonal)=0.9201, p(more aligned)=0.0809
  [saved] /project/bdoiron/dracoxu/rct-fsflow/paper_project_final/out_nofilter/cross_alignment/case_iv_alltrials/cross_case_iv_alltrials_20230705.json

======================================================================
[done] Results saved to /project/bdoiron/dracoxu/rct-fsflow/paper_project_final/out_nofilter/cross_alignment/case_iv_alltrials
======================================================================
[done] Case iv → /project/bdoiron/dracoxu/rct-fsflow/paper_project_final/out_nofilter/cross_alignment/case_iv_alltrials/

==============================================================
[done] All cases complete for SID=20230705
==============================================================
