==============================================================
AXIS ALIGNMENT ANALYSIS - ALL FOUR CASES
Session: 20200402 (task 4)
Filter mode: both
==============================================================

==============================================================
CORRECT-ONLY TRIALS (out/)
==============================================================

------------------------------------------------------------
[Case i] Sacc-aligned C & S, horizontal trials (correct-only)
  Axes: axes_peakbin_saccCS-sacc-horizontal-20mssw
  Orientation: horizontal
  OUT_ROOT: /project/bdoiron/dracoxu/rct-fsflow/paper_project_final/out
  Covariance windows (SACC-aligned): C=[-0.20, 0.05], S=[-0.20, 0.05]
------------------------------------------------------------
======================================================================
CATEGORY-SACCADE SUBSPACE ALIGNMENT ANALYSIS
======================================================================
[info] Processing 1 session(s)
[info] Mode: axis_cov
[info] out_root: /project/bdoiron/dracoxu/rct-fsflow/paper_project_final/out
[info] n_perms: 1000

[Analysis C] Axis Angle + Covariance-Constrained Null (DAVE'S QUESTION)
             Axes tag: axes_peakbin_saccCS-sacc-horizontal-20mssw
             Uses trained sC and sS_raw axes
             Tests: 'less aligned than geometry-constrained chance'

============================================================
[20200402] Processing...

  [Analysis C] Axis angle + covariance-constrained null...
  [axis-cov] Observed: |cos(θ)|=0.0370, θ=87.9°
  [null] Manifold dim: 39, D_eff=4.9
         Expected |cos(θ)| ≈ 0.453 (angle ≈ 63.1°)
  [null] Running 1000 covariance-constrained null samples...
    [200/1000] null_mean=0.2772
    [400/1000] null_mean=0.2653
    [600/1000] null_mean=0.2645
    [800/1000] null_mean=0.2669
    [1000/1000] null_mean=0.2690
  [result] a_obs=0.0370, null_mean=0.2690±0.1832
           Δ=-0.2320, z=-1.27
           θ_obs=87.9°, θ_null=74.0°
           p(more orthogonal)=0.0859, p(more aligned)=0.9151
  [saved] /project/bdoiron/dracoxu/rct-fsflow/paper_project_final/out/sacc/alignment/case_i_correctonly/axis_cov_20200402.json

======================================================================
[done] Per-session results saved to /project/bdoiron/dracoxu/rct-fsflow/paper_project_final/out/sacc/alignment/case_i_correctonly
======================================================================
[done] Case i → /project/bdoiron/dracoxu/rct-fsflow/paper_project_final/out/sacc/alignment/case_i_correctonly/

------------------------------------------------------------
[Case ii] Sacc-aligned C & S, pooled trials (correct-only)
  Axes: axes_peakbin_saccCS-sacc-pooled-20mssw
  Orientation: pooled
  OUT_ROOT: /project/bdoiron/dracoxu/rct-fsflow/paper_project_final/out
  Covariance windows (SACC-aligned): C=[-0.20, 0.05], S=[-0.20, 0.05]
------------------------------------------------------------
======================================================================
CATEGORY-SACCADE SUBSPACE ALIGNMENT ANALYSIS
======================================================================
[info] Processing 1 session(s)
[info] Mode: axis_cov
[info] out_root: /project/bdoiron/dracoxu/rct-fsflow/paper_project_final/out
[info] n_perms: 1000

[Analysis C] Axis Angle + Covariance-Constrained Null (DAVE'S QUESTION)
             Axes tag: axes_peakbin_saccCS-sacc-pooled-20mssw
             Uses trained sC and sS_raw axes
             Tests: 'less aligned than geometry-constrained chance'

============================================================
[20200402] Processing...

  [Analysis C] Axis angle + covariance-constrained null...
  [axis-cov] Observed: |cos(θ)|=0.1377, θ=82.1°
  [null] Manifold dim: 39, D_eff=4.5
         Expected |cos(θ)| ≈ 0.471 (angle ≈ 61.9°)
  [null] Running 1000 covariance-constrained null samples...
    [200/1000] null_mean=0.3549
    [400/1000] null_mean=0.3537
    [600/1000] null_mean=0.3551
    [800/1000] null_mean=0.3569
    [1000/1000] null_mean=0.3516
  [result] a_obs=0.1377, null_mean=0.3516±0.2189
           Δ=-0.2138, z=-0.98
           θ_obs=82.1°, θ_null=68.7°
           p(more orthogonal)=0.2088, p(more aligned)=0.7922
  [saved] /project/bdoiron/dracoxu/rct-fsflow/paper_project_final/out/sacc/alignment/case_ii_correctonly/axis_cov_20200402.json

======================================================================
[done] Per-session results saved to /project/bdoiron/dracoxu/rct-fsflow/paper_project_final/out/sacc/alignment/case_ii_correctonly
======================================================================
[done] Case ii → /project/bdoiron/dracoxu/rct-fsflow/paper_project_final/out/sacc/alignment/case_ii_correctonly/

------------------------------------------------------------
[Case iii] Stim-C (vertical) vs Sacc-S (horizontal) (correct-only)
  C axes: stim/axes_peakbin_stimC-stim-vertical-20mssw (orientation: vertical)
  S axes: sacc/axes_peakbin_saccCS-sacc-horizontal-20mssw (orientation: horizontal)
  OUT_ROOT: /project/bdoiron/dracoxu/rct-fsflow/paper_project_final/out
  Covariance windows: C(stim)=[0.00, 0.50], S(sacc)=[-0.20, 0.05]
------------------------------------------------------------
======================================================================
CROSS-ALIGNMENT AXIS ANALYSIS
======================================================================
[info] Processing 1 session(s)
[info] C: stim/axes_peakbin_stimC-stim-vertical-20mssw (vertical)
[info] S: sacc/axes_peakbin_saccCS-sacc-horizontal-20mssw (horizontal)
[info] win_C: [0.0, 0.5], win_S: [-0.2, 0.05]
[info] Use rich conditions: False

============================================================
[20200402] Processing cross-alignment...
  [cross] Building geometry from both epochs...
          C epoch: stim, window=(0.0, 0.5), trials=217
          S epoch: sacc, window=(-0.2, 0.05), trials=237
          D_C shape: (80, 100), D_S shape: (80, 100)
  [cross] Observed: |cos(θ)|=0.6163, θ=52.0°
  [null] Manifold dim: 66, D_eff=8.1
         Expected |cos(θ)| ≈ 0.280 (angle ≈ 73.8°)
  [null] Running 1000 covariance-constrained null samples...
    [200/1000] null_mean=0.1900
    [400/1000] null_mean=0.1873
    [600/1000] null_mean=0.1872
    [800/1000] null_mean=0.1843
    [1000/1000] null_mean=0.1821
  [result] a_obs=0.6163, null_mean=0.1821±0.1272
           Δ=0.4342, z=3.41
           θ_obs=52.0°, θ_null=79.4°
           p(more orthogonal)=1.0000, p(more aligned)=0.0010
  [saved] /project/bdoiron/dracoxu/rct-fsflow/paper_project_final/out/cross_alignment/case_iii_correctonly/cross_case_iii_correctonly_20200402.json

======================================================================
[done] Results saved to /project/bdoiron/dracoxu/rct-fsflow/paper_project_final/out/cross_alignment/case_iii_correctonly
======================================================================
[done] Case iii → /project/bdoiron/dracoxu/rct-fsflow/paper_project_final/out/cross_alignment/case_iii_correctonly/

------------------------------------------------------------
[Case iv] Stim-C (pooled) vs Sacc-S (pooled) (correct-only)
  C axes: stim/axes_peakbin_stimC-stim-pooled-20mssw (orientation: pooled)
  S axes: sacc/axes_peakbin_saccCS-sacc-pooled-20mssw (orientation: pooled)
  OUT_ROOT: /project/bdoiron/dracoxu/rct-fsflow/paper_project_final/out
  Covariance windows: C(stim)=[0.00, 0.50], S(sacc)=[-0.20, 0.05]
------------------------------------------------------------
======================================================================
CROSS-ALIGNMENT AXIS ANALYSIS
======================================================================
[info] Processing 1 session(s)
[info] C: stim/axes_peakbin_stimC-stim-pooled-20mssw (pooled)
[info] S: sacc/axes_peakbin_saccCS-sacc-pooled-20mssw (pooled)
[info] win_C: [0.0, 0.5], win_S: [-0.2, 0.05]
[info] Use rich conditions: False

============================================================
[20200402] Processing cross-alignment...
  [cross] Building geometry from both epochs...
          C epoch: stim, window=(0.0, 0.5), trials=454
          S epoch: sacc, window=(-0.2, 0.05), trials=454
          D_C shape: (80, 100), D_S shape: (80, 100)
  [cross] Observed: |cos(θ)|=0.0290, θ=88.3°
  [null] Manifold dim: 62, D_eff=6.2
         Expected |cos(θ)| ≈ 0.321 (angle ≈ 71.3°)
  [null] Running 1000 covariance-constrained null samples...
    [200/1000] null_mean=0.1799
    [400/1000] null_mean=0.1717
    [600/1000] null_mean=0.1719
    [800/1000] null_mean=0.1734
    [1000/1000] null_mean=0.1779
  [result] a_obs=0.0290, null_mean=0.1779±0.1239
           Δ=-0.1489, z=-1.20
           θ_obs=88.3°, θ_null=79.7°
           p(more orthogonal)=0.0939, p(more aligned)=0.9071
  [saved] /project/bdoiron/dracoxu/rct-fsflow/paper_project_final/out/cross_alignment/case_iv_correctonly/cross_case_iv_correctonly_20200402.json

======================================================================
[done] Results saved to /project/bdoiron/dracoxu/rct-fsflow/paper_project_final/out/cross_alignment/case_iv_correctonly
======================================================================
[done] Case iv → /project/bdoiron/dracoxu/rct-fsflow/paper_project_final/out/cross_alignment/case_iv_correctonly/

------------------------------------------------------------
[Case v] Stim-C (horizontal) vs Sacc-S (horizontal) (correct-only)
  C axes: stim/axes_peakbin_stimC-stim-horizontal-20mssw (orientation: horizontal)
  S axes: sacc/axes_peakbin_saccCS-sacc-horizontal-20mssw (orientation: horizontal)
  OUT_ROOT: /project/bdoiron/dracoxu/rct-fsflow/paper_project_final/out
  Covariance windows: C(stim)=[0.00, 0.50], S(sacc)=[-0.20, 0.05]
------------------------------------------------------------
======================================================================
CROSS-ALIGNMENT AXIS ANALYSIS
======================================================================
[info] Processing 1 session(s)
[info] C: stim/axes_peakbin_stimC-stim-horizontal-20mssw (horizontal)
[info] S: sacc/axes_peakbin_saccCS-sacc-horizontal-20mssw (horizontal)
[info] win_C: [0.0, 0.5], win_S: [-0.2, 0.05]
[info] Use rich conditions: False

============================================================
[20200402] Processing cross-alignment...
  [cross] Building geometry from both epochs...
          C epoch: stim, window=(0.0, 0.5), trials=237
          S epoch: sacc, window=(-0.2, 0.05), trials=237
          D_C shape: (80, 100), D_S shape: (80, 100)
  [cross] Observed: |cos(θ)|=0.0569, θ=86.7°
  [null] Manifold dim: 66, D_eff=8.2
         Expected |cos(θ)| ≈ 0.279 (angle ≈ 73.8°)
  [null] Running 1000 covariance-constrained null samples...
    [200/1000] null_mean=0.1275
    [400/1000] null_mean=0.1282
    [600/1000] null_mean=0.1315
    [800/1000] null_mean=0.1326
    [1000/1000] null_mean=0.1357
  [result] a_obs=0.0569, null_mean=0.1357±0.1004
           Δ=-0.0788, z=-0.79
           θ_obs=86.7°, θ_null=82.1°
           p(more orthogonal)=0.2647, p(more aligned)=0.7363
  [saved] /project/bdoiron/dracoxu/rct-fsflow/paper_project_final/out/cross_alignment/case_v_correctonly/cross_case_v_correctonly_20200402.json

======================================================================
[done] Results saved to /project/bdoiron/dracoxu/rct-fsflow/paper_project_final/out/cross_alignment/case_v_correctonly
======================================================================
[done] Case v → /project/bdoiron/dracoxu/rct-fsflow/paper_project_final/out/cross_alignment/case_v_correctonly/

------------------------------------------------------------
[Case vi] Sacc-aligned C & S, vertical trials (correct-only)
  Axes: axes_peakbin_saccCS-sacc-vertical-20mssw
  Orientation: vertical
  OUT_ROOT: /project/bdoiron/dracoxu/rct-fsflow/paper_project_final/out
  Covariance windows (SACC-aligned): C=[-0.20, 0.05], S=[-0.20, 0.05]
------------------------------------------------------------
======================================================================
CATEGORY-SACCADE SUBSPACE ALIGNMENT ANALYSIS
======================================================================
[info] Processing 1 session(s)
[info] Mode: axis_cov
[info] out_root: /project/bdoiron/dracoxu/rct-fsflow/paper_project_final/out
[info] n_perms: 1000

[Analysis C] Axis Angle + Covariance-Constrained Null (DAVE'S QUESTION)
             Axes tag: axes_peakbin_saccCS-sacc-vertical-20mssw
             Uses trained sC and sS_raw axes
             Tests: 'less aligned than geometry-constrained chance'

============================================================
[20200402] Processing...

  [Analysis C] Axis angle + covariance-constrained null...
  [axis-cov] Observed: |cos(θ)|=0.1951, θ=78.8°
  [null] Manifold dim: 40, D_eff=4.8
         Expected |cos(θ)| ≈ 0.458 (angle ≈ 62.8°)
  [null] Running 1000 covariance-constrained null samples...
    [200/1000] null_mean=0.4268
    [400/1000] null_mean=0.4250
    [600/1000] null_mean=0.4143
    [800/1000] null_mean=0.4154
    [1000/1000] null_mean=0.4181
  [result] a_obs=0.1951, null_mean=0.4181±0.2502
           Δ=-0.2231, z=-0.89
           θ_obs=78.8°, θ_null=64.0°
           p(more orthogonal)=0.2368, p(more aligned)=0.7642
  [saved] /project/bdoiron/dracoxu/rct-fsflow/paper_project_final/out/sacc/alignment/case_vi_correctonly/axis_cov_20200402.json

======================================================================
[done] Per-session results saved to /project/bdoiron/dracoxu/rct-fsflow/paper_project_final/out/sacc/alignment/case_vi_correctonly
======================================================================
[done] Case vi → /project/bdoiron/dracoxu/rct-fsflow/paper_project_final/out/sacc/alignment/case_vi_correctonly/

==============================================================
ALL TRIALS (out_nofilter/)
==============================================================

------------------------------------------------------------
[Case i] Sacc-aligned C & S, horizontal trials (all-trials)
  Axes: axes_peakbin_saccCS-sacc-horizontal-20mssw_nofilter
  Orientation: horizontal
  OUT_ROOT: /project/bdoiron/dracoxu/rct-fsflow/paper_project_final/out_nofilter
  Covariance windows (SACC-aligned): C=[-0.20, 0.05], S=[-0.20, 0.05]
------------------------------------------------------------
======================================================================
CATEGORY-SACCADE SUBSPACE ALIGNMENT ANALYSIS
======================================================================
[info] Processing 1 session(s)
[info] Mode: axis_cov
[info] out_root: /project/bdoiron/dracoxu/rct-fsflow/paper_project_final/out_nofilter
[info] n_perms: 1000

[Analysis C] Axis Angle + Covariance-Constrained Null (DAVE'S QUESTION)
             Axes tag: axes_peakbin_saccCS-sacc-horizontal-20mssw_nofilter
             Uses trained sC and sS_raw axes
             Tests: 'less aligned than geometry-constrained chance'

============================================================
[20200402] Processing...

  [Analysis C] Axis angle + covariance-constrained null...
  [axis-cov] Observed: |cos(θ)|=0.0742, θ=85.7°
  [null] Manifold dim: 39, D_eff=4.9
         Expected |cos(θ)| ≈ 0.453 (angle ≈ 63.1°)
  [null] Running 1000 covariance-constrained null samples...
    [200/1000] null_mean=0.3016
    [400/1000] null_mean=0.2851
    [600/1000] null_mean=0.2837
    [800/1000] null_mean=0.2856
    [1000/1000] null_mean=0.2876
  [result] a_obs=0.0742, null_mean=0.2876±0.1936
           Δ=-0.2133, z=-1.10
           θ_obs=85.7°, θ_null=72.8°
           p(more orthogonal)=0.1429, p(more aligned)=0.8581
  [saved] /project/bdoiron/dracoxu/rct-fsflow/paper_project_final/out_nofilter/sacc/alignment/case_i_alltrials/axis_cov_20200402.json

======================================================================
[done] Per-session results saved to /project/bdoiron/dracoxu/rct-fsflow/paper_project_final/out_nofilter/sacc/alignment/case_i_alltrials
======================================================================
[done] Case i → /project/bdoiron/dracoxu/rct-fsflow/paper_project_final/out_nofilter/sacc/alignment/case_i_alltrials/

------------------------------------------------------------
[Case ii] Sacc-aligned C & S, pooled trials (all-trials)
  Axes: axes_peakbin_saccCS-sacc-pooled-20mssw_nofilter
  Orientation: pooled
  OUT_ROOT: /project/bdoiron/dracoxu/rct-fsflow/paper_project_final/out_nofilter
  Covariance windows (SACC-aligned): C=[-0.20, 0.05], S=[-0.20, 0.05]
------------------------------------------------------------
======================================================================
CATEGORY-SACCADE SUBSPACE ALIGNMENT ANALYSIS
======================================================================
[info] Processing 1 session(s)
[info] Mode: axis_cov
[info] out_root: /project/bdoiron/dracoxu/rct-fsflow/paper_project_final/out_nofilter
[info] n_perms: 1000

[Analysis C] Axis Angle + Covariance-Constrained Null (DAVE'S QUESTION)
             Axes tag: axes_peakbin_saccCS-sacc-pooled-20mssw_nofilter
             Uses trained sC and sS_raw axes
             Tests: 'less aligned than geometry-constrained chance'

============================================================
[20200402] Processing...

  [Analysis C] Axis angle + covariance-constrained null...
  [axis-cov] Observed: |cos(θ)|=0.1523, θ=81.2°
  [null] Manifold dim: 39, D_eff=4.5
         Expected |cos(θ)| ≈ 0.473 (angle ≈ 61.8°)
  [null] Running 1000 covariance-constrained null samples...
    [200/1000] null_mean=0.3684
    [400/1000] null_mean=0.3639
    [600/1000] null_mean=0.3645
    [800/1000] null_mean=0.3678
    [1000/1000] null_mean=0.3615
  [result] a_obs=0.1523, null_mean=0.3615±0.2236
           Δ=-0.2091, z=-0.94
           θ_obs=81.2°, θ_null=68.0°
           p(more orthogonal)=0.2338, p(more aligned)=0.7672
  [saved] /project/bdoiron/dracoxu/rct-fsflow/paper_project_final/out_nofilter/sacc/alignment/case_ii_alltrials/axis_cov_20200402.json

======================================================================
[done] Per-session results saved to /project/bdoiron/dracoxu/rct-fsflow/paper_project_final/out_nofilter/sacc/alignment/case_ii_alltrials
======================================================================
[done] Case ii → /project/bdoiron/dracoxu/rct-fsflow/paper_project_final/out_nofilter/sacc/alignment/case_ii_alltrials/

------------------------------------------------------------
[Case iii] Stim-C (vertical) vs Sacc-S (horizontal) (all-trials)
  C axes: stim/axes_peakbin_stimC-stim-vertical-20mssw_nofilter (orientation: vertical)
  S axes: sacc/axes_peakbin_saccCS-sacc-horizontal-20mssw_nofilter (orientation: horizontal)
  OUT_ROOT: /project/bdoiron/dracoxu/rct-fsflow/paper_project_final/out_nofilter
  Covariance windows: C(stim)=[0.00, 0.50], S(sacc)=[-0.20, 0.05]
------------------------------------------------------------
======================================================================
CROSS-ALIGNMENT AXIS ANALYSIS
======================================================================
[info] Processing 1 session(s)
[info] C: stim/axes_peakbin_stimC-stim-vertical-20mssw_nofilter (vertical)
[info] S: sacc/axes_peakbin_saccCS-sacc-horizontal-20mssw_nofilter (horizontal)
[info] win_C: [0.0, 0.5], win_S: [-0.2, 0.05]
[info] Use rich conditions: False

============================================================
[20200402] Processing cross-alignment...
  [cross] Building geometry from both epochs...
          C epoch: stim, window=(0.0, 0.5), trials=224
          S epoch: sacc, window=(-0.2, 0.05), trials=242
          D_C shape: (80, 100), D_S shape: (80, 100)
  [cross] Observed: |cos(θ)|=0.6029, θ=52.9°
  [null] Manifold dim: 66, D_eff=7.8
         Expected |cos(θ)| ≈ 0.285 (angle ≈ 73.4°)
  [null] Running 1000 covariance-constrained null samples...
    [200/1000] null_mean=0.1992
    [400/1000] null_mean=0.1983
    [600/1000] null_mean=0.1979
    [800/1000] null_mean=0.1931
    [1000/1000] null_mean=0.1908
  [result] a_obs=0.6029, null_mean=0.1908±0.1347
           Δ=0.4121, z=3.06
           θ_obs=52.9°, θ_null=78.9°
           p(more orthogonal)=0.9980, p(more aligned)=0.0030
  [saved] /project/bdoiron/dracoxu/rct-fsflow/paper_project_final/out_nofilter/cross_alignment/case_iii_alltrials/cross_case_iii_alltrials_20200402.json

======================================================================
[done] Results saved to /project/bdoiron/dracoxu/rct-fsflow/paper_project_final/out_nofilter/cross_alignment/case_iii_alltrials
======================================================================
[done] Case iii → /project/bdoiron/dracoxu/rct-fsflow/paper_project_final/out_nofilter/cross_alignment/case_iii_alltrials/

------------------------------------------------------------
[Case iv] Stim-C (pooled) vs Sacc-S (pooled) (all-trials)
  C axes: stim/axes_peakbin_stimC-stim-pooled-20mssw_nofilter (orientation: pooled)
  S axes: sacc/axes_peakbin_saccCS-sacc-pooled-20mssw_nofilter (orientation: pooled)
  OUT_ROOT: /project/bdoiron/dracoxu/rct-fsflow/paper_project_final/out_nofilter
  Covariance windows: C(stim)=[0.00, 0.50], S(sacc)=[-0.20, 0.05]
------------------------------------------------------------
======================================================================
CROSS-ALIGNMENT AXIS ANALYSIS
======================================================================
[info] Processing 1 session(s)
[info] C: stim/axes_peakbin_stimC-stim-pooled-20mssw_nofilter (pooled)
[info] S: sacc/axes_peakbin_saccCS-sacc-pooled-20mssw_nofilter (pooled)
[info] win_C: [0.0, 0.5], win_S: [-0.2, 0.05]
[info] Use rich conditions: False

============================================================
[20200402] Processing cross-alignment...
  [cross] Building geometry from both epochs...
          C epoch: stim, window=(0.0, 0.5), trials=466
          S epoch: sacc, window=(-0.2, 0.05), trials=466
          D_C shape: (80, 100), D_S shape: (80, 100)
  [cross] Observed: |cos(θ)|=0.0305, θ=88.3°
  [null] Manifold dim: 62, D_eff=6.0
         Expected |cos(θ)| ≈ 0.325 (angle ≈ 71.1°)
  [null] Running 1000 covariance-constrained null samples...
    [200/1000] null_mean=0.1760
    [400/1000] null_mean=0.1674
    [600/1000] null_mean=0.1675
    [800/1000] null_mean=0.1688
    [1000/1000] null_mean=0.1724
  [result] a_obs=0.0305, null_mean=0.1724±0.1227
           Δ=-0.1419, z=-1.16
           θ_obs=88.3°, θ_null=80.0°
           p(more orthogonal)=0.1069, p(more aligned)=0.8941
  [saved] /project/bdoiron/dracoxu/rct-fsflow/paper_project_final/out_nofilter/cross_alignment/case_iv_alltrials/cross_case_iv_alltrials_20200402.json

======================================================================
[done] Results saved to /project/bdoiron/dracoxu/rct-fsflow/paper_project_final/out_nofilter/cross_alignment/case_iv_alltrials
======================================================================
[done] Case iv → /project/bdoiron/dracoxu/rct-fsflow/paper_project_final/out_nofilter/cross_alignment/case_iv_alltrials/

------------------------------------------------------------
[Case v] Stim-C (horizontal) vs Sacc-S (horizontal) (all-trials)
  C axes: stim/axes_peakbin_stimC-stim-horizontal-20mssw_nofilter (orientation: horizontal)
  S axes: sacc/axes_peakbin_saccCS-sacc-horizontal-20mssw_nofilter (orientation: horizontal)
  OUT_ROOT: /project/bdoiron/dracoxu/rct-fsflow/paper_project_final/out_nofilter
  Covariance windows: C(stim)=[0.00, 0.50], S(sacc)=[-0.20, 0.05]
------------------------------------------------------------
======================================================================
CROSS-ALIGNMENT AXIS ANALYSIS
======================================================================
[info] Processing 1 session(s)
[info] C: stim/axes_peakbin_stimC-stim-horizontal-20mssw_nofilter (horizontal)
[info] S: sacc/axes_peakbin_saccCS-sacc-horizontal-20mssw_nofilter (horizontal)
[info] win_C: [0.0, 0.5], win_S: [-0.2, 0.05]
[info] Use rich conditions: False

============================================================
[20200402] Processing cross-alignment...
  [cross] Building geometry from both epochs...
          C epoch: stim, window=(0.0, 0.5), trials=242
          S epoch: sacc, window=(-0.2, 0.05), trials=242
          D_C shape: (80, 100), D_S shape: (80, 100)
  [cross] Observed: |cos(θ)|=0.0508, θ=87.1°
  [null] Manifold dim: 66, D_eff=8.0
         Expected |cos(θ)| ≈ 0.282 (angle ≈ 73.6°)
  [null] Running 1000 covariance-constrained null samples...
    [200/1000] null_mean=0.1379
    [400/1000] null_mean=0.1338
    [600/1000] null_mean=0.1383
    [800/1000] null_mean=0.1393
    [1000/1000] null_mean=0.1404
  [result] a_obs=0.0508, null_mean=0.1404±0.1002
           Δ=-0.0896, z=-0.89
           θ_obs=87.1°, θ_null=81.9°
           p(more orthogonal)=0.2318, p(more aligned)=0.7692
  [saved] /project/bdoiron/dracoxu/rct-fsflow/paper_project_final/out_nofilter/cross_alignment/case_v_alltrials/cross_case_v_alltrials_20200402.json

======================================================================
[done] Results saved to /project/bdoiron/dracoxu/rct-fsflow/paper_project_final/out_nofilter/cross_alignment/case_v_alltrials
======================================================================
[done] Case v → /project/bdoiron/dracoxu/rct-fsflow/paper_project_final/out_nofilter/cross_alignment/case_v_alltrials/

------------------------------------------------------------
[Case vi] Sacc-aligned C & S, vertical trials (all-trials)
  Axes: axes_peakbin_saccCS-sacc-vertical-20mssw_nofilter
  Orientation: vertical
  OUT_ROOT: /project/bdoiron/dracoxu/rct-fsflow/paper_project_final/out_nofilter
  Covariance windows (SACC-aligned): C=[-0.20, 0.05], S=[-0.20, 0.05]
------------------------------------------------------------
======================================================================
CATEGORY-SACCADE SUBSPACE ALIGNMENT ANALYSIS
======================================================================
[info] Processing 1 session(s)
[info] Mode: axis_cov
[info] out_root: /project/bdoiron/dracoxu/rct-fsflow/paper_project_final/out_nofilter
[info] n_perms: 1000

[Analysis C] Axis Angle + Covariance-Constrained Null (DAVE'S QUESTION)
             Axes tag: axes_peakbin_saccCS-sacc-vertical-20mssw_nofilter
             Uses trained sC and sS_raw axes
             Tests: 'less aligned than geometry-constrained chance'

============================================================
[20200402] Processing...

  [Analysis C] Axis angle + covariance-constrained null...
  [axis-cov] Observed: |cos(θ)|=0.2042, θ=78.2°
  [null] Manifold dim: 40, D_eff=4.7
         Expected |cos(θ)| ≈ 0.461 (angle ≈ 62.5°)
  [null] Running 1000 covariance-constrained null samples...
    [200/1000] null_mean=0.4221
    [400/1000] null_mean=0.4224
    [600/1000] null_mean=0.4121
    [800/1000] null_mean=0.4137
    [1000/1000] null_mean=0.4169
  [result] a_obs=0.2042, null_mean=0.4169±0.2499
           Δ=-0.2127, z=-0.85
           θ_obs=78.2°, θ_null=64.1°
           p(more orthogonal)=0.2557, p(more aligned)=0.7453
  [saved] /project/bdoiron/dracoxu/rct-fsflow/paper_project_final/out_nofilter/sacc/alignment/case_vi_alltrials/axis_cov_20200402.json

======================================================================
[done] Per-session results saved to /project/bdoiron/dracoxu/rct-fsflow/paper_project_final/out_nofilter/sacc/alignment/case_vi_alltrials
======================================================================
[done] Case vi → /project/bdoiron/dracoxu/rct-fsflow/paper_project_final/out_nofilter/sacc/alignment/case_vi_alltrials/

==============================================================
[done] All cases complete for SID=20200402
==============================================================
