==============================================================
AXIS ALIGNMENT ANALYSIS - ALL FOUR CASES
Session: 20200402 (task 4)
Filter mode: both
==============================================================

==============================================================
CORRECT-ONLY TRIALS (out/)
==============================================================

------------------------------------------------------------
[Case i] Sacc-aligned C & S, horizontal trials (correct-only)
  Axes: axes_peakbin_saccCS-sacc-horizontal-20mssw
  Orientation: horizontal
  OUT_ROOT: /project/bdoiron/dracoxu/rct-fsflow/paper_project_final/out
------------------------------------------------------------
======================================================================
CATEGORY-SACCADE SUBSPACE ALIGNMENT ANALYSIS
======================================================================
[info] Processing 1 session(s)
[info] Mode: axis_cov
[info] out_root: /project/bdoiron/dracoxu/rct-fsflow/paper_project_final/out
[info] n_perms: 1000

[Analysis C] Axis Angle + Covariance-Constrained Null (DAVE'S QUESTION)
             Axes tag: axes_peakbin_saccCS-sacc-horizontal-20mssw
             Uses trained sC and sS_raw axes
             Tests: 'less aligned than geometry-constrained chance'

============================================================
[20200402] Processing...

  [Analysis C] Axis angle + covariance-constrained null...
  [axis-cov] Observed: |cos(θ)|=0.1534, θ=81.2°
  [null] Manifold dim: 63, D_eff=8.0
         Expected |cos(θ)| ≈ 0.353 (angle ≈ 69.3°)
  [null] Running 1000 covariance-constrained null samples...
    [200/1000] null_mean=0.1945
    [400/1000] null_mean=0.1996
    [600/1000] null_mean=0.2010
    [800/1000] null_mean=0.1980
    [1000/1000] null_mean=0.1960
  [result] a_obs=0.1534, null_mean=0.1960±0.1373
           Δ=-0.0426, z=-0.31
           θ_obs=81.2°, θ_null=78.6°
           p(more orthogonal)=0.4396, p(more aligned)=0.5614
  [saved] /project/bdoiron/dracoxu/rct-fsflow/paper_project_final/out/sacc/alignment/case_i_correctonly/axis_cov_20200402.json

======================================================================
[done] Per-session results saved to /project/bdoiron/dracoxu/rct-fsflow/paper_project_final/out/sacc/alignment/case_i_correctonly
======================================================================
[done] Case i → /project/bdoiron/dracoxu/rct-fsflow/paper_project_final/out/sacc/alignment/case_i_correctonly/

------------------------------------------------------------
[Case ii] Sacc-aligned C & S, pooled trials (correct-only)
  Axes: axes_peakbin_saccCS-sacc-pooled-20mssw
  Orientation: pooled
  OUT_ROOT: /project/bdoiron/dracoxu/rct-fsflow/paper_project_final/out
------------------------------------------------------------
======================================================================
CATEGORY-SACCADE SUBSPACE ALIGNMENT ANALYSIS
======================================================================
[info] Processing 1 session(s)
[info] Mode: axis_cov
[info] out_root: /project/bdoiron/dracoxu/rct-fsflow/paper_project_final/out
[info] n_perms: 1000

[Analysis C] Axis Angle + Covariance-Constrained Null (DAVE'S QUESTION)
             Axes tag: axes_peakbin_saccCS-sacc-pooled-20mssw
             Uses trained sC and sS_raw axes
             Tests: 'less aligned than geometry-constrained chance'

============================================================
[20200402] Processing...

  [Analysis C] Axis angle + covariance-constrained null...
  [axis-cov] Observed: |cos(θ)|=0.0412, θ=87.6°
  [null] Manifold dim: 69, D_eff=9.3
         Expected |cos(θ)| ≈ 0.327 (angle ≈ 70.9°)
  [null] Running 1000 covariance-constrained null samples...
    [200/1000] null_mean=0.1830
    [400/1000] null_mean=0.1832
    [600/1000] null_mean=0.1816
    [800/1000] null_mean=0.1794
    [1000/1000] null_mean=0.1779
  [result] a_obs=0.0412, null_mean=0.1779±0.1277
           Δ=-0.1368, z=-1.07
           θ_obs=87.6°, θ_null=79.6°
           p(more orthogonal)=0.1588, p(more aligned)=0.8422
  [saved] /project/bdoiron/dracoxu/rct-fsflow/paper_project_final/out/sacc/alignment/case_ii_correctonly/axis_cov_20200402.json

======================================================================
[done] Per-session results saved to /project/bdoiron/dracoxu/rct-fsflow/paper_project_final/out/sacc/alignment/case_ii_correctonly
======================================================================
[done] Case ii → /project/bdoiron/dracoxu/rct-fsflow/paper_project_final/out/sacc/alignment/case_ii_correctonly/
[WARN] Axes not found for Case iii → skipping
       Missing: /project/bdoiron/dracoxu/rct-fsflow/paper_project_final/out/stim/20200402/axes/axes_peakbin_C-stim-vertical-20mssw
