==============================================================
AXIS ALIGNMENT ANALYSIS - ALL FOUR CASES
Session: 20201216 (task 11)
Filter mode: both
==============================================================

==============================================================
CORRECT-ONLY TRIALS (out/)
==============================================================

------------------------------------------------------------
[Case i] Sacc-aligned C & S, horizontal trials (correct-only)
  Axes: axes_peakbin_saccCS-sacc-horizontal-20mssw
  Orientation: horizontal
  OUT_ROOT: /project/bdoiron/dracoxu/rct-fsflow/paper_project_final/out
------------------------------------------------------------
======================================================================
CATEGORY-SACCADE SUBSPACE ALIGNMENT ANALYSIS
======================================================================
[info] Processing 1 session(s)
[info] Mode: axis_cov
[info] out_root: /project/bdoiron/dracoxu/rct-fsflow/paper_project_final/out
[info] n_perms: 1000

[Analysis C] Axis Angle + Covariance-Constrained Null (DAVE'S QUESTION)
             Axes tag: axes_peakbin_saccCS-sacc-horizontal-20mssw
             Uses trained sC and sS_raw axes
             Tests: 'less aligned than geometry-constrained chance'

============================================================
[20201216] Processing...

  [Analysis C] Axis angle + covariance-constrained null...
  [axis-cov] Observed: |cos(θ)|=0.0971, θ=84.4°
  [null] Manifold dim: 56, D_eff=5.4
         Expected |cos(θ)| ≈ 0.431 (angle ≈ 64.5°)
  [null] Running 1000 covariance-constrained null samples...
    [200/1000] null_mean=0.1807
    [400/1000] null_mean=0.1820
    [600/1000] null_mean=0.1809
    [800/1000] null_mean=0.1786
    [1000/1000] null_mean=0.1792
  [result] a_obs=0.0971, null_mean=0.1792±0.1172
           Δ=-0.0821, z=-0.70
           θ_obs=84.4°, θ_null=79.6°
           p(more orthogonal)=0.2947, p(more aligned)=0.7063
  [saved] /project/bdoiron/dracoxu/rct-fsflow/paper_project_final/out/sacc/alignment/case_i_correctonly/axis_cov_20201216.json

======================================================================
[done] Per-session results saved to /project/bdoiron/dracoxu/rct-fsflow/paper_project_final/out/sacc/alignment/case_i_correctonly
======================================================================
[done] Case i → /project/bdoiron/dracoxu/rct-fsflow/paper_project_final/out/sacc/alignment/case_i_correctonly/

------------------------------------------------------------
[Case ii] Sacc-aligned C & S, pooled trials (correct-only)
  Axes: axes_peakbin_saccCS-sacc-pooled-20mssw
  Orientation: pooled
  OUT_ROOT: /project/bdoiron/dracoxu/rct-fsflow/paper_project_final/out
------------------------------------------------------------
======================================================================
CATEGORY-SACCADE SUBSPACE ALIGNMENT ANALYSIS
======================================================================
[info] Processing 1 session(s)
[info] Mode: axis_cov
[info] out_root: /project/bdoiron/dracoxu/rct-fsflow/paper_project_final/out
[info] n_perms: 1000

[Analysis C] Axis Angle + Covariance-Constrained Null (DAVE'S QUESTION)
             Axes tag: axes_peakbin_saccCS-sacc-pooled-20mssw
             Uses trained sC and sS_raw axes
             Tests: 'less aligned than geometry-constrained chance'

============================================================
[20201216] Processing...

  [Analysis C] Axis angle + covariance-constrained null...
  [axis-cov] Observed: |cos(θ)|=0.1174, θ=83.3°
  [null] Manifold dim: 64, D_eff=7.6
         Expected |cos(θ)| ≈ 0.362 (angle ≈ 68.8°)
  [null] Running 1000 covariance-constrained null samples...
    [200/1000] null_mean=0.1525
    [400/1000] null_mean=0.1552
    [600/1000] null_mean=0.1555
    [800/1000] null_mean=0.1574
    [1000/1000] null_mean=0.1573
  [result] a_obs=0.1174, null_mean=0.1573±0.1027
           Δ=-0.0399, z=-0.39
           θ_obs=83.3°, θ_null=80.9°
           p(more orthogonal)=0.4046, p(more aligned)=0.5964
  [saved] /project/bdoiron/dracoxu/rct-fsflow/paper_project_final/out/sacc/alignment/case_ii_correctonly/axis_cov_20201216.json

======================================================================
[done] Per-session results saved to /project/bdoiron/dracoxu/rct-fsflow/paper_project_final/out/sacc/alignment/case_ii_correctonly
======================================================================
[done] Case ii → /project/bdoiron/dracoxu/rct-fsflow/paper_project_final/out/sacc/alignment/case_ii_correctonly/

------------------------------------------------------------
[Case iii] Stim-C (vertical) vs Sacc-S (horizontal) (correct-only)
  C axes: stim/axes_peakbin_stimC-stim-vertical-20mssw (orientation: vertical)
  S axes: sacc/axes_peakbin_saccCS-sacc-horizontal-20mssw (orientation: horizontal)
  OUT_ROOT: /project/bdoiron/dracoxu/rct-fsflow/paper_project_final/out
------------------------------------------------------------
======================================================================
CROSS-ALIGNMENT AXIS ANALYSIS
======================================================================
[info] Processing 1 session(s)
[info] C: stim/axes_peakbin_stimC-stim-vertical-20mssw (vertical)
[info] S: sacc/axes_peakbin_saccCS-sacc-horizontal-20mssw (horizontal)
[info] win_C: [0.1, 0.3], win_S: [-0.1, -0.03]
[info] Use rich conditions: True

============================================================
[20201216] Processing cross-alignment...
  [cross] Building geometry from both epochs...
          C epoch: stim, window=(0.1, 0.3), trials=257
          S epoch: sacc, window=(-0.1, -0.03), trials=251
          D_C shape: (77, 160), D_S shape: (77, 84)
  [cross] Observed: |cos(θ)|=0.7232, θ=43.7°
  [null] Manifold dim: 70, D_eff=27.1
         Expected |cos(θ)| ≈ 0.153 (angle ≈ 81.2°)
  [null] Running 1000 covariance-constrained null samples...
    [200/1000] null_mean=0.1663
    [400/1000] null_mean=0.1643
    [600/1000] null_mean=0.1616
    [800/1000] null_mean=0.1645
    [1000/1000] null_mean=0.1617
  [result] a_obs=0.7232, null_mean=0.1617±0.1124
           Δ=0.5615, z=5.00
           θ_obs=43.7°, θ_null=80.6°
           p(more orthogonal)=1.0000, p(more aligned)=0.0010
  [saved] /project/bdoiron/dracoxu/rct-fsflow/paper_project_final/out/cross_alignment/case_iii_correctonly/cross_case_iii_correctonly_20201216.json

======================================================================
[done] Results saved to /project/bdoiron/dracoxu/rct-fsflow/paper_project_final/out/cross_alignment/case_iii_correctonly
======================================================================
[done] Case iii → /project/bdoiron/dracoxu/rct-fsflow/paper_project_final/out/cross_alignment/case_iii_correctonly/

------------------------------------------------------------
[Case iv] Stim-C (pooled) vs Sacc-S (pooled) (correct-only)
  C axes: stim/axes_peakbin_stimC-stim-pooled-20mssw (orientation: pooled)
  S axes: sacc/axes_peakbin_saccCS-sacc-pooled-20mssw (orientation: pooled)
  OUT_ROOT: /project/bdoiron/dracoxu/rct-fsflow/paper_project_final/out
------------------------------------------------------------
======================================================================
CROSS-ALIGNMENT AXIS ANALYSIS
======================================================================
[info] Processing 1 session(s)
[info] C: stim/axes_peakbin_stimC-stim-pooled-20mssw (pooled)
[info] S: sacc/axes_peakbin_saccCS-sacc-pooled-20mssw (pooled)
[info] win_C: [0.1, 0.3], win_S: [-0.1, -0.03]
[info] Use rich conditions: True

============================================================
[20201216] Processing cross-alignment...
  [cross] Building geometry from both epochs...
          C epoch: stim, window=(0.1, 0.3), trials=508
          S epoch: sacc, window=(-0.1, -0.03), trials=508
          D_C shape: (77, 240), D_S shape: (77, 168)
  [cross] Observed: |cos(θ)|=0.2542, θ=75.3°
  [null] Manifold dim: 71, D_eff=23.7
         Expected |cos(θ)| ≈ 0.164 (angle ≈ 80.6°)
  [null] Running 1000 covariance-constrained null samples...
    [200/1000] null_mean=0.1124
    [400/1000] null_mean=0.1146
    [600/1000] null_mean=0.1134
    [800/1000] null_mean=0.1131
    [1000/1000] null_mean=0.1128
  [result] a_obs=0.2542, null_mean=0.1128±0.0816
           Δ=0.1414, z=1.73
           θ_obs=75.3°, θ_null=83.5°
           p(more orthogonal)=0.9351, p(more aligned)=0.0659
  [saved] /project/bdoiron/dracoxu/rct-fsflow/paper_project_final/out/cross_alignment/case_iv_correctonly/cross_case_iv_correctonly_20201216.json

======================================================================
[done] Results saved to /project/bdoiron/dracoxu/rct-fsflow/paper_project_final/out/cross_alignment/case_iv_correctonly
======================================================================
[done] Case iv → /project/bdoiron/dracoxu/rct-fsflow/paper_project_final/out/cross_alignment/case_iv_correctonly/

==============================================================
ALL TRIALS (out_nofilter/)
==============================================================

------------------------------------------------------------
[Case i] Sacc-aligned C & S, horizontal trials (all-trials)
  Axes: axes_peakbin_saccCS-sacc-horizontal-20mssw_nofilter
  Orientation: horizontal
  OUT_ROOT: /project/bdoiron/dracoxu/rct-fsflow/paper_project_final/out_nofilter
------------------------------------------------------------
======================================================================
CATEGORY-SACCADE SUBSPACE ALIGNMENT ANALYSIS
======================================================================
[info] Processing 1 session(s)
[info] Mode: axis_cov
[info] out_root: /project/bdoiron/dracoxu/rct-fsflow/paper_project_final/out_nofilter
[info] n_perms: 1000

[Analysis C] Axis Angle + Covariance-Constrained Null (DAVE'S QUESTION)
             Axes tag: axes_peakbin_saccCS-sacc-horizontal-20mssw_nofilter
             Uses trained sC and sS_raw axes
             Tests: 'less aligned than geometry-constrained chance'

============================================================
[20201216] Processing...

  [Analysis C] Axis angle + covariance-constrained null...
  [axis-cov] Observed: |cos(θ)|=0.0741, θ=85.7°
  [null] Manifold dim: 56, D_eff=5.3
         Expected |cos(θ)| ≈ 0.434 (angle ≈ 64.3°)
  [null] Running 1000 covariance-constrained null samples...
    [200/1000] null_mean=0.2165
    [400/1000] null_mean=0.2163
    [600/1000] null_mean=0.2142
    [800/1000] null_mean=0.2103
    [1000/1000] null_mean=0.2111
  [result] a_obs=0.0741, null_mean=0.2111±0.1315
           Δ=-0.1370, z=-1.04
           θ_obs=85.7°, θ_null=77.7°
           p(more orthogonal)=0.1778, p(more aligned)=0.8232
  [saved] /project/bdoiron/dracoxu/rct-fsflow/paper_project_final/out_nofilter/sacc/alignment/case_i_alltrials/axis_cov_20201216.json

======================================================================
[done] Per-session results saved to /project/bdoiron/dracoxu/rct-fsflow/paper_project_final/out_nofilter/sacc/alignment/case_i_alltrials
======================================================================
[done] Case i → /project/bdoiron/dracoxu/rct-fsflow/paper_project_final/out_nofilter/sacc/alignment/case_i_alltrials/

------------------------------------------------------------
[Case ii] Sacc-aligned C & S, pooled trials (all-trials)
  Axes: axes_peakbin_saccCS-sacc-pooled-20mssw_nofilter
  Orientation: pooled
  OUT_ROOT: /project/bdoiron/dracoxu/rct-fsflow/paper_project_final/out_nofilter
------------------------------------------------------------
======================================================================
CATEGORY-SACCADE SUBSPACE ALIGNMENT ANALYSIS
======================================================================
[info] Processing 1 session(s)
[info] Mode: axis_cov
[info] out_root: /project/bdoiron/dracoxu/rct-fsflow/paper_project_final/out_nofilter
[info] n_perms: 1000

[Analysis C] Axis Angle + Covariance-Constrained Null (DAVE'S QUESTION)
             Axes tag: axes_peakbin_saccCS-sacc-pooled-20mssw_nofilter
             Uses trained sC and sS_raw axes
             Tests: 'less aligned than geometry-constrained chance'

============================================================
[20201216] Processing...

  [Analysis C] Axis angle + covariance-constrained null...
  [axis-cov] Observed: |cos(θ)|=0.1982, θ=78.6°
  [null] Manifold dim: 64, D_eff=7.6
         Expected |cos(θ)| ≈ 0.363 (angle ≈ 68.7°)
  [null] Running 1000 covariance-constrained null samples...
    [200/1000] null_mean=0.2125
    [400/1000] null_mean=0.2080
    [600/1000] null_mean=0.2101
    [800/1000] null_mean=0.2142
    [1000/1000] null_mean=0.2161
  [result] a_obs=0.1982, null_mean=0.2161±0.1381
           Δ=-0.0178, z=-0.13
           θ_obs=78.6°, θ_null=77.4°
           p(more orthogonal)=0.5035, p(more aligned)=0.4975
  [saved] /project/bdoiron/dracoxu/rct-fsflow/paper_project_final/out_nofilter/sacc/alignment/case_ii_alltrials/axis_cov_20201216.json

======================================================================
[done] Per-session results saved to /project/bdoiron/dracoxu/rct-fsflow/paper_project_final/out_nofilter/sacc/alignment/case_ii_alltrials
======================================================================
[done] Case ii → /project/bdoiron/dracoxu/rct-fsflow/paper_project_final/out_nofilter/sacc/alignment/case_ii_alltrials/

------------------------------------------------------------
[Case iii] Stim-C (vertical) vs Sacc-S (horizontal) (all-trials)
  C axes: stim/axes_peakbin_stimC-stim-vertical-20mssw_nofilter (orientation: vertical)
  S axes: sacc/axes_peakbin_saccCS-sacc-horizontal-20mssw_nofilter (orientation: horizontal)
  OUT_ROOT: /project/bdoiron/dracoxu/rct-fsflow/paper_project_final/out_nofilter
------------------------------------------------------------
======================================================================
CROSS-ALIGNMENT AXIS ANALYSIS
======================================================================
[info] Processing 1 session(s)
[info] C: stim/axes_peakbin_stimC-stim-vertical-20mssw_nofilter (vertical)
[info] S: sacc/axes_peakbin_saccCS-sacc-horizontal-20mssw_nofilter (horizontal)
[info] win_C: [0.1, 0.3], win_S: [-0.1, -0.03]
[info] Use rich conditions: True

============================================================
[20201216] Processing cross-alignment...
  [cross] Building geometry from both epochs...
          C epoch: stim, window=(0.1, 0.3), trials=267
          S epoch: sacc, window=(-0.1, -0.03), trials=252
          D_C shape: (77, 160), D_S shape: (77, 84)
  [cross] Observed: |cos(θ)|=0.6796, θ=47.2°
  [null] Manifold dim: 70, D_eff=27.0
         Expected |cos(θ)| ≈ 0.154 (angle ≈ 81.2°)
  [null] Running 1000 covariance-constrained null samples...
    [200/1000] null_mean=0.1598
    [400/1000] null_mean=0.1559
    [600/1000] null_mean=0.1551
    [800/1000] null_mean=0.1617
    [1000/1000] null_mean=0.1589
  [result] a_obs=0.6796, null_mean=0.1589±0.1140
           Δ=0.5207, z=4.57
           θ_obs=47.2°, θ_null=80.8°
           p(more orthogonal)=1.0000, p(more aligned)=0.0010
  [saved] /project/bdoiron/dracoxu/rct-fsflow/paper_project_final/out_nofilter/cross_alignment/case_iii_alltrials/cross_case_iii_alltrials_20201216.json

======================================================================
[done] Results saved to /project/bdoiron/dracoxu/rct-fsflow/paper_project_final/out_nofilter/cross_alignment/case_iii_alltrials
======================================================================
[done] Case iii → /project/bdoiron/dracoxu/rct-fsflow/paper_project_final/out_nofilter/cross_alignment/case_iii_alltrials/

------------------------------------------------------------
[Case iv] Stim-C (pooled) vs Sacc-S (pooled) (all-trials)
  C axes: stim/axes_peakbin_stimC-stim-pooled-20mssw_nofilter (orientation: pooled)
  S axes: sacc/axes_peakbin_saccCS-sacc-pooled-20mssw_nofilter (orientation: pooled)
  OUT_ROOT: /project/bdoiron/dracoxu/rct-fsflow/paper_project_final/out_nofilter
------------------------------------------------------------
======================================================================
CROSS-ALIGNMENT AXIS ANALYSIS
======================================================================
[info] Processing 1 session(s)
[info] C: stim/axes_peakbin_stimC-stim-pooled-20mssw_nofilter (pooled)
[info] S: sacc/axes_peakbin_saccCS-sacc-pooled-20mssw_nofilter (pooled)
[info] win_C: [0.1, 0.3], win_S: [-0.1, -0.03]
[info] Use rich conditions: True

============================================================
[20201216] Processing cross-alignment...
  [cross] Building geometry from both epochs...
          C epoch: stim, window=(0.1, 0.3), trials=519
          S epoch: sacc, window=(-0.1, -0.03), trials=519
          D_C shape: (77, 240), D_S shape: (77, 168)
  [cross] Observed: |cos(θ)|=0.1631, θ=80.6°
  [null] Manifold dim: 71, D_eff=23.5
         Expected |cos(θ)| ≈ 0.165 (angle ≈ 80.5°)
  [null] Running 1000 covariance-constrained null samples...
    [200/1000] null_mean=0.1396
    [400/1000] null_mean=0.1304
    [600/1000] null_mean=0.1313
    [800/1000] null_mean=0.1329
    [1000/1000] null_mean=0.1319
  [result] a_obs=0.1631, null_mean=0.1319±0.0964
           Δ=0.0312, z=0.32
           θ_obs=80.6°, θ_null=82.4°
           p(more orthogonal)=0.6703, p(more aligned)=0.3307
  [saved] /project/bdoiron/dracoxu/rct-fsflow/paper_project_final/out_nofilter/cross_alignment/case_iv_alltrials/cross_case_iv_alltrials_20201216.json

======================================================================
[done] Results saved to /project/bdoiron/dracoxu/rct-fsflow/paper_project_final/out_nofilter/cross_alignment/case_iv_alltrials
======================================================================
[done] Case iv → /project/bdoiron/dracoxu/rct-fsflow/paper_project_final/out_nofilter/cross_alignment/case_iv_alltrials/

==============================================================
[done] All cases complete for SID=20201216
==============================================================
