==============================================================
AXIS ALIGNMENT ANALYSIS (NOFILTER) - Session 20230710 (task 16)
==============================================================

[info] Running alignment analysis for 20230710 (NOFILTER)
       Mode: both (AI + axis_shuffle)
       n_perms: 1000

======================================================================
CATEGORY-SACCADE SUBSPACE ALIGNMENT ANALYSIS
======================================================================
[info] Processing 1 session(s)
[info] Mode: both
[info] out_root: /project/bdoiron/dracoxu/rct-fsflow/paper_project_final/out_nofilter
[info] n_perms: 1000

[Analysis A] Alignment Index + Covariance-Matched Null
             Category window: [-0.3, -0.1]
             Saccade window: [-0.1, -0.03]
             Subspace dim k: 6
             Tests: 'less aligned than chance' (orthogonality)

[Analysis B] Axis Angle + Label-Shuffle Null
             Axes tag: axes_peakbin_saccCS-sacc-horizontal-20mssw_nofilter
             Tests: 'more aligned than chance' (label-specific)

============================================================
[20230710] Processing...

  [Analysis A] Alignment Index...
  [AI] Building condition-averaged matrices...
       Category window: (-0.3, -0.1)
       Saccade window: (-0.1, -0.03)
       D_C shape: (66, 38), D_S shape: (66, 16)
       Category subspace: (66, 6), var_explained=0.652
       Saccade subspace: (66, 6), var_explained=0.867
  [AI] Observed AI = 0.2516
       Principal angles (deg): [51.34876262 57.63190026 62.64487961 82.85449155 83.01604792 87.75053319]
       Mean angle: 70.9°, Overlap: 0.1533
  [null] Manifold dim: 36 (from 54 total)
         Expected random overlap (isotropic): ~0.167
  [null] Running 1000 covariance-matched null samples...
    [200/1000] null_AI_mean=0.4450
    [400/1000] null_AI_mean=0.4489
    [600/1000] null_AI_mean=0.4476
    [800/1000] null_AI_mean=0.4458
    [1000/1000] null_AI_mean=0.4444
  [result] AI_obs=0.2516, null_mean=0.4444±0.0741
           Δ_AI=-0.1928
           p(less aligned)=0.0040, p(more aligned)=0.9970
  [saved] /project/bdoiron/dracoxu/rct-fsflow/paper_project_final/out_nofilter/sacc/alignment/nofilter/AI_20230710.json

  [Analysis B] Axis angle + shuffle...
  [axis] Observed: |cos(θ)|=0.3215, θ=71.2°
  [null] Running 1000 label-shuffle permutations...
    [100/1000] null_mean=0.0984
    [200/1000] null_mean=0.0921
    [300/1000] null_mean=0.0962
    [400/1000] null_mean=0.0943
    [500/1000] null_mean=0.0948
    [600/1000] null_mean=0.0959
    [700/1000] null_mean=0.0938
    [800/1000] null_mean=0.0938
    [900/1000] null_mean=0.0938
    [1000/1000] null_mean=0.0955
  [result] Δ=0.2260, p(more aligned)=0.0090
           Note: shuffle null tests 'more aligned than chance'
  [saved] /project/bdoiron/dracoxu/rct-fsflow/paper_project_final/out_nofilter/sacc/alignment/nofilter/axis_shuffle_20230710.json

======================================================================
[done] Per-session results saved to /project/bdoiron/dracoxu/rct-fsflow/paper_project_final/out_nofilter/sacc/alignment/nofilter
======================================================================

[done] Alignment analysis complete for SID=20230710 (NOFILTER)
       Results: /project/bdoiron/dracoxu/rct-fsflow/paper_project_final/out_nofilter/sacc/alignment/nofilter/
