==============================================================
AXIS ALIGNMENT ANALYSIS - Session 20231109 (task 19)
==============================================================

[info] Running alignment analysis for 20231109
       Mode: both (AI + axis_shuffle)
       n_perms: 1000

======================================================================
CATEGORY-SACCADE SUBSPACE ALIGNMENT ANALYSIS
======================================================================
[info] Processing 1 session(s)
[info] Mode: both
[info] out_root: /project/bdoiron/dracoxu/rct-fsflow/paper_project_final/out
[info] n_perms: 1000

[Analysis A] Alignment Index + Covariance-Matched Null
             Category window: [-0.3, -0.1]
             Saccade window: [-0.1, -0.03]
             Subspace dim k: 6
             Tests: 'less aligned than chance' (orthogonality)

[Analysis B] Axis Angle + Label-Shuffle Null
             Axes tag: axes_peakbin_saccCS-sacc-horizontal-20mssw
             Tests: 'more aligned than chance' (label-specific)

============================================================
[20231109] Processing...

  [Analysis A] Alignment Index...
  [AI] Building condition-averaged matrices...
       Category window: (-0.3, -0.1)
       Saccade window: (-0.1, -0.03)
       D_C shape: (77, 38), D_S shape: (77, 16)
       Category subspace: (77, 6), var_explained=0.608
       Saccade subspace: (77, 6), var_explained=0.820
  [AI] Observed AI = 0.2343
       Principal angles (deg): [52.72710185 64.06269267 74.19162725 75.33528659 87.03217333 88.86462158]
       Mean angle: 73.7°, Overlap: 0.1166
  [null] Manifold dim: 37 (from 54 total)
         Expected random overlap (isotropic): ~0.162
  [null] Running 1000 covariance-matched null samples...
    [200/1000] null_AI_mean=0.4145
    [400/1000] null_AI_mean=0.4116
    [600/1000] null_AI_mean=0.4134
    [800/1000] null_AI_mean=0.4122
    [1000/1000] null_AI_mean=0.4120
  [result] AI_obs=0.2343, null_mean=0.4120±0.0628
           Δ_AI=-0.1776
           p(less aligned)=0.0010, p(more aligned)=1.0000
