==============================================================
AXIS ALIGNMENT ANALYSIS - ALL FOUR CASES
Session: 20230707 (task 15)
Filter mode: both
==============================================================

==============================================================
CORRECT-ONLY TRIALS (out/)
==============================================================

------------------------------------------------------------
[Case i] Sacc-aligned C & S, horizontal trials (correct-only)
  Axes: axes_peakbin_saccCS-sacc-horizontal-20mssw
  Orientation: horizontal
  OUT_ROOT: /project/bdoiron/dracoxu/rct-fsflow/paper_project_final/out
------------------------------------------------------------
======================================================================
CATEGORY-SACCADE SUBSPACE ALIGNMENT ANALYSIS
======================================================================
[info] Processing 1 session(s)
[info] Mode: axis_cov
[info] out_root: /project/bdoiron/dracoxu/rct-fsflow/paper_project_final/out
[info] n_perms: 1000

[Analysis C] Axis Angle + Covariance-Constrained Null (DAVE'S QUESTION)
             Axes tag: axes_peakbin_saccCS-sacc-horizontal-20mssw
             Uses trained sC and sS_raw axes
             Tests: 'less aligned than geometry-constrained chance'

============================================================
[20230707] Processing...

  [Analysis C] Axis angle + covariance-constrained null...
  [axis-cov] Observed: |cos(θ)|=0.0109, θ=89.4°
  [null] Manifold dim: 28, D_eff=5.4
         Expected |cos(θ)| ≈ 0.429 (angle ≈ 64.6°)
  [null] Running 1000 covariance-constrained null samples...
    [200/1000] null_mean=0.2533
    [400/1000] null_mean=0.2390
    [600/1000] null_mean=0.2403
    [800/1000] null_mean=0.2413
    [1000/1000] null_mean=0.2394
  [result] a_obs=0.0109, null_mean=0.2394±0.1668
           Δ=-0.2285, z=-1.37
           θ_obs=89.4°, θ_null=75.9°
           p(more orthogonal)=0.0280, p(more aligned)=0.9730
  [**] SIGNIFICANT: C-S alignment is LOWER than geometry-constrained chance!
  [saved] /project/bdoiron/dracoxu/rct-fsflow/paper_project_final/out/sacc/alignment/case_i_correctonly/axis_cov_20230707.json

======================================================================
[done] Per-session results saved to /project/bdoiron/dracoxu/rct-fsflow/paper_project_final/out/sacc/alignment/case_i_correctonly
======================================================================
[done] Case i → /project/bdoiron/dracoxu/rct-fsflow/paper_project_final/out/sacc/alignment/case_i_correctonly/

------------------------------------------------------------
[Case ii] Sacc-aligned C & S, pooled trials (correct-only)
  Axes: axes_peakbin_saccCS-sacc-pooled-20mssw
  Orientation: pooled
  OUT_ROOT: /project/bdoiron/dracoxu/rct-fsflow/paper_project_final/out
------------------------------------------------------------
======================================================================
CATEGORY-SACCADE SUBSPACE ALIGNMENT ANALYSIS
======================================================================
[info] Processing 1 session(s)
[info] Mode: axis_cov
[info] out_root: /project/bdoiron/dracoxu/rct-fsflow/paper_project_final/out
[info] n_perms: 1000

[Analysis C] Axis Angle + Covariance-Constrained Null (DAVE'S QUESTION)
             Axes tag: axes_peakbin_saccCS-sacc-pooled-20mssw
             Uses trained sC and sS_raw axes
             Tests: 'less aligned than geometry-constrained chance'

============================================================
[20230707] Processing...

  [Analysis C] Axis angle + covariance-constrained null...
  [axis-cov] Observed: |cos(θ)|=0.0304, θ=88.3°
  [null] Manifold dim: 30, D_eff=7.4
         Expected |cos(θ)| ≈ 0.367 (angle ≈ 68.5°)
  [null] Running 1000 covariance-constrained null samples...
    [200/1000] null_mean=0.2560
    [400/1000] null_mean=0.2550
    [600/1000] null_mean=0.2578
    [800/1000] null_mean=0.2547
    [1000/1000] null_mean=0.2520
  [result] a_obs=0.0304, null_mean=0.2520±0.1628
           Δ=-0.2216, z=-1.36
           θ_obs=88.3°, θ_null=75.2°
           p(more orthogonal)=0.0699, p(more aligned)=0.9311
  [saved] /project/bdoiron/dracoxu/rct-fsflow/paper_project_final/out/sacc/alignment/case_ii_correctonly/axis_cov_20230707.json

======================================================================
[done] Per-session results saved to /project/bdoiron/dracoxu/rct-fsflow/paper_project_final/out/sacc/alignment/case_ii_correctonly
======================================================================
[done] Case ii → /project/bdoiron/dracoxu/rct-fsflow/paper_project_final/out/sacc/alignment/case_ii_correctonly/
[WARN] Axes not found for Case iii → skipping
       Missing: /project/bdoiron/dracoxu/rct-fsflow/paper_project_final/out/stim/20230707/axes/axes_peakbin_C-stim-vertical-20mssw
