==============================================================
AXIS ALIGNMENT ANALYSIS - Session 20201211 (task 10)
==============================================================

[info] Running alignment analysis for 20201211
       Mode: both (AI + axis_shuffle)
       n_perms: 1000

======================================================================
CATEGORY-SACCADE SUBSPACE ALIGNMENT ANALYSIS
======================================================================
[info] Processing 1 session(s)
[info] Mode: both
[info] out_root: /project/bdoiron/dracoxu/rct-fsflow/paper_project_final/out
[info] n_perms: 1000

[Analysis A] Alignment Index + Covariance-Matched Null
             Category window: [-0.3, -0.1]
             Saccade window: [-0.1, -0.03]
             Subspace dim k: 6
             Tests: 'less aligned than chance' (orthogonality)

[Analysis B] Axis Angle + Label-Shuffle Null
             Axes tag: axes_peakbin_saccCS-sacc-horizontal-20mssw
             Tests: 'more aligned than chance' (label-specific)

============================================================
[20201211] Processing...

  [Analysis A] Alignment Index...
  [AI] Building condition-averaged matrices...
       Category window: (-0.3, -0.1)
       Saccade window: (-0.1, -0.03)
       D_C shape: (60, 38), D_S shape: (60, 16)
       Category subspace: (60, 6), var_explained=0.791
       Saccade subspace: (60, 6), var_explained=0.972
  [AI] Observed AI = 0.4812
       Principal angles (deg): [22.64805173 54.91993591 59.27988027 73.29012644 82.13915047 85.21291189]
       Mean angle: 62.9°, Overlap: 0.2586
  [null] Manifold dim: 27 (from 54 total)
         Expected random overlap (isotropic): ~0.222
  [null] Running 1000 covariance-matched null samples...
    [200/1000] null_AI_mean=0.5317
    [400/1000] null_AI_mean=0.5252
    [600/1000] null_AI_mean=0.5273
    [800/1000] null_AI_mean=0.5301
    [1000/1000] null_AI_mean=0.5316
  [result] AI_obs=0.4812, null_mean=0.5316±0.0938
           Δ_AI=-0.0504
           p(less aligned)=0.2787, p(more aligned)=0.7223
  [saved] /project/bdoiron/dracoxu/rct-fsflow/paper_project_final/out/sacc/alignment/correctonly/AI_20201211.json

  [Analysis B] Axis angle + shuffle...
  [axis] Observed: |cos(θ)|=0.1049, θ=84.0°
  [null] Running 1000 label-shuffle permutations...
    [100/1000] null_mean=0.0992
    [200/1000] null_mean=0.0902
    [300/1000] null_mean=0.0907
    [400/1000] null_mean=0.0903
    [500/1000] null_mean=0.0926
    [600/1000] null_mean=0.0924
    [700/1000] null_mean=0.0916
    [800/1000] null_mean=0.0922
    [900/1000] null_mean=0.0911
    [1000/1000] null_mean=0.0920
  [result] Δ=0.0129, p(more aligned)=0.3626
           Note: shuffle null tests 'more aligned than chance'
  [saved] /project/bdoiron/dracoxu/rct-fsflow/paper_project_final/out/sacc/alignment/correctonly/axis_shuffle_20201211.json

======================================================================
[done] Per-session results saved to /project/bdoiron/dracoxu/rct-fsflow/paper_project_final/out/sacc/alignment/correctonly
======================================================================

[done] Alignment analysis complete for SID=20201211
       Results: /project/bdoiron/dracoxu/rct-fsflow/paper_project_final/out/sacc/alignment/correctonly/
