==============================================================
AXIS ALIGNMENT ANALYSIS - Session 20231123 (task 21)
==============================================================

[info] Running alignment analysis for 20231123
       Mode: both (AI + axis_shuffle)
       n_perms: 1000

======================================================================
CATEGORY-SACCADE SUBSPACE ALIGNMENT ANALYSIS
======================================================================
[info] Processing 1 session(s)
[info] Mode: both
[info] out_root: /project/bdoiron/dracoxu/rct-fsflow/paper_project_final/out
[info] n_perms: 1000

[Analysis A] Alignment Index + Covariance-Matched Null
             Category window: [-0.3, -0.1]
             Saccade window: [-0.1, -0.03]
             Subspace dim k: 6
             Tests: 'less aligned than chance' (orthogonality)

[Analysis B] Axis Angle + Label-Shuffle Null
             Axes tag: axes_peakbin_saccCS-sacc-horizontal-20mssw
             Tests: 'more aligned than chance' (label-specific)

============================================================
[20231123] Processing...

  [Analysis A] Alignment Index...
  [AI] Building condition-averaged matrices...
       Category window: (-0.3, -0.1)
       Saccade window: (-0.1, -0.03)
       D_C shape: (102, 38), D_S shape: (102, 16)
       Category subspace: (102, 6), var_explained=0.518
       Saccade subspace: (102, 6), var_explained=0.820
  [AI] Observed AI = 0.1315
       Principal angles (deg): [65.46867703 74.74237246 76.8984382  79.3969718  83.25477419 86.23148427]
       Mean angle: 77.7°, Overlap: 0.0575
  [null] Manifold dim: 40 (from 54 total)
         Expected random overlap (isotropic): ~0.150
  [null] Running 1000 covariance-matched null samples...
    [200/1000] null_AI_mean=0.4008
    [400/1000] null_AI_mean=0.4030
    [600/1000] null_AI_mean=0.4029
    [800/1000] null_AI_mean=0.4039
    [1000/1000] null_AI_mean=0.4044
  [result] AI_obs=0.1315, null_mean=0.4044±0.0456
           Δ_AI=-0.2730
           p(less aligned)=0.0010, p(more aligned)=1.0000
