==============================================================
AXIS ALIGNMENT ANALYSIS - Session 20200402 (task 4)
==============================================================

[info] Running alignment analysis for 20200402
       Mode: both (AI + axis_shuffle)
       n_perms: 1000

======================================================================
CATEGORY-SACCADE SUBSPACE ALIGNMENT ANALYSIS
======================================================================
[info] Processing 1 session(s)
[info] Mode: both
[info] out_root: /project/bdoiron/dracoxu/rct-fsflow/paper_project_final/out
[info] n_perms: 1000

[Analysis A] Alignment Index + Covariance-Matched Null
             Category window: [-0.3, -0.1]
             Saccade window: [-0.1, -0.03]
             Subspace dim k: 6
             Tests: 'less aligned than chance' (orthogonality)

[Analysis B] Axis Angle + Label-Shuffle Null
             Axes tag: axes_peakbin_saccCS-sacc-horizontal-20mssw
             Tests: 'more aligned than chance' (label-specific)

============================================================
[20200402] Processing...

  [Analysis A] Alignment Index...
  [AI] Building condition-averaged matrices...
       Category window: (-0.3, -0.1)
       Saccade window: (-0.1, -0.03)
       D_C shape: (80, 38), D_S shape: (80, 16)
       Category subspace: (80, 6), var_explained=0.688
       Saccade subspace: (80, 6), var_explained=0.939
  [AI] Observed AI = 0.2546
       Principal angles (deg): [36.74797431 57.79561647 67.85729208 73.9681673  75.69814339 85.68104051]
       Mean angle: 66.3°, Overlap: 0.2018
  [null] Manifold dim: 34 (from 54 total)
         Expected random overlap (isotropic): ~0.176
  [null] Running 1000 covariance-matched null samples...
    [200/1000] null_AI_mean=0.4327
    [400/1000] null_AI_mean=0.4321
    [600/1000] null_AI_mean=0.4301
    [800/1000] null_AI_mean=0.4286
    [1000/1000] null_AI_mean=0.4303
  [result] AI_obs=0.2546, null_mean=0.4303±0.0611
           Δ_AI=-0.1757
           p(less aligned)=0.0010, p(more aligned)=1.0000
  [saved] /project/bdoiron/dracoxu/rct-fsflow/paper_project_final/out/sacc/alignment/correctonly/AI_20200402.json

  [Analysis B] Axis angle + shuffle...
  [axis] Observed: |cos(θ)|=0.1534, θ=81.2°
  [null] Running 1000 label-shuffle permutations...
    [100/1000] null_mean=0.0793
    [200/1000] null_mean=0.0844
    [300/1000] null_mean=0.0840
    [400/1000] null_mean=0.0819
    [500/1000] null_mean=0.0815
    [600/1000] null_mean=0.0801
    [700/1000] null_mean=0.0790
    [800/1000] null_mean=0.0775
    [900/1000] null_mean=0.0785
    [1000/1000] null_mean=0.0780
  [result] Δ=0.0754, p(more aligned)=0.1269
           Note: shuffle null tests 'more aligned than chance'
  [saved] /project/bdoiron/dracoxu/rct-fsflow/paper_project_final/out/sacc/alignment/correctonly/axis_shuffle_20200402.json

======================================================================
[done] Per-session results saved to /project/bdoiron/dracoxu/rct-fsflow/paper_project_final/out/sacc/alignment/correctonly
======================================================================

[done] Alignment analysis complete for SID=20200402
       Results: /project/bdoiron/dracoxu/rct-fsflow/paper_project_final/out/sacc/alignment/correctonly/
