==============================================================
AXIS ALIGNMENT ANALYSIS - ALL FOUR CASES
Session: 20230707 (task 15)
Filter mode: both
==============================================================

==============================================================
CORRECT-ONLY TRIALS (out/)
==============================================================

------------------------------------------------------------
[Case i] Sacc-aligned C & S, horizontal trials (correct-only)
  Axes: axes_peakbin_saccCS-sacc-horizontal-20mssw
  Orientation: horizontal
  OUT_ROOT: /project/bdoiron/dracoxu/rct-fsflow/paper_project_final/out
------------------------------------------------------------
======================================================================
CATEGORY-SACCADE SUBSPACE ALIGNMENT ANALYSIS
======================================================================
[info] Processing 1 session(s)
[info] Mode: axis_cov
[info] out_root: /project/bdoiron/dracoxu/rct-fsflow/paper_project_final/out
[info] n_perms: 1000

[Analysis C] Axis Angle + Covariance-Constrained Null (DAVE'S QUESTION)
             Axes tag: axes_peakbin_saccCS-sacc-horizontal-20mssw
             Uses trained sC and sS_raw axes
             Tests: 'less aligned than geometry-constrained chance'

============================================================
[20230707] Processing...

  [Analysis C] Axis angle + covariance-constrained null...
  [axis-cov] Observed: |cos(θ)|=0.0109, θ=89.4°
  [null] Manifold dim: 28, D_eff=5.4
         Expected |cos(θ)| ≈ 0.429 (angle ≈ 64.6°)
  [null] Running 1000 covariance-constrained null samples...
    [200/1000] null_mean=0.2533
    [400/1000] null_mean=0.2390
    [600/1000] null_mean=0.2403
    [800/1000] null_mean=0.2413
    [1000/1000] null_mean=0.2394
  [result] a_obs=0.0109, null_mean=0.2394±0.1668
           Δ=-0.2285, z=-1.37
           θ_obs=89.4°, θ_null=75.9°
           p(more orthogonal)=0.0280, p(more aligned)=0.9730
  [**] SIGNIFICANT: C-S alignment is LOWER than geometry-constrained chance!
  [saved] /project/bdoiron/dracoxu/rct-fsflow/paper_project_final/out/sacc/alignment/case_i_correctonly/axis_cov_20230707.json

======================================================================
[done] Per-session results saved to /project/bdoiron/dracoxu/rct-fsflow/paper_project_final/out/sacc/alignment/case_i_correctonly
======================================================================
[done] Case i → /project/bdoiron/dracoxu/rct-fsflow/paper_project_final/out/sacc/alignment/case_i_correctonly/

------------------------------------------------------------
[Case ii] Sacc-aligned C & S, pooled trials (correct-only)
  Axes: axes_peakbin_saccCS-sacc-pooled-20mssw
  Orientation: pooled
  OUT_ROOT: /project/bdoiron/dracoxu/rct-fsflow/paper_project_final/out
------------------------------------------------------------
======================================================================
CATEGORY-SACCADE SUBSPACE ALIGNMENT ANALYSIS
======================================================================
[info] Processing 1 session(s)
[info] Mode: axis_cov
[info] out_root: /project/bdoiron/dracoxu/rct-fsflow/paper_project_final/out
[info] n_perms: 1000

[Analysis C] Axis Angle + Covariance-Constrained Null (DAVE'S QUESTION)
             Axes tag: axes_peakbin_saccCS-sacc-pooled-20mssw
             Uses trained sC and sS_raw axes
             Tests: 'less aligned than geometry-constrained chance'

============================================================
[20230707] Processing...

  [Analysis C] Axis angle + covariance-constrained null...
  [axis-cov] Observed: |cos(θ)|=0.0304, θ=88.3°
  [null] Manifold dim: 30, D_eff=7.4
         Expected |cos(θ)| ≈ 0.367 (angle ≈ 68.5°)
  [null] Running 1000 covariance-constrained null samples...
    [200/1000] null_mean=0.2560
    [400/1000] null_mean=0.2550
    [600/1000] null_mean=0.2578
    [800/1000] null_mean=0.2547
    [1000/1000] null_mean=0.2520
  [result] a_obs=0.0304, null_mean=0.2520±0.1628
           Δ=-0.2216, z=-1.36
           θ_obs=88.3°, θ_null=75.2°
           p(more orthogonal)=0.0699, p(more aligned)=0.9311
  [saved] /project/bdoiron/dracoxu/rct-fsflow/paper_project_final/out/sacc/alignment/case_ii_correctonly/axis_cov_20230707.json

======================================================================
[done] Per-session results saved to /project/bdoiron/dracoxu/rct-fsflow/paper_project_final/out/sacc/alignment/case_ii_correctonly
======================================================================
[done] Case ii → /project/bdoiron/dracoxu/rct-fsflow/paper_project_final/out/sacc/alignment/case_ii_correctonly/

------------------------------------------------------------
[Case iii] Stim-C (vertical) vs Sacc-S (horizontal) (correct-only)
  C axes: stim/axes_peakbin_stimC-stim-vertical-20mssw (orientation: vertical)
  S axes: sacc/axes_peakbin_saccCS-sacc-horizontal-20mssw (orientation: horizontal)
  OUT_ROOT: /project/bdoiron/dracoxu/rct-fsflow/paper_project_final/out
------------------------------------------------------------
======================================================================
CROSS-ALIGNMENT AXIS ANALYSIS
======================================================================
[info] Processing 1 session(s)
[info] C: stim/axes_peakbin_stimC-stim-vertical-20mssw (vertical)
[info] S: sacc/axes_peakbin_saccCS-sacc-horizontal-20mssw (horizontal)
[info] win_C: [0.1, 0.3], win_S: [-0.1, -0.03]
[info] Use rich conditions: True

============================================================
[20230707] Processing cross-alignment...
  [cross] Building geometry from both epochs...
          C epoch: stim, window=(0.1, 0.3), trials=399
          S epoch: sacc, window=(-0.1, -0.03), trials=386
          D_C shape: (32, 160), D_S shape: (32, 84)
  [cross] Observed: |cos(θ)|=0.3108, θ=71.9°
  [null] Manifold dim: 30, D_eff=11.0
         Expected |cos(θ)| ≈ 0.240 (angle ≈ 76.1°)
  [null] Running 1000 covariance-constrained null samples...
    [200/1000] null_mean=0.2650
    [400/1000] null_mean=0.2518
    [600/1000] null_mean=0.2530
    [800/1000] null_mean=0.2484
    [1000/1000] null_mean=0.2517
  [result] a_obs=0.3108, null_mean=0.2517±0.1627
           Δ=0.0591, z=0.36
           θ_obs=71.9°, θ_null=75.2°
           p(more orthogonal)=0.6513, p(more aligned)=0.3497
  [saved] /project/bdoiron/dracoxu/rct-fsflow/paper_project_final/out/cross_alignment/case_iii_correctonly/cross_case_iii_correctonly_20230707.json

======================================================================
[done] Results saved to /project/bdoiron/dracoxu/rct-fsflow/paper_project_final/out/cross_alignment/case_iii_correctonly
======================================================================
[done] Case iii → /project/bdoiron/dracoxu/rct-fsflow/paper_project_final/out/cross_alignment/case_iii_correctonly/

------------------------------------------------------------
[Case iv] Stim-C (pooled) vs Sacc-S (pooled) (correct-only)
  C axes: stim/axes_peakbin_stimC-stim-pooled-20mssw (orientation: pooled)
  S axes: sacc/axes_peakbin_saccCS-sacc-pooled-20mssw (orientation: pooled)
  OUT_ROOT: /project/bdoiron/dracoxu/rct-fsflow/paper_project_final/out
------------------------------------------------------------
======================================================================
CROSS-ALIGNMENT AXIS ANALYSIS
======================================================================
[info] Processing 1 session(s)
[info] C: stim/axes_peakbin_stimC-stim-pooled-20mssw (pooled)
[info] S: sacc/axes_peakbin_saccCS-sacc-pooled-20mssw (pooled)
[info] win_C: [0.1, 0.3], win_S: [-0.1, -0.03]
[info] Use rich conditions: True

============================================================
[20230707] Processing cross-alignment...
  [cross] Building geometry from both epochs...
          C epoch: stim, window=(0.1, 0.3), trials=785
          S epoch: sacc, window=(-0.1, -0.03), trials=785
          D_C shape: (32, 320), D_S shape: (32, 224)
  [cross] Observed: |cos(θ)|=0.0031, θ=89.8°
  [null] Manifold dim: 31, D_eff=10.9
         Expected |cos(θ)| ≈ 0.242 (angle ≈ 76.0°)
  [null] Running 1000 covariance-constrained null samples...
    [200/1000] null_mean=0.2219
    [400/1000] null_mean=0.2209
    [600/1000] null_mean=0.2155
    [800/1000] null_mean=0.2164
    [1000/1000] null_mean=0.2141
  [result] a_obs=0.0031, null_mean=0.2141±0.1498
           Δ=-0.2111, z=-1.41
           θ_obs=89.8°, θ_null=77.5°
           p(more orthogonal)=0.0130, p(more aligned)=0.9880
  [**] SIGNIFICANT: Cross-alignment C-S is LOWER than geometry-constrained chance!
  [saved] /project/bdoiron/dracoxu/rct-fsflow/paper_project_final/out/cross_alignment/case_iv_correctonly/cross_case_iv_correctonly_20230707.json

======================================================================
[done] Results saved to /project/bdoiron/dracoxu/rct-fsflow/paper_project_final/out/cross_alignment/case_iv_correctonly
======================================================================
[done] Case iv → /project/bdoiron/dracoxu/rct-fsflow/paper_project_final/out/cross_alignment/case_iv_correctonly/

==============================================================
ALL TRIALS (out_nofilter/)
==============================================================

------------------------------------------------------------
[Case i] Sacc-aligned C & S, horizontal trials (all-trials)
  Axes: axes_peakbin_saccCS-sacc-horizontal-20mssw_nofilter
  Orientation: horizontal
  OUT_ROOT: /project/bdoiron/dracoxu/rct-fsflow/paper_project_final/out_nofilter
------------------------------------------------------------
======================================================================
CATEGORY-SACCADE SUBSPACE ALIGNMENT ANALYSIS
======================================================================
[info] Processing 1 session(s)
[info] Mode: axis_cov
[info] out_root: /project/bdoiron/dracoxu/rct-fsflow/paper_project_final/out_nofilter
[info] n_perms: 1000

[Analysis C] Axis Angle + Covariance-Constrained Null (DAVE'S QUESTION)
             Axes tag: axes_peakbin_saccCS-sacc-horizontal-20mssw_nofilter
             Uses trained sC and sS_raw axes
             Tests: 'less aligned than geometry-constrained chance'

============================================================
[20230707] Processing...

  [Analysis C] Axis angle + covariance-constrained null...
  [axis-cov] Observed: |cos(θ)|=0.0570, θ=86.7°
  [null] Manifold dim: 28, D_eff=4.8
         Expected |cos(θ)| ≈ 0.458 (angle ≈ 62.7°)
  [null] Running 1000 covariance-constrained null samples...
    [200/1000] null_mean=0.2694
    [400/1000] null_mean=0.2642
    [600/1000] null_mean=0.2609
    [800/1000] null_mean=0.2639
    [1000/1000] null_mean=0.2637
  [result] a_obs=0.0570, null_mean=0.2637±0.1642
           Δ=-0.2068, z=-1.26
           θ_obs=86.7°, θ_null=74.4°
           p(more orthogonal)=0.1059, p(more aligned)=0.8951
  [saved] /project/bdoiron/dracoxu/rct-fsflow/paper_project_final/out_nofilter/sacc/alignment/case_i_alltrials/axis_cov_20230707.json

======================================================================
[done] Per-session results saved to /project/bdoiron/dracoxu/rct-fsflow/paper_project_final/out_nofilter/sacc/alignment/case_i_alltrials
======================================================================
[done] Case i → /project/bdoiron/dracoxu/rct-fsflow/paper_project_final/out_nofilter/sacc/alignment/case_i_alltrials/

------------------------------------------------------------
[Case ii] Sacc-aligned C & S, pooled trials (all-trials)
  Axes: axes_peakbin_saccCS-sacc-pooled-20mssw_nofilter
  Orientation: pooled
  OUT_ROOT: /project/bdoiron/dracoxu/rct-fsflow/paper_project_final/out_nofilter
------------------------------------------------------------
======================================================================
CATEGORY-SACCADE SUBSPACE ALIGNMENT ANALYSIS
======================================================================
[info] Processing 1 session(s)
[info] Mode: axis_cov
[info] out_root: /project/bdoiron/dracoxu/rct-fsflow/paper_project_final/out_nofilter
[info] n_perms: 1000

[Analysis C] Axis Angle + Covariance-Constrained Null (DAVE'S QUESTION)
             Axes tag: axes_peakbin_saccCS-sacc-pooled-20mssw_nofilter
             Uses trained sC and sS_raw axes
             Tests: 'less aligned than geometry-constrained chance'

============================================================
[20230707] Processing...

  [Analysis C] Axis angle + covariance-constrained null...
  [axis-cov] Observed: |cos(θ)|=0.1238, θ=82.9°
  [null] Manifold dim: 30, D_eff=6.2
         Expected |cos(θ)| ≈ 0.400 (angle ≈ 66.4°)
  [null] Running 1000 covariance-constrained null samples...
    [200/1000] null_mean=0.2689
    [400/1000] null_mean=0.2695
    [600/1000] null_mean=0.2741
    [800/1000] null_mean=0.2707
    [1000/1000] null_mean=0.2686
  [result] a_obs=0.1238, null_mean=0.2686±0.1703
           Δ=-0.1448, z=-0.85
           θ_obs=82.9°, θ_null=74.1°
           p(more orthogonal)=0.2507, p(more aligned)=0.7502
  [saved] /project/bdoiron/dracoxu/rct-fsflow/paper_project_final/out_nofilter/sacc/alignment/case_ii_alltrials/axis_cov_20230707.json

======================================================================
[done] Per-session results saved to /project/bdoiron/dracoxu/rct-fsflow/paper_project_final/out_nofilter/sacc/alignment/case_ii_alltrials
======================================================================
[done] Case ii → /project/bdoiron/dracoxu/rct-fsflow/paper_project_final/out_nofilter/sacc/alignment/case_ii_alltrials/

------------------------------------------------------------
[Case iii] Stim-C (vertical) vs Sacc-S (horizontal) (all-trials)
  C axes: stim/axes_peakbin_stimC-stim-vertical-20mssw_nofilter (orientation: vertical)
  S axes: sacc/axes_peakbin_saccCS-sacc-horizontal-20mssw_nofilter (orientation: horizontal)
  OUT_ROOT: /project/bdoiron/dracoxu/rct-fsflow/paper_project_final/out_nofilter
------------------------------------------------------------
======================================================================
CROSS-ALIGNMENT AXIS ANALYSIS
======================================================================
[info] Processing 1 session(s)
[info] C: stim/axes_peakbin_stimC-stim-vertical-20mssw_nofilter (vertical)
[info] S: sacc/axes_peakbin_saccCS-sacc-horizontal-20mssw_nofilter (horizontal)
[info] win_C: [0.1, 0.3], win_S: [-0.1, -0.03]
[info] Use rich conditions: True

============================================================
[20230707] Processing cross-alignment...
  [cross] Building geometry from both epochs...
          C epoch: stim, window=(0.1, 0.3), trials=554
          S epoch: sacc, window=(-0.1, -0.03), trials=464
          D_C shape: (32, 160), D_S shape: (32, 84)
  [cross] Observed: |cos(θ)|=0.2515, θ=75.4°
  [null] Manifold dim: 30, D_eff=9.6
         Expected |cos(θ)| ≈ 0.257 (angle ≈ 75.1°)
  [null] Running 1000 covariance-constrained null samples...
    [200/1000] null_mean=0.2250
    [400/1000] null_mean=0.2268
    [600/1000] null_mean=0.2283
    [800/1000] null_mean=0.2249
    [1000/1000] null_mean=0.2246
  [result] a_obs=0.2515, null_mean=0.2246±0.1549
           Δ=0.0269, z=0.17
           θ_obs=75.4°, θ_null=76.8°
           p(more orthogonal)=0.6004, p(more aligned)=0.4006
  [saved] /project/bdoiron/dracoxu/rct-fsflow/paper_project_final/out_nofilter/cross_alignment/case_iii_alltrials/cross_case_iii_alltrials_20230707.json

======================================================================
[done] Results saved to /project/bdoiron/dracoxu/rct-fsflow/paper_project_final/out_nofilter/cross_alignment/case_iii_alltrials
======================================================================
[done] Case iii → /project/bdoiron/dracoxu/rct-fsflow/paper_project_final/out_nofilter/cross_alignment/case_iii_alltrials/

------------------------------------------------------------
[Case iv] Stim-C (pooled) vs Sacc-S (pooled) (all-trials)
  C axes: stim/axes_peakbin_stimC-stim-pooled-20mssw_nofilter (orientation: pooled)
  S axes: sacc/axes_peakbin_saccCS-sacc-pooled-20mssw_nofilter (orientation: pooled)
  OUT_ROOT: /project/bdoiron/dracoxu/rct-fsflow/paper_project_final/out_nofilter
------------------------------------------------------------
======================================================================
CROSS-ALIGNMENT AXIS ANALYSIS
======================================================================
[info] Processing 1 session(s)
[info] C: stim/axes_peakbin_stimC-stim-pooled-20mssw_nofilter (pooled)
[info] S: sacc/axes_peakbin_saccCS-sacc-pooled-20mssw_nofilter (pooled)
[info] win_C: [0.1, 0.3], win_S: [-0.1, -0.03]
[info] Use rich conditions: True

============================================================
[20230707] Processing cross-alignment...
  [cross] Building geometry from both epochs...
          C epoch: stim, window=(0.1, 0.3), trials=1018
          S epoch: sacc, window=(-0.1, -0.03), trials=1018
          D_C shape: (32, 320), D_S shape: (32, 224)
  [cross] Observed: |cos(θ)|=0.0068, θ=89.6°
  [null] Manifold dim: 31, D_eff=9.3
         Expected |cos(θ)| ≈ 0.261 (angle ≈ 74.9°)
  [null] Running 1000 covariance-constrained null samples...
    [200/1000] null_mean=0.2148
    [400/1000] null_mean=0.2145
    [600/1000] null_mean=0.2111
    [800/1000] null_mean=0.2113
    [1000/1000] null_mean=0.2107
  [result] a_obs=0.0068, null_mean=0.2107±0.1459
           Δ=-0.2038, z=-1.40
           θ_obs=89.6°, θ_null=77.7°
           p(more orthogonal)=0.0190, p(more aligned)=0.9820
  [**] SIGNIFICANT: Cross-alignment C-S is LOWER than geometry-constrained chance!
  [saved] /project/bdoiron/dracoxu/rct-fsflow/paper_project_final/out_nofilter/cross_alignment/case_iv_alltrials/cross_case_iv_alltrials_20230707.json

======================================================================
[done] Results saved to /project/bdoiron/dracoxu/rct-fsflow/paper_project_final/out_nofilter/cross_alignment/case_iv_alltrials
======================================================================
[done] Case iv → /project/bdoiron/dracoxu/rct-fsflow/paper_project_final/out_nofilter/cross_alignment/case_iv_alltrials/

==============================================================
[done] All cases complete for SID=20230707
==============================================================
