==============================================================
AXIS ALIGNMENT ANALYSIS - Session 20201216 (task 11)
==============================================================

[info] Running alignment analysis for 20201216
       Mode: both (AI + axis_shuffle)
       n_perms: 1000

======================================================================
CATEGORY-SACCADE SUBSPACE ALIGNMENT ANALYSIS
======================================================================
[info] Processing 1 session(s)
[info] Mode: both
[info] out_root: /project/bdoiron/dracoxu/rct-fsflow/paper_project_final/out
[info] n_perms: 1000

[Analysis A] Alignment Index + Covariance-Matched Null
             Category window: [-0.3, -0.1]
             Saccade window: [-0.1, -0.03]
             Subspace dim k: 6
             Tests: 'less aligned than chance' (orthogonality)

[Analysis B] Axis Angle + Label-Shuffle Null
             Axes tag: axes_peakbin_saccCS-sacc-horizontal-20mssw
             Tests: 'more aligned than chance' (label-specific)

============================================================
[20201216] Processing...

  [Analysis A] Alignment Index...
  [AI] Building condition-averaged matrices...
       Category window: (-0.3, -0.1)
       Saccade window: (-0.1, -0.03)
       D_C shape: (77, 38), D_S shape: (77, 16)
       Category subspace: (77, 6), var_explained=0.786
       Saccade subspace: (77, 6), var_explained=0.971
  [AI] Observed AI = 0.6024
       Principal angles (deg): [18.74765704 56.85068984 64.97187163 72.30448585 80.34188224 85.16049494]
       Mean angle: 63.1°, Overlap: 0.2504
  [null] Manifold dim: 29 (from 54 total)
         Expected random overlap (isotropic): ~0.207
  [null] Running 1000 covariance-matched null samples...
    [200/1000] null_AI_mean=0.5534
    [400/1000] null_AI_mean=0.5584
    [600/1000] null_AI_mean=0.5532
    [800/1000] null_AI_mean=0.5545
    [1000/1000] null_AI_mean=0.5536
  [result] AI_obs=0.6024, null_mean=0.5536±0.0973
           Δ_AI=0.0488
           p(less aligned)=0.6563, p(more aligned)=0.3447
