==============================================================
AXIS ALIGNMENT ANALYSIS (NOFILTER) - Session 20200327 (task 1)
==============================================================

[info] Running alignment analysis for 20200327 (NOFILTER)
       Mode: both (AI + axis_shuffle)
       n_perms: 1000

======================================================================
CATEGORY-SACCADE SUBSPACE ALIGNMENT ANALYSIS
======================================================================
[info] Processing 1 session(s)
[info] Mode: both
[info] out_root: /project/bdoiron/dracoxu/rct-fsflow/paper_project_final/out_nofilter
[info] n_perms: 1000

[Analysis A] Alignment Index + Covariance-Matched Null
             Category window: [-0.3, -0.1]
             Saccade window: [-0.1, -0.03]
             Subspace dim k: 6
             Tests: 'less aligned than chance' (orthogonality)

[Analysis B] Axis Angle + Label-Shuffle Null
             Axes tag: axes_peakbin_saccCS-sacc-horizontal-20mssw_nofilter
             Tests: 'more aligned than chance' (label-specific)

============================================================
[20200327] Processing...

  [Analysis A] Alignment Index...
  [AI] Building condition-averaged matrices...
       Category window: (-0.3, -0.1)
       Saccade window: (-0.1, -0.03)
       D_C shape: (41, 38), D_S shape: (41, 16)
       Category subspace: (41, 6), var_explained=0.564
       Saccade subspace: (41, 6), var_explained=0.778
  [AI] Observed AI = 0.3447
       Principal angles (deg): [43.76292084 48.95078167 62.92753898 70.61429816 73.24067861 86.09455765]
       Mean angle: 64.3°, Overlap: 0.2263
  [null] Manifold dim: 32 (from 41 total)
         Expected random overlap (isotropic): ~0.188
  [null] Running 1000 covariance-matched null samples...
    [200/1000] null_AI_mean=0.4540
    [400/1000] null_AI_mean=0.4533
    [600/1000] null_AI_mean=0.4535
    [800/1000] null_AI_mean=0.4514
    [1000/1000] null_AI_mean=0.4515
  [result] AI_obs=0.3447, null_mean=0.4515±0.0418
           Δ_AI=-0.1068
           p(less aligned)=0.0050, p(more aligned)=0.9960
  [saved] /project/bdoiron/dracoxu/rct-fsflow/paper_project_final/out_nofilter/sacc/alignment/nofilter/AI_20200327.json

  [Analysis B] Axis angle + shuffle...
  [axis] Observed: |cos(θ)|=0.0686, θ=86.1°
  [null] Running 1000 label-shuffle permutations...
    [100/1000] null_mean=0.1395
    [200/1000] null_mean=0.1422
    [300/1000] null_mean=0.1417
    [400/1000] null_mean=0.1414
    [500/1000] null_mean=0.1365
    [600/1000] null_mean=0.1398
    [700/1000] null_mean=0.1398
    [800/1000] null_mean=0.1360
    [900/1000] null_mean=0.1374
    [1000/1000] null_mean=0.1376
  [result] Δ=-0.0689, p(more aligned)=0.7023
           Note: shuffle null tests 'more aligned than chance'
  [saved] /project/bdoiron/dracoxu/rct-fsflow/paper_project_final/out_nofilter/sacc/alignment/nofilter/axis_shuffle_20200327.json

======================================================================
[done] Per-session results saved to /project/bdoiron/dracoxu/rct-fsflow/paper_project_final/out_nofilter/sacc/alignment/nofilter
======================================================================

[done] Alignment analysis complete for SID=20200327 (NOFILTER)
       Results: /project/bdoiron/dracoxu/rct-fsflow/paper_project_final/out_nofilter/sacc/alignment/nofilter/
