==============================================================
AXIS ALIGNMENT ANALYSIS - ALL FOUR CASES
Session: 20200401 (task 3)
Filter mode: both
==============================================================

==============================================================
CORRECT-ONLY TRIALS (out/)
==============================================================

------------------------------------------------------------
[Case i] Sacc-aligned C & S, horizontal trials (correct-only)
  Axes: axes_peakbin_saccCS-sacc-horizontal-20mssw
  Orientation: horizontal
  OUT_ROOT: /project/bdoiron/dracoxu/rct-fsflow/paper_project_final/out
------------------------------------------------------------
======================================================================
CATEGORY-SACCADE SUBSPACE ALIGNMENT ANALYSIS
======================================================================
[info] Processing 1 session(s)
[info] Mode: axis_cov
[info] out_root: /project/bdoiron/dracoxu/rct-fsflow/paper_project_final/out
[info] n_perms: 1000

[Analysis C] Axis Angle + Covariance-Constrained Null (DAVE'S QUESTION)
             Axes tag: axes_peakbin_saccCS-sacc-horizontal-20mssw
             Uses trained sC and sS_raw axes
             Tests: 'less aligned than geometry-constrained chance'

============================================================
[20200401] Processing...

  [Analysis C] Axis angle + covariance-constrained null...
  [axis-cov] Observed: |cos(θ)|=0.1823, θ=79.5°
  [null] Manifold dim: 34, D_eff=6.3
         Expected |cos(θ)| ≈ 0.399 (angle ≈ 66.5°)
  [null] Running 1000 covariance-constrained null samples...
    [200/1000] null_mean=0.2779
    [400/1000] null_mean=0.2663
    [600/1000] null_mean=0.2581
    [800/1000] null_mean=0.2587
    [1000/1000] null_mean=0.2591
  [result] a_obs=0.1823, null_mean=0.2591±0.1680
           Δ=-0.0768, z=-0.46
           θ_obs=79.5°, θ_null=74.7°
           p(more orthogonal)=0.3916, p(more aligned)=0.6094
  [saved] /project/bdoiron/dracoxu/rct-fsflow/paper_project_final/out/sacc/alignment/case_i_correctonly/axis_cov_20200401.json

======================================================================
[done] Per-session results saved to /project/bdoiron/dracoxu/rct-fsflow/paper_project_final/out/sacc/alignment/case_i_correctonly
======================================================================
[done] Case i → /project/bdoiron/dracoxu/rct-fsflow/paper_project_final/out/sacc/alignment/case_i_correctonly/

------------------------------------------------------------
[Case ii] Sacc-aligned C & S, pooled trials (correct-only)
  Axes: axes_peakbin_saccCS-sacc-pooled-20mssw
  Orientation: pooled
  OUT_ROOT: /project/bdoiron/dracoxu/rct-fsflow/paper_project_final/out
------------------------------------------------------------
======================================================================
CATEGORY-SACCADE SUBSPACE ALIGNMENT ANALYSIS
======================================================================
[info] Processing 1 session(s)
[info] Mode: axis_cov
[info] out_root: /project/bdoiron/dracoxu/rct-fsflow/paper_project_final/out
[info] n_perms: 1000

[Analysis C] Axis Angle + Covariance-Constrained Null (DAVE'S QUESTION)
             Axes tag: axes_peakbin_saccCS-sacc-pooled-20mssw
             Uses trained sC and sS_raw axes
             Tests: 'less aligned than geometry-constrained chance'

============================================================
[20200401] Processing...

  [Analysis C] Axis angle + covariance-constrained null...
  [axis-cov] Observed: |cos(θ)|=0.1908, θ=79.0°
  [null] Manifold dim: 34, D_eff=5.6
         Expected |cos(θ)| ≈ 0.422 (angle ≈ 65.0°)
  [null] Running 1000 covariance-constrained null samples...
    [200/1000] null_mean=0.2692
    [400/1000] null_mean=0.2646
    [600/1000] null_mean=0.2621
    [800/1000] null_mean=0.2651
    [1000/1000] null_mean=0.2659
  [result] a_obs=0.1908, null_mean=0.2659±0.1694
           Δ=-0.0751, z=-0.44
           θ_obs=79.0°, θ_null=74.3°
           p(more orthogonal)=0.3846, p(more aligned)=0.6164
  [saved] /project/bdoiron/dracoxu/rct-fsflow/paper_project_final/out/sacc/alignment/case_ii_correctonly/axis_cov_20200401.json

======================================================================
[done] Per-session results saved to /project/bdoiron/dracoxu/rct-fsflow/paper_project_final/out/sacc/alignment/case_ii_correctonly
======================================================================
[done] Case ii → /project/bdoiron/dracoxu/rct-fsflow/paper_project_final/out/sacc/alignment/case_ii_correctonly/

------------------------------------------------------------
[Case iii] Stim-C (vertical) vs Sacc-S (horizontal) (correct-only)
  C axes: stim/axes_peakbin_stimC-stim-vertical-20mssw (orientation: vertical)
  S axes: sacc/axes_peakbin_saccCS-sacc-horizontal-20mssw (orientation: horizontal)
  OUT_ROOT: /project/bdoiron/dracoxu/rct-fsflow/paper_project_final/out
------------------------------------------------------------
======================================================================
CROSS-ALIGNMENT AXIS ANALYSIS
======================================================================
[info] Processing 1 session(s)
[info] C: stim/axes_peakbin_stimC-stim-vertical-20mssw (vertical)
[info] S: sacc/axes_peakbin_saccCS-sacc-horizontal-20mssw (horizontal)
[info] win_C: [0.1, 0.3], win_S: [-0.1, -0.03]
[info] Use rich conditions: False

============================================================
[20200401] Processing cross-alignment...
  [cross] Building geometry from both epochs...
          C epoch: stim, window=(0.1, 0.3), trials=253
          S epoch: sacc, window=(-0.1, -0.03), trials=250
          D_C shape: (71, 40), D_S shape: (71, 28)
  [cross] Observed: |cos(θ)|=0.7789, θ=38.8°
  [null] Manifold dim: 46, D_eff=6.2
         Expected |cos(θ)| ≈ 0.320 (angle ≈ 71.4°)
  [null] Running 1000 covariance-constrained null samples...
    [200/1000] null_mean=0.2026
    [400/1000] null_mean=0.1952
    [600/1000] null_mean=0.2009
    [800/1000] null_mean=0.1982
    [1000/1000] null_mean=0.2001
  [result] a_obs=0.7789, null_mean=0.2001±0.1305
           Δ=0.5788, z=4.44
           θ_obs=38.8°, θ_null=78.3°
           p(more orthogonal)=1.0000, p(more aligned)=0.0010
  [saved] /project/bdoiron/dracoxu/rct-fsflow/paper_project_final/out/cross_alignment/case_iii_correctonly/cross_case_iii_correctonly_20200401.json

======================================================================
[done] Results saved to /project/bdoiron/dracoxu/rct-fsflow/paper_project_final/out/cross_alignment/case_iii_correctonly
======================================================================
[done] Case iii → /project/bdoiron/dracoxu/rct-fsflow/paper_project_final/out/cross_alignment/case_iii_correctonly/

------------------------------------------------------------
[Case iv] Stim-C (pooled) vs Sacc-S (pooled) (correct-only)
  C axes: stim/axes_peakbin_stimC-stim-pooled-20mssw (orientation: pooled)
  S axes: sacc/axes_peakbin_saccCS-sacc-pooled-20mssw (orientation: pooled)
  OUT_ROOT: /project/bdoiron/dracoxu/rct-fsflow/paper_project_final/out
------------------------------------------------------------
======================================================================
CROSS-ALIGNMENT AXIS ANALYSIS
======================================================================
[info] Processing 1 session(s)
[info] C: stim/axes_peakbin_stimC-stim-pooled-20mssw (pooled)
[info] S: sacc/axes_peakbin_saccCS-sacc-pooled-20mssw (pooled)
[info] win_C: [0.1, 0.3], win_S: [-0.1, -0.03]
[info] Use rich conditions: False

============================================================
[20200401] Processing cross-alignment...
  [cross] Building geometry from both epochs...
          C epoch: stim, window=(0.1, 0.3), trials=503
          S epoch: sacc, window=(-0.1, -0.03), trials=503
          D_C shape: (71, 40), D_S shape: (71, 28)
  [cross] Observed: |cos(θ)|=0.4490, θ=63.3°
  [null] Manifold dim: 46, D_eff=4.9
         Expected |cos(θ)| ≈ 0.359 (angle ≈ 68.9°)
  [null] Running 1000 covariance-constrained null samples...
    [200/1000] null_mean=0.1849
    [400/1000] null_mean=0.1817
    [600/1000] null_mean=0.1835
    [800/1000] null_mean=0.1803
    [1000/1000] null_mean=0.1819
  [result] a_obs=0.4490, null_mean=0.1819±0.1218
           Δ=0.2671, z=2.19
           θ_obs=63.3°, θ_null=79.4°
           p(more orthogonal)=0.9790, p(more aligned)=0.0220
  [saved] /project/bdoiron/dracoxu/rct-fsflow/paper_project_final/out/cross_alignment/case_iv_correctonly/cross_case_iv_correctonly_20200401.json

======================================================================
[done] Results saved to /project/bdoiron/dracoxu/rct-fsflow/paper_project_final/out/cross_alignment/case_iv_correctonly
======================================================================
[done] Case iv → /project/bdoiron/dracoxu/rct-fsflow/paper_project_final/out/cross_alignment/case_iv_correctonly/

==============================================================
ALL TRIALS (out_nofilter/)
==============================================================

------------------------------------------------------------
[Case i] Sacc-aligned C & S, horizontal trials (all-trials)
  Axes: axes_peakbin_saccCS-sacc-horizontal-20mssw_nofilter
  Orientation: horizontal
  OUT_ROOT: /project/bdoiron/dracoxu/rct-fsflow/paper_project_final/out_nofilter
------------------------------------------------------------
======================================================================
CATEGORY-SACCADE SUBSPACE ALIGNMENT ANALYSIS
======================================================================
[info] Processing 1 session(s)
[info] Mode: axis_cov
[info] out_root: /project/bdoiron/dracoxu/rct-fsflow/paper_project_final/out_nofilter
[info] n_perms: 1000

[Analysis C] Axis Angle + Covariance-Constrained Null (DAVE'S QUESTION)
             Axes tag: axes_peakbin_saccCS-sacc-horizontal-20mssw_nofilter
             Uses trained sC and sS_raw axes
             Tests: 'less aligned than geometry-constrained chance'

============================================================
[20200401] Processing...

  [Analysis C] Axis angle + covariance-constrained null...
  [axis-cov] Observed: |cos(θ)|=0.2193, θ=77.3°
  [null] Manifold dim: 34, D_eff=6.2
         Expected |cos(θ)| ≈ 0.401 (angle ≈ 66.4°)
  [null] Running 1000 covariance-constrained null samples...
    [200/1000] null_mean=0.3123
    [400/1000] null_mean=0.2948
    [600/1000] null_mean=0.2827
    [800/1000] null_mean=0.2831
    [1000/1000] null_mean=0.2817
  [result] a_obs=0.2193, null_mean=0.2817±0.1825
           Δ=-0.0624, z=-0.34
           θ_obs=77.3°, θ_null=73.3°
           p(more orthogonal)=0.4296, p(more aligned)=0.5714
  [saved] /project/bdoiron/dracoxu/rct-fsflow/paper_project_final/out_nofilter/sacc/alignment/case_i_alltrials/axis_cov_20200401.json

======================================================================
[done] Per-session results saved to /project/bdoiron/dracoxu/rct-fsflow/paper_project_final/out_nofilter/sacc/alignment/case_i_alltrials
======================================================================
[done] Case i → /project/bdoiron/dracoxu/rct-fsflow/paper_project_final/out_nofilter/sacc/alignment/case_i_alltrials/

------------------------------------------------------------
[Case ii] Sacc-aligned C & S, pooled trials (all-trials)
  Axes: axes_peakbin_saccCS-sacc-pooled-20mssw_nofilter
  Orientation: pooled
  OUT_ROOT: /project/bdoiron/dracoxu/rct-fsflow/paper_project_final/out_nofilter
------------------------------------------------------------
======================================================================
CATEGORY-SACCADE SUBSPACE ALIGNMENT ANALYSIS
======================================================================
[info] Processing 1 session(s)
[info] Mode: axis_cov
[info] out_root: /project/bdoiron/dracoxu/rct-fsflow/paper_project_final/out_nofilter
[info] n_perms: 1000

[Analysis C] Axis Angle + Covariance-Constrained Null (DAVE'S QUESTION)
             Axes tag: axes_peakbin_saccCS-sacc-pooled-20mssw_nofilter
             Uses trained sC and sS_raw axes
             Tests: 'less aligned than geometry-constrained chance'

============================================================
[20200401] Processing...

  [Analysis C] Axis angle + covariance-constrained null...
  [axis-cov] Observed: |cos(θ)|=0.1632, θ=80.6°
  [null] Manifold dim: 34, D_eff=5.6
         Expected |cos(θ)| ≈ 0.424 (angle ≈ 64.9°)
  [null] Running 1000 covariance-constrained null samples...
    [200/1000] null_mean=0.3061
    [400/1000] null_mean=0.2989
    [600/1000] null_mean=0.2934
    [800/1000] null_mean=0.2976
    [1000/1000] null_mean=0.2955
  [result] a_obs=0.1632, null_mean=0.2955±0.1900
           Δ=-0.1323, z=-0.70
           θ_obs=80.6°, θ_null=72.4°
           p(more orthogonal)=0.3157, p(more aligned)=0.6853
  [saved] /project/bdoiron/dracoxu/rct-fsflow/paper_project_final/out_nofilter/sacc/alignment/case_ii_alltrials/axis_cov_20200401.json

======================================================================
[done] Per-session results saved to /project/bdoiron/dracoxu/rct-fsflow/paper_project_final/out_nofilter/sacc/alignment/case_ii_alltrials
======================================================================
[done] Case ii → /project/bdoiron/dracoxu/rct-fsflow/paper_project_final/out_nofilter/sacc/alignment/case_ii_alltrials/

------------------------------------------------------------
[Case iii] Stim-C (vertical) vs Sacc-S (horizontal) (all-trials)
  C axes: stim/axes_peakbin_stimC-stim-vertical-20mssw_nofilter (orientation: vertical)
  S axes: sacc/axes_peakbin_saccCS-sacc-horizontal-20mssw_nofilter (orientation: horizontal)
  OUT_ROOT: /project/bdoiron/dracoxu/rct-fsflow/paper_project_final/out_nofilter
------------------------------------------------------------
======================================================================
CROSS-ALIGNMENT AXIS ANALYSIS
======================================================================
[info] Processing 1 session(s)
[info] C: stim/axes_peakbin_stimC-stim-vertical-20mssw_nofilter (vertical)
[info] S: sacc/axes_peakbin_saccCS-sacc-horizontal-20mssw_nofilter (horizontal)
[info] win_C: [0.1, 0.3], win_S: [-0.1, -0.03]
[info] Use rich conditions: False

============================================================
[20200401] Processing cross-alignment...
  [cross] Building geometry from both epochs...
          C epoch: stim, window=(0.1, 0.3), trials=261
          S epoch: sacc, window=(-0.1, -0.03), trials=257
          D_C shape: (71, 40), D_S shape: (71, 28)
  [cross] Observed: |cos(θ)|=0.6845, θ=46.8°
  [null] Manifold dim: 46, D_eff=6.0
         Expected |cos(θ)| ≈ 0.326 (angle ≈ 71.0°)
  [null] Running 1000 covariance-constrained null samples...
    [200/1000] null_mean=0.1736
    [400/1000] null_mean=0.1674
    [600/1000] null_mean=0.1717
    [800/1000] null_mean=0.1701
    [1000/1000] null_mean=0.1727
  [result] a_obs=0.6845, null_mean=0.1727±0.1153
           Δ=0.5118, z=4.44
           θ_obs=46.8°, θ_null=80.0°
           p(more orthogonal)=1.0000, p(more aligned)=0.0010
  [saved] /project/bdoiron/dracoxu/rct-fsflow/paper_project_final/out_nofilter/cross_alignment/case_iii_alltrials/cross_case_iii_alltrials_20200401.json

======================================================================
[done] Results saved to /project/bdoiron/dracoxu/rct-fsflow/paper_project_final/out_nofilter/cross_alignment/case_iii_alltrials
======================================================================
[done] Case iii → /project/bdoiron/dracoxu/rct-fsflow/paper_project_final/out_nofilter/cross_alignment/case_iii_alltrials/

------------------------------------------------------------
[Case iv] Stim-C (pooled) vs Sacc-S (pooled) (all-trials)
  C axes: stim/axes_peakbin_stimC-stim-pooled-20mssw_nofilter (orientation: pooled)
  S axes: sacc/axes_peakbin_saccCS-sacc-pooled-20mssw_nofilter (orientation: pooled)
  OUT_ROOT: /project/bdoiron/dracoxu/rct-fsflow/paper_project_final/out_nofilter
------------------------------------------------------------
======================================================================
CROSS-ALIGNMENT AXIS ANALYSIS
======================================================================
[info] Processing 1 session(s)
[info] C: stim/axes_peakbin_stimC-stim-pooled-20mssw_nofilter (pooled)
[info] S: sacc/axes_peakbin_saccCS-sacc-pooled-20mssw_nofilter (pooled)
[info] win_C: [0.1, 0.3], win_S: [-0.1, -0.03]
[info] Use rich conditions: False

============================================================
[20200401] Processing cross-alignment...
  [cross] Building geometry from both epochs...
          C epoch: stim, window=(0.1, 0.3), trials=518
          S epoch: sacc, window=(-0.1, -0.03), trials=518
          D_C shape: (71, 40), D_S shape: (71, 28)
  [cross] Observed: |cos(θ)|=0.4381, θ=64.0°
  [null] Manifold dim: 45, D_eff=4.8
         Expected |cos(θ)| ≈ 0.363 (angle ≈ 68.7°)
  [null] Running 1000 covariance-constrained null samples...
    [200/1000] null_mean=0.1793
    [400/1000] null_mean=0.1832
    [600/1000] null_mean=0.1769
    [800/1000] null_mean=0.1732
    [1000/1000] null_mean=0.1713
  [result] a_obs=0.4381, null_mean=0.1713±0.1133
           Δ=0.2668, z=2.36
           θ_obs=64.0°, θ_null=80.1°
           p(more orthogonal)=0.9800, p(more aligned)=0.0210
  [saved] /project/bdoiron/dracoxu/rct-fsflow/paper_project_final/out_nofilter/cross_alignment/case_iv_alltrials/cross_case_iv_alltrials_20200401.json

======================================================================
[done] Results saved to /project/bdoiron/dracoxu/rct-fsflow/paper_project_final/out_nofilter/cross_alignment/case_iv_alltrials
======================================================================
[done] Case iv → /project/bdoiron/dracoxu/rct-fsflow/paper_project_final/out_nofilter/cross_alignment/case_iv_alltrials/

==============================================================
[done] All cases complete for SID=20200401
==============================================================
