==============================================================
AXIS ALIGNMENT ANALYSIS - ALL FOUR CASES
Session: 20231123 (task 21)
Filter mode: both
==============================================================

==============================================================
CORRECT-ONLY TRIALS (out/)
==============================================================

------------------------------------------------------------
[Case i] Sacc-aligned C & S, horizontal trials (correct-only)
  Axes: axes_peakbin_saccCS-sacc-horizontal-20mssw
  Orientation: horizontal
  OUT_ROOT: /project/bdoiron/dracoxu/rct-fsflow/paper_project_final/out
------------------------------------------------------------
======================================================================
CATEGORY-SACCADE SUBSPACE ALIGNMENT ANALYSIS
======================================================================
[info] Processing 1 session(s)
[info] Mode: axis_cov
[info] out_root: /project/bdoiron/dracoxu/rct-fsflow/paper_project_final/out
[info] n_perms: 1000

[Analysis C] Axis Angle + Covariance-Constrained Null (DAVE'S QUESTION)
             Axes tag: axes_peakbin_saccCS-sacc-horizontal-20mssw
             Uses trained sC and sS_raw axes
             Tests: 'less aligned than geometry-constrained chance'

============================================================
[20231123] Processing...

  [Analysis C] Axis angle + covariance-constrained null...
  [axis-cov] Observed: |cos(θ)|=0.1221, θ=83.0°
  [null] Manifold dim: 78, D_eff=27.2
         Expected |cos(θ)| ≈ 0.192 (angle ≈ 78.9°)
  [null] Running 1000 covariance-constrained null samples...
    [200/1000] null_mean=0.1473
    [400/1000] null_mean=0.1481
    [600/1000] null_mean=0.1460
    [800/1000] null_mean=0.1470
    [1000/1000] null_mean=0.1486
  [result] a_obs=0.1221, null_mean=0.1486±0.1095
           Δ=-0.0265, z=-0.24
           θ_obs=83.0°, θ_null=81.4°
           p(more orthogonal)=0.4735, p(more aligned)=0.5275
  [saved] /project/bdoiron/dracoxu/rct-fsflow/paper_project_final/out/sacc/alignment/case_i_correctonly/axis_cov_20231123.json

======================================================================
[done] Per-session results saved to /project/bdoiron/dracoxu/rct-fsflow/paper_project_final/out/sacc/alignment/case_i_correctonly
======================================================================
[done] Case i → /project/bdoiron/dracoxu/rct-fsflow/paper_project_final/out/sacc/alignment/case_i_correctonly/

------------------------------------------------------------
[Case ii] Sacc-aligned C & S, pooled trials (correct-only)
  Axes: axes_peakbin_saccCS-sacc-pooled-20mssw
  Orientation: pooled
  OUT_ROOT: /project/bdoiron/dracoxu/rct-fsflow/paper_project_final/out
------------------------------------------------------------
======================================================================
CATEGORY-SACCADE SUBSPACE ALIGNMENT ANALYSIS
======================================================================
[info] Processing 1 session(s)
[info] Mode: axis_cov
[info] out_root: /project/bdoiron/dracoxu/rct-fsflow/paper_project_final/out
[info] n_perms: 1000

[Analysis C] Axis Angle + Covariance-Constrained Null (DAVE'S QUESTION)
             Axes tag: axes_peakbin_saccCS-sacc-pooled-20mssw
             Uses trained sC and sS_raw axes
             Tests: 'less aligned than geometry-constrained chance'

============================================================
[20231123] Processing...

  [Analysis C] Axis angle + covariance-constrained null...
  [axis-cov] Observed: |cos(θ)|=0.1043, θ=84.0°
  [null] Manifold dim: 92, D_eff=6.2
         Expected |cos(θ)| ≈ 0.401 (angle ≈ 66.4°)
  [null] Running 1000 covariance-constrained null samples...
    [200/1000] null_mean=0.1557
    [400/1000] null_mean=0.1614
    [600/1000] null_mean=0.1571
    [800/1000] null_mean=0.1556
    [1000/1000] null_mean=0.1545
  [result] a_obs=0.1043, null_mean=0.1545±0.1169
           Δ=-0.0502, z=-0.43
           θ_obs=84.0°, θ_null=81.0°
           p(more orthogonal)=0.4076, p(more aligned)=0.5934
  [saved] /project/bdoiron/dracoxu/rct-fsflow/paper_project_final/out/sacc/alignment/case_ii_correctonly/axis_cov_20231123.json

======================================================================
[done] Per-session results saved to /project/bdoiron/dracoxu/rct-fsflow/paper_project_final/out/sacc/alignment/case_ii_correctonly
======================================================================
[done] Case ii → /project/bdoiron/dracoxu/rct-fsflow/paper_project_final/out/sacc/alignment/case_ii_correctonly/
[WARN] Axes not found for Case iii → skipping
       Missing: /project/bdoiron/dracoxu/rct-fsflow/paper_project_final/out/stim/20231123/axes/axes_peakbin_C-stim-vertical-20mssw
