==============================================================
AXIS ALIGNMENT ANALYSIS - ALL FOUR CASES
Session: 20201001 (task 7)
Filter mode: both
==============================================================

==============================================================
CORRECT-ONLY TRIALS (out/)
==============================================================

------------------------------------------------------------
[Case i] Sacc-aligned C & S, horizontal trials (correct-only)
  Axes: axes_peakbin_saccCS-sacc-horizontal-20mssw
  Orientation: horizontal
  OUT_ROOT: /project/bdoiron/dracoxu/rct-fsflow/paper_project_final/out
------------------------------------------------------------
======================================================================
CATEGORY-SACCADE SUBSPACE ALIGNMENT ANALYSIS
======================================================================
[info] Processing 1 session(s)
[info] Mode: axis_cov
[info] out_root: /project/bdoiron/dracoxu/rct-fsflow/paper_project_final/out
[info] n_perms: 1000

[Analysis C] Axis Angle + Covariance-Constrained Null (DAVE'S QUESTION)
             Axes tag: axes_peakbin_saccCS-sacc-horizontal-20mssw
             Uses trained sC and sS_raw axes
             Tests: 'less aligned than geometry-constrained chance'

============================================================
[20201001] Processing...

  [Analysis C] Axis angle + covariance-constrained null...
  [axis-cov] Observed: |cos(θ)|=0.0350, θ=88.0°
  [null] Manifold dim: 35, D_eff=3.0
         Expected |cos(θ)| ≈ 0.578 (angle ≈ 54.7°)
  [null] Running 1000 covariance-constrained null samples...
    [200/1000] null_mean=0.1463
    [400/1000] null_mean=0.1595
    [600/1000] null_mean=0.1593
    [800/1000] null_mean=0.1580
    [1000/1000] null_mean=0.1598
  [result] a_obs=0.0350, null_mean=0.1598±0.0947
           Δ=-0.1248, z=-1.32
           θ_obs=88.0°, θ_null=80.8°
           p(more orthogonal)=0.0919, p(more aligned)=0.9091
  [saved] /project/bdoiron/dracoxu/rct-fsflow/paper_project_final/out/sacc/alignment/case_i_correctonly/axis_cov_20201001.json

======================================================================
[done] Per-session results saved to /project/bdoiron/dracoxu/rct-fsflow/paper_project_final/out/sacc/alignment/case_i_correctonly
======================================================================
[done] Case i → /project/bdoiron/dracoxu/rct-fsflow/paper_project_final/out/sacc/alignment/case_i_correctonly/

------------------------------------------------------------
[Case ii] Sacc-aligned C & S, pooled trials (correct-only)
  Axes: axes_peakbin_saccCS-sacc-pooled-20mssw
  Orientation: pooled
  OUT_ROOT: /project/bdoiron/dracoxu/rct-fsflow/paper_project_final/out
------------------------------------------------------------
======================================================================
CATEGORY-SACCADE SUBSPACE ALIGNMENT ANALYSIS
======================================================================
[info] Processing 1 session(s)
[info] Mode: axis_cov
[info] out_root: /project/bdoiron/dracoxu/rct-fsflow/paper_project_final/out
[info] n_perms: 1000

[Analysis C] Axis Angle + Covariance-Constrained Null (DAVE'S QUESTION)
             Axes tag: axes_peakbin_saccCS-sacc-pooled-20mssw
             Uses trained sC and sS_raw axes
             Tests: 'less aligned than geometry-constrained chance'

============================================================
[20201001] Processing...

  [Analysis C] Axis angle + covariance-constrained null...
  [axis-cov] Observed: |cos(θ)|=0.1913, θ=79.0°
  [null] Manifold dim: 32, D_eff=2.2
         Expected |cos(θ)| ≈ 0.681 (angle ≈ 47.0°)
  [null] Running 1000 covariance-constrained null samples...
    [200/1000] null_mean=0.2131
    [400/1000] null_mean=0.2121
    [600/1000] null_mean=0.2136
    [800/1000] null_mean=0.2131
    [1000/1000] null_mean=0.2121
  [result] a_obs=0.1913, null_mean=0.2121±0.1139
           Δ=-0.0208, z=-0.18
           θ_obs=79.0°, θ_null=77.7°
           p(more orthogonal)=0.4176, p(more aligned)=0.5834
  [saved] /project/bdoiron/dracoxu/rct-fsflow/paper_project_final/out/sacc/alignment/case_ii_correctonly/axis_cov_20201001.json

======================================================================
[done] Per-session results saved to /project/bdoiron/dracoxu/rct-fsflow/paper_project_final/out/sacc/alignment/case_ii_correctonly
======================================================================
[done] Case ii → /project/bdoiron/dracoxu/rct-fsflow/paper_project_final/out/sacc/alignment/case_ii_correctonly/

------------------------------------------------------------
[Case iii] Stim-C (vertical) vs Sacc-S (horizontal) (correct-only)
  C axes: stim/axes_peakbin_stimC-stim-vertical-20mssw (orientation: vertical)
  S axes: sacc/axes_peakbin_saccCS-sacc-horizontal-20mssw (orientation: horizontal)
  OUT_ROOT: /project/bdoiron/dracoxu/rct-fsflow/paper_project_final/out
------------------------------------------------------------
======================================================================
CROSS-ALIGNMENT AXIS ANALYSIS
======================================================================
[info] Processing 1 session(s)
[info] C: stim/axes_peakbin_stimC-stim-vertical-20mssw (vertical)
[info] S: sacc/axes_peakbin_saccCS-sacc-horizontal-20mssw (horizontal)
[info] win_C: [0.1, 0.3], win_S: [-0.1, -0.03]
[info] Use rich conditions: False

============================================================
[20201001] Processing cross-alignment...
  [cross] Building geometry from both epochs...
          C epoch: stim, window=(0.1, 0.3), trials=292
          S epoch: sacc, window=(-0.1, -0.03), trials=256
          D_C shape: (139, 40), D_S shape: (139, 28)
  [cross] Observed: |cos(θ)|=0.6061, θ=52.7°
  [null] Manifold dim: 56, D_eff=7.1
         Expected |cos(θ)| ≈ 0.300 (angle ≈ 72.5°)
  [null] Running 1000 covariance-constrained null samples...
    [200/1000] null_mean=0.1978
    [400/1000] null_mean=0.1994
    [600/1000] null_mean=0.2028
    [800/1000] null_mean=0.1992
    [1000/1000] null_mean=0.2014
  [result] a_obs=0.6061, null_mean=0.2014±0.1361
           Δ=0.4047, z=2.97
           θ_obs=52.7°, θ_null=78.2°
           p(more orthogonal)=1.0000, p(more aligned)=0.0010
  [saved] /project/bdoiron/dracoxu/rct-fsflow/paper_project_final/out/cross_alignment/case_iii_correctonly/cross_case_iii_correctonly_20201001.json

======================================================================
[done] Results saved to /project/bdoiron/dracoxu/rct-fsflow/paper_project_final/out/cross_alignment/case_iii_correctonly
======================================================================
[done] Case iii → /project/bdoiron/dracoxu/rct-fsflow/paper_project_final/out/cross_alignment/case_iii_correctonly/

------------------------------------------------------------
[Case iv] Stim-C (pooled) vs Sacc-S (pooled) (correct-only)
  C axes: stim/axes_peakbin_stimC-stim-pooled-20mssw (orientation: pooled)
  S axes: sacc/axes_peakbin_saccCS-sacc-pooled-20mssw (orientation: pooled)
  OUT_ROOT: /project/bdoiron/dracoxu/rct-fsflow/paper_project_final/out
------------------------------------------------------------
======================================================================
CROSS-ALIGNMENT AXIS ANALYSIS
======================================================================
[info] Processing 1 session(s)
[info] C: stim/axes_peakbin_stimC-stim-pooled-20mssw (pooled)
[info] S: sacc/axes_peakbin_saccCS-sacc-pooled-20mssw (pooled)
[info] win_C: [0.1, 0.3], win_S: [-0.1, -0.03]
[info] Use rich conditions: False

============================================================
[20201001] Processing cross-alignment...
  [cross] Building geometry from both epochs...
          C epoch: stim, window=(0.1, 0.3), trials=548
          S epoch: sacc, window=(-0.1, -0.03), trials=548
          D_C shape: (139, 40), D_S shape: (139, 28)
  [cross] Observed: |cos(θ)|=0.1323, θ=82.4°
  [null] Manifold dim: 53, D_eff=5.0
         Expected |cos(θ)| ≈ 0.358 (angle ≈ 69.0°)
  [null] Running 1000 covariance-constrained null samples...
    [200/1000] null_mean=0.1623
    [400/1000] null_mean=0.1666
    [600/1000] null_mean=0.1746
    [800/1000] null_mean=0.1730
    [1000/1000] null_mean=0.1719
  [result] a_obs=0.1323, null_mean=0.1719±0.1166
           Δ=-0.0397, z=-0.34
           θ_obs=82.4°, θ_null=80.0°
           p(more orthogonal)=0.4266, p(more aligned)=0.5744
  [saved] /project/bdoiron/dracoxu/rct-fsflow/paper_project_final/out/cross_alignment/case_iv_correctonly/cross_case_iv_correctonly_20201001.json

======================================================================
[done] Results saved to /project/bdoiron/dracoxu/rct-fsflow/paper_project_final/out/cross_alignment/case_iv_correctonly
======================================================================
[done] Case iv → /project/bdoiron/dracoxu/rct-fsflow/paper_project_final/out/cross_alignment/case_iv_correctonly/

==============================================================
ALL TRIALS (out_nofilter/)
==============================================================

------------------------------------------------------------
[Case i] Sacc-aligned C & S, horizontal trials (all-trials)
  Axes: axes_peakbin_saccCS-sacc-horizontal-20mssw_nofilter
  Orientation: horizontal
  OUT_ROOT: /project/bdoiron/dracoxu/rct-fsflow/paper_project_final/out_nofilter
------------------------------------------------------------
======================================================================
CATEGORY-SACCADE SUBSPACE ALIGNMENT ANALYSIS
======================================================================
[info] Processing 1 session(s)
[info] Mode: axis_cov
[info] out_root: /project/bdoiron/dracoxu/rct-fsflow/paper_project_final/out_nofilter
[info] n_perms: 1000

[Analysis C] Axis Angle + Covariance-Constrained Null (DAVE'S QUESTION)
             Axes tag: axes_peakbin_saccCS-sacc-horizontal-20mssw_nofilter
             Uses trained sC and sS_raw axes
             Tests: 'less aligned than geometry-constrained chance'

============================================================
[20201001] Processing...

  [Analysis C] Axis angle + covariance-constrained null...
  [axis-cov] Observed: |cos(θ)|=0.0257, θ=88.5°
  [null] Manifold dim: 35, D_eff=3.0
         Expected |cos(θ)| ≈ 0.579 (angle ≈ 54.6°)
  [null] Running 1000 covariance-constrained null samples...
    [200/1000] null_mean=0.1495
    [400/1000] null_mean=0.1678
    [600/1000] null_mean=0.1668
    [800/1000] null_mean=0.1659
    [1000/1000] null_mean=0.1681
  [result] a_obs=0.0257, null_mean=0.1681±0.1029
           Δ=-0.1425, z=-1.38
           θ_obs=88.5°, θ_null=80.3°
           p(more orthogonal)=0.0909, p(more aligned)=0.9101
  [saved] /project/bdoiron/dracoxu/rct-fsflow/paper_project_final/out_nofilter/sacc/alignment/case_i_alltrials/axis_cov_20201001.json

======================================================================
[done] Per-session results saved to /project/bdoiron/dracoxu/rct-fsflow/paper_project_final/out_nofilter/sacc/alignment/case_i_alltrials
======================================================================
[done] Case i → /project/bdoiron/dracoxu/rct-fsflow/paper_project_final/out_nofilter/sacc/alignment/case_i_alltrials/

------------------------------------------------------------
[Case ii] Sacc-aligned C & S, pooled trials (all-trials)
  Axes: axes_peakbin_saccCS-sacc-pooled-20mssw_nofilter
  Orientation: pooled
  OUT_ROOT: /project/bdoiron/dracoxu/rct-fsflow/paper_project_final/out_nofilter
------------------------------------------------------------
======================================================================
CATEGORY-SACCADE SUBSPACE ALIGNMENT ANALYSIS
======================================================================
[info] Processing 1 session(s)
[info] Mode: axis_cov
[info] out_root: /project/bdoiron/dracoxu/rct-fsflow/paper_project_final/out_nofilter
[info] n_perms: 1000

[Analysis C] Axis Angle + Covariance-Constrained Null (DAVE'S QUESTION)
             Axes tag: axes_peakbin_saccCS-sacc-pooled-20mssw_nofilter
             Uses trained sC and sS_raw axes
             Tests: 'less aligned than geometry-constrained chance'

============================================================
[20201001] Processing...

  [Analysis C] Axis angle + covariance-constrained null...
  [axis-cov] Observed: |cos(θ)|=0.2289, θ=76.8°
  [null] Manifold dim: 32, D_eff=2.1
         Expected |cos(θ)| ≈ 0.683 (angle ≈ 46.9°)
  [null] Running 1000 covariance-constrained null samples...
    [200/1000] null_mean=0.1832
    [400/1000] null_mean=0.1836
    [600/1000] null_mean=0.1903
    [800/1000] null_mean=0.1895
    [1000/1000] null_mean=0.1875
  [result] a_obs=0.2289, null_mean=0.1875±0.1067
           Δ=0.0415, z=0.39
           θ_obs=76.8°, θ_null=79.1°
           p(more orthogonal)=0.6364, p(more aligned)=0.3646
  [saved] /project/bdoiron/dracoxu/rct-fsflow/paper_project_final/out_nofilter/sacc/alignment/case_ii_alltrials/axis_cov_20201001.json

======================================================================
[done] Per-session results saved to /project/bdoiron/dracoxu/rct-fsflow/paper_project_final/out_nofilter/sacc/alignment/case_ii_alltrials
======================================================================
[done] Case ii → /project/bdoiron/dracoxu/rct-fsflow/paper_project_final/out_nofilter/sacc/alignment/case_ii_alltrials/

------------------------------------------------------------
[Case iii] Stim-C (vertical) vs Sacc-S (horizontal) (all-trials)
  C axes: stim/axes_peakbin_stimC-stim-vertical-20mssw_nofilter (orientation: vertical)
  S axes: sacc/axes_peakbin_saccCS-sacc-horizontal-20mssw_nofilter (orientation: horizontal)
  OUT_ROOT: /project/bdoiron/dracoxu/rct-fsflow/paper_project_final/out_nofilter
------------------------------------------------------------
======================================================================
CROSS-ALIGNMENT AXIS ANALYSIS
======================================================================
[info] Processing 1 session(s)
[info] C: stim/axes_peakbin_stimC-stim-vertical-20mssw_nofilter (vertical)
[info] S: sacc/axes_peakbin_saccCS-sacc-horizontal-20mssw_nofilter (horizontal)
[info] win_C: [0.1, 0.3], win_S: [-0.1, -0.03]
[info] Use rich conditions: False

============================================================
[20201001] Processing cross-alignment...
  [cross] Building geometry from both epochs...
          C epoch: stim, window=(0.1, 0.3), trials=299
          S epoch: sacc, window=(-0.1, -0.03), trials=260
          D_C shape: (139, 40), D_S shape: (139, 28)
  [cross] Observed: |cos(θ)|=0.5159, θ=58.9°
  [null] Manifold dim: 56, D_eff=7.0
         Expected |cos(θ)| ≈ 0.302 (angle ≈ 72.4°)
  [null] Running 1000 covariance-constrained null samples...
    [200/1000] null_mean=0.1967
    [400/1000] null_mean=0.1994
    [600/1000] null_mean=0.2032
    [800/1000] null_mean=0.1995
    [1000/1000] null_mean=0.1992
  [result] a_obs=0.5159, null_mean=0.1992±0.1340
           Δ=0.3167, z=2.36
           θ_obs=58.9°, θ_null=78.4°
           p(more orthogonal)=0.9850, p(more aligned)=0.0160
  [saved] /project/bdoiron/dracoxu/rct-fsflow/paper_project_final/out_nofilter/cross_alignment/case_iii_alltrials/cross_case_iii_alltrials_20201001.json

======================================================================
[done] Results saved to /project/bdoiron/dracoxu/rct-fsflow/paper_project_final/out_nofilter/cross_alignment/case_iii_alltrials
======================================================================
[done] Case iii → /project/bdoiron/dracoxu/rct-fsflow/paper_project_final/out_nofilter/cross_alignment/case_iii_alltrials/

------------------------------------------------------------
[Case iv] Stim-C (pooled) vs Sacc-S (pooled) (all-trials)
  C axes: stim/axes_peakbin_stimC-stim-pooled-20mssw_nofilter (orientation: pooled)
  S axes: sacc/axes_peakbin_saccCS-sacc-pooled-20mssw_nofilter (orientation: pooled)
  OUT_ROOT: /project/bdoiron/dracoxu/rct-fsflow/paper_project_final/out_nofilter
------------------------------------------------------------
======================================================================
CROSS-ALIGNMENT AXIS ANALYSIS
======================================================================
[info] Processing 1 session(s)
[info] C: stim/axes_peakbin_stimC-stim-pooled-20mssw_nofilter (pooled)
[info] S: sacc/axes_peakbin_saccCS-sacc-pooled-20mssw_nofilter (pooled)
[info] win_C: [0.1, 0.3], win_S: [-0.1, -0.03]
[info] Use rich conditions: False

============================================================
[20201001] Processing cross-alignment...
  [cross] Building geometry from both epochs...
          C epoch: stim, window=(0.1, 0.3), trials=559
          S epoch: sacc, window=(-0.1, -0.03), trials=559
          D_C shape: (139, 40), D_S shape: (139, 28)
  [cross] Observed: |cos(θ)|=0.1673, θ=80.4°
  [null] Manifold dim: 53, D_eff=4.9
         Expected |cos(θ)| ≈ 0.361 (angle ≈ 68.9°)
  [null] Running 1000 covariance-constrained null samples...
    [200/1000] null_mean=0.1666
    [400/1000] null_mean=0.1711
    [600/1000] null_mean=0.1796
    [800/1000] null_mean=0.1777
    [1000/1000] null_mean=0.1763
  [result] a_obs=0.1673, null_mean=0.1763±0.1201
           Δ=-0.0090, z=-0.07
           θ_obs=80.4°, θ_null=79.8°
           p(more orthogonal)=0.5285, p(more aligned)=0.4725
  [saved] /project/bdoiron/dracoxu/rct-fsflow/paper_project_final/out_nofilter/cross_alignment/case_iv_alltrials/cross_case_iv_alltrials_20201001.json

======================================================================
[done] Results saved to /project/bdoiron/dracoxu/rct-fsflow/paper_project_final/out_nofilter/cross_alignment/case_iv_alltrials
======================================================================
[done] Case iv → /project/bdoiron/dracoxu/rct-fsflow/paper_project_final/out_nofilter/cross_alignment/case_iv_alltrials/

==============================================================
[done] All cases complete for SID=20201001
==============================================================
