==============================================================
AXIS ALIGNMENT ANALYSIS - ALL FOUR CASES
Session: 20200327 (task 1)
Filter mode: both
==============================================================

==============================================================
CORRECT-ONLY TRIALS (out/)
==============================================================

------------------------------------------------------------
[Case i] Sacc-aligned C & S, horizontal trials (correct-only)
  Axes: axes_peakbin_saccCS-sacc-horizontal-20mssw
  Orientation: horizontal
  OUT_ROOT: /project/bdoiron/dracoxu/rct-fsflow/paper_project_final/out
------------------------------------------------------------
======================================================================
CATEGORY-SACCADE SUBSPACE ALIGNMENT ANALYSIS
======================================================================
[info] Processing 1 session(s)
[info] Mode: axis_cov
[info] out_root: /project/bdoiron/dracoxu/rct-fsflow/paper_project_final/out
[info] n_perms: 1000

[Analysis C] Axis Angle + Covariance-Constrained Null (DAVE'S QUESTION)
             Axes tag: axes_peakbin_saccCS-sacc-horizontal-20mssw
             Uses trained sC and sS_raw axes
             Tests: 'less aligned than geometry-constrained chance'

============================================================
[20200327] Processing...

  [Analysis C] Axis angle + covariance-constrained null...
  [axis-cov] Observed: |cos(θ)|=0.1729, θ=80.0°
  [null] Manifold dim: 32, D_eff=17.1
         Expected |cos(θ)| ≈ 0.242 (angle ≈ 76.0°)
  [null] Running 1000 covariance-constrained null samples...
    [200/1000] null_mean=0.2171
    [400/1000] null_mean=0.2155
    [600/1000] null_mean=0.2150
    [800/1000] null_mean=0.2110
    [1000/1000] null_mean=0.2107
  [result] a_obs=0.1729, null_mean=0.2107±0.1490
           Δ=-0.0379, z=-0.25
           θ_obs=80.0°, θ_null=77.7°
           p(more orthogonal)=0.4755, p(more aligned)=0.5255
  [saved] /project/bdoiron/dracoxu/rct-fsflow/paper_project_final/out/sacc/alignment/case_i_correctonly/axis_cov_20200327.json

======================================================================
[done] Per-session results saved to /project/bdoiron/dracoxu/rct-fsflow/paper_project_final/out/sacc/alignment/case_i_correctonly
======================================================================
[done] Case i → /project/bdoiron/dracoxu/rct-fsflow/paper_project_final/out/sacc/alignment/case_i_correctonly/

------------------------------------------------------------
[Case ii] Sacc-aligned C & S, pooled trials (correct-only)
  Axes: axes_peakbin_saccCS-sacc-pooled-20mssw
  Orientation: pooled
  OUT_ROOT: /project/bdoiron/dracoxu/rct-fsflow/paper_project_final/out
------------------------------------------------------------
======================================================================
CATEGORY-SACCADE SUBSPACE ALIGNMENT ANALYSIS
======================================================================
[info] Processing 1 session(s)
[info] Mode: axis_cov
[info] out_root: /project/bdoiron/dracoxu/rct-fsflow/paper_project_final/out
[info] n_perms: 1000

[Analysis C] Axis Angle + Covariance-Constrained Null (DAVE'S QUESTION)
             Axes tag: axes_peakbin_saccCS-sacc-pooled-20mssw
             Uses trained sC and sS_raw axes
             Tests: 'less aligned than geometry-constrained chance'

============================================================
[20200327] Processing...

  [Analysis C] Axis angle + covariance-constrained null...
  [axis-cov] Observed: |cos(θ)|=0.0545, θ=86.9°
  [null] Manifold dim: 32, D_eff=16.6
         Expected |cos(θ)| ≈ 0.246 (angle ≈ 75.8°)
  [null] Running 1000 covariance-constrained null samples...
    [200/1000] null_mean=0.2029
    [400/1000] null_mean=0.2011
    [600/1000] null_mean=0.2088
    [800/1000] null_mean=0.2110
    [1000/1000] null_mean=0.2109
  [result] a_obs=0.0545, null_mean=0.2109±0.1415
           Δ=-0.1564, z=-1.10
           θ_obs=86.9°, θ_null=77.7°
           p(more orthogonal)=0.1489, p(more aligned)=0.8521
  [saved] /project/bdoiron/dracoxu/rct-fsflow/paper_project_final/out/sacc/alignment/case_ii_correctonly/axis_cov_20200327.json

======================================================================
[done] Per-session results saved to /project/bdoiron/dracoxu/rct-fsflow/paper_project_final/out/sacc/alignment/case_ii_correctonly
======================================================================
[done] Case ii → /project/bdoiron/dracoxu/rct-fsflow/paper_project_final/out/sacc/alignment/case_ii_correctonly/

------------------------------------------------------------
[Case iii] Stim-C (vertical) vs Sacc-S (horizontal) (correct-only)
  C axes: stim/axes_peakbin_stimC-stim-vertical-20mssw (orientation: vertical)
  S axes: sacc/axes_peakbin_saccCS-sacc-horizontal-20mssw (orientation: horizontal)
  OUT_ROOT: /project/bdoiron/dracoxu/rct-fsflow/paper_project_final/out
------------------------------------------------------------
======================================================================
CROSS-ALIGNMENT AXIS ANALYSIS
======================================================================
[info] Processing 1 session(s)
[info] C: stim/axes_peakbin_stimC-stim-vertical-20mssw (vertical)
[info] S: sacc/axes_peakbin_saccCS-sacc-horizontal-20mssw (horizontal)
[info] win_C: [0.1, 0.3], win_S: [-0.1, -0.03]
[info] Use rich conditions: False

============================================================
[20200327] Processing cross-alignment...
  [cross] Building geometry from both epochs...
          C epoch: stim, window=(0.1, 0.3), trials=261
          S epoch: sacc, window=(-0.1, -0.03), trials=284
          D_C shape: (41, 40), D_S shape: (41, 28)
  [cross] Observed: |cos(θ)|=0.1315, θ=82.4°
  [null] Manifold dim: 34, D_eff=4.8
         Expected |cos(θ)| ≈ 0.365 (angle ≈ 68.6°)
  [null] Running 1000 covariance-constrained null samples...
    [200/1000] null_mean=0.1335
    [400/1000] null_mean=0.1361
    [600/1000] null_mean=0.1344
    [800/1000] null_mean=0.1342
    [1000/1000] null_mean=0.1335
  [result] a_obs=0.1315, null_mean=0.1335±0.0922
           Δ=-0.0020, z=-0.02
           θ_obs=82.4°, θ_null=82.3°
           p(more orthogonal)=0.5415, p(more aligned)=0.4595
  [saved] /project/bdoiron/dracoxu/rct-fsflow/paper_project_final/out/cross_alignment/case_iii_correctonly/cross_case_iii_correctonly_20200327.json

======================================================================
[done] Results saved to /project/bdoiron/dracoxu/rct-fsflow/paper_project_final/out/cross_alignment/case_iii_correctonly
======================================================================
[done] Case iii → /project/bdoiron/dracoxu/rct-fsflow/paper_project_final/out/cross_alignment/case_iii_correctonly/

------------------------------------------------------------
[Case iv] Stim-C (pooled) vs Sacc-S (pooled) (correct-only)
  C axes: stim/axes_peakbin_stimC-stim-pooled-20mssw (orientation: pooled)
  S axes: sacc/axes_peakbin_saccCS-sacc-pooled-20mssw (orientation: pooled)
  OUT_ROOT: /project/bdoiron/dracoxu/rct-fsflow/paper_project_final/out
------------------------------------------------------------
======================================================================
CROSS-ALIGNMENT AXIS ANALYSIS
======================================================================
[info] Processing 1 session(s)
[info] C: stim/axes_peakbin_stimC-stim-pooled-20mssw (pooled)
[info] S: sacc/axes_peakbin_saccCS-sacc-pooled-20mssw (pooled)
[info] win_C: [0.1, 0.3], win_S: [-0.1, -0.03]
[info] Use rich conditions: False

============================================================
[20200327] Processing cross-alignment...
  [cross] Building geometry from both epochs...
          C epoch: stim, window=(0.1, 0.3), trials=545
          S epoch: sacc, window=(-0.1, -0.03), trials=545
          D_C shape: (41, 40), D_S shape: (41, 28)
  [cross] Observed: |cos(θ)|=0.0389, θ=87.8°
  [null] Manifold dim: 33, D_eff=2.7
         Expected |cos(θ)| ≈ 0.489 (angle ≈ 60.7°)
  [null] Running 1000 covariance-constrained null samples...
    [200/1000] null_mean=0.0868
    [400/1000] null_mean=0.0881
    [600/1000] null_mean=0.0877
    [800/1000] null_mean=0.0878
    [1000/1000] null_mean=0.0892
  [result] a_obs=0.0389, null_mean=0.0892±0.0717
           Δ=-0.0503, z=-0.70
           θ_obs=87.8°, θ_null=84.9°
           p(more orthogonal)=0.2837, p(more aligned)=0.7173
  [saved] /project/bdoiron/dracoxu/rct-fsflow/paper_project_final/out/cross_alignment/case_iv_correctonly/cross_case_iv_correctonly_20200327.json

======================================================================
[done] Results saved to /project/bdoiron/dracoxu/rct-fsflow/paper_project_final/out/cross_alignment/case_iv_correctonly
======================================================================
[done] Case iv → /project/bdoiron/dracoxu/rct-fsflow/paper_project_final/out/cross_alignment/case_iv_correctonly/

==============================================================
ALL TRIALS (out_nofilter/)
==============================================================

------------------------------------------------------------
[Case i] Sacc-aligned C & S, horizontal trials (all-trials)
  Axes: axes_peakbin_saccCS-sacc-horizontal-20mssw_nofilter
  Orientation: horizontal
  OUT_ROOT: /project/bdoiron/dracoxu/rct-fsflow/paper_project_final/out_nofilter
------------------------------------------------------------
======================================================================
CATEGORY-SACCADE SUBSPACE ALIGNMENT ANALYSIS
======================================================================
[info] Processing 1 session(s)
[info] Mode: axis_cov
[info] out_root: /project/bdoiron/dracoxu/rct-fsflow/paper_project_final/out_nofilter
[info] n_perms: 1000

[Analysis C] Axis Angle + Covariance-Constrained Null (DAVE'S QUESTION)
             Axes tag: axes_peakbin_saccCS-sacc-horizontal-20mssw_nofilter
             Uses trained sC and sS_raw axes
             Tests: 'less aligned than geometry-constrained chance'

============================================================
[20200327] Processing...

  [Analysis C] Axis angle + covariance-constrained null...
  [axis-cov] Observed: |cos(θ)|=0.0686, θ=86.1°
  [null] Manifold dim: 32, D_eff=16.7
         Expected |cos(θ)| ≈ 0.245 (angle ≈ 75.8°)
  [null] Running 1000 covariance-constrained null samples...
    [200/1000] null_mean=0.2480
    [400/1000] null_mean=0.2424
    [600/1000] null_mean=0.2458
    [800/1000] null_mean=0.2412
    [1000/1000] null_mean=0.2414
  [result] a_obs=0.0686, null_mean=0.2414±0.1673
           Δ=-0.1728, z=-1.03
           θ_obs=86.1°, θ_null=75.8°
           p(more orthogonal)=0.1738, p(more aligned)=0.8272
  [saved] /project/bdoiron/dracoxu/rct-fsflow/paper_project_final/out_nofilter/sacc/alignment/case_i_alltrials/axis_cov_20200327.json

======================================================================
[done] Per-session results saved to /project/bdoiron/dracoxu/rct-fsflow/paper_project_final/out_nofilter/sacc/alignment/case_i_alltrials
======================================================================
[done] Case i → /project/bdoiron/dracoxu/rct-fsflow/paper_project_final/out_nofilter/sacc/alignment/case_i_alltrials/

------------------------------------------------------------
[Case ii] Sacc-aligned C & S, pooled trials (all-trials)
  Axes: axes_peakbin_saccCS-sacc-pooled-20mssw_nofilter
  Orientation: pooled
  OUT_ROOT: /project/bdoiron/dracoxu/rct-fsflow/paper_project_final/out_nofilter
------------------------------------------------------------
======================================================================
CATEGORY-SACCADE SUBSPACE ALIGNMENT ANALYSIS
======================================================================
[info] Processing 1 session(s)
[info] Mode: axis_cov
[info] out_root: /project/bdoiron/dracoxu/rct-fsflow/paper_project_final/out_nofilter
[info] n_perms: 1000

[Analysis C] Axis Angle + Covariance-Constrained Null (DAVE'S QUESTION)
             Axes tag: axes_peakbin_saccCS-sacc-pooled-20mssw_nofilter
             Uses trained sC and sS_raw axes
             Tests: 'less aligned than geometry-constrained chance'

============================================================
[20200327] Processing...

  [Analysis C] Axis angle + covariance-constrained null...
  [axis-cov] Observed: |cos(θ)|=0.0221, θ=88.7°
  [null] Manifold dim: 32, D_eff=16.4
         Expected |cos(θ)| ≈ 0.247 (angle ≈ 75.7°)
  [null] Running 1000 covariance-constrained null samples...
    [200/1000] null_mean=0.2551
    [400/1000] null_mean=0.2548
    [600/1000] null_mean=0.2438
    [800/1000] null_mean=0.2411
    [1000/1000] null_mean=0.2372
  [result] a_obs=0.0221, null_mean=0.2372±0.1608
           Δ=-0.2151, z=-1.34
           θ_obs=88.7°, θ_null=76.0°
           p(more orthogonal)=0.0599, p(more aligned)=0.9411
  [saved] /project/bdoiron/dracoxu/rct-fsflow/paper_project_final/out_nofilter/sacc/alignment/case_ii_alltrials/axis_cov_20200327.json

======================================================================
[done] Per-session results saved to /project/bdoiron/dracoxu/rct-fsflow/paper_project_final/out_nofilter/sacc/alignment/case_ii_alltrials
======================================================================
[done] Case ii → /project/bdoiron/dracoxu/rct-fsflow/paper_project_final/out_nofilter/sacc/alignment/case_ii_alltrials/

------------------------------------------------------------
[Case iii] Stim-C (vertical) vs Sacc-S (horizontal) (all-trials)
  C axes: stim/axes_peakbin_stimC-stim-vertical-20mssw_nofilter (orientation: vertical)
  S axes: sacc/axes_peakbin_saccCS-sacc-horizontal-20mssw_nofilter (orientation: horizontal)
  OUT_ROOT: /project/bdoiron/dracoxu/rct-fsflow/paper_project_final/out_nofilter
------------------------------------------------------------
======================================================================
CROSS-ALIGNMENT AXIS ANALYSIS
======================================================================
[info] Processing 1 session(s)
[info] C: stim/axes_peakbin_stimC-stim-vertical-20mssw_nofilter (vertical)
[info] S: sacc/axes_peakbin_saccCS-sacc-horizontal-20mssw_nofilter (horizontal)
[info] win_C: [0.1, 0.3], win_S: [-0.1, -0.03]
[info] Use rich conditions: False

============================================================
[20200327] Processing cross-alignment...
  [cross] Building geometry from both epochs...
          C epoch: stim, window=(0.1, 0.3), trials=276
          S epoch: sacc, window=(-0.1, -0.03), trials=291
          D_C shape: (41, 40), D_S shape: (41, 28)
  [cross] Observed: |cos(θ)|=0.0994, θ=84.3°
  [null] Manifold dim: 34, D_eff=4.5
         Expected |cos(θ)| ≈ 0.375 (angle ≈ 68.0°)
  [null] Running 1000 covariance-constrained null samples...
    [200/1000] null_mean=0.1902
    [400/1000] null_mean=0.1844
    [600/1000] null_mean=0.1784
    [800/1000] null_mean=0.1787
    [1000/1000] null_mean=0.1797
  [result] a_obs=0.0994, null_mean=0.1797±0.1220
           Δ=-0.0803, z=-0.66
           θ_obs=84.3°, θ_null=79.5°
           p(more orthogonal)=0.3007, p(more aligned)=0.7003
  [saved] /project/bdoiron/dracoxu/rct-fsflow/paper_project_final/out_nofilter/cross_alignment/case_iii_alltrials/cross_case_iii_alltrials_20200327.json

======================================================================
[done] Results saved to /project/bdoiron/dracoxu/rct-fsflow/paper_project_final/out_nofilter/cross_alignment/case_iii_alltrials
======================================================================
[done] Case iii → /project/bdoiron/dracoxu/rct-fsflow/paper_project_final/out_nofilter/cross_alignment/case_iii_alltrials/

------------------------------------------------------------
[Case iv] Stim-C (pooled) vs Sacc-S (pooled) (all-trials)
  C axes: stim/axes_peakbin_stimC-stim-pooled-20mssw_nofilter (orientation: pooled)
  S axes: sacc/axes_peakbin_saccCS-sacc-pooled-20mssw_nofilter (orientation: pooled)
  OUT_ROOT: /project/bdoiron/dracoxu/rct-fsflow/paper_project_final/out_nofilter
------------------------------------------------------------
======================================================================
CROSS-ALIGNMENT AXIS ANALYSIS
======================================================================
[info] Processing 1 session(s)
[info] C: stim/axes_peakbin_stimC-stim-pooled-20mssw_nofilter (pooled)
[info] S: sacc/axes_peakbin_saccCS-sacc-pooled-20mssw_nofilter (pooled)
[info] win_C: [0.1, 0.3], win_S: [-0.1, -0.03]
[info] Use rich conditions: False

============================================================
[20200327] Processing cross-alignment...
  [cross] Building geometry from both epochs...
          C epoch: stim, window=(0.1, 0.3), trials=567
          S epoch: sacc, window=(-0.1, -0.03), trials=567
          D_C shape: (41, 40), D_S shape: (41, 28)
  [cross] Observed: |cos(θ)|=0.1142, θ=83.4°
  [null] Manifold dim: 32, D_eff=2.6
         Expected |cos(θ)| ≈ 0.498 (angle ≈ 60.1°)
  [null] Running 1000 covariance-constrained null samples...
    [200/1000] null_mean=0.1057
    [400/1000] null_mean=0.1079
    [600/1000] null_mean=0.1076
    [800/1000] null_mean=0.1071
    [1000/1000] null_mean=0.1072
  [result] a_obs=0.1142, null_mean=0.1072±0.0893
           Δ=0.0070, z=0.08
           θ_obs=83.4°, θ_null=83.8°
           p(more orthogonal)=0.6314, p(more aligned)=0.3696
  [saved] /project/bdoiron/dracoxu/rct-fsflow/paper_project_final/out_nofilter/cross_alignment/case_iv_alltrials/cross_case_iv_alltrials_20200327.json

======================================================================
[done] Results saved to /project/bdoiron/dracoxu/rct-fsflow/paper_project_final/out_nofilter/cross_alignment/case_iv_alltrials
======================================================================
[done] Case iv → /project/bdoiron/dracoxu/rct-fsflow/paper_project_final/out_nofilter/cross_alignment/case_iv_alltrials/

==============================================================
[done] All cases complete for SID=20200327
==============================================================
