==============================================================
AXIS ALIGNMENT ANALYSIS - ALL FOUR CASES
Session: 20231103 (task 18)
Filter mode: both
==============================================================

==============================================================
CORRECT-ONLY TRIALS (out/)
==============================================================

------------------------------------------------------------
[Case i] Sacc-aligned C & S, horizontal trials (correct-only)
  Axes: axes_peakbin_saccCS-sacc-horizontal-20mssw
  Orientation: horizontal
  OUT_ROOT: /project/bdoiron/dracoxu/rct-fsflow/paper_project_final/out
------------------------------------------------------------
======================================================================
CATEGORY-SACCADE SUBSPACE ALIGNMENT ANALYSIS
======================================================================
[info] Processing 1 session(s)
[info] Mode: axis_cov
[info] out_root: /project/bdoiron/dracoxu/rct-fsflow/paper_project_final/out
[info] n_perms: 1000

[Analysis C] Axis Angle + Covariance-Constrained Null (DAVE'S QUESTION)
             Axes tag: axes_peakbin_saccCS-sacc-horizontal-20mssw
             Uses trained sC and sS_raw axes
             Tests: 'less aligned than geometry-constrained chance'

============================================================
[20231103] Processing...

  [Analysis C] Axis angle + covariance-constrained null...
  [axis-cov] Observed: |cos(θ)|=0.1152, θ=83.4°
  [null] Manifold dim: 64, D_eff=25.4
         Expected |cos(θ)| ≈ 0.198 (angle ≈ 78.6°)
  [null] Running 1000 covariance-constrained null samples...
    [200/1000] null_mean=0.0946
    [400/1000] null_mean=0.1000
    [600/1000] null_mean=0.1014
    [800/1000] null_mean=0.1025
    [1000/1000] null_mean=0.1027
  [result] a_obs=0.1152, null_mean=0.1027±0.0758
           Δ=0.0124, z=0.16
           θ_obs=83.4°, θ_null=84.1°
           p(more orthogonal)=0.6204, p(more aligned)=0.3806
  [saved] /project/bdoiron/dracoxu/rct-fsflow/paper_project_final/out/sacc/alignment/case_i_correctonly/axis_cov_20231103.json

======================================================================
[done] Per-session results saved to /project/bdoiron/dracoxu/rct-fsflow/paper_project_final/out/sacc/alignment/case_i_correctonly
======================================================================
[done] Case i → /project/bdoiron/dracoxu/rct-fsflow/paper_project_final/out/sacc/alignment/case_i_correctonly/

------------------------------------------------------------
[Case ii] Sacc-aligned C & S, pooled trials (correct-only)
  Axes: axes_peakbin_saccCS-sacc-pooled-20mssw
  Orientation: pooled
  OUT_ROOT: /project/bdoiron/dracoxu/rct-fsflow/paper_project_final/out
------------------------------------------------------------
======================================================================
CATEGORY-SACCADE SUBSPACE ALIGNMENT ANALYSIS
======================================================================
[info] Processing 1 session(s)
[info] Mode: axis_cov
[info] out_root: /project/bdoiron/dracoxu/rct-fsflow/paper_project_final/out
[info] n_perms: 1000

[Analysis C] Axis Angle + Covariance-Constrained Null (DAVE'S QUESTION)
             Axes tag: axes_peakbin_saccCS-sacc-pooled-20mssw
             Uses trained sC and sS_raw axes
             Tests: 'less aligned than geometry-constrained chance'

============================================================
[20231103] Processing...

  [Analysis C] Axis angle + covariance-constrained null...
  [axis-cov] Observed: |cos(θ)|=0.0930, θ=84.7°
  [null] Manifold dim: 67, D_eff=34.5
         Expected |cos(θ)| ≈ 0.170 (angle ≈ 80.2°)
  [null] Running 1000 covariance-constrained null samples...
    [200/1000] null_mean=0.1323
    [400/1000] null_mean=0.1312
    [600/1000] null_mean=0.1335
    [800/1000] null_mean=0.1319
    [1000/1000] null_mean=0.1315
  [result] a_obs=0.0930, null_mean=0.1315±0.0946
           Δ=-0.0385, z=-0.41
           θ_obs=84.7°, θ_null=82.4°
           p(more orthogonal)=0.4026, p(more aligned)=0.5984
  [saved] /project/bdoiron/dracoxu/rct-fsflow/paper_project_final/out/sacc/alignment/case_ii_correctonly/axis_cov_20231103.json

======================================================================
[done] Per-session results saved to /project/bdoiron/dracoxu/rct-fsflow/paper_project_final/out/sacc/alignment/case_ii_correctonly
======================================================================
[done] Case ii → /project/bdoiron/dracoxu/rct-fsflow/paper_project_final/out/sacc/alignment/case_ii_correctonly/

------------------------------------------------------------
[Case iii] Stim-C (vertical) vs Sacc-S (horizontal) (correct-only)
  C axes: stim/axes_peakbin_stimC-stim-vertical-20mssw (orientation: vertical)
  S axes: sacc/axes_peakbin_saccCS-sacc-horizontal-20mssw (orientation: horizontal)
  OUT_ROOT: /project/bdoiron/dracoxu/rct-fsflow/paper_project_final/out
------------------------------------------------------------
======================================================================
CROSS-ALIGNMENT AXIS ANALYSIS
======================================================================
[info] Processing 1 session(s)
[info] C: stim/axes_peakbin_stimC-stim-vertical-20mssw (vertical)
[info] S: sacc/axes_peakbin_saccCS-sacc-horizontal-20mssw (horizontal)
[info] win_C: [0.1, 0.3], win_S: [-0.1, -0.03]
[info] Use rich conditions: True

============================================================
[20231103] Processing cross-alignment...
  [cross] Building geometry from both epochs...
          C epoch: stim, window=(0.1, 0.3), trials=62
          S epoch: sacc, window=(-0.1, -0.03), trials=50
          D_C shape: (72, 140), D_S shape: (72, 98)
  [cross] Observed: |cos(θ)|=0.0761, θ=85.6°
  [null] Manifold dim: 68, D_eff=42.9
         Expected |cos(θ)| ≈ 0.122 (angle ≈ 83.0°)
  [null] Running 1000 covariance-constrained null samples...
    [200/1000] null_mean=0.1277
    [400/1000] null_mean=0.1298
    [600/1000] null_mean=0.1254
    [800/1000] null_mean=0.1248
    [1000/1000] null_mean=0.1248
  [result] a_obs=0.0761, null_mean=0.1248±0.0913
           Δ=-0.0487, z=-0.53
           θ_obs=85.6°, θ_null=82.8°
           p(more orthogonal)=0.3626, p(more aligned)=0.6384
  [saved] /project/bdoiron/dracoxu/rct-fsflow/paper_project_final/out/cross_alignment/case_iii_correctonly/cross_case_iii_correctonly_20231103.json

======================================================================
[done] Results saved to /project/bdoiron/dracoxu/rct-fsflow/paper_project_final/out/cross_alignment/case_iii_correctonly
======================================================================
[done] Case iii → /project/bdoiron/dracoxu/rct-fsflow/paper_project_final/out/cross_alignment/case_iii_correctonly/

------------------------------------------------------------
[Case iv] Stim-C (pooled) vs Sacc-S (pooled) (correct-only)
  C axes: stim/axes_peakbin_stimC-stim-pooled-20mssw (orientation: pooled)
  S axes: sacc/axes_peakbin_saccCS-sacc-pooled-20mssw (orientation: pooled)
  OUT_ROOT: /project/bdoiron/dracoxu/rct-fsflow/paper_project_final/out
------------------------------------------------------------
======================================================================
CROSS-ALIGNMENT AXIS ANALYSIS
======================================================================
[info] Processing 1 session(s)
[info] C: stim/axes_peakbin_stimC-stim-pooled-20mssw (pooled)
[info] S: sacc/axes_peakbin_saccCS-sacc-pooled-20mssw (pooled)
[info] win_C: [0.1, 0.3], win_S: [-0.1, -0.03]
[info] Use rich conditions: True

============================================================
[20231103] Processing cross-alignment...
  [cross] Building geometry from both epochs...
          C epoch: stim, window=(0.1, 0.3), trials=112
          S epoch: sacc, window=(-0.1, -0.03), trials=112
          D_C shape: (72, 280), D_S shape: (72, 196)
  [cross] Observed: |cos(θ)|=0.0311, θ=88.2°
  [null] Manifold dim: 70, D_eff=47.9
         Expected |cos(θ)| ≈ 0.115 (angle ≈ 83.4°)
  [null] Running 1000 covariance-constrained null samples...
    [200/1000] null_mean=0.1185
    [400/1000] null_mean=0.1241
    [600/1000] null_mean=0.1237
    [800/1000] null_mean=0.1271
    [1000/1000] null_mean=0.1275
  [result] a_obs=0.0311, null_mean=0.1275±0.0937
           Δ=-0.0964, z=-1.03
           θ_obs=88.2°, θ_null=82.6°
           p(more orthogonal)=0.1479, p(more aligned)=0.8531
  [saved] /project/bdoiron/dracoxu/rct-fsflow/paper_project_final/out/cross_alignment/case_iv_correctonly/cross_case_iv_correctonly_20231103.json

======================================================================
[done] Results saved to /project/bdoiron/dracoxu/rct-fsflow/paper_project_final/out/cross_alignment/case_iv_correctonly
======================================================================
[done] Case iv → /project/bdoiron/dracoxu/rct-fsflow/paper_project_final/out/cross_alignment/case_iv_correctonly/

==============================================================
ALL TRIALS (out_nofilter/)
==============================================================

------------------------------------------------------------
[Case i] Sacc-aligned C & S, horizontal trials (all-trials)
  Axes: axes_peakbin_saccCS-sacc-horizontal-20mssw_nofilter
  Orientation: horizontal
  OUT_ROOT: /project/bdoiron/dracoxu/rct-fsflow/paper_project_final/out_nofilter
------------------------------------------------------------
======================================================================
CATEGORY-SACCADE SUBSPACE ALIGNMENT ANALYSIS
======================================================================
[info] Processing 1 session(s)
[info] Mode: axis_cov
[info] out_root: /project/bdoiron/dracoxu/rct-fsflow/paper_project_final/out_nofilter
[info] n_perms: 1000

[Analysis C] Axis Angle + Covariance-Constrained Null (DAVE'S QUESTION)
             Axes tag: axes_peakbin_saccCS-sacc-horizontal-20mssw_nofilter
             Uses trained sC and sS_raw axes
             Tests: 'less aligned than geometry-constrained chance'

============================================================
[20231103] Processing...

  [Analysis C] Axis angle + covariance-constrained null...
  [axis-cov] Observed: |cos(θ)|=0.0134, θ=89.2°
  [null] Manifold dim: 65, D_eff=29.8
         Expected |cos(θ)| ≈ 0.183 (angle ≈ 79.4°)
  [null] Running 1000 covariance-constrained null samples...
    [200/1000] null_mean=0.0975
    [400/1000] null_mean=0.1003
    [600/1000] null_mean=0.0984
    [800/1000] null_mean=0.0993
    [1000/1000] null_mean=0.0997
  [result] a_obs=0.0134, null_mean=0.0997±0.0770
           Δ=-0.0863, z=-1.12
           θ_obs=89.2°, θ_null=84.3°
           p(more orthogonal)=0.0889, p(more aligned)=0.9121
  [saved] /project/bdoiron/dracoxu/rct-fsflow/paper_project_final/out_nofilter/sacc/alignment/case_i_alltrials/axis_cov_20231103.json

======================================================================
[done] Per-session results saved to /project/bdoiron/dracoxu/rct-fsflow/paper_project_final/out_nofilter/sacc/alignment/case_i_alltrials
======================================================================
[done] Case i → /project/bdoiron/dracoxu/rct-fsflow/paper_project_final/out_nofilter/sacc/alignment/case_i_alltrials/

------------------------------------------------------------
[Case ii] Sacc-aligned C & S, pooled trials (all-trials)
  Axes: axes_peakbin_saccCS-sacc-pooled-20mssw_nofilter
  Orientation: pooled
  OUT_ROOT: /project/bdoiron/dracoxu/rct-fsflow/paper_project_final/out_nofilter
------------------------------------------------------------
======================================================================
CATEGORY-SACCADE SUBSPACE ALIGNMENT ANALYSIS
======================================================================
[info] Processing 1 session(s)
[info] Mode: axis_cov
[info] out_root: /project/bdoiron/dracoxu/rct-fsflow/paper_project_final/out_nofilter
[info] n_perms: 1000

[Analysis C] Axis Angle + Covariance-Constrained Null (DAVE'S QUESTION)
             Axes tag: axes_peakbin_saccCS-sacc-pooled-20mssw_nofilter
             Uses trained sC and sS_raw axes
             Tests: 'less aligned than geometry-constrained chance'

============================================================
[20231103] Processing...

  [Analysis C] Axis angle + covariance-constrained null...
  [axis-cov] Observed: |cos(θ)|=0.0865, θ=85.0°
  [null] Manifold dim: 68, D_eff=32.8
         Expected |cos(θ)| ≈ 0.175 (angle ≈ 79.9°)
  [null] Running 1000 covariance-constrained null samples...
    [200/1000] null_mean=0.0885
    [400/1000] null_mean=0.0934
    [600/1000] null_mean=0.0928
    [800/1000] null_mean=0.0935
    [1000/1000] null_mean=0.0932
  [result] a_obs=0.0865, null_mean=0.0932±0.0686
           Δ=-0.0067, z=-0.10
           θ_obs=85.0°, θ_null=84.6°
           p(more orthogonal)=0.5305, p(more aligned)=0.4705
  [saved] /project/bdoiron/dracoxu/rct-fsflow/paper_project_final/out_nofilter/sacc/alignment/case_ii_alltrials/axis_cov_20231103.json

======================================================================
[done] Per-session results saved to /project/bdoiron/dracoxu/rct-fsflow/paper_project_final/out_nofilter/sacc/alignment/case_ii_alltrials
======================================================================
[done] Case ii → /project/bdoiron/dracoxu/rct-fsflow/paper_project_final/out_nofilter/sacc/alignment/case_ii_alltrials/

------------------------------------------------------------
[Case iii] Stim-C (vertical) vs Sacc-S (horizontal) (all-trials)
  C axes: stim/axes_peakbin_stimC-stim-vertical-20mssw_nofilter (orientation: vertical)
  S axes: sacc/axes_peakbin_saccCS-sacc-horizontal-20mssw_nofilter (orientation: horizontal)
  OUT_ROOT: /project/bdoiron/dracoxu/rct-fsflow/paper_project_final/out_nofilter
------------------------------------------------------------
======================================================================
CROSS-ALIGNMENT AXIS ANALYSIS
======================================================================
[info] Processing 1 session(s)
[info] C: stim/axes_peakbin_stimC-stim-vertical-20mssw_nofilter (vertical)
[info] S: sacc/axes_peakbin_saccCS-sacc-horizontal-20mssw_nofilter (horizontal)
[info] win_C: [0.1, 0.3], win_S: [-0.1, -0.03]
[info] Use rich conditions: True

============================================================
[20231103] Processing cross-alignment...
  [cross] Building geometry from both epochs...
          C epoch: stim, window=(0.1, 0.3), trials=89
          S epoch: sacc, window=(-0.1, -0.03), trials=64
          D_C shape: (72, 200), D_S shape: (72, 112)
  [cross] Observed: |cos(θ)|=0.0186, θ=88.9°
  [null] Manifold dim: 69, D_eff=39.8
         Expected |cos(θ)| ≈ 0.126 (angle ≈ 82.7°)
  [null] Running 1000 covariance-constrained null samples...
    [200/1000] null_mean=0.1014
    [400/1000] null_mean=0.1007
    [600/1000] null_mean=0.1048
    [800/1000] null_mean=0.1048
    [1000/1000] null_mean=0.1024
  [result] a_obs=0.0186, null_mean=0.1024±0.0766
           Δ=-0.0838, z=-1.09
           θ_obs=88.9°, θ_null=84.1°
           p(more orthogonal)=0.1129, p(more aligned)=0.8881
  [saved] /project/bdoiron/dracoxu/rct-fsflow/paper_project_final/out_nofilter/cross_alignment/case_iii_alltrials/cross_case_iii_alltrials_20231103.json

======================================================================
[done] Results saved to /project/bdoiron/dracoxu/rct-fsflow/paper_project_final/out_nofilter/cross_alignment/case_iii_alltrials
======================================================================
[done] Case iii → /project/bdoiron/dracoxu/rct-fsflow/paper_project_final/out_nofilter/cross_alignment/case_iii_alltrials/

------------------------------------------------------------
[Case iv] Stim-C (pooled) vs Sacc-S (pooled) (all-trials)
  C axes: stim/axes_peakbin_stimC-stim-pooled-20mssw_nofilter (orientation: pooled)
  S axes: sacc/axes_peakbin_saccCS-sacc-pooled-20mssw_nofilter (orientation: pooled)
  OUT_ROOT: /project/bdoiron/dracoxu/rct-fsflow/paper_project_final/out_nofilter
------------------------------------------------------------
======================================================================
CROSS-ALIGNMENT AXIS ANALYSIS
======================================================================
[info] Processing 1 session(s)
[info] C: stim/axes_peakbin_stimC-stim-pooled-20mssw_nofilter (pooled)
[info] S: sacc/axes_peakbin_saccCS-sacc-pooled-20mssw_nofilter (pooled)
[info] win_C: [0.1, 0.3], win_S: [-0.1, -0.03]
[info] Use rich conditions: True

============================================================
[20231103] Processing cross-alignment...
  [cross] Building geometry from both epochs...
          C epoch: stim, window=(0.1, 0.3), trials=153
          S epoch: sacc, window=(-0.1, -0.03), trials=153
          D_C shape: (72, 320), D_S shape: (72, 224)
  [cross] Observed: |cos(θ)|=0.0250, θ=88.6°
  [null] Manifold dim: 70, D_eff=44.8
         Expected |cos(θ)| ≈ 0.119 (angle ≈ 83.2°)
  [null] Running 1000 covariance-constrained null samples...
    [200/1000] null_mean=0.1097
    [400/1000] null_mean=0.1029
    [600/1000] null_mean=0.1016
    [800/1000] null_mean=0.1037
    [1000/1000] null_mean=0.1003
  [result] a_obs=0.0250, null_mean=0.1003±0.0745
           Δ=-0.0753, z=-1.01
           θ_obs=88.6°, θ_null=84.2°
           p(more orthogonal)=0.1618, p(more aligned)=0.8392
  [saved] /project/bdoiron/dracoxu/rct-fsflow/paper_project_final/out_nofilter/cross_alignment/case_iv_alltrials/cross_case_iv_alltrials_20231103.json

======================================================================
[done] Results saved to /project/bdoiron/dracoxu/rct-fsflow/paper_project_final/out_nofilter/cross_alignment/case_iv_alltrials
======================================================================
[done] Case iv → /project/bdoiron/dracoxu/rct-fsflow/paper_project_final/out_nofilter/cross_alignment/case_iv_alltrials/

==============================================================
[done] All cases complete for SID=20231103
==============================================================
