==============================================================
AXIS ALIGNMENT ANALYSIS - ALL FOUR CASES
Session: 20201211 (task 10)
Filter mode: both
==============================================================

==============================================================
CORRECT-ONLY TRIALS (out/)
==============================================================

------------------------------------------------------------
[Case i] Sacc-aligned C & S, horizontal trials (correct-only)
  Axes: axes_peakbin_saccCS-sacc-horizontal-20mssw
  Orientation: horizontal
  OUT_ROOT: /project/bdoiron/dracoxu/rct-fsflow/paper_project_final/out
  Covariance windows (SACC-aligned): C=[-0.20, 0.05], S=[-0.20, 0.05]
------------------------------------------------------------
======================================================================
CATEGORY-SACCADE SUBSPACE ALIGNMENT ANALYSIS
======================================================================
[info] Processing 1 session(s)
[info] Mode: axis_cov
[info] out_root: /project/bdoiron/dracoxu/rct-fsflow/paper_project_final/out
[info] n_perms: 1000

[Analysis C] Axis Angle + Covariance-Constrained Null (DAVE'S QUESTION)
             Axes tag: axes_peakbin_saccCS-sacc-horizontal-20mssw
             Uses trained sC and sS_raw axes
             Tests: 'less aligned than geometry-constrained chance'

============================================================
[20201211] Processing...

  [Analysis C] Axis angle + covariance-constrained null...
  [axis-cov] Observed: |cos(θ)|=0.0297, θ=88.3°
  [null] Manifold dim: 30, D_eff=4.3
         Expected |cos(θ)| ≈ 0.482 (angle ≈ 61.2°)
  [null] Running 1000 covariance-constrained null samples...
    [200/1000] null_mean=0.2142
    [400/1000] null_mean=0.2138
    [600/1000] null_mean=0.2080
    [800/1000] null_mean=0.2109
    [1000/1000] null_mean=0.2145
  [result] a_obs=0.0297, null_mean=0.2145±0.1485
           Δ=-0.1847, z=-1.24
           θ_obs=88.3°, θ_null=77.4°
           p(more orthogonal)=0.0879, p(more aligned)=0.9131
  [saved] /project/bdoiron/dracoxu/rct-fsflow/paper_project_final/out/sacc/alignment/case_i_correctonly/axis_cov_20201211.json

======================================================================
[done] Per-session results saved to /project/bdoiron/dracoxu/rct-fsflow/paper_project_final/out/sacc/alignment/case_i_correctonly
======================================================================
[done] Case i → /project/bdoiron/dracoxu/rct-fsflow/paper_project_final/out/sacc/alignment/case_i_correctonly/

------------------------------------------------------------
[Case ii] Sacc-aligned C & S, pooled trials (correct-only)
  Axes: axes_peakbin_saccCS-sacc-pooled-20mssw
  Orientation: pooled
  OUT_ROOT: /project/bdoiron/dracoxu/rct-fsflow/paper_project_final/out
  Covariance windows (SACC-aligned): C=[-0.20, 0.05], S=[-0.20, 0.05]
------------------------------------------------------------
======================================================================
CATEGORY-SACCADE SUBSPACE ALIGNMENT ANALYSIS
======================================================================
[info] Processing 1 session(s)
[info] Mode: axis_cov
[info] out_root: /project/bdoiron/dracoxu/rct-fsflow/paper_project_final/out
[info] n_perms: 1000

[Analysis C] Axis Angle + Covariance-Constrained Null (DAVE'S QUESTION)
             Axes tag: axes_peakbin_saccCS-sacc-pooled-20mssw
             Uses trained sC and sS_raw axes
             Tests: 'less aligned than geometry-constrained chance'

============================================================
[20201211] Processing...

  [Analysis C] Axis angle + covariance-constrained null...
  [axis-cov] Observed: |cos(θ)|=0.1248, θ=82.8°
  [null] Manifold dim: 29, D_eff=4.5
         Expected |cos(θ)| ≈ 0.472 (angle ≈ 61.8°)
  [null] Running 1000 covariance-constrained null samples...
    [200/1000] null_mean=0.2215
    [400/1000] null_mean=0.2241
    [600/1000] null_mean=0.2221
    [800/1000] null_mean=0.2246
    [1000/1000] null_mean=0.2249
  [result] a_obs=0.1248, null_mean=0.2249±0.1514
           Δ=-0.1001, z=-0.66
           θ_obs=82.8°, θ_null=76.8°
           p(more orthogonal)=0.3067, p(more aligned)=0.6943
  [saved] /project/bdoiron/dracoxu/rct-fsflow/paper_project_final/out/sacc/alignment/case_ii_correctonly/axis_cov_20201211.json

======================================================================
[done] Per-session results saved to /project/bdoiron/dracoxu/rct-fsflow/paper_project_final/out/sacc/alignment/case_ii_correctonly
======================================================================
[done] Case ii → /project/bdoiron/dracoxu/rct-fsflow/paper_project_final/out/sacc/alignment/case_ii_correctonly/

------------------------------------------------------------
[Case iii] Stim-C (vertical) vs Sacc-S (horizontal) (correct-only)
  C axes: stim/axes_peakbin_stimC-stim-vertical-20mssw (orientation: vertical)
  S axes: sacc/axes_peakbin_saccCS-sacc-horizontal-20mssw (orientation: horizontal)
  OUT_ROOT: /project/bdoiron/dracoxu/rct-fsflow/paper_project_final/out
  Covariance windows: C(stim)=[0.00, 0.50], S(sacc)=[-0.20, 0.05]
------------------------------------------------------------
======================================================================
CROSS-ALIGNMENT AXIS ANALYSIS
======================================================================
[info] Processing 1 session(s)
[info] C: stim/axes_peakbin_stimC-stim-vertical-20mssw (vertical)
[info] S: sacc/axes_peakbin_saccCS-sacc-horizontal-20mssw (horizontal)
[info] win_C: [0.0, 0.5], win_S: [-0.2, 0.05]
[info] Use rich conditions: False

============================================================
[20201211] Processing cross-alignment...
  [cross] Building geometry from both epochs...
          C epoch: stim, window=(0.0, 0.5), trials=249
          S epoch: sacc, window=(-0.2, 0.05), trials=302
          D_C shape: (60, 100), D_S shape: (60, 100)
  [cross] Observed: |cos(θ)|=0.5537, θ=56.4°
  [null] Manifold dim: 50, D_eff=8.0
         Expected |cos(θ)| ≈ 0.283 (angle ≈ 73.6°)
  [null] Running 1000 covariance-constrained null samples...
    [200/1000] null_mean=0.2146
    [400/1000] null_mean=0.2151
    [600/1000] null_mean=0.2131
    [800/1000] null_mean=0.2134
    [1000/1000] null_mean=0.2098
  [result] a_obs=0.5537, null_mean=0.2098±0.1388
           Δ=0.3439, z=2.48
           θ_obs=56.4°, θ_null=77.7°
           p(more orthogonal)=0.9860, p(more aligned)=0.0150
  [saved] /project/bdoiron/dracoxu/rct-fsflow/paper_project_final/out/cross_alignment/case_iii_correctonly/cross_case_iii_correctonly_20201211.json

======================================================================
[done] Results saved to /project/bdoiron/dracoxu/rct-fsflow/paper_project_final/out/cross_alignment/case_iii_correctonly
======================================================================
[done] Case iii → /project/bdoiron/dracoxu/rct-fsflow/paper_project_final/out/cross_alignment/case_iii_correctonly/

------------------------------------------------------------
[Case iv] Stim-C (pooled) vs Sacc-S (pooled) (correct-only)
  C axes: stim/axes_peakbin_stimC-stim-pooled-20mssw (orientation: pooled)
  S axes: sacc/axes_peakbin_saccCS-sacc-pooled-20mssw (orientation: pooled)
  OUT_ROOT: /project/bdoiron/dracoxu/rct-fsflow/paper_project_final/out
  Covariance windows: C(stim)=[0.00, 0.50], S(sacc)=[-0.20, 0.05]
------------------------------------------------------------
======================================================================
CROSS-ALIGNMENT AXIS ANALYSIS
======================================================================
[info] Processing 1 session(s)
[info] C: stim/axes_peakbin_stimC-stim-pooled-20mssw (pooled)
[info] S: sacc/axes_peakbin_saccCS-sacc-pooled-20mssw (pooled)
[info] win_C: [0.0, 0.5], win_S: [-0.2, 0.05]
[info] Use rich conditions: False

============================================================
[20201211] Processing cross-alignment...
  [cross] Building geometry from both epochs...
          C epoch: stim, window=(0.0, 0.5), trials=551
          S epoch: sacc, window=(-0.2, 0.05), trials=551
          D_C shape: (60, 100), D_S shape: (60, 100)
  [cross] Observed: |cos(θ)|=0.2892, θ=73.2°
  [null] Manifold dim: 47, D_eff=5.5
         Expected |cos(θ)| ≈ 0.339 (angle ≈ 70.2°)
  [null] Running 1000 covariance-constrained null samples...
    [200/1000] null_mean=0.1517
    [400/1000] null_mean=0.1450
    [600/1000] null_mean=0.1434
    [800/1000] null_mean=0.1446
    [1000/1000] null_mean=0.1453
  [result] a_obs=0.2892, null_mean=0.1453±0.0996
           Δ=0.1439, z=1.44
           θ_obs=73.2°, θ_null=81.6°
           p(more orthogonal)=0.9181, p(more aligned)=0.0829
  [saved] /project/bdoiron/dracoxu/rct-fsflow/paper_project_final/out/cross_alignment/case_iv_correctonly/cross_case_iv_correctonly_20201211.json

======================================================================
[done] Results saved to /project/bdoiron/dracoxu/rct-fsflow/paper_project_final/out/cross_alignment/case_iv_correctonly
======================================================================
[done] Case iv → /project/bdoiron/dracoxu/rct-fsflow/paper_project_final/out/cross_alignment/case_iv_correctonly/

------------------------------------------------------------
[Case v] Stim-C (horizontal) vs Sacc-S (horizontal) (correct-only)
  C axes: stim/axes_peakbin_stimC-stim-horizontal-20mssw (orientation: horizontal)
  S axes: sacc/axes_peakbin_saccCS-sacc-horizontal-20mssw (orientation: horizontal)
  OUT_ROOT: /project/bdoiron/dracoxu/rct-fsflow/paper_project_final/out
  Covariance windows: C(stim)=[0.00, 0.50], S(sacc)=[-0.20, 0.05]
------------------------------------------------------------
======================================================================
CROSS-ALIGNMENT AXIS ANALYSIS
======================================================================
[info] Processing 1 session(s)
[info] C: stim/axes_peakbin_stimC-stim-horizontal-20mssw (horizontal)
[info] S: sacc/axes_peakbin_saccCS-sacc-horizontal-20mssw (horizontal)
[info] win_C: [0.0, 0.5], win_S: [-0.2, 0.05]
[info] Use rich conditions: False

============================================================
[20201211] Processing cross-alignment...
  [cross] Building geometry from both epochs...
          C epoch: stim, window=(0.0, 0.5), trials=302
          S epoch: sacc, window=(-0.2, 0.05), trials=302
          D_C shape: (60, 100), D_S shape: (60, 100)
  [cross] Observed: |cos(θ)|=0.1161, θ=83.3°
  [null] Manifold dim: 49, D_eff=7.6
         Expected |cos(θ)| ≈ 0.290 (angle ≈ 73.2°)
  [null] Running 1000 covariance-constrained null samples...
    [200/1000] null_mean=0.0979
    [400/1000] null_mean=0.0974
    [600/1000] null_mean=0.1007
    [800/1000] null_mean=0.1004
    [1000/1000] null_mean=0.1006
  [result] a_obs=0.1161, null_mean=0.1006±0.0679
           Δ=0.0155, z=0.23
           θ_obs=83.3°, θ_null=84.2°
           p(more orthogonal)=0.6184, p(more aligned)=0.3826
  [saved] /project/bdoiron/dracoxu/rct-fsflow/paper_project_final/out/cross_alignment/case_v_correctonly/cross_case_v_correctonly_20201211.json

======================================================================
[done] Results saved to /project/bdoiron/dracoxu/rct-fsflow/paper_project_final/out/cross_alignment/case_v_correctonly
======================================================================
[done] Case v → /project/bdoiron/dracoxu/rct-fsflow/paper_project_final/out/cross_alignment/case_v_correctonly/

------------------------------------------------------------
[Case vi] Sacc-aligned C & S, vertical trials (correct-only)
  Axes: axes_peakbin_saccCS-sacc-vertical-20mssw
  Orientation: vertical
  OUT_ROOT: /project/bdoiron/dracoxu/rct-fsflow/paper_project_final/out
  Covariance windows (SACC-aligned): C=[-0.20, 0.05], S=[-0.20, 0.05]
------------------------------------------------------------
======================================================================
CATEGORY-SACCADE SUBSPACE ALIGNMENT ANALYSIS
======================================================================
[info] Processing 1 session(s)
[info] Mode: axis_cov
[info] out_root: /project/bdoiron/dracoxu/rct-fsflow/paper_project_final/out
[info] n_perms: 1000

[Analysis C] Axis Angle + Covariance-Constrained Null (DAVE'S QUESTION)
             Axes tag: axes_peakbin_saccCS-sacc-vertical-20mssw
             Uses trained sC and sS_raw axes
             Tests: 'less aligned than geometry-constrained chance'

============================================================
[20201211] Processing...

  [Analysis C] Axis angle + covariance-constrained null...
  [axis-cov] Observed: |cos(θ)|=0.0343, θ=88.0°
  [null] Manifold dim: 33, D_eff=5.7
         Expected |cos(θ)| ≈ 0.419 (angle ≈ 65.2°)
  [null] Running 1000 covariance-constrained null samples...
    [200/1000] null_mean=0.2999
    [400/1000] null_mean=0.2989
    [600/1000] null_mean=0.2977
    [800/1000] null_mean=0.3025
    [1000/1000] null_mean=0.3038
  [result] a_obs=0.0343, null_mean=0.3038±0.1952
           Δ=-0.2695, z=-1.38
           θ_obs=88.0°, θ_null=71.8°
           p(more orthogonal)=0.0649, p(more aligned)=0.9361
  [saved] /project/bdoiron/dracoxu/rct-fsflow/paper_project_final/out/sacc/alignment/case_vi_correctonly/axis_cov_20201211.json

======================================================================
[done] Per-session results saved to /project/bdoiron/dracoxu/rct-fsflow/paper_project_final/out/sacc/alignment/case_vi_correctonly
======================================================================
[done] Case vi → /project/bdoiron/dracoxu/rct-fsflow/paper_project_final/out/sacc/alignment/case_vi_correctonly/

==============================================================
ALL TRIALS (out_nofilter/)
==============================================================

------------------------------------------------------------
[Case i] Sacc-aligned C & S, horizontal trials (all-trials)
  Axes: axes_peakbin_saccCS-sacc-horizontal-20mssw_nofilter
  Orientation: horizontal
  OUT_ROOT: /project/bdoiron/dracoxu/rct-fsflow/paper_project_final/out_nofilter
  Covariance windows (SACC-aligned): C=[-0.20, 0.05], S=[-0.20, 0.05]
------------------------------------------------------------
======================================================================
CATEGORY-SACCADE SUBSPACE ALIGNMENT ANALYSIS
======================================================================
[info] Processing 1 session(s)
[info] Mode: axis_cov
[info] out_root: /project/bdoiron/dracoxu/rct-fsflow/paper_project_final/out_nofilter
[info] n_perms: 1000

[Analysis C] Axis Angle + Covariance-Constrained Null (DAVE'S QUESTION)
             Axes tag: axes_peakbin_saccCS-sacc-horizontal-20mssw_nofilter
             Uses trained sC and sS_raw axes
             Tests: 'less aligned than geometry-constrained chance'

============================================================
[20201211] Processing...

  [Analysis C] Axis angle + covariance-constrained null...
  [axis-cov] Observed: |cos(θ)|=0.0261, θ=88.5°
  [null] Manifold dim: 30, D_eff=4.3
         Expected |cos(θ)| ≈ 0.484 (angle ≈ 61.0°)
  [null] Running 1000 covariance-constrained null samples...
    [200/1000] null_mean=0.1980
    [400/1000] null_mean=0.1999
    [600/1000] null_mean=0.1980
    [800/1000] null_mean=0.2034
    [1000/1000] null_mean=0.2065
  [result] a_obs=0.0261, null_mean=0.2065±0.1463
           Δ=-0.1804, z=-1.23
           θ_obs=88.5°, θ_null=77.9°
           p(more orthogonal)=0.0899, p(more aligned)=0.9111
  [saved] /project/bdoiron/dracoxu/rct-fsflow/paper_project_final/out_nofilter/sacc/alignment/case_i_alltrials/axis_cov_20201211.json

======================================================================
[done] Per-session results saved to /project/bdoiron/dracoxu/rct-fsflow/paper_project_final/out_nofilter/sacc/alignment/case_i_alltrials
======================================================================
[done] Case i → /project/bdoiron/dracoxu/rct-fsflow/paper_project_final/out_nofilter/sacc/alignment/case_i_alltrials/

------------------------------------------------------------
[Case ii] Sacc-aligned C & S, pooled trials (all-trials)
  Axes: axes_peakbin_saccCS-sacc-pooled-20mssw_nofilter
  Orientation: pooled
  OUT_ROOT: /project/bdoiron/dracoxu/rct-fsflow/paper_project_final/out_nofilter
  Covariance windows (SACC-aligned): C=[-0.20, 0.05], S=[-0.20, 0.05]
------------------------------------------------------------
======================================================================
CATEGORY-SACCADE SUBSPACE ALIGNMENT ANALYSIS
======================================================================
[info] Processing 1 session(s)
[info] Mode: axis_cov
[info] out_root: /project/bdoiron/dracoxu/rct-fsflow/paper_project_final/out_nofilter
[info] n_perms: 1000

[Analysis C] Axis Angle + Covariance-Constrained Null (DAVE'S QUESTION)
             Axes tag: axes_peakbin_saccCS-sacc-pooled-20mssw_nofilter
             Uses trained sC and sS_raw axes
             Tests: 'less aligned than geometry-constrained chance'

============================================================
[20201211] Processing...

  [Analysis C] Axis angle + covariance-constrained null...
  [axis-cov] Observed: |cos(θ)|=0.1178, θ=83.2°
  [null] Manifold dim: 29, D_eff=4.4
         Expected |cos(θ)| ≈ 0.474 (angle ≈ 61.7°)
  [null] Running 1000 covariance-constrained null samples...
    [200/1000] null_mean=0.2198
    [400/1000] null_mean=0.2230
    [600/1000] null_mean=0.2213
    [800/1000] null_mean=0.2242
    [1000/1000] null_mean=0.2249
  [result] a_obs=0.1178, null_mean=0.2249±0.1510
           Δ=-0.1071, z=-0.71
           θ_obs=83.2°, θ_null=76.8°
           p(more orthogonal)=0.2887, p(more aligned)=0.7123
  [saved] /project/bdoiron/dracoxu/rct-fsflow/paper_project_final/out_nofilter/sacc/alignment/case_ii_alltrials/axis_cov_20201211.json

======================================================================
[done] Per-session results saved to /project/bdoiron/dracoxu/rct-fsflow/paper_project_final/out_nofilter/sacc/alignment/case_ii_alltrials
======================================================================
[done] Case ii → /project/bdoiron/dracoxu/rct-fsflow/paper_project_final/out_nofilter/sacc/alignment/case_ii_alltrials/

------------------------------------------------------------
[Case iii] Stim-C (vertical) vs Sacc-S (horizontal) (all-trials)
  C axes: stim/axes_peakbin_stimC-stim-vertical-20mssw_nofilter (orientation: vertical)
  S axes: sacc/axes_peakbin_saccCS-sacc-horizontal-20mssw_nofilter (orientation: horizontal)
  OUT_ROOT: /project/bdoiron/dracoxu/rct-fsflow/paper_project_final/out_nofilter
  Covariance windows: C(stim)=[0.00, 0.50], S(sacc)=[-0.20, 0.05]
------------------------------------------------------------
======================================================================
CROSS-ALIGNMENT AXIS ANALYSIS
======================================================================
[info] Processing 1 session(s)
[info] C: stim/axes_peakbin_stimC-stim-vertical-20mssw_nofilter (vertical)
[info] S: sacc/axes_peakbin_saccCS-sacc-horizontal-20mssw_nofilter (horizontal)
[info] win_C: [0.0, 0.5], win_S: [-0.2, 0.05]
[info] Use rich conditions: False

============================================================
[20201211] Processing cross-alignment...
  [cross] Building geometry from both epochs...
          C epoch: stim, window=(0.0, 0.5), trials=256
          S epoch: sacc, window=(-0.2, 0.05), trials=306
          D_C shape: (60, 100), D_S shape: (60, 100)
  [cross] Observed: |cos(θ)|=0.5974, θ=53.3°
  [null] Manifold dim: 50, D_eff=7.9
         Expected |cos(θ)| ≈ 0.284 (angle ≈ 73.5°)
  [null] Running 1000 covariance-constrained null samples...
    [200/1000] null_mean=0.2189
    [400/1000] null_mean=0.2168
    [600/1000] null_mean=0.2150
    [800/1000] null_mean=0.2157
    [1000/1000] null_mean=0.2121
  [result] a_obs=0.5974, null_mean=0.2121±0.1392
           Δ=0.3853, z=2.77
           θ_obs=53.3°, θ_null=77.6°
           p(more orthogonal)=0.9940, p(more aligned)=0.0070
  [saved] /project/bdoiron/dracoxu/rct-fsflow/paper_project_final/out_nofilter/cross_alignment/case_iii_alltrials/cross_case_iii_alltrials_20201211.json

======================================================================
[done] Results saved to /project/bdoiron/dracoxu/rct-fsflow/paper_project_final/out_nofilter/cross_alignment/case_iii_alltrials
======================================================================
[done] Case iii → /project/bdoiron/dracoxu/rct-fsflow/paper_project_final/out_nofilter/cross_alignment/case_iii_alltrials/

------------------------------------------------------------
[Case iv] Stim-C (pooled) vs Sacc-S (pooled) (all-trials)
  C axes: stim/axes_peakbin_stimC-stim-pooled-20mssw_nofilter (orientation: pooled)
  S axes: sacc/axes_peakbin_saccCS-sacc-pooled-20mssw_nofilter (orientation: pooled)
  OUT_ROOT: /project/bdoiron/dracoxu/rct-fsflow/paper_project_final/out_nofilter
  Covariance windows: C(stim)=[0.00, 0.50], S(sacc)=[-0.20, 0.05]
------------------------------------------------------------
======================================================================
CROSS-ALIGNMENT AXIS ANALYSIS
======================================================================
[info] Processing 1 session(s)
[info] C: stim/axes_peakbin_stimC-stim-pooled-20mssw_nofilter (pooled)
[info] S: sacc/axes_peakbin_saccCS-sacc-pooled-20mssw_nofilter (pooled)
[info] win_C: [0.0, 0.5], win_S: [-0.2, 0.05]
[info] Use rich conditions: False

============================================================
[20201211] Processing cross-alignment...
  [cross] Building geometry from both epochs...
          C epoch: stim, window=(0.0, 0.5), trials=562
          S epoch: sacc, window=(-0.2, 0.05), trials=562
          D_C shape: (60, 100), D_S shape: (60, 100)
  [cross] Observed: |cos(θ)|=0.3105, θ=71.9°
  [null] Manifold dim: 47, D_eff=5.5
         Expected |cos(θ)| ≈ 0.341 (angle ≈ 70.1°)
  [null] Running 1000 covariance-constrained null samples...
    [200/1000] null_mean=0.1388
    [400/1000] null_mean=0.1340
    [600/1000] null_mean=0.1314
    [800/1000] null_mean=0.1348
    [1000/1000] null_mean=0.1353
  [result] a_obs=0.3105, null_mean=0.1353±0.0900
           Δ=0.1752, z=1.95
           θ_obs=71.9°, θ_null=82.2°
           p(more orthogonal)=0.9590, p(more aligned)=0.0420
  [saved] /project/bdoiron/dracoxu/rct-fsflow/paper_project_final/out_nofilter/cross_alignment/case_iv_alltrials/cross_case_iv_alltrials_20201211.json

======================================================================
[done] Results saved to /project/bdoiron/dracoxu/rct-fsflow/paper_project_final/out_nofilter/cross_alignment/case_iv_alltrials
======================================================================
[done] Case iv → /project/bdoiron/dracoxu/rct-fsflow/paper_project_final/out_nofilter/cross_alignment/case_iv_alltrials/

------------------------------------------------------------
[Case v] Stim-C (horizontal) vs Sacc-S (horizontal) (all-trials)
  C axes: stim/axes_peakbin_stimC-stim-horizontal-20mssw_nofilter (orientation: horizontal)
  S axes: sacc/axes_peakbin_saccCS-sacc-horizontal-20mssw_nofilter (orientation: horizontal)
  OUT_ROOT: /project/bdoiron/dracoxu/rct-fsflow/paper_project_final/out_nofilter
  Covariance windows: C(stim)=[0.00, 0.50], S(sacc)=[-0.20, 0.05]
------------------------------------------------------------
======================================================================
CROSS-ALIGNMENT AXIS ANALYSIS
======================================================================
[info] Processing 1 session(s)
[info] C: stim/axes_peakbin_stimC-stim-horizontal-20mssw_nofilter (horizontal)
[info] S: sacc/axes_peakbin_saccCS-sacc-horizontal-20mssw_nofilter (horizontal)
[info] win_C: [0.0, 0.5], win_S: [-0.2, 0.05]
[info] Use rich conditions: False

============================================================
[20201211] Processing cross-alignment...
  [cross] Building geometry from both epochs...
          C epoch: stim, window=(0.0, 0.5), trials=306
          S epoch: sacc, window=(-0.2, 0.05), trials=306
          D_C shape: (60, 100), D_S shape: (60, 100)
  [cross] Observed: |cos(θ)|=0.2427, θ=76.0°
  [null] Manifold dim: 49, D_eff=7.5
         Expected |cos(θ)| ≈ 0.291 (angle ≈ 73.1°)
  [null] Running 1000 covariance-constrained null samples...
    [200/1000] null_mean=0.0965
    [400/1000] null_mean=0.0985
    [600/1000] null_mean=0.0995
    [800/1000] null_mean=0.0990
    [1000/1000] null_mean=0.0990
  [result] a_obs=0.2427, null_mean=0.0990±0.0634
           Δ=0.1436, z=2.26
           θ_obs=76.0°, θ_null=84.3°
           p(more orthogonal)=0.9780, p(more aligned)=0.0230
  [saved] /project/bdoiron/dracoxu/rct-fsflow/paper_project_final/out_nofilter/cross_alignment/case_v_alltrials/cross_case_v_alltrials_20201211.json

======================================================================
[done] Results saved to /project/bdoiron/dracoxu/rct-fsflow/paper_project_final/out_nofilter/cross_alignment/case_v_alltrials
======================================================================
[done] Case v → /project/bdoiron/dracoxu/rct-fsflow/paper_project_final/out_nofilter/cross_alignment/case_v_alltrials/

------------------------------------------------------------
[Case vi] Sacc-aligned C & S, vertical trials (all-trials)
  Axes: axes_peakbin_saccCS-sacc-vertical-20mssw_nofilter
  Orientation: vertical
  OUT_ROOT: /project/bdoiron/dracoxu/rct-fsflow/paper_project_final/out_nofilter
  Covariance windows (SACC-aligned): C=[-0.20, 0.05], S=[-0.20, 0.05]
------------------------------------------------------------
======================================================================
CATEGORY-SACCADE SUBSPACE ALIGNMENT ANALYSIS
======================================================================
[info] Processing 1 session(s)
[info] Mode: axis_cov
[info] out_root: /project/bdoiron/dracoxu/rct-fsflow/paper_project_final/out_nofilter
[info] n_perms: 1000

[Analysis C] Axis Angle + Covariance-Constrained Null (DAVE'S QUESTION)
             Axes tag: axes_peakbin_saccCS-sacc-vertical-20mssw_nofilter
             Uses trained sC and sS_raw axes
             Tests: 'less aligned than geometry-constrained chance'

============================================================
[20201211] Processing...

  [Analysis C] Axis angle + covariance-constrained null...
  [axis-cov] Observed: |cos(θ)|=0.0110, θ=89.4°
  [null] Manifold dim: 32, D_eff=5.7
         Expected |cos(θ)| ≈ 0.421 (angle ≈ 65.1°)
  [null] Running 1000 covariance-constrained null samples...
    [200/1000] null_mean=0.3070
    [400/1000] null_mean=0.3022
    [600/1000] null_mean=0.3017
    [800/1000] null_mean=0.2962
    [1000/1000] null_mean=0.2959
  [result] a_obs=0.0110, null_mean=0.2959±0.1942
           Δ=-0.2850, z=-1.47
           θ_obs=89.4°, θ_null=72.3°
           p(more orthogonal)=0.0170, p(more aligned)=0.9840
  [**] SIGNIFICANT: C-S alignment is LOWER than geometry-constrained chance!
  [saved] /project/bdoiron/dracoxu/rct-fsflow/paper_project_final/out_nofilter/sacc/alignment/case_vi_alltrials/axis_cov_20201211.json

======================================================================
[done] Per-session results saved to /project/bdoiron/dracoxu/rct-fsflow/paper_project_final/out_nofilter/sacc/alignment/case_vi_alltrials
======================================================================
[done] Case vi → /project/bdoiron/dracoxu/rct-fsflow/paper_project_final/out_nofilter/sacc/alignment/case_vi_alltrials/

==============================================================
[done] All cases complete for SID=20201211
==============================================================
