==============================================================
AXIS ALIGNMENT ANALYSIS - ALL FOUR CASES
Session: 20230622 (task 12)
Filter mode: both
==============================================================

==============================================================
CORRECT-ONLY TRIALS (out/)
==============================================================

------------------------------------------------------------
[Case i] Sacc-aligned C & S, horizontal trials (correct-only)
  Axes: axes_peakbin_saccCS-sacc-horizontal-20mssw
  Orientation: horizontal
  OUT_ROOT: /project/bdoiron/dracoxu/rct-fsflow/paper_project_final/out
------------------------------------------------------------
======================================================================
CATEGORY-SACCADE SUBSPACE ALIGNMENT ANALYSIS
======================================================================
[info] Processing 1 session(s)
[info] Mode: axis_cov
[info] out_root: /project/bdoiron/dracoxu/rct-fsflow/paper_project_final/out
[info] n_perms: 1000

[Analysis C] Axis Angle + Covariance-Constrained Null (DAVE'S QUESTION)
             Axes tag: axes_peakbin_saccCS-sacc-horizontal-20mssw
             Uses trained sC and sS_raw axes
             Tests: 'less aligned than geometry-constrained chance'

============================================================
[20230622] Processing...

  [Analysis C] Axis angle + covariance-constrained null...
  [axis-cov] Observed: |cos(θ)|=0.0758, θ=85.7°
  [null] Manifold dim: 86, D_eff=22.0
         Expected |cos(θ)| ≈ 0.213 (angle ≈ 77.7°)
  [null] Running 1000 covariance-constrained null samples...
    [200/1000] null_mean=0.2259
    [400/1000] null_mean=0.2092
    [600/1000] null_mean=0.2097
    [800/1000] null_mean=0.2141
    [1000/1000] null_mean=0.2160
  [result] a_obs=0.0758, null_mean=0.2160±0.1463
           Δ=-0.1402, z=-0.96
           θ_obs=85.7°, θ_null=77.4°
           p(more orthogonal)=0.2018, p(more aligned)=0.7992
  [saved] /project/bdoiron/dracoxu/rct-fsflow/paper_project_final/out/sacc/alignment/case_i_correctonly/axis_cov_20230622.json

======================================================================
[done] Per-session results saved to /project/bdoiron/dracoxu/rct-fsflow/paper_project_final/out/sacc/alignment/case_i_correctonly
======================================================================
[done] Case i → /project/bdoiron/dracoxu/rct-fsflow/paper_project_final/out/sacc/alignment/case_i_correctonly/

------------------------------------------------------------
[Case ii] Sacc-aligned C & S, pooled trials (correct-only)
  Axes: axes_peakbin_saccCS-sacc-pooled-20mssw
  Orientation: pooled
  OUT_ROOT: /project/bdoiron/dracoxu/rct-fsflow/paper_project_final/out
------------------------------------------------------------
======================================================================
CATEGORY-SACCADE SUBSPACE ALIGNMENT ANALYSIS
======================================================================
[info] Processing 1 session(s)
[info] Mode: axis_cov
[info] out_root: /project/bdoiron/dracoxu/rct-fsflow/paper_project_final/out
[info] n_perms: 1000

[Analysis C] Axis Angle + Covariance-Constrained Null (DAVE'S QUESTION)
             Axes tag: axes_peakbin_saccCS-sacc-pooled-20mssw
             Uses trained sC and sS_raw axes
             Tests: 'less aligned than geometry-constrained chance'

============================================================
[20230622] Processing...

  [Analysis C] Axis angle + covariance-constrained null...
  [axis-cov] Observed: |cos(θ)|=0.0238, θ=88.6°
  [null] Manifold dim: 107, D_eff=13.8
         Expected |cos(θ)| ≈ 0.269 (angle ≈ 74.4°)
  [null] Running 1000 covariance-constrained null samples...
    [200/1000] null_mean=0.1581
    [400/1000] null_mean=0.1691
    [600/1000] null_mean=0.1669
    [800/1000] null_mean=0.1643
    [1000/1000] null_mean=0.1654
  [result] a_obs=0.0238, null_mean=0.1654±0.1164
           Δ=-0.1416, z=-1.22
           θ_obs=88.6°, θ_null=80.4°
           p(more orthogonal)=0.0819, p(more aligned)=0.9191
  [saved] /project/bdoiron/dracoxu/rct-fsflow/paper_project_final/out/sacc/alignment/case_ii_correctonly/axis_cov_20230622.json

======================================================================
[done] Per-session results saved to /project/bdoiron/dracoxu/rct-fsflow/paper_project_final/out/sacc/alignment/case_ii_correctonly
======================================================================
[done] Case ii → /project/bdoiron/dracoxu/rct-fsflow/paper_project_final/out/sacc/alignment/case_ii_correctonly/

------------------------------------------------------------
[Case iii] Stim-C (vertical) vs Sacc-S (horizontal) (correct-only)
  C axes: stim/axes_peakbin_stimC-stim-vertical-20mssw (orientation: vertical)
  S axes: sacc/axes_peakbin_saccCS-sacc-horizontal-20mssw (orientation: horizontal)
  OUT_ROOT: /project/bdoiron/dracoxu/rct-fsflow/paper_project_final/out
------------------------------------------------------------
======================================================================
CROSS-ALIGNMENT AXIS ANALYSIS
======================================================================
[info] Processing 1 session(s)
[info] C: stim/axes_peakbin_stimC-stim-vertical-20mssw (vertical)
[info] S: sacc/axes_peakbin_saccCS-sacc-horizontal-20mssw (horizontal)
[info] win_C: [0.1, 0.3], win_S: [-0.1, -0.03]
[info] Use rich conditions: True

============================================================
[20230622] Processing cross-alignment...
  [cross] Building geometry from both epochs...
          C epoch: stim, window=(0.1, 0.3), trials=401
          S epoch: sacc, window=(-0.1, -0.03), trials=465
          D_C shape: (118, 160), D_S shape: (118, 84)
  [cross] Observed: |cos(θ)|=0.2398, θ=76.1°
  [null] Manifold dim: 104, D_eff=27.1
         Expected |cos(θ)| ≈ 0.153 (angle ≈ 81.2°)
  [null] Running 1000 covariance-constrained null samples...
    [200/1000] null_mean=0.1320
    [400/1000] null_mean=0.1270
    [600/1000] null_mean=0.1267
    [800/1000] null_mean=0.1273
    [1000/1000] null_mean=0.1282
  [result] a_obs=0.2398, null_mean=0.1282±0.0880
           Δ=0.1117, z=1.27
           θ_obs=76.1°, θ_null=82.6°
           p(more orthogonal)=0.8791, p(more aligned)=0.1219
  [saved] /project/bdoiron/dracoxu/rct-fsflow/paper_project_final/out/cross_alignment/case_iii_correctonly/cross_case_iii_correctonly_20230622.json

======================================================================
[done] Results saved to /project/bdoiron/dracoxu/rct-fsflow/paper_project_final/out/cross_alignment/case_iii_correctonly
======================================================================
[done] Case iii → /project/bdoiron/dracoxu/rct-fsflow/paper_project_final/out/cross_alignment/case_iii_correctonly/

------------------------------------------------------------
[Case iv] Stim-C (pooled) vs Sacc-S (pooled) (correct-only)
  C axes: stim/axes_peakbin_stimC-stim-pooled-20mssw (orientation: pooled)
  S axes: sacc/axes_peakbin_saccCS-sacc-pooled-20mssw (orientation: pooled)
  OUT_ROOT: /project/bdoiron/dracoxu/rct-fsflow/paper_project_final/out
------------------------------------------------------------
======================================================================
CROSS-ALIGNMENT AXIS ANALYSIS
======================================================================
[info] Processing 1 session(s)
[info] C: stim/axes_peakbin_stimC-stim-pooled-20mssw (pooled)
[info] S: sacc/axes_peakbin_saccCS-sacc-pooled-20mssw (pooled)
[info] win_C: [0.1, 0.3], win_S: [-0.1, -0.03]
[info] Use rich conditions: True

============================================================
[20230622] Processing cross-alignment...
  [cross] Building geometry from both epochs...
          C epoch: stim, window=(0.1, 0.3), trials=866
          S epoch: sacc, window=(-0.1, -0.03), trials=866
          D_C shape: (118, 320), D_S shape: (118, 224)
  [cross] Observed: |cos(θ)|=0.2351, θ=76.4°
  [null] Manifold dim: 111, D_eff=27.1
         Expected |cos(θ)| ≈ 0.153 (angle ≈ 81.2°)
  [null] Running 1000 covariance-constrained null samples...
    [200/1000] null_mean=0.1095
    [400/1000] null_mean=0.1100
    [600/1000] null_mean=0.1129
    [800/1000] null_mean=0.1129
    [1000/1000] null_mean=0.1125
  [result] a_obs=0.2351, null_mean=0.1125±0.0795
           Δ=0.1226, z=1.54
           θ_obs=76.4°, θ_null=83.5°
           p(more orthogonal)=0.9201, p(more aligned)=0.0809
  [saved] /project/bdoiron/dracoxu/rct-fsflow/paper_project_final/out/cross_alignment/case_iv_correctonly/cross_case_iv_correctonly_20230622.json

======================================================================
[done] Results saved to /project/bdoiron/dracoxu/rct-fsflow/paper_project_final/out/cross_alignment/case_iv_correctonly
======================================================================
[done] Case iv → /project/bdoiron/dracoxu/rct-fsflow/paper_project_final/out/cross_alignment/case_iv_correctonly/

==============================================================
ALL TRIALS (out_nofilter/)
==============================================================

------------------------------------------------------------
[Case i] Sacc-aligned C & S, horizontal trials (all-trials)
  Axes: axes_peakbin_saccCS-sacc-horizontal-20mssw_nofilter
  Orientation: horizontal
  OUT_ROOT: /project/bdoiron/dracoxu/rct-fsflow/paper_project_final/out_nofilter
------------------------------------------------------------
======================================================================
CATEGORY-SACCADE SUBSPACE ALIGNMENT ANALYSIS
======================================================================
[info] Processing 1 session(s)
[info] Mode: axis_cov
[info] out_root: /project/bdoiron/dracoxu/rct-fsflow/paper_project_final/out_nofilter
[info] n_perms: 1000

[Analysis C] Axis Angle + Covariance-Constrained Null (DAVE'S QUESTION)
             Axes tag: axes_peakbin_saccCS-sacc-horizontal-20mssw_nofilter
             Uses trained sC and sS_raw axes
             Tests: 'less aligned than geometry-constrained chance'

============================================================
[20230622] Processing...

  [Analysis C] Axis angle + covariance-constrained null...
  [axis-cov] Observed: |cos(θ)|=0.0812, θ=85.3°
  [null] Manifold dim: 86, D_eff=20.2
         Expected |cos(θ)| ≈ 0.222 (angle ≈ 77.2°)
  [null] Running 1000 covariance-constrained null samples...
    [200/1000] null_mean=0.2141
    [400/1000] null_mean=0.2085
    [600/1000] null_mean=0.2078
    [800/1000] null_mean=0.2087
    [1000/1000] null_mean=0.2108
  [result] a_obs=0.0812, null_mean=0.2108±0.1407
           Δ=-0.1296, z=-0.92
           θ_obs=85.3°, θ_null=77.7°
           p(more orthogonal)=0.2128, p(more aligned)=0.7882
  [saved] /project/bdoiron/dracoxu/rct-fsflow/paper_project_final/out_nofilter/sacc/alignment/case_i_alltrials/axis_cov_20230622.json

======================================================================
[done] Per-session results saved to /project/bdoiron/dracoxu/rct-fsflow/paper_project_final/out_nofilter/sacc/alignment/case_i_alltrials
======================================================================
[done] Case i → /project/bdoiron/dracoxu/rct-fsflow/paper_project_final/out_nofilter/sacc/alignment/case_i_alltrials/

------------------------------------------------------------
[Case ii] Sacc-aligned C & S, pooled trials (all-trials)
  Axes: axes_peakbin_saccCS-sacc-pooled-20mssw_nofilter
  Orientation: pooled
  OUT_ROOT: /project/bdoiron/dracoxu/rct-fsflow/paper_project_final/out_nofilter
------------------------------------------------------------
======================================================================
CATEGORY-SACCADE SUBSPACE ALIGNMENT ANALYSIS
======================================================================
[info] Processing 1 session(s)
[info] Mode: axis_cov
[info] out_root: /project/bdoiron/dracoxu/rct-fsflow/paper_project_final/out_nofilter
[info] n_perms: 1000

[Analysis C] Axis Angle + Covariance-Constrained Null (DAVE'S QUESTION)
             Axes tag: axes_peakbin_saccCS-sacc-pooled-20mssw_nofilter
             Uses trained sC and sS_raw axes
             Tests: 'less aligned than geometry-constrained chance'

============================================================
[20230622] Processing...

  [Analysis C] Axis angle + covariance-constrained null...
  [axis-cov] Observed: |cos(θ)|=0.0332, θ=88.1°
  [null] Manifold dim: 106, D_eff=11.6
         Expected |cos(θ)| ≈ 0.293 (angle ≈ 72.9°)
  [null] Running 1000 covariance-constrained null samples...
    [200/1000] null_mean=0.1585
    [400/1000] null_mean=0.1567
    [600/1000] null_mean=0.1576
    [800/1000] null_mean=0.1577
    [1000/1000] null_mean=0.1592
  [result] a_obs=0.0332, null_mean=0.1592±0.1129
           Δ=-0.1260, z=-1.12
           θ_obs=88.1°, θ_null=80.8°
           p(more orthogonal)=0.1419, p(more aligned)=0.8591
  [saved] /project/bdoiron/dracoxu/rct-fsflow/paper_project_final/out_nofilter/sacc/alignment/case_ii_alltrials/axis_cov_20230622.json

======================================================================
[done] Per-session results saved to /project/bdoiron/dracoxu/rct-fsflow/paper_project_final/out_nofilter/sacc/alignment/case_ii_alltrials
======================================================================
[done] Case ii → /project/bdoiron/dracoxu/rct-fsflow/paper_project_final/out_nofilter/sacc/alignment/case_ii_alltrials/

------------------------------------------------------------
[Case iii] Stim-C (vertical) vs Sacc-S (horizontal) (all-trials)
  C axes: stim/axes_peakbin_stimC-stim-vertical-20mssw_nofilter (orientation: vertical)
  S axes: sacc/axes_peakbin_saccCS-sacc-horizontal-20mssw_nofilter (orientation: horizontal)
  OUT_ROOT: /project/bdoiron/dracoxu/rct-fsflow/paper_project_final/out_nofilter
------------------------------------------------------------
======================================================================
CROSS-ALIGNMENT AXIS ANALYSIS
======================================================================
[info] Processing 1 session(s)
[info] C: stim/axes_peakbin_stimC-stim-vertical-20mssw_nofilter (vertical)
[info] S: sacc/axes_peakbin_saccCS-sacc-horizontal-20mssw_nofilter (horizontal)
[info] win_C: [0.1, 0.3], win_S: [-0.1, -0.03]
[info] Use rich conditions: True

============================================================
[20230622] Processing cross-alignment...
  [cross] Building geometry from both epochs...
          C epoch: stim, window=(0.1, 0.3), trials=542
          S epoch: sacc, window=(-0.1, -0.03), trials=553
          D_C shape: (118, 160), D_S shape: (118, 84)
  [cross] Observed: |cos(θ)|=0.0716, θ=85.9°
  [null] Manifold dim: 103, D_eff=21.6
         Expected |cos(θ)| ≈ 0.172 (angle ≈ 80.1°)
  [null] Running 1000 covariance-constrained null samples...
    [200/1000] null_mean=0.1155
    [400/1000] null_mean=0.1141
    [600/1000] null_mean=0.1145
    [800/1000] null_mean=0.1114
    [1000/1000] null_mean=0.1099
  [result] a_obs=0.0716, null_mean=0.1099±0.0754
           Δ=-0.0383, z=-0.51
           θ_obs=85.9°, θ_null=83.7°
           p(more orthogonal)=0.3826, p(more aligned)=0.6184
  [saved] /project/bdoiron/dracoxu/rct-fsflow/paper_project_final/out_nofilter/cross_alignment/case_iii_alltrials/cross_case_iii_alltrials_20230622.json

======================================================================
[done] Results saved to /project/bdoiron/dracoxu/rct-fsflow/paper_project_final/out_nofilter/cross_alignment/case_iii_alltrials
======================================================================
[done] Case iii → /project/bdoiron/dracoxu/rct-fsflow/paper_project_final/out_nofilter/cross_alignment/case_iii_alltrials/

------------------------------------------------------------
[Case iv] Stim-C (pooled) vs Sacc-S (pooled) (all-trials)
  C axes: stim/axes_peakbin_stimC-stim-pooled-20mssw_nofilter (orientation: pooled)
  S axes: sacc/axes_peakbin_saccCS-sacc-pooled-20mssw_nofilter (orientation: pooled)
  OUT_ROOT: /project/bdoiron/dracoxu/rct-fsflow/paper_project_final/out_nofilter
------------------------------------------------------------
======================================================================
CROSS-ALIGNMENT AXIS ANALYSIS
======================================================================
[info] Processing 1 session(s)
[info] C: stim/axes_peakbin_stimC-stim-pooled-20mssw_nofilter (pooled)
[info] S: sacc/axes_peakbin_saccCS-sacc-pooled-20mssw_nofilter (pooled)
[info] win_C: [0.1, 0.3], win_S: [-0.1, -0.03]
[info] Use rich conditions: True

============================================================
[20230622] Processing cross-alignment...
  [cross] Building geometry from both epochs...
          C epoch: stim, window=(0.1, 0.3), trials=1095
          S epoch: sacc, window=(-0.1, -0.03), trials=1095
          D_C shape: (118, 320), D_S shape: (118, 224)
  [cross] Observed: |cos(θ)|=0.0697, θ=86.0°
  [null] Manifold dim: 110, D_eff=21.7
         Expected |cos(θ)| ≈ 0.171 (angle ≈ 80.1°)
  [null] Running 1000 covariance-constrained null samples...
    [200/1000] null_mean=0.1051
    [400/1000] null_mean=0.1022
    [600/1000] null_mean=0.1047
    [800/1000] null_mean=0.1056
    [1000/1000] null_mean=0.1057
  [result] a_obs=0.0697, null_mean=0.1057±0.0736
           Δ=-0.0360, z=-0.49
           θ_obs=86.0°, θ_null=83.9°
           p(more orthogonal)=0.3906, p(more aligned)=0.6104
  [saved] /project/bdoiron/dracoxu/rct-fsflow/paper_project_final/out_nofilter/cross_alignment/case_iv_alltrials/cross_case_iv_alltrials_20230622.json

======================================================================
[done] Results saved to /project/bdoiron/dracoxu/rct-fsflow/paper_project_final/out_nofilter/cross_alignment/case_iv_alltrials
======================================================================
[done] Case iv → /project/bdoiron/dracoxu/rct-fsflow/paper_project_final/out_nofilter/cross_alignment/case_iv_alltrials/

==============================================================
[done] All cases complete for SID=20230622
==============================================================
