==============================================================
AXIS ALIGNMENT ANALYSIS - Session 20201001 (task 7)
==============================================================

[info] Running alignment analysis for 20201001
       Mode: both (AI + axis_shuffle)
       n_perms: 1000

======================================================================
CATEGORY-SACCADE SUBSPACE ALIGNMENT ANALYSIS
======================================================================
[info] Processing 1 session(s)
[info] Mode: both
[info] out_root: /project/bdoiron/dracoxu/rct-fsflow/paper_project_final/out
[info] n_perms: 1000

[Analysis A] Alignment Index + Covariance-Matched Null
             Category window: [-0.3, -0.1]
             Saccade window: [-0.1, -0.03]
             Subspace dim k: 6
             Tests: 'less aligned than chance' (orthogonality)

[Analysis B] Axis Angle + Label-Shuffle Null
             Axes tag: axes_peakbin_saccCS-sacc-horizontal-20mssw
             Tests: 'more aligned than chance' (label-specific)

============================================================
[20201001] Processing...

  [Analysis A] Alignment Index...
  [AI] Building condition-averaged matrices...
       Category window: (-0.3, -0.1)
       Saccade window: (-0.1, -0.03)
       D_C shape: (139, 38), D_S shape: (139, 16)
       Category subspace: (139, 6), var_explained=0.688
       Saccade subspace: (139, 6), var_explained=0.949
  [AI] Observed AI = 0.3265
       Principal angles (deg): [43.84007664 69.69080295 71.49445035 76.17044    83.78422983 87.46552231]
       Mean angle: 72.1°, Overlap: 0.1354
  [null] Manifold dim: 35 (from 54 total)
         Expected random overlap (isotropic): ~0.171
  [null] Running 1000 covariance-matched null samples...
    [200/1000] null_AI_mean=0.4776
    [400/1000] null_AI_mean=0.4823
    [600/1000] null_AI_mean=0.4783
    [800/1000] null_AI_mean=0.4783
    [1000/1000] null_AI_mean=0.4784
  [result] AI_obs=0.3265, null_mean=0.4784±0.0929
           Δ_AI=-0.1519
           p(less aligned)=0.0649, p(more aligned)=0.9361
  [saved] /project/bdoiron/dracoxu/rct-fsflow/paper_project_final/out/sacc/alignment/correctonly/AI_20201001.json

  [Analysis B] Axis angle + shuffle...
  [axis] Observed: |cos(θ)|=0.0350, θ=88.0°
  [null] Running 1000 label-shuffle permutations...
    [100/1000] null_mean=0.0639
    [200/1000] null_mean=0.0642
    [300/1000] null_mean=0.0590
    [400/1000] null_mean=0.0595
    [500/1000] null_mean=0.0602
    [600/1000] null_mean=0.0602
    [700/1000] null_mean=0.0598
    [800/1000] null_mean=0.0603
    [900/1000] null_mean=0.0592
    [1000/1000] null_mean=0.0591
  [result] Δ=-0.0241, p(more aligned)=0.6424
           Note: shuffle null tests 'more aligned than chance'
  [saved] /project/bdoiron/dracoxu/rct-fsflow/paper_project_final/out/sacc/alignment/correctonly/axis_shuffle_20201001.json

======================================================================
[done] Per-session results saved to /project/bdoiron/dracoxu/rct-fsflow/paper_project_final/out/sacc/alignment/correctonly
======================================================================

[done] Alignment analysis complete for SID=20201001
       Results: /project/bdoiron/dracoxu/rct-fsflow/paper_project_final/out/sacc/alignment/correctonly/
