==============================================================
AXIS ALIGNMENT ANALYSIS - ALL FOUR CASES
Session: 20231109 (task 19)
Filter mode: both
==============================================================

==============================================================
CORRECT-ONLY TRIALS (out/)
==============================================================

------------------------------------------------------------
[Case i] Sacc-aligned C & S, horizontal trials (correct-only)
  Axes: axes_peakbin_saccCS-sacc-horizontal-20mssw
  Orientation: horizontal
  OUT_ROOT: /project/bdoiron/dracoxu/rct-fsflow/paper_project_final/out
------------------------------------------------------------
======================================================================
CATEGORY-SACCADE SUBSPACE ALIGNMENT ANALYSIS
======================================================================
[info] Processing 1 session(s)
[info] Mode: axis_cov
[info] out_root: /project/bdoiron/dracoxu/rct-fsflow/paper_project_final/out
[info] n_perms: 1000

[Analysis C] Axis Angle + Covariance-Constrained Null (DAVE'S QUESTION)
             Axes tag: axes_peakbin_saccCS-sacc-horizontal-20mssw
             Uses trained sC and sS_raw axes
             Tests: 'less aligned than geometry-constrained chance'

============================================================
[20231109] Processing...

  [Analysis C] Axis angle + covariance-constrained null...
  [axis-cov] Observed: |cos(θ)|=0.0009, θ=89.9°
  [null] Manifold dim: 68, D_eff=27.5
         Expected |cos(θ)| ≈ 0.191 (angle ≈ 79.0°)
  [null] Running 1000 covariance-constrained null samples...
    [200/1000] null_mean=0.2051
    [400/1000] null_mean=0.2014
    [600/1000] null_mean=0.2027
    [800/1000] null_mean=0.2087
    [1000/1000] null_mean=0.2099
  [result] a_obs=0.0009, null_mean=0.2099±0.1453
           Δ=-0.2090, z=-1.44
           θ_obs=89.9°, θ_null=77.7°
           p(more orthogonal)=0.0050, p(more aligned)=0.9960
  [**] SIGNIFICANT: C-S alignment is LOWER than geometry-constrained chance!
  [saved] /project/bdoiron/dracoxu/rct-fsflow/paper_project_final/out/sacc/alignment/case_i_correctonly/axis_cov_20231109.json

======================================================================
[done] Per-session results saved to /project/bdoiron/dracoxu/rct-fsflow/paper_project_final/out/sacc/alignment/case_i_correctonly
======================================================================
[done] Case i → /project/bdoiron/dracoxu/rct-fsflow/paper_project_final/out/sacc/alignment/case_i_correctonly/

------------------------------------------------------------
[Case ii] Sacc-aligned C & S, pooled trials (correct-only)
  Axes: axes_peakbin_saccCS-sacc-pooled-20mssw
  Orientation: pooled
  OUT_ROOT: /project/bdoiron/dracoxu/rct-fsflow/paper_project_final/out
------------------------------------------------------------
======================================================================
CATEGORY-SACCADE SUBSPACE ALIGNMENT ANALYSIS
======================================================================
[info] Processing 1 session(s)
[info] Mode: axis_cov
[info] out_root: /project/bdoiron/dracoxu/rct-fsflow/paper_project_final/out
[info] n_perms: 1000

[Analysis C] Axis Angle + Covariance-Constrained Null (DAVE'S QUESTION)
             Axes tag: axes_peakbin_saccCS-sacc-pooled-20mssw
             Uses trained sC and sS_raw axes
             Tests: 'less aligned than geometry-constrained chance'

============================================================
[20231109] Processing...

  [Analysis C] Axis angle + covariance-constrained null...
  [axis-cov] Observed: |cos(θ)|=0.1428, θ=81.8°
  [null] Manifold dim: 72, D_eff=21.3
         Expected |cos(θ)| ≈ 0.217 (angle ≈ 77.5°)
  [null] Running 1000 covariance-constrained null samples...
    [200/1000] null_mean=0.2187
    [400/1000] null_mean=0.2192
    [600/1000] null_mean=0.2142
    [800/1000] null_mean=0.2220
    [1000/1000] null_mean=0.2211
  [result] a_obs=0.1428, null_mean=0.2211±0.1489
           Δ=-0.0783, z=-0.53
           θ_obs=81.8°, θ_null=77.0°
           p(more orthogonal)=0.3626, p(more aligned)=0.6384
  [saved] /project/bdoiron/dracoxu/rct-fsflow/paper_project_final/out/sacc/alignment/case_ii_correctonly/axis_cov_20231109.json

======================================================================
[done] Per-session results saved to /project/bdoiron/dracoxu/rct-fsflow/paper_project_final/out/sacc/alignment/case_ii_correctonly
======================================================================
[done] Case ii → /project/bdoiron/dracoxu/rct-fsflow/paper_project_final/out/sacc/alignment/case_ii_correctonly/
[WARN] Axes not found for Case iii → skipping
       Missing: /project/bdoiron/dracoxu/rct-fsflow/paper_project_final/out/stim/20231109/axes/axes_peakbin_C-stim-vertical-20mssw
