==============================================================
AXIS ALIGNMENT ANALYSIS (NOFILTER) - Session 20201001 (task 7)
==============================================================

[info] Running alignment analysis for 20201001 (NOFILTER)
       Mode: both (AI + axis_shuffle)
       n_perms: 1000

======================================================================
CATEGORY-SACCADE SUBSPACE ALIGNMENT ANALYSIS
======================================================================
[info] Processing 1 session(s)
[info] Mode: both
[info] out_root: /project/bdoiron/dracoxu/rct-fsflow/paper_project_final/out_nofilter
[info] n_perms: 1000

[Analysis A] Alignment Index + Covariance-Matched Null
             Category window: [-0.3, -0.1]
             Saccade window: [-0.1, -0.03]
             Subspace dim k: 6
             Tests: 'less aligned than chance' (orthogonality)

[Analysis B] Axis Angle + Label-Shuffle Null
             Axes tag: axes_peakbin_saccCS-sacc-horizontal-20mssw_nofilter
             Tests: 'more aligned than chance' (label-specific)

============================================================
[20201001] Processing...

  [Analysis A] Alignment Index...
  [AI] Building condition-averaged matrices...
       Category window: (-0.3, -0.1)
       Saccade window: (-0.1, -0.03)
       D_C shape: (139, 38), D_S shape: (139, 16)
       Category subspace: (139, 6), var_explained=0.686
       Saccade subspace: (139, 6), var_explained=0.950
  [AI] Observed AI = 0.3279
       Principal angles (deg): [43.60631661 69.47815778 73.34301679 76.28254587 84.09228171 89.44918488]
       Mean angle: 72.7°, Overlap: 0.1327
  [null] Manifold dim: 35 (from 54 total)
         Expected random overlap (isotropic): ~0.171
  [null] Running 1000 covariance-matched null samples...
    [200/1000] null_AI_mean=0.4776
    [400/1000] null_AI_mean=0.4827
    [600/1000] null_AI_mean=0.4784
    [800/1000] null_AI_mean=0.4785
    [1000/1000] null_AI_mean=0.4787
  [result] AI_obs=0.3279, null_mean=0.4787±0.0927
           Δ_AI=-0.1508
           p(less aligned)=0.0669, p(more aligned)=0.9341
  [saved] /project/bdoiron/dracoxu/rct-fsflow/paper_project_final/out_nofilter/sacc/alignment/nofilter/AI_20201001.json

  [Analysis B] Axis angle + shuffle...
  [axis] Observed: |cos(θ)|=0.0257, θ=88.5°
  [null] Running 1000 label-shuffle permutations...
    [100/1000] null_mean=0.0624
    [200/1000] null_mean=0.0598
    [300/1000] null_mean=0.0611
    [400/1000] null_mean=0.0622
    [500/1000] null_mean=0.0622
    [600/1000] null_mean=0.0612
    [700/1000] null_mean=0.0622
    [800/1000] null_mean=0.0626
    [900/1000] null_mean=0.0620
    [1000/1000] null_mean=0.0612
  [result] Δ=-0.0355, p(more aligned)=0.7423
           Note: shuffle null tests 'more aligned than chance'
  [saved] /project/bdoiron/dracoxu/rct-fsflow/paper_project_final/out_nofilter/sacc/alignment/nofilter/axis_shuffle_20201001.json

======================================================================
[done] Per-session results saved to /project/bdoiron/dracoxu/rct-fsflow/paper_project_final/out_nofilter/sacc/alignment/nofilter
======================================================================

[done] Alignment analysis complete for SID=20201001 (NOFILTER)
       Results: /project/bdoiron/dracoxu/rct-fsflow/paper_project_final/out_nofilter/sacc/alignment/nofilter/
