==============================================================
AXIS ALIGNMENT ANALYSIS - Session 20231025 (task 17)
==============================================================

[info] Running alignment analysis for 20231025
       Mode: both (AI + axis_shuffle)
       n_perms: 1000

======================================================================
CATEGORY-SACCADE SUBSPACE ALIGNMENT ANALYSIS
======================================================================
[info] Processing 1 session(s)
[info] Mode: both
[info] out_root: /project/bdoiron/dracoxu/rct-fsflow/paper_project_final/out
[info] n_perms: 1000

[Analysis A] Alignment Index + Covariance-Matched Null
             Category window: [-0.3, -0.1]
             Saccade window: [-0.1, -0.03]
             Subspace dim k: 6
             Tests: 'less aligned than chance' (orthogonality)

[Analysis B] Axis Angle + Label-Shuffle Null
             Axes tag: axes_peakbin_saccCS-sacc-horizontal-20mssw
             Tests: 'more aligned than chance' (label-specific)

============================================================
[20231025] Processing...

  [Analysis A] Alignment Index...
  [AI] Building condition-averaged matrices...
       Category window: (-0.3, -0.1)
       Saccade window: (-0.1, -0.03)
       D_C shape: (48, 38), D_S shape: (48, 16)
       Category subspace: (48, 6), var_explained=0.545
       Saccade subspace: (48, 6), var_explained=0.775
  [AI] Observed AI = 0.2682
       Principal angles (deg): [53.12886132 59.92777524 68.21775706 76.3549012  81.02616361 87.7924493 ]
       Mean angle: 71.1°, Overlap: 0.1384
  [null] Manifold dim: 33 (from 48 total)
         Expected random overlap (isotropic): ~0.182
  [null] Running 1000 covariance-matched null samples...
    [200/1000] null_AI_mean=0.4557
    [400/1000] null_AI_mean=0.4580
    [600/1000] null_AI_mean=0.4605
    [800/1000] null_AI_mean=0.4616
    [1000/1000] null_AI_mean=0.4615
  [result] AI_obs=0.2682, null_mean=0.4615±0.0489
           Δ_AI=-0.1932
           p(less aligned)=0.0010, p(more aligned)=1.0000
  [saved] /project/bdoiron/dracoxu/rct-fsflow/paper_project_final/out/sacc/alignment/correctonly/AI_20231025.json

  [Analysis B] Axis angle + shuffle...
  [axis] Observed: |cos(θ)|=0.0503, θ=87.1°
  [null] Running 1000 label-shuffle permutations...
    [100/1000] null_mean=0.0904
    [200/1000] null_mean=0.0976
    [300/1000] null_mean=0.0980
    [400/1000] null_mean=0.1009
    [500/1000] null_mean=0.1001
    [600/1000] null_mean=0.0999
    [700/1000] null_mean=0.1001
    [800/1000] null_mean=0.0990
    [900/1000] null_mean=0.0972
    [1000/1000] null_mean=0.0960
  [result] Δ=-0.0457, p(more aligned)=0.6753
           Note: shuffle null tests 'more aligned than chance'
  [saved] /project/bdoiron/dracoxu/rct-fsflow/paper_project_final/out/sacc/alignment/correctonly/axis_shuffle_20231025.json

======================================================================
[done] Per-session results saved to /project/bdoiron/dracoxu/rct-fsflow/paper_project_final/out/sacc/alignment/correctonly
======================================================================

[done] Alignment analysis complete for SID=20231025
       Results: /project/bdoiron/dracoxu/rct-fsflow/paper_project_final/out/sacc/alignment/correctonly/
