==============================================================
AXIS ALIGNMENT ANALYSIS - ALL FOUR CASES
Session: 20200327 (task 1)
Filter mode: both
==============================================================

==============================================================
CORRECT-ONLY TRIALS (out/)
==============================================================

------------------------------------------------------------
[Case i] Sacc-aligned C & S, horizontal trials (correct-only)
  Axes: axes_peakbin_saccCS-sacc-horizontal-20mssw
  Orientation: horizontal
  OUT_ROOT: /project/bdoiron/dracoxu/rct-fsflow/paper_project_final/out
------------------------------------------------------------
======================================================================
CATEGORY-SACCADE SUBSPACE ALIGNMENT ANALYSIS
======================================================================
[info] Processing 1 session(s)
[info] Mode: axis_cov
[info] out_root: /project/bdoiron/dracoxu/rct-fsflow/paper_project_final/out
[info] n_perms: 1000

[Analysis C] Axis Angle + Covariance-Constrained Null (DAVE'S QUESTION)
             Axes tag: axes_peakbin_saccCS-sacc-horizontal-20mssw
             Uses trained sC and sS_raw axes
             Tests: 'less aligned than geometry-constrained chance'

============================================================
[20200327] Processing...

  [Analysis C] Axis angle + covariance-constrained null...
  [axis-cov] Observed: |cos(θ)|=0.1729, θ=80.0°
  [null] Manifold dim: 39, D_eff=23.4
         Expected |cos(θ)| ≈ 0.207 (angle ≈ 78.1°)
  [null] Running 1000 covariance-constrained null samples...
    [200/1000] null_mean=0.1669
    [400/1000] null_mean=0.1634
    [600/1000] null_mean=0.1586
    [800/1000] null_mean=0.1570
    [1000/1000] null_mean=0.1552
  [result] a_obs=0.1729, null_mean=0.1552±0.1136
           Δ=0.0177, z=0.16
           θ_obs=80.0°, θ_null=81.0°
           p(more orthogonal)=0.6204, p(more aligned)=0.3806
  [saved] /project/bdoiron/dracoxu/rct-fsflow/paper_project_final/out/sacc/alignment/case_i_correctonly/axis_cov_20200327.json

======================================================================
[done] Per-session results saved to /project/bdoiron/dracoxu/rct-fsflow/paper_project_final/out/sacc/alignment/case_i_correctonly
======================================================================
[done] Case i → /project/bdoiron/dracoxu/rct-fsflow/paper_project_final/out/sacc/alignment/case_i_correctonly/

------------------------------------------------------------
[Case ii] Sacc-aligned C & S, pooled trials (correct-only)
  Axes: axes_peakbin_saccCS-sacc-pooled-20mssw
  Orientation: pooled
  OUT_ROOT: /project/bdoiron/dracoxu/rct-fsflow/paper_project_final/out
------------------------------------------------------------
======================================================================
CATEGORY-SACCADE SUBSPACE ALIGNMENT ANALYSIS
======================================================================
[info] Processing 1 session(s)
[info] Mode: axis_cov
[info] out_root: /project/bdoiron/dracoxu/rct-fsflow/paper_project_final/out
[info] n_perms: 1000

[Analysis C] Axis Angle + Covariance-Constrained Null (DAVE'S QUESTION)
             Axes tag: axes_peakbin_saccCS-sacc-pooled-20mssw
             Uses trained sC and sS_raw axes
             Tests: 'less aligned than geometry-constrained chance'

============================================================
[20200327] Processing...

  [Analysis C] Axis angle + covariance-constrained null...
  [axis-cov] Observed: |cos(θ)|=0.0545, θ=86.9°
  [null] Manifold dim: 40, D_eff=18.3
         Expected |cos(θ)| ≈ 0.234 (angle ≈ 76.5°)
  [null] Running 1000 covariance-constrained null samples...
    [200/1000] null_mean=0.1161
    [400/1000] null_mean=0.1179
    [600/1000] null_mean=0.1190
    [800/1000] null_mean=0.1186
    [1000/1000] null_mean=0.1208
  [result] a_obs=0.0545, null_mean=0.1208±0.0912
           Δ=-0.0662, z=-0.73
           θ_obs=86.9°, θ_null=83.0°
           p(more orthogonal)=0.2987, p(more aligned)=0.7023
  [saved] /project/bdoiron/dracoxu/rct-fsflow/paper_project_final/out/sacc/alignment/case_ii_correctonly/axis_cov_20200327.json

======================================================================
[done] Per-session results saved to /project/bdoiron/dracoxu/rct-fsflow/paper_project_final/out/sacc/alignment/case_ii_correctonly
======================================================================
[done] Case ii → /project/bdoiron/dracoxu/rct-fsflow/paper_project_final/out/sacc/alignment/case_ii_correctonly/
[WARN] Axes not found for Case iii → skipping
       Missing: /project/bdoiron/dracoxu/rct-fsflow/paper_project_final/out/stim/20200327/axes/axes_peakbin_C-stim-vertical-20mssw
