==============================================================
AXIS ALIGNMENT ANALYSIS - Session 20230710 (task 16)
==============================================================

[info] Running alignment analysis for 20230710
       Mode: both (AI + axis_shuffle)
       n_perms: 1000

======================================================================
CATEGORY-SACCADE SUBSPACE ALIGNMENT ANALYSIS
======================================================================
[info] Processing 1 session(s)
[info] Mode: both
[info] out_root: /project/bdoiron/dracoxu/rct-fsflow/paper_project_final/out
[info] n_perms: 1000

[Analysis A] Alignment Index + Covariance-Matched Null
             Category window: [-0.3, -0.1]
             Saccade window: [-0.1, -0.03]
             Subspace dim k: 6
             Tests: 'less aligned than chance' (orthogonality)

[Analysis B] Axis Angle + Label-Shuffle Null
             Axes tag: axes_peakbin_saccCS-sacc-horizontal-20mssw
             Tests: 'more aligned than chance' (label-specific)

============================================================
[20230710] Processing...

  [Analysis A] Alignment Index...
  [AI] Building condition-averaged matrices...
       Category window: (-0.3, -0.1)
       Saccade window: (-0.1, -0.03)
       D_C shape: (66, 38), D_S shape: (66, 16)
       Category subspace: (66, 6), var_explained=0.643
       Saccade subspace: (66, 6), var_explained=0.865
  [AI] Observed AI = 0.2357
       Principal angles (deg): [50.58436573 61.89285843 69.09245033 76.72215016 83.79345278 86.89537377]
       Mean angle: 71.5°, Overlap: 0.1366
  [null] Manifold dim: 36 (from 54 total)
         Expected random overlap (isotropic): ~0.167
  [null] Running 1000 covariance-matched null samples...
    [200/1000] null_AI_mean=0.4329
    [400/1000] null_AI_mean=0.4399
    [600/1000] null_AI_mean=0.4378
    [800/1000] null_AI_mean=0.4369
    [1000/1000] null_AI_mean=0.4359
  [result] AI_obs=0.2357, null_mean=0.4359±0.0682
           Δ_AI=-0.2002
           p(less aligned)=0.0010, p(more aligned)=1.0000
