==============================================================
AXIS ALIGNMENT ANALYSIS - ALL FOUR CASES
Session: 20200926 (task 5)
Filter mode: both
==============================================================

==============================================================
CORRECT-ONLY TRIALS (out/)
==============================================================

------------------------------------------------------------
[Case i] Sacc-aligned C & S, horizontal trials (correct-only)
  Axes: axes_peakbin_saccCS-sacc-horizontal-20mssw
  Orientation: horizontal
  OUT_ROOT: /project/bdoiron/dracoxu/rct-fsflow/paper_project_final/out
------------------------------------------------------------
======================================================================
CATEGORY-SACCADE SUBSPACE ALIGNMENT ANALYSIS
======================================================================
[info] Processing 1 session(s)
[info] Mode: axis_cov
[info] out_root: /project/bdoiron/dracoxu/rct-fsflow/paper_project_final/out
[info] n_perms: 1000

[Analysis C] Axis Angle + Covariance-Constrained Null (DAVE'S QUESTION)
             Axes tag: axes_peakbin_saccCS-sacc-horizontal-20mssw
             Uses trained sC and sS_raw axes
             Tests: 'less aligned than geometry-constrained chance'

============================================================
[20200926] Processing...

  [Analysis C] Axis angle + covariance-constrained null...
  [axis-cov] Observed: |cos(θ)|=0.1097, θ=83.7°
  [null] Manifold dim: 61, D_eff=6.5
         Expected |cos(θ)| ≈ 0.393 (angle ≈ 66.9°)
  [null] Running 1000 covariance-constrained null samples...
    [200/1000] null_mean=0.1934
    [400/1000] null_mean=0.1988
    [600/1000] null_mean=0.2055
    [800/1000] null_mean=0.2067
    [1000/1000] null_mean=0.2076
  [result] a_obs=0.1097, null_mean=0.2076±0.1409
           Δ=-0.0980, z=-0.70
           θ_obs=83.7°, θ_null=77.9°
           p(more orthogonal)=0.3087, p(more aligned)=0.6923
  [saved] /project/bdoiron/dracoxu/rct-fsflow/paper_project_final/out/sacc/alignment/case_i_correctonly/axis_cov_20200926.json

======================================================================
[done] Per-session results saved to /project/bdoiron/dracoxu/rct-fsflow/paper_project_final/out/sacc/alignment/case_i_correctonly
======================================================================
[done] Case i → /project/bdoiron/dracoxu/rct-fsflow/paper_project_final/out/sacc/alignment/case_i_correctonly/

------------------------------------------------------------
[Case ii] Sacc-aligned C & S, pooled trials (correct-only)
  Axes: axes_peakbin_saccCS-sacc-pooled-20mssw
  Orientation: pooled
  OUT_ROOT: /project/bdoiron/dracoxu/rct-fsflow/paper_project_final/out
------------------------------------------------------------
======================================================================
CATEGORY-SACCADE SUBSPACE ALIGNMENT ANALYSIS
======================================================================
[info] Processing 1 session(s)
[info] Mode: axis_cov
[info] out_root: /project/bdoiron/dracoxu/rct-fsflow/paper_project_final/out
[info] n_perms: 1000

[Analysis C] Axis Angle + Covariance-Constrained Null (DAVE'S QUESTION)
             Axes tag: axes_peakbin_saccCS-sacc-pooled-20mssw
             Uses trained sC and sS_raw axes
             Tests: 'less aligned than geometry-constrained chance'

============================================================
[20200926] Processing...

  [Analysis C] Axis angle + covariance-constrained null...
  [axis-cov] Observed: |cos(θ)|=0.1546, θ=81.1°
  [null] Manifold dim: 70, D_eff=9.3
         Expected |cos(θ)| ≈ 0.329 (angle ≈ 70.8°)
  [null] Running 1000 covariance-constrained null samples...
    [200/1000] null_mean=0.1706
    [400/1000] null_mean=0.1770
    [600/1000] null_mean=0.1802
    [800/1000] null_mean=0.1764
    [1000/1000] null_mean=0.1740
  [result] a_obs=0.1546, null_mean=0.1740±0.1201
           Δ=-0.0193, z=-0.16
           θ_obs=81.1°, θ_null=79.9°
           p(more orthogonal)=0.5005, p(more aligned)=0.5005
  [saved] /project/bdoiron/dracoxu/rct-fsflow/paper_project_final/out/sacc/alignment/case_ii_correctonly/axis_cov_20200926.json

======================================================================
[done] Per-session results saved to /project/bdoiron/dracoxu/rct-fsflow/paper_project_final/out/sacc/alignment/case_ii_correctonly
======================================================================
[done] Case ii → /project/bdoiron/dracoxu/rct-fsflow/paper_project_final/out/sacc/alignment/case_ii_correctonly/
[WARN] Axes not found for Case iii → skipping
       Missing: /project/bdoiron/dracoxu/rct-fsflow/paper_project_final/out/stim/20200926/axes/axes_peakbin_C-stim-vertical-20mssw
