==============================================================
AXIS ALIGNMENT ANALYSIS (NOFILTER) - Session 20200401 (task 3)
==============================================================

[info] Running alignment analysis for 20200401 (NOFILTER)
       Mode: both (AI + axis_shuffle)
       n_perms: 1000

======================================================================
CATEGORY-SACCADE SUBSPACE ALIGNMENT ANALYSIS
======================================================================
[info] Processing 1 session(s)
[info] Mode: both
[info] out_root: /project/bdoiron/dracoxu/rct-fsflow/paper_project_final/out_nofilter
[info] n_perms: 1000

[Analysis A] Alignment Index + Covariance-Matched Null
             Category window: [-0.3, -0.1]
             Saccade window: [-0.1, -0.03]
             Subspace dim k: 6
             Tests: 'less aligned than chance' (orthogonality)

[Analysis B] Axis Angle + Label-Shuffle Null
             Axes tag: axes_peakbin_saccCS-sacc-horizontal-20mssw_nofilter
             Tests: 'more aligned than chance' (label-specific)

============================================================
[20200401] Processing...

  [Analysis A] Alignment Index...
  [AI] Building condition-averaged matrices...
       Category window: (-0.3, -0.1)
       Saccade window: (-0.1, -0.03)
       D_C shape: (71, 38), D_S shape: (71, 16)
       Category subspace: (71, 6), var_explained=0.715
       Saccade subspace: (71, 6), var_explained=0.921
  [AI] Observed AI = 0.2209
       Principal angles (deg): [43.08457664 63.99325601 68.20749013 73.95338486 77.22987173 85.75737913]
       Mean angle: 68.7°, Overlap: 0.1657
  [null] Manifold dim: 34 (from 54 total)
         Expected random overlap (isotropic): ~0.176
  [null] Running 1000 covariance-matched null samples...
    [200/1000] null_AI_mean=0.4308
    [400/1000] null_AI_mean=0.4317
    [600/1000] null_AI_mean=0.4309
    [800/1000] null_AI_mean=0.4289
    [1000/1000] null_AI_mean=0.4298
  [result] AI_obs=0.2209, null_mean=0.4298±0.0733
           Δ_AI=-0.2089
           p(less aligned)=0.0020, p(more aligned)=0.9990
  [saved] /project/bdoiron/dracoxu/rct-fsflow/paper_project_final/out_nofilter/sacc/alignment/nofilter/AI_20200401.json

  [Analysis B] Axis angle + shuffle...
  [axis] Observed: |cos(θ)|=0.2193, θ=77.3°
  [null] Running 1000 label-shuffle permutations...
    [100/1000] null_mean=0.1012
    [200/1000] null_mean=0.0921
    [300/1000] null_mean=0.0907
    [400/1000] null_mean=0.0910
    [500/1000] null_mean=0.0890
    [600/1000] null_mean=0.0885
    [700/1000] null_mean=0.0882
    [800/1000] null_mean=0.0895
    [900/1000] null_mean=0.0892
    [1000/1000] null_mean=0.0911
  [result] Δ=0.1282, p(more aligned)=0.0609
           Note: shuffle null tests 'more aligned than chance'
  [saved] /project/bdoiron/dracoxu/rct-fsflow/paper_project_final/out_nofilter/sacc/alignment/nofilter/axis_shuffle_20200401.json

======================================================================
[done] Per-session results saved to /project/bdoiron/dracoxu/rct-fsflow/paper_project_final/out_nofilter/sacc/alignment/nofilter
======================================================================

[done] Alignment analysis complete for SID=20200401 (NOFILTER)
       Results: /project/bdoiron/dracoxu/rct-fsflow/paper_project_final/out_nofilter/sacc/alignment/nofilter/
