==============================================================
AXIS ALIGNMENT ANALYSIS (NOFILTER) - Session 20200929 (task 6)
==============================================================

[info] Running alignment analysis for 20200929 (NOFILTER)
       Mode: both (AI + axis_shuffle)
       n_perms: 1000

======================================================================
CATEGORY-SACCADE SUBSPACE ALIGNMENT ANALYSIS
======================================================================
[info] Processing 1 session(s)
[info] Mode: both
[info] out_root: /project/bdoiron/dracoxu/rct-fsflow/paper_project_final/out_nofilter
[info] n_perms: 1000

[Analysis A] Alignment Index + Covariance-Matched Null
             Category window: [-0.3, -0.1]
             Saccade window: [-0.1, -0.03]
             Subspace dim k: 6
             Tests: 'less aligned than chance' (orthogonality)

[Analysis B] Axis Angle + Label-Shuffle Null
             Axes tag: axes_peakbin_saccCS-sacc-horizontal-20mssw_nofilter
             Tests: 'more aligned than chance' (label-specific)

============================================================
[20200929] Processing...

  [Analysis A] Alignment Index...
  [AI] Building condition-averaged matrices...
       Category window: (-0.3, -0.1)
       Saccade window: (-0.1, -0.03)
       D_C shape: (76, 38), D_S shape: (76, 16)
       Category subspace: (76, 6), var_explained=0.770
       Saccade subspace: (76, 6), var_explained=0.982
  [AI] Observed AI = 0.3429
       Principal angles (deg): [38.47371078 56.61989872 74.71923916 80.54019376 85.16736918 88.66201068]
       Mean angle: 70.7°, Overlap: 0.1700
  [null] Manifold dim: 27 (from 54 total)
         Expected random overlap (isotropic): ~0.222
  [null] Running 1000 covariance-matched null samples...
    [200/1000] null_AI_mean=0.5170
    [400/1000] null_AI_mean=0.5159
    [600/1000] null_AI_mean=0.5163
    [800/1000] null_AI_mean=0.5177
    [1000/1000] null_AI_mean=0.5166
  [result] AI_obs=0.3429, null_mean=0.5166±0.0763
           Δ_AI=-0.1737
           p(less aligned)=0.0170, p(more aligned)=0.9840
  [saved] /project/bdoiron/dracoxu/rct-fsflow/paper_project_final/out_nofilter/sacc/alignment/nofilter/AI_20200929.json

  [Analysis B] Axis angle + shuffle...
  [axis] Observed: |cos(θ)|=0.0930, θ=84.7°
  [null] Running 1000 label-shuffle permutations...
    [100/1000] null_mean=0.0894
    [200/1000] null_mean=0.0896
    [300/1000] null_mean=0.0873
    [400/1000] null_mean=0.0878
    [500/1000] null_mean=0.0878
    [600/1000] null_mean=0.0871
    [700/1000] null_mean=0.0866
    [800/1000] null_mean=0.0869
    [900/1000] null_mean=0.0862
    [1000/1000] null_mean=0.0858
  [result] Δ=0.0072, p(more aligned)=0.3786
           Note: shuffle null tests 'more aligned than chance'
  [saved] /project/bdoiron/dracoxu/rct-fsflow/paper_project_final/out_nofilter/sacc/alignment/nofilter/axis_shuffle_20200929.json

======================================================================
[done] Per-session results saved to /project/bdoiron/dracoxu/rct-fsflow/paper_project_final/out_nofilter/sacc/alignment/nofilter
======================================================================

[done] Alignment analysis complete for SID=20200929 (NOFILTER)
       Results: /project/bdoiron/dracoxu/rct-fsflow/paper_project_final/out_nofilter/sacc/alignment/nofilter/
