==============================================================
AXIS ALIGNMENT SUMMARY - ALL FOUR CASES
==============================================================

================================================================================
SUMMARY STATISTICS BY CASE
================================================================================

Case i: Sacc C&S, horizontal (correct-only)
  Sessions: 21
  Significant (p<0.05): 3 (14.3%)
  |cos(θ)| obs: 0.1019 ± 0.0747
  θ obs (deg): 84.1 ± 4.4
  |cos(θ)| null: 0.1885
  D_eff: 12.6
  p_orth median: 0.2887

Case ii: Sacc C&S, pooled (correct-only)
  Sessions: 22
  Significant (p<0.05): 1 (4.5%)
  |cos(θ)| obs: 0.1050 ± 0.0866
  θ obs (deg): 83.9 ± 5.0
  |cos(θ)| null: 0.1660
  D_eff: 13.1
  p_orth median: 0.3307

Case iii: Stim-C (vert) vs Sacc-S (horiz) (correct-only)
  Sessions: 21
  Significant (p<0.05): 0 (0.0%)
  |cos(θ)| obs: 0.3986 ± 0.2166
  θ obs (deg): 65.6 ± 14.5
  |cos(θ)| null: 0.1582
  D_eff: 20.8
  p_orth median: 0.9750

Case iv: Stim-C (pooled) vs Sacc-S (pooled) (correct-only)
  Sessions: 23
  Significant (p<0.05): 1 (4.3%)
  |cos(θ)| obs: 0.2003 ± 0.1299
  θ obs (deg): 78.3 ± 7.7
  |cos(θ)| null: 0.1294
  D_eff: 25.6
  p_orth median: 0.8841

Case i: Sacc C&S, horizontal (all-trials)
  Sessions: 21
  Significant (p<0.05): 2 (9.5%)
  |cos(θ)| obs: 0.0951 ± 0.0797
  θ obs (deg): 84.5 ± 4.6
  |cos(θ)| null: 0.1904
  D_eff: 13.0
  p_orth median: 0.2128

Case ii: Sacc C&S, pooled (all-trials)
  Sessions: 23
  Significant (p<0.05): 2 (8.7%)
  |cos(θ)| obs: 0.1187 ± 0.0877
  θ obs (deg): 83.2 ± 5.1
  |cos(θ)| null: 0.1720
  D_eff: 12.0
  p_orth median: 0.3916

Case iii: Stim-C (vert) vs Sacc-S (horiz) (all-trials)
  Sessions: 21
  Significant (p<0.05): 1 (4.8%)
  |cos(θ)| obs: 0.3340 ± 0.2253
  θ obs (deg): 69.8 ± 14.3
  |cos(θ)| null: 0.1523
  D_eff: 19.2
  p_orth median: 0.9111

Case iv: Stim-C (pooled) vs Sacc-S (pooled) (all-trials)
  Sessions: 23
  Significant (p<0.05): 2 (8.7%)
  |cos(θ)| obs: 0.1874 ± 0.1503
  θ obs (deg): 79.0 ± 8.9
  |cos(θ)| null: 0.1277
  D_eff: 23.6
  p_orth median: 0.6703

[saved] /project/bdoiron/dracoxu/rct-fsflow/paper_project_final/out/axis_alignment_all_cases_summary.csv
[saved] /project/bdoiron/dracoxu/rct-fsflow/paper_project_final/out_nofilter/axis_alignment_all_cases_summary.csv

================================================================================
DONE
================================================================================
[done] Summary complete
