==============================================================
AXIS ALIGNMENT ANALYSIS - ALL FOUR CASES
Session: 20231025 (task 17)
Filter mode: both
==============================================================

==============================================================
CORRECT-ONLY TRIALS (out/)
==============================================================

------------------------------------------------------------
[Case i] Sacc-aligned C & S, horizontal trials (correct-only)
  Axes: axes_peakbin_saccCS-sacc-horizontal-20mssw
  Orientation: horizontal
  OUT_ROOT: /project/bdoiron/dracoxu/rct-fsflow/paper_project_final/out
------------------------------------------------------------
======================================================================
CATEGORY-SACCADE SUBSPACE ALIGNMENT ANALYSIS
======================================================================
[info] Processing 1 session(s)
[info] Mode: axis_cov
[info] out_root: /project/bdoiron/dracoxu/rct-fsflow/paper_project_final/out
[info] n_perms: 1000

[Analysis C] Axis Angle + Covariance-Constrained Null (DAVE'S QUESTION)
             Axes tag: axes_peakbin_saccCS-sacc-horizontal-20mssw
             Uses trained sC and sS_raw axes
             Tests: 'less aligned than geometry-constrained chance'

============================================================
[20231025] Processing...

  [Analysis C] Axis angle + covariance-constrained null...
  [axis-cov] Observed: |cos(θ)|=0.0503, θ=87.1°
  [null] Manifold dim: 33, D_eff=9.2
         Expected |cos(θ)| ≈ 0.331 (angle ≈ 70.7°)
  [null] Running 1000 covariance-constrained null samples...
    [200/1000] null_mean=0.1909
    [400/1000] null_mean=0.1824
    [600/1000] null_mean=0.1784
    [800/1000] null_mean=0.1847
    [1000/1000] null_mean=0.1847
  [result] a_obs=0.0503, null_mean=0.1847±0.1316
           Δ=-0.1344, z=-1.02
           θ_obs=87.1°, θ_null=79.2°
           p(more orthogonal)=0.1668, p(more aligned)=0.8342
  [saved] /project/bdoiron/dracoxu/rct-fsflow/paper_project_final/out/sacc/alignment/case_i_correctonly/axis_cov_20231025.json

======================================================================
[done] Per-session results saved to /project/bdoiron/dracoxu/rct-fsflow/paper_project_final/out/sacc/alignment/case_i_correctonly
======================================================================
[done] Case i → /project/bdoiron/dracoxu/rct-fsflow/paper_project_final/out/sacc/alignment/case_i_correctonly/

------------------------------------------------------------
[Case ii] Sacc-aligned C & S, pooled trials (correct-only)
  Axes: axes_peakbin_saccCS-sacc-pooled-20mssw
  Orientation: pooled
  OUT_ROOT: /project/bdoiron/dracoxu/rct-fsflow/paper_project_final/out
------------------------------------------------------------
======================================================================
CATEGORY-SACCADE SUBSPACE ALIGNMENT ANALYSIS
======================================================================
[info] Processing 1 session(s)
[info] Mode: axis_cov
[info] out_root: /project/bdoiron/dracoxu/rct-fsflow/paper_project_final/out
[info] n_perms: 1000

[Analysis C] Axis Angle + Covariance-Constrained Null (DAVE'S QUESTION)
             Axes tag: axes_peakbin_saccCS-sacc-pooled-20mssw
             Uses trained sC and sS_raw axes
             Tests: 'less aligned than geometry-constrained chance'

============================================================
[20231025] Processing...

  [Analysis C] Axis angle + covariance-constrained null...
  [qc-fail] auc_S max=0.598 < 0.6

======================================================================
[done] Per-session results saved to /project/bdoiron/dracoxu/rct-fsflow/paper_project_final/out/sacc/alignment/case_ii_correctonly
======================================================================
[done] Case ii → /project/bdoiron/dracoxu/rct-fsflow/paper_project_final/out/sacc/alignment/case_ii_correctonly/

------------------------------------------------------------
[Case iii] Stim-C (vertical) vs Sacc-S (horizontal) (correct-only)
  C axes: stim/axes_peakbin_stimC-stim-vertical-20mssw (orientation: vertical)
  S axes: sacc/axes_peakbin_saccCS-sacc-horizontal-20mssw (orientation: horizontal)
  OUT_ROOT: /project/bdoiron/dracoxu/rct-fsflow/paper_project_final/out
------------------------------------------------------------
======================================================================
CROSS-ALIGNMENT AXIS ANALYSIS
======================================================================
[info] Processing 1 session(s)
[info] C: stim/axes_peakbin_stimC-stim-vertical-20mssw (vertical)
[info] S: sacc/axes_peakbin_saccCS-sacc-horizontal-20mssw (horizontal)
[info] win_C: [0.1, 0.3], win_S: [-0.1, -0.03]
[info] Use rich conditions: False

============================================================
[20231025] Processing cross-alignment...
  [cross] Building geometry from both epochs...
          C epoch: stim, window=(0.1, 0.3), trials=365
          S epoch: sacc, window=(-0.1, -0.03), trials=230
          D_C shape: (48, 40), D_S shape: (48, 28)
  [cross] Observed: |cos(θ)|=0.4810, θ=61.3°
  [null] Manifold dim: 38, D_eff=5.0
         Expected |cos(θ)| ≈ 0.358 (angle ≈ 69.0°)
  [null] Running 1000 covariance-constrained null samples...
    [200/1000] null_mean=0.1495
    [400/1000] null_mean=0.1511
    [600/1000] null_mean=0.1551
    [800/1000] null_mean=0.1569
    [1000/1000] null_mean=0.1545
  [result] a_obs=0.4810, null_mean=0.1545±0.1058
           Δ=0.3265, z=3.09
           θ_obs=61.3°, θ_null=81.1°
           p(more orthogonal)=0.9990, p(more aligned)=0.0020
  [saved] /project/bdoiron/dracoxu/rct-fsflow/paper_project_final/out/cross_alignment/case_iii_correctonly/cross_case_iii_correctonly_20231025.json

======================================================================
[done] Results saved to /project/bdoiron/dracoxu/rct-fsflow/paper_project_final/out/cross_alignment/case_iii_correctonly
======================================================================
[done] Case iii → /project/bdoiron/dracoxu/rct-fsflow/paper_project_final/out/cross_alignment/case_iii_correctonly/

------------------------------------------------------------
[Case iv] Stim-C (pooled) vs Sacc-S (pooled) (correct-only)
  C axes: stim/axes_peakbin_stimC-stim-pooled-20mssw (orientation: pooled)
  S axes: sacc/axes_peakbin_saccCS-sacc-pooled-20mssw (orientation: pooled)
  OUT_ROOT: /project/bdoiron/dracoxu/rct-fsflow/paper_project_final/out
------------------------------------------------------------
======================================================================
CROSS-ALIGNMENT AXIS ANALYSIS
======================================================================
[info] Processing 1 session(s)
[info] C: stim/axes_peakbin_stimC-stim-pooled-20mssw (pooled)
[info] S: sacc/axes_peakbin_saccCS-sacc-pooled-20mssw (pooled)
[info] win_C: [0.1, 0.3], win_S: [-0.1, -0.03]
[info] Use rich conditions: False

============================================================
[20231025] Processing cross-alignment...
  [cross] Building geometry from both epochs...
          C epoch: stim, window=(0.1, 0.3), trials=595
          S epoch: sacc, window=(-0.1, -0.03), trials=595
          D_C shape: (48, 40), D_S shape: (48, 28)
  [cross] Observed: |cos(θ)|=0.1481, θ=81.5°
  [null] Manifold dim: 36, D_eff=3.4
         Expected |cos(θ)| ≈ 0.432 (angle ≈ 64.4°)
  [null] Running 1000 covariance-constrained null samples...
    [200/1000] null_mean=0.2085
    [400/1000] null_mean=0.2123
    [600/1000] null_mean=0.2043
    [800/1000] null_mean=0.2061
    [1000/1000] null_mean=0.2080
  [result] a_obs=0.1481, null_mean=0.2080±0.1422
           Δ=-0.0599, z=-0.42
           θ_obs=81.5°, θ_null=77.8°
           p(more orthogonal)=0.4036, p(more aligned)=0.5974
  [saved] /project/bdoiron/dracoxu/rct-fsflow/paper_project_final/out/cross_alignment/case_iv_correctonly/cross_case_iv_correctonly_20231025.json

======================================================================
[done] Results saved to /project/bdoiron/dracoxu/rct-fsflow/paper_project_final/out/cross_alignment/case_iv_correctonly
======================================================================
[done] Case iv → /project/bdoiron/dracoxu/rct-fsflow/paper_project_final/out/cross_alignment/case_iv_correctonly/

==============================================================
ALL TRIALS (out_nofilter/)
==============================================================

------------------------------------------------------------
[Case i] Sacc-aligned C & S, horizontal trials (all-trials)
  Axes: axes_peakbin_saccCS-sacc-horizontal-20mssw_nofilter
  Orientation: horizontal
  OUT_ROOT: /project/bdoiron/dracoxu/rct-fsflow/paper_project_final/out_nofilter
------------------------------------------------------------
======================================================================
CATEGORY-SACCADE SUBSPACE ALIGNMENT ANALYSIS
======================================================================
[info] Processing 1 session(s)
[info] Mode: axis_cov
[info] out_root: /project/bdoiron/dracoxu/rct-fsflow/paper_project_final/out_nofilter
[info] n_perms: 1000

[Analysis C] Axis Angle + Covariance-Constrained Null (DAVE'S QUESTION)
             Axes tag: axes_peakbin_saccCS-sacc-horizontal-20mssw_nofilter
             Uses trained sC and sS_raw axes
             Tests: 'less aligned than geometry-constrained chance'

============================================================
[20231025] Processing...

  [Analysis C] Axis angle + covariance-constrained null...
  [axis-cov] Observed: |cos(θ)|=0.0402, θ=87.7°
  [null] Manifold dim: 33, D_eff=8.2
         Expected |cos(θ)| ≈ 0.350 (angle ≈ 69.5°)
  [null] Running 1000 covariance-constrained null samples...
    [200/1000] null_mean=0.1587
    [400/1000] null_mean=0.1522
    [600/1000] null_mean=0.1492
    [800/1000] null_mean=0.1555
    [1000/1000] null_mean=0.1576
  [result] a_obs=0.0402, null_mean=0.1576±0.1143
           Δ=-0.1174, z=-1.03
           θ_obs=87.7°, θ_null=80.9°
           p(more orthogonal)=0.1518, p(more aligned)=0.8492
  [saved] /project/bdoiron/dracoxu/rct-fsflow/paper_project_final/out_nofilter/sacc/alignment/case_i_alltrials/axis_cov_20231025.json

======================================================================
[done] Per-session results saved to /project/bdoiron/dracoxu/rct-fsflow/paper_project_final/out_nofilter/sacc/alignment/case_i_alltrials
======================================================================
[done] Case i → /project/bdoiron/dracoxu/rct-fsflow/paper_project_final/out_nofilter/sacc/alignment/case_i_alltrials/

------------------------------------------------------------
[Case ii] Sacc-aligned C & S, pooled trials (all-trials)
  Axes: axes_peakbin_saccCS-sacc-pooled-20mssw_nofilter
  Orientation: pooled
  OUT_ROOT: /project/bdoiron/dracoxu/rct-fsflow/paper_project_final/out_nofilter
------------------------------------------------------------
======================================================================
CATEGORY-SACCADE SUBSPACE ALIGNMENT ANALYSIS
======================================================================
[info] Processing 1 session(s)
[info] Mode: axis_cov
[info] out_root: /project/bdoiron/dracoxu/rct-fsflow/paper_project_final/out_nofilter
[info] n_perms: 1000

[Analysis C] Axis Angle + Covariance-Constrained Null (DAVE'S QUESTION)
             Axes tag: axes_peakbin_saccCS-sacc-pooled-20mssw_nofilter
             Uses trained sC and sS_raw axes
             Tests: 'less aligned than geometry-constrained chance'

============================================================
[20231025] Processing...

  [Analysis C] Axis angle + covariance-constrained null...
  [axis-cov] Observed: |cos(θ)|=0.2230, θ=77.1°
  [null] Manifold dim: 32, D_eff=5.6
         Expected |cos(θ)| ≈ 0.422 (angle ≈ 65.0°)
  [null] Running 1000 covariance-constrained null samples...
    [200/1000] null_mean=0.2160
    [400/1000] null_mean=0.2253
    [600/1000] null_mean=0.2253
    [800/1000] null_mean=0.2210
    [1000/1000] null_mean=0.2222
  [result] a_obs=0.2230, null_mean=0.2222±0.1577
           Δ=0.0008, z=0.01
           θ_obs=77.1°, θ_null=76.9°
           p(more orthogonal)=0.5624, p(more aligned)=0.4386
  [saved] /project/bdoiron/dracoxu/rct-fsflow/paper_project_final/out_nofilter/sacc/alignment/case_ii_alltrials/axis_cov_20231025.json

======================================================================
[done] Per-session results saved to /project/bdoiron/dracoxu/rct-fsflow/paper_project_final/out_nofilter/sacc/alignment/case_ii_alltrials
======================================================================
[done] Case ii → /project/bdoiron/dracoxu/rct-fsflow/paper_project_final/out_nofilter/sacc/alignment/case_ii_alltrials/

------------------------------------------------------------
[Case iii] Stim-C (vertical) vs Sacc-S (horizontal) (all-trials)
  C axes: stim/axes_peakbin_stimC-stim-vertical-20mssw_nofilter (orientation: vertical)
  S axes: sacc/axes_peakbin_saccCS-sacc-horizontal-20mssw_nofilter (orientation: horizontal)
  OUT_ROOT: /project/bdoiron/dracoxu/rct-fsflow/paper_project_final/out_nofilter
------------------------------------------------------------
======================================================================
CROSS-ALIGNMENT AXIS ANALYSIS
======================================================================
[info] Processing 1 session(s)
[info] C: stim/axes_peakbin_stimC-stim-vertical-20mssw_nofilter (vertical)
[info] S: sacc/axes_peakbin_saccCS-sacc-horizontal-20mssw_nofilter (horizontal)
[info] win_C: [0.1, 0.3], win_S: [-0.1, -0.03]
[info] Use rich conditions: False

============================================================
[20231025] Processing cross-alignment...
  [cross] Building geometry from both epochs...
          C epoch: stim, window=(0.1, 0.3), trials=416
          S epoch: sacc, window=(-0.1, -0.03), trials=250
          D_C shape: (48, 40), D_S shape: (48, 28)
  [cross] Observed: |cos(θ)|=0.0099, θ=89.4°
  [null] Manifold dim: 38, D_eff=4.7
         Expected |cos(θ)| ≈ 0.368 (angle ≈ 68.4°)
  [null] Running 1000 covariance-constrained null samples...
    [200/1000] null_mean=0.1566
    [400/1000] null_mean=0.1516
    [600/1000] null_mean=0.1536
    [800/1000] null_mean=0.1565
    [1000/1000] null_mean=0.1545
  [result] a_obs=0.0099, null_mean=0.1545±0.1104
           Δ=-0.1446, z=-1.31
           θ_obs=89.4°, θ_null=81.0°
           p(more orthogonal)=0.0340, p(more aligned)=0.9670
  [**] SIGNIFICANT: Cross-alignment C-S is LOWER than geometry-constrained chance!
  [saved] /project/bdoiron/dracoxu/rct-fsflow/paper_project_final/out_nofilter/cross_alignment/case_iii_alltrials/cross_case_iii_alltrials_20231025.json

======================================================================
[done] Results saved to /project/bdoiron/dracoxu/rct-fsflow/paper_project_final/out_nofilter/cross_alignment/case_iii_alltrials
======================================================================
[done] Case iii → /project/bdoiron/dracoxu/rct-fsflow/paper_project_final/out_nofilter/cross_alignment/case_iii_alltrials/

------------------------------------------------------------
[Case iv] Stim-C (pooled) vs Sacc-S (pooled) (all-trials)
  C axes: stim/axes_peakbin_stimC-stim-pooled-20mssw_nofilter (orientation: pooled)
  S axes: sacc/axes_peakbin_saccCS-sacc-pooled-20mssw_nofilter (orientation: pooled)
  OUT_ROOT: /project/bdoiron/dracoxu/rct-fsflow/paper_project_final/out_nofilter
------------------------------------------------------------
======================================================================
CROSS-ALIGNMENT AXIS ANALYSIS
======================================================================
[info] Processing 1 session(s)
[info] C: stim/axes_peakbin_stimC-stim-pooled-20mssw_nofilter (pooled)
[info] S: sacc/axes_peakbin_saccCS-sacc-pooled-20mssw_nofilter (pooled)
[info] win_C: [0.1, 0.3], win_S: [-0.1, -0.03]
[info] Use rich conditions: False

============================================================
[20231025] Processing cross-alignment...
  [cross] Building geometry from both epochs...
          C epoch: stim, window=(0.1, 0.3), trials=666
          S epoch: sacc, window=(-0.1, -0.03), trials=666
          D_C shape: (48, 40), D_S shape: (48, 28)
  [cross] Observed: |cos(θ)|=0.0185, θ=88.9°
  [null] Manifold dim: 36, D_eff=3.2
         Expected |cos(θ)| ≈ 0.446 (angle ≈ 63.5°)
  [null] Running 1000 covariance-constrained null samples...
    [200/1000] null_mean=0.1535
    [400/1000] null_mean=0.1569
    [600/1000] null_mean=0.1494
    [800/1000] null_mean=0.1508
    [1000/1000] null_mean=0.1524
  [result] a_obs=0.0185, null_mean=0.1524±0.1104
           Δ=-0.1339, z=-1.21
           θ_obs=88.9°, θ_null=81.2°
           p(more orthogonal)=0.0839, p(more aligned)=0.9171
  [saved] /project/bdoiron/dracoxu/rct-fsflow/paper_project_final/out_nofilter/cross_alignment/case_iv_alltrials/cross_case_iv_alltrials_20231025.json

======================================================================
[done] Results saved to /project/bdoiron/dracoxu/rct-fsflow/paper_project_final/out_nofilter/cross_alignment/case_iv_alltrials
======================================================================
[done] Case iv → /project/bdoiron/dracoxu/rct-fsflow/paper_project_final/out_nofilter/cross_alignment/case_iv_alltrials/

==============================================================
[done] All cases complete for SID=20231025
==============================================================
