==============================================================
AXIS ALIGNMENT ANALYSIS (NOFILTER) - Session 20201211 (task 10)
==============================================================

[info] Running alignment analysis for 20201211 (NOFILTER)
       Mode: both (AI + axis_shuffle)
       n_perms: 1000

======================================================================
CATEGORY-SACCADE SUBSPACE ALIGNMENT ANALYSIS
======================================================================
[info] Processing 1 session(s)
[info] Mode: both
[info] out_root: /project/bdoiron/dracoxu/rct-fsflow/paper_project_final/out_nofilter
[info] n_perms: 1000

[Analysis A] Alignment Index + Covariance-Matched Null
             Category window: [-0.3, -0.1]
             Saccade window: [-0.1, -0.03]
             Subspace dim k: 6
             Tests: 'less aligned than chance' (orthogonality)

[Analysis B] Axis Angle + Label-Shuffle Null
             Axes tag: axes_peakbin_saccCS-sacc-horizontal-20mssw_nofilter
             Tests: 'more aligned than chance' (label-specific)

============================================================
[20201211] Processing...

  [Analysis A] Alignment Index...
  [AI] Building condition-averaged matrices...
       Category window: (-0.3, -0.1)
       Saccade window: (-0.1, -0.03)
       D_C shape: (60, 38), D_S shape: (60, 16)
       Category subspace: (60, 6), var_explained=0.794
       Saccade subspace: (60, 6), var_explained=0.973
  [AI] Observed AI = 0.4786
       Principal angles (deg): [22.80266002 53.45174377 59.56734535 73.21877697 82.23394399 85.37993572]
       Mean angle: 62.8°, Overlap: 0.2615
  [null] Manifold dim: 27 (from 54 total)
         Expected random overlap (isotropic): ~0.222
  [null] Running 1000 covariance-matched null samples...
    [200/1000] null_AI_mean=0.5327
    [400/1000] null_AI_mean=0.5276
    [600/1000] null_AI_mean=0.5254
    [800/1000] null_AI_mean=0.5270
    [1000/1000] null_AI_mean=0.5251
  [result] AI_obs=0.4786, null_mean=0.5251±0.0885
           Δ_AI=-0.0465
           p(less aligned)=0.2927, p(more aligned)=0.7083
  [saved] /project/bdoiron/dracoxu/rct-fsflow/paper_project_final/out_nofilter/sacc/alignment/nofilter/AI_20201211.json

  [Analysis B] Axis angle + shuffle...
  [axis] Observed: |cos(θ)|=0.1674, θ=80.4°
  [null] Running 1000 label-shuffle permutations...
    [100/1000] null_mean=0.0931
    [200/1000] null_mean=0.0953
    [300/1000] null_mean=0.0961
    [400/1000] null_mean=0.1012
    [500/1000] null_mean=0.1023
    [600/1000] null_mean=0.1025
    [700/1000] null_mean=0.1024
    [800/1000] null_mean=0.1035
    [900/1000] null_mean=0.1014
    [1000/1000] null_mean=0.1014
  [result] Δ=0.0660, p(more aligned)=0.1778
           Note: shuffle null tests 'more aligned than chance'
  [saved] /project/bdoiron/dracoxu/rct-fsflow/paper_project_final/out_nofilter/sacc/alignment/nofilter/axis_shuffle_20201211.json

======================================================================
[done] Per-session results saved to /project/bdoiron/dracoxu/rct-fsflow/paper_project_final/out_nofilter/sacc/alignment/nofilter
======================================================================

[done] Alignment analysis complete for SID=20201211 (NOFILTER)
       Results: /project/bdoiron/dracoxu/rct-fsflow/paper_project_final/out_nofilter/sacc/alignment/nofilter/
