==============================================================
AXIS ALIGNMENT ANALYSIS - ALL FOUR CASES
Session: 20230705 (task 14)
Filter mode: both
==============================================================

==============================================================
CORRECT-ONLY TRIALS (out/)
==============================================================

------------------------------------------------------------
[Case i] Sacc-aligned C & S, horizontal trials (correct-only)
  Axes: axes_peakbin_saccCS-sacc-horizontal-20mssw
  Orientation: horizontal
  OUT_ROOT: /project/bdoiron/dracoxu/rct-fsflow/paper_project_final/out
------------------------------------------------------------
======================================================================
CATEGORY-SACCADE SUBSPACE ALIGNMENT ANALYSIS
======================================================================
[info] Processing 1 session(s)
[info] Mode: axis_cov
[info] out_root: /project/bdoiron/dracoxu/rct-fsflow/paper_project_final/out
[info] n_perms: 1000

[Analysis C] Axis Angle + Covariance-Constrained Null (DAVE'S QUESTION)
             Axes tag: axes_peakbin_saccCS-sacc-horizontal-20mssw
             Uses trained sC and sS_raw axes
             Tests: 'less aligned than geometry-constrained chance'

============================================================
[20230705] Processing...

  [Analysis C] Axis angle + covariance-constrained null...
  [axis-cov] Observed: |cos(θ)|=0.1486, θ=81.5°
  [null] Manifold dim: 63, D_eff=7.7
         Expected |cos(θ)| ≈ 0.361 (angle ≈ 68.8°)
  [null] Running 1000 covariance-constrained null samples...
    [200/1000] null_mean=0.1770
    [400/1000] null_mean=0.1787
    [600/1000] null_mean=0.1755
    [800/1000] null_mean=0.1729
    [1000/1000] null_mean=0.1716
  [result] a_obs=0.1486, null_mean=0.1716±0.1230
           Δ=-0.0230, z=-0.19
           θ_obs=81.5°, θ_null=80.0°
           p(more orthogonal)=0.4935, p(more aligned)=0.5075
  [saved] /project/bdoiron/dracoxu/rct-fsflow/paper_project_final/out/sacc/alignment/case_i_correctonly/axis_cov_20230705.json

======================================================================
[done] Per-session results saved to /project/bdoiron/dracoxu/rct-fsflow/paper_project_final/out/sacc/alignment/case_i_correctonly
======================================================================
[done] Case i → /project/bdoiron/dracoxu/rct-fsflow/paper_project_final/out/sacc/alignment/case_i_correctonly/

------------------------------------------------------------
[Case ii] Sacc-aligned C & S, pooled trials (correct-only)
  Axes: axes_peakbin_saccCS-sacc-pooled-20mssw
  Orientation: pooled
  OUT_ROOT: /project/bdoiron/dracoxu/rct-fsflow/paper_project_final/out
------------------------------------------------------------
======================================================================
CATEGORY-SACCADE SUBSPACE ALIGNMENT ANALYSIS
======================================================================
[info] Processing 1 session(s)
[info] Mode: axis_cov
[info] out_root: /project/bdoiron/dracoxu/rct-fsflow/paper_project_final/out
[info] n_perms: 1000

[Analysis C] Axis Angle + Covariance-Constrained Null (DAVE'S QUESTION)
             Axes tag: axes_peakbin_saccCS-sacc-pooled-20mssw
             Uses trained sC and sS_raw axes
             Tests: 'less aligned than geometry-constrained chance'

============================================================
[20230705] Processing...

  [Analysis C] Axis angle + covariance-constrained null...
  [axis-cov] Observed: |cos(θ)|=0.0377, θ=87.8°
  [null] Manifold dim: 76, D_eff=10.4
         Expected |cos(θ)| ≈ 0.310 (angle ≈ 71.9°)
  [null] Running 1000 covariance-constrained null samples...
    [200/1000] null_mean=0.1399
    [400/1000] null_mean=0.1414
    [600/1000] null_mean=0.1381
    [800/1000] null_mean=0.1379
    [1000/1000] null_mean=0.1368
  [result] a_obs=0.0377, null_mean=0.1368±0.0974
           Δ=-0.0991, z=-1.02
           θ_obs=87.8°, θ_null=82.1°
           p(more orthogonal)=0.1708, p(more aligned)=0.8302
  [saved] /project/bdoiron/dracoxu/rct-fsflow/paper_project_final/out/sacc/alignment/case_ii_correctonly/axis_cov_20230705.json

======================================================================
[done] Per-session results saved to /project/bdoiron/dracoxu/rct-fsflow/paper_project_final/out/sacc/alignment/case_ii_correctonly
======================================================================
[done] Case ii → /project/bdoiron/dracoxu/rct-fsflow/paper_project_final/out/sacc/alignment/case_ii_correctonly/
[WARN] Axes not found for Case iii → skipping
       Missing: /project/bdoiron/dracoxu/rct-fsflow/paper_project_final/out/stim/20230705/axes/axes_peakbin_C-stim-vertical-20mssw
