==============================================================
AXIS ALIGNMENT ANALYSIS - Session 20200926 (task 5)
==============================================================

[info] Running alignment analysis for 20200926
       Mode: both (AI + axis_shuffle)
       n_perms: 1000

======================================================================
CATEGORY-SACCADE SUBSPACE ALIGNMENT ANALYSIS
======================================================================
[info] Processing 1 session(s)
[info] Mode: both
[info] out_root: /project/bdoiron/dracoxu/rct-fsflow/paper_project_final/out
[info] n_perms: 1000

[Analysis A] Alignment Index + Covariance-Matched Null
             Category window: [-0.3, -0.1]
             Saccade window: [-0.1, -0.03]
             Subspace dim k: 6
             Tests: 'less aligned than chance' (orthogonality)

[Analysis B] Axis Angle + Label-Shuffle Null
             Axes tag: axes_peakbin_saccCS-sacc-horizontal-20mssw
             Tests: 'more aligned than chance' (label-specific)

============================================================
[20200926] Processing...

  [Analysis A] Alignment Index...
  [AI] Building condition-averaged matrices...
       Category window: (-0.3, -0.1)
       Saccade window: (-0.1, -0.03)
       D_C shape: (82, 38), D_S shape: (82, 16)
       Category subspace: (82, 6), var_explained=0.670
       Saccade subspace: (82, 6), var_explained=0.939
  [AI] Observed AI = 0.3122
       Principal angles (deg): [41.57458328 60.74070135 64.15889245 70.01776122 78.49206482 89.48747775]
       Mean angle: 67.4°, Overlap: 0.1909
  [null] Manifold dim: 34 (from 54 total)
         Expected random overlap (isotropic): ~0.176
  [null] Running 1000 covariance-matched null samples...
    [200/1000] null_AI_mean=0.4427
    [400/1000] null_AI_mean=0.4391
    [600/1000] null_AI_mean=0.4394
    [800/1000] null_AI_mean=0.4389
    [1000/1000] null_AI_mean=0.4384
  [result] AI_obs=0.3122, null_mean=0.4384±0.0722
           Δ_AI=-0.1262
           p(less aligned)=0.0529, p(more aligned)=0.9481
  [saved] /project/bdoiron/dracoxu/rct-fsflow/paper_project_final/out/sacc/alignment/correctonly/AI_20200926.json

  [Analysis B] Axis angle + shuffle...
  [axis] Observed: |cos(θ)|=0.1097, θ=83.7°
  [null] Running 1000 label-shuffle permutations...
    [100/1000] null_mean=0.0730
    [200/1000] null_mean=0.0710
    [300/1000] null_mean=0.0717
    [400/1000] null_mean=0.0723
    [500/1000] null_mean=0.0725
    [600/1000] null_mean=0.0747
    [700/1000] null_mean=0.0745
    [800/1000] null_mean=0.0759
    [900/1000] null_mean=0.0756
    [1000/1000] null_mean=0.0753
  [result] Δ=0.0344, p(more aligned)=0.2527
           Note: shuffle null tests 'more aligned than chance'
  [saved] /project/bdoiron/dracoxu/rct-fsflow/paper_project_final/out/sacc/alignment/correctonly/axis_shuffle_20200926.json

======================================================================
[done] Per-session results saved to /project/bdoiron/dracoxu/rct-fsflow/paper_project_final/out/sacc/alignment/correctonly
======================================================================

[done] Alignment analysis complete for SID=20200926
       Results: /project/bdoiron/dracoxu/rct-fsflow/paper_project_final/out/sacc/alignment/correctonly/
