==============================================================
AXIS ALIGNMENT ANALYSIS - ALL FOUR CASES
Session: 20230627 (task 13)
Filter mode: both
==============================================================

==============================================================
CORRECT-ONLY TRIALS (out/)
==============================================================

------------------------------------------------------------
[Case i] Sacc-aligned C & S, horizontal trials (correct-only)
  Axes: axes_peakbin_saccCS-sacc-horizontal-20mssw
  Orientation: horizontal
  OUT_ROOT: /project/bdoiron/dracoxu/rct-fsflow/paper_project_final/out
------------------------------------------------------------
======================================================================
CATEGORY-SACCADE SUBSPACE ALIGNMENT ANALYSIS
======================================================================
[info] Processing 1 session(s)
[info] Mode: axis_cov
[info] out_root: /project/bdoiron/dracoxu/rct-fsflow/paper_project_final/out
[info] n_perms: 1000

[Analysis C] Axis Angle + Covariance-Constrained Null (DAVE'S QUESTION)
             Axes tag: axes_peakbin_saccCS-sacc-horizontal-20mssw
             Uses trained sC and sS_raw axes
             Tests: 'less aligned than geometry-constrained chance'

============================================================
[20230627] Processing...

  [Analysis C] Axis angle + covariance-constrained null...
  [axis-cov] Observed: |cos(θ)|=0.0110, θ=89.4°
  [null] Manifold dim: 51, D_eff=4.4
         Expected |cos(θ)| ≈ 0.476 (angle ≈ 61.5°)
  [null] Running 1000 covariance-constrained null samples...
    [200/1000] null_mean=0.2265
    [400/1000] null_mean=0.2257
    [600/1000] null_mean=0.2252
    [800/1000] null_mean=0.2282
    [1000/1000] null_mean=0.2297
  [result] a_obs=0.0110, null_mean=0.2297±0.1571
           Δ=-0.2187, z=-1.39
           θ_obs=89.4°, θ_null=76.5°
           p(more orthogonal)=0.0260, p(more aligned)=0.9750
  [**] SIGNIFICANT: C-S alignment is LOWER than geometry-constrained chance!
  [saved] /project/bdoiron/dracoxu/rct-fsflow/paper_project_final/out/sacc/alignment/case_i_correctonly/axis_cov_20230627.json

======================================================================
[done] Per-session results saved to /project/bdoiron/dracoxu/rct-fsflow/paper_project_final/out/sacc/alignment/case_i_correctonly
======================================================================
[done] Case i → /project/bdoiron/dracoxu/rct-fsflow/paper_project_final/out/sacc/alignment/case_i_correctonly/

------------------------------------------------------------
[Case ii] Sacc-aligned C & S, pooled trials (correct-only)
  Axes: axes_peakbin_saccCS-sacc-pooled-20mssw
  Orientation: pooled
  OUT_ROOT: /project/bdoiron/dracoxu/rct-fsflow/paper_project_final/out
------------------------------------------------------------
======================================================================
CATEGORY-SACCADE SUBSPACE ALIGNMENT ANALYSIS
======================================================================
[info] Processing 1 session(s)
[info] Mode: axis_cov
[info] out_root: /project/bdoiron/dracoxu/rct-fsflow/paper_project_final/out
[info] n_perms: 1000

[Analysis C] Axis Angle + Covariance-Constrained Null (DAVE'S QUESTION)
             Axes tag: axes_peakbin_saccCS-sacc-pooled-20mssw
             Uses trained sC and sS_raw axes
             Tests: 'less aligned than geometry-constrained chance'

============================================================
[20230627] Processing...

  [Analysis C] Axis angle + covariance-constrained null...
  [axis-cov] Observed: |cos(θ)|=0.0167, θ=89.0°
  [null] Manifold dim: 58, D_eff=5.0
         Expected |cos(θ)| ≈ 0.449 (angle ≈ 63.3°)
  [null] Running 1000 covariance-constrained null samples...
    [200/1000] null_mean=0.2966
    [400/1000] null_mean=0.2852
    [600/1000] null_mean=0.2839
    [800/1000] null_mean=0.2829
    [1000/1000] null_mean=0.2847
  [result] a_obs=0.0167, null_mean=0.2847±0.1740
           Δ=-0.2680, z=-1.54
           θ_obs=89.0°, θ_null=73.1°
           p(more orthogonal)=0.0340, p(more aligned)=0.9670
  [**] SIGNIFICANT: C-S alignment is LOWER than geometry-constrained chance!
  [saved] /project/bdoiron/dracoxu/rct-fsflow/paper_project_final/out/sacc/alignment/case_ii_correctonly/axis_cov_20230627.json

======================================================================
[done] Per-session results saved to /project/bdoiron/dracoxu/rct-fsflow/paper_project_final/out/sacc/alignment/case_ii_correctonly
======================================================================
[done] Case ii → /project/bdoiron/dracoxu/rct-fsflow/paper_project_final/out/sacc/alignment/case_ii_correctonly/
[WARN] Axes not found for Case iii → skipping
       Missing: /project/bdoiron/dracoxu/rct-fsflow/paper_project_final/out/stim/20230627/axes/axes_peakbin_C-stim-vertical-20mssw
