==============================================================
AXIS ALIGNMENT ANALYSIS - Session 20200929 (task 6)
Filter mode: both
==============================================================

------------------------------------------------------------
[info] Running alignment analysis for 20200929 (CORRECT-ONLY trials)
       Mode: all (AI + axis_shuffle + axis_cov)
       OUT_ROOT: /project/bdoiron/dracoxu/rct-fsflow/paper_project_final/out
       AXES_TAG: axes_peakbin_saccCS-sacc-horizontal-20mssw
       n_perms: 1000
------------------------------------------------------------
======================================================================
CATEGORY-SACCADE SUBSPACE ALIGNMENT ANALYSIS
======================================================================
[info] Processing 1 session(s)
[info] Mode: all
[info] out_root: /project/bdoiron/dracoxu/rct-fsflow/paper_project_final/out
[info] n_perms: 1000

[Analysis A] Alignment Index + Covariance-Matched Null (PCA subspaces)
             Category window: [-0.3, -0.1]
             Saccade window: [-0.1, -0.03]
             Subspace dim k: 6
             Tests: 'less aligned than chance' (orthogonality)

[Analysis B] Axis Angle + Label-Shuffle Null
             Axes tag: axes_peakbin_saccCS-sacc-horizontal-20mssw
             Tests: 'more aligned than shuffle chance' (label-specific)

[Analysis C] Axis Angle + Covariance-Constrained Null (DAVE'S QUESTION)
             Axes tag: axes_peakbin_saccCS-sacc-horizontal-20mssw
             Uses trained sC and sS_raw axes
             Tests: 'less aligned than geometry-constrained chance'

============================================================
[20200929] Processing...

  [Analysis A] Alignment Index (PCA subspaces)...
  [AI] Building condition-averaged matrices...
       Category window: (-0.3, -0.1)
       Saccade window: (-0.1, -0.03)
       D_C shape: (76, 38), D_S shape: (76, 16)
       Category subspace: (76, 6), var_explained=0.770
       Saccade subspace: (76, 6), var_explained=0.981
  [AI] Observed AI = 0.3324
       Principal angles (deg): [39.59118343 58.76335591 75.10014945 81.22764007 84.76304246 89.62917301]
       Mean angle: 71.5°, Overlap: 0.1601
  [null] Manifold dim: 26 (from 54 total)
         Expected random overlap (isotropic): ~0.231
  [null] Running 1000 covariance-matched null samples...
    [200/1000] null_AI_mean=0.6735
    [400/1000] null_AI_mean=0.6736
    [600/1000] null_AI_mean=0.6716
    [800/1000] null_AI_mean=0.6721
    [1000/1000] null_AI_mean=0.6719
  [result] AI_obs=0.3324, null_mean=0.6719±0.0543
           Δ_AI=-0.3395
           p(less aligned)=0.0010, p(more aligned)=1.0000
  [saved] /project/bdoiron/dracoxu/rct-fsflow/paper_project_final/out/sacc/alignment/correctonly/AI_20200929.json

  [Analysis B] Axis angle + shuffle...
  [axis] Observed: |cos(θ)|=0.0846, θ=85.1°
  [null] Running 1000 label-shuffle permutations...
    [100/1000] null_mean=0.0782
    [200/1000] null_mean=0.0774
    [300/1000] null_mean=0.0779
    [400/1000] null_mean=0.0773
    [500/1000] null_mean=0.0795
    [600/1000] null_mean=0.0799
    [700/1000] null_mean=0.0796
    [800/1000] null_mean=0.0800
    [900/1000] null_mean=0.0801
    [1000/1000] null_mean=0.0802
  [result] Δ=0.0045, p(more aligned)=0.3886
           Note: shuffle null tests 'more aligned than chance'
  [saved] /project/bdoiron/dracoxu/rct-fsflow/paper_project_final/out/sacc/alignment/correctonly/axis_shuffle_20200929.json

  [Analysis C] Axis angle + covariance-constrained null...
  [axis-cov] Observed: |cos(θ)|=0.0846, θ=85.1°
  [null] Manifold dim: 26, D_eff=2.3
         Expected |cos(θ)| ≈ 0.652 (angle ≈ 49.3°)
  [null] Running 1000 covariance-constrained null samples...
    [200/1000] null_mean=0.1702
    [400/1000] null_mean=0.1619
    [600/1000] null_mean=0.1595
    [800/1000] null_mean=0.1665
    [1000/1000] null_mean=0.1645
  [result] a_obs=0.0846, null_mean=0.1645±0.1137
           Δ=-0.0798, z=-0.70
           θ_obs=85.1°, θ_null=80.5°
           p(more orthogonal)=0.2937, p(more aligned)=0.7073
  [saved] /project/bdoiron/dracoxu/rct-fsflow/paper_project_final/out/sacc/alignment/correctonly/axis_cov_20200929.json

======================================================================
[done] Per-session results saved to /project/bdoiron/dracoxu/rct-fsflow/paper_project_final/out/sacc/alignment/correctonly
======================================================================
[done] CORRECT-ONLY trials complete → /project/bdoiron/dracoxu/rct-fsflow/paper_project_final/out/sacc/alignment/correctonly/

------------------------------------------------------------
[info] Running alignment analysis for 20200929 (ALL trials (nofilter))
       Mode: all (AI + axis_shuffle + axis_cov)
       OUT_ROOT: /project/bdoiron/dracoxu/rct-fsflow/paper_project_final/out_nofilter
       AXES_TAG: axes_peakbin_saccCS-sacc-horizontal-20mssw_nofilter
       n_perms: 1000
------------------------------------------------------------
======================================================================
CATEGORY-SACCADE SUBSPACE ALIGNMENT ANALYSIS
======================================================================
[info] Processing 1 session(s)
[info] Mode: all
[info] out_root: /project/bdoiron/dracoxu/rct-fsflow/paper_project_final/out_nofilter
[info] n_perms: 1000

[Analysis A] Alignment Index + Covariance-Matched Null (PCA subspaces)
             Category window: [-0.3, -0.1]
             Saccade window: [-0.1, -0.03]
             Subspace dim k: 6
             Tests: 'less aligned than chance' (orthogonality)

[Analysis B] Axis Angle + Label-Shuffle Null
             Axes tag: axes_peakbin_saccCS-sacc-horizontal-20mssw_nofilter
             Tests: 'more aligned than shuffle chance' (label-specific)

[Analysis C] Axis Angle + Covariance-Constrained Null (DAVE'S QUESTION)
             Axes tag: axes_peakbin_saccCS-sacc-horizontal-20mssw_nofilter
             Uses trained sC and sS_raw axes
             Tests: 'less aligned than geometry-constrained chance'

============================================================
[20200929] Processing...

  [Analysis A] Alignment Index (PCA subspaces)...
  [AI] Building condition-averaged matrices...
       Category window: (-0.3, -0.1)
       Saccade window: (-0.1, -0.03)
       D_C shape: (76, 38), D_S shape: (76, 16)
       Category subspace: (76, 6), var_explained=0.770
       Saccade subspace: (76, 6), var_explained=0.982
  [AI] Observed AI = 0.3429
       Principal angles (deg): [38.47371078 56.61989872 74.71923916 80.54019376 85.16736918 88.66201068]
       Mean angle: 70.7°, Overlap: 0.1700
  [null] Manifold dim: 27 (from 54 total)
         Expected random overlap (isotropic): ~0.222
  [null] Running 1000 covariance-matched null samples...
    [200/1000] null_AI_mean=0.6771
    [400/1000] null_AI_mean=0.6741
    [600/1000] null_AI_mean=0.6722
    [800/1000] null_AI_mean=0.6732
    [1000/1000] null_AI_mean=0.6733
  [result] AI_obs=0.3429, null_mean=0.6733±0.0524
           Δ_AI=-0.3304
           p(less aligned)=0.0010, p(more aligned)=1.0000
  [saved] /project/bdoiron/dracoxu/rct-fsflow/paper_project_final/out_nofilter/sacc/alignment/nofilter/AI_20200929.json

  [Analysis B] Axis angle + shuffle...
  [axis] Observed: |cos(θ)|=0.0930, θ=84.7°
  [null] Running 1000 label-shuffle permutations...
    [100/1000] null_mean=0.0894
    [200/1000] null_mean=0.0896
    [300/1000] null_mean=0.0873
    [400/1000] null_mean=0.0878
    [500/1000] null_mean=0.0878
    [600/1000] null_mean=0.0871
    [700/1000] null_mean=0.0866
    [800/1000] null_mean=0.0869
    [900/1000] null_mean=0.0862
    [1000/1000] null_mean=0.0858
  [result] Δ=0.0072, p(more aligned)=0.3786
           Note: shuffle null tests 'more aligned than chance'
  [saved] /project/bdoiron/dracoxu/rct-fsflow/paper_project_final/out_nofilter/sacc/alignment/nofilter/axis_shuffle_20200929.json

  [Analysis C] Axis angle + covariance-constrained null...
  [axis-cov] Observed: |cos(θ)|=0.0930, θ=84.7°
  [null] Manifold dim: 27, D_eff=2.3
         Expected |cos(θ)| ≈ 0.656 (angle ≈ 49.0°)
  [null] Running 1000 covariance-constrained null samples...
    [200/1000] null_mean=0.1640
    [400/1000] null_mean=0.1622
    [600/1000] null_mean=0.1609
    [800/1000] null_mean=0.1601
    [1000/1000] null_mean=0.1600
  [result] a_obs=0.0930, null_mean=0.1600±0.1164
           Δ=-0.0670, z=-0.58
           θ_obs=84.7°, θ_null=80.7°
           p(more orthogonal)=0.3656, p(more aligned)=0.6354
  [saved] /project/bdoiron/dracoxu/rct-fsflow/paper_project_final/out_nofilter/sacc/alignment/nofilter/axis_cov_20200929.json

======================================================================
[done] Per-session results saved to /project/bdoiron/dracoxu/rct-fsflow/paper_project_final/out_nofilter/sacc/alignment/nofilter
======================================================================
[done] ALL trials (nofilter) complete → /project/bdoiron/dracoxu/rct-fsflow/paper_project_final/out_nofilter/sacc/alignment/nofilter/

==============================================================
[done] Alignment analysis complete for SID=20200929
==============================================================
