==============================================================
AXIS ALIGNMENT ANALYSIS - ALL FOUR CASES
Session: 20231121 (task 20)
Filter mode: both
==============================================================

==============================================================
CORRECT-ONLY TRIALS (out/)
==============================================================

------------------------------------------------------------
[Case i] Sacc-aligned C & S, horizontal trials (correct-only)
  Axes: axes_peakbin_saccCS-sacc-horizontal-20mssw
  Orientation: horizontal
  OUT_ROOT: /project/bdoiron/dracoxu/rct-fsflow/paper_project_final/out
------------------------------------------------------------
======================================================================
CATEGORY-SACCADE SUBSPACE ALIGNMENT ANALYSIS
======================================================================
[info] Processing 1 session(s)
[info] Mode: axis_cov
[info] out_root: /project/bdoiron/dracoxu/rct-fsflow/paper_project_final/out
[info] n_perms: 1000

[Analysis C] Axis Angle + Covariance-Constrained Null (DAVE'S QUESTION)
             Axes tag: axes_peakbin_saccCS-sacc-horizontal-20mssw
             Uses trained sC and sS_raw axes
             Tests: 'less aligned than geometry-constrained chance'

============================================================
[20231121] Processing...

  [Analysis C] Axis angle + covariance-constrained null...
  [axis-cov] Observed: |cos(θ)|=0.1183, θ=83.2°
  [null] Manifold dim: 50, D_eff=12.4
         Expected |cos(θ)| ≈ 0.285 (angle ≈ 73.5°)
  [null] Running 1000 covariance-constrained null samples...
    [200/1000] null_mean=0.2061
    [400/1000] null_mean=0.2107
    [600/1000] null_mean=0.2161
    [800/1000] null_mean=0.2147
    [1000/1000] null_mean=0.2140
  [result] a_obs=0.1183, null_mean=0.2140±0.1373
           Δ=-0.0958, z=-0.70
           θ_obs=83.2°, θ_null=77.5°
           p(more orthogonal)=0.2887, p(more aligned)=0.7123
  [saved] /project/bdoiron/dracoxu/rct-fsflow/paper_project_final/out/sacc/alignment/case_i_correctonly/axis_cov_20231121.json

======================================================================
[done] Per-session results saved to /project/bdoiron/dracoxu/rct-fsflow/paper_project_final/out/sacc/alignment/case_i_correctonly
======================================================================
[done] Case i → /project/bdoiron/dracoxu/rct-fsflow/paper_project_final/out/sacc/alignment/case_i_correctonly/

------------------------------------------------------------
[Case ii] Sacc-aligned C & S, pooled trials (correct-only)
  Axes: axes_peakbin_saccCS-sacc-pooled-20mssw
  Orientation: pooled
  OUT_ROOT: /project/bdoiron/dracoxu/rct-fsflow/paper_project_final/out
------------------------------------------------------------
======================================================================
CATEGORY-SACCADE SUBSPACE ALIGNMENT ANALYSIS
======================================================================
[info] Processing 1 session(s)
[info] Mode: axis_cov
[info] out_root: /project/bdoiron/dracoxu/rct-fsflow/paper_project_final/out
[info] n_perms: 1000

[Analysis C] Axis Angle + Covariance-Constrained Null (DAVE'S QUESTION)
             Axes tag: axes_peakbin_saccCS-sacc-pooled-20mssw
             Uses trained sC and sS_raw axes
             Tests: 'less aligned than geometry-constrained chance'

============================================================
[20231121] Processing...

  [Analysis C] Axis angle + covariance-constrained null...
  [axis-cov] Observed: |cos(θ)|=0.0692, θ=86.0°
  [null] Manifold dim: 56, D_eff=6.4
         Expected |cos(θ)| ≈ 0.397 (angle ≈ 66.6°)
  [null] Running 1000 covariance-constrained null samples...
    [200/1000] null_mean=0.1816
    [400/1000] null_mean=0.1810
    [600/1000] null_mean=0.1877
    [800/1000] null_mean=0.1860
    [1000/1000] null_mean=0.1865
  [result] a_obs=0.0692, null_mean=0.1865±0.1310
           Δ=-0.1172, z=-0.89
           θ_obs=86.0°, θ_null=79.1°
           p(more orthogonal)=0.2028, p(more aligned)=0.7982
  [saved] /project/bdoiron/dracoxu/rct-fsflow/paper_project_final/out/sacc/alignment/case_ii_correctonly/axis_cov_20231121.json

======================================================================
[done] Per-session results saved to /project/bdoiron/dracoxu/rct-fsflow/paper_project_final/out/sacc/alignment/case_ii_correctonly
======================================================================
[done] Case ii → /project/bdoiron/dracoxu/rct-fsflow/paper_project_final/out/sacc/alignment/case_ii_correctonly/

------------------------------------------------------------
[Case iii] Stim-C (vertical) vs Sacc-S (horizontal) (correct-only)
  C axes: stim/axes_peakbin_stimC-stim-vertical-20mssw (orientation: vertical)
  S axes: sacc/axes_peakbin_saccCS-sacc-horizontal-20mssw (orientation: horizontal)
  OUT_ROOT: /project/bdoiron/dracoxu/rct-fsflow/paper_project_final/out
------------------------------------------------------------
======================================================================
CROSS-ALIGNMENT AXIS ANALYSIS
======================================================================
[info] Processing 1 session(s)
[info] C: stim/axes_peakbin_stimC-stim-vertical-20mssw (vertical)
[info] S: sacc/axes_peakbin_saccCS-sacc-horizontal-20mssw (horizontal)
[info] win_C: [0.1, 0.3], win_S: [-0.1, -0.03]
[info] Use rich conditions: True

============================================================
[20231121] Processing cross-alignment...
  [cross] Building geometry from both epochs...
          C epoch: stim, window=(0.1, 0.3), trials=441
          S epoch: sacc, window=(-0.1, -0.03), trials=308
          D_C shape: (61, 160), D_S shape: (61, 84)
  [cross] Observed: |cos(θ)|=0.1817, θ=79.5°
  [null] Manifold dim: 57, D_eff=11.9
         Expected |cos(θ)| ≈ 0.232 (angle ≈ 76.6°)
  [null] Running 1000 covariance-constrained null samples...
    [200/1000] null_mean=0.1489
    [400/1000] null_mean=0.1530
    [600/1000] null_mean=0.1549
    [800/1000] null_mean=0.1543
    [1000/1000] null_mean=0.1573
  [result] a_obs=0.1817, null_mean=0.1573±0.1062
           Δ=0.0244, z=0.23
           θ_obs=79.5°, θ_null=80.9°
           p(more orthogonal)=0.6354, p(more aligned)=0.3656
  [saved] /project/bdoiron/dracoxu/rct-fsflow/paper_project_final/out/cross_alignment/case_iii_correctonly/cross_case_iii_correctonly_20231121.json

======================================================================
[done] Results saved to /project/bdoiron/dracoxu/rct-fsflow/paper_project_final/out/cross_alignment/case_iii_correctonly
======================================================================
[done] Case iii → /project/bdoiron/dracoxu/rct-fsflow/paper_project_final/out/cross_alignment/case_iii_correctonly/

------------------------------------------------------------
[Case iv] Stim-C (pooled) vs Sacc-S (pooled) (correct-only)
  C axes: stim/axes_peakbin_stimC-stim-pooled-20mssw (orientation: pooled)
  S axes: sacc/axes_peakbin_saccCS-sacc-pooled-20mssw (orientation: pooled)
  OUT_ROOT: /project/bdoiron/dracoxu/rct-fsflow/paper_project_final/out
------------------------------------------------------------
======================================================================
CROSS-ALIGNMENT AXIS ANALYSIS
======================================================================
[info] Processing 1 session(s)
[info] C: stim/axes_peakbin_stimC-stim-pooled-20mssw (pooled)
[info] S: sacc/axes_peakbin_saccCS-sacc-pooled-20mssw (pooled)
[info] win_C: [0.1, 0.3], win_S: [-0.1, -0.03]
[info] Use rich conditions: True

============================================================
[20231121] Processing cross-alignment...
  [cross] Building geometry from both epochs...
          C epoch: stim, window=(0.1, 0.3), trials=749
          S epoch: sacc, window=(-0.1, -0.03), trials=749
          D_C shape: (61, 320), D_S shape: (61, 224)
  [cross] Observed: |cos(θ)|=0.3138, θ=71.7°
  [null] Manifold dim: 58, D_eff=17.8
         Expected |cos(θ)| ≈ 0.189 (angle ≈ 79.1°)
  [null] Running 1000 covariance-constrained null samples...
    [200/1000] null_mean=0.1562
    [400/1000] null_mean=0.1587
    [600/1000] null_mean=0.1591
    [800/1000] null_mean=0.1600
    [1000/1000] null_mean=0.1612
  [result] a_obs=0.3138, null_mean=0.1612±0.1154
           Δ=0.1526, z=1.32
           θ_obs=71.7°, θ_null=80.6°
           p(more orthogonal)=0.8841, p(more aligned)=0.1169
  [saved] /project/bdoiron/dracoxu/rct-fsflow/paper_project_final/out/cross_alignment/case_iv_correctonly/cross_case_iv_correctonly_20231121.json

======================================================================
[done] Results saved to /project/bdoiron/dracoxu/rct-fsflow/paper_project_final/out/cross_alignment/case_iv_correctonly
======================================================================
[done] Case iv → /project/bdoiron/dracoxu/rct-fsflow/paper_project_final/out/cross_alignment/case_iv_correctonly/

==============================================================
ALL TRIALS (out_nofilter/)
==============================================================

------------------------------------------------------------
[Case i] Sacc-aligned C & S, horizontal trials (all-trials)
  Axes: axes_peakbin_saccCS-sacc-horizontal-20mssw_nofilter
  Orientation: horizontal
  OUT_ROOT: /project/bdoiron/dracoxu/rct-fsflow/paper_project_final/out_nofilter
------------------------------------------------------------
======================================================================
CATEGORY-SACCADE SUBSPACE ALIGNMENT ANALYSIS
======================================================================
[info] Processing 1 session(s)
[info] Mode: axis_cov
[info] out_root: /project/bdoiron/dracoxu/rct-fsflow/paper_project_final/out_nofilter
[info] n_perms: 1000

[Analysis C] Axis Angle + Covariance-Constrained Null (DAVE'S QUESTION)
             Axes tag: axes_peakbin_saccCS-sacc-horizontal-20mssw_nofilter
             Uses trained sC and sS_raw axes
             Tests: 'less aligned than geometry-constrained chance'

============================================================
[20231121] Processing...

  [Analysis C] Axis angle + covariance-constrained null...
  [axis-cov] Observed: |cos(θ)|=0.1075, θ=83.8°
  [null] Manifold dim: 53, D_eff=18.4
         Expected |cos(θ)| ≈ 0.233 (angle ≈ 76.5°)
  [null] Running 1000 covariance-constrained null samples...
    [200/1000] null_mean=0.2003
    [400/1000] null_mean=0.2032
    [600/1000] null_mean=0.2082
    [800/1000] null_mean=0.2119
    [1000/1000] null_mean=0.2099
  [result] a_obs=0.1075, null_mean=0.2099±0.1416
           Δ=-0.1024, z=-0.72
           θ_obs=83.8°, θ_null=77.7°
           p(more orthogonal)=0.2987, p(more aligned)=0.7023
  [saved] /project/bdoiron/dracoxu/rct-fsflow/paper_project_final/out_nofilter/sacc/alignment/case_i_alltrials/axis_cov_20231121.json

======================================================================
[done] Per-session results saved to /project/bdoiron/dracoxu/rct-fsflow/paper_project_final/out_nofilter/sacc/alignment/case_i_alltrials
======================================================================
[done] Case i → /project/bdoiron/dracoxu/rct-fsflow/paper_project_final/out_nofilter/sacc/alignment/case_i_alltrials/

------------------------------------------------------------
[Case ii] Sacc-aligned C & S, pooled trials (all-trials)
  Axes: axes_peakbin_saccCS-sacc-pooled-20mssw_nofilter
  Orientation: pooled
  OUT_ROOT: /project/bdoiron/dracoxu/rct-fsflow/paper_project_final/out_nofilter
------------------------------------------------------------
======================================================================
CATEGORY-SACCADE SUBSPACE ALIGNMENT ANALYSIS
======================================================================
[info] Processing 1 session(s)
[info] Mode: axis_cov
[info] out_root: /project/bdoiron/dracoxu/rct-fsflow/paper_project_final/out_nofilter
[info] n_perms: 1000

[Analysis C] Axis Angle + Covariance-Constrained Null (DAVE'S QUESTION)
             Axes tag: axes_peakbin_saccCS-sacc-pooled-20mssw_nofilter
             Uses trained sC and sS_raw axes
             Tests: 'less aligned than geometry-constrained chance'

============================================================
[20231121] Processing...

  [Analysis C] Axis angle + covariance-constrained null...
  [axis-cov] Observed: |cos(θ)|=0.0082, θ=89.5°
  [null] Manifold dim: 57, D_eff=5.4
         Expected |cos(θ)| ≈ 0.429 (angle ≈ 64.6°)
  [null] Running 1000 covariance-constrained null samples...
    [200/1000] null_mean=0.1778
    [400/1000] null_mean=0.1776
    [600/1000] null_mean=0.1733
    [800/1000] null_mean=0.1728
    [1000/1000] null_mean=0.1762
  [result] a_obs=0.0082, null_mean=0.1762±0.1270
           Δ=-0.1680, z=-1.32
           θ_obs=89.5°, θ_null=79.7°
           p(more orthogonal)=0.0320, p(more aligned)=0.9690
  [**] SIGNIFICANT: C-S alignment is LOWER than geometry-constrained chance!
  [saved] /project/bdoiron/dracoxu/rct-fsflow/paper_project_final/out_nofilter/sacc/alignment/case_ii_alltrials/axis_cov_20231121.json

======================================================================
[done] Per-session results saved to /project/bdoiron/dracoxu/rct-fsflow/paper_project_final/out_nofilter/sacc/alignment/case_ii_alltrials
======================================================================
[done] Case ii → /project/bdoiron/dracoxu/rct-fsflow/paper_project_final/out_nofilter/sacc/alignment/case_ii_alltrials/

------------------------------------------------------------
[Case iii] Stim-C (vertical) vs Sacc-S (horizontal) (all-trials)
  C axes: stim/axes_peakbin_stimC-stim-vertical-20mssw_nofilter (orientation: vertical)
  S axes: sacc/axes_peakbin_saccCS-sacc-horizontal-20mssw_nofilter (orientation: horizontal)
  OUT_ROOT: /project/bdoiron/dracoxu/rct-fsflow/paper_project_final/out_nofilter
------------------------------------------------------------
======================================================================
CROSS-ALIGNMENT AXIS ANALYSIS
======================================================================
[info] Processing 1 session(s)
[info] C: stim/axes_peakbin_stimC-stim-vertical-20mssw_nofilter (vertical)
[info] S: sacc/axes_peakbin_saccCS-sacc-horizontal-20mssw_nofilter (horizontal)
[info] win_C: [0.1, 0.3], win_S: [-0.1, -0.03]
[info] Use rich conditions: True

============================================================
[20231121] Processing cross-alignment...
  [cross] Building geometry from both epochs...
          C epoch: stim, window=(0.1, 0.3), trials=516
          S epoch: sacc, window=(-0.1, -0.03), trials=350
          D_C shape: (61, 160), D_S shape: (61, 112)
  [cross] Observed: |cos(θ)|=0.2140, θ=77.6°
  [null] Manifold dim: 57, D_eff=9.6
         Expected |cos(θ)| ≈ 0.258 (angle ≈ 75.1°)
  [null] Running 1000 covariance-constrained null samples...
    [200/1000] null_mean=0.1619
    [400/1000] null_mean=0.1660
    [600/1000] null_mean=0.1677
    [800/1000] null_mean=0.1674
    [1000/1000] null_mean=0.1683
  [result] a_obs=0.2140, null_mean=0.1683±0.1151
           Δ=0.0457, z=0.40
           θ_obs=77.6°, θ_null=80.2°
           p(more orthogonal)=0.6743, p(more aligned)=0.3267
  [saved] /project/bdoiron/dracoxu/rct-fsflow/paper_project_final/out_nofilter/cross_alignment/case_iii_alltrials/cross_case_iii_alltrials_20231121.json

======================================================================
[done] Results saved to /project/bdoiron/dracoxu/rct-fsflow/paper_project_final/out_nofilter/cross_alignment/case_iii_alltrials
======================================================================
[done] Case iii → /project/bdoiron/dracoxu/rct-fsflow/paper_project_final/out_nofilter/cross_alignment/case_iii_alltrials/

------------------------------------------------------------
[Case iv] Stim-C (pooled) vs Sacc-S (pooled) (all-trials)
  C axes: stim/axes_peakbin_stimC-stim-pooled-20mssw_nofilter (orientation: pooled)
  S axes: sacc/axes_peakbin_saccCS-sacc-pooled-20mssw_nofilter (orientation: pooled)
  OUT_ROOT: /project/bdoiron/dracoxu/rct-fsflow/paper_project_final/out_nofilter
------------------------------------------------------------
======================================================================
CROSS-ALIGNMENT AXIS ANALYSIS
======================================================================
[info] Processing 1 session(s)
[info] C: stim/axes_peakbin_stimC-stim-pooled-20mssw_nofilter (pooled)
[info] S: sacc/axes_peakbin_saccCS-sacc-pooled-20mssw_nofilter (pooled)
[info] win_C: [0.1, 0.3], win_S: [-0.1, -0.03]
[info] Use rich conditions: True

============================================================
[20231121] Processing cross-alignment...
  [cross] Building geometry from both epochs...
          C epoch: stim, window=(0.1, 0.3), trials=866
          S epoch: sacc, window=(-0.1, -0.03), trials=866
          D_C shape: (61, 320), D_S shape: (61, 224)
  [cross] Observed: |cos(θ)|=0.2171, θ=77.5°
  [null] Manifold dim: 58, D_eff=15.2
         Expected |cos(θ)| ≈ 0.205 (angle ≈ 78.2°)
  [null] Running 1000 covariance-constrained null samples...
    [200/1000] null_mean=0.1343
    [400/1000] null_mean=0.1326
    [600/1000] null_mean=0.1326
    [800/1000] null_mean=0.1311
    [1000/1000] null_mean=0.1325
  [result] a_obs=0.2171, null_mean=0.1325±0.0955
           Δ=0.0846, z=0.89
           θ_obs=77.5°, θ_null=82.3°
           p(more orthogonal)=0.7962, p(more aligned)=0.2048
  [saved] /project/bdoiron/dracoxu/rct-fsflow/paper_project_final/out_nofilter/cross_alignment/case_iv_alltrials/cross_case_iv_alltrials_20231121.json

======================================================================
[done] Results saved to /project/bdoiron/dracoxu/rct-fsflow/paper_project_final/out_nofilter/cross_alignment/case_iv_alltrials
======================================================================
[done] Case iv → /project/bdoiron/dracoxu/rct-fsflow/paper_project_final/out_nofilter/cross_alignment/case_iv_alltrials/

==============================================================
[done] All cases complete for SID=20231121
==============================================================
