==============================================================
AXIS ALIGNMENT ANALYSIS - ALL FOUR CASES
Session: 20231109 (task 19)
Filter mode: both
==============================================================

==============================================================
CORRECT-ONLY TRIALS (out/)
==============================================================

------------------------------------------------------------
[Case i] Sacc-aligned C & S, horizontal trials (correct-only)
  Axes: axes_peakbin_saccCS-sacc-horizontal-20mssw
  Orientation: horizontal
  OUT_ROOT: /project/bdoiron/dracoxu/rct-fsflow/paper_project_final/out
  Covariance windows (SACC-aligned): C=[-0.20, 0.05], S=[-0.20, 0.05]
------------------------------------------------------------
======================================================================
CATEGORY-SACCADE SUBSPACE ALIGNMENT ANALYSIS
======================================================================
[info] Processing 1 session(s)
[info] Mode: axis_cov
[info] out_root: /project/bdoiron/dracoxu/rct-fsflow/paper_project_final/out
[info] n_perms: 1000

[Analysis C] Axis Angle + Covariance-Constrained Null (DAVE'S QUESTION)
             Axes tag: axes_peakbin_saccCS-sacc-horizontal-20mssw
             Uses trained sC and sS_raw axes
             Tests: 'less aligned than geometry-constrained chance'

============================================================
[20231109] Processing...

  [Analysis C] Axis angle + covariance-constrained null...
  [axis-cov] Observed: |cos(θ)|=0.0407, θ=87.7°
  [null] Manifold dim: 47, D_eff=8.6
         Expected |cos(θ)| ≈ 0.341 (angle ≈ 70.0°)
  [null] Running 1000 covariance-constrained null samples...
    [200/1000] null_mean=0.2860
    [400/1000] null_mean=0.2848
    [600/1000] null_mean=0.2993
    [800/1000] null_mean=0.2939
    [1000/1000] null_mean=0.2978
  [result] a_obs=0.0407, null_mean=0.2978±0.1856
           Δ=-0.2571, z=-1.39
           θ_obs=87.7°, θ_null=72.3°
           p(more orthogonal)=0.0779, p(more aligned)=0.9231
  [saved] /project/bdoiron/dracoxu/rct-fsflow/paper_project_final/out/sacc/alignment/case_i_correctonly/axis_cov_20231109.json

======================================================================
[done] Per-session results saved to /project/bdoiron/dracoxu/rct-fsflow/paper_project_final/out/sacc/alignment/case_i_correctonly
======================================================================
[done] Case i → /project/bdoiron/dracoxu/rct-fsflow/paper_project_final/out/sacc/alignment/case_i_correctonly/

------------------------------------------------------------
[Case ii] Sacc-aligned C & S, pooled trials (correct-only)
  Axes: axes_peakbin_saccCS-sacc-pooled-20mssw
  Orientation: pooled
  OUT_ROOT: /project/bdoiron/dracoxu/rct-fsflow/paper_project_final/out
  Covariance windows (SACC-aligned): C=[-0.20, 0.05], S=[-0.20, 0.05]
------------------------------------------------------------
======================================================================
CATEGORY-SACCADE SUBSPACE ALIGNMENT ANALYSIS
======================================================================
[info] Processing 1 session(s)
[info] Mode: axis_cov
[info] out_root: /project/bdoiron/dracoxu/rct-fsflow/paper_project_final/out
[info] n_perms: 1000

[Analysis C] Axis Angle + Covariance-Constrained Null (DAVE'S QUESTION)
             Axes tag: axes_peakbin_saccCS-sacc-pooled-20mssw
             Uses trained sC and sS_raw axes
             Tests: 'less aligned than geometry-constrained chance'

============================================================
[20231109] Processing...

  [Analysis C] Axis angle + covariance-constrained null...
  [axis-cov] Observed: |cos(θ)|=0.0331, θ=88.1°
  [null] Manifold dim: 44, D_eff=5.8
         Expected |cos(θ)| ≈ 0.415 (angle ≈ 65.5°)
  [null] Running 1000 covariance-constrained null samples...
    [200/1000] null_mean=0.3566
    [400/1000] null_mean=0.3697
    [600/1000] null_mean=0.3605
    [800/1000] null_mean=0.3581
    [1000/1000] null_mean=0.3613
  [result] a_obs=0.0331, null_mean=0.3613±0.2198
           Δ=-0.3283, z=-1.49
           θ_obs=88.1°, θ_null=68.1°
           p(more orthogonal)=0.0500, p(more aligned)=0.9510
  [**] SIGNIFICANT: C-S alignment is LOWER than geometry-constrained chance!
  [saved] /project/bdoiron/dracoxu/rct-fsflow/paper_project_final/out/sacc/alignment/case_ii_correctonly/axis_cov_20231109.json

======================================================================
[done] Per-session results saved to /project/bdoiron/dracoxu/rct-fsflow/paper_project_final/out/sacc/alignment/case_ii_correctonly
======================================================================
[done] Case ii → /project/bdoiron/dracoxu/rct-fsflow/paper_project_final/out/sacc/alignment/case_ii_correctonly/

------------------------------------------------------------
[Case iii] Stim-C (vertical) vs Sacc-S (horizontal) (correct-only)
  C axes: stim/axes_peakbin_stimC-stim-vertical-20mssw (orientation: vertical)
  S axes: sacc/axes_peakbin_saccCS-sacc-horizontal-20mssw (orientation: horizontal)
  OUT_ROOT: /project/bdoiron/dracoxu/rct-fsflow/paper_project_final/out
  Covariance windows: C(stim)=[0.00, 0.50], S(sacc)=[-0.20, 0.05]
------------------------------------------------------------
======================================================================
CROSS-ALIGNMENT AXIS ANALYSIS
======================================================================
[info] Processing 1 session(s)
[info] C: stim/axes_peakbin_stimC-stim-vertical-20mssw (vertical)
[info] S: sacc/axes_peakbin_saccCS-sacc-horizontal-20mssw (horizontal)
[info] win_C: [0.0, 0.5], win_S: [-0.2, 0.05]
[info] Use rich conditions: False

============================================================
[20231109] Processing cross-alignment...
  [cross] Building geometry from both epochs...
          C epoch: stim, window=(0.0, 0.5), trials=396
          S epoch: sacc, window=(-0.2, 0.05), trials=255
          D_C shape: (77, 100), D_S shape: (77, 100)
  [cross] Observed: |cos(θ)|=0.3101, θ=71.9°
  [null] Manifold dim: 69, D_eff=13.9
         Expected |cos(θ)| ≈ 0.214 (angle ≈ 77.6°)
  [null] Running 1000 covariance-constrained null samples...
    [200/1000] null_mean=0.1438
    [400/1000] null_mean=0.1535
    [600/1000] null_mean=0.1516
    [800/1000] null_mean=0.1524
    [1000/1000] null_mean=0.1514
  [result] a_obs=0.3101, null_mean=0.1514±0.1068
           Δ=0.1587, z=1.49
           θ_obs=71.9°, θ_null=81.2°
           p(more orthogonal)=0.9101, p(more aligned)=0.0909
  [saved] /project/bdoiron/dracoxu/rct-fsflow/paper_project_final/out/cross_alignment/case_iii_correctonly/cross_case_iii_correctonly_20231109.json

======================================================================
[done] Results saved to /project/bdoiron/dracoxu/rct-fsflow/paper_project_final/out/cross_alignment/case_iii_correctonly
======================================================================
[done] Case iii → /project/bdoiron/dracoxu/rct-fsflow/paper_project_final/out/cross_alignment/case_iii_correctonly/

------------------------------------------------------------
[Case iv] Stim-C (pooled) vs Sacc-S (pooled) (correct-only)
  C axes: stim/axes_peakbin_stimC-stim-pooled-20mssw (orientation: pooled)
  S axes: sacc/axes_peakbin_saccCS-sacc-pooled-20mssw (orientation: pooled)
  OUT_ROOT: /project/bdoiron/dracoxu/rct-fsflow/paper_project_final/out
  Covariance windows: C(stim)=[0.00, 0.50], S(sacc)=[-0.20, 0.05]
------------------------------------------------------------
======================================================================
CROSS-ALIGNMENT AXIS ANALYSIS
======================================================================
[info] Processing 1 session(s)
[info] C: stim/axes_peakbin_stimC-stim-pooled-20mssw (pooled)
[info] S: sacc/axes_peakbin_saccCS-sacc-pooled-20mssw (pooled)
[info] win_C: [0.0, 0.5], win_S: [-0.2, 0.05]
[info] Use rich conditions: False

============================================================
[20231109] Processing cross-alignment...
  [cross] Building geometry from both epochs...
          C epoch: stim, window=(0.0, 0.5), trials=651
          S epoch: sacc, window=(-0.2, 0.05), trials=651
          D_C shape: (77, 100), D_S shape: (77, 100)
  [cross] Observed: |cos(θ)|=0.1594, θ=80.8°
  [null] Manifold dim: 66, D_eff=7.6
         Expected |cos(θ)| ≈ 0.290 (angle ≈ 73.2°)
  [null] Running 1000 covariance-constrained null samples...
    [200/1000] null_mean=0.1397
    [400/1000] null_mean=0.1422
    [600/1000] null_mean=0.1420
    [800/1000] null_mean=0.1427
    [1000/1000] null_mean=0.1405
  [result] a_obs=0.1594, null_mean=0.1405±0.0994
           Δ=0.0189, z=0.19
           θ_obs=80.8°, θ_null=81.9°
           p(more orthogonal)=0.6174, p(more aligned)=0.3836
  [saved] /project/bdoiron/dracoxu/rct-fsflow/paper_project_final/out/cross_alignment/case_iv_correctonly/cross_case_iv_correctonly_20231109.json

======================================================================
[done] Results saved to /project/bdoiron/dracoxu/rct-fsflow/paper_project_final/out/cross_alignment/case_iv_correctonly
======================================================================
[done] Case iv → /project/bdoiron/dracoxu/rct-fsflow/paper_project_final/out/cross_alignment/case_iv_correctonly/

------------------------------------------------------------
[Case v] Stim-C (horizontal) vs Sacc-S (horizontal) (correct-only)
  C axes: stim/axes_peakbin_stimC-stim-horizontal-20mssw (orientation: horizontal)
  S axes: sacc/axes_peakbin_saccCS-sacc-horizontal-20mssw (orientation: horizontal)
  OUT_ROOT: /project/bdoiron/dracoxu/rct-fsflow/paper_project_final/out
  Covariance windows: C(stim)=[0.00, 0.50], S(sacc)=[-0.20, 0.05]
------------------------------------------------------------
======================================================================
CROSS-ALIGNMENT AXIS ANALYSIS
======================================================================
[info] Processing 1 session(s)
[info] C: stim/axes_peakbin_stimC-stim-horizontal-20mssw (horizontal)
[info] S: sacc/axes_peakbin_saccCS-sacc-horizontal-20mssw (horizontal)
[info] win_C: [0.0, 0.5], win_S: [-0.2, 0.05]
[info] Use rich conditions: False

============================================================
[20231109] Processing cross-alignment...
  [cross] Building geometry from both epochs...
          C epoch: stim, window=(0.0, 0.5), trials=255
          S epoch: sacc, window=(-0.2, 0.05), trials=255
          D_C shape: (77, 100), D_S shape: (77, 100)
  [cross] Observed: |cos(θ)|=0.0576, θ=86.7°
  [null] Manifold dim: 70, D_eff=13.6
         Expected |cos(θ)| ≈ 0.216 (angle ≈ 77.5°)
  [null] Running 1000 covariance-constrained null samples...
    [200/1000] null_mean=0.1066
    [400/1000] null_mean=0.1077
    [600/1000] null_mean=0.1092
    [800/1000] null_mean=0.1109
    [1000/1000] null_mean=0.1111
  [result] a_obs=0.0576, null_mean=0.1111±0.0861
           Δ=-0.0535, z=-0.62
           θ_obs=86.7°, θ_null=83.6°
           p(more orthogonal)=0.3217, p(more aligned)=0.6793
  [saved] /project/bdoiron/dracoxu/rct-fsflow/paper_project_final/out/cross_alignment/case_v_correctonly/cross_case_v_correctonly_20231109.json

======================================================================
[done] Results saved to /project/bdoiron/dracoxu/rct-fsflow/paper_project_final/out/cross_alignment/case_v_correctonly
======================================================================
[done] Case v → /project/bdoiron/dracoxu/rct-fsflow/paper_project_final/out/cross_alignment/case_v_correctonly/

------------------------------------------------------------
[Case vi] Sacc-aligned C & S, vertical trials (correct-only)
  Axes: axes_peakbin_saccCS-sacc-vertical-20mssw
  Orientation: vertical
  OUT_ROOT: /project/bdoiron/dracoxu/rct-fsflow/paper_project_final/out
  Covariance windows (SACC-aligned): C=[-0.20, 0.05], S=[-0.20, 0.05]
------------------------------------------------------------
======================================================================
CATEGORY-SACCADE SUBSPACE ALIGNMENT ANALYSIS
======================================================================
[info] Processing 1 session(s)
[info] Mode: axis_cov
[info] out_root: /project/bdoiron/dracoxu/rct-fsflow/paper_project_final/out
[info] n_perms: 1000

[Analysis C] Axis Angle + Covariance-Constrained Null (DAVE'S QUESTION)
             Axes tag: axes_peakbin_saccCS-sacc-vertical-20mssw
             Uses trained sC and sS_raw axes
             Tests: 'less aligned than geometry-constrained chance'

============================================================
[20231109] Processing...

  [Analysis C] Axis angle + covariance-constrained null...
  [axis-cov] Observed: |cos(θ)|=0.1983, θ=78.6°
  [null] Manifold dim: 43, D_eff=6.4
         Expected |cos(θ)| ≈ 0.395 (angle ≈ 66.7°)
  [null] Running 1000 covariance-constrained null samples...
    [200/1000] null_mean=0.3576
    [400/1000] null_mean=0.3594
    [600/1000] null_mean=0.3624
    [800/1000] null_mean=0.3613
    [1000/1000] null_mean=0.3609
  [result] a_obs=0.1983, null_mean=0.3609±0.2085
           Δ=-0.1627, z=-0.78
           θ_obs=78.6°, θ_null=68.2°
           p(more orthogonal)=0.2707, p(more aligned)=0.7303
  [saved] /project/bdoiron/dracoxu/rct-fsflow/paper_project_final/out/sacc/alignment/case_vi_correctonly/axis_cov_20231109.json

======================================================================
[done] Per-session results saved to /project/bdoiron/dracoxu/rct-fsflow/paper_project_final/out/sacc/alignment/case_vi_correctonly
======================================================================
[done] Case vi → /project/bdoiron/dracoxu/rct-fsflow/paper_project_final/out/sacc/alignment/case_vi_correctonly/

==============================================================
ALL TRIALS (out_nofilter/)
==============================================================

------------------------------------------------------------
[Case i] Sacc-aligned C & S, horizontal trials (all-trials)
  Axes: axes_peakbin_saccCS-sacc-horizontal-20mssw_nofilter
  Orientation: horizontal
  OUT_ROOT: /project/bdoiron/dracoxu/rct-fsflow/paper_project_final/out_nofilter
  Covariance windows (SACC-aligned): C=[-0.20, 0.05], S=[-0.20, 0.05]
------------------------------------------------------------
======================================================================
CATEGORY-SACCADE SUBSPACE ALIGNMENT ANALYSIS
======================================================================
[info] Processing 1 session(s)
[info] Mode: axis_cov
[info] out_root: /project/bdoiron/dracoxu/rct-fsflow/paper_project_final/out_nofilter
[info] n_perms: 1000

[Analysis C] Axis Angle + Covariance-Constrained Null (DAVE'S QUESTION)
             Axes tag: axes_peakbin_saccCS-sacc-horizontal-20mssw_nofilter
             Uses trained sC and sS_raw axes
             Tests: 'less aligned than geometry-constrained chance'

============================================================
[20231109] Processing...

  [Analysis C] Axis angle + covariance-constrained null...
  [axis-cov] Observed: |cos(θ)|=0.0146, θ=89.2°
  [null] Manifold dim: 47, D_eff=8.3
         Expected |cos(θ)| ≈ 0.347 (angle ≈ 69.7°)
  [null] Running 1000 covariance-constrained null samples...
    [200/1000] null_mean=0.2784
    [400/1000] null_mean=0.2770
    [600/1000] null_mean=0.2926
    [800/1000] null_mean=0.2881
    [1000/1000] null_mean=0.2929
  [result] a_obs=0.0146, null_mean=0.2929±0.1815
           Δ=-0.2782, z=-1.53
           θ_obs=89.2°, θ_null=72.6°
           p(more orthogonal)=0.0290, p(more aligned)=0.9720
  [**] SIGNIFICANT: C-S alignment is LOWER than geometry-constrained chance!
  [saved] /project/bdoiron/dracoxu/rct-fsflow/paper_project_final/out_nofilter/sacc/alignment/case_i_alltrials/axis_cov_20231109.json

======================================================================
[done] Per-session results saved to /project/bdoiron/dracoxu/rct-fsflow/paper_project_final/out_nofilter/sacc/alignment/case_i_alltrials
======================================================================
[done] Case i → /project/bdoiron/dracoxu/rct-fsflow/paper_project_final/out_nofilter/sacc/alignment/case_i_alltrials/

------------------------------------------------------------
[Case ii] Sacc-aligned C & S, pooled trials (all-trials)
  Axes: axes_peakbin_saccCS-sacc-pooled-20mssw_nofilter
  Orientation: pooled
  OUT_ROOT: /project/bdoiron/dracoxu/rct-fsflow/paper_project_final/out_nofilter
  Covariance windows (SACC-aligned): C=[-0.20, 0.05], S=[-0.20, 0.05]
------------------------------------------------------------
======================================================================
CATEGORY-SACCADE SUBSPACE ALIGNMENT ANALYSIS
======================================================================
[info] Processing 1 session(s)
[info] Mode: axis_cov
[info] out_root: /project/bdoiron/dracoxu/rct-fsflow/paper_project_final/out_nofilter
[info] n_perms: 1000

[Analysis C] Axis Angle + Covariance-Constrained Null (DAVE'S QUESTION)
             Axes tag: axes_peakbin_saccCS-sacc-pooled-20mssw_nofilter
             Uses trained sC and sS_raw axes
             Tests: 'less aligned than geometry-constrained chance'

============================================================
[20231109] Processing...

  [Analysis C] Axis angle + covariance-constrained null...
  [axis-cov] Observed: |cos(θ)|=0.0140, θ=89.2°
  [null] Manifold dim: 43, D_eff=5.9
         Expected |cos(θ)| ≈ 0.411 (angle ≈ 65.7°)
  [null] Running 1000 covariance-constrained null samples...
    [200/1000] null_mean=0.3393
    [400/1000] null_mean=0.3473
    [600/1000] null_mean=0.3481
    [800/1000] null_mean=0.3568
    [1000/1000] null_mean=0.3566
  [result] a_obs=0.0140, null_mean=0.3566±0.2201
           Δ=-0.3425, z=-1.56
           θ_obs=89.2°, θ_null=68.4°
           p(more orthogonal)=0.0220, p(more aligned)=0.9790
  [**] SIGNIFICANT: C-S alignment is LOWER than geometry-constrained chance!
  [saved] /project/bdoiron/dracoxu/rct-fsflow/paper_project_final/out_nofilter/sacc/alignment/case_ii_alltrials/axis_cov_20231109.json

======================================================================
[done] Per-session results saved to /project/bdoiron/dracoxu/rct-fsflow/paper_project_final/out_nofilter/sacc/alignment/case_ii_alltrials
======================================================================
[done] Case ii → /project/bdoiron/dracoxu/rct-fsflow/paper_project_final/out_nofilter/sacc/alignment/case_ii_alltrials/

------------------------------------------------------------
[Case iii] Stim-C (vertical) vs Sacc-S (horizontal) (all-trials)
  C axes: stim/axes_peakbin_stimC-stim-vertical-20mssw_nofilter (orientation: vertical)
  S axes: sacc/axes_peakbin_saccCS-sacc-horizontal-20mssw_nofilter (orientation: horizontal)
  OUT_ROOT: /project/bdoiron/dracoxu/rct-fsflow/paper_project_final/out_nofilter
  Covariance windows: C(stim)=[0.00, 0.50], S(sacc)=[-0.20, 0.05]
------------------------------------------------------------
======================================================================
CROSS-ALIGNMENT AXIS ANALYSIS
======================================================================
[info] Processing 1 session(s)
[info] C: stim/axes_peakbin_stimC-stim-vertical-20mssw_nofilter (vertical)
[info] S: sacc/axes_peakbin_saccCS-sacc-horizontal-20mssw_nofilter (horizontal)
[info] win_C: [0.0, 0.5], win_S: [-0.2, 0.05]
[info] Use rich conditions: False

============================================================
[20231109] Processing cross-alignment...
  [cross] Building geometry from both epochs...
          C epoch: stim, window=(0.0, 0.5), trials=454
          S epoch: sacc, window=(-0.2, 0.05), trials=275
          D_C shape: (77, 100), D_S shape: (77, 100)
  [cross] Observed: |cos(θ)|=0.2722, θ=74.2°
  [null] Manifold dim: 69, D_eff=12.8
         Expected |cos(θ)| ≈ 0.223 (angle ≈ 77.1°)
  [null] Running 1000 covariance-constrained null samples...
    [200/1000] null_mean=0.1314
    [400/1000] null_mean=0.1329
    [600/1000] null_mean=0.1369
    [800/1000] null_mean=0.1387
    [1000/1000] null_mean=0.1374
  [result] a_obs=0.2722, null_mean=0.1374±0.0973
           Δ=0.1348, z=1.39
           θ_obs=74.2°, θ_null=82.1°
           p(more orthogonal)=0.8951, p(more aligned)=0.1059
  [saved] /project/bdoiron/dracoxu/rct-fsflow/paper_project_final/out_nofilter/cross_alignment/case_iii_alltrials/cross_case_iii_alltrials_20231109.json

======================================================================
[done] Results saved to /project/bdoiron/dracoxu/rct-fsflow/paper_project_final/out_nofilter/cross_alignment/case_iii_alltrials
======================================================================
[done] Case iii → /project/bdoiron/dracoxu/rct-fsflow/paper_project_final/out_nofilter/cross_alignment/case_iii_alltrials/

------------------------------------------------------------
[Case iv] Stim-C (pooled) vs Sacc-S (pooled) (all-trials)
  C axes: stim/axes_peakbin_stimC-stim-pooled-20mssw_nofilter (orientation: pooled)
  S axes: sacc/axes_peakbin_saccCS-sacc-pooled-20mssw_nofilter (orientation: pooled)
  OUT_ROOT: /project/bdoiron/dracoxu/rct-fsflow/paper_project_final/out_nofilter
  Covariance windows: C(stim)=[0.00, 0.50], S(sacc)=[-0.20, 0.05]
------------------------------------------------------------
======================================================================
CROSS-ALIGNMENT AXIS ANALYSIS
======================================================================
[info] Processing 1 session(s)
[info] C: stim/axes_peakbin_stimC-stim-pooled-20mssw_nofilter (pooled)
[info] S: sacc/axes_peakbin_saccCS-sacc-pooled-20mssw_nofilter (pooled)
[info] win_C: [0.0, 0.5], win_S: [-0.2, 0.05]
[info] Use rich conditions: False

============================================================
[20231109] Processing cross-alignment...
  [cross] Building geometry from both epochs...
          C epoch: stim, window=(0.0, 0.5), trials=729
          S epoch: sacc, window=(-0.2, 0.05), trials=729
          D_C shape: (77, 100), D_S shape: (77, 100)
  [cross] Observed: |cos(θ)|=0.1233, θ=82.9°
  [null] Manifold dim: 66, D_eff=6.9
         Expected |cos(θ)| ≈ 0.303 (angle ≈ 72.3°)
  [null] Running 1000 covariance-constrained null samples...
    [200/1000] null_mean=0.1267
    [400/1000] null_mean=0.1264
    [600/1000] null_mean=0.1281
    [800/1000] null_mean=0.1272
    [1000/1000] null_mean=0.1261
  [result] a_obs=0.1233, null_mean=0.1261±0.0888
           Δ=-0.0028, z=-0.03
           θ_obs=82.9°, θ_null=82.7°
           p(more orthogonal)=0.5514, p(more aligned)=0.4496
  [saved] /project/bdoiron/dracoxu/rct-fsflow/paper_project_final/out_nofilter/cross_alignment/case_iv_alltrials/cross_case_iv_alltrials_20231109.json

======================================================================
[done] Results saved to /project/bdoiron/dracoxu/rct-fsflow/paper_project_final/out_nofilter/cross_alignment/case_iv_alltrials
======================================================================
[done] Case iv → /project/bdoiron/dracoxu/rct-fsflow/paper_project_final/out_nofilter/cross_alignment/case_iv_alltrials/

------------------------------------------------------------
[Case v] Stim-C (horizontal) vs Sacc-S (horizontal) (all-trials)
  C axes: stim/axes_peakbin_stimC-stim-horizontal-20mssw_nofilter (orientation: horizontal)
  S axes: sacc/axes_peakbin_saccCS-sacc-horizontal-20mssw_nofilter (orientation: horizontal)
  OUT_ROOT: /project/bdoiron/dracoxu/rct-fsflow/paper_project_final/out_nofilter
  Covariance windows: C(stim)=[0.00, 0.50], S(sacc)=[-0.20, 0.05]
------------------------------------------------------------
======================================================================
CROSS-ALIGNMENT AXIS ANALYSIS
======================================================================
[info] Processing 1 session(s)
[info] C: stim/axes_peakbin_stimC-stim-horizontal-20mssw_nofilter (horizontal)
[info] S: sacc/axes_peakbin_saccCS-sacc-horizontal-20mssw_nofilter (horizontal)
[info] win_C: [0.0, 0.5], win_S: [-0.2, 0.05]
[info] Use rich conditions: False

============================================================
[20231109] Processing cross-alignment...
  [cross] Building geometry from both epochs...
          C epoch: stim, window=(0.0, 0.5), trials=275
          S epoch: sacc, window=(-0.2, 0.05), trials=275
          D_C shape: (77, 100), D_S shape: (77, 100)
  [cross] Observed: |cos(θ)|=0.0298, θ=88.3°
  [null] Manifold dim: 70, D_eff=12.7
         Expected |cos(θ)| ≈ 0.224 (angle ≈ 77.1°)
  [null] Running 1000 covariance-constrained null samples...
    [200/1000] null_mean=0.1172
    [400/1000] null_mean=0.1091
    [600/1000] null_mean=0.1122
    [800/1000] null_mean=0.1128
    [1000/1000] null_mean=0.1139
  [result] a_obs=0.0298, null_mean=0.1139±0.0861
           Δ=-0.0840, z=-0.98
           θ_obs=88.3°, θ_null=83.4°
           p(more orthogonal)=0.1499, p(more aligned)=0.8511
  [saved] /project/bdoiron/dracoxu/rct-fsflow/paper_project_final/out_nofilter/cross_alignment/case_v_alltrials/cross_case_v_alltrials_20231109.json

======================================================================
[done] Results saved to /project/bdoiron/dracoxu/rct-fsflow/paper_project_final/out_nofilter/cross_alignment/case_v_alltrials
======================================================================
[done] Case v → /project/bdoiron/dracoxu/rct-fsflow/paper_project_final/out_nofilter/cross_alignment/case_v_alltrials/

------------------------------------------------------------
[Case vi] Sacc-aligned C & S, vertical trials (all-trials)
  Axes: axes_peakbin_saccCS-sacc-vertical-20mssw_nofilter
  Orientation: vertical
  OUT_ROOT: /project/bdoiron/dracoxu/rct-fsflow/paper_project_final/out_nofilter
  Covariance windows (SACC-aligned): C=[-0.20, 0.05], S=[-0.20, 0.05]
------------------------------------------------------------
======================================================================
CATEGORY-SACCADE SUBSPACE ALIGNMENT ANALYSIS
======================================================================
[info] Processing 1 session(s)
[info] Mode: axis_cov
[info] out_root: /project/bdoiron/dracoxu/rct-fsflow/paper_project_final/out_nofilter
[info] n_perms: 1000

[Analysis C] Axis Angle + Covariance-Constrained Null (DAVE'S QUESTION)
             Axes tag: axes_peakbin_saccCS-sacc-vertical-20mssw_nofilter
             Uses trained sC and sS_raw axes
             Tests: 'less aligned than geometry-constrained chance'

============================================================
[20231109] Processing...

  [Analysis C] Axis angle + covariance-constrained null...
  [axis-cov] Observed: |cos(θ)|=0.1861, θ=79.3°
  [null] Manifold dim: 44, D_eff=6.7
         Expected |cos(θ)| ≈ 0.385 (angle ≈ 67.4°)
  [null] Running 1000 covariance-constrained null samples...
    [200/1000] null_mean=0.3436
    [400/1000] null_mean=0.3391
    [600/1000] null_mean=0.3344
    [800/1000] null_mean=0.3359
    [1000/1000] null_mean=0.3416
  [result] a_obs=0.1861, null_mean=0.3416±0.2099
           Δ=-0.1556, z=-0.74
           θ_obs=79.3°, θ_null=69.4°
           p(more orthogonal)=0.2967, p(more aligned)=0.7043
  [saved] /project/bdoiron/dracoxu/rct-fsflow/paper_project_final/out_nofilter/sacc/alignment/case_vi_alltrials/axis_cov_20231109.json

======================================================================
[done] Per-session results saved to /project/bdoiron/dracoxu/rct-fsflow/paper_project_final/out_nofilter/sacc/alignment/case_vi_alltrials
======================================================================
[done] Case vi → /project/bdoiron/dracoxu/rct-fsflow/paper_project_final/out_nofilter/sacc/alignment/case_vi_alltrials/

==============================================================
[done] All cases complete for SID=20231109
==============================================================
