==============================================================
AXIS ALIGNMENT ANALYSIS - Session 20201211 (task 10)
Filter mode: both
==============================================================

------------------------------------------------------------
[info] Running alignment analysis for 20201211 (CORRECT-ONLY trials)
       Mode: all (AI + axis_shuffle + axis_cov)
       OUT_ROOT: /project/bdoiron/dracoxu/rct-fsflow/paper_project_final/out
       AXES_TAG: axes_peakbin_saccCS-sacc-horizontal-20mssw
       n_perms: 1000
------------------------------------------------------------
======================================================================
CATEGORY-SACCADE SUBSPACE ALIGNMENT ANALYSIS
======================================================================
[info] Processing 1 session(s)
[info] Mode: all
[info] out_root: /project/bdoiron/dracoxu/rct-fsflow/paper_project_final/out
[info] n_perms: 1000

[Analysis A] Alignment Index + Covariance-Matched Null (PCA subspaces)
             Category window: [-0.3, -0.1]
             Saccade window: [-0.1, -0.03]
             Subspace dim k: 6
             Tests: 'less aligned than chance' (orthogonality)

[Analysis B] Axis Angle + Label-Shuffle Null
             Axes tag: axes_peakbin_saccCS-sacc-horizontal-20mssw
             Tests: 'more aligned than shuffle chance' (label-specific)

[Analysis C] Axis Angle + Covariance-Constrained Null (DAVE'S QUESTION)
             Axes tag: axes_peakbin_saccCS-sacc-horizontal-20mssw
             Uses trained sC and sS_raw axes
             Tests: 'less aligned than geometry-constrained chance'

============================================================
[20201211] Processing...

  [Analysis A] Alignment Index (PCA subspaces)...
  [AI] Building condition-averaged matrices...
       Category window: (-0.3, -0.1)
       Saccade window: (-0.1, -0.03)
       D_C shape: (60, 38), D_S shape: (60, 16)
       Category subspace: (60, 6), var_explained=0.791
       Saccade subspace: (60, 6), var_explained=0.972
  [AI] Observed AI = 0.4812
       Principal angles (deg): [22.64805173 54.91993591 59.27988027 73.29012644 82.13915047 85.21291189]
       Mean angle: 62.9°, Overlap: 0.2586
  [null] Manifold dim: 27 (from 54 total)
         Expected random overlap (isotropic): ~0.222
  [null] Running 1000 covariance-matched null samples...
    [200/1000] null_AI_mean=0.7128
    [400/1000] null_AI_mean=0.7075
    [600/1000] null_AI_mean=0.7076
    [800/1000] null_AI_mean=0.7095
    [1000/1000] null_AI_mean=0.7103
  [result] AI_obs=0.4812, null_mean=0.7103±0.0652
           Δ_AI=-0.2291
           p(less aligned)=0.0070, p(more aligned)=0.9940
  [saved] /project/bdoiron/dracoxu/rct-fsflow/paper_project_final/out/sacc/alignment/correctonly/AI_20201211.json

  [Analysis B] Axis angle + shuffle...
  [axis] Observed: |cos(θ)|=0.1049, θ=84.0°
  [null] Running 1000 label-shuffle permutations...
    [100/1000] null_mean=0.0992
    [200/1000] null_mean=0.0902
    [300/1000] null_mean=0.0907
    [400/1000] null_mean=0.0903
    [500/1000] null_mean=0.0926
    [600/1000] null_mean=0.0924
    [700/1000] null_mean=0.0916
    [800/1000] null_mean=0.0922
    [900/1000] null_mean=0.0911
    [1000/1000] null_mean=0.0920
  [result] Δ=0.0129, p(more aligned)=0.3626
           Note: shuffle null tests 'more aligned than chance'
  [saved] /project/bdoiron/dracoxu/rct-fsflow/paper_project_final/out/sacc/alignment/correctonly/axis_shuffle_20201211.json

  [Analysis C] Axis angle + covariance-constrained null...
  [axis-cov] Observed: |cos(θ)|=0.1049, θ=84.0°
  [null] Manifold dim: 27, D_eff=2.8
         Expected |cos(θ)| ≈ 0.600 (angle ≈ 53.1°)
  [null] Running 1000 covariance-constrained null samples...
    [200/1000] null_mean=0.1503
    [400/1000] null_mean=0.1533
    [600/1000] null_mean=0.1487
    [800/1000] null_mean=0.1465
    [1000/1000] null_mean=0.1487
  [result] a_obs=0.1049, null_mean=0.1487±0.1047
           Δ=-0.0438, z=-0.42
           θ_obs=84.0°, θ_null=81.4°
           p(more orthogonal)=0.3916, p(more aligned)=0.6094
  [saved] /project/bdoiron/dracoxu/rct-fsflow/paper_project_final/out/sacc/alignment/correctonly/axis_cov_20201211.json

======================================================================
[done] Per-session results saved to /project/bdoiron/dracoxu/rct-fsflow/paper_project_final/out/sacc/alignment/correctonly
======================================================================
[done] CORRECT-ONLY trials complete → /project/bdoiron/dracoxu/rct-fsflow/paper_project_final/out/sacc/alignment/correctonly/

------------------------------------------------------------
[info] Running alignment analysis for 20201211 (ALL trials (nofilter))
       Mode: all (AI + axis_shuffle + axis_cov)
       OUT_ROOT: /project/bdoiron/dracoxu/rct-fsflow/paper_project_final/out_nofilter
       AXES_TAG: axes_peakbin_saccCS-sacc-horizontal-20mssw_nofilter
       n_perms: 1000
------------------------------------------------------------
======================================================================
CATEGORY-SACCADE SUBSPACE ALIGNMENT ANALYSIS
======================================================================
[info] Processing 1 session(s)
[info] Mode: all
[info] out_root: /project/bdoiron/dracoxu/rct-fsflow/paper_project_final/out_nofilter
[info] n_perms: 1000

[Analysis A] Alignment Index + Covariance-Matched Null (PCA subspaces)
             Category window: [-0.3, -0.1]
             Saccade window: [-0.1, -0.03]
             Subspace dim k: 6
             Tests: 'less aligned than chance' (orthogonality)

[Analysis B] Axis Angle + Label-Shuffle Null
             Axes tag: axes_peakbin_saccCS-sacc-horizontal-20mssw_nofilter
             Tests: 'more aligned than shuffle chance' (label-specific)

[Analysis C] Axis Angle + Covariance-Constrained Null (DAVE'S QUESTION)
             Axes tag: axes_peakbin_saccCS-sacc-horizontal-20mssw_nofilter
             Uses trained sC and sS_raw axes
             Tests: 'less aligned than geometry-constrained chance'

============================================================
[20201211] Processing...

  [Analysis A] Alignment Index (PCA subspaces)...
  [AI] Building condition-averaged matrices...
       Category window: (-0.3, -0.1)
       Saccade window: (-0.1, -0.03)
       D_C shape: (60, 38), D_S shape: (60, 16)
       Category subspace: (60, 6), var_explained=0.794
       Saccade subspace: (60, 6), var_explained=0.973
  [AI] Observed AI = 0.4786
       Principal angles (deg): [22.80266002 53.45174377 59.56734535 73.21877697 82.23394399 85.37993572]
       Mean angle: 62.8°, Overlap: 0.2615
  [null] Manifold dim: 27 (from 54 total)
         Expected random overlap (isotropic): ~0.222
  [null] Running 1000 covariance-matched null samples...
    [200/1000] null_AI_mean=0.7146
    [400/1000] null_AI_mean=0.7093
    [600/1000] null_AI_mean=0.7072
    [800/1000] null_AI_mean=0.7081
    [1000/1000] null_AI_mean=0.7075
  [result] AI_obs=0.4786, null_mean=0.7075±0.0630
           Δ_AI=-0.2289
           p(less aligned)=0.0070, p(more aligned)=0.9940
  [saved] /project/bdoiron/dracoxu/rct-fsflow/paper_project_final/out_nofilter/sacc/alignment/nofilter/AI_20201211.json

  [Analysis B] Axis angle + shuffle...
  [axis] Observed: |cos(θ)|=0.1674, θ=80.4°
  [null] Running 1000 label-shuffle permutations...
    [100/1000] null_mean=0.0931
    [200/1000] null_mean=0.0953
    [300/1000] null_mean=0.0961
    [400/1000] null_mean=0.1012
    [500/1000] null_mean=0.1023
    [600/1000] null_mean=0.1025
    [700/1000] null_mean=0.1024
    [800/1000] null_mean=0.1035
    [900/1000] null_mean=0.1014
    [1000/1000] null_mean=0.1014
  [result] Δ=0.0660, p(more aligned)=0.1778
           Note: shuffle null tests 'more aligned than chance'
  [saved] /project/bdoiron/dracoxu/rct-fsflow/paper_project_final/out_nofilter/sacc/alignment/nofilter/axis_shuffle_20201211.json

  [Analysis C] Axis angle + covariance-constrained null...
  [axis-cov] Observed: |cos(θ)|=0.1674, θ=80.4°
  [null] Manifold dim: 27, D_eff=2.7
         Expected |cos(θ)| ≈ 0.606 (angle ≈ 52.7°)
  [null] Running 1000 covariance-constrained null samples...
    [200/1000] null_mean=0.1579
    [400/1000] null_mean=0.1606
    [600/1000] null_mean=0.1565
    [800/1000] null_mean=0.1579
    [1000/1000] null_mean=0.1574
  [result] a_obs=0.1674, null_mean=0.1574±0.1118
           Δ=0.0100, z=0.09
           θ_obs=80.4°, θ_null=80.9°
           p(more orthogonal)=0.5764, p(more aligned)=0.4246
  [saved] /project/bdoiron/dracoxu/rct-fsflow/paper_project_final/out_nofilter/sacc/alignment/nofilter/axis_cov_20201211.json

======================================================================
[done] Per-session results saved to /project/bdoiron/dracoxu/rct-fsflow/paper_project_final/out_nofilter/sacc/alignment/nofilter
======================================================================
[done] ALL trials (nofilter) complete → /project/bdoiron/dracoxu/rct-fsflow/paper_project_final/out_nofilter/sacc/alignment/nofilter/

==============================================================
[done] Alignment analysis complete for SID=20201211
==============================================================
