==============================================================
AXIS ALIGNMENT ANALYSIS - ALL FOUR CASES
Session: 20201004 (task 8)
Filter mode: both
==============================================================

==============================================================
CORRECT-ONLY TRIALS (out/)
==============================================================

------------------------------------------------------------
[Case i] Sacc-aligned C & S, horizontal trials (correct-only)
  Axes: axes_peakbin_saccCS-sacc-horizontal-20mssw
  Orientation: horizontal
  OUT_ROOT: /project/bdoiron/dracoxu/rct-fsflow/paper_project_final/out
------------------------------------------------------------
======================================================================
CATEGORY-SACCADE SUBSPACE ALIGNMENT ANALYSIS
======================================================================
[info] Processing 1 session(s)
[info] Mode: axis_cov
[info] out_root: /project/bdoiron/dracoxu/rct-fsflow/paper_project_final/out
[info] n_perms: 1000

[Analysis C] Axis Angle + Covariance-Constrained Null (DAVE'S QUESTION)
             Axes tag: axes_peakbin_saccCS-sacc-horizontal-20mssw
             Uses trained sC and sS_raw axes
             Tests: 'less aligned than geometry-constrained chance'

============================================================
[20201004] Processing...

  [Analysis C] Axis angle + covariance-constrained null...
  [axis-cov] Observed: |cos(θ)|=0.0786, θ=85.5°
  [null] Manifold dim: 87, D_eff=5.9
         Expected |cos(θ)| ≈ 0.410 (angle ≈ 65.8°)
  [null] Running 1000 covariance-constrained null samples...
    [200/1000] null_mean=0.1841
    [400/1000] null_mean=0.1854
    [600/1000] null_mean=0.1826
    [800/1000] null_mean=0.1859
    [1000/1000] null_mean=0.1868
  [result] a_obs=0.0786, null_mean=0.1868±0.1295
           Δ=-0.1083, z=-0.84
           θ_obs=85.5°, θ_null=79.1°
           p(more orthogonal)=0.2438, p(more aligned)=0.7572
  [saved] /project/bdoiron/dracoxu/rct-fsflow/paper_project_final/out/sacc/alignment/case_i_correctonly/axis_cov_20201004.json

======================================================================
[done] Per-session results saved to /project/bdoiron/dracoxu/rct-fsflow/paper_project_final/out/sacc/alignment/case_i_correctonly
======================================================================
[done] Case i → /project/bdoiron/dracoxu/rct-fsflow/paper_project_final/out/sacc/alignment/case_i_correctonly/

------------------------------------------------------------
[Case ii] Sacc-aligned C & S, pooled trials (correct-only)
  Axes: axes_peakbin_saccCS-sacc-pooled-20mssw
  Orientation: pooled
  OUT_ROOT: /project/bdoiron/dracoxu/rct-fsflow/paper_project_final/out
------------------------------------------------------------
======================================================================
CATEGORY-SACCADE SUBSPACE ALIGNMENT ANALYSIS
======================================================================
[info] Processing 1 session(s)
[info] Mode: axis_cov
[info] out_root: /project/bdoiron/dracoxu/rct-fsflow/paper_project_final/out
[info] n_perms: 1000

[Analysis C] Axis Angle + Covariance-Constrained Null (DAVE'S QUESTION)
             Axes tag: axes_peakbin_saccCS-sacc-pooled-20mssw
             Uses trained sC and sS_raw axes
             Tests: 'less aligned than geometry-constrained chance'

============================================================
[20201004] Processing...

  [Analysis C] Axis angle + covariance-constrained null...
  [axis-cov] Observed: |cos(θ)|=0.3253, θ=71.0°
  [null] Manifold dim: 96, D_eff=7.5
         Expected |cos(θ)| ≈ 0.364 (angle ≈ 68.6°)
  [null] Running 1000 covariance-constrained null samples...
    [200/1000] null_mean=0.1963
    [400/1000] null_mean=0.1919
    [600/1000] null_mean=0.1931
    [800/1000] null_mean=0.1918
    [1000/1000] null_mean=0.1917
  [result] a_obs=0.3253, null_mean=0.1917±0.1241
           Δ=0.1336, z=1.08
           θ_obs=71.0°, θ_null=78.8°
           p(more orthogonal)=0.8382, p(more aligned)=0.1628
  [saved] /project/bdoiron/dracoxu/rct-fsflow/paper_project_final/out/sacc/alignment/case_ii_correctonly/axis_cov_20201004.json

======================================================================
[done] Per-session results saved to /project/bdoiron/dracoxu/rct-fsflow/paper_project_final/out/sacc/alignment/case_ii_correctonly
======================================================================
[done] Case ii → /project/bdoiron/dracoxu/rct-fsflow/paper_project_final/out/sacc/alignment/case_ii_correctonly/

------------------------------------------------------------
[Case iii] Stim-C (vertical) vs Sacc-S (horizontal) (correct-only)
  C axes: stim/axes_peakbin_stimC-stim-vertical-20mssw (orientation: vertical)
  S axes: sacc/axes_peakbin_saccCS-sacc-horizontal-20mssw (orientation: horizontal)
  OUT_ROOT: /project/bdoiron/dracoxu/rct-fsflow/paper_project_final/out
------------------------------------------------------------
======================================================================
CROSS-ALIGNMENT AXIS ANALYSIS
======================================================================
[info] Processing 1 session(s)
[info] C: stim/axes_peakbin_stimC-stim-vertical-20mssw (vertical)
[info] S: sacc/axes_peakbin_saccCS-sacc-horizontal-20mssw (horizontal)
[info] win_C: [0.1, 0.3], win_S: [-0.1, -0.03]
[info] Use rich conditions: True

============================================================
[20201004] Processing cross-alignment...
  [cross] Building geometry from both epochs...
          C epoch: stim, window=(0.1, 0.3), trials=237
          S epoch: sacc, window=(-0.1, -0.03), trials=291
          D_C shape: (123, 120), D_S shape: (123, 112)
  [cross] Observed: |cos(θ)|=0.4240, θ=64.9°
  [null] Manifold dim: 103, D_eff=15.6
         Expected |cos(θ)| ≈ 0.202 (angle ≈ 78.3°)
  [null] Running 1000 covariance-constrained null samples...
    [200/1000] null_mean=0.1748
    [400/1000] null_mean=0.1717
    [600/1000] null_mean=0.1705
    [800/1000] null_mean=0.1707
    [1000/1000] null_mean=0.1723
  [result] a_obs=0.4240, null_mean=0.1723±0.1161
           Δ=0.2517, z=2.17
           θ_obs=64.9°, θ_null=80.0°
           p(more orthogonal)=0.9750, p(more aligned)=0.0260
  [saved] /project/bdoiron/dracoxu/rct-fsflow/paper_project_final/out/cross_alignment/case_iii_correctonly/cross_case_iii_correctonly_20201004.json

======================================================================
[done] Results saved to /project/bdoiron/dracoxu/rct-fsflow/paper_project_final/out/cross_alignment/case_iii_correctonly
======================================================================
[done] Case iii → /project/bdoiron/dracoxu/rct-fsflow/paper_project_final/out/cross_alignment/case_iii_correctonly/

------------------------------------------------------------
[Case iv] Stim-C (pooled) vs Sacc-S (pooled) (correct-only)
  C axes: stim/axes_peakbin_stimC-stim-pooled-20mssw (orientation: pooled)
  S axes: sacc/axes_peakbin_saccCS-sacc-pooled-20mssw (orientation: pooled)
  OUT_ROOT: /project/bdoiron/dracoxu/rct-fsflow/paper_project_final/out
------------------------------------------------------------
======================================================================
CROSS-ALIGNMENT AXIS ANALYSIS
======================================================================
[info] Processing 1 session(s)
[info] C: stim/axes_peakbin_stimC-stim-pooled-20mssw (pooled)
[info] S: sacc/axes_peakbin_saccCS-sacc-pooled-20mssw (pooled)
[info] win_C: [0.1, 0.3], win_S: [-0.1, -0.03]
[info] Use rich conditions: True

============================================================
[20201004] Processing cross-alignment...
  [cross] Building geometry from both epochs...
          C epoch: stim, window=(0.1, 0.3), trials=528
          S epoch: sacc, window=(-0.1, -0.03), trials=528
          D_C shape: (123, 240), D_S shape: (123, 168)
  [cross] Observed: |cos(θ)|=0.3536, θ=69.3°
  [null] Manifold dim: 109, D_eff=16.6
         Expected |cos(θ)| ≈ 0.196 (angle ≈ 78.7°)
  [null] Running 1000 covariance-constrained null samples...
    [200/1000] null_mean=0.1460
    [400/1000] null_mean=0.1502
    [600/1000] null_mean=0.1479
    [800/1000] null_mean=0.1475
    [1000/1000] null_mean=0.1499
  [result] a_obs=0.3536, null_mean=0.1499±0.1038
           Δ=0.2037, z=1.96
           θ_obs=69.3°, θ_null=81.3°
           p(more orthogonal)=0.9500, p(more aligned)=0.0509
  [saved] /project/bdoiron/dracoxu/rct-fsflow/paper_project_final/out/cross_alignment/case_iv_correctonly/cross_case_iv_correctonly_20201004.json

======================================================================
[done] Results saved to /project/bdoiron/dracoxu/rct-fsflow/paper_project_final/out/cross_alignment/case_iv_correctonly
======================================================================
[done] Case iv → /project/bdoiron/dracoxu/rct-fsflow/paper_project_final/out/cross_alignment/case_iv_correctonly/

==============================================================
ALL TRIALS (out_nofilter/)
==============================================================

------------------------------------------------------------
[Case i] Sacc-aligned C & S, horizontal trials (all-trials)
  Axes: axes_peakbin_saccCS-sacc-horizontal-20mssw_nofilter
  Orientation: horizontal
  OUT_ROOT: /project/bdoiron/dracoxu/rct-fsflow/paper_project_final/out_nofilter
------------------------------------------------------------
======================================================================
CATEGORY-SACCADE SUBSPACE ALIGNMENT ANALYSIS
======================================================================
[info] Processing 1 session(s)
[info] Mode: axis_cov
[info] out_root: /project/bdoiron/dracoxu/rct-fsflow/paper_project_final/out_nofilter
[info] n_perms: 1000

[Analysis C] Axis Angle + Covariance-Constrained Null (DAVE'S QUESTION)
             Axes tag: axes_peakbin_saccCS-sacc-horizontal-20mssw_nofilter
             Uses trained sC and sS_raw axes
             Tests: 'less aligned than geometry-constrained chance'

============================================================
[20201004] Processing...

  [Analysis C] Axis angle + covariance-constrained null...
  [axis-cov] Observed: |cos(θ)|=0.0541, θ=86.9°
  [null] Manifold dim: 86, D_eff=5.9
         Expected |cos(θ)| ≈ 0.411 (angle ≈ 65.7°)
  [null] Running 1000 covariance-constrained null samples...
    [200/1000] null_mean=0.1834
    [400/1000] null_mean=0.1852
    [600/1000] null_mean=0.1945
    [800/1000] null_mean=0.1933
    [1000/1000] null_mean=0.1972
  [result] a_obs=0.0541, null_mean=0.1972±0.1311
           Δ=-0.1432, z=-1.09
           θ_obs=86.9°, θ_null=78.5°
           p(more orthogonal)=0.1469, p(more aligned)=0.8541
  [saved] /project/bdoiron/dracoxu/rct-fsflow/paper_project_final/out_nofilter/sacc/alignment/case_i_alltrials/axis_cov_20201004.json

======================================================================
[done] Per-session results saved to /project/bdoiron/dracoxu/rct-fsflow/paper_project_final/out_nofilter/sacc/alignment/case_i_alltrials
======================================================================
[done] Case i → /project/bdoiron/dracoxu/rct-fsflow/paper_project_final/out_nofilter/sacc/alignment/case_i_alltrials/

------------------------------------------------------------
[Case ii] Sacc-aligned C & S, pooled trials (all-trials)
  Axes: axes_peakbin_saccCS-sacc-pooled-20mssw_nofilter
  Orientation: pooled
  OUT_ROOT: /project/bdoiron/dracoxu/rct-fsflow/paper_project_final/out_nofilter
------------------------------------------------------------
======================================================================
CATEGORY-SACCADE SUBSPACE ALIGNMENT ANALYSIS
======================================================================
[info] Processing 1 session(s)
[info] Mode: axis_cov
[info] out_root: /project/bdoiron/dracoxu/rct-fsflow/paper_project_final/out_nofilter
[info] n_perms: 1000

[Analysis C] Axis Angle + Covariance-Constrained Null (DAVE'S QUESTION)
             Axes tag: axes_peakbin_saccCS-sacc-pooled-20mssw_nofilter
             Uses trained sC and sS_raw axes
             Tests: 'less aligned than geometry-constrained chance'

============================================================
[20201004] Processing...

  [Analysis C] Axis angle + covariance-constrained null...
  [axis-cov] Observed: |cos(θ)|=0.2585, θ=75.0°
  [null] Manifold dim: 96, D_eff=7.3
         Expected |cos(θ)| ≈ 0.370 (angle ≈ 68.3°)
  [null] Running 1000 covariance-constrained null samples...
    [200/1000] null_mean=0.1956
    [400/1000] null_mean=0.1958
    [600/1000] null_mean=0.2054
    [800/1000] null_mean=0.2031
    [1000/1000] null_mean=0.2012
  [result] a_obs=0.2585, null_mean=0.2012±0.1308
           Δ=0.0574, z=0.44
           θ_obs=75.0°, θ_null=78.3°
           p(more orthogonal)=0.6943, p(more aligned)=0.3067
  [saved] /project/bdoiron/dracoxu/rct-fsflow/paper_project_final/out_nofilter/sacc/alignment/case_ii_alltrials/axis_cov_20201004.json

======================================================================
[done] Per-session results saved to /project/bdoiron/dracoxu/rct-fsflow/paper_project_final/out_nofilter/sacc/alignment/case_ii_alltrials
======================================================================
[done] Case ii → /project/bdoiron/dracoxu/rct-fsflow/paper_project_final/out_nofilter/sacc/alignment/case_ii_alltrials/

------------------------------------------------------------
[Case iii] Stim-C (vertical) vs Sacc-S (horizontal) (all-trials)
  C axes: stim/axes_peakbin_stimC-stim-vertical-20mssw_nofilter (orientation: vertical)
  S axes: sacc/axes_peakbin_saccCS-sacc-horizontal-20mssw_nofilter (orientation: horizontal)
  OUT_ROOT: /project/bdoiron/dracoxu/rct-fsflow/paper_project_final/out_nofilter
------------------------------------------------------------
======================================================================
CROSS-ALIGNMENT AXIS ANALYSIS
======================================================================
[info] Processing 1 session(s)
[info] C: stim/axes_peakbin_stimC-stim-vertical-20mssw_nofilter (vertical)
[info] S: sacc/axes_peakbin_saccCS-sacc-horizontal-20mssw_nofilter (horizontal)
[info] win_C: [0.1, 0.3], win_S: [-0.1, -0.03]
[info] Use rich conditions: True

============================================================
[20201004] Processing cross-alignment...
  [cross] Building geometry from both epochs...
          C epoch: stim, window=(0.1, 0.3), trials=251
          S epoch: sacc, window=(-0.1, -0.03), trials=297
          D_C shape: (123, 120), D_S shape: (123, 112)
  [cross] Observed: |cos(θ)|=0.4296, θ=64.6°
  [null] Manifold dim: 103, D_eff=15.1
         Expected |cos(θ)| ≈ 0.205 (angle ≈ 78.2°)
  [null] Running 1000 covariance-constrained null samples...
    [200/1000] null_mean=0.1745
    [400/1000] null_mean=0.1738
    [600/1000] null_mean=0.1724
    [800/1000] null_mean=0.1720
    [1000/1000] null_mean=0.1727
  [result] a_obs=0.4296, null_mean=0.1727±0.1159
           Δ=0.2569, z=2.22
           θ_obs=64.6°, θ_null=80.0°
           p(more orthogonal)=0.9760, p(more aligned)=0.0250
  [saved] /project/bdoiron/dracoxu/rct-fsflow/paper_project_final/out_nofilter/cross_alignment/case_iii_alltrials/cross_case_iii_alltrials_20201004.json

======================================================================
[done] Results saved to /project/bdoiron/dracoxu/rct-fsflow/paper_project_final/out_nofilter/cross_alignment/case_iii_alltrials
======================================================================
[done] Case iii → /project/bdoiron/dracoxu/rct-fsflow/paper_project_final/out_nofilter/cross_alignment/case_iii_alltrials/

------------------------------------------------------------
[Case iv] Stim-C (pooled) vs Sacc-S (pooled) (all-trials)
  C axes: stim/axes_peakbin_stimC-stim-pooled-20mssw_nofilter (orientation: pooled)
  S axes: sacc/axes_peakbin_saccCS-sacc-pooled-20mssw_nofilter (orientation: pooled)
  OUT_ROOT: /project/bdoiron/dracoxu/rct-fsflow/paper_project_final/out_nofilter
------------------------------------------------------------
======================================================================
CROSS-ALIGNMENT AXIS ANALYSIS
======================================================================
[info] Processing 1 session(s)
[info] C: stim/axes_peakbin_stimC-stim-pooled-20mssw_nofilter (pooled)
[info] S: sacc/axes_peakbin_saccCS-sacc-pooled-20mssw_nofilter (pooled)
[info] win_C: [0.1, 0.3], win_S: [-0.1, -0.03]
[info] Use rich conditions: True

============================================================
[20201004] Processing cross-alignment...
  [cross] Building geometry from both epochs...
          C epoch: stim, window=(0.1, 0.3), trials=548
          S epoch: sacc, window=(-0.1, -0.03), trials=548
          D_C shape: (123, 240), D_S shape: (123, 168)
  [cross] Observed: |cos(θ)|=0.2815, θ=73.6°
  [null] Manifold dim: 109, D_eff=16.1
         Expected |cos(θ)| ≈ 0.199 (angle ≈ 78.5°)
  [null] Running 1000 covariance-constrained null samples...
    [200/1000] null_mean=0.1460
    [400/1000] null_mean=0.1501
    [600/1000] null_mean=0.1467
    [800/1000] null_mean=0.1472
    [1000/1000] null_mean=0.1490
  [result] a_obs=0.2815, null_mean=0.1490±0.1018
           Δ=0.1325, z=1.30
           θ_obs=73.6°, θ_null=81.4°
           p(more orthogonal)=0.8821, p(more aligned)=0.1189
  [saved] /project/bdoiron/dracoxu/rct-fsflow/paper_project_final/out_nofilter/cross_alignment/case_iv_alltrials/cross_case_iv_alltrials_20201004.json

======================================================================
[done] Results saved to /project/bdoiron/dracoxu/rct-fsflow/paper_project_final/out_nofilter/cross_alignment/case_iv_alltrials
======================================================================
[done] Case iv → /project/bdoiron/dracoxu/rct-fsflow/paper_project_final/out_nofilter/cross_alignment/case_iv_alltrials/

==============================================================
[done] All cases complete for SID=20201004
==============================================================
