==============================================================
AXIS ALIGNMENT ANALYSIS - Session 20231103 (task 18)
==============================================================

[info] Running alignment analysis for 20231103
       Mode: both (AI + axis_shuffle)
       n_perms: 1000

======================================================================
CATEGORY-SACCADE SUBSPACE ALIGNMENT ANALYSIS
======================================================================
[info] Processing 1 session(s)
[info] Mode: both
[info] out_root: /project/bdoiron/dracoxu/rct-fsflow/paper_project_final/out
[info] n_perms: 1000

[Analysis A] Alignment Index + Covariance-Matched Null
             Category window: [-0.3, -0.1]
             Saccade window: [-0.1, -0.03]
             Subspace dim k: 6
             Tests: 'less aligned than chance' (orthogonality)

[Analysis B] Axis Angle + Label-Shuffle Null
             Axes tag: axes_peakbin_saccCS-sacc-horizontal-20mssw
             Tests: 'more aligned than chance' (label-specific)

============================================================
[20231103] Processing...

  [Analysis A] Alignment Index...
  [AI] Building condition-averaged matrices...
       Category window: (-0.3, -0.1)
       Saccade window: (-0.1, -0.03)
       D_C shape: (72, 38), D_S shape: (72, 16)
       Category subspace: (72, 6), var_explained=0.490
       Saccade subspace: (72, 6), var_explained=0.835
  [AI] Observed AI = 0.2256
       Principal angles (deg): [55.54415798 60.41686915 66.26296921 71.07414917 76.95424967 83.37362765]
       Mean angle: 68.9°, Overlap: 0.1492
  [null] Manifold dim: 38 (from 54 total)
         Expected random overlap (isotropic): ~0.158
  [null] Running 1000 covariance-matched null samples...
    [200/1000] null_AI_mean=0.4189
    [400/1000] null_AI_mean=0.4203
    [600/1000] null_AI_mean=0.4200
    [800/1000] null_AI_mean=0.4201
    [1000/1000] null_AI_mean=0.4192
  [result] AI_obs=0.2256, null_mean=0.4192±0.0398
           Δ_AI=-0.1937
           p(less aligned)=0.0010, p(more aligned)=1.0000
