==============================================================
AXIS ALIGNMENT ANALYSIS - ALL FOUR CASES
Session: 20201204 (task 9)
Filter mode: both
==============================================================

==============================================================
CORRECT-ONLY TRIALS (out/)
==============================================================

------------------------------------------------------------
[Case i] Sacc-aligned C & S, horizontal trials (correct-only)
  Axes: axes_peakbin_saccCS-sacc-horizontal-20mssw
  Orientation: horizontal
  OUT_ROOT: /project/bdoiron/dracoxu/rct-fsflow/paper_project_final/out
  Covariance windows (SACC-aligned): C=[-0.20, 0.05], S=[-0.20, 0.05]
------------------------------------------------------------
======================================================================
CATEGORY-SACCADE SUBSPACE ALIGNMENT ANALYSIS
======================================================================
[info] Processing 1 session(s)
[info] Mode: axis_cov
[info] out_root: /project/bdoiron/dracoxu/rct-fsflow/paper_project_final/out
[info] n_perms: 1000

[Analysis C] Axis Angle + Covariance-Constrained Null (DAVE'S QUESTION)
             Axes tag: axes_peakbin_saccCS-sacc-horizontal-20mssw
             Uses trained sC and sS_raw axes
             Tests: 'less aligned than geometry-constrained chance'

============================================================
[20201204] Processing...

  [Analysis C] Axis angle + covariance-constrained null...
  [axis-cov] Observed: |cos(θ)|=0.0247, θ=88.6°
  [null] Manifold dim: 27, D_eff=4.2
         Expected |cos(θ)| ≈ 0.485 (angle ≈ 61.0°)
  [null] Running 1000 covariance-constrained null samples...
    [200/1000] null_mean=0.2605
    [400/1000] null_mean=0.2638
    [600/1000] null_mean=0.2654
    [800/1000] null_mean=0.2602
    [1000/1000] null_mean=0.2605
  [result] a_obs=0.0247, null_mean=0.2605±0.1726
           Δ=-0.2358, z=-1.37
           θ_obs=88.6°, θ_null=74.6°
           p(more orthogonal)=0.0579, p(more aligned)=0.9431
  [saved] /project/bdoiron/dracoxu/rct-fsflow/paper_project_final/out/sacc/alignment/case_i_correctonly/axis_cov_20201204.json

======================================================================
[done] Per-session results saved to /project/bdoiron/dracoxu/rct-fsflow/paper_project_final/out/sacc/alignment/case_i_correctonly
======================================================================
[done] Case i → /project/bdoiron/dracoxu/rct-fsflow/paper_project_final/out/sacc/alignment/case_i_correctonly/

------------------------------------------------------------
[Case ii] Sacc-aligned C & S, pooled trials (correct-only)
  Axes: axes_peakbin_saccCS-sacc-pooled-20mssw
  Orientation: pooled
  OUT_ROOT: /project/bdoiron/dracoxu/rct-fsflow/paper_project_final/out
  Covariance windows (SACC-aligned): C=[-0.20, 0.05], S=[-0.20, 0.05]
------------------------------------------------------------
======================================================================
CATEGORY-SACCADE SUBSPACE ALIGNMENT ANALYSIS
======================================================================
[info] Processing 1 session(s)
[info] Mode: axis_cov
[info] out_root: /project/bdoiron/dracoxu/rct-fsflow/paper_project_final/out
[info] n_perms: 1000

[Analysis C] Axis Angle + Covariance-Constrained Null (DAVE'S QUESTION)
             Axes tag: axes_peakbin_saccCS-sacc-pooled-20mssw
             Uses trained sC and sS_raw axes
             Tests: 'less aligned than geometry-constrained chance'

============================================================
[20201204] Processing...

  [Analysis C] Axis angle + covariance-constrained null...
  [axis-cov] Observed: |cos(θ)|=0.0448, θ=87.4°
  [null] Manifold dim: 25, D_eff=4.5
         Expected |cos(θ)| ≈ 0.470 (angle ≈ 62.0°)
  [null] Running 1000 covariance-constrained null samples...
    [200/1000] null_mean=0.2580
    [400/1000] null_mean=0.2528
    [600/1000] null_mean=0.2543
    [800/1000] null_mean=0.2544
    [1000/1000] null_mean=0.2537
  [result] a_obs=0.0448, null_mean=0.2537±0.1616
           Δ=-0.2089, z=-1.29
           θ_obs=87.4°, θ_null=75.1°
           p(more orthogonal)=0.0979, p(more aligned)=0.9031
  [saved] /project/bdoiron/dracoxu/rct-fsflow/paper_project_final/out/sacc/alignment/case_ii_correctonly/axis_cov_20201204.json

======================================================================
[done] Per-session results saved to /project/bdoiron/dracoxu/rct-fsflow/paper_project_final/out/sacc/alignment/case_ii_correctonly
======================================================================
[done] Case ii → /project/bdoiron/dracoxu/rct-fsflow/paper_project_final/out/sacc/alignment/case_ii_correctonly/

------------------------------------------------------------
[Case iii] Stim-C (vertical) vs Sacc-S (horizontal) (correct-only)
  C axes: stim/axes_peakbin_stimC-stim-vertical-20mssw (orientation: vertical)
  S axes: sacc/axes_peakbin_saccCS-sacc-horizontal-20mssw (orientation: horizontal)
  OUT_ROOT: /project/bdoiron/dracoxu/rct-fsflow/paper_project_final/out
  Covariance windows: C(stim)=[0.00, 0.50], S(sacc)=[-0.20, 0.05]
------------------------------------------------------------
======================================================================
CROSS-ALIGNMENT AXIS ANALYSIS
======================================================================
[info] Processing 1 session(s)
[info] C: stim/axes_peakbin_stimC-stim-vertical-20mssw (vertical)
[info] S: sacc/axes_peakbin_saccCS-sacc-horizontal-20mssw (horizontal)
[info] win_C: [0.0, 0.5], win_S: [-0.2, 0.05]
[info] Use rich conditions: False

============================================================
[20201204] Processing cross-alignment...
  [cross] Building geometry from both epochs...
          C epoch: stim, window=(0.0, 0.5), trials=229
          S epoch: sacc, window=(-0.2, 0.05), trials=285
          D_C shape: (59, 100), D_S shape: (59, 100)
  [cross] Observed: |cos(θ)|=0.8296, θ=33.9°
  [null] Manifold dim: 47, D_eff=8.0
         Expected |cos(θ)| ≈ 0.282 (angle ≈ 73.6°)
  [null] Running 1000 covariance-constrained null samples...
    [200/1000] null_mean=0.1958
    [400/1000] null_mean=0.2033
    [600/1000] null_mean=0.2092
    [800/1000] null_mean=0.2082
    [1000/1000] null_mean=0.2080
  [result] a_obs=0.8296, null_mean=0.2080±0.1460
           Δ=0.6215, z=4.26
           θ_obs=33.9°, θ_null=77.8°
           p(more orthogonal)=1.0000, p(more aligned)=0.0010
  [saved] /project/bdoiron/dracoxu/rct-fsflow/paper_project_final/out/cross_alignment/case_iii_correctonly/cross_case_iii_correctonly_20201204.json

======================================================================
[done] Results saved to /project/bdoiron/dracoxu/rct-fsflow/paper_project_final/out/cross_alignment/case_iii_correctonly
======================================================================
[done] Case iii → /project/bdoiron/dracoxu/rct-fsflow/paper_project_final/out/cross_alignment/case_iii_correctonly/

------------------------------------------------------------
[Case iv] Stim-C (pooled) vs Sacc-S (pooled) (correct-only)
  C axes: stim/axes_peakbin_stimC-stim-pooled-20mssw (orientation: pooled)
  S axes: sacc/axes_peakbin_saccCS-sacc-pooled-20mssw (orientation: pooled)
  OUT_ROOT: /project/bdoiron/dracoxu/rct-fsflow/paper_project_final/out
  Covariance windows: C(stim)=[0.00, 0.50], S(sacc)=[-0.20, 0.05]
------------------------------------------------------------
======================================================================
CROSS-ALIGNMENT AXIS ANALYSIS
======================================================================
[info] Processing 1 session(s)
[info] C: stim/axes_peakbin_stimC-stim-pooled-20mssw (pooled)
[info] S: sacc/axes_peakbin_saccCS-sacc-pooled-20mssw (pooled)
[info] win_C: [0.0, 0.5], win_S: [-0.2, 0.05]
[info] Use rich conditions: False

============================================================
[20201204] Processing cross-alignment...
  [cross] Building geometry from both epochs...
          C epoch: stim, window=(0.0, 0.5), trials=514
          S epoch: sacc, window=(-0.2, 0.05), trials=514
          D_C shape: (59, 100), D_S shape: (59, 100)
  [cross] Observed: |cos(θ)|=0.2820, θ=73.6°
  [null] Manifold dim: 45, D_eff=6.2
         Expected |cos(θ)| ≈ 0.320 (angle ≈ 71.3°)
  [null] Running 1000 covariance-constrained null samples...
    [200/1000] null_mean=0.1056
    [400/1000] null_mean=0.1044
    [600/1000] null_mean=0.1080
    [800/1000] null_mean=0.1114
    [1000/1000] null_mean=0.1104
  [result] a_obs=0.2820, null_mean=0.1104±0.0822
           Δ=0.1716, z=2.09
           θ_obs=73.6°, θ_null=83.6°
           p(more orthogonal)=0.9630, p(more aligned)=0.0380
  [saved] /project/bdoiron/dracoxu/rct-fsflow/paper_project_final/out/cross_alignment/case_iv_correctonly/cross_case_iv_correctonly_20201204.json

======================================================================
[done] Results saved to /project/bdoiron/dracoxu/rct-fsflow/paper_project_final/out/cross_alignment/case_iv_correctonly
======================================================================
[done] Case iv → /project/bdoiron/dracoxu/rct-fsflow/paper_project_final/out/cross_alignment/case_iv_correctonly/

------------------------------------------------------------
[Case v] Stim-C (horizontal) vs Sacc-S (horizontal) (correct-only)
  C axes: stim/axes_peakbin_stimC-stim-horizontal-20mssw (orientation: horizontal)
  S axes: sacc/axes_peakbin_saccCS-sacc-horizontal-20mssw (orientation: horizontal)
  OUT_ROOT: /project/bdoiron/dracoxu/rct-fsflow/paper_project_final/out
  Covariance windows: C(stim)=[0.00, 0.50], S(sacc)=[-0.20, 0.05]
------------------------------------------------------------
======================================================================
CROSS-ALIGNMENT AXIS ANALYSIS
======================================================================
[info] Processing 1 session(s)
[info] C: stim/axes_peakbin_stimC-stim-horizontal-20mssw (horizontal)
[info] S: sacc/axes_peakbin_saccCS-sacc-horizontal-20mssw (horizontal)
[info] win_C: [0.0, 0.5], win_S: [-0.2, 0.05]
[info] Use rich conditions: False

============================================================
[20201204] Processing cross-alignment...
  [cross] Building geometry from both epochs...
          C epoch: stim, window=(0.0, 0.5), trials=285
          S epoch: sacc, window=(-0.2, 0.05), trials=285
          D_C shape: (59, 100), D_S shape: (59, 100)
  [cross] Observed: |cos(θ)|=0.0145, θ=89.2°
  [null] Manifold dim: 48, D_eff=7.9
         Expected |cos(θ)| ≈ 0.284 (angle ≈ 73.5°)
  [null] Running 1000 covariance-constrained null samples...
    [200/1000] null_mean=0.1443
    [400/1000] null_mean=0.1426
    [600/1000] null_mean=0.1390
    [800/1000] null_mean=0.1367
    [1000/1000] null_mean=0.1345
  [result] a_obs=0.0145, null_mean=0.1345±0.0988
           Δ=-0.1200, z=-1.22
           θ_obs=89.2°, θ_null=82.2°
           p(more orthogonal)=0.0559, p(more aligned)=0.9451
  [saved] /project/bdoiron/dracoxu/rct-fsflow/paper_project_final/out/cross_alignment/case_v_correctonly/cross_case_v_correctonly_20201204.json

======================================================================
[done] Results saved to /project/bdoiron/dracoxu/rct-fsflow/paper_project_final/out/cross_alignment/case_v_correctonly
======================================================================
[done] Case v → /project/bdoiron/dracoxu/rct-fsflow/paper_project_final/out/cross_alignment/case_v_correctonly/

------------------------------------------------------------
[Case vi] Sacc-aligned C & S, vertical trials (correct-only)
  Axes: axes_peakbin_saccCS-sacc-vertical-20mssw
  Orientation: vertical
  OUT_ROOT: /project/bdoiron/dracoxu/rct-fsflow/paper_project_final/out
  Covariance windows (SACC-aligned): C=[-0.20, 0.05], S=[-0.20, 0.05]
------------------------------------------------------------
======================================================================
CATEGORY-SACCADE SUBSPACE ALIGNMENT ANALYSIS
======================================================================
[info] Processing 1 session(s)
[info] Mode: axis_cov
[info] out_root: /project/bdoiron/dracoxu/rct-fsflow/paper_project_final/out
[info] n_perms: 1000

[Analysis C] Axis Angle + Covariance-Constrained Null (DAVE'S QUESTION)
             Axes tag: axes_peakbin_saccCS-sacc-vertical-20mssw
             Uses trained sC and sS_raw axes
             Tests: 'less aligned than geometry-constrained chance'

============================================================
[20201204] Processing...

  [Analysis C] Axis angle + covariance-constrained null...
  [axis-cov] Observed: |cos(θ)|=0.0257, θ=88.5°
  [null] Manifold dim: 28, D_eff=5.1
         Expected |cos(θ)| ≈ 0.441 (angle ≈ 63.8°)
  [null] Running 1000 covariance-constrained null samples...
    [200/1000] null_mean=0.3137
    [400/1000] null_mean=0.3206
    [600/1000] null_mean=0.3210
    [800/1000] null_mean=0.3171
    [1000/1000] null_mean=0.3120
  [result] a_obs=0.0257, null_mean=0.3120±0.2081
           Δ=-0.2863, z=-1.38
           θ_obs=88.5°, θ_null=71.2°
           p(more orthogonal)=0.0579, p(more aligned)=0.9431
  [saved] /project/bdoiron/dracoxu/rct-fsflow/paper_project_final/out/sacc/alignment/case_vi_correctonly/axis_cov_20201204.json

======================================================================
[done] Per-session results saved to /project/bdoiron/dracoxu/rct-fsflow/paper_project_final/out/sacc/alignment/case_vi_correctonly
======================================================================
[done] Case vi → /project/bdoiron/dracoxu/rct-fsflow/paper_project_final/out/sacc/alignment/case_vi_correctonly/

==============================================================
ALL TRIALS (out_nofilter/)
==============================================================

------------------------------------------------------------
[Case i] Sacc-aligned C & S, horizontal trials (all-trials)
  Axes: axes_peakbin_saccCS-sacc-horizontal-20mssw_nofilter
  Orientation: horizontal
  OUT_ROOT: /project/bdoiron/dracoxu/rct-fsflow/paper_project_final/out_nofilter
  Covariance windows (SACC-aligned): C=[-0.20, 0.05], S=[-0.20, 0.05]
------------------------------------------------------------
======================================================================
CATEGORY-SACCADE SUBSPACE ALIGNMENT ANALYSIS
======================================================================
[info] Processing 1 session(s)
[info] Mode: axis_cov
[info] out_root: /project/bdoiron/dracoxu/rct-fsflow/paper_project_final/out_nofilter
[info] n_perms: 1000

[Analysis C] Axis Angle + Covariance-Constrained Null (DAVE'S QUESTION)
             Axes tag: axes_peakbin_saccCS-sacc-horizontal-20mssw_nofilter
             Uses trained sC and sS_raw axes
             Tests: 'less aligned than geometry-constrained chance'

============================================================
[20201204] Processing...

  [Analysis C] Axis angle + covariance-constrained null...
  [axis-cov] Observed: |cos(θ)|=0.0624, θ=86.4°
  [null] Manifold dim: 27, D_eff=4.3
         Expected |cos(θ)| ≈ 0.484 (angle ≈ 61.1°)
  [null] Running 1000 covariance-constrained null samples...
    [200/1000] null_mean=0.2542
    [400/1000] null_mean=0.2437
    [600/1000] null_mean=0.2496
    [800/1000] null_mean=0.2571
    [1000/1000] null_mean=0.2612
  [result] a_obs=0.0624, null_mean=0.2612±0.1776
           Δ=-0.1988, z=-1.12
           θ_obs=86.4°, θ_null=74.5°
           p(more orthogonal)=0.1528, p(more aligned)=0.8482
  [saved] /project/bdoiron/dracoxu/rct-fsflow/paper_project_final/out_nofilter/sacc/alignment/case_i_alltrials/axis_cov_20201204.json

======================================================================
[done] Per-session results saved to /project/bdoiron/dracoxu/rct-fsflow/paper_project_final/out_nofilter/sacc/alignment/case_i_alltrials
======================================================================
[done] Case i → /project/bdoiron/dracoxu/rct-fsflow/paper_project_final/out_nofilter/sacc/alignment/case_i_alltrials/

------------------------------------------------------------
[Case ii] Sacc-aligned C & S, pooled trials (all-trials)
  Axes: axes_peakbin_saccCS-sacc-pooled-20mssw_nofilter
  Orientation: pooled
  OUT_ROOT: /project/bdoiron/dracoxu/rct-fsflow/paper_project_final/out_nofilter
  Covariance windows (SACC-aligned): C=[-0.20, 0.05], S=[-0.20, 0.05]
------------------------------------------------------------
======================================================================
CATEGORY-SACCADE SUBSPACE ALIGNMENT ANALYSIS
======================================================================
[info] Processing 1 session(s)
[info] Mode: axis_cov
[info] out_root: /project/bdoiron/dracoxu/rct-fsflow/paper_project_final/out_nofilter
[info] n_perms: 1000

[Analysis C] Axis Angle + Covariance-Constrained Null (DAVE'S QUESTION)
             Axes tag: axes_peakbin_saccCS-sacc-pooled-20mssw_nofilter
             Uses trained sC and sS_raw axes
             Tests: 'less aligned than geometry-constrained chance'

============================================================
[20201204] Processing...

  [Analysis C] Axis angle + covariance-constrained null...
  [axis-cov] Observed: |cos(θ)|=0.0825, θ=85.3°
  [null] Manifold dim: 25, D_eff=4.5
         Expected |cos(θ)| ≈ 0.470 (angle ≈ 62.0°)
  [null] Running 1000 covariance-constrained null samples...
    [200/1000] null_mean=0.2428
    [400/1000] null_mean=0.2559
    [600/1000] null_mean=0.2591
    [800/1000] null_mean=0.2561
    [1000/1000] null_mean=0.2570
  [result] a_obs=0.0825, null_mean=0.2570±0.1627
           Δ=-0.1745, z=-1.07
           θ_obs=85.3°, θ_null=74.9°
           p(more orthogonal)=0.1758, p(more aligned)=0.8252
  [saved] /project/bdoiron/dracoxu/rct-fsflow/paper_project_final/out_nofilter/sacc/alignment/case_ii_alltrials/axis_cov_20201204.json

======================================================================
[done] Per-session results saved to /project/bdoiron/dracoxu/rct-fsflow/paper_project_final/out_nofilter/sacc/alignment/case_ii_alltrials
======================================================================
[done] Case ii → /project/bdoiron/dracoxu/rct-fsflow/paper_project_final/out_nofilter/sacc/alignment/case_ii_alltrials/

------------------------------------------------------------
[Case iii] Stim-C (vertical) vs Sacc-S (horizontal) (all-trials)
  C axes: stim/axes_peakbin_stimC-stim-vertical-20mssw_nofilter (orientation: vertical)
  S axes: sacc/axes_peakbin_saccCS-sacc-horizontal-20mssw_nofilter (orientation: horizontal)
  OUT_ROOT: /project/bdoiron/dracoxu/rct-fsflow/paper_project_final/out_nofilter
  Covariance windows: C(stim)=[0.00, 0.50], S(sacc)=[-0.20, 0.05]
------------------------------------------------------------
======================================================================
CROSS-ALIGNMENT AXIS ANALYSIS
======================================================================
[info] Processing 1 session(s)
[info] C: stim/axes_peakbin_stimC-stim-vertical-20mssw_nofilter (vertical)
[info] S: sacc/axes_peakbin_saccCS-sacc-horizontal-20mssw_nofilter (horizontal)
[info] win_C: [0.0, 0.5], win_S: [-0.2, 0.05]
[info] Use rich conditions: False

============================================================
[20201204] Processing cross-alignment...
  [cross] Building geometry from both epochs...
          C epoch: stim, window=(0.0, 0.5), trials=238
          S epoch: sacc, window=(-0.2, 0.05), trials=287
          D_C shape: (59, 100), D_S shape: (59, 100)
  [cross] Observed: |cos(θ)|=0.8253, θ=34.4°
  [null] Manifold dim: 47, D_eff=7.9
         Expected |cos(θ)| ≈ 0.284 (angle ≈ 73.5°)
  [null] Running 1000 covariance-constrained null samples...
    [200/1000] null_mean=0.2060
    [400/1000] null_mean=0.2092
    [600/1000] null_mean=0.2111
    [800/1000] null_mean=0.2131
    [1000/1000] null_mean=0.2141
  [result] a_obs=0.8253, null_mean=0.2141±0.1514
           Δ=0.6111, z=4.04
           θ_obs=34.4°, θ_null=77.5°
           p(more orthogonal)=1.0000, p(more aligned)=0.0010
  [saved] /project/bdoiron/dracoxu/rct-fsflow/paper_project_final/out_nofilter/cross_alignment/case_iii_alltrials/cross_case_iii_alltrials_20201204.json

======================================================================
[done] Results saved to /project/bdoiron/dracoxu/rct-fsflow/paper_project_final/out_nofilter/cross_alignment/case_iii_alltrials
======================================================================
[done] Case iii → /project/bdoiron/dracoxu/rct-fsflow/paper_project_final/out_nofilter/cross_alignment/case_iii_alltrials/

------------------------------------------------------------
[Case iv] Stim-C (pooled) vs Sacc-S (pooled) (all-trials)
  C axes: stim/axes_peakbin_stimC-stim-pooled-20mssw_nofilter (orientation: pooled)
  S axes: sacc/axes_peakbin_saccCS-sacc-pooled-20mssw_nofilter (orientation: pooled)
  OUT_ROOT: /project/bdoiron/dracoxu/rct-fsflow/paper_project_final/out_nofilter
  Covariance windows: C(stim)=[0.00, 0.50], S(sacc)=[-0.20, 0.05]
------------------------------------------------------------
======================================================================
CROSS-ALIGNMENT AXIS ANALYSIS
======================================================================
[info] Processing 1 session(s)
[info] C: stim/axes_peakbin_stimC-stim-pooled-20mssw_nofilter (pooled)
[info] S: sacc/axes_peakbin_saccCS-sacc-pooled-20mssw_nofilter (pooled)
[info] win_C: [0.0, 0.5], win_S: [-0.2, 0.05]
[info] Use rich conditions: False

============================================================
[20201204] Processing cross-alignment...
  [cross] Building geometry from both epochs...
          C epoch: stim, window=(0.0, 0.5), trials=525
          S epoch: sacc, window=(-0.2, 0.05), trials=525
          D_C shape: (59, 100), D_S shape: (59, 100)
  [cross] Observed: |cos(θ)|=0.1756, θ=79.9°
  [null] Manifold dim: 45, D_eff=6.1
         Expected |cos(θ)| ≈ 0.322 (angle ≈ 71.2°)
  [null] Running 1000 covariance-constrained null samples...
    [200/1000] null_mean=0.1267
    [400/1000] null_mean=0.1264
    [600/1000] null_mean=0.1283
    [800/1000] null_mean=0.1298
    [1000/1000] null_mean=0.1312
  [result] a_obs=0.1756, null_mean=0.1312±0.0984
           Δ=0.0444, z=0.45
           θ_obs=79.9°, θ_null=82.4°
           p(more orthogonal)=0.7103, p(more aligned)=0.2907
  [saved] /project/bdoiron/dracoxu/rct-fsflow/paper_project_final/out_nofilter/cross_alignment/case_iv_alltrials/cross_case_iv_alltrials_20201204.json

======================================================================
[done] Results saved to /project/bdoiron/dracoxu/rct-fsflow/paper_project_final/out_nofilter/cross_alignment/case_iv_alltrials
======================================================================
[done] Case iv → /project/bdoiron/dracoxu/rct-fsflow/paper_project_final/out_nofilter/cross_alignment/case_iv_alltrials/

------------------------------------------------------------
[Case v] Stim-C (horizontal) vs Sacc-S (horizontal) (all-trials)
  C axes: stim/axes_peakbin_stimC-stim-horizontal-20mssw_nofilter (orientation: horizontal)
  S axes: sacc/axes_peakbin_saccCS-sacc-horizontal-20mssw_nofilter (orientation: horizontal)
  OUT_ROOT: /project/bdoiron/dracoxu/rct-fsflow/paper_project_final/out_nofilter
  Covariance windows: C(stim)=[0.00, 0.50], S(sacc)=[-0.20, 0.05]
------------------------------------------------------------
======================================================================
CROSS-ALIGNMENT AXIS ANALYSIS
======================================================================
[info] Processing 1 session(s)
[info] C: stim/axes_peakbin_stimC-stim-horizontal-20mssw_nofilter (horizontal)
[info] S: sacc/axes_peakbin_saccCS-sacc-horizontal-20mssw_nofilter (horizontal)
[info] win_C: [0.0, 0.5], win_S: [-0.2, 0.05]
[info] Use rich conditions: False

============================================================
[20201204] Processing cross-alignment...
  [cross] Building geometry from both epochs...
          C epoch: stim, window=(0.0, 0.5), trials=287
          S epoch: sacc, window=(-0.2, 0.05), trials=287
          D_C shape: (59, 100), D_S shape: (59, 100)
  [cross] Observed: |cos(θ)|=0.0019, θ=89.9°
  [null] Manifold dim: 48, D_eff=7.8
         Expected |cos(θ)| ≈ 0.285 (angle ≈ 73.4°)
  [null] Running 1000 covariance-constrained null samples...
    [200/1000] null_mean=0.1391
    [400/1000] null_mean=0.1372
    [600/1000] null_mean=0.1334
    [800/1000] null_mean=0.1317
    [1000/1000] null_mean=0.1290
  [result] a_obs=0.0019, null_mean=0.1290±0.0968
           Δ=-0.1271, z=-1.31
           θ_obs=89.9°, θ_null=82.5°
           p(more orthogonal)=0.0080, p(more aligned)=0.9930
  [**] SIGNIFICANT: Cross-alignment C-S is LOWER than geometry-constrained chance!
  [saved] /project/bdoiron/dracoxu/rct-fsflow/paper_project_final/out_nofilter/cross_alignment/case_v_alltrials/cross_case_v_alltrials_20201204.json

======================================================================
[done] Results saved to /project/bdoiron/dracoxu/rct-fsflow/paper_project_final/out_nofilter/cross_alignment/case_v_alltrials
======================================================================
[done] Case v → /project/bdoiron/dracoxu/rct-fsflow/paper_project_final/out_nofilter/cross_alignment/case_v_alltrials/

------------------------------------------------------------
[Case vi] Sacc-aligned C & S, vertical trials (all-trials)
  Axes: axes_peakbin_saccCS-sacc-vertical-20mssw_nofilter
  Orientation: vertical
  OUT_ROOT: /project/bdoiron/dracoxu/rct-fsflow/paper_project_final/out_nofilter
  Covariance windows (SACC-aligned): C=[-0.20, 0.05], S=[-0.20, 0.05]
------------------------------------------------------------
======================================================================
CATEGORY-SACCADE SUBSPACE ALIGNMENT ANALYSIS
======================================================================
[info] Processing 1 session(s)
[info] Mode: axis_cov
[info] out_root: /project/bdoiron/dracoxu/rct-fsflow/paper_project_final/out_nofilter
[info] n_perms: 1000

[Analysis C] Axis Angle + Covariance-Constrained Null (DAVE'S QUESTION)
             Axes tag: axes_peakbin_saccCS-sacc-vertical-20mssw_nofilter
             Uses trained sC and sS_raw axes
             Tests: 'less aligned than geometry-constrained chance'

============================================================
[20201204] Processing...

  [Analysis C] Axis angle + covariance-constrained null...
  [axis-cov] Observed: |cos(θ)|=0.1213, θ=83.0°
  [null] Manifold dim: 28, D_eff=5.1
         Expected |cos(θ)| ≈ 0.442 (angle ≈ 63.8°)
  [null] Running 1000 covariance-constrained null samples...
    [200/1000] null_mean=0.2938
    [400/1000] null_mean=0.2994
    [600/1000] null_mean=0.3021
    [800/1000] null_mean=0.2983
    [1000/1000] null_mean=0.2943
  [result] a_obs=0.1213, null_mean=0.2943±0.1944
           Δ=-0.1731, z=-0.89
           θ_obs=83.0°, θ_null=72.4°
           p(more orthogonal)=0.2318, p(more aligned)=0.7692
  [saved] /project/bdoiron/dracoxu/rct-fsflow/paper_project_final/out_nofilter/sacc/alignment/case_vi_alltrials/axis_cov_20201204.json

======================================================================
[done] Per-session results saved to /project/bdoiron/dracoxu/rct-fsflow/paper_project_final/out_nofilter/sacc/alignment/case_vi_alltrials
======================================================================
[done] Case vi → /project/bdoiron/dracoxu/rct-fsflow/paper_project_final/out_nofilter/sacc/alignment/case_vi_alltrials/

==============================================================
[done] All cases complete for SID=20201204
==============================================================
