==============================================================
AXIS ALIGNMENT ANALYSIS - ALL FOUR CASES
Session: 20230627 (task 13)
Filter mode: both
==============================================================

==============================================================
CORRECT-ONLY TRIALS (out/)
==============================================================

------------------------------------------------------------
[Case i] Sacc-aligned C & S, horizontal trials (correct-only)
  Axes: axes_peakbin_saccCS-sacc-horizontal-20mssw
  Orientation: horizontal
  OUT_ROOT: /project/bdoiron/dracoxu/rct-fsflow/paper_project_final/out
  Covariance windows (SACC-aligned): C=[-0.20, 0.05], S=[-0.20, 0.05]
------------------------------------------------------------
======================================================================
CATEGORY-SACCADE SUBSPACE ALIGNMENT ANALYSIS
======================================================================
[info] Processing 1 session(s)
[info] Mode: axis_cov
[info] out_root: /project/bdoiron/dracoxu/rct-fsflow/paper_project_final/out
[info] n_perms: 1000

[Analysis C] Axis Angle + Covariance-Constrained Null (DAVE'S QUESTION)
             Axes tag: axes_peakbin_saccCS-sacc-horizontal-20mssw
             Uses trained sC and sS_raw axes
             Tests: 'less aligned than geometry-constrained chance'

============================================================
[20230627] Processing...

  [Analysis C] Axis angle + covariance-constrained null...
  [axis-cov] Observed: |cos(θ)|=0.0404, θ=87.7°
  [null] Manifold dim: 32, D_eff=2.9
         Expected |cos(θ)| ≈ 0.590 (angle ≈ 53.8°)
  [null] Running 1000 covariance-constrained null samples...
    [200/1000] null_mean=0.3782
    [400/1000] null_mean=0.3754
    [600/1000] null_mean=0.3857
    [800/1000] null_mean=0.3831
    [1000/1000] null_mean=0.3810
  [result] a_obs=0.0404, null_mean=0.3810±0.2216
           Δ=-0.3405, z=-1.54
           θ_obs=87.7°, θ_null=66.8°
           p(more orthogonal)=0.0410, p(more aligned)=0.9600
  [**] SIGNIFICANT: C-S alignment is LOWER than geometry-constrained chance!
  [saved] /project/bdoiron/dracoxu/rct-fsflow/paper_project_final/out/sacc/alignment/case_i_correctonly/axis_cov_20230627.json

======================================================================
[done] Per-session results saved to /project/bdoiron/dracoxu/rct-fsflow/paper_project_final/out/sacc/alignment/case_i_correctonly
======================================================================
[done] Case i → /project/bdoiron/dracoxu/rct-fsflow/paper_project_final/out/sacc/alignment/case_i_correctonly/

------------------------------------------------------------
[Case ii] Sacc-aligned C & S, pooled trials (correct-only)
  Axes: axes_peakbin_saccCS-sacc-pooled-20mssw
  Orientation: pooled
  OUT_ROOT: /project/bdoiron/dracoxu/rct-fsflow/paper_project_final/out
  Covariance windows (SACC-aligned): C=[-0.20, 0.05], S=[-0.20, 0.05]
------------------------------------------------------------
======================================================================
CATEGORY-SACCADE SUBSPACE ALIGNMENT ANALYSIS
======================================================================
[info] Processing 1 session(s)
[info] Mode: axis_cov
[info] out_root: /project/bdoiron/dracoxu/rct-fsflow/paper_project_final/out
[info] n_perms: 1000

[Analysis C] Axis Angle + Covariance-Constrained Null (DAVE'S QUESTION)
             Axes tag: axes_peakbin_saccCS-sacc-pooled-20mssw
             Uses trained sC and sS_raw axes
             Tests: 'less aligned than geometry-constrained chance'

============================================================
[20230627] Processing...

  [Analysis C] Axis angle + covariance-constrained null...
  [axis-cov] Observed: |cos(θ)|=0.0128, θ=89.3°
  [null] Manifold dim: 27, D_eff=2.1
         Expected |cos(θ)| ≈ 0.682 (angle ≈ 47.0°)
  [null] Running 1000 covariance-constrained null samples...
    [200/1000] null_mean=0.4535
    [400/1000] null_mean=0.4584
    [600/1000] null_mean=0.4600
    [800/1000] null_mean=0.4647
    [1000/1000] null_mean=0.4653
  [result] a_obs=0.0128, null_mean=0.4653±0.2286
           Δ=-0.4525, z=-1.98
           θ_obs=89.3°, θ_null=61.2°
           p(more orthogonal)=0.0110, p(more aligned)=0.9900
  [**] SIGNIFICANT: C-S alignment is LOWER than geometry-constrained chance!
  [saved] /project/bdoiron/dracoxu/rct-fsflow/paper_project_final/out/sacc/alignment/case_ii_correctonly/axis_cov_20230627.json

======================================================================
[done] Per-session results saved to /project/bdoiron/dracoxu/rct-fsflow/paper_project_final/out/sacc/alignment/case_ii_correctonly
======================================================================
[done] Case ii → /project/bdoiron/dracoxu/rct-fsflow/paper_project_final/out/sacc/alignment/case_ii_correctonly/

------------------------------------------------------------
[Case iii] Stim-C (vertical) vs Sacc-S (horizontal) (correct-only)
  C axes: stim/axes_peakbin_stimC-stim-vertical-20mssw (orientation: vertical)
  S axes: sacc/axes_peakbin_saccCS-sacc-horizontal-20mssw (orientation: horizontal)
  OUT_ROOT: /project/bdoiron/dracoxu/rct-fsflow/paper_project_final/out
  Covariance windows: C(stim)=[0.00, 0.50], S(sacc)=[-0.20, 0.05]
------------------------------------------------------------
======================================================================
CROSS-ALIGNMENT AXIS ANALYSIS
======================================================================
[info] Processing 1 session(s)
[info] C: stim/axes_peakbin_stimC-stim-vertical-20mssw (vertical)
[info] S: sacc/axes_peakbin_saccCS-sacc-horizontal-20mssw (horizontal)
[info] win_C: [0.0, 0.5], win_S: [-0.2, 0.05]
[info] Use rich conditions: False

============================================================
[20230627] Processing cross-alignment...
  [cross] Building geometry from both epochs...
          C epoch: stim, window=(0.0, 0.5), trials=435
          S epoch: sacc, window=(-0.2, 0.05), trials=432
          D_C shape: (68, 100), D_S shape: (68, 100)
  [cross] Observed: |cos(θ)|=0.3540, θ=69.3°
  [null] Manifold dim: 47, D_eff=4.5
         Expected |cos(θ)| ≈ 0.378 (angle ≈ 67.8°)
  [null] Running 1000 covariance-constrained null samples...
    [200/1000] null_mean=0.2191
    [400/1000] null_mean=0.2193
    [600/1000] null_mean=0.2298
    [800/1000] null_mean=0.2250
    [1000/1000] null_mean=0.2272
  [result] a_obs=0.3540, null_mean=0.2272±0.1329
           Δ=0.1268, z=0.95
           θ_obs=69.3°, θ_null=76.7°
           p(more orthogonal)=0.8022, p(more aligned)=0.1988
  [saved] /project/bdoiron/dracoxu/rct-fsflow/paper_project_final/out/cross_alignment/case_iii_correctonly/cross_case_iii_correctonly_20230627.json

======================================================================
[done] Results saved to /project/bdoiron/dracoxu/rct-fsflow/paper_project_final/out/cross_alignment/case_iii_correctonly
======================================================================
[done] Case iii → /project/bdoiron/dracoxu/rct-fsflow/paper_project_final/out/cross_alignment/case_iii_correctonly/

------------------------------------------------------------
[Case iv] Stim-C (pooled) vs Sacc-S (pooled) (correct-only)
  C axes: stim/axes_peakbin_stimC-stim-pooled-20mssw (orientation: pooled)
  S axes: sacc/axes_peakbin_saccCS-sacc-pooled-20mssw (orientation: pooled)
  OUT_ROOT: /project/bdoiron/dracoxu/rct-fsflow/paper_project_final/out
  Covariance windows: C(stim)=[0.00, 0.50], S(sacc)=[-0.20, 0.05]
------------------------------------------------------------
======================================================================
CROSS-ALIGNMENT AXIS ANALYSIS
======================================================================
[info] Processing 1 session(s)
[info] C: stim/axes_peakbin_stimC-stim-pooled-20mssw (pooled)
[info] S: sacc/axes_peakbin_saccCS-sacc-pooled-20mssw (pooled)
[info] win_C: [0.0, 0.5], win_S: [-0.2, 0.05]
[info] Use rich conditions: False

============================================================
[20230627] Processing cross-alignment...
  [cross] Building geometry from both epochs...
          C epoch: stim, window=(0.0, 0.5), trials=867
          S epoch: sacc, window=(-0.2, 0.05), trials=867
          D_C shape: (68, 100), D_S shape: (68, 100)
  [cross] Observed: |cos(θ)|=0.1478, θ=81.5°
  [null] Manifold dim: 47, D_eff=4.5
         Expected |cos(θ)| ≈ 0.377 (angle ≈ 67.9°)
  [null] Running 1000 covariance-constrained null samples...
    [200/1000] null_mean=0.2064
    [400/1000] null_mean=0.2079
    [600/1000] null_mean=0.2174
    [800/1000] null_mean=0.2132
    [1000/1000] null_mean=0.2147
  [result] a_obs=0.1478, null_mean=0.2147±0.1327
           Δ=-0.0669, z=-0.50
           θ_obs=81.5°, θ_null=77.5°
           p(more orthogonal)=0.3646, p(more aligned)=0.6364
  [saved] /project/bdoiron/dracoxu/rct-fsflow/paper_project_final/out/cross_alignment/case_iv_correctonly/cross_case_iv_correctonly_20230627.json

======================================================================
[done] Results saved to /project/bdoiron/dracoxu/rct-fsflow/paper_project_final/out/cross_alignment/case_iv_correctonly
======================================================================
[done] Case iv → /project/bdoiron/dracoxu/rct-fsflow/paper_project_final/out/cross_alignment/case_iv_correctonly/

------------------------------------------------------------
[Case v] Stim-C (horizontal) vs Sacc-S (horizontal) (correct-only)
  C axes: stim/axes_peakbin_stimC-stim-horizontal-20mssw (orientation: horizontal)
  S axes: sacc/axes_peakbin_saccCS-sacc-horizontal-20mssw (orientation: horizontal)
  OUT_ROOT: /project/bdoiron/dracoxu/rct-fsflow/paper_project_final/out
  Covariance windows: C(stim)=[0.00, 0.50], S(sacc)=[-0.20, 0.05]
------------------------------------------------------------
======================================================================
CROSS-ALIGNMENT AXIS ANALYSIS
======================================================================
[info] Processing 1 session(s)
[info] C: stim/axes_peakbin_stimC-stim-horizontal-20mssw (horizontal)
[info] S: sacc/axes_peakbin_saccCS-sacc-horizontal-20mssw (horizontal)
[info] win_C: [0.0, 0.5], win_S: [-0.2, 0.05]
[info] Use rich conditions: False

============================================================
[20230627] Processing cross-alignment...
  [cross] Building geometry from both epochs...
          C epoch: stim, window=(0.0, 0.5), trials=432
          S epoch: sacc, window=(-0.2, 0.05), trials=432
          D_C shape: (68, 100), D_S shape: (68, 100)
  [cross] Observed: |cos(θ)|=0.1230, θ=82.9°
  [null] Manifold dim: 53, D_eff=6.3
         Expected |cos(θ)| ≈ 0.317 (angle ≈ 71.5°)
  [null] Running 1000 covariance-constrained null samples...
    [200/1000] null_mean=0.1784
    [400/1000] null_mean=0.1762
    [600/1000] null_mean=0.1754
    [800/1000] null_mean=0.1778
    [1000/1000] null_mean=0.1782
  [result] a_obs=0.1230, null_mean=0.1782±0.1160
           Δ=-0.0551, z=-0.48
           θ_obs=82.9°, θ_null=79.7°
           p(more orthogonal)=0.3856, p(more aligned)=0.6154
  [saved] /project/bdoiron/dracoxu/rct-fsflow/paper_project_final/out/cross_alignment/case_v_correctonly/cross_case_v_correctonly_20230627.json

======================================================================
[done] Results saved to /project/bdoiron/dracoxu/rct-fsflow/paper_project_final/out/cross_alignment/case_v_correctonly
======================================================================
[done] Case v → /project/bdoiron/dracoxu/rct-fsflow/paper_project_final/out/cross_alignment/case_v_correctonly/

------------------------------------------------------------
[Case vi] Sacc-aligned C & S, vertical trials (correct-only)
  Axes: axes_peakbin_saccCS-sacc-vertical-20mssw
  Orientation: vertical
  OUT_ROOT: /project/bdoiron/dracoxu/rct-fsflow/paper_project_final/out
  Covariance windows (SACC-aligned): C=[-0.20, 0.05], S=[-0.20, 0.05]
------------------------------------------------------------
======================================================================
CATEGORY-SACCADE SUBSPACE ALIGNMENT ANALYSIS
======================================================================
[info] Processing 1 session(s)
[info] Mode: axis_cov
[info] out_root: /project/bdoiron/dracoxu/rct-fsflow/paper_project_final/out
[info] n_perms: 1000

[Analysis C] Axis Angle + Covariance-Constrained Null (DAVE'S QUESTION)
             Axes tag: axes_peakbin_saccCS-sacc-vertical-20mssw
             Uses trained sC and sS_raw axes
             Tests: 'less aligned than geometry-constrained chance'

============================================================
[20230627] Processing...

  [Analysis C] Axis angle + covariance-constrained null...
  [axis-cov] Observed: |cos(θ)|=0.1436, θ=81.7°
  [null] Manifold dim: 32, D_eff=2.2
         Expected |cos(θ)| ≈ 0.671 (angle ≈ 47.9°)
  [null] Running 1000 covariance-constrained null samples...
    [200/1000] null_mean=0.4932
    [400/1000] null_mean=0.4881
    [600/1000] null_mean=0.4830
    [800/1000] null_mean=0.4902
    [1000/1000] null_mean=0.4894
  [result] a_obs=0.1436, null_mean=0.4894±0.2337
           Δ=-0.3458, z=-1.48
           θ_obs=81.7°, θ_null=59.5°
           p(more orthogonal)=0.1039, p(more aligned)=0.8971
  [saved] /project/bdoiron/dracoxu/rct-fsflow/paper_project_final/out/sacc/alignment/case_vi_correctonly/axis_cov_20230627.json

======================================================================
[done] Per-session results saved to /project/bdoiron/dracoxu/rct-fsflow/paper_project_final/out/sacc/alignment/case_vi_correctonly
======================================================================
[done] Case vi → /project/bdoiron/dracoxu/rct-fsflow/paper_project_final/out/sacc/alignment/case_vi_correctonly/

==============================================================
ALL TRIALS (out_nofilter/)
==============================================================

------------------------------------------------------------
[Case i] Sacc-aligned C & S, horizontal trials (all-trials)
  Axes: axes_peakbin_saccCS-sacc-horizontal-20mssw_nofilter
  Orientation: horizontal
  OUT_ROOT: /project/bdoiron/dracoxu/rct-fsflow/paper_project_final/out_nofilter
  Covariance windows (SACC-aligned): C=[-0.20, 0.05], S=[-0.20, 0.05]
------------------------------------------------------------
======================================================================
CATEGORY-SACCADE SUBSPACE ALIGNMENT ANALYSIS
======================================================================
[info] Processing 1 session(s)
[info] Mode: axis_cov
[info] out_root: /project/bdoiron/dracoxu/rct-fsflow/paper_project_final/out_nofilter
[info] n_perms: 1000

[Analysis C] Axis Angle + Covariance-Constrained Null (DAVE'S QUESTION)
             Axes tag: axes_peakbin_saccCS-sacc-horizontal-20mssw_nofilter
             Uses trained sC and sS_raw axes
             Tests: 'less aligned than geometry-constrained chance'

============================================================
[20230627] Processing...

  [Analysis C] Axis angle + covariance-constrained null...
  [axis-cov] Observed: |cos(θ)|=0.0183, θ=89.0°
  [null] Manifold dim: 31, D_eff=2.7
         Expected |cos(θ)| ≈ 0.608 (angle ≈ 52.5°)
  [null] Running 1000 covariance-constrained null samples...
    [200/1000] null_mean=0.3308
    [400/1000] null_mean=0.3395
    [600/1000] null_mean=0.3400
    [800/1000] null_mean=0.3414
    [1000/1000] null_mean=0.3397
  [result] a_obs=0.0183, null_mean=0.3397±0.2065
           Δ=-0.3214, z=-1.56
           θ_obs=89.0°, θ_null=69.5°
           p(more orthogonal)=0.0320, p(more aligned)=0.9690
  [**] SIGNIFICANT: C-S alignment is LOWER than geometry-constrained chance!
  [saved] /project/bdoiron/dracoxu/rct-fsflow/paper_project_final/out_nofilter/sacc/alignment/case_i_alltrials/axis_cov_20230627.json

======================================================================
[done] Per-session results saved to /project/bdoiron/dracoxu/rct-fsflow/paper_project_final/out_nofilter/sacc/alignment/case_i_alltrials
======================================================================
[done] Case i → /project/bdoiron/dracoxu/rct-fsflow/paper_project_final/out_nofilter/sacc/alignment/case_i_alltrials/

------------------------------------------------------------
[Case ii] Sacc-aligned C & S, pooled trials (all-trials)
  Axes: axes_peakbin_saccCS-sacc-pooled-20mssw_nofilter
  Orientation: pooled
  OUT_ROOT: /project/bdoiron/dracoxu/rct-fsflow/paper_project_final/out_nofilter
  Covariance windows (SACC-aligned): C=[-0.20, 0.05], S=[-0.20, 0.05]
------------------------------------------------------------
======================================================================
CATEGORY-SACCADE SUBSPACE ALIGNMENT ANALYSIS
======================================================================
[info] Processing 1 session(s)
[info] Mode: axis_cov
[info] out_root: /project/bdoiron/dracoxu/rct-fsflow/paper_project_final/out_nofilter
[info] n_perms: 1000

[Analysis C] Axis Angle + Covariance-Constrained Null (DAVE'S QUESTION)
             Axes tag: axes_peakbin_saccCS-sacc-pooled-20mssw_nofilter
             Uses trained sC and sS_raw axes
             Tests: 'less aligned than geometry-constrained chance'

============================================================
[20230627] Processing...

  [Analysis C] Axis angle + covariance-constrained null...
  [axis-cov] Observed: |cos(θ)|=0.0019, θ=89.9°
  [null] Manifold dim: 26, D_eff=2.0
         Expected |cos(θ)| ≈ 0.709 (angle ≈ 44.8°)
  [null] Running 1000 covariance-constrained null samples...
    [200/1000] null_mean=0.4532
    [400/1000] null_mean=0.4494
    [600/1000] null_mean=0.4503
    [800/1000] null_mean=0.4397
    [1000/1000] null_mean=0.4366
  [result] a_obs=0.0019, null_mean=0.4366±0.2238
           Δ=-0.4347, z=-1.94
           θ_obs=89.9°, θ_null=63.2°
           p(more orthogonal)=0.0020, p(more aligned)=0.9990
  [**] SIGNIFICANT: C-S alignment is LOWER than geometry-constrained chance!
  [saved] /project/bdoiron/dracoxu/rct-fsflow/paper_project_final/out_nofilter/sacc/alignment/case_ii_alltrials/axis_cov_20230627.json

======================================================================
[done] Per-session results saved to /project/bdoiron/dracoxu/rct-fsflow/paper_project_final/out_nofilter/sacc/alignment/case_ii_alltrials
======================================================================
[done] Case ii → /project/bdoiron/dracoxu/rct-fsflow/paper_project_final/out_nofilter/sacc/alignment/case_ii_alltrials/

------------------------------------------------------------
[Case iii] Stim-C (vertical) vs Sacc-S (horizontal) (all-trials)
  C axes: stim/axes_peakbin_stimC-stim-vertical-20mssw_nofilter (orientation: vertical)
  S axes: sacc/axes_peakbin_saccCS-sacc-horizontal-20mssw_nofilter (orientation: horizontal)
  OUT_ROOT: /project/bdoiron/dracoxu/rct-fsflow/paper_project_final/out_nofilter
  Covariance windows: C(stim)=[0.00, 0.50], S(sacc)=[-0.20, 0.05]
------------------------------------------------------------
======================================================================
CROSS-ALIGNMENT AXIS ANALYSIS
======================================================================
[info] Processing 1 session(s)
[info] C: stim/axes_peakbin_stimC-stim-vertical-20mssw_nofilter (vertical)
[info] S: sacc/axes_peakbin_saccCS-sacc-horizontal-20mssw_nofilter (horizontal)
[info] win_C: [0.0, 0.5], win_S: [-0.2, 0.05]
[info] Use rich conditions: False

============================================================
[20230627] Processing cross-alignment...
  [cross] Building geometry from both epochs...
          C epoch: stim, window=(0.0, 0.5), trials=582
          S epoch: sacc, window=(-0.2, 0.05), trials=520
          D_C shape: (68, 100), D_S shape: (68, 100)
  [cross] Observed: |cos(θ)|=0.1795, θ=79.7°
  [null] Manifold dim: 46, D_eff=4.1
         Expected |cos(θ)| ≈ 0.396 (angle ≈ 66.7°)
  [null] Running 1000 covariance-constrained null samples...
    [200/1000] null_mean=0.2272
    [400/1000] null_mean=0.2390
    [600/1000] null_mean=0.2362
    [800/1000] null_mean=0.2309
    [1000/1000] null_mean=0.2306
  [result] a_obs=0.1795, null_mean=0.2306±0.1310
           Δ=-0.0511, z=-0.39
           θ_obs=79.7°, θ_null=76.5°
           p(more orthogonal)=0.3936, p(more aligned)=0.6074
  [saved] /project/bdoiron/dracoxu/rct-fsflow/paper_project_final/out_nofilter/cross_alignment/case_iii_alltrials/cross_case_iii_alltrials_20230627.json

======================================================================
[done] Results saved to /project/bdoiron/dracoxu/rct-fsflow/paper_project_final/out_nofilter/cross_alignment/case_iii_alltrials
======================================================================
[done] Case iii → /project/bdoiron/dracoxu/rct-fsflow/paper_project_final/out_nofilter/cross_alignment/case_iii_alltrials/

------------------------------------------------------------
[Case iv] Stim-C (pooled) vs Sacc-S (pooled) (all-trials)
  C axes: stim/axes_peakbin_stimC-stim-pooled-20mssw_nofilter (orientation: pooled)
  S axes: sacc/axes_peakbin_saccCS-sacc-pooled-20mssw_nofilter (orientation: pooled)
  OUT_ROOT: /project/bdoiron/dracoxu/rct-fsflow/paper_project_final/out_nofilter
  Covariance windows: C(stim)=[0.00, 0.50], S(sacc)=[-0.20, 0.05]
------------------------------------------------------------
======================================================================
CROSS-ALIGNMENT AXIS ANALYSIS
======================================================================
[info] Processing 1 session(s)
[info] C: stim/axes_peakbin_stimC-stim-pooled-20mssw_nofilter (pooled)
[info] S: sacc/axes_peakbin_saccCS-sacc-pooled-20mssw_nofilter (pooled)
[info] win_C: [0.0, 0.5], win_S: [-0.2, 0.05]
[info] Use rich conditions: False

============================================================
[20230627] Processing cross-alignment...
  [cross] Building geometry from both epochs...
          C epoch: stim, window=(0.0, 0.5), trials=1102
          S epoch: sacc, window=(-0.2, 0.05), trials=1102
          D_C shape: (68, 100), D_S shape: (68, 100)
  [cross] Observed: |cos(θ)|=0.1868, θ=79.2°
  [null] Manifold dim: 46, D_eff=4.0
         Expected |cos(θ)| ≈ 0.399 (angle ≈ 66.5°)
  [null] Running 1000 covariance-constrained null samples...
    [200/1000] null_mean=0.2136
    [400/1000] null_mean=0.2242
    [600/1000] null_mean=0.2214
    [800/1000] null_mean=0.2154
    [1000/1000] null_mean=0.2162
  [result] a_obs=0.1868, null_mean=0.2162±0.1316
           Δ=-0.0294, z=-0.22
           θ_obs=79.2°, θ_null=77.4°
           p(more orthogonal)=0.4505, p(more aligned)=0.5504
  [saved] /project/bdoiron/dracoxu/rct-fsflow/paper_project_final/out_nofilter/cross_alignment/case_iv_alltrials/cross_case_iv_alltrials_20230627.json

======================================================================
[done] Results saved to /project/bdoiron/dracoxu/rct-fsflow/paper_project_final/out_nofilter/cross_alignment/case_iv_alltrials
======================================================================
[done] Case iv → /project/bdoiron/dracoxu/rct-fsflow/paper_project_final/out_nofilter/cross_alignment/case_iv_alltrials/

------------------------------------------------------------
[Case v] Stim-C (horizontal) vs Sacc-S (horizontal) (all-trials)
  C axes: stim/axes_peakbin_stimC-stim-horizontal-20mssw_nofilter (orientation: horizontal)
  S axes: sacc/axes_peakbin_saccCS-sacc-horizontal-20mssw_nofilter (orientation: horizontal)
  OUT_ROOT: /project/bdoiron/dracoxu/rct-fsflow/paper_project_final/out_nofilter
  Covariance windows: C(stim)=[0.00, 0.50], S(sacc)=[-0.20, 0.05]
------------------------------------------------------------
======================================================================
CROSS-ALIGNMENT AXIS ANALYSIS
======================================================================
[info] Processing 1 session(s)
[info] C: stim/axes_peakbin_stimC-stim-horizontal-20mssw_nofilter (horizontal)
[info] S: sacc/axes_peakbin_saccCS-sacc-horizontal-20mssw_nofilter (horizontal)
[info] win_C: [0.0, 0.5], win_S: [-0.2, 0.05]
[info] Use rich conditions: False

============================================================
[20230627] Processing cross-alignment...
  [cross] Building geometry from both epochs...
          C epoch: stim, window=(0.0, 0.5), trials=520
          S epoch: sacc, window=(-0.2, 0.05), trials=520
          D_C shape: (68, 100), D_S shape: (68, 100)
  [cross] Observed: |cos(θ)|=0.1179, θ=83.2°
  [null] Manifold dim: 52, D_eff=5.6
         Expected |cos(θ)| ≈ 0.337 (angle ≈ 70.3°)
  [null] Running 1000 covariance-constrained null samples...
    [200/1000] null_mean=0.1945
    [400/1000] null_mean=0.1905
    [600/1000] null_mean=0.1848
    [800/1000] null_mean=0.1861
    [1000/1000] null_mean=0.1847
  [result] a_obs=0.1179, null_mean=0.1847±0.1247
           Δ=-0.0667, z=-0.54
           θ_obs=83.2°, θ_null=79.3°
           p(more orthogonal)=0.3636, p(more aligned)=0.6374
  [saved] /project/bdoiron/dracoxu/rct-fsflow/paper_project_final/out_nofilter/cross_alignment/case_v_alltrials/cross_case_v_alltrials_20230627.json

======================================================================
[done] Results saved to /project/bdoiron/dracoxu/rct-fsflow/paper_project_final/out_nofilter/cross_alignment/case_v_alltrials
======================================================================
[done] Case v → /project/bdoiron/dracoxu/rct-fsflow/paper_project_final/out_nofilter/cross_alignment/case_v_alltrials/

------------------------------------------------------------
[Case vi] Sacc-aligned C & S, vertical trials (all-trials)
  Axes: axes_peakbin_saccCS-sacc-vertical-20mssw_nofilter
  Orientation: vertical
  OUT_ROOT: /project/bdoiron/dracoxu/rct-fsflow/paper_project_final/out_nofilter
  Covariance windows (SACC-aligned): C=[-0.20, 0.05], S=[-0.20, 0.05]
------------------------------------------------------------
======================================================================
CATEGORY-SACCADE SUBSPACE ALIGNMENT ANALYSIS
======================================================================
[info] Processing 1 session(s)
[info] Mode: axis_cov
[info] out_root: /project/bdoiron/dracoxu/rct-fsflow/paper_project_final/out_nofilter
[info] n_perms: 1000

[Analysis C] Axis Angle + Covariance-Constrained Null (DAVE'S QUESTION)
             Axes tag: axes_peakbin_saccCS-sacc-vertical-20mssw_nofilter
             Uses trained sC and sS_raw axes
             Tests: 'less aligned than geometry-constrained chance'

============================================================
[20230627] Processing...

  [Analysis C] Axis angle + covariance-constrained null...
  [axis-cov] Observed: |cos(θ)|=0.1212, θ=83.0°
  [null] Manifold dim: 30, D_eff=2.1
         Expected |cos(θ)| ≈ 0.697 (angle ≈ 45.8°)
  [null] Running 1000 covariance-constrained null samples...
    [200/1000] null_mean=0.4545
    [400/1000] null_mean=0.4511
    [600/1000] null_mean=0.4516
    [800/1000] null_mean=0.4532
    [1000/1000] null_mean=0.4523
  [result] a_obs=0.1212, null_mean=0.4523±0.2183
           Δ=-0.3310, z=-1.52
           θ_obs=83.0°, θ_null=62.2°
           p(more orthogonal)=0.0979, p(more aligned)=0.9031
  [saved] /project/bdoiron/dracoxu/rct-fsflow/paper_project_final/out_nofilter/sacc/alignment/case_vi_alltrials/axis_cov_20230627.json

======================================================================
[done] Per-session results saved to /project/bdoiron/dracoxu/rct-fsflow/paper_project_final/out_nofilter/sacc/alignment/case_vi_alltrials
======================================================================
[done] Case vi → /project/bdoiron/dracoxu/rct-fsflow/paper_project_final/out_nofilter/sacc/alignment/case_vi_alltrials/

==============================================================
[done] All cases complete for SID=20230627
==============================================================
