==============================================================
AXIS ALIGNMENT ANALYSIS - ALL FOUR CASES
Session: 20200401 (task 3)
Filter mode: both
==============================================================

==============================================================
CORRECT-ONLY TRIALS (out/)
==============================================================

------------------------------------------------------------
[Case i] Sacc-aligned C & S, horizontal trials (correct-only)
  Axes: axes_peakbin_saccCS-sacc-horizontal-20mssw
  Orientation: horizontal
  OUT_ROOT: /project/bdoiron/dracoxu/rct-fsflow/paper_project_final/out
  Covariance windows (SACC-aligned): C=[-0.20, 0.05], S=[-0.20, 0.05]
------------------------------------------------------------
======================================================================
CATEGORY-SACCADE SUBSPACE ALIGNMENT ANALYSIS
======================================================================
[info] Processing 1 session(s)
[info] Mode: axis_cov
[info] out_root: /project/bdoiron/dracoxu/rct-fsflow/paper_project_final/out
[info] n_perms: 1000

[Analysis C] Axis Angle + Covariance-Constrained Null (DAVE'S QUESTION)
             Axes tag: axes_peakbin_saccCS-sacc-horizontal-20mssw
             Uses trained sC and sS_raw axes
             Tests: 'less aligned than geometry-constrained chance'

============================================================
[20200401] Processing...

  [Analysis C] Axis angle + covariance-constrained null...
  [axis-cov] Observed: |cos(θ)|=0.1823, θ=79.5°
  [null] Manifold dim: 41, D_eff=7.9
         Expected |cos(θ)| ≈ 0.356 (angle ≈ 69.1°)
  [null] Running 1000 covariance-constrained null samples...
    [200/1000] null_mean=0.2503
    [400/1000] null_mean=0.2629
    [600/1000] null_mean=0.2664
    [800/1000] null_mean=0.2679
    [1000/1000] null_mean=0.2681
  [result] a_obs=0.1823, null_mean=0.2681±0.1693
           Δ=-0.0858, z=-0.51
           θ_obs=79.5°, θ_null=74.2°
           p(more orthogonal)=0.3606, p(more aligned)=0.6404
  [saved] /project/bdoiron/dracoxu/rct-fsflow/paper_project_final/out/sacc/alignment/case_i_correctonly/axis_cov_20200401.json

======================================================================
[done] Per-session results saved to /project/bdoiron/dracoxu/rct-fsflow/paper_project_final/out/sacc/alignment/case_i_correctonly
======================================================================
[done] Case i → /project/bdoiron/dracoxu/rct-fsflow/paper_project_final/out/sacc/alignment/case_i_correctonly/

------------------------------------------------------------
[Case ii] Sacc-aligned C & S, pooled trials (correct-only)
  Axes: axes_peakbin_saccCS-sacc-pooled-20mssw
  Orientation: pooled
  OUT_ROOT: /project/bdoiron/dracoxu/rct-fsflow/paper_project_final/out
  Covariance windows (SACC-aligned): C=[-0.20, 0.05], S=[-0.20, 0.05]
------------------------------------------------------------
======================================================================
CATEGORY-SACCADE SUBSPACE ALIGNMENT ANALYSIS
======================================================================
[info] Processing 1 session(s)
[info] Mode: axis_cov
[info] out_root: /project/bdoiron/dracoxu/rct-fsflow/paper_project_final/out
[info] n_perms: 1000

[Analysis C] Axis Angle + Covariance-Constrained Null (DAVE'S QUESTION)
             Axes tag: axes_peakbin_saccCS-sacc-pooled-20mssw
             Uses trained sC and sS_raw axes
             Tests: 'less aligned than geometry-constrained chance'

============================================================
[20200401] Processing...

  [Analysis C] Axis angle + covariance-constrained null...
  [axis-cov] Observed: |cos(θ)|=0.1908, θ=79.0°
  [null] Manifold dim: 40, D_eff=6.9
         Expected |cos(θ)| ≈ 0.381 (angle ≈ 67.6°)
  [null] Running 1000 covariance-constrained null samples...
    [200/1000] null_mean=0.2609
    [400/1000] null_mean=0.2725
    [600/1000] null_mean=0.2703
    [800/1000] null_mean=0.2720
    [1000/1000] null_mean=0.2749
  [result] a_obs=0.1908, null_mean=0.2749±0.1757
           Δ=-0.0841, z=-0.48
           θ_obs=79.0°, θ_null=73.7°
           p(more orthogonal)=0.3686, p(more aligned)=0.6324
  [saved] /project/bdoiron/dracoxu/rct-fsflow/paper_project_final/out/sacc/alignment/case_ii_correctonly/axis_cov_20200401.json

======================================================================
[done] Per-session results saved to /project/bdoiron/dracoxu/rct-fsflow/paper_project_final/out/sacc/alignment/case_ii_correctonly
======================================================================
[done] Case ii → /project/bdoiron/dracoxu/rct-fsflow/paper_project_final/out/sacc/alignment/case_ii_correctonly/

------------------------------------------------------------
[Case iii] Stim-C (vertical) vs Sacc-S (horizontal) (correct-only)
  C axes: stim/axes_peakbin_stimC-stim-vertical-20mssw (orientation: vertical)
  S axes: sacc/axes_peakbin_saccCS-sacc-horizontal-20mssw (orientation: horizontal)
  OUT_ROOT: /project/bdoiron/dracoxu/rct-fsflow/paper_project_final/out
  Covariance windows: C(stim)=[0.00, 0.50], S(sacc)=[-0.20, 0.05]
------------------------------------------------------------
======================================================================
CROSS-ALIGNMENT AXIS ANALYSIS
======================================================================
[info] Processing 1 session(s)
[info] C: stim/axes_peakbin_stimC-stim-vertical-20mssw (vertical)
[info] S: sacc/axes_peakbin_saccCS-sacc-horizontal-20mssw (horizontal)
[info] win_C: [0.0, 0.5], win_S: [-0.2, 0.05]
[info] Use rich conditions: False

============================================================
[20200401] Processing cross-alignment...
  [cross] Building geometry from both epochs...
          C epoch: stim, window=(0.0, 0.5), trials=253
          S epoch: sacc, window=(-0.2, 0.05), trials=250
          D_C shape: (71, 100), D_S shape: (71, 100)
  [cross] Observed: |cos(θ)|=0.7815, θ=38.6°
  [null] Manifold dim: 60, D_eff=7.6
         Expected |cos(θ)| ≈ 0.290 (angle ≈ 73.1°)
  [null] Running 1000 covariance-constrained null samples...
    [200/1000] null_mean=0.1977
    [400/1000] null_mean=0.1957
    [600/1000] null_mean=0.1903
    [800/1000] null_mean=0.1915
    [1000/1000] null_mean=0.1867
  [result] a_obs=0.7815, null_mean=0.1867±0.1297
           Δ=0.5948, z=4.59
           θ_obs=38.6°, θ_null=79.1°
           p(more orthogonal)=1.0000, p(more aligned)=0.0010
  [saved] /project/bdoiron/dracoxu/rct-fsflow/paper_project_final/out/cross_alignment/case_iii_correctonly/cross_case_iii_correctonly_20200401.json

======================================================================
[done] Results saved to /project/bdoiron/dracoxu/rct-fsflow/paper_project_final/out/cross_alignment/case_iii_correctonly
======================================================================
[done] Case iii → /project/bdoiron/dracoxu/rct-fsflow/paper_project_final/out/cross_alignment/case_iii_correctonly/

------------------------------------------------------------
[Case iv] Stim-C (pooled) vs Sacc-S (pooled) (correct-only)
  C axes: stim/axes_peakbin_stimC-stim-pooled-20mssw (orientation: pooled)
  S axes: sacc/axes_peakbin_saccCS-sacc-pooled-20mssw (orientation: pooled)
  OUT_ROOT: /project/bdoiron/dracoxu/rct-fsflow/paper_project_final/out
  Covariance windows: C(stim)=[0.00, 0.50], S(sacc)=[-0.20, 0.05]
------------------------------------------------------------
======================================================================
CROSS-ALIGNMENT AXIS ANALYSIS
======================================================================
[info] Processing 1 session(s)
[info] C: stim/axes_peakbin_stimC-stim-pooled-20mssw (pooled)
[info] S: sacc/axes_peakbin_saccCS-sacc-pooled-20mssw (pooled)
[info] win_C: [0.0, 0.5], win_S: [-0.2, 0.05]
[info] Use rich conditions: False

============================================================
[20200401] Processing cross-alignment...
  [cross] Building geometry from both epochs...
          C epoch: stim, window=(0.0, 0.5), trials=503
          S epoch: sacc, window=(-0.2, 0.05), trials=503
          D_C shape: (71, 100), D_S shape: (71, 100)
  [cross] Observed: |cos(θ)|=0.3976, θ=66.6°
  [null] Manifold dim: 59, D_eff=6.3
         Expected |cos(θ)| ≈ 0.318 (angle ≈ 71.5°)
  [null] Running 1000 covariance-constrained null samples...
    [200/1000] null_mean=0.1496
    [400/1000] null_mean=0.1421
    [600/1000] null_mean=0.1395
    [800/1000] null_mean=0.1415
    [1000/1000] null_mean=0.1433
  [result] a_obs=0.3976, null_mean=0.1433±0.1014
           Δ=0.2543, z=2.51
           θ_obs=66.6°, θ_null=81.7°
           p(more orthogonal)=0.9860, p(more aligned)=0.0150
  [saved] /project/bdoiron/dracoxu/rct-fsflow/paper_project_final/out/cross_alignment/case_iv_correctonly/cross_case_iv_correctonly_20200401.json

======================================================================
[done] Results saved to /project/bdoiron/dracoxu/rct-fsflow/paper_project_final/out/cross_alignment/case_iv_correctonly
======================================================================
[done] Case iv → /project/bdoiron/dracoxu/rct-fsflow/paper_project_final/out/cross_alignment/case_iv_correctonly/

------------------------------------------------------------
[Case v] Stim-C (horizontal) vs Sacc-S (horizontal) (correct-only)
  C axes: stim/axes_peakbin_stimC-stim-horizontal-20mssw (orientation: horizontal)
  S axes: sacc/axes_peakbin_saccCS-sacc-horizontal-20mssw (orientation: horizontal)
  OUT_ROOT: /project/bdoiron/dracoxu/rct-fsflow/paper_project_final/out
  Covariance windows: C(stim)=[0.00, 0.50], S(sacc)=[-0.20, 0.05]
------------------------------------------------------------
======================================================================
CROSS-ALIGNMENT AXIS ANALYSIS
======================================================================
[info] Processing 1 session(s)
[info] C: stim/axes_peakbin_stimC-stim-horizontal-20mssw (horizontal)
[info] S: sacc/axes_peakbin_saccCS-sacc-horizontal-20mssw (horizontal)
[info] win_C: [0.0, 0.5], win_S: [-0.2, 0.05]
[info] Use rich conditions: False

============================================================
[20200401] Processing cross-alignment...
  [cross] Building geometry from both epochs...
          C epoch: stim, window=(0.0, 0.5), trials=250
          S epoch: sacc, window=(-0.2, 0.05), trials=250
          D_C shape: (71, 100), D_S shape: (71, 100)
  [cross] Observed: |cos(θ)|=0.1570, θ=81.0°
  [null] Manifold dim: 63, D_eff=9.5
         Expected |cos(θ)| ≈ 0.259 (angle ≈ 75.0°)
  [null] Running 1000 covariance-constrained null samples...
    [200/1000] null_mean=0.1422
    [400/1000] null_mean=0.1474
    [600/1000] null_mean=0.1476
    [800/1000] null_mean=0.1461
    [1000/1000] null_mean=0.1461
  [result] a_obs=0.1570, null_mean=0.1461±0.1035
           Δ=0.0109, z=0.11
           θ_obs=81.0°, θ_null=81.5°
           p(more orthogonal)=0.5934, p(more aligned)=0.4076
  [saved] /project/bdoiron/dracoxu/rct-fsflow/paper_project_final/out/cross_alignment/case_v_correctonly/cross_case_v_correctonly_20200401.json

======================================================================
[done] Results saved to /project/bdoiron/dracoxu/rct-fsflow/paper_project_final/out/cross_alignment/case_v_correctonly
======================================================================
[done] Case v → /project/bdoiron/dracoxu/rct-fsflow/paper_project_final/out/cross_alignment/case_v_correctonly/

------------------------------------------------------------
[Case vi] Sacc-aligned C & S, vertical trials (correct-only)
  Axes: axes_peakbin_saccCS-sacc-vertical-20mssw
  Orientation: vertical
  OUT_ROOT: /project/bdoiron/dracoxu/rct-fsflow/paper_project_final/out
  Covariance windows (SACC-aligned): C=[-0.20, 0.05], S=[-0.20, 0.05]
------------------------------------------------------------
======================================================================
CATEGORY-SACCADE SUBSPACE ALIGNMENT ANALYSIS
======================================================================
[info] Processing 1 session(s)
[info] Mode: axis_cov
[info] out_root: /project/bdoiron/dracoxu/rct-fsflow/paper_project_final/out
[info] n_perms: 1000

[Analysis C] Axis Angle + Covariance-Constrained Null (DAVE'S QUESTION)
             Axes tag: axes_peakbin_saccCS-sacc-vertical-20mssw
             Uses trained sC and sS_raw axes
             Tests: 'less aligned than geometry-constrained chance'

============================================================
[20200401] Processing...

  [Analysis C] Axis angle + covariance-constrained null...
  [axis-cov] Observed: |cos(θ)|=0.1082, θ=83.8°
  [null] Manifold dim: 40, D_eff=6.7
         Expected |cos(θ)| ≈ 0.387 (angle ≈ 67.2°)
  [null] Running 1000 covariance-constrained null samples...
    [200/1000] null_mean=0.3368
    [400/1000] null_mean=0.3387
    [600/1000] null_mean=0.3352
    [800/1000] null_mean=0.3264
    [1000/1000] null_mean=0.3305
  [result] a_obs=0.1082, null_mean=0.3305±0.2087
           Δ=-0.2223, z=-1.06
           θ_obs=83.8°, θ_null=70.1°
           p(more orthogonal)=0.1868, p(more aligned)=0.8142
  [saved] /project/bdoiron/dracoxu/rct-fsflow/paper_project_final/out/sacc/alignment/case_vi_correctonly/axis_cov_20200401.json

======================================================================
[done] Per-session results saved to /project/bdoiron/dracoxu/rct-fsflow/paper_project_final/out/sacc/alignment/case_vi_correctonly
======================================================================
[done] Case vi → /project/bdoiron/dracoxu/rct-fsflow/paper_project_final/out/sacc/alignment/case_vi_correctonly/

==============================================================
ALL TRIALS (out_nofilter/)
==============================================================

------------------------------------------------------------
[Case i] Sacc-aligned C & S, horizontal trials (all-trials)
  Axes: axes_peakbin_saccCS-sacc-horizontal-20mssw_nofilter
  Orientation: horizontal
  OUT_ROOT: /project/bdoiron/dracoxu/rct-fsflow/paper_project_final/out_nofilter
  Covariance windows (SACC-aligned): C=[-0.20, 0.05], S=[-0.20, 0.05]
------------------------------------------------------------
======================================================================
CATEGORY-SACCADE SUBSPACE ALIGNMENT ANALYSIS
======================================================================
[info] Processing 1 session(s)
[info] Mode: axis_cov
[info] out_root: /project/bdoiron/dracoxu/rct-fsflow/paper_project_final/out_nofilter
[info] n_perms: 1000

[Analysis C] Axis Angle + Covariance-Constrained Null (DAVE'S QUESTION)
             Axes tag: axes_peakbin_saccCS-sacc-horizontal-20mssw_nofilter
             Uses trained sC and sS_raw axes
             Tests: 'less aligned than geometry-constrained chance'

============================================================
[20200401] Processing...

  [Analysis C] Axis angle + covariance-constrained null...
  [axis-cov] Observed: |cos(θ)|=0.1845, θ=79.4°
  [null] Manifold dim: 41, D_eff=7.9
         Expected |cos(θ)| ≈ 0.355 (angle ≈ 69.2°)
  [null] Running 1000 covariance-constrained null samples...
    [200/1000] null_mean=0.3170
    [400/1000] null_mean=0.3251
    [600/1000] null_mean=0.3243
    [800/1000] null_mean=0.3225
    [1000/1000] null_mean=0.3192
  [result] a_obs=0.1845, null_mean=0.3192±0.2043
           Δ=-0.1346, z=-0.66
           θ_obs=79.4°, θ_null=70.8°
           p(more orthogonal)=0.3097, p(more aligned)=0.6913
  [saved] /project/bdoiron/dracoxu/rct-fsflow/paper_project_final/out_nofilter/sacc/alignment/case_i_alltrials/axis_cov_20200401.json

======================================================================
[done] Per-session results saved to /project/bdoiron/dracoxu/rct-fsflow/paper_project_final/out_nofilter/sacc/alignment/case_i_alltrials
======================================================================
[done] Case i → /project/bdoiron/dracoxu/rct-fsflow/paper_project_final/out_nofilter/sacc/alignment/case_i_alltrials/

------------------------------------------------------------
[Case ii] Sacc-aligned C & S, pooled trials (all-trials)
  Axes: axes_peakbin_saccCS-sacc-pooled-20mssw_nofilter
  Orientation: pooled
  OUT_ROOT: /project/bdoiron/dracoxu/rct-fsflow/paper_project_final/out_nofilter
  Covariance windows (SACC-aligned): C=[-0.20, 0.05], S=[-0.20, 0.05]
------------------------------------------------------------
======================================================================
CATEGORY-SACCADE SUBSPACE ALIGNMENT ANALYSIS
======================================================================
[info] Processing 1 session(s)
[info] Mode: axis_cov
[info] out_root: /project/bdoiron/dracoxu/rct-fsflow/paper_project_final/out_nofilter
[info] n_perms: 1000

[Analysis C] Axis Angle + Covariance-Constrained Null (DAVE'S QUESTION)
             Axes tag: axes_peakbin_saccCS-sacc-pooled-20mssw_nofilter
             Uses trained sC and sS_raw axes
             Tests: 'less aligned than geometry-constrained chance'

============================================================
[20200401] Processing...

  [Analysis C] Axis angle + covariance-constrained null...
  [axis-cov] Observed: |cos(θ)|=0.1167, θ=83.3°
  [null] Manifold dim: 40, D_eff=7.0
         Expected |cos(θ)| ≈ 0.378 (angle ≈ 67.8°)
  [null] Running 1000 covariance-constrained null samples...
    [200/1000] null_mean=0.2726
    [400/1000] null_mean=0.2866
    [600/1000] null_mean=0.2825
    [800/1000] null_mean=0.2770
    [1000/1000] null_mean=0.2847
  [result] a_obs=0.1167, null_mean=0.2847±0.1914
           Δ=-0.1679, z=-0.88
           θ_obs=83.3°, θ_null=73.0°
           p(more orthogonal)=0.2328, p(more aligned)=0.7682
  [saved] /project/bdoiron/dracoxu/rct-fsflow/paper_project_final/out_nofilter/sacc/alignment/case_ii_alltrials/axis_cov_20200401.json

======================================================================
[done] Per-session results saved to /project/bdoiron/dracoxu/rct-fsflow/paper_project_final/out_nofilter/sacc/alignment/case_ii_alltrials
======================================================================
[done] Case ii → /project/bdoiron/dracoxu/rct-fsflow/paper_project_final/out_nofilter/sacc/alignment/case_ii_alltrials/

------------------------------------------------------------
[Case iii] Stim-C (vertical) vs Sacc-S (horizontal) (all-trials)
  C axes: stim/axes_peakbin_stimC-stim-vertical-20mssw_nofilter (orientation: vertical)
  S axes: sacc/axes_peakbin_saccCS-sacc-horizontal-20mssw_nofilter (orientation: horizontal)
  OUT_ROOT: /project/bdoiron/dracoxu/rct-fsflow/paper_project_final/out_nofilter
  Covariance windows: C(stim)=[0.00, 0.50], S(sacc)=[-0.20, 0.05]
------------------------------------------------------------
======================================================================
CROSS-ALIGNMENT AXIS ANALYSIS
======================================================================
[info] Processing 1 session(s)
[info] C: stim/axes_peakbin_stimC-stim-vertical-20mssw_nofilter (vertical)
[info] S: sacc/axes_peakbin_saccCS-sacc-horizontal-20mssw_nofilter (horizontal)
[info] win_C: [0.0, 0.5], win_S: [-0.2, 0.05]
[info] Use rich conditions: False

============================================================
[20200401] Processing cross-alignment...
  [cross] Building geometry from both epochs...
          C epoch: stim, window=(0.0, 0.5), trials=261
          S epoch: sacc, window=(-0.2, 0.05), trials=257
          D_C shape: (71, 100), D_S shape: (71, 100)
  [cross] Observed: |cos(θ)|=0.7441, θ=41.9°
  [null] Manifold dim: 60, D_eff=7.2
         Expected |cos(θ)| ≈ 0.297 (angle ≈ 72.7°)
  [null] Running 1000 covariance-constrained null samples...
    [200/1000] null_mean=0.1765
    [400/1000] null_mean=0.1785
    [600/1000] null_mean=0.1760
    [800/1000] null_mean=0.1765
    [1000/1000] null_mean=0.1736
  [result] a_obs=0.7441, null_mean=0.1736±0.1205
           Δ=0.5705, z=4.74
           θ_obs=41.9°, θ_null=79.9°
           p(more orthogonal)=1.0000, p(more aligned)=0.0010
  [saved] /project/bdoiron/dracoxu/rct-fsflow/paper_project_final/out_nofilter/cross_alignment/case_iii_alltrials/cross_case_iii_alltrials_20200401.json

======================================================================
[done] Results saved to /project/bdoiron/dracoxu/rct-fsflow/paper_project_final/out_nofilter/cross_alignment/case_iii_alltrials
======================================================================
[done] Case iii → /project/bdoiron/dracoxu/rct-fsflow/paper_project_final/out_nofilter/cross_alignment/case_iii_alltrials/

------------------------------------------------------------
[Case iv] Stim-C (pooled) vs Sacc-S (pooled) (all-trials)
  C axes: stim/axes_peakbin_stimC-stim-pooled-20mssw_nofilter (orientation: pooled)
  S axes: sacc/axes_peakbin_saccCS-sacc-pooled-20mssw_nofilter (orientation: pooled)
  OUT_ROOT: /project/bdoiron/dracoxu/rct-fsflow/paper_project_final/out_nofilter
  Covariance windows: C(stim)=[0.00, 0.50], S(sacc)=[-0.20, 0.05]
------------------------------------------------------------
======================================================================
CROSS-ALIGNMENT AXIS ANALYSIS
======================================================================
[info] Processing 1 session(s)
[info] C: stim/axes_peakbin_stimC-stim-pooled-20mssw_nofilter (pooled)
[info] S: sacc/axes_peakbin_saccCS-sacc-pooled-20mssw_nofilter (pooled)
[info] win_C: [0.0, 0.5], win_S: [-0.2, 0.05]
[info] Use rich conditions: False

============================================================
[20200401] Processing cross-alignment...
  [cross] Building geometry from both epochs...
          C epoch: stim, window=(0.0, 0.5), trials=518
          S epoch: sacc, window=(-0.2, 0.05), trials=518
          D_C shape: (71, 100), D_S shape: (71, 100)
  [cross] Observed: |cos(θ)|=0.4068, θ=66.0°
  [null] Manifold dim: 59, D_eff=6.2
         Expected |cos(θ)| ≈ 0.321 (angle ≈ 71.3°)
  [null] Running 1000 covariance-constrained null samples...
    [200/1000] null_mean=0.1552
    [400/1000] null_mean=0.1445
    [600/1000] null_mean=0.1448
    [800/1000] null_mean=0.1460
    [1000/1000] null_mean=0.1455
  [result] a_obs=0.4068, null_mean=0.1455±0.1001
           Δ=0.2613, z=2.61
           θ_obs=66.0°, θ_null=81.6°
           p(more orthogonal)=0.9880, p(more aligned)=0.0130
  [saved] /project/bdoiron/dracoxu/rct-fsflow/paper_project_final/out_nofilter/cross_alignment/case_iv_alltrials/cross_case_iv_alltrials_20200401.json

======================================================================
[done] Results saved to /project/bdoiron/dracoxu/rct-fsflow/paper_project_final/out_nofilter/cross_alignment/case_iv_alltrials
======================================================================
[done] Case iv → /project/bdoiron/dracoxu/rct-fsflow/paper_project_final/out_nofilter/cross_alignment/case_iv_alltrials/

------------------------------------------------------------
[Case v] Stim-C (horizontal) vs Sacc-S (horizontal) (all-trials)
  C axes: stim/axes_peakbin_stimC-stim-horizontal-20mssw_nofilter (orientation: horizontal)
  S axes: sacc/axes_peakbin_saccCS-sacc-horizontal-20mssw_nofilter (orientation: horizontal)
  OUT_ROOT: /project/bdoiron/dracoxu/rct-fsflow/paper_project_final/out_nofilter
  Covariance windows: C(stim)=[0.00, 0.50], S(sacc)=[-0.20, 0.05]
------------------------------------------------------------
======================================================================
CROSS-ALIGNMENT AXIS ANALYSIS
======================================================================
[info] Processing 1 session(s)
[info] C: stim/axes_peakbin_stimC-stim-horizontal-20mssw_nofilter (horizontal)
[info] S: sacc/axes_peakbin_saccCS-sacc-horizontal-20mssw_nofilter (horizontal)
[info] win_C: [0.0, 0.5], win_S: [-0.2, 0.05]
[info] Use rich conditions: False

============================================================
[20200401] Processing cross-alignment...
  [cross] Building geometry from both epochs...
          C epoch: stim, window=(0.0, 0.5), trials=257
          S epoch: sacc, window=(-0.2, 0.05), trials=257
          D_C shape: (71, 100), D_S shape: (71, 100)
  [cross] Observed: |cos(θ)|=0.2395, θ=76.1°
  [null] Manifold dim: 63, D_eff=9.3
         Expected |cos(θ)| ≈ 0.262 (angle ≈ 74.8°)
  [null] Running 1000 covariance-constrained null samples...
    [200/1000] null_mean=0.1294
    [400/1000] null_mean=0.1353
    [600/1000] null_mean=0.1360
    [800/1000] null_mean=0.1370
    [1000/1000] null_mean=0.1380
  [result] a_obs=0.2395, null_mean=0.1380±0.1013
           Δ=0.1015, z=1.00
           θ_obs=76.1°, θ_null=82.0°
           p(more orthogonal)=0.8322, p(more aligned)=0.1688
  [saved] /project/bdoiron/dracoxu/rct-fsflow/paper_project_final/out_nofilter/cross_alignment/case_v_alltrials/cross_case_v_alltrials_20200401.json

======================================================================
[done] Results saved to /project/bdoiron/dracoxu/rct-fsflow/paper_project_final/out_nofilter/cross_alignment/case_v_alltrials
======================================================================
[done] Case v → /project/bdoiron/dracoxu/rct-fsflow/paper_project_final/out_nofilter/cross_alignment/case_v_alltrials/

------------------------------------------------------------
[Case vi] Sacc-aligned C & S, vertical trials (all-trials)
  Axes: axes_peakbin_saccCS-sacc-vertical-20mssw_nofilter
  Orientation: vertical
  OUT_ROOT: /project/bdoiron/dracoxu/rct-fsflow/paper_project_final/out_nofilter
  Covariance windows (SACC-aligned): C=[-0.20, 0.05], S=[-0.20, 0.05]
------------------------------------------------------------
======================================================================
CATEGORY-SACCADE SUBSPACE ALIGNMENT ANALYSIS
======================================================================
[info] Processing 1 session(s)
[info] Mode: axis_cov
[info] out_root: /project/bdoiron/dracoxu/rct-fsflow/paper_project_final/out_nofilter
[info] n_perms: 1000

[Analysis C] Axis Angle + Covariance-Constrained Null (DAVE'S QUESTION)
             Axes tag: axes_peakbin_saccCS-sacc-vertical-20mssw_nofilter
             Uses trained sC and sS_raw axes
             Tests: 'less aligned than geometry-constrained chance'

============================================================
[20200401] Processing...

  [Analysis C] Axis angle + covariance-constrained null...
  [axis-cov] Observed: |cos(θ)|=0.0896, θ=84.9°
  [null] Manifold dim: 40, D_eff=6.6
         Expected |cos(θ)| ≈ 0.388 (angle ≈ 67.2°)
  [null] Running 1000 covariance-constrained null samples...
    [200/1000] null_mean=0.3262
    [400/1000] null_mean=0.3275
    [600/1000] null_mean=0.3230
    [800/1000] null_mean=0.3144
    [1000/1000] null_mean=0.3186
  [result] a_obs=0.0896, null_mean=0.3186±0.2043
           Δ=-0.2290, z=-1.12
           θ_obs=84.9°, θ_null=70.9°
           p(more orthogonal)=0.1608, p(more aligned)=0.8402
  [saved] /project/bdoiron/dracoxu/rct-fsflow/paper_project_final/out_nofilter/sacc/alignment/case_vi_alltrials/axis_cov_20200401.json

======================================================================
[done] Per-session results saved to /project/bdoiron/dracoxu/rct-fsflow/paper_project_final/out_nofilter/sacc/alignment/case_vi_alltrials
======================================================================
[done] Case vi → /project/bdoiron/dracoxu/rct-fsflow/paper_project_final/out_nofilter/sacc/alignment/case_vi_alltrials/

==============================================================
[done] All cases complete for SID=20200401
==============================================================
