==============================================================
AXIS ALIGNMENT ANALYSIS - Session 20231109 (task 19)
Filter mode: both
==============================================================

------------------------------------------------------------
[info] Running alignment analysis for 20231109 (CORRECT-ONLY trials)
       Mode: all (AI + axis_shuffle + axis_cov)
       OUT_ROOT: /project/bdoiron/dracoxu/rct-fsflow/paper_project_final/out
       AXES_TAG: axes_peakbin_saccCS-sacc-horizontal-20mssw
       n_perms: 1000
------------------------------------------------------------
======================================================================
CATEGORY-SACCADE SUBSPACE ALIGNMENT ANALYSIS
======================================================================
[info] Processing 1 session(s)
[info] Mode: all
[info] out_root: /project/bdoiron/dracoxu/rct-fsflow/paper_project_final/out
[info] n_perms: 1000

[Analysis A] Alignment Index + Covariance-Matched Null (PCA subspaces)
             Category window: [-0.3, -0.1]
             Saccade window: [-0.1, -0.03]
             Subspace dim k: 6
             Tests: 'less aligned than chance' (orthogonality)

[Analysis B] Axis Angle + Label-Shuffle Null
             Axes tag: axes_peakbin_saccCS-sacc-horizontal-20mssw
             Tests: 'more aligned than shuffle chance' (label-specific)

[Analysis C] Axis Angle + Covariance-Constrained Null (DAVE'S QUESTION)
             Axes tag: axes_peakbin_saccCS-sacc-horizontal-20mssw
             Uses trained sC and sS_raw axes
             Tests: 'less aligned than geometry-constrained chance'

============================================================
[20231109] Processing...

  [Analysis A] Alignment Index (PCA subspaces)...
  [AI] Building condition-averaged matrices...
       Category window: (-0.3, -0.1)
       Saccade window: (-0.1, -0.03)
       D_C shape: (77, 38), D_S shape: (77, 16)
       Category subspace: (77, 6), var_explained=0.608
       Saccade subspace: (77, 6), var_explained=0.820
  [AI] Observed AI = 0.2343
       Principal angles (deg): [52.72710185 64.06269267 74.19162725 75.33528659 87.03217333 88.86462158]
       Mean angle: 73.7°, Overlap: 0.1166
  [null] Manifold dim: 37 (from 54 total)
         Expected random overlap (isotropic): ~0.162
  [null] Running 1000 covariance-matched null samples...
    [200/1000] null_AI_mean=0.5582
    [400/1000] null_AI_mean=0.5558
    [600/1000] null_AI_mean=0.5570
    [800/1000] null_AI_mean=0.5550
    [1000/1000] null_AI_mean=0.5546
  [result] AI_obs=0.2343, null_mean=0.5546±0.0649
           Δ_AI=-0.3202
           p(less aligned)=0.0010, p(more aligned)=1.0000
  [saved] /project/bdoiron/dracoxu/rct-fsflow/paper_project_final/out/sacc/alignment/correctonly/AI_20231109.json

  [Analysis B] Axis angle + shuffle...
  [axis] Observed: |cos(θ)|=0.0009, θ=89.9°
  [null] Running 1000 label-shuffle permutations...
    [100/1000] null_mean=0.1028
    [200/1000] null_mean=0.0953
    [300/1000] null_mean=0.0985
    [400/1000] null_mean=0.0980
    [500/1000] null_mean=0.0973
    [600/1000] null_mean=0.0990
    [700/1000] null_mean=0.0982
    [800/1000] null_mean=0.0975
    [900/1000] null_mean=0.0958
    [1000/1000] null_mean=0.0976
  [result] Δ=-0.0967, p(more aligned)=0.9980
           Note: shuffle null tests 'more aligned than chance'
  [saved] /project/bdoiron/dracoxu/rct-fsflow/paper_project_final/out/sacc/alignment/correctonly/axis_shuffle_20231109.json

  [Analysis C] Axis angle + covariance-constrained null...
  [axis-cov] Observed: |cos(θ)|=0.0009, θ=89.9°
  [null] Manifold dim: 37, D_eff=11.4
         Expected |cos(θ)| ≈ 0.297 (angle ≈ 72.7°)
  [null] Running 1000 covariance-constrained null samples...
    [200/1000] null_mean=0.2289
    [400/1000] null_mean=0.2188
    [600/1000] null_mean=0.2189
    [800/1000] null_mean=0.2182
    [1000/1000] null_mean=0.2174
  [result] a_obs=0.0009, null_mean=0.2174±0.1473
           Δ=-0.2165, z=-1.47
           θ_obs=89.9°, θ_null=77.3°
           p(more orthogonal)=0.0040, p(more aligned)=0.9970
  [**] SIGNIFICANT: C-S alignment is LOWER than geometry-constrained chance!
  [saved] /project/bdoiron/dracoxu/rct-fsflow/paper_project_final/out/sacc/alignment/correctonly/axis_cov_20231109.json

======================================================================
[done] Per-session results saved to /project/bdoiron/dracoxu/rct-fsflow/paper_project_final/out/sacc/alignment/correctonly
======================================================================
[done] CORRECT-ONLY trials complete → /project/bdoiron/dracoxu/rct-fsflow/paper_project_final/out/sacc/alignment/correctonly/

------------------------------------------------------------
[info] Running alignment analysis for 20231109 (ALL trials (nofilter))
       Mode: all (AI + axis_shuffle + axis_cov)
       OUT_ROOT: /project/bdoiron/dracoxu/rct-fsflow/paper_project_final/out_nofilter
       AXES_TAG: axes_peakbin_saccCS-sacc-horizontal-20mssw_nofilter
       n_perms: 1000
------------------------------------------------------------
======================================================================
CATEGORY-SACCADE SUBSPACE ALIGNMENT ANALYSIS
======================================================================
[info] Processing 1 session(s)
[info] Mode: all
[info] out_root: /project/bdoiron/dracoxu/rct-fsflow/paper_project_final/out_nofilter
[info] n_perms: 1000

[Analysis A] Alignment Index + Covariance-Matched Null (PCA subspaces)
             Category window: [-0.3, -0.1]
             Saccade window: [-0.1, -0.03]
             Subspace dim k: 6
             Tests: 'less aligned than chance' (orthogonality)

[Analysis B] Axis Angle + Label-Shuffle Null
             Axes tag: axes_peakbin_saccCS-sacc-horizontal-20mssw_nofilter
             Tests: 'more aligned than shuffle chance' (label-specific)

[Analysis C] Axis Angle + Covariance-Constrained Null (DAVE'S QUESTION)
             Axes tag: axes_peakbin_saccCS-sacc-horizontal-20mssw_nofilter
             Uses trained sC and sS_raw axes
             Tests: 'less aligned than geometry-constrained chance'

============================================================
[20231109] Processing...

  [Analysis A] Alignment Index (PCA subspaces)...
  [AI] Building condition-averaged matrices...
       Category window: (-0.3, -0.1)
       Saccade window: (-0.1, -0.03)
       D_C shape: (77, 38), D_S shape: (77, 16)
       Category subspace: (77, 6), var_explained=0.615
       Saccade subspace: (77, 6), var_explained=0.829
  [AI] Observed AI = 0.2367
       Principal angles (deg): [53.21231707 63.072022   73.42953034 79.93261961 85.0864556  88.03270359]
       Mean angle: 73.8°, Overlap: 0.1140
  [null] Manifold dim: 37 (from 54 total)
         Expected random overlap (isotropic): ~0.162
  [null] Running 1000 covariance-matched null samples...
    [200/1000] null_AI_mean=0.5597
    [400/1000] null_AI_mean=0.5592
    [600/1000] null_AI_mean=0.5590
    [800/1000] null_AI_mean=0.5566
    [1000/1000] null_AI_mean=0.5563
  [result] AI_obs=0.2367, null_mean=0.5563±0.0657
           Δ_AI=-0.3196
           p(less aligned)=0.0010, p(more aligned)=1.0000
  [saved] /project/bdoiron/dracoxu/rct-fsflow/paper_project_final/out_nofilter/sacc/alignment/nofilter/AI_20231109.json

  [Analysis B] Axis angle + shuffle...
  [axis] Observed: |cos(θ)|=0.0192, θ=88.9°
  [null] Running 1000 label-shuffle permutations...
    [100/1000] null_mean=0.1007
    [200/1000] null_mean=0.1047
    [300/1000] null_mean=0.1080
    [400/1000] null_mean=0.1087
    [500/1000] null_mean=0.1061
    [600/1000] null_mean=0.1055
    [700/1000] null_mean=0.1037
    [800/1000] null_mean=0.1024
    [900/1000] null_mean=0.1021
    [1000/1000] null_mean=0.1029
  [result] Δ=-0.0837, p(more aligned)=0.8751
           Note: shuffle null tests 'more aligned than chance'
  [saved] /project/bdoiron/dracoxu/rct-fsflow/paper_project_final/out_nofilter/sacc/alignment/nofilter/axis_shuffle_20231109.json

  [Analysis C] Axis angle + covariance-constrained null...
  [axis-cov] Observed: |cos(θ)|=0.0192, θ=88.9°
  [null] Manifold dim: 37, D_eff=10.9
         Expected |cos(θ)| ≈ 0.303 (angle ≈ 72.3°)
  [null] Running 1000 covariance-constrained null samples...
    [200/1000] null_mean=0.2046
    [400/1000] null_mean=0.2016
    [600/1000] null_mean=0.2001
    [800/1000] null_mean=0.1963
    [1000/1000] null_mean=0.1962
  [result] a_obs=0.0192, null_mean=0.1962±0.1312
           Δ=-0.1769, z=-1.35
           θ_obs=88.9°, θ_null=78.6°
           p(more orthogonal)=0.0549, p(more aligned)=0.9461
  [saved] /project/bdoiron/dracoxu/rct-fsflow/paper_project_final/out_nofilter/sacc/alignment/nofilter/axis_cov_20231109.json

======================================================================
[done] Per-session results saved to /project/bdoiron/dracoxu/rct-fsflow/paper_project_final/out_nofilter/sacc/alignment/nofilter
======================================================================
[done] ALL trials (nofilter) complete → /project/bdoiron/dracoxu/rct-fsflow/paper_project_final/out_nofilter/sacc/alignment/nofilter/

==============================================================
[done] Alignment analysis complete for SID=20231109
==============================================================
