==============================================================
AXIS ALIGNMENT ANALYSIS - ALL FOUR CASES
Session: 20200401 (task 3)
Filter mode: both
==============================================================

==============================================================
CORRECT-ONLY TRIALS (out/)
==============================================================

------------------------------------------------------------
[Case i] Sacc-aligned C & S, horizontal trials (correct-only)
  Axes: axes_peakbin_saccCS-sacc-horizontal-20mssw
  Orientation: horizontal
  OUT_ROOT: /project/bdoiron/dracoxu/rct-fsflow/paper_project_final/out
------------------------------------------------------------
======================================================================
CATEGORY-SACCADE SUBSPACE ALIGNMENT ANALYSIS
======================================================================
[info] Processing 1 session(s)
[info] Mode: axis_cov
[info] out_root: /project/bdoiron/dracoxu/rct-fsflow/paper_project_final/out
[info] n_perms: 1000

[Analysis C] Axis Angle + Covariance-Constrained Null (DAVE'S QUESTION)
             Axes tag: axes_peakbin_saccCS-sacc-horizontal-20mssw
             Uses trained sC and sS_raw axes
             Tests: 'less aligned than geometry-constrained chance'

============================================================
[20200401] Processing...

  [Analysis C] Axis angle + covariance-constrained null...
  [axis-cov] Observed: |cos(θ)|=0.1823, θ=79.5°
  [null] Manifold dim: 59, D_eff=10.9
         Expected |cos(θ)| ≈ 0.302 (angle ≈ 72.4°)
  [null] Running 1000 covariance-constrained null samples...
    [200/1000] null_mean=0.1959
    [400/1000] null_mean=0.1915
    [600/1000] null_mean=0.1900
    [800/1000] null_mean=0.1914
    [1000/1000] null_mean=0.1902
  [result] a_obs=0.1823, null_mean=0.1902±0.1323
           Δ=-0.0080, z=-0.06
           θ_obs=79.5°, θ_null=78.9°
           p(more orthogonal)=0.5255, p(more aligned)=0.4755
  [saved] /project/bdoiron/dracoxu/rct-fsflow/paper_project_final/out/sacc/alignment/case_i_correctonly/axis_cov_20200401.json

======================================================================
[done] Per-session results saved to /project/bdoiron/dracoxu/rct-fsflow/paper_project_final/out/sacc/alignment/case_i_correctonly
======================================================================
[done] Case i → /project/bdoiron/dracoxu/rct-fsflow/paper_project_final/out/sacc/alignment/case_i_correctonly/

------------------------------------------------------------
[Case ii] Sacc-aligned C & S, pooled trials (correct-only)
  Axes: axes_peakbin_saccCS-sacc-pooled-20mssw
  Orientation: pooled
  OUT_ROOT: /project/bdoiron/dracoxu/rct-fsflow/paper_project_final/out
------------------------------------------------------------
======================================================================
CATEGORY-SACCADE SUBSPACE ALIGNMENT ANALYSIS
======================================================================
[info] Processing 1 session(s)
[info] Mode: axis_cov
[info] out_root: /project/bdoiron/dracoxu/rct-fsflow/paper_project_final/out
[info] n_perms: 1000

[Analysis C] Axis Angle + Covariance-Constrained Null (DAVE'S QUESTION)
             Axes tag: axes_peakbin_saccCS-sacc-pooled-20mssw
             Uses trained sC and sS_raw axes
             Tests: 'less aligned than geometry-constrained chance'

============================================================
[20200401] Processing...

  [Analysis C] Axis angle + covariance-constrained null...
  [axis-cov] Observed: |cos(θ)|=0.1908, θ=79.0°
  [null] Manifold dim: 66, D_eff=11.4
         Expected |cos(θ)| ≈ 0.297 (angle ≈ 72.7°)
  [null] Running 1000 covariance-constrained null samples...
    [200/1000] null_mean=0.1524
    [400/1000] null_mean=0.1575
    [600/1000] null_mean=0.1617
    [800/1000] null_mean=0.1620
    [1000/1000] null_mean=0.1632
  [result] a_obs=0.1908, null_mean=0.1632±0.1162
           Δ=0.0276, z=0.24
           θ_obs=79.0°, θ_null=80.5°
           p(more orthogonal)=0.6523, p(more aligned)=0.3487
  [saved] /project/bdoiron/dracoxu/rct-fsflow/paper_project_final/out/sacc/alignment/case_ii_correctonly/axis_cov_20200401.json

======================================================================
[done] Per-session results saved to /project/bdoiron/dracoxu/rct-fsflow/paper_project_final/out/sacc/alignment/case_ii_correctonly
======================================================================
[done] Case ii → /project/bdoiron/dracoxu/rct-fsflow/paper_project_final/out/sacc/alignment/case_ii_correctonly/

------------------------------------------------------------
[Case iii] Stim-C (vertical) vs Sacc-S (horizontal) (correct-only)
  C axes: stim/axes_peakbin_stimC-stim-vertical-20mssw (orientation: vertical)
  S axes: sacc/axes_peakbin_saccCS-sacc-horizontal-20mssw (orientation: horizontal)
  OUT_ROOT: /project/bdoiron/dracoxu/rct-fsflow/paper_project_final/out
------------------------------------------------------------
======================================================================
CROSS-ALIGNMENT AXIS ANALYSIS
======================================================================
[info] Processing 1 session(s)
[info] C: stim/axes_peakbin_stimC-stim-vertical-20mssw (vertical)
[info] S: sacc/axes_peakbin_saccCS-sacc-horizontal-20mssw (horizontal)
[info] win_C: [0.1, 0.3], win_S: [-0.1, -0.03]
[info] Use rich conditions: True

============================================================
[20200401] Processing cross-alignment...
  [cross] Building geometry from both epochs...
          C epoch: stim, window=(0.1, 0.3), trials=253
          S epoch: sacc, window=(-0.1, -0.03), trials=250
          D_C shape: (71, 160), D_S shape: (71, 112)
  [cross] Observed: |cos(θ)|=0.7821, θ=38.5°
  [null] Manifold dim: 66, D_eff=19.7
         Expected |cos(θ)| ≈ 0.180 (angle ≈ 79.6°)
  [null] Running 1000 covariance-constrained null samples...
    [200/1000] null_mean=0.1592
    [400/1000] null_mean=0.1526
    [600/1000] null_mean=0.1534
    [800/1000] null_mean=0.1498
    [1000/1000] null_mean=0.1488
  [result] a_obs=0.7821, null_mean=0.1488±0.1053
           Δ=0.6334, z=6.01
           θ_obs=38.5°, θ_null=81.4°
           p(more orthogonal)=1.0000, p(more aligned)=0.0010
  [saved] /project/bdoiron/dracoxu/rct-fsflow/paper_project_final/out/cross_alignment/case_iii_correctonly/cross_case_iii_correctonly_20200401.json

======================================================================
[done] Results saved to /project/bdoiron/dracoxu/rct-fsflow/paper_project_final/out/cross_alignment/case_iii_correctonly
======================================================================
[done] Case iii → /project/bdoiron/dracoxu/rct-fsflow/paper_project_final/out/cross_alignment/case_iii_correctonly/

------------------------------------------------------------
[Case iv] Stim-C (pooled) vs Sacc-S (pooled) (correct-only)
  C axes: stim/axes_peakbin_stimC-stim-pooled-20mssw (orientation: pooled)
  S axes: sacc/axes_peakbin_saccCS-sacc-pooled-20mssw (orientation: pooled)
  OUT_ROOT: /project/bdoiron/dracoxu/rct-fsflow/paper_project_final/out
------------------------------------------------------------
======================================================================
CROSS-ALIGNMENT AXIS ANALYSIS
======================================================================
[info] Processing 1 session(s)
[info] C: stim/axes_peakbin_stimC-stim-pooled-20mssw (pooled)
[info] S: sacc/axes_peakbin_saccCS-sacc-pooled-20mssw (pooled)
[info] win_C: [0.1, 0.3], win_S: [-0.1, -0.03]
[info] Use rich conditions: True

============================================================
[20200401] Processing cross-alignment...
  [cross] Building geometry from both epochs...
          C epoch: stim, window=(0.1, 0.3), trials=503
          S epoch: sacc, window=(-0.1, -0.03), trials=503
          D_C shape: (71, 320), D_S shape: (71, 224)
  [cross] Observed: |cos(θ)|=0.4832, θ=61.1°
  [null] Manifold dim: 68, D_eff=24.8
         Expected |cos(θ)| ≈ 0.160 (angle ≈ 80.8°)
  [null] Running 1000 covariance-constrained null samples...
    [200/1000] null_mean=0.1291
    [400/1000] null_mean=0.1207
    [600/1000] null_mean=0.1185
    [800/1000] null_mean=0.1217
    [1000/1000] null_mean=0.1219
  [result] a_obs=0.4832, null_mean=0.1219±0.0874
           Δ=0.3613, z=4.14
           θ_obs=61.1°, θ_null=83.0°
           p(more orthogonal)=1.0000, p(more aligned)=0.0010
  [saved] /project/bdoiron/dracoxu/rct-fsflow/paper_project_final/out/cross_alignment/case_iv_correctonly/cross_case_iv_correctonly_20200401.json

======================================================================
[done] Results saved to /project/bdoiron/dracoxu/rct-fsflow/paper_project_final/out/cross_alignment/case_iv_correctonly
======================================================================
[done] Case iv → /project/bdoiron/dracoxu/rct-fsflow/paper_project_final/out/cross_alignment/case_iv_correctonly/

==============================================================
ALL TRIALS (out_nofilter/)
==============================================================

------------------------------------------------------------
[Case i] Sacc-aligned C & S, horizontal trials (all-trials)
  Axes: axes_peakbin_saccCS-sacc-horizontal-20mssw_nofilter
  Orientation: horizontal
  OUT_ROOT: /project/bdoiron/dracoxu/rct-fsflow/paper_project_final/out_nofilter
------------------------------------------------------------
======================================================================
CATEGORY-SACCADE SUBSPACE ALIGNMENT ANALYSIS
======================================================================
[info] Processing 1 session(s)
[info] Mode: axis_cov
[info] out_root: /project/bdoiron/dracoxu/rct-fsflow/paper_project_final/out_nofilter
[info] n_perms: 1000

[Analysis C] Axis Angle + Covariance-Constrained Null (DAVE'S QUESTION)
             Axes tag: axes_peakbin_saccCS-sacc-horizontal-20mssw_nofilter
             Uses trained sC and sS_raw axes
             Tests: 'less aligned than geometry-constrained chance'

============================================================
[20200401] Processing...

  [Analysis C] Axis angle + covariance-constrained null...
  [axis-cov] Observed: |cos(θ)|=0.2193, θ=77.3°
  [null] Manifold dim: 59, D_eff=11.2
         Expected |cos(θ)| ≈ 0.299 (angle ≈ 72.6°)
  [null] Running 1000 covariance-constrained null samples...
    [200/1000] null_mean=0.2195
    [400/1000] null_mean=0.2087
    [600/1000] null_mean=0.2095
    [800/1000] null_mean=0.2086
    [1000/1000] null_mean=0.2078
  [result] a_obs=0.2193, null_mean=0.2078±0.1447
           Δ=0.0115, z=0.08
           θ_obs=77.3°, θ_null=77.8°
           p(more orthogonal)=0.5684, p(more aligned)=0.4326
  [saved] /project/bdoiron/dracoxu/rct-fsflow/paper_project_final/out_nofilter/sacc/alignment/case_i_alltrials/axis_cov_20200401.json

======================================================================
[done] Per-session results saved to /project/bdoiron/dracoxu/rct-fsflow/paper_project_final/out_nofilter/sacc/alignment/case_i_alltrials
======================================================================
[done] Case i → /project/bdoiron/dracoxu/rct-fsflow/paper_project_final/out_nofilter/sacc/alignment/case_i_alltrials/

------------------------------------------------------------
[Case ii] Sacc-aligned C & S, pooled trials (all-trials)
  Axes: axes_peakbin_saccCS-sacc-pooled-20mssw_nofilter
  Orientation: pooled
  OUT_ROOT: /project/bdoiron/dracoxu/rct-fsflow/paper_project_final/out_nofilter
------------------------------------------------------------
======================================================================
CATEGORY-SACCADE SUBSPACE ALIGNMENT ANALYSIS
======================================================================
[info] Processing 1 session(s)
[info] Mode: axis_cov
[info] out_root: /project/bdoiron/dracoxu/rct-fsflow/paper_project_final/out_nofilter
[info] n_perms: 1000

[Analysis C] Axis Angle + Covariance-Constrained Null (DAVE'S QUESTION)
             Axes tag: axes_peakbin_saccCS-sacc-pooled-20mssw_nofilter
             Uses trained sC and sS_raw axes
             Tests: 'less aligned than geometry-constrained chance'

============================================================
[20200401] Processing...

  [Analysis C] Axis angle + covariance-constrained null...
  [axis-cov] Observed: |cos(θ)|=0.1632, θ=80.6°
  [null] Manifold dim: 66, D_eff=11.4
         Expected |cos(θ)| ≈ 0.296 (angle ≈ 72.8°)
  [null] Running 1000 covariance-constrained null samples...
    [200/1000] null_mean=0.1581
    [400/1000] null_mean=0.1659
    [600/1000] null_mean=0.1691
    [800/1000] null_mean=0.1693
    [1000/1000] null_mean=0.1707
  [result] a_obs=0.1632, null_mean=0.1707±0.1218
           Δ=-0.0074, z=-0.06
           θ_obs=80.6°, θ_null=80.1°
           p(more orthogonal)=0.5455, p(more aligned)=0.4555
  [saved] /project/bdoiron/dracoxu/rct-fsflow/paper_project_final/out_nofilter/sacc/alignment/case_ii_alltrials/axis_cov_20200401.json

======================================================================
[done] Per-session results saved to /project/bdoiron/dracoxu/rct-fsflow/paper_project_final/out_nofilter/sacc/alignment/case_ii_alltrials
======================================================================
[done] Case ii → /project/bdoiron/dracoxu/rct-fsflow/paper_project_final/out_nofilter/sacc/alignment/case_ii_alltrials/

------------------------------------------------------------
[Case iii] Stim-C (vertical) vs Sacc-S (horizontal) (all-trials)
  C axes: stim/axes_peakbin_stimC-stim-vertical-20mssw_nofilter (orientation: vertical)
  S axes: sacc/axes_peakbin_saccCS-sacc-horizontal-20mssw_nofilter (orientation: horizontal)
  OUT_ROOT: /project/bdoiron/dracoxu/rct-fsflow/paper_project_final/out_nofilter
------------------------------------------------------------
======================================================================
CROSS-ALIGNMENT AXIS ANALYSIS
======================================================================
[info] Processing 1 session(s)
[info] C: stim/axes_peakbin_stimC-stim-vertical-20mssw_nofilter (vertical)
[info] S: sacc/axes_peakbin_saccCS-sacc-horizontal-20mssw_nofilter (horizontal)
[info] win_C: [0.1, 0.3], win_S: [-0.1, -0.03]
[info] Use rich conditions: True

============================================================
[20200401] Processing cross-alignment...
  [cross] Building geometry from both epochs...
          C epoch: stim, window=(0.1, 0.3), trials=261
          S epoch: sacc, window=(-0.1, -0.03), trials=257
          D_C shape: (71, 160), D_S shape: (71, 112)
  [cross] Observed: |cos(θ)|=0.7141, θ=44.4°
  [null] Manifold dim: 66, D_eff=19.0
         Expected |cos(θ)| ≈ 0.183 (angle ≈ 79.4°)
  [null] Running 1000 covariance-constrained null samples...
    [200/1000] null_mean=0.1502
    [400/1000] null_mean=0.1348
    [600/1000] null_mean=0.1376
    [800/1000] null_mean=0.1371
    [1000/1000] null_mean=0.1364
  [result] a_obs=0.7141, null_mean=0.1364±0.0987
           Δ=0.5776, z=5.85
           θ_obs=44.4°, θ_null=82.1°
           p(more orthogonal)=1.0000, p(more aligned)=0.0010
  [saved] /project/bdoiron/dracoxu/rct-fsflow/paper_project_final/out_nofilter/cross_alignment/case_iii_alltrials/cross_case_iii_alltrials_20200401.json

======================================================================
[done] Results saved to /project/bdoiron/dracoxu/rct-fsflow/paper_project_final/out_nofilter/cross_alignment/case_iii_alltrials
======================================================================
[done] Case iii → /project/bdoiron/dracoxu/rct-fsflow/paper_project_final/out_nofilter/cross_alignment/case_iii_alltrials/

------------------------------------------------------------
[Case iv] Stim-C (pooled) vs Sacc-S (pooled) (all-trials)
  C axes: stim/axes_peakbin_stimC-stim-pooled-20mssw_nofilter (orientation: pooled)
  S axes: sacc/axes_peakbin_saccCS-sacc-pooled-20mssw_nofilter (orientation: pooled)
  OUT_ROOT: /project/bdoiron/dracoxu/rct-fsflow/paper_project_final/out_nofilter
------------------------------------------------------------
======================================================================
CROSS-ALIGNMENT AXIS ANALYSIS
======================================================================
[info] Processing 1 session(s)
[info] C: stim/axes_peakbin_stimC-stim-pooled-20mssw_nofilter (pooled)
[info] S: sacc/axes_peakbin_saccCS-sacc-pooled-20mssw_nofilter (pooled)
[info] win_C: [0.1, 0.3], win_S: [-0.1, -0.03]
[info] Use rich conditions: True

============================================================
[20200401] Processing cross-alignment...
  [cross] Building geometry from both epochs...
          C epoch: stim, window=(0.1, 0.3), trials=518
          S epoch: sacc, window=(-0.1, -0.03), trials=518
          D_C shape: (71, 320), D_S shape: (71, 224)
  [cross] Observed: |cos(θ)|=0.4852, θ=61.0°
  [null] Manifold dim: 68, D_eff=24.4
         Expected |cos(θ)| ≈ 0.162 (angle ≈ 80.7°)
  [null] Running 1000 covariance-constrained null samples...
    [200/1000] null_mean=0.1181
    [400/1000] null_mean=0.1209
    [600/1000] null_mean=0.1175
    [800/1000] null_mean=0.1175
    [1000/1000] null_mean=0.1200
  [result] a_obs=0.4852, null_mean=0.1200±0.0887
           Δ=0.3652, z=4.12
           θ_obs=61.0°, θ_null=83.1°
           p(more orthogonal)=1.0000, p(more aligned)=0.0010
  [saved] /project/bdoiron/dracoxu/rct-fsflow/paper_project_final/out_nofilter/cross_alignment/case_iv_alltrials/cross_case_iv_alltrials_20200401.json

======================================================================
[done] Results saved to /project/bdoiron/dracoxu/rct-fsflow/paper_project_final/out_nofilter/cross_alignment/case_iv_alltrials
======================================================================
[done] Case iv → /project/bdoiron/dracoxu/rct-fsflow/paper_project_final/out_nofilter/cross_alignment/case_iv_alltrials/

==============================================================
[done] All cases complete for SID=20200401
==============================================================
