==============================================================
AXIS ALIGNMENT ANALYSIS (NOFILTER) - Session 20230707 (task 15)
==============================================================

[info] Running alignment analysis for 20230707 (NOFILTER)
       Mode: both (AI + axis_shuffle)
       n_perms: 1000

======================================================================
CATEGORY-SACCADE SUBSPACE ALIGNMENT ANALYSIS
======================================================================
[info] Processing 1 session(s)
[info] Mode: both
[info] out_root: /project/bdoiron/dracoxu/rct-fsflow/paper_project_final/out_nofilter
[info] n_perms: 1000

[Analysis A] Alignment Index + Covariance-Matched Null
             Category window: [-0.3, -0.1]
             Saccade window: [-0.1, -0.03]
             Subspace dim k: 6
             Tests: 'less aligned than chance' (orthogonality)

[Analysis B] Axis Angle + Label-Shuffle Null
             Axes tag: axes_peakbin_saccCS-sacc-horizontal-20mssw_nofilter
             Tests: 'more aligned than chance' (label-specific)

============================================================
[20230707] Processing...

  [Analysis A] Alignment Index...
  [AI] Building condition-averaged matrices...
       Category window: (-0.3, -0.1)
       Saccade window: (-0.1, -0.03)
       D_C shape: (32, 38), D_S shape: (32, 16)
       Category subspace: (32, 6), var_explained=0.860
       Saccade subspace: (32, 6), var_explained=0.938
  [AI] Observed AI = 0.3629
       Principal angles (deg): [33.09303667 44.86334266 50.23274037 65.7559384  74.31165742 87.55570098]
       Mean angle: 59.3°, Overlap: 0.3095
  [null] Manifold dim: 20 (from 32 total)
         Expected random overlap (isotropic): ~0.300
  [null] Running 1000 covariance-matched null samples...
    [200/1000] null_AI_mean=0.6560
    [400/1000] null_AI_mean=0.6587
    [600/1000] null_AI_mean=0.6557
    [800/1000] null_AI_mean=0.6534
    [1000/1000] null_AI_mean=0.6530
  [result] AI_obs=0.3629, null_mean=0.6530±0.0966
           Δ_AI=-0.2901
           p(less aligned)=0.0100, p(more aligned)=0.9910
  [saved] /project/bdoiron/dracoxu/rct-fsflow/paper_project_final/out_nofilter/sacc/alignment/nofilter/AI_20230707.json

  [Analysis B] Axis angle + shuffle...
  [axis] Observed: |cos(θ)|=0.0570, θ=86.7°
  [null] Running 1000 label-shuffle permutations...
    [100/1000] null_mean=0.1287
    [200/1000] null_mean=0.1204
    [300/1000] null_mean=0.1171
    [400/1000] null_mean=0.1173
    [500/1000] null_mean=0.1165
    [600/1000] null_mean=0.1166
    [700/1000] null_mean=0.1180
    [800/1000] null_mean=0.1172
    [900/1000] null_mean=0.1170
    [1000/1000] null_mean=0.1158
  [result] Δ=-0.0589, p(more aligned)=0.7043
           Note: shuffle null tests 'more aligned than chance'
  [saved] /project/bdoiron/dracoxu/rct-fsflow/paper_project_final/out_nofilter/sacc/alignment/nofilter/axis_shuffle_20230707.json

======================================================================
[done] Per-session results saved to /project/bdoiron/dracoxu/rct-fsflow/paper_project_final/out_nofilter/sacc/alignment/nofilter
======================================================================

[done] Alignment analysis complete for SID=20230707 (NOFILTER)
       Results: /project/bdoiron/dracoxu/rct-fsflow/paper_project_final/out_nofilter/sacc/alignment/nofilter/
