==============================================================
AXIS ALIGNMENT ANALYSIS - ALL FOUR CASES
Session: 20231109 (task 19)
Filter mode: both
==============================================================

==============================================================
CORRECT-ONLY TRIALS (out/)
==============================================================

------------------------------------------------------------
[Case i] Sacc-aligned C & S, horizontal trials (correct-only)
  Axes: axes_peakbin_saccCS-sacc-horizontal-20mssw
  Orientation: horizontal
  OUT_ROOT: /project/bdoiron/dracoxu/rct-fsflow/paper_project_final/out
  Covariance windows (SACC-aligned): C=[-0.20, 0.05], S=[-0.20, 0.05]
------------------------------------------------------------
======================================================================
CATEGORY-SACCADE SUBSPACE ALIGNMENT ANALYSIS
======================================================================
[info] Processing 1 session(s)
[info] Mode: axis_cov
[info] out_root: /project/bdoiron/dracoxu/rct-fsflow/paper_project_final/out
[info] n_perms: 1000

[Analysis C] Axis Angle + Covariance-Constrained Null (DAVE'S QUESTION)
             Axes tag: axes_peakbin_saccCS-sacc-horizontal-20mssw
             Uses trained sC and sS_raw axes
             Tests: 'less aligned than geometry-constrained chance'

============================================================
[20231109] Processing...

  [Analysis C] Axis angle + covariance-constrained null...
  [axis-cov] Observed: |cos(θ)|=0.0407, θ=87.7°
  [null] D_C shape: (77, 52), D_S shape: (77, 52)
  [null] D_combined shape: (77, 104)
  [null] Manifold dim: 47, D_eff=8.6
         Expected |cos(θ)| ≈ 0.341 (angle ≈ 70.0°)
  [null] Running 1000 covariance-constrained null samples...
    [200/1000] null_mean=0.2860
    [400/1000] null_mean=0.2848
    [600/1000] null_mean=0.2993
    [800/1000] null_mean=0.2939
    [1000/1000] null_mean=0.2978
  [result] a_obs=0.0407, null_mean=0.2978±0.1856
           Δ=-0.2571, z=-1.39
           θ_obs=87.7°, θ_null=72.3°
           p(more orthogonal)=0.0779, p(more aligned)=0.9231
  [saved] /project/bdoiron/dracoxu/rct-fsflow/paper_project_final/out/sacc/alignment/case_i_correctonly/axis_cov_20231109.json

======================================================================
[done] Per-session results saved to /project/bdoiron/dracoxu/rct-fsflow/paper_project_final/out/sacc/alignment/case_i_correctonly
======================================================================
[done] Case i → /project/bdoiron/dracoxu/rct-fsflow/paper_project_final/out/sacc/alignment/case_i_correctonly/

------------------------------------------------------------
[Case ii] Sacc-aligned C & S, pooled trials (correct-only)
  Axes: axes_peakbin_saccCS-sacc-pooled-20mssw
  Orientation: pooled
  OUT_ROOT: /project/bdoiron/dracoxu/rct-fsflow/paper_project_final/out
  Covariance windows (SACC-aligned): C=[-0.20, 0.05], S=[-0.20, 0.05]
------------------------------------------------------------
======================================================================
CATEGORY-SACCADE SUBSPACE ALIGNMENT ANALYSIS
======================================================================
[info] Processing 1 session(s)
[info] Mode: axis_cov
[info] out_root: /project/bdoiron/dracoxu/rct-fsflow/paper_project_final/out
[info] n_perms: 1000

[Analysis C] Axis Angle + Covariance-Constrained Null (DAVE'S QUESTION)
             Axes tag: axes_peakbin_saccCS-sacc-pooled-20mssw
             Uses trained sC and sS_raw axes
             Tests: 'less aligned than geometry-constrained chance'

============================================================
[20231109] Processing...

  [Analysis C] Axis angle + covariance-constrained null...
  [axis-cov] Observed: |cos(θ)|=0.0331, θ=88.1°
  [null] D_C shape: (77, 52), D_S shape: (77, 52)
  [null] D_combined shape: (77, 104)
  [null] Manifold dim: 44, D_eff=5.8
         Expected |cos(θ)| ≈ 0.415 (angle ≈ 65.5°)
  [null] Running 1000 covariance-constrained null samples...
    [200/1000] null_mean=0.3566
    [400/1000] null_mean=0.3697
    [600/1000] null_mean=0.3605
    [800/1000] null_mean=0.3581
    [1000/1000] null_mean=0.3613
  [result] a_obs=0.0331, null_mean=0.3613±0.2198
           Δ=-0.3283, z=-1.49
           θ_obs=88.1°, θ_null=68.1°
           p(more orthogonal)=0.0500, p(more aligned)=0.9510
  [**] SIGNIFICANT: C-S alignment is LOWER than geometry-constrained chance!
  [saved] /project/bdoiron/dracoxu/rct-fsflow/paper_project_final/out/sacc/alignment/case_ii_correctonly/axis_cov_20231109.json

======================================================================
[done] Per-session results saved to /project/bdoiron/dracoxu/rct-fsflow/paper_project_final/out/sacc/alignment/case_ii_correctonly
======================================================================
[done] Case ii → /project/bdoiron/dracoxu/rct-fsflow/paper_project_final/out/sacc/alignment/case_ii_correctonly/

------------------------------------------------------------
[Case iii] Stim-C (vertical) vs Sacc-S (horizontal) (correct-only)
  C axes: stim/axes_peakbin_stimC-stim-vertical-20mssw (orientation: vertical)
  S axes: sacc/axes_peakbin_saccCS-sacc-horizontal-20mssw (orientation: horizontal)
  OUT_ROOT: /project/bdoiron/dracoxu/rct-fsflow/paper_project_final/out
  Covariance windows: C(stim)=[0.00, 0.50], S(sacc)=[-0.20, 0.05]
  Null mode: s_epoch (fixed-axis null using S-epoch geometry)
------------------------------------------------------------
======================================================================
CROSS-ALIGNMENT AXIS ANALYSIS
======================================================================
[info] Processing 1 session(s)
[info] C: stim/axes_peakbin_stimC-stim-vertical-20mssw (vertical)
[info] S: sacc/axes_peakbin_saccCS-sacc-horizontal-20mssw (horizontal)
[info] win_C: [0.0, 0.5], win_S: [-0.2, 0.05]
[info] Null mode: s_epoch
[info] Use rich conditions: False

============================================================
[20231109] Processing cross-alignment...
  [preprocess] Applying sliding window to both caches for observed geometry...
               20.0ms window, 10.0ms step
               C (stim): 2 bins, step 1
               S (sacc): 4 bins, step 2
  [cross] Building geometry from both epochs (Z-scored, SW-transformed)...
          C epoch: stim, window=(0.0, 0.5), trials=396
          S epoch: sacc, window=(-0.2, 0.05), trials=255
          D_C shape: (77, 102), D_S shape: (77, 52)
  [cross] Observed: |cos(θ)|=0.4676, θ=62.1°
  [null] Mode: s_epoch
         Building S-epoch geometry with both C and S conditions...
         Using SAME SW-transformed S cache as observed geometry
         D_S_combined shape: (77, 104)
         Using S-epoch geometry (fixed-axis null, z-scored, sliding window)
  [null] Manifold dim: 47, D_eff=8.6
         Expected |cos(θ)| ≈ 0.272 (angle ≈ 74.2°)
  [null] Running 1000 covariance-constrained null samples...
    [200/1000] null_mean=0.2345
    [400/1000] null_mean=0.2364
    [600/1000] null_mean=0.2440
    [800/1000] null_mean=0.2419
    [1000/1000] null_mean=0.2450
  [result] a_obs=0.4676, null_mean=0.2450±0.1518
           Δ=0.2226, z=1.47
           θ_obs=62.1°, θ_null=75.6°
           p(more orthogonal)=0.9151, p(more aligned)=0.0859
  [saved] /project/bdoiron/dracoxu/rct-fsflow/paper_project_final/out/cross_alignment/case_iii_correctonly/cross_case_iii_correctonly_20231109.json

======================================================================
[done] Results saved to /project/bdoiron/dracoxu/rct-fsflow/paper_project_final/out/cross_alignment/case_iii_correctonly
======================================================================
[done] Case iii → /project/bdoiron/dracoxu/rct-fsflow/paper_project_final/out/cross_alignment/case_iii_correctonly/

------------------------------------------------------------
[Case iv] Stim-C (pooled) vs Sacc-S (pooled) (correct-only)
  C axes: stim/axes_peakbin_stimC-stim-pooled-20mssw (orientation: pooled)
  S axes: sacc/axes_peakbin_saccCS-sacc-pooled-20mssw (orientation: pooled)
  OUT_ROOT: /project/bdoiron/dracoxu/rct-fsflow/paper_project_final/out
  Covariance windows: C(stim)=[0.00, 0.50], S(sacc)=[-0.20, 0.05]
  Null mode: s_epoch (fixed-axis null using S-epoch geometry)
------------------------------------------------------------
======================================================================
CROSS-ALIGNMENT AXIS ANALYSIS
======================================================================
[info] Processing 1 session(s)
[info] C: stim/axes_peakbin_stimC-stim-pooled-20mssw (pooled)
[info] S: sacc/axes_peakbin_saccCS-sacc-pooled-20mssw (pooled)
[info] win_C: [0.0, 0.5], win_S: [-0.2, 0.05]
[info] Null mode: s_epoch
[info] Use rich conditions: False

============================================================
[20231109] Processing cross-alignment...
  [preprocess] Applying sliding window to both caches for observed geometry...
               20.0ms window, 10.0ms step
               C (stim): 2 bins, step 1
               S (sacc): 4 bins, step 2
  [cross] Building geometry from both epochs (Z-scored, SW-transformed)...
          C epoch: stim, window=(0.0, 0.5), trials=651
          S epoch: sacc, window=(-0.2, 0.05), trials=651
          D_C shape: (77, 102), D_S shape: (77, 52)
  [cross] Observed: |cos(θ)|=0.0114, θ=89.3°
  [null] Mode: s_epoch
         Building S-epoch geometry with both C and S conditions...
         Using SAME SW-transformed S cache as observed geometry
         D_S_combined shape: (77, 104)
         Using S-epoch geometry (fixed-axis null, z-scored, sliding window)
  [null] Manifold dim: 44, D_eff=5.8
         Expected |cos(θ)| ≈ 0.331 (angle ≈ 70.7°)
  [null] Running 1000 covariance-constrained null samples...
    [200/1000] null_mean=0.3719
    [400/1000] null_mean=0.3857
    [600/1000] null_mean=0.3774
    [800/1000] null_mean=0.3755
    [1000/1000] null_mean=0.3809
  [result] a_obs=0.0114, null_mean=0.3809±0.2266
           Δ=-0.3695, z=-1.63
           θ_obs=89.3°, θ_null=66.8°
           p(more orthogonal)=0.0220, p(more aligned)=0.9790
  [**] SIGNIFICANT: Cross-alignment C-S is LOWER than geometry-constrained chance!
  [saved] /project/bdoiron/dracoxu/rct-fsflow/paper_project_final/out/cross_alignment/case_iv_correctonly/cross_case_iv_correctonly_20231109.json

======================================================================
[done] Results saved to /project/bdoiron/dracoxu/rct-fsflow/paper_project_final/out/cross_alignment/case_iv_correctonly
======================================================================
[done] Case iv → /project/bdoiron/dracoxu/rct-fsflow/paper_project_final/out/cross_alignment/case_iv_correctonly/

------------------------------------------------------------
[Case v] Stim-C (horizontal) vs Sacc-S (horizontal) (correct-only)
  C axes: stim/axes_peakbin_stimC-stim-horizontal-20mssw (orientation: horizontal)
  S axes: sacc/axes_peakbin_saccCS-sacc-horizontal-20mssw (orientation: horizontal)
  OUT_ROOT: /project/bdoiron/dracoxu/rct-fsflow/paper_project_final/out
  Covariance windows: C(stim)=[0.00, 0.50], S(sacc)=[-0.20, 0.05]
  Null mode: s_epoch (fixed-axis null using S-epoch geometry)
------------------------------------------------------------
======================================================================
CROSS-ALIGNMENT AXIS ANALYSIS
======================================================================
[info] Processing 1 session(s)
[info] C: stim/axes_peakbin_stimC-stim-horizontal-20mssw (horizontal)
[info] S: sacc/axes_peakbin_saccCS-sacc-horizontal-20mssw (horizontal)
[info] win_C: [0.0, 0.5], win_S: [-0.2, 0.05]
[info] Null mode: s_epoch
[info] Use rich conditions: False

============================================================
[20231109] Processing cross-alignment...
  [preprocess] Applying sliding window to both caches for observed geometry...
               20.0ms window, 10.0ms step
               C (stim): 2 bins, step 1
               S (sacc): 4 bins, step 2
  [cross] Building geometry from both epochs (Z-scored, SW-transformed)...
          C epoch: stim, window=(0.0, 0.5), trials=255
          S epoch: sacc, window=(-0.2, 0.05), trials=255
          D_C shape: (77, 102), D_S shape: (77, 52)
  [cross] Observed: |cos(θ)|=0.2165, θ=77.5°
  [null] Mode: s_epoch
         Building S-epoch geometry with both C and S conditions...
         Using SAME SW-transformed S cache as observed geometry
         D_S_combined shape: (77, 104)
         Using S-epoch geometry (fixed-axis null, z-scored, sliding window)
  [null] Manifold dim: 47, D_eff=8.6
         Expected |cos(θ)| ≈ 0.272 (angle ≈ 74.2°)
  [null] Running 1000 covariance-constrained null samples...
    [200/1000] null_mean=0.2704
    [400/1000] null_mean=0.2671
    [600/1000] null_mean=0.2810
    [800/1000] null_mean=0.2763
    [1000/1000] null_mean=0.2805
  [result] a_obs=0.2165, null_mean=0.2805±0.1756
           Δ=-0.0641, z=-0.36
           θ_obs=77.5°, θ_null=73.4°
           p(more orthogonal)=0.4146, p(more aligned)=0.5864
  [saved] /project/bdoiron/dracoxu/rct-fsflow/paper_project_final/out/cross_alignment/case_v_correctonly/cross_case_v_correctonly_20231109.json

======================================================================
[done] Results saved to /project/bdoiron/dracoxu/rct-fsflow/paper_project_final/out/cross_alignment/case_v_correctonly
======================================================================
[done] Case v → /project/bdoiron/dracoxu/rct-fsflow/paper_project_final/out/cross_alignment/case_v_correctonly/

------------------------------------------------------------
[Case vi] Sacc-aligned C & S, vertical trials (correct-only)
  Axes: axes_peakbin_saccCS-sacc-vertical-20mssw
  Orientation: vertical
  OUT_ROOT: /project/bdoiron/dracoxu/rct-fsflow/paper_project_final/out
  Covariance windows (SACC-aligned): C=[-0.20, 0.05], S=[-0.20, 0.05]
------------------------------------------------------------
======================================================================
CATEGORY-SACCADE SUBSPACE ALIGNMENT ANALYSIS
======================================================================
[info] Processing 1 session(s)
[info] Mode: axis_cov
[info] out_root: /project/bdoiron/dracoxu/rct-fsflow/paper_project_final/out
[info] n_perms: 1000

[Analysis C] Axis Angle + Covariance-Constrained Null (DAVE'S QUESTION)
             Axes tag: axes_peakbin_saccCS-sacc-vertical-20mssw
             Uses trained sC and sS_raw axes
             Tests: 'less aligned than geometry-constrained chance'

============================================================
[20231109] Processing...

  [Analysis C] Axis angle + covariance-constrained null...
  [axis-cov] Observed: |cos(θ)|=0.1983, θ=78.6°
  [null] D_C shape: (77, 52), D_S shape: (77, 52)
  [null] D_combined shape: (77, 104)
  [null] Manifold dim: 43, D_eff=6.4
         Expected |cos(θ)| ≈ 0.395 (angle ≈ 66.7°)
  [null] Running 1000 covariance-constrained null samples...
    [200/1000] null_mean=0.3576
    [400/1000] null_mean=0.3594
    [600/1000] null_mean=0.3624
    [800/1000] null_mean=0.3613
    [1000/1000] null_mean=0.3609
  [result] a_obs=0.1983, null_mean=0.3609±0.2085
           Δ=-0.1627, z=-0.78
           θ_obs=78.6°, θ_null=68.2°
           p(more orthogonal)=0.2707, p(more aligned)=0.7303
  [saved] /project/bdoiron/dracoxu/rct-fsflow/paper_project_final/out/sacc/alignment/case_vi_correctonly/axis_cov_20231109.json

======================================================================
[done] Per-session results saved to /project/bdoiron/dracoxu/rct-fsflow/paper_project_final/out/sacc/alignment/case_vi_correctonly
======================================================================
[done] Case vi → /project/bdoiron/dracoxu/rct-fsflow/paper_project_final/out/sacc/alignment/case_vi_correctonly/

==============================================================
ALL TRIALS (out_nofilter/)
==============================================================

------------------------------------------------------------
[Case i] Sacc-aligned C & S, horizontal trials (all-trials)
  Axes: axes_peakbin_saccCS-sacc-horizontal-20mssw_nofilter
  Orientation: horizontal
  OUT_ROOT: /project/bdoiron/dracoxu/rct-fsflow/paper_project_final/out_nofilter
  Covariance windows (SACC-aligned): C=[-0.20, 0.05], S=[-0.20, 0.05]
------------------------------------------------------------
======================================================================
CATEGORY-SACCADE SUBSPACE ALIGNMENT ANALYSIS
======================================================================
[info] Processing 1 session(s)
[info] Mode: axis_cov
[info] out_root: /project/bdoiron/dracoxu/rct-fsflow/paper_project_final/out_nofilter
[info] n_perms: 1000

[Analysis C] Axis Angle + Covariance-Constrained Null (DAVE'S QUESTION)
             Axes tag: axes_peakbin_saccCS-sacc-horizontal-20mssw_nofilter
             Uses trained sC and sS_raw axes
             Tests: 'less aligned than geometry-constrained chance'

============================================================
[20231109] Processing...

  [Analysis C] Axis angle + covariance-constrained null...
  [axis-cov] Observed: |cos(θ)|=0.0146, θ=89.2°
  [null] D_C shape: (77, 52), D_S shape: (77, 52)
  [null] D_combined shape: (77, 104)
  [null] Manifold dim: 47, D_eff=8.3
         Expected |cos(θ)| ≈ 0.347 (angle ≈ 69.7°)
  [null] Running 1000 covariance-constrained null samples...
    [200/1000] null_mean=0.2784
    [400/1000] null_mean=0.2770
    [600/1000] null_mean=0.2926
    [800/1000] null_mean=0.2881
    [1000/1000] null_mean=0.2929
  [result] a_obs=0.0146, null_mean=0.2929±0.1815
           Δ=-0.2782, z=-1.53
           θ_obs=89.2°, θ_null=72.6°
           p(more orthogonal)=0.0290, p(more aligned)=0.9720
  [**] SIGNIFICANT: C-S alignment is LOWER than geometry-constrained chance!
  [saved] /project/bdoiron/dracoxu/rct-fsflow/paper_project_final/out_nofilter/sacc/alignment/case_i_alltrials/axis_cov_20231109.json

======================================================================
[done] Per-session results saved to /project/bdoiron/dracoxu/rct-fsflow/paper_project_final/out_nofilter/sacc/alignment/case_i_alltrials
======================================================================
[done] Case i → /project/bdoiron/dracoxu/rct-fsflow/paper_project_final/out_nofilter/sacc/alignment/case_i_alltrials/

------------------------------------------------------------
[Case ii] Sacc-aligned C & S, pooled trials (all-trials)
  Axes: axes_peakbin_saccCS-sacc-pooled-20mssw_nofilter
  Orientation: pooled
  OUT_ROOT: /project/bdoiron/dracoxu/rct-fsflow/paper_project_final/out_nofilter
  Covariance windows (SACC-aligned): C=[-0.20, 0.05], S=[-0.20, 0.05]
------------------------------------------------------------
======================================================================
CATEGORY-SACCADE SUBSPACE ALIGNMENT ANALYSIS
======================================================================
[info] Processing 1 session(s)
[info] Mode: axis_cov
[info] out_root: /project/bdoiron/dracoxu/rct-fsflow/paper_project_final/out_nofilter
[info] n_perms: 1000

[Analysis C] Axis Angle + Covariance-Constrained Null (DAVE'S QUESTION)
             Axes tag: axes_peakbin_saccCS-sacc-pooled-20mssw_nofilter
             Uses trained sC and sS_raw axes
             Tests: 'less aligned than geometry-constrained chance'

============================================================
[20231109] Processing...

  [Analysis C] Axis angle + covariance-constrained null...
  [axis-cov] Observed: |cos(θ)|=0.0140, θ=89.2°
  [null] D_C shape: (77, 52), D_S shape: (77, 52)
  [null] D_combined shape: (77, 104)
  [null] Manifold dim: 43, D_eff=5.9
         Expected |cos(θ)| ≈ 0.411 (angle ≈ 65.7°)
  [null] Running 1000 covariance-constrained null samples...
    [200/1000] null_mean=0.3393
    [400/1000] null_mean=0.3473
    [600/1000] null_mean=0.3481
    [800/1000] null_mean=0.3568
    [1000/1000] null_mean=0.3566
  [result] a_obs=0.0140, null_mean=0.3566±0.2201
           Δ=-0.3425, z=-1.56
           θ_obs=89.2°, θ_null=68.4°
           p(more orthogonal)=0.0220, p(more aligned)=0.9790
  [**] SIGNIFICANT: C-S alignment is LOWER than geometry-constrained chance!
  [saved] /project/bdoiron/dracoxu/rct-fsflow/paper_project_final/out_nofilter/sacc/alignment/case_ii_alltrials/axis_cov_20231109.json

======================================================================
[done] Per-session results saved to /project/bdoiron/dracoxu/rct-fsflow/paper_project_final/out_nofilter/sacc/alignment/case_ii_alltrials
======================================================================
[done] Case ii → /project/bdoiron/dracoxu/rct-fsflow/paper_project_final/out_nofilter/sacc/alignment/case_ii_alltrials/

------------------------------------------------------------
[Case iii] Stim-C (vertical) vs Sacc-S (horizontal) (all-trials)
  C axes: stim/axes_peakbin_stimC-stim-vertical-20mssw_nofilter (orientation: vertical)
  S axes: sacc/axes_peakbin_saccCS-sacc-horizontal-20mssw_nofilter (orientation: horizontal)
  OUT_ROOT: /project/bdoiron/dracoxu/rct-fsflow/paper_project_final/out_nofilter
  Covariance windows: C(stim)=[0.00, 0.50], S(sacc)=[-0.20, 0.05]
  Null mode: s_epoch (fixed-axis null using S-epoch geometry)
------------------------------------------------------------
======================================================================
CROSS-ALIGNMENT AXIS ANALYSIS
======================================================================
[info] Processing 1 session(s)
[info] C: stim/axes_peakbin_stimC-stim-vertical-20mssw_nofilter (vertical)
[info] S: sacc/axes_peakbin_saccCS-sacc-horizontal-20mssw_nofilter (horizontal)
[info] win_C: [0.0, 0.5], win_S: [-0.2, 0.05]
[info] Null mode: s_epoch
[info] Use rich conditions: False

============================================================
[20231109] Processing cross-alignment...
  [preprocess] Applying sliding window to both caches for observed geometry...
               20.0ms window, 10.0ms step
               C (stim): 2 bins, step 1
               S (sacc): 4 bins, step 2
  [cross] Building geometry from both epochs (Z-scored, SW-transformed)...
          C epoch: stim, window=(0.0, 0.5), trials=454
          S epoch: sacc, window=(-0.2, 0.05), trials=275
          D_C shape: (77, 102), D_S shape: (77, 52)
  [cross] Observed: |cos(θ)|=0.2956, θ=72.8°
  [null] Mode: s_epoch
         Building S-epoch geometry with both C and S conditions...
         Using SAME SW-transformed S cache as observed geometry
         D_S_combined shape: (77, 104)
         Using S-epoch geometry (fixed-axis null, z-scored, sliding window)
  [null] Manifold dim: 47, D_eff=8.3
         Expected |cos(θ)| ≈ 0.277 (angle ≈ 73.9°)
  [null] Running 1000 covariance-constrained null samples...
    [200/1000] null_mean=0.2587
    [400/1000] null_mean=0.2571
    [600/1000] null_mean=0.2677
    [800/1000] null_mean=0.2660
    [1000/1000] null_mean=0.2696
  [result] a_obs=0.2956, null_mean=0.2696±0.1636
           Δ=0.0260, z=0.16
           θ_obs=72.8°, θ_null=74.1°
           p(more orthogonal)=0.5634, p(more aligned)=0.4376
  [saved] /project/bdoiron/dracoxu/rct-fsflow/paper_project_final/out_nofilter/cross_alignment/case_iii_alltrials/cross_case_iii_alltrials_20231109.json

======================================================================
[done] Results saved to /project/bdoiron/dracoxu/rct-fsflow/paper_project_final/out_nofilter/cross_alignment/case_iii_alltrials
======================================================================
[done] Case iii → /project/bdoiron/dracoxu/rct-fsflow/paper_project_final/out_nofilter/cross_alignment/case_iii_alltrials/

------------------------------------------------------------
[Case iv] Stim-C (pooled) vs Sacc-S (pooled) (all-trials)
  C axes: stim/axes_peakbin_stimC-stim-pooled-20mssw_nofilter (orientation: pooled)
  S axes: sacc/axes_peakbin_saccCS-sacc-pooled-20mssw_nofilter (orientation: pooled)
  OUT_ROOT: /project/bdoiron/dracoxu/rct-fsflow/paper_project_final/out_nofilter
  Covariance windows: C(stim)=[0.00, 0.50], S(sacc)=[-0.20, 0.05]
  Null mode: s_epoch (fixed-axis null using S-epoch geometry)
------------------------------------------------------------
======================================================================
CROSS-ALIGNMENT AXIS ANALYSIS
======================================================================
[info] Processing 1 session(s)
[info] C: stim/axes_peakbin_stimC-stim-pooled-20mssw_nofilter (pooled)
[info] S: sacc/axes_peakbin_saccCS-sacc-pooled-20mssw_nofilter (pooled)
[info] win_C: [0.0, 0.5], win_S: [-0.2, 0.05]
[info] Null mode: s_epoch
[info] Use rich conditions: False

============================================================
[20231109] Processing cross-alignment...
  [preprocess] Applying sliding window to both caches for observed geometry...
               20.0ms window, 10.0ms step
               C (stim): 2 bins, step 1
               S (sacc): 4 bins, step 2
  [cross] Building geometry from both epochs (Z-scored, SW-transformed)...
          C epoch: stim, window=(0.0, 0.5), trials=729
          S epoch: sacc, window=(-0.2, 0.05), trials=729
          D_C shape: (77, 102), D_S shape: (77, 52)
  [cross] Observed: |cos(θ)|=0.0840, θ=85.2°
  [null] Mode: s_epoch
         Building S-epoch geometry with both C and S conditions...
         Using SAME SW-transformed S cache as observed geometry
         D_S_combined shape: (77, 104)
         Using S-epoch geometry (fixed-axis null, z-scored, sliding window)
  [null] Manifold dim: 43, D_eff=5.9
         Expected |cos(θ)| ≈ 0.328 (angle ≈ 70.8°)
  [null] Running 1000 covariance-constrained null samples...
    [200/1000] null_mean=0.3330
    [400/1000] null_mean=0.3449
    [600/1000] null_mean=0.3477
    [800/1000] null_mean=0.3553
    [1000/1000] null_mean=0.3575
  [result] a_obs=0.0840, null_mean=0.3575±0.2172
           Δ=-0.2734, z=-1.26
           θ_obs=85.2°, θ_null=68.4°
           p(more orthogonal)=0.1329, p(more aligned)=0.8681
  [saved] /project/bdoiron/dracoxu/rct-fsflow/paper_project_final/out_nofilter/cross_alignment/case_iv_alltrials/cross_case_iv_alltrials_20231109.json

======================================================================
[done] Results saved to /project/bdoiron/dracoxu/rct-fsflow/paper_project_final/out_nofilter/cross_alignment/case_iv_alltrials
======================================================================
[done] Case iv → /project/bdoiron/dracoxu/rct-fsflow/paper_project_final/out_nofilter/cross_alignment/case_iv_alltrials/

------------------------------------------------------------
[Case v] Stim-C (horizontal) vs Sacc-S (horizontal) (all-trials)
  C axes: stim/axes_peakbin_stimC-stim-horizontal-20mssw_nofilter (orientation: horizontal)
  S axes: sacc/axes_peakbin_saccCS-sacc-horizontal-20mssw_nofilter (orientation: horizontal)
  OUT_ROOT: /project/bdoiron/dracoxu/rct-fsflow/paper_project_final/out_nofilter
  Covariance windows: C(stim)=[0.00, 0.50], S(sacc)=[-0.20, 0.05]
  Null mode: s_epoch (fixed-axis null using S-epoch geometry)
------------------------------------------------------------
======================================================================
CROSS-ALIGNMENT AXIS ANALYSIS
======================================================================
[info] Processing 1 session(s)
[info] C: stim/axes_peakbin_stimC-stim-horizontal-20mssw_nofilter (horizontal)
[info] S: sacc/axes_peakbin_saccCS-sacc-horizontal-20mssw_nofilter (horizontal)
[info] win_C: [0.0, 0.5], win_S: [-0.2, 0.05]
[info] Null mode: s_epoch
[info] Use rich conditions: False

============================================================
[20231109] Processing cross-alignment...
  [preprocess] Applying sliding window to both caches for observed geometry...
               20.0ms window, 10.0ms step
               C (stim): 2 bins, step 1
               S (sacc): 4 bins, step 2
  [cross] Building geometry from both epochs (Z-scored, SW-transformed)...
          C epoch: stim, window=(0.0, 0.5), trials=275
          S epoch: sacc, window=(-0.2, 0.05), trials=275
          D_C shape: (77, 102), D_S shape: (77, 52)
  [cross] Observed: |cos(θ)|=0.1249, θ=82.8°
  [null] Mode: s_epoch
         Building S-epoch geometry with both C and S conditions...
         Using SAME SW-transformed S cache as observed geometry
         D_S_combined shape: (77, 104)
         Using S-epoch geometry (fixed-axis null, z-scored, sliding window)
  [null] Manifold dim: 47, D_eff=8.3
         Expected |cos(θ)| ≈ 0.277 (angle ≈ 73.9°)
  [null] Running 1000 covariance-constrained null samples...
    [200/1000] null_mean=0.2487
    [400/1000] null_mean=0.2487
    [600/1000] null_mean=0.2627
    [800/1000] null_mean=0.2584
    [1000/1000] null_mean=0.2613
  [result] a_obs=0.1249, null_mean=0.2613±0.1638
           Δ=-0.1364, z=-0.83
           θ_obs=82.8°, θ_null=74.6°
           p(more orthogonal)=0.2398, p(more aligned)=0.7612
  [saved] /project/bdoiron/dracoxu/rct-fsflow/paper_project_final/out_nofilter/cross_alignment/case_v_alltrials/cross_case_v_alltrials_20231109.json

======================================================================
[done] Results saved to /project/bdoiron/dracoxu/rct-fsflow/paper_project_final/out_nofilter/cross_alignment/case_v_alltrials
======================================================================
[done] Case v → /project/bdoiron/dracoxu/rct-fsflow/paper_project_final/out_nofilter/cross_alignment/case_v_alltrials/

------------------------------------------------------------
[Case vi] Sacc-aligned C & S, vertical trials (all-trials)
  Axes: axes_peakbin_saccCS-sacc-vertical-20mssw_nofilter
  Orientation: vertical
  OUT_ROOT: /project/bdoiron/dracoxu/rct-fsflow/paper_project_final/out_nofilter
  Covariance windows (SACC-aligned): C=[-0.20, 0.05], S=[-0.20, 0.05]
------------------------------------------------------------
======================================================================
CATEGORY-SACCADE SUBSPACE ALIGNMENT ANALYSIS
======================================================================
[info] Processing 1 session(s)
[info] Mode: axis_cov
[info] out_root: /project/bdoiron/dracoxu/rct-fsflow/paper_project_final/out_nofilter
[info] n_perms: 1000

[Analysis C] Axis Angle + Covariance-Constrained Null (DAVE'S QUESTION)
             Axes tag: axes_peakbin_saccCS-sacc-vertical-20mssw_nofilter
             Uses trained sC and sS_raw axes
             Tests: 'less aligned than geometry-constrained chance'

============================================================
[20231109] Processing...

  [Analysis C] Axis angle + covariance-constrained null...
  [axis-cov] Observed: |cos(θ)|=0.1861, θ=79.3°
  [null] D_C shape: (77, 52), D_S shape: (77, 52)
  [null] D_combined shape: (77, 104)
  [null] Manifold dim: 44, D_eff=6.7
         Expected |cos(θ)| ≈ 0.385 (angle ≈ 67.4°)
  [null] Running 1000 covariance-constrained null samples...
    [200/1000] null_mean=0.3436
    [400/1000] null_mean=0.3391
    [600/1000] null_mean=0.3344
    [800/1000] null_mean=0.3359
    [1000/1000] null_mean=0.3416
  [result] a_obs=0.1861, null_mean=0.3416±0.2099
           Δ=-0.1556, z=-0.74
           θ_obs=79.3°, θ_null=69.4°
           p(more orthogonal)=0.2967, p(more aligned)=0.7043
  [saved] /project/bdoiron/dracoxu/rct-fsflow/paper_project_final/out_nofilter/sacc/alignment/case_vi_alltrials/axis_cov_20231109.json

======================================================================
[done] Per-session results saved to /project/bdoiron/dracoxu/rct-fsflow/paper_project_final/out_nofilter/sacc/alignment/case_vi_alltrials
======================================================================
[done] Case vi → /project/bdoiron/dracoxu/rct-fsflow/paper_project_final/out_nofilter/sacc/alignment/case_vi_alltrials/

==============================================================
[done] All cases complete for SID=20231109
==============================================================
