==============================================================
AXIS ALIGNMENT ANALYSIS - ALL FOUR CASES
Session: 20230622 (task 12)
Filter mode: both
==============================================================

==============================================================
CORRECT-ONLY TRIALS (out/)
==============================================================

------------------------------------------------------------
[Case i] Sacc-aligned C & S, horizontal trials (correct-only)
  Axes: axes_peakbin_saccCS-sacc-horizontal-20mssw
  Orientation: horizontal
  OUT_ROOT: /project/bdoiron/dracoxu/rct-fsflow/paper_project_final/out
------------------------------------------------------------
======================================================================
CATEGORY-SACCADE SUBSPACE ALIGNMENT ANALYSIS
======================================================================
[info] Processing 1 session(s)
[info] Mode: axis_cov
[info] out_root: /project/bdoiron/dracoxu/rct-fsflow/paper_project_final/out
[info] n_perms: 1000

[Analysis C] Axis Angle + Covariance-Constrained Null (DAVE'S QUESTION)
             Axes tag: axes_peakbin_saccCS-sacc-horizontal-20mssw
             Uses trained sC and sS_raw axes
             Tests: 'less aligned than geometry-constrained chance'

============================================================
[20230622] Processing...

  [Analysis C] Axis angle + covariance-constrained null...
  [axis-cov] Observed: |cos(θ)|=0.0758, θ=85.7°
  [null] Manifold dim: 86, D_eff=22.0
         Expected |cos(θ)| ≈ 0.213 (angle ≈ 77.7°)
  [null] Running 1000 covariance-constrained null samples...
    [200/1000] null_mean=0.2259
    [400/1000] null_mean=0.2092
    [600/1000] null_mean=0.2097
    [800/1000] null_mean=0.2141
    [1000/1000] null_mean=0.2160
  [result] a_obs=0.0758, null_mean=0.2160±0.1463
           Δ=-0.1402, z=-0.96
           θ_obs=85.7°, θ_null=77.4°
           p(more orthogonal)=0.2018, p(more aligned)=0.7992
  [saved] /project/bdoiron/dracoxu/rct-fsflow/paper_project_final/out/sacc/alignment/case_i_correctonly/axis_cov_20230622.json

======================================================================
[done] Per-session results saved to /project/bdoiron/dracoxu/rct-fsflow/paper_project_final/out/sacc/alignment/case_i_correctonly
======================================================================
[done] Case i → /project/bdoiron/dracoxu/rct-fsflow/paper_project_final/out/sacc/alignment/case_i_correctonly/

------------------------------------------------------------
[Case ii] Sacc-aligned C & S, pooled trials (correct-only)
  Axes: axes_peakbin_saccCS-sacc-pooled-20mssw
  Orientation: pooled
  OUT_ROOT: /project/bdoiron/dracoxu/rct-fsflow/paper_project_final/out
------------------------------------------------------------
======================================================================
CATEGORY-SACCADE SUBSPACE ALIGNMENT ANALYSIS
======================================================================
[info] Processing 1 session(s)
[info] Mode: axis_cov
[info] out_root: /project/bdoiron/dracoxu/rct-fsflow/paper_project_final/out
[info] n_perms: 1000

[Analysis C] Axis Angle + Covariance-Constrained Null (DAVE'S QUESTION)
             Axes tag: axes_peakbin_saccCS-sacc-pooled-20mssw
             Uses trained sC and sS_raw axes
             Tests: 'less aligned than geometry-constrained chance'

============================================================
[20230622] Processing...

  [Analysis C] Axis angle + covariance-constrained null...
  [axis-cov] Observed: |cos(θ)|=0.0238, θ=88.6°
  [null] Manifold dim: 107, D_eff=13.8
         Expected |cos(θ)| ≈ 0.269 (angle ≈ 74.4°)
  [null] Running 1000 covariance-constrained null samples...
    [200/1000] null_mean=0.1581
    [400/1000] null_mean=0.1691
    [600/1000] null_mean=0.1669
    [800/1000] null_mean=0.1643
    [1000/1000] null_mean=0.1654
  [result] a_obs=0.0238, null_mean=0.1654±0.1164
           Δ=-0.1416, z=-1.22
           θ_obs=88.6°, θ_null=80.4°
           p(more orthogonal)=0.0819, p(more aligned)=0.9191
  [saved] /project/bdoiron/dracoxu/rct-fsflow/paper_project_final/out/sacc/alignment/case_ii_correctonly/axis_cov_20230622.json

======================================================================
[done] Per-session results saved to /project/bdoiron/dracoxu/rct-fsflow/paper_project_final/out/sacc/alignment/case_ii_correctonly
======================================================================
[done] Case ii → /project/bdoiron/dracoxu/rct-fsflow/paper_project_final/out/sacc/alignment/case_ii_correctonly/
[WARN] Axes not found for Case iii → skipping
       Missing: /project/bdoiron/dracoxu/rct-fsflow/paper_project_final/out/stim/20230622/axes/axes_peakbin_C-stim-vertical-20mssw
