==============================================================
AXIS ALIGNMENT ANALYSIS - ALL FOUR CASES
Session: 20200328 (task 2)
Filter mode: both
==============================================================

==============================================================
CORRECT-ONLY TRIALS (out/)
==============================================================

------------------------------------------------------------
[Case i] Sacc-aligned C & S, horizontal trials (correct-only)
  Axes: axes_peakbin_saccCS-sacc-horizontal-20mssw
  Orientation: horizontal
  OUT_ROOT: /project/bdoiron/dracoxu/rct-fsflow/paper_project_final/out
------------------------------------------------------------
======================================================================
CATEGORY-SACCADE SUBSPACE ALIGNMENT ANALYSIS
======================================================================
[info] Processing 1 session(s)
[info] Mode: axis_cov
[info] out_root: /project/bdoiron/dracoxu/rct-fsflow/paper_project_final/out
[info] n_perms: 1000

[Analysis C] Axis Angle + Covariance-Constrained Null (DAVE'S QUESTION)
             Axes tag: axes_peakbin_saccCS-sacc-horizontal-20mssw
             Uses trained sC and sS_raw axes
             Tests: 'less aligned than geometry-constrained chance'

============================================================
[20200328] Processing...

  [Analysis C] Axis angle + covariance-constrained null...
  [axis-cov] Observed: |cos(θ)|=0.0918, θ=84.7°
  [null] Manifold dim: 27, D_eff=2.1
         Expected |cos(θ)| ≈ 0.688 (angle ≈ 46.6°)
  [null] Running 1000 covariance-constrained null samples...
    [200/1000] null_mean=0.1269
    [400/1000] null_mean=0.1312
    [600/1000] null_mean=0.1309
    [800/1000] null_mean=0.1281
    [1000/1000] null_mean=0.1269
  [result] a_obs=0.0918, null_mean=0.1269±0.0928
           Δ=-0.0350, z=-0.38
           θ_obs=84.7°, θ_null=82.7°
           p(more orthogonal)=0.4306, p(more aligned)=0.5704
  [saved] /project/bdoiron/dracoxu/rct-fsflow/paper_project_final/out/sacc/alignment/case_i_correctonly/axis_cov_20200328.json

======================================================================
[done] Per-session results saved to /project/bdoiron/dracoxu/rct-fsflow/paper_project_final/out/sacc/alignment/case_i_correctonly
======================================================================
[done] Case i → /project/bdoiron/dracoxu/rct-fsflow/paper_project_final/out/sacc/alignment/case_i_correctonly/

------------------------------------------------------------
[Case ii] Sacc-aligned C & S, pooled trials (correct-only)
  Axes: axes_peakbin_saccCS-sacc-pooled-20mssw
  Orientation: pooled
  OUT_ROOT: /project/bdoiron/dracoxu/rct-fsflow/paper_project_final/out
------------------------------------------------------------
======================================================================
CATEGORY-SACCADE SUBSPACE ALIGNMENT ANALYSIS
======================================================================
[info] Processing 1 session(s)
[info] Mode: axis_cov
[info] out_root: /project/bdoiron/dracoxu/rct-fsflow/paper_project_final/out
[info] n_perms: 1000

[Analysis C] Axis Angle + Covariance-Constrained Null (DAVE'S QUESTION)
             Axes tag: axes_peakbin_saccCS-sacc-pooled-20mssw
             Uses trained sC and sS_raw axes
             Tests: 'less aligned than geometry-constrained chance'

============================================================
[20200328] Processing...

  [Analysis C] Axis angle + covariance-constrained null...
  [axis-cov] Observed: |cos(θ)|=0.0382, θ=87.8°
  [null] Manifold dim: 27, D_eff=2.2
         Expected |cos(θ)| ≈ 0.667 (angle ≈ 48.1°)
  [null] Running 1000 covariance-constrained null samples...
    [200/1000] null_mean=0.1436
    [400/1000] null_mean=0.1504
    [600/1000] null_mean=0.1509
    [800/1000] null_mean=0.1502
    [1000/1000] null_mean=0.1507
  [result] a_obs=0.0382, null_mean=0.1507±0.0932
           Δ=-0.1125, z=-1.21
           θ_obs=87.8°, θ_null=81.3°
           p(more orthogonal)=0.1279, p(more aligned)=0.8731
  [saved] /project/bdoiron/dracoxu/rct-fsflow/paper_project_final/out/sacc/alignment/case_ii_correctonly/axis_cov_20200328.json

======================================================================
[done] Per-session results saved to /project/bdoiron/dracoxu/rct-fsflow/paper_project_final/out/sacc/alignment/case_ii_correctonly
======================================================================
[done] Case ii → /project/bdoiron/dracoxu/rct-fsflow/paper_project_final/out/sacc/alignment/case_ii_correctonly/

------------------------------------------------------------
[Case iii] Stim-C (vertical) vs Sacc-S (horizontal) (correct-only)
  C axes: stim/axes_peakbin_stimC-stim-vertical-20mssw (orientation: vertical)
  S axes: sacc/axes_peakbin_saccCS-sacc-horizontal-20mssw (orientation: horizontal)
  OUT_ROOT: /project/bdoiron/dracoxu/rct-fsflow/paper_project_final/out
------------------------------------------------------------
======================================================================
CROSS-ALIGNMENT AXIS ANALYSIS
======================================================================
[info] Processing 1 session(s)
[info] C: stim/axes_peakbin_stimC-stim-vertical-20mssw (vertical)
[info] S: sacc/axes_peakbin_saccCS-sacc-horizontal-20mssw (horizontal)
[info] win_C: [0.1, 0.3], win_S: [-0.1, -0.03]
[info] Use rich conditions: False

============================================================
[20200328] Processing cross-alignment...
  [cross] Building geometry from both epochs...
          C epoch: stim, window=(0.1, 0.3), trials=277
          S epoch: sacc, window=(-0.1, -0.03), trials=247
          D_C shape: (60, 40), D_S shape: (60, 28)
  [cross] Observed: |cos(θ)|=0.7094, θ=44.8°
  [null] Manifold dim: 39, D_eff=5.1
         Expected |cos(θ)| ≈ 0.353 (angle ≈ 69.3°)
  [null] Running 1000 covariance-constrained null samples...
    [200/1000] null_mean=0.3340
    [400/1000] null_mean=0.3292
    [600/1000] null_mean=0.3183
    [800/1000] null_mean=0.3191
    [1000/1000] null_mean=0.3238
  [result] a_obs=0.7094, null_mean=0.3238±0.1930
           Δ=0.3856, z=2.00
           θ_obs=44.8°, θ_null=70.6°
           p(more orthogonal)=0.9890, p(more aligned)=0.0120
  [saved] /project/bdoiron/dracoxu/rct-fsflow/paper_project_final/out/cross_alignment/case_iii_correctonly/cross_case_iii_correctonly_20200328.json

======================================================================
[done] Results saved to /project/bdoiron/dracoxu/rct-fsflow/paper_project_final/out/cross_alignment/case_iii_correctonly
======================================================================
[done] Case iii → /project/bdoiron/dracoxu/rct-fsflow/paper_project_final/out/cross_alignment/case_iii_correctonly/

------------------------------------------------------------
[Case iv] Stim-C (pooled) vs Sacc-S (pooled) (correct-only)
  C axes: stim/axes_peakbin_stimC-stim-pooled-20mssw (orientation: pooled)
  S axes: sacc/axes_peakbin_saccCS-sacc-pooled-20mssw (orientation: pooled)
  OUT_ROOT: /project/bdoiron/dracoxu/rct-fsflow/paper_project_final/out
------------------------------------------------------------
======================================================================
CROSS-ALIGNMENT AXIS ANALYSIS
======================================================================
[info] Processing 1 session(s)
[info] C: stim/axes_peakbin_stimC-stim-pooled-20mssw (pooled)
[info] S: sacc/axes_peakbin_saccCS-sacc-pooled-20mssw (pooled)
[info] win_C: [0.1, 0.3], win_S: [-0.1, -0.03]
[info] Use rich conditions: False

============================================================
[20200328] Processing cross-alignment...
  [cross] Building geometry from both epochs...
          C epoch: stim, window=(0.1, 0.3), trials=524
          S epoch: sacc, window=(-0.1, -0.03), trials=524
          D_C shape: (60, 40), D_S shape: (60, 28)
  [cross] Observed: |cos(θ)|=0.2600, θ=74.9°
  [null] Manifold dim: 37, D_eff=3.4
         Expected |cos(θ)| ≈ 0.434 (angle ≈ 64.3°)
  [null] Running 1000 covariance-constrained null samples...
    [200/1000] null_mean=0.2486
    [400/1000] null_mean=0.2425
    [600/1000] null_mean=0.2497
    [800/1000] null_mean=0.2448
    [1000/1000] null_mean=0.2469
  [result] a_obs=0.2600, null_mean=0.2469±0.1493
           Δ=0.0130, z=0.09
           θ_obs=74.9°, θ_null=75.5°
           p(more orthogonal)=0.5504, p(more aligned)=0.4505
  [saved] /project/bdoiron/dracoxu/rct-fsflow/paper_project_final/out/cross_alignment/case_iv_correctonly/cross_case_iv_correctonly_20200328.json

======================================================================
[done] Results saved to /project/bdoiron/dracoxu/rct-fsflow/paper_project_final/out/cross_alignment/case_iv_correctonly
======================================================================
[done] Case iv → /project/bdoiron/dracoxu/rct-fsflow/paper_project_final/out/cross_alignment/case_iv_correctonly/

==============================================================
ALL TRIALS (out_nofilter/)
==============================================================

------------------------------------------------------------
[Case i] Sacc-aligned C & S, horizontal trials (all-trials)
  Axes: axes_peakbin_saccCS-sacc-horizontal-20mssw_nofilter
  Orientation: horizontal
  OUT_ROOT: /project/bdoiron/dracoxu/rct-fsflow/paper_project_final/out_nofilter
------------------------------------------------------------
======================================================================
CATEGORY-SACCADE SUBSPACE ALIGNMENT ANALYSIS
======================================================================
[info] Processing 1 session(s)
[info] Mode: axis_cov
[info] out_root: /project/bdoiron/dracoxu/rct-fsflow/paper_project_final/out_nofilter
[info] n_perms: 1000

[Analysis C] Axis Angle + Covariance-Constrained Null (DAVE'S QUESTION)
             Axes tag: axes_peakbin_saccCS-sacc-horizontal-20mssw_nofilter
             Uses trained sC and sS_raw axes
             Tests: 'less aligned than geometry-constrained chance'

============================================================
[20200328] Processing...

  [Analysis C] Axis angle + covariance-constrained null...
  [axis-cov] Observed: |cos(θ)|=0.1040, θ=84.0°
  [null] Manifold dim: 26, D_eff=2.0
         Expected |cos(θ)| ≈ 0.701 (angle ≈ 45.5°)
  [null] Running 1000 covariance-constrained null samples...
    [200/1000] null_mean=0.1376
    [400/1000] null_mean=0.1324
    [600/1000] null_mean=0.1298
    [800/1000] null_mean=0.1313
    [1000/1000] null_mean=0.1312
  [result] a_obs=0.1040, null_mean=0.1312±0.0966
           Δ=-0.0273, z=-0.28
           θ_obs=84.0°, θ_null=82.4°
           p(more orthogonal)=0.4665, p(more aligned)=0.5345
  [saved] /project/bdoiron/dracoxu/rct-fsflow/paper_project_final/out_nofilter/sacc/alignment/case_i_alltrials/axis_cov_20200328.json

======================================================================
[done] Per-session results saved to /project/bdoiron/dracoxu/rct-fsflow/paper_project_final/out_nofilter/sacc/alignment/case_i_alltrials
======================================================================
[done] Case i → /project/bdoiron/dracoxu/rct-fsflow/paper_project_final/out_nofilter/sacc/alignment/case_i_alltrials/

------------------------------------------------------------
[Case ii] Sacc-aligned C & S, pooled trials (all-trials)
  Axes: axes_peakbin_saccCS-sacc-pooled-20mssw_nofilter
  Orientation: pooled
  OUT_ROOT: /project/bdoiron/dracoxu/rct-fsflow/paper_project_final/out_nofilter
------------------------------------------------------------
======================================================================
CATEGORY-SACCADE SUBSPACE ALIGNMENT ANALYSIS
======================================================================
[info] Processing 1 session(s)
[info] Mode: axis_cov
[info] out_root: /project/bdoiron/dracoxu/rct-fsflow/paper_project_final/out_nofilter
[info] n_perms: 1000

[Analysis C] Axis Angle + Covariance-Constrained Null (DAVE'S QUESTION)
             Axes tag: axes_peakbin_saccCS-sacc-pooled-20mssw_nofilter
             Uses trained sC and sS_raw axes
             Tests: 'less aligned than geometry-constrained chance'

============================================================
[20200328] Processing...

  [Analysis C] Axis angle + covariance-constrained null...
  [axis-cov] Observed: |cos(θ)|=0.0223, θ=88.7°
  [null] Manifold dim: 27, D_eff=2.2
         Expected |cos(θ)| ≈ 0.677 (angle ≈ 47.4°)
  [null] Running 1000 covariance-constrained null samples...
    [200/1000] null_mean=0.2118
    [400/1000] null_mean=0.2021
    [600/1000] null_mean=0.2015
    [800/1000] null_mean=0.2021
    [1000/1000] null_mean=0.2027
  [result] a_obs=0.0223, null_mean=0.2027±0.1088
           Δ=-0.1804, z=-1.66
           θ_obs=88.7°, θ_null=78.2°
           p(more orthogonal)=0.0619, p(more aligned)=0.9391
  [saved] /project/bdoiron/dracoxu/rct-fsflow/paper_project_final/out_nofilter/sacc/alignment/case_ii_alltrials/axis_cov_20200328.json

======================================================================
[done] Per-session results saved to /project/bdoiron/dracoxu/rct-fsflow/paper_project_final/out_nofilter/sacc/alignment/case_ii_alltrials
======================================================================
[done] Case ii → /project/bdoiron/dracoxu/rct-fsflow/paper_project_final/out_nofilter/sacc/alignment/case_ii_alltrials/

------------------------------------------------------------
[Case iii] Stim-C (vertical) vs Sacc-S (horizontal) (all-trials)
  C axes: stim/axes_peakbin_stimC-stim-vertical-20mssw_nofilter (orientation: vertical)
  S axes: sacc/axes_peakbin_saccCS-sacc-horizontal-20mssw_nofilter (orientation: horizontal)
  OUT_ROOT: /project/bdoiron/dracoxu/rct-fsflow/paper_project_final/out_nofilter
------------------------------------------------------------
======================================================================
CROSS-ALIGNMENT AXIS ANALYSIS
======================================================================
[info] Processing 1 session(s)
[info] C: stim/axes_peakbin_stimC-stim-vertical-20mssw_nofilter (vertical)
[info] S: sacc/axes_peakbin_saccCS-sacc-horizontal-20mssw_nofilter (horizontal)
[info] win_C: [0.1, 0.3], win_S: [-0.1, -0.03]
[info] Use rich conditions: False

============================================================
[20200328] Processing cross-alignment...
  [cross] Building geometry from both epochs...
          C epoch: stim, window=(0.1, 0.3), trials=287
          S epoch: sacc, window=(-0.1, -0.03), trials=255
          D_C shape: (60, 40), D_S shape: (60, 28)
  [cross] Observed: |cos(θ)|=0.4479, θ=63.4°
  [null] Manifold dim: 39, D_eff=5.1
         Expected |cos(θ)| ≈ 0.353 (angle ≈ 69.3°)
  [null] Running 1000 covariance-constrained null samples...
    [200/1000] null_mean=0.2619
    [400/1000] null_mean=0.2547
    [600/1000] null_mean=0.2501
    [800/1000] null_mean=0.2519
    [1000/1000] null_mean=0.2554
  [result] a_obs=0.4479, null_mean=0.2554±0.1544
           Δ=0.1926, z=1.25
           θ_obs=63.4°, θ_null=75.0°
           p(more orthogonal)=0.8721, p(more aligned)=0.1289
  [saved] /project/bdoiron/dracoxu/rct-fsflow/paper_project_final/out_nofilter/cross_alignment/case_iii_alltrials/cross_case_iii_alltrials_20200328.json

======================================================================
[done] Results saved to /project/bdoiron/dracoxu/rct-fsflow/paper_project_final/out_nofilter/cross_alignment/case_iii_alltrials
======================================================================
[done] Case iii → /project/bdoiron/dracoxu/rct-fsflow/paper_project_final/out_nofilter/cross_alignment/case_iii_alltrials/

------------------------------------------------------------
[Case iv] Stim-C (pooled) vs Sacc-S (pooled) (all-trials)
  C axes: stim/axes_peakbin_stimC-stim-pooled-20mssw_nofilter (orientation: pooled)
  S axes: sacc/axes_peakbin_saccCS-sacc-pooled-20mssw_nofilter (orientation: pooled)
  OUT_ROOT: /project/bdoiron/dracoxu/rct-fsflow/paper_project_final/out_nofilter
------------------------------------------------------------
======================================================================
CROSS-ALIGNMENT AXIS ANALYSIS
======================================================================
[info] Processing 1 session(s)
[info] C: stim/axes_peakbin_stimC-stim-pooled-20mssw_nofilter (pooled)
[info] S: sacc/axes_peakbin_saccCS-sacc-pooled-20mssw_nofilter (pooled)
[info] win_C: [0.1, 0.3], win_S: [-0.1, -0.03]
[info] Use rich conditions: False

============================================================
[20200328] Processing cross-alignment...
  [cross] Building geometry from both epochs...
          C epoch: stim, window=(0.1, 0.3), trials=542
          S epoch: sacc, window=(-0.1, -0.03), trials=542
          D_C shape: (60, 40), D_S shape: (60, 28)
  [cross] Observed: |cos(θ)|=0.2552, θ=75.2°
  [null] Manifold dim: 37, D_eff=3.4
         Expected |cos(θ)| ≈ 0.436 (angle ≈ 64.2°)
  [null] Running 1000 covariance-constrained null samples...
    [200/1000] null_mean=0.2348
    [400/1000] null_mean=0.2304
    [600/1000] null_mean=0.2371
    [800/1000] null_mean=0.2327
    [1000/1000] null_mean=0.2348
  [result] a_obs=0.2552, null_mean=0.2348±0.1441
           Δ=0.0204, z=0.14
           θ_obs=75.2°, θ_null=76.2°
           p(more orthogonal)=0.5794, p(more aligned)=0.4216
  [saved] /project/bdoiron/dracoxu/rct-fsflow/paper_project_final/out_nofilter/cross_alignment/case_iv_alltrials/cross_case_iv_alltrials_20200328.json

======================================================================
[done] Results saved to /project/bdoiron/dracoxu/rct-fsflow/paper_project_final/out_nofilter/cross_alignment/case_iv_alltrials
======================================================================
[done] Case iv → /project/bdoiron/dracoxu/rct-fsflow/paper_project_final/out_nofilter/cross_alignment/case_iv_alltrials/

==============================================================
[done] All cases complete for SID=20200328
==============================================================
