==============================================================
AXIS ALIGNMENT ANALYSIS - Session 20231103 (task 18)
Filter mode: both
==============================================================

------------------------------------------------------------
[info] Running alignment analysis for 20231103 (CORRECT-ONLY trials)
       Mode: all (AI + axis_shuffle + axis_cov)
       OUT_ROOT: /project/bdoiron/dracoxu/rct-fsflow/paper_project_final/out
       AXES_TAG: axes_peakbin_saccCS-sacc-horizontal-20mssw
       n_perms: 1000
------------------------------------------------------------
======================================================================
CATEGORY-SACCADE SUBSPACE ALIGNMENT ANALYSIS
======================================================================
[info] Processing 1 session(s)
[info] Mode: all
[info] out_root: /project/bdoiron/dracoxu/rct-fsflow/paper_project_final/out
[info] n_perms: 1000

[Analysis A] Alignment Index + Covariance-Matched Null (PCA subspaces)
             Category window: [-0.3, -0.1]
             Saccade window: [-0.1, -0.03]
             Subspace dim k: 6
             Tests: 'less aligned than chance' (orthogonality)

[Analysis B] Axis Angle + Label-Shuffle Null
             Axes tag: axes_peakbin_saccCS-sacc-horizontal-20mssw
             Tests: 'more aligned than shuffle chance' (label-specific)

[Analysis C] Axis Angle + Covariance-Constrained Null (DAVE'S QUESTION)
             Axes tag: axes_peakbin_saccCS-sacc-horizontal-20mssw
             Uses trained sC and sS_raw axes
             Tests: 'less aligned than geometry-constrained chance'

============================================================
[20231103] Processing...

  [Analysis A] Alignment Index (PCA subspaces)...
  [AI] Building condition-averaged matrices...
       Category window: (-0.3, -0.1)
       Saccade window: (-0.1, -0.03)
       D_C shape: (72, 38), D_S shape: (72, 16)
       Category subspace: (72, 6), var_explained=0.490
       Saccade subspace: (72, 6), var_explained=0.835
  [AI] Observed AI = 0.2256
       Principal angles (deg): [55.54415798 60.41686915 66.26296921 71.07414917 76.95424967 83.37362765]
       Mean angle: 68.9°, Overlap: 0.1492
  [null] Manifold dim: 38 (from 54 total)
         Expected random overlap (isotropic): ~0.158
  [null] Running 1000 covariance-matched null samples...
    [200/1000] null_AI_mean=0.5077
    [400/1000] null_AI_mean=0.5098
    [600/1000] null_AI_mean=0.5094
    [800/1000] null_AI_mean=0.5099
    [1000/1000] null_AI_mean=0.5091
  [result] AI_obs=0.2256, null_mean=0.5091±0.0434
           Δ_AI=-0.2835
           p(less aligned)=0.0010, p(more aligned)=1.0000
  [saved] /project/bdoiron/dracoxu/rct-fsflow/paper_project_final/out/sacc/alignment/correctonly/AI_20231103.json

  [Analysis B] Axis angle + shuffle...
  [axis] Observed: |cos(θ)|=0.1152, θ=83.4°
  [null] Running 1000 label-shuffle permutations...
    [100/1000] null_mean=0.0862
    [200/1000] null_mean=0.0801
    [300/1000] null_mean=0.0822
    [400/1000] null_mean=0.0836
    [500/1000] null_mean=0.0837
    [600/1000] null_mean=0.0857
    [700/1000] null_mean=0.0859
    [800/1000] null_mean=0.0862
    [900/1000] null_mean=0.0856
    [1000/1000] null_mean=0.0854
  [result] Δ=0.0298, p(more aligned)=0.2957
           Note: shuffle null tests 'more aligned than chance'
  [saved] /project/bdoiron/dracoxu/rct-fsflow/paper_project_final/out/sacc/alignment/correctonly/axis_shuffle_20231103.json

  [Analysis C] Axis angle + covariance-constrained null...
  [axis-cov] Observed: |cos(θ)|=0.1152, θ=83.4°
  [null] Manifold dim: 38, D_eff=14.4
         Expected |cos(θ)| ≈ 0.263 (angle ≈ 74.7°)
  [null] Running 1000 covariance-constrained null samples...
    [200/1000] null_mean=0.1812
    [400/1000] null_mean=0.1698
    [600/1000] null_mean=0.1692
    [800/1000] null_mean=0.1716
    [1000/1000] null_mean=0.1717
  [result] a_obs=0.1152, null_mean=0.1717±0.1232
           Δ=-0.0565, z=-0.46
           θ_obs=83.4°, θ_null=80.0°
           p(more orthogonal)=0.3916, p(more aligned)=0.6094
  [saved] /project/bdoiron/dracoxu/rct-fsflow/paper_project_final/out/sacc/alignment/correctonly/axis_cov_20231103.json

======================================================================
[done] Per-session results saved to /project/bdoiron/dracoxu/rct-fsflow/paper_project_final/out/sacc/alignment/correctonly
======================================================================
[done] CORRECT-ONLY trials complete → /project/bdoiron/dracoxu/rct-fsflow/paper_project_final/out/sacc/alignment/correctonly/

------------------------------------------------------------
[info] Running alignment analysis for 20231103 (ALL trials (nofilter))
       Mode: all (AI + axis_shuffle + axis_cov)
       OUT_ROOT: /project/bdoiron/dracoxu/rct-fsflow/paper_project_final/out_nofilter
       AXES_TAG: axes_peakbin_saccCS-sacc-horizontal-20mssw_nofilter
       n_perms: 1000
------------------------------------------------------------
======================================================================
CATEGORY-SACCADE SUBSPACE ALIGNMENT ANALYSIS
======================================================================
[info] Processing 1 session(s)
[info] Mode: all
[info] out_root: /project/bdoiron/dracoxu/rct-fsflow/paper_project_final/out_nofilter
[info] n_perms: 1000

[Analysis A] Alignment Index + Covariance-Matched Null (PCA subspaces)
             Category window: [-0.3, -0.1]
             Saccade window: [-0.1, -0.03]
             Subspace dim k: 6
             Tests: 'less aligned than chance' (orthogonality)

[Analysis B] Axis Angle + Label-Shuffle Null
             Axes tag: axes_peakbin_saccCS-sacc-horizontal-20mssw_nofilter
             Tests: 'more aligned than shuffle chance' (label-specific)

[Analysis C] Axis Angle + Covariance-Constrained Null (DAVE'S QUESTION)
             Axes tag: axes_peakbin_saccCS-sacc-horizontal-20mssw_nofilter
             Uses trained sC and sS_raw axes
             Tests: 'less aligned than geometry-constrained chance'

============================================================
[20231103] Processing...

  [Analysis A] Alignment Index (PCA subspaces)...
  [AI] Building condition-averaged matrices...
       Category window: (-0.3, -0.1)
       Saccade window: (-0.1, -0.03)
       D_C shape: (72, 38), D_S shape: (72, 16)
       Category subspace: (72, 6), var_explained=0.508
       Saccade subspace: (72, 6), var_explained=0.851
  [AI] Observed AI = 0.1681
       Principal angles (deg): [66.45555697 69.17023391 71.01961068 76.93225239 83.8330743  85.39431908]
       Mean angle: 75.5°, Overlap: 0.0768
  [null] Manifold dim: 39 (from 54 total)
         Expected random overlap (isotropic): ~0.154
  [null] Running 1000 covariance-matched null samples...
    [200/1000] null_AI_mean=0.4955
    [400/1000] null_AI_mean=0.4979
    [600/1000] null_AI_mean=0.4973
    [800/1000] null_AI_mean=0.4969
    [1000/1000] null_AI_mean=0.4967
  [result] AI_obs=0.1681, null_mean=0.4967±0.0491
           Δ_AI=-0.3286
           p(less aligned)=0.0010, p(more aligned)=1.0000
  [saved] /project/bdoiron/dracoxu/rct-fsflow/paper_project_final/out_nofilter/sacc/alignment/nofilter/AI_20231103.json

  [Analysis B] Axis angle + shuffle...
  [axis] Observed: |cos(θ)|=0.0134, θ=89.2°
  [null] Running 1000 label-shuffle permutations...
    [100/1000] null_mean=0.0695
    [200/1000] null_mean=0.0741
    [300/1000] null_mean=0.0742
    [400/1000] null_mean=0.0761
    [500/1000] null_mean=0.0768
    [600/1000] null_mean=0.0763
    [700/1000] null_mean=0.0768
    [800/1000] null_mean=0.0783
    [900/1000] null_mean=0.0784
    [1000/1000] null_mean=0.0781
  [result] Δ=-0.0647, p(more aligned)=0.8941
           Note: shuffle null tests 'more aligned than chance'
  [saved] /project/bdoiron/dracoxu/rct-fsflow/paper_project_final/out_nofilter/sacc/alignment/nofilter/axis_shuffle_20231103.json

  [Analysis C] Axis angle + covariance-constrained null...
  [axis-cov] Observed: |cos(θ)|=0.0134, θ=89.2°
  [null] Manifold dim: 39, D_eff=13.3
         Expected |cos(θ)| ≈ 0.275 (angle ≈ 74.1°)
  [null] Running 1000 covariance-constrained null samples...
    [200/1000] null_mean=0.1472
    [400/1000] null_mean=0.1356
    [600/1000] null_mean=0.1341
    [800/1000] null_mean=0.1360
    [1000/1000] null_mean=0.1377
  [result] a_obs=0.0134, null_mean=0.1377±0.0986
           Δ=-0.1243, z=-1.26
           θ_obs=89.2°, θ_null=82.0°
           p(more orthogonal)=0.0609, p(more aligned)=0.9401
  [saved] /project/bdoiron/dracoxu/rct-fsflow/paper_project_final/out_nofilter/sacc/alignment/nofilter/axis_cov_20231103.json

======================================================================
[done] Per-session results saved to /project/bdoiron/dracoxu/rct-fsflow/paper_project_final/out_nofilter/sacc/alignment/nofilter
======================================================================
[done] ALL trials (nofilter) complete → /project/bdoiron/dracoxu/rct-fsflow/paper_project_final/out_nofilter/sacc/alignment/nofilter/

==============================================================
[done] Alignment analysis complete for SID=20231103
==============================================================
