==============================================================
AXIS ALIGNMENT ANALYSIS - ALL FOUR CASES
Session: 20231123 (task 21)
Filter mode: both
==============================================================

==============================================================
CORRECT-ONLY TRIALS (out/)
==============================================================

------------------------------------------------------------
[Case i] Sacc-aligned C & S, horizontal trials (correct-only)
  Axes: axes_peakbin_saccCS-sacc-horizontal-20mssw
  Orientation: horizontal
  OUT_ROOT: /project/bdoiron/dracoxu/rct-fsflow/paper_project_final/out
------------------------------------------------------------
======================================================================
CATEGORY-SACCADE SUBSPACE ALIGNMENT ANALYSIS
======================================================================
[info] Processing 1 session(s)
[info] Mode: axis_cov
[info] out_root: /project/bdoiron/dracoxu/rct-fsflow/paper_project_final/out
[info] n_perms: 1000

[Analysis C] Axis Angle + Covariance-Constrained Null (DAVE'S QUESTION)
             Axes tag: axes_peakbin_saccCS-sacc-horizontal-20mssw
             Uses trained sC and sS_raw axes
             Tests: 'less aligned than geometry-constrained chance'

============================================================
[20231123] Processing...

  [Analysis C] Axis angle + covariance-constrained null...
  [axis-cov] Observed: |cos(θ)|=0.1221, θ=83.0°
  [null] Manifold dim: 78, D_eff=27.2
         Expected |cos(θ)| ≈ 0.192 (angle ≈ 78.9°)
  [null] Running 1000 covariance-constrained null samples...
    [200/1000] null_mean=0.1473
    [400/1000] null_mean=0.1481
    [600/1000] null_mean=0.1460
    [800/1000] null_mean=0.1470
    [1000/1000] null_mean=0.1486
  [result] a_obs=0.1221, null_mean=0.1486±0.1095
           Δ=-0.0265, z=-0.24
           θ_obs=83.0°, θ_null=81.4°
           p(more orthogonal)=0.4735, p(more aligned)=0.5275
  [saved] /project/bdoiron/dracoxu/rct-fsflow/paper_project_final/out/sacc/alignment/case_i_correctonly/axis_cov_20231123.json

======================================================================
[done] Per-session results saved to /project/bdoiron/dracoxu/rct-fsflow/paper_project_final/out/sacc/alignment/case_i_correctonly
======================================================================
[done] Case i → /project/bdoiron/dracoxu/rct-fsflow/paper_project_final/out/sacc/alignment/case_i_correctonly/

------------------------------------------------------------
[Case ii] Sacc-aligned C & S, pooled trials (correct-only)
  Axes: axes_peakbin_saccCS-sacc-pooled-20mssw
  Orientation: pooled
  OUT_ROOT: /project/bdoiron/dracoxu/rct-fsflow/paper_project_final/out
------------------------------------------------------------
======================================================================
CATEGORY-SACCADE SUBSPACE ALIGNMENT ANALYSIS
======================================================================
[info] Processing 1 session(s)
[info] Mode: axis_cov
[info] out_root: /project/bdoiron/dracoxu/rct-fsflow/paper_project_final/out
[info] n_perms: 1000

[Analysis C] Axis Angle + Covariance-Constrained Null (DAVE'S QUESTION)
             Axes tag: axes_peakbin_saccCS-sacc-pooled-20mssw
             Uses trained sC and sS_raw axes
             Tests: 'less aligned than geometry-constrained chance'

============================================================
[20231123] Processing...

  [Analysis C] Axis angle + covariance-constrained null...
  [axis-cov] Observed: |cos(θ)|=0.1043, θ=84.0°
  [null] Manifold dim: 92, D_eff=6.2
         Expected |cos(θ)| ≈ 0.401 (angle ≈ 66.4°)
  [null] Running 1000 covariance-constrained null samples...
    [200/1000] null_mean=0.1557
    [400/1000] null_mean=0.1614
    [600/1000] null_mean=0.1571
    [800/1000] null_mean=0.1556
    [1000/1000] null_mean=0.1545
  [result] a_obs=0.1043, null_mean=0.1545±0.1169
           Δ=-0.0502, z=-0.43
           θ_obs=84.0°, θ_null=81.0°
           p(more orthogonal)=0.4076, p(more aligned)=0.5934
  [saved] /project/bdoiron/dracoxu/rct-fsflow/paper_project_final/out/sacc/alignment/case_ii_correctonly/axis_cov_20231123.json

======================================================================
[done] Per-session results saved to /project/bdoiron/dracoxu/rct-fsflow/paper_project_final/out/sacc/alignment/case_ii_correctonly
======================================================================
[done] Case ii → /project/bdoiron/dracoxu/rct-fsflow/paper_project_final/out/sacc/alignment/case_ii_correctonly/

------------------------------------------------------------
[Case iii] Stim-C (vertical) vs Sacc-S (horizontal) (correct-only)
  C axes: stim/axes_peakbin_stimC-stim-vertical-20mssw (orientation: vertical)
  S axes: sacc/axes_peakbin_saccCS-sacc-horizontal-20mssw (orientation: horizontal)
  OUT_ROOT: /project/bdoiron/dracoxu/rct-fsflow/paper_project_final/out
------------------------------------------------------------
======================================================================
CROSS-ALIGNMENT AXIS ANALYSIS
======================================================================
[info] Processing 1 session(s)
[info] C: stim/axes_peakbin_stimC-stim-vertical-20mssw (vertical)
[info] S: sacc/axes_peakbin_saccCS-sacc-horizontal-20mssw (horizontal)
[info] win_C: [0.1, 0.3], win_S: [-0.1, -0.03]
[info] Use rich conditions: True

============================================================
[20231123] Processing cross-alignment...
  [cross] Building geometry from both epochs...
          C epoch: stim, window=(0.1, 0.3), trials=488
          S epoch: sacc, window=(-0.1, -0.03), trials=248
          D_C shape: (102, 160), D_S shape: (102, 84)
  [cross] Observed: |cos(θ)|=0.1988, θ=78.5°
  [null] Manifold dim: 92, D_eff=22.9
         Expected |cos(θ)| ≈ 0.167 (angle ≈ 80.4°)
  [null] Running 1000 covariance-constrained null samples...
    [200/1000] null_mean=0.1403
    [400/1000] null_mean=0.1463
    [600/1000] null_mean=0.1415
    [800/1000] null_mean=0.1418
    [1000/1000] null_mean=0.1397
  [result] a_obs=0.1988, null_mean=0.1397±0.1011
           Δ=0.0591, z=0.58
           θ_obs=78.5°, θ_null=81.9°
           p(more orthogonal)=0.7363, p(more aligned)=0.2647
  [saved] /project/bdoiron/dracoxu/rct-fsflow/paper_project_final/out/cross_alignment/case_iii_correctonly/cross_case_iii_correctonly_20231123.json

======================================================================
[done] Results saved to /project/bdoiron/dracoxu/rct-fsflow/paper_project_final/out/cross_alignment/case_iii_correctonly
======================================================================
[done] Case iii → /project/bdoiron/dracoxu/rct-fsflow/paper_project_final/out/cross_alignment/case_iii_correctonly/

------------------------------------------------------------
[Case iv] Stim-C (pooled) vs Sacc-S (pooled) (correct-only)
  C axes: stim/axes_peakbin_stimC-stim-pooled-20mssw (orientation: pooled)
  S axes: sacc/axes_peakbin_saccCS-sacc-pooled-20mssw (orientation: pooled)
  OUT_ROOT: /project/bdoiron/dracoxu/rct-fsflow/paper_project_final/out
------------------------------------------------------------
======================================================================
CROSS-ALIGNMENT AXIS ANALYSIS
======================================================================
[info] Processing 1 session(s)
[info] C: stim/axes_peakbin_stimC-stim-pooled-20mssw (pooled)
[info] S: sacc/axes_peakbin_saccCS-sacc-pooled-20mssw (pooled)
[info] win_C: [0.1, 0.3], win_S: [-0.1, -0.03]
[info] Use rich conditions: True

============================================================
[20231123] Processing cross-alignment...
  [cross] Building geometry from both epochs...
          C epoch: stim, window=(0.1, 0.3), trials=736
          S epoch: sacc, window=(-0.1, -0.03), trials=736
          D_C shape: (102, 320), D_S shape: (102, 224)
  [cross] Observed: |cos(θ)|=0.0925, θ=84.7°
  [null] Manifold dim: 96, D_eff=27.4
         Expected |cos(θ)| ≈ 0.152 (angle ≈ 81.2°)
  [null] Running 1000 covariance-constrained null samples...
    [200/1000] null_mean=0.1242
    [400/1000] null_mean=0.1222
    [600/1000] null_mean=0.1209
    [800/1000] null_mean=0.1225
    [1000/1000] null_mean=0.1257
  [result] a_obs=0.0925, null_mean=0.1257±0.0947
           Δ=-0.0332, z=-0.35
           θ_obs=84.7°, θ_null=82.7°
           p(more orthogonal)=0.4535, p(more aligned)=0.5475
  [saved] /project/bdoiron/dracoxu/rct-fsflow/paper_project_final/out/cross_alignment/case_iv_correctonly/cross_case_iv_correctonly_20231123.json

======================================================================
[done] Results saved to /project/bdoiron/dracoxu/rct-fsflow/paper_project_final/out/cross_alignment/case_iv_correctonly
======================================================================
[done] Case iv → /project/bdoiron/dracoxu/rct-fsflow/paper_project_final/out/cross_alignment/case_iv_correctonly/

==============================================================
ALL TRIALS (out_nofilter/)
==============================================================

------------------------------------------------------------
[Case i] Sacc-aligned C & S, horizontal trials (all-trials)
  Axes: axes_peakbin_saccCS-sacc-horizontal-20mssw_nofilter
  Orientation: horizontal
  OUT_ROOT: /project/bdoiron/dracoxu/rct-fsflow/paper_project_final/out_nofilter
------------------------------------------------------------
======================================================================
CATEGORY-SACCADE SUBSPACE ALIGNMENT ANALYSIS
======================================================================
[info] Processing 1 session(s)
[info] Mode: axis_cov
[info] out_root: /project/bdoiron/dracoxu/rct-fsflow/paper_project_final/out_nofilter
[info] n_perms: 1000

[Analysis C] Axis Angle + Covariance-Constrained Null (DAVE'S QUESTION)
             Axes tag: axes_peakbin_saccCS-sacc-horizontal-20mssw_nofilter
             Uses trained sC and sS_raw axes
             Tests: 'less aligned than geometry-constrained chance'

============================================================
[20231123] Processing...

  [Analysis C] Axis angle + covariance-constrained null...
  [axis-cov] Observed: |cos(θ)|=0.0013, θ=89.9°
  [null] Manifold dim: 79, D_eff=29.4
         Expected |cos(θ)| ≈ 0.185 (angle ≈ 79.4°)
  [null] Running 1000 covariance-constrained null samples...
    [200/1000] null_mean=0.1023
    [400/1000] null_mean=0.1069
    [600/1000] null_mean=0.1041
    [800/1000] null_mean=0.1035
    [1000/1000] null_mean=0.1032
  [result] a_obs=0.0013, null_mean=0.1032±0.0779
           Δ=-0.1020, z=-1.31
           θ_obs=89.9°, θ_null=84.1°
           p(more orthogonal)=0.0120, p(more aligned)=0.9890
  [**] SIGNIFICANT: C-S alignment is LOWER than geometry-constrained chance!
  [saved] /project/bdoiron/dracoxu/rct-fsflow/paper_project_final/out_nofilter/sacc/alignment/case_i_alltrials/axis_cov_20231123.json

======================================================================
[done] Per-session results saved to /project/bdoiron/dracoxu/rct-fsflow/paper_project_final/out_nofilter/sacc/alignment/case_i_alltrials
======================================================================
[done] Case i → /project/bdoiron/dracoxu/rct-fsflow/paper_project_final/out_nofilter/sacc/alignment/case_i_alltrials/

------------------------------------------------------------
[Case ii] Sacc-aligned C & S, pooled trials (all-trials)
  Axes: axes_peakbin_saccCS-sacc-pooled-20mssw_nofilter
  Orientation: pooled
  OUT_ROOT: /project/bdoiron/dracoxu/rct-fsflow/paper_project_final/out_nofilter
------------------------------------------------------------
======================================================================
CATEGORY-SACCADE SUBSPACE ALIGNMENT ANALYSIS
======================================================================
[info] Processing 1 session(s)
[info] Mode: axis_cov
[info] out_root: /project/bdoiron/dracoxu/rct-fsflow/paper_project_final/out_nofilter
[info] n_perms: 1000

[Analysis C] Axis Angle + Covariance-Constrained Null (DAVE'S QUESTION)
             Axes tag: axes_peakbin_saccCS-sacc-pooled-20mssw_nofilter
             Uses trained sC and sS_raw axes
             Tests: 'less aligned than geometry-constrained chance'

============================================================
[20231123] Processing...

  [Analysis C] Axis angle + covariance-constrained null...
  [axis-cov] Observed: |cos(θ)|=0.1693, θ=80.3°
  [null] Manifold dim: 92, D_eff=5.3
         Expected |cos(θ)| ≈ 0.435 (angle ≈ 64.2°)
  [null] Running 1000 covariance-constrained null samples...
    [200/1000] null_mean=0.1422
    [400/1000] null_mean=0.1459
    [600/1000] null_mean=0.1435
    [800/1000] null_mean=0.1412
    [1000/1000] null_mean=0.1410
  [result] a_obs=0.1693, null_mean=0.1410±0.1075
           Δ=0.0283, z=0.26
           θ_obs=80.3°, θ_null=81.8°
           p(more orthogonal)=0.6773, p(more aligned)=0.3237
  [saved] /project/bdoiron/dracoxu/rct-fsflow/paper_project_final/out_nofilter/sacc/alignment/case_ii_alltrials/axis_cov_20231123.json

======================================================================
[done] Per-session results saved to /project/bdoiron/dracoxu/rct-fsflow/paper_project_final/out_nofilter/sacc/alignment/case_ii_alltrials
======================================================================
[done] Case ii → /project/bdoiron/dracoxu/rct-fsflow/paper_project_final/out_nofilter/sacc/alignment/case_ii_alltrials/

------------------------------------------------------------
[Case iii] Stim-C (vertical) vs Sacc-S (horizontal) (all-trials)
  C axes: stim/axes_peakbin_stimC-stim-vertical-20mssw_nofilter (orientation: vertical)
  S axes: sacc/axes_peakbin_saccCS-sacc-horizontal-20mssw_nofilter (orientation: horizontal)
  OUT_ROOT: /project/bdoiron/dracoxu/rct-fsflow/paper_project_final/out_nofilter
------------------------------------------------------------
======================================================================
CROSS-ALIGNMENT AXIS ANALYSIS
======================================================================
[info] Processing 1 session(s)
[info] C: stim/axes_peakbin_stimC-stim-vertical-20mssw_nofilter (vertical)
[info] S: sacc/axes_peakbin_saccCS-sacc-horizontal-20mssw_nofilter (horizontal)
[info] win_C: [0.1, 0.3], win_S: [-0.1, -0.03]
[info] Use rich conditions: True

============================================================
[20231123] Processing cross-alignment...
  [cross] Building geometry from both epochs...
          C epoch: stim, window=(0.1, 0.3), trials=571
          S epoch: sacc, window=(-0.1, -0.03), trials=303
          D_C shape: (102, 160), D_S shape: (102, 84)
  [cross] Observed: |cos(θ)|=0.2800, θ=73.7°
  [null] Manifold dim: 91, D_eff=20.0
         Expected |cos(θ)| ≈ 0.178 (angle ≈ 79.7°)
  [null] Running 1000 covariance-constrained null samples...
    [200/1000] null_mean=0.1387
    [400/1000] null_mean=0.1423
    [600/1000] null_mean=0.1377
    [800/1000] null_mean=0.1367
    [1000/1000] null_mean=0.1351
  [result] a_obs=0.2800, null_mean=0.1351±0.0975
           Δ=0.1449, z=1.49
           θ_obs=73.7°, θ_null=82.2°
           p(more orthogonal)=0.9001, p(more aligned)=0.1009
  [saved] /project/bdoiron/dracoxu/rct-fsflow/paper_project_final/out_nofilter/cross_alignment/case_iii_alltrials/cross_case_iii_alltrials_20231123.json

======================================================================
[done] Results saved to /project/bdoiron/dracoxu/rct-fsflow/paper_project_final/out_nofilter/cross_alignment/case_iii_alltrials
======================================================================
[done] Case iii → /project/bdoiron/dracoxu/rct-fsflow/paper_project_final/out_nofilter/cross_alignment/case_iii_alltrials/

------------------------------------------------------------
[Case iv] Stim-C (pooled) vs Sacc-S (pooled) (all-trials)
  C axes: stim/axes_peakbin_stimC-stim-pooled-20mssw_nofilter (orientation: pooled)
  S axes: sacc/axes_peakbin_saccCS-sacc-pooled-20mssw_nofilter (orientation: pooled)
  OUT_ROOT: /project/bdoiron/dracoxu/rct-fsflow/paper_project_final/out_nofilter
------------------------------------------------------------
======================================================================
CROSS-ALIGNMENT AXIS ANALYSIS
======================================================================
[info] Processing 1 session(s)
[info] C: stim/axes_peakbin_stimC-stim-pooled-20mssw_nofilter (pooled)
[info] S: sacc/axes_peakbin_saccCS-sacc-pooled-20mssw_nofilter (pooled)
[info] win_C: [0.1, 0.3], win_S: [-0.1, -0.03]
[info] Use rich conditions: True

============================================================
[20231123] Processing cross-alignment...
  [cross] Building geometry from both epochs...
          C epoch: stim, window=(0.1, 0.3), trials=874
          S epoch: sacc, window=(-0.1, -0.03), trials=874
          D_C shape: (102, 320), D_S shape: (102, 224)
  [cross] Observed: |cos(θ)|=0.1060, θ=83.9°
  [null] Manifold dim: 96, D_eff=23.7
         Expected |cos(θ)| ≈ 0.164 (angle ≈ 80.6°)
  [null] Running 1000 covariance-constrained null samples...
    [200/1000] null_mean=0.1071
    [400/1000] null_mean=0.1061
    [600/1000] null_mean=0.1035
    [800/1000] null_mean=0.1065
    [1000/1000] null_mean=0.1088
  [result] a_obs=0.1060, null_mean=0.1088±0.0828
           Δ=-0.0028, z=-0.03
           θ_obs=83.9°, θ_null=83.7°
           p(more orthogonal)=0.5684, p(more aligned)=0.4326
  [saved] /project/bdoiron/dracoxu/rct-fsflow/paper_project_final/out_nofilter/cross_alignment/case_iv_alltrials/cross_case_iv_alltrials_20231123.json

======================================================================
[done] Results saved to /project/bdoiron/dracoxu/rct-fsflow/paper_project_final/out_nofilter/cross_alignment/case_iv_alltrials
======================================================================
[done] Case iv → /project/bdoiron/dracoxu/rct-fsflow/paper_project_final/out_nofilter/cross_alignment/case_iv_alltrials/

==============================================================
[done] All cases complete for SID=20231123
==============================================================
