==============================================================
AXIS ALIGNMENT ANALYSIS - Session 20230707 (task 15)
==============================================================

[info] Running alignment analysis for 20230707
       Mode: both (AI + axis_shuffle)
       n_perms: 1000

======================================================================
CATEGORY-SACCADE SUBSPACE ALIGNMENT ANALYSIS
======================================================================
[info] Processing 1 session(s)
[info] Mode: both
[info] out_root: /project/bdoiron/dracoxu/rct-fsflow/paper_project_final/out
[info] n_perms: 1000

[Analysis A] Alignment Index + Covariance-Matched Null
             Category window: [-0.3, -0.1]
             Saccade window: [-0.1, -0.03]
             Subspace dim k: 6
             Tests: 'less aligned than chance' (orthogonality)

[Analysis B] Axis Angle + Label-Shuffle Null
             Axes tag: axes_peakbin_saccCS-sacc-horizontal-20mssw
             Tests: 'more aligned than chance' (label-specific)

============================================================
[20230707] Processing...

  [Analysis A] Alignment Index...
  [AI] Building condition-averaged matrices...
       Category window: (-0.3, -0.1)
       Saccade window: (-0.1, -0.03)
       D_C shape: (32, 38), D_S shape: (32, 16)
       Category subspace: (32, 6), var_explained=0.840
       Saccade subspace: (32, 6), var_explained=0.926
  [AI] Observed AI = 0.3973
       Principal angles (deg): [26.65770801 42.69180229 48.98500976 62.32641817 71.33088769 74.13568366]
       Mean angle: 54.4°, Overlap: 0.3604
  [null] Manifold dim: 21 (from 32 total)
         Expected random overlap (isotropic): ~0.286
  [null] Running 1000 covariance-matched null samples...
    [200/1000] null_AI_mean=0.6420
    [400/1000] null_AI_mean=0.6390
    [600/1000] null_AI_mean=0.6384
    [800/1000] null_AI_mean=0.6386
    [1000/1000] null_AI_mean=0.6385
  [result] AI_obs=0.3973, null_mean=0.6385±0.0968
           Δ_AI=-0.2412
           p(less aligned)=0.0280, p(more aligned)=0.9730
  [saved] /project/bdoiron/dracoxu/rct-fsflow/paper_project_final/out/sacc/alignment/correctonly/AI_20230707.json

  [Analysis B] Axis angle + shuffle...
  [axis] Observed: |cos(θ)|=0.0109, θ=89.4°
  [null] Running 1000 label-shuffle permutations...
    [100/1000] null_mean=0.1093
    [200/1000] null_mean=0.1054
    [300/1000] null_mean=0.1076
    [400/1000] null_mean=0.1060
    [500/1000] null_mean=0.1082
    [600/1000] null_mean=0.1102
    [700/1000] null_mean=0.1115
    [800/1000] null_mean=0.1114
    [900/1000] null_mean=0.1114
    [1000/1000] null_mean=0.1120
  [result] Δ=-0.1011, p(more aligned)=0.9481
           Note: shuffle null tests 'more aligned than chance'
  [saved] /project/bdoiron/dracoxu/rct-fsflow/paper_project_final/out/sacc/alignment/correctonly/axis_shuffle_20230707.json

======================================================================
[done] Per-session results saved to /project/bdoiron/dracoxu/rct-fsflow/paper_project_final/out/sacc/alignment/correctonly
======================================================================

[done] Alignment analysis complete for SID=20230707
       Results: /project/bdoiron/dracoxu/rct-fsflow/paper_project_final/out/sacc/alignment/correctonly/
