==============================================================
AXIS ALIGNMENT ANALYSIS - ALL FOUR CASES
Session: 20230707 (task 15)
Filter mode: both
==============================================================

==============================================================
CORRECT-ONLY TRIALS (out/)
==============================================================

------------------------------------------------------------
[Case i] Sacc-aligned C & S, horizontal trials (correct-only)
  Axes: axes_peakbin_saccCS-sacc-horizontal-20mssw
  Orientation: horizontal
  OUT_ROOT: /project/bdoiron/dracoxu/rct-fsflow/paper_project_final/out
  Covariance windows (SACC-aligned): C=[-0.20, 0.05], S=[-0.20, 0.05]
------------------------------------------------------------
======================================================================
CATEGORY-SACCADE SUBSPACE ALIGNMENT ANALYSIS
======================================================================
[info] Processing 1 session(s)
[info] Mode: axis_cov
[info] out_root: /project/bdoiron/dracoxu/rct-fsflow/paper_project_final/out
[info] n_perms: 1000

[Analysis C] Axis Angle + Covariance-Constrained Null (DAVE'S QUESTION)
             Axes tag: axes_peakbin_saccCS-sacc-horizontal-20mssw
             Uses trained sC and sS_raw axes
             Tests: 'less aligned than geometry-constrained chance'

============================================================
[20230707] Processing...

  [Analysis C] Axis angle + covariance-constrained null...
  [axis-cov] Observed: |cos(θ)|=0.0318, θ=88.2°
  [null] Manifold dim: 23, D_eff=2.7
         Expected |cos(θ)| ≈ 0.603 (angle ≈ 52.9°)
  [null] Running 1000 covariance-constrained null samples...
    [200/1000] null_mean=0.2688
    [400/1000] null_mean=0.2710
    [600/1000] null_mean=0.2729
    [800/1000] null_mean=0.2755
    [1000/1000] null_mean=0.2749
  [result] a_obs=0.0318, null_mean=0.2749±0.1912
           Δ=-0.2430, z=-1.27
           θ_obs=88.2°, θ_null=73.6°
           p(more orthogonal)=0.0749, p(more aligned)=0.9261
  [saved] /project/bdoiron/dracoxu/rct-fsflow/paper_project_final/out/sacc/alignment/case_i_correctonly/axis_cov_20230707.json

======================================================================
[done] Per-session results saved to /project/bdoiron/dracoxu/rct-fsflow/paper_project_final/out/sacc/alignment/case_i_correctonly
======================================================================
[done] Case i → /project/bdoiron/dracoxu/rct-fsflow/paper_project_final/out/sacc/alignment/case_i_correctonly/

------------------------------------------------------------
[Case ii] Sacc-aligned C & S, pooled trials (correct-only)
  Axes: axes_peakbin_saccCS-sacc-pooled-20mssw
  Orientation: pooled
  OUT_ROOT: /project/bdoiron/dracoxu/rct-fsflow/paper_project_final/out
  Covariance windows (SACC-aligned): C=[-0.20, 0.05], S=[-0.20, 0.05]
------------------------------------------------------------
======================================================================
CATEGORY-SACCADE SUBSPACE ALIGNMENT ANALYSIS
======================================================================
[info] Processing 1 session(s)
[info] Mode: axis_cov
[info] out_root: /project/bdoiron/dracoxu/rct-fsflow/paper_project_final/out
[info] n_perms: 1000

[Analysis C] Axis Angle + Covariance-Constrained Null (DAVE'S QUESTION)
             Axes tag: axes_peakbin_saccCS-sacc-pooled-20mssw
             Uses trained sC and sS_raw axes
             Tests: 'less aligned than geometry-constrained chance'

============================================================
[20230707] Processing...

  [Analysis C] Axis angle + covariance-constrained null...
  [axis-cov] Observed: |cos(θ)|=0.0516, θ=87.0°
  [null] Manifold dim: 21, D_eff=2.2
         Expected |cos(θ)| ≈ 0.681 (angle ≈ 47.1°)
  [null] Running 1000 covariance-constrained null samples...
    [200/1000] null_mean=0.3814
    [400/1000] null_mean=0.3752
    [600/1000] null_mean=0.3721
    [800/1000] null_mean=0.3809
    [1000/1000] null_mean=0.3792
  [result] a_obs=0.0516, null_mean=0.3792±0.2238
           Δ=-0.3276, z=-1.46
           θ_obs=87.0°, θ_null=66.9°
           p(more orthogonal)=0.0609, p(more aligned)=0.9401
  [saved] /project/bdoiron/dracoxu/rct-fsflow/paper_project_final/out/sacc/alignment/case_ii_correctonly/axis_cov_20230707.json

======================================================================
[done] Per-session results saved to /project/bdoiron/dracoxu/rct-fsflow/paper_project_final/out/sacc/alignment/case_ii_correctonly
======================================================================
[done] Case ii → /project/bdoiron/dracoxu/rct-fsflow/paper_project_final/out/sacc/alignment/case_ii_correctonly/

------------------------------------------------------------
[Case iii] Stim-C (vertical) vs Sacc-S (horizontal) (correct-only)
  C axes: stim/axes_peakbin_stimC-stim-vertical-20mssw (orientation: vertical)
  S axes: sacc/axes_peakbin_saccCS-sacc-horizontal-20mssw (orientation: horizontal)
  OUT_ROOT: /project/bdoiron/dracoxu/rct-fsflow/paper_project_final/out
  Covariance windows: C(stim)=[0.00, 0.50], S(sacc)=[-0.20, 0.05]
------------------------------------------------------------
======================================================================
CROSS-ALIGNMENT AXIS ANALYSIS
======================================================================
[info] Processing 1 session(s)
[info] C: stim/axes_peakbin_stimC-stim-vertical-20mssw (vertical)
[info] S: sacc/axes_peakbin_saccCS-sacc-horizontal-20mssw (horizontal)
[info] win_C: [0.0, 0.5], win_S: [-0.2, 0.05]
[info] Use rich conditions: False

============================================================
[20230707] Processing cross-alignment...
  [cross] Building geometry from both epochs...
          C epoch: stim, window=(0.0, 0.5), trials=399
          S epoch: sacc, window=(-0.2, 0.05), trials=386
          D_C shape: (32, 100), D_S shape: (32, 100)
  [cross] Observed: |cos(θ)|=0.3348, θ=70.4°
  [null] Manifold dim: 27, D_eff=5.5
         Expected |cos(θ)| ≈ 0.339 (angle ≈ 70.2°)
  [null] Running 1000 covariance-constrained null samples...
    [200/1000] null_mean=0.2433
    [400/1000] null_mean=0.2541
    [600/1000] null_mean=0.2536
    [800/1000] null_mean=0.2562
    [1000/1000] null_mean=0.2568
  [result] a_obs=0.3348, null_mean=0.2568±0.1693
           Δ=0.0780, z=0.46
           θ_obs=70.4°, θ_null=74.8°
           p(more orthogonal)=0.6643, p(more aligned)=0.3367
  [saved] /project/bdoiron/dracoxu/rct-fsflow/paper_project_final/out/cross_alignment/case_iii_correctonly/cross_case_iii_correctonly_20230707.json

======================================================================
[done] Results saved to /project/bdoiron/dracoxu/rct-fsflow/paper_project_final/out/cross_alignment/case_iii_correctonly
======================================================================
[done] Case iii → /project/bdoiron/dracoxu/rct-fsflow/paper_project_final/out/cross_alignment/case_iii_correctonly/

------------------------------------------------------------
[Case iv] Stim-C (pooled) vs Sacc-S (pooled) (correct-only)
  C axes: stim/axes_peakbin_stimC-stim-pooled-20mssw (orientation: pooled)
  S axes: sacc/axes_peakbin_saccCS-sacc-pooled-20mssw (orientation: pooled)
  OUT_ROOT: /project/bdoiron/dracoxu/rct-fsflow/paper_project_final/out
  Covariance windows: C(stim)=[0.00, 0.50], S(sacc)=[-0.20, 0.05]
------------------------------------------------------------
======================================================================
CROSS-ALIGNMENT AXIS ANALYSIS
======================================================================
[info] Processing 1 session(s)
[info] C: stim/axes_peakbin_stimC-stim-pooled-20mssw (pooled)
[info] S: sacc/axes_peakbin_saccCS-sacc-pooled-20mssw (pooled)
[info] win_C: [0.0, 0.5], win_S: [-0.2, 0.05]
[info] Use rich conditions: False

============================================================
[20230707] Processing cross-alignment...
  [cross] Building geometry from both epochs...
          C epoch: stim, window=(0.0, 0.5), trials=785
          S epoch: sacc, window=(-0.2, 0.05), trials=785
          D_C shape: (32, 100), D_S shape: (32, 100)
  [cross] Observed: |cos(θ)|=0.0223, θ=88.7°
  [null] Manifold dim: 25, D_eff=3.9
         Expected |cos(θ)| ≈ 0.401 (angle ≈ 66.3°)
  [null] Running 1000 covariance-constrained null samples...
    [200/1000] null_mean=0.2262
    [400/1000] null_mean=0.2263
    [600/1000] null_mean=0.2270
    [800/1000] null_mean=0.2214
    [1000/1000] null_mean=0.2246
  [result] a_obs=0.0223, null_mean=0.2246±0.1474
           Δ=-0.2023, z=-1.37
           θ_obs=88.7°, θ_null=76.8°
           p(more orthogonal)=0.0559, p(more aligned)=0.9451
  [saved] /project/bdoiron/dracoxu/rct-fsflow/paper_project_final/out/cross_alignment/case_iv_correctonly/cross_case_iv_correctonly_20230707.json

======================================================================
[done] Results saved to /project/bdoiron/dracoxu/rct-fsflow/paper_project_final/out/cross_alignment/case_iv_correctonly
======================================================================
[done] Case iv → /project/bdoiron/dracoxu/rct-fsflow/paper_project_final/out/cross_alignment/case_iv_correctonly/

------------------------------------------------------------
[Case v] Stim-C (horizontal) vs Sacc-S (horizontal) (correct-only)
  C axes: stim/axes_peakbin_stimC-stim-horizontal-20mssw (orientation: horizontal)
  S axes: sacc/axes_peakbin_saccCS-sacc-horizontal-20mssw (orientation: horizontal)
  OUT_ROOT: /project/bdoiron/dracoxu/rct-fsflow/paper_project_final/out
  Covariance windows: C(stim)=[0.00, 0.50], S(sacc)=[-0.20, 0.05]
------------------------------------------------------------
======================================================================
CROSS-ALIGNMENT AXIS ANALYSIS
======================================================================
[info] Processing 1 session(s)
[info] C: stim/axes_peakbin_stimC-stim-horizontal-20mssw (horizontal)
[info] S: sacc/axes_peakbin_saccCS-sacc-horizontal-20mssw (horizontal)
[info] win_C: [0.0, 0.5], win_S: [-0.2, 0.05]
[info] Use rich conditions: False

============================================================
[20230707] Processing cross-alignment...
  [cross] Building geometry from both epochs...
          C epoch: stim, window=(0.0, 0.5), trials=386
          S epoch: sacc, window=(-0.2, 0.05), trials=386
          D_C shape: (32, 100), D_S shape: (32, 100)
  [cross] Observed: |cos(θ)|=0.0053, θ=89.7°
  [null] Manifold dim: 28, D_eff=5.1
         Expected |cos(θ)| ≈ 0.355 (angle ≈ 69.2°)
  [null] Running 1000 covariance-constrained null samples...
    [200/1000] null_mean=0.2268
    [400/1000] null_mean=0.2123
    [600/1000] null_mean=0.2176
    [800/1000] null_mean=0.2203
    [1000/1000] null_mean=0.2195
  [result] a_obs=0.0053, null_mean=0.2195±0.1422
           Δ=-0.2142, z=-1.51
           θ_obs=89.7°, θ_null=77.2°
           p(more orthogonal)=0.0190, p(more aligned)=0.9820
  [**] SIGNIFICANT: Cross-alignment C-S is LOWER than geometry-constrained chance!
  [saved] /project/bdoiron/dracoxu/rct-fsflow/paper_project_final/out/cross_alignment/case_v_correctonly/cross_case_v_correctonly_20230707.json

======================================================================
[done] Results saved to /project/bdoiron/dracoxu/rct-fsflow/paper_project_final/out/cross_alignment/case_v_correctonly
======================================================================
[done] Case v → /project/bdoiron/dracoxu/rct-fsflow/paper_project_final/out/cross_alignment/case_v_correctonly/

------------------------------------------------------------
[Case vi] Sacc-aligned C & S, vertical trials (correct-only)
  Axes: axes_peakbin_saccCS-sacc-vertical-20mssw
  Orientation: vertical
  OUT_ROOT: /project/bdoiron/dracoxu/rct-fsflow/paper_project_final/out
  Covariance windows (SACC-aligned): C=[-0.20, 0.05], S=[-0.20, 0.05]
------------------------------------------------------------
======================================================================
CATEGORY-SACCADE SUBSPACE ALIGNMENT ANALYSIS
======================================================================
[info] Processing 1 session(s)
[info] Mode: axis_cov
[info] out_root: /project/bdoiron/dracoxu/rct-fsflow/paper_project_final/out
[info] n_perms: 1000

[Analysis C] Axis Angle + Covariance-Constrained Null (DAVE'S QUESTION)
             Axes tag: axes_peakbin_saccCS-sacc-vertical-20mssw
             Uses trained sC and sS_raw axes
             Tests: 'less aligned than geometry-constrained chance'

============================================================
[20230707] Processing...

  [Analysis C] Axis angle + covariance-constrained null...
  [axis-cov] Observed: |cos(θ)|=0.0889, θ=84.9°
  [null] Manifold dim: 23, D_eff=2.3
         Expected |cos(θ)| ≈ 0.663 (angle ≈ 48.5°)
  [null] Running 1000 covariance-constrained null samples...
    [200/1000] null_mean=0.4570
    [400/1000] null_mean=0.4520
    [600/1000] null_mean=0.4534
    [800/1000] null_mean=0.4561
    [1000/1000] null_mean=0.4514
  [result] a_obs=0.0889, null_mean=0.4514±0.2357
           Δ=-0.3624, z=-1.54
           θ_obs=84.9°, θ_null=62.0°
           p(more orthogonal)=0.0919, p(more aligned)=0.9091
  [saved] /project/bdoiron/dracoxu/rct-fsflow/paper_project_final/out/sacc/alignment/case_vi_correctonly/axis_cov_20230707.json

======================================================================
[done] Per-session results saved to /project/bdoiron/dracoxu/rct-fsflow/paper_project_final/out/sacc/alignment/case_vi_correctonly
======================================================================
[done] Case vi → /project/bdoiron/dracoxu/rct-fsflow/paper_project_final/out/sacc/alignment/case_vi_correctonly/

==============================================================
ALL TRIALS (out_nofilter/)
==============================================================

------------------------------------------------------------
[Case i] Sacc-aligned C & S, horizontal trials (all-trials)
  Axes: axes_peakbin_saccCS-sacc-horizontal-20mssw_nofilter
  Orientation: horizontal
  OUT_ROOT: /project/bdoiron/dracoxu/rct-fsflow/paper_project_final/out_nofilter
  Covariance windows (SACC-aligned): C=[-0.20, 0.05], S=[-0.20, 0.05]
------------------------------------------------------------
======================================================================
CATEGORY-SACCADE SUBSPACE ALIGNMENT ANALYSIS
======================================================================
[info] Processing 1 session(s)
[info] Mode: axis_cov
[info] out_root: /project/bdoiron/dracoxu/rct-fsflow/paper_project_final/out_nofilter
[info] n_perms: 1000

[Analysis C] Axis Angle + Covariance-Constrained Null (DAVE'S QUESTION)
             Axes tag: axes_peakbin_saccCS-sacc-horizontal-20mssw_nofilter
             Uses trained sC and sS_raw axes
             Tests: 'less aligned than geometry-constrained chance'

============================================================
[20230707] Processing...

  [Analysis C] Axis angle + covariance-constrained null...
  [axis-cov] Observed: |cos(θ)|=0.0546, θ=86.9°
  [null] Manifold dim: 22, D_eff=2.5
         Expected |cos(θ)| ≈ 0.633 (angle ≈ 50.8°)
  [null] Running 1000 covariance-constrained null samples...
    [200/1000] null_mean=0.2557
    [400/1000] null_mean=0.2740
    [600/1000] null_mean=0.2770
    [800/1000] null_mean=0.2781
    [1000/1000] null_mean=0.2804
  [result] a_obs=0.0546, null_mean=0.2804±0.1820
           Δ=-0.2258, z=-1.24
           θ_obs=86.9°, θ_null=73.3°
           p(more orthogonal)=0.1199, p(more aligned)=0.8811
  [saved] /project/bdoiron/dracoxu/rct-fsflow/paper_project_final/out_nofilter/sacc/alignment/case_i_alltrials/axis_cov_20230707.json

======================================================================
[done] Per-session results saved to /project/bdoiron/dracoxu/rct-fsflow/paper_project_final/out_nofilter/sacc/alignment/case_i_alltrials
======================================================================
[done] Case i → /project/bdoiron/dracoxu/rct-fsflow/paper_project_final/out_nofilter/sacc/alignment/case_i_alltrials/

------------------------------------------------------------
[Case ii] Sacc-aligned C & S, pooled trials (all-trials)
  Axes: axes_peakbin_saccCS-sacc-pooled-20mssw_nofilter
  Orientation: pooled
  OUT_ROOT: /project/bdoiron/dracoxu/rct-fsflow/paper_project_final/out_nofilter
  Covariance windows (SACC-aligned): C=[-0.20, 0.05], S=[-0.20, 0.05]
------------------------------------------------------------
======================================================================
CATEGORY-SACCADE SUBSPACE ALIGNMENT ANALYSIS
======================================================================
[info] Processing 1 session(s)
[info] Mode: axis_cov
[info] out_root: /project/bdoiron/dracoxu/rct-fsflow/paper_project_final/out_nofilter
[info] n_perms: 1000

[Analysis C] Axis Angle + Covariance-Constrained Null (DAVE'S QUESTION)
             Axes tag: axes_peakbin_saccCS-sacc-pooled-20mssw_nofilter
             Uses trained sC and sS_raw axes
             Tests: 'less aligned than geometry-constrained chance'

============================================================
[20230707] Processing...

  [Analysis C] Axis angle + covariance-constrained null...
  [axis-cov] Observed: |cos(θ)|=0.0501, θ=87.1°
  [null] Manifold dim: 20, D_eff=1.9
         Expected |cos(θ)| ≈ 0.720 (angle ≈ 44.0°)
  [null] Running 1000 covariance-constrained null samples...
    [200/1000] null_mean=0.3426
    [400/1000] null_mean=0.3437
    [600/1000] null_mean=0.3409
    [800/1000] null_mean=0.3446
    [1000/1000] null_mean=0.3503
  [result] a_obs=0.0501, null_mean=0.3503±0.2022
           Δ=-0.3001, z=-1.48
           θ_obs=87.1°, θ_null=68.9°
           p(more orthogonal)=0.0669, p(more aligned)=0.9341
  [saved] /project/bdoiron/dracoxu/rct-fsflow/paper_project_final/out_nofilter/sacc/alignment/case_ii_alltrials/axis_cov_20230707.json

======================================================================
[done] Per-session results saved to /project/bdoiron/dracoxu/rct-fsflow/paper_project_final/out_nofilter/sacc/alignment/case_ii_alltrials
======================================================================
[done] Case ii → /project/bdoiron/dracoxu/rct-fsflow/paper_project_final/out_nofilter/sacc/alignment/case_ii_alltrials/

------------------------------------------------------------
[Case iii] Stim-C (vertical) vs Sacc-S (horizontal) (all-trials)
  C axes: stim/axes_peakbin_stimC-stim-vertical-20mssw_nofilter (orientation: vertical)
  S axes: sacc/axes_peakbin_saccCS-sacc-horizontal-20mssw_nofilter (orientation: horizontal)
  OUT_ROOT: /project/bdoiron/dracoxu/rct-fsflow/paper_project_final/out_nofilter
  Covariance windows: C(stim)=[0.00, 0.50], S(sacc)=[-0.20, 0.05]
------------------------------------------------------------
======================================================================
CROSS-ALIGNMENT AXIS ANALYSIS
======================================================================
[info] Processing 1 session(s)
[info] C: stim/axes_peakbin_stimC-stim-vertical-20mssw_nofilter (vertical)
[info] S: sacc/axes_peakbin_saccCS-sacc-horizontal-20mssw_nofilter (horizontal)
[info] win_C: [0.0, 0.5], win_S: [-0.2, 0.05]
[info] Use rich conditions: False

============================================================
[20230707] Processing cross-alignment...
  [cross] Building geometry from both epochs...
          C epoch: stim, window=(0.0, 0.5), trials=554
          S epoch: sacc, window=(-0.2, 0.05), trials=464
          D_C shape: (32, 100), D_S shape: (32, 100)
  [cross] Observed: |cos(θ)|=0.2346, θ=76.4°
  [null] Manifold dim: 27, D_eff=4.9
         Expected |cos(θ)| ≈ 0.360 (angle ≈ 68.9°)
  [null] Running 1000 covariance-constrained null samples...
    [200/1000] null_mean=0.2405
    [400/1000] null_mean=0.2354
    [600/1000] null_mean=0.2335
    [800/1000] null_mean=0.2302
    [1000/1000] null_mean=0.2268
  [result] a_obs=0.2346, null_mean=0.2268±0.1469
           Δ=0.0077, z=0.05
           θ_obs=76.4°, θ_null=76.7°
           p(more orthogonal)=0.5465, p(more aligned)=0.4545
  [saved] /project/bdoiron/dracoxu/rct-fsflow/paper_project_final/out_nofilter/cross_alignment/case_iii_alltrials/cross_case_iii_alltrials_20230707.json

======================================================================
[done] Results saved to /project/bdoiron/dracoxu/rct-fsflow/paper_project_final/out_nofilter/cross_alignment/case_iii_alltrials
======================================================================
[done] Case iii → /project/bdoiron/dracoxu/rct-fsflow/paper_project_final/out_nofilter/cross_alignment/case_iii_alltrials/

------------------------------------------------------------
[Case iv] Stim-C (pooled) vs Sacc-S (pooled) (all-trials)
  C axes: stim/axes_peakbin_stimC-stim-pooled-20mssw_nofilter (orientation: pooled)
  S axes: sacc/axes_peakbin_saccCS-sacc-pooled-20mssw_nofilter (orientation: pooled)
  OUT_ROOT: /project/bdoiron/dracoxu/rct-fsflow/paper_project_final/out_nofilter
  Covariance windows: C(stim)=[0.00, 0.50], S(sacc)=[-0.20, 0.05]
------------------------------------------------------------
======================================================================
CROSS-ALIGNMENT AXIS ANALYSIS
======================================================================
[info] Processing 1 session(s)
[info] C: stim/axes_peakbin_stimC-stim-pooled-20mssw_nofilter (pooled)
[info] S: sacc/axes_peakbin_saccCS-sacc-pooled-20mssw_nofilter (pooled)
[info] win_C: [0.0, 0.5], win_S: [-0.2, 0.05]
[info] Use rich conditions: False

============================================================
[20230707] Processing cross-alignment...
  [cross] Building geometry from both epochs...
          C epoch: stim, window=(0.0, 0.5), trials=1018
          S epoch: sacc, window=(-0.2, 0.05), trials=1018
          D_C shape: (32, 100), D_S shape: (32, 100)
  [cross] Observed: |cos(θ)|=0.0325, θ=88.1°
  [null] Manifold dim: 25, D_eff=3.5
         Expected |cos(θ)| ≈ 0.424 (angle ≈ 64.9°)
  [null] Running 1000 covariance-constrained null samples...
    [200/1000] null_mean=0.2608
    [400/1000] null_mean=0.2592
    [600/1000] null_mean=0.2579
    [800/1000] null_mean=0.2539
    [1000/1000] null_mean=0.2552
  [result] a_obs=0.0325, null_mean=0.2552±0.1589
           Δ=-0.2227, z=-1.40
           θ_obs=88.1°, θ_null=75.0°
           p(more orthogonal)=0.0559, p(more aligned)=0.9451
  [saved] /project/bdoiron/dracoxu/rct-fsflow/paper_project_final/out_nofilter/cross_alignment/case_iv_alltrials/cross_case_iv_alltrials_20230707.json

======================================================================
[done] Results saved to /project/bdoiron/dracoxu/rct-fsflow/paper_project_final/out_nofilter/cross_alignment/case_iv_alltrials
======================================================================
[done] Case iv → /project/bdoiron/dracoxu/rct-fsflow/paper_project_final/out_nofilter/cross_alignment/case_iv_alltrials/

------------------------------------------------------------
[Case v] Stim-C (horizontal) vs Sacc-S (horizontal) (all-trials)
  C axes: stim/axes_peakbin_stimC-stim-horizontal-20mssw_nofilter (orientation: horizontal)
  S axes: sacc/axes_peakbin_saccCS-sacc-horizontal-20mssw_nofilter (orientation: horizontal)
  OUT_ROOT: /project/bdoiron/dracoxu/rct-fsflow/paper_project_final/out_nofilter
  Covariance windows: C(stim)=[0.00, 0.50], S(sacc)=[-0.20, 0.05]
------------------------------------------------------------
======================================================================
CROSS-ALIGNMENT AXIS ANALYSIS
======================================================================
[info] Processing 1 session(s)
[info] C: stim/axes_peakbin_stimC-stim-horizontal-20mssw_nofilter (horizontal)
[info] S: sacc/axes_peakbin_saccCS-sacc-horizontal-20mssw_nofilter (horizontal)
[info] win_C: [0.0, 0.5], win_S: [-0.2, 0.05]
[info] Use rich conditions: False

============================================================
[20230707] Processing cross-alignment...
  [cross] Building geometry from both epochs...
          C epoch: stim, window=(0.0, 0.5), trials=464
          S epoch: sacc, window=(-0.2, 0.05), trials=464
          D_C shape: (32, 100), D_S shape: (32, 100)
  [cross] Observed: |cos(θ)|=0.0261, θ=88.5°
  [null] Manifold dim: 27, D_eff=4.7
         Expected |cos(θ)| ≈ 0.369 (angle ≈ 68.3°)
  [null] Running 1000 covariance-constrained null samples...
    [200/1000] null_mean=0.2572
    [400/1000] null_mean=0.2585
    [600/1000] null_mean=0.2557
    [800/1000] null_mean=0.2538
    [1000/1000] null_mean=0.2535
  [result] a_obs=0.0261, null_mean=0.2535±0.1558
           Δ=-0.2274, z=-1.46
           θ_obs=88.5°, θ_null=75.1°
           p(more orthogonal)=0.0599, p(more aligned)=0.9411
  [saved] /project/bdoiron/dracoxu/rct-fsflow/paper_project_final/out_nofilter/cross_alignment/case_v_alltrials/cross_case_v_alltrials_20230707.json

======================================================================
[done] Results saved to /project/bdoiron/dracoxu/rct-fsflow/paper_project_final/out_nofilter/cross_alignment/case_v_alltrials
======================================================================
[done] Case v → /project/bdoiron/dracoxu/rct-fsflow/paper_project_final/out_nofilter/cross_alignment/case_v_alltrials/

------------------------------------------------------------
[Case vi] Sacc-aligned C & S, vertical trials (all-trials)
  Axes: axes_peakbin_saccCS-sacc-vertical-20mssw_nofilter
  Orientation: vertical
  OUT_ROOT: /project/bdoiron/dracoxu/rct-fsflow/paper_project_final/out_nofilter
  Covariance windows (SACC-aligned): C=[-0.20, 0.05], S=[-0.20, 0.05]
------------------------------------------------------------
======================================================================
CATEGORY-SACCADE SUBSPACE ALIGNMENT ANALYSIS
======================================================================
[info] Processing 1 session(s)
[info] Mode: axis_cov
[info] out_root: /project/bdoiron/dracoxu/rct-fsflow/paper_project_final/out_nofilter
[info] n_perms: 1000

[Analysis C] Axis Angle + Covariance-Constrained Null (DAVE'S QUESTION)
             Axes tag: axes_peakbin_saccCS-sacc-vertical-20mssw_nofilter
             Uses trained sC and sS_raw axes
             Tests: 'less aligned than geometry-constrained chance'

============================================================
[20230707] Processing...

  [Analysis C] Axis angle + covariance-constrained null...
  [axis-cov] Observed: |cos(θ)|=0.0081, θ=89.5°
  [null] Manifold dim: 22, D_eff=2.0
         Expected |cos(θ)| ≈ 0.708 (angle ≈ 44.9°)
  [null] Running 1000 covariance-constrained null samples...
    [200/1000] null_mean=0.4155
    [400/1000] null_mean=0.3952
    [600/1000] null_mean=0.3825
    [800/1000] null_mean=0.3783
    [1000/1000] null_mean=0.3814
  [result] a_obs=0.0081, null_mean=0.3814±0.2042
           Δ=-0.3734, z=-1.83
           θ_obs=89.5°, θ_null=66.9°
           p(more orthogonal)=0.0110, p(more aligned)=0.9900
  [**] SIGNIFICANT: C-S alignment is LOWER than geometry-constrained chance!
  [saved] /project/bdoiron/dracoxu/rct-fsflow/paper_project_final/out_nofilter/sacc/alignment/case_vi_alltrials/axis_cov_20230707.json

======================================================================
[done] Per-session results saved to /project/bdoiron/dracoxu/rct-fsflow/paper_project_final/out_nofilter/sacc/alignment/case_vi_alltrials
======================================================================
[done] Case vi → /project/bdoiron/dracoxu/rct-fsflow/paper_project_final/out_nofilter/sacc/alignment/case_vi_alltrials/

==============================================================
[done] All cases complete for SID=20230707
==============================================================
