==============================================================
AXIS ALIGNMENT ANALYSIS - ALL FOUR CASES
Session: 20230705 (task 14)
Filter mode: both
==============================================================

==============================================================
CORRECT-ONLY TRIALS (out/)
==============================================================

------------------------------------------------------------
[Case i] Sacc-aligned C & S, horizontal trials (correct-only)
  Axes: axes_peakbin_saccCS-sacc-horizontal-20mssw
  Orientation: horizontal
  OUT_ROOT: /project/bdoiron/dracoxu/rct-fsflow/paper_project_final/out
  Covariance windows (SACC-aligned): C=[-0.20, 0.05], S=[-0.20, 0.05]
------------------------------------------------------------
======================================================================
CATEGORY-SACCADE SUBSPACE ALIGNMENT ANALYSIS
======================================================================
[info] Processing 1 session(s)
[info] Mode: axis_cov
[info] out_root: /project/bdoiron/dracoxu/rct-fsflow/paper_project_final/out
[info] n_perms: 1000

[Analysis C] Axis Angle + Covariance-Constrained Null (DAVE'S QUESTION)
             Axes tag: axes_peakbin_saccCS-sacc-horizontal-20mssw
             Uses trained sC and sS_raw axes
             Tests: 'less aligned than geometry-constrained chance'

============================================================
[20230705] Processing...

  [Analysis C] Axis angle + covariance-constrained null...
  [axis-cov] Observed: |cos(θ)|=0.0800, θ=85.4°
  [null] D_C shape: (84, 52), D_S shape: (84, 52)
  [null] D_combined shape: (84, 104)
  [null] Manifold dim: 41, D_eff=5.2
         Expected |cos(θ)| ≈ 0.438 (angle ≈ 64.0°)
  [null] Running 1000 covariance-constrained null samples...
    [200/1000] null_mean=0.2040
    [400/1000] null_mean=0.1941
    [600/1000] null_mean=0.1977
    [800/1000] null_mean=0.2003
    [1000/1000] null_mean=0.1988
  [result] a_obs=0.0800, null_mean=0.1988±0.1345
           Δ=-0.1188, z=-0.88
           θ_obs=85.4°, θ_null=78.4°
           p(more orthogonal)=0.2418, p(more aligned)=0.7592
  [saved] /project/bdoiron/dracoxu/rct-fsflow/paper_project_final/out/sacc/alignment/case_i_correctonly/axis_cov_20230705.json

======================================================================
[done] Per-session results saved to /project/bdoiron/dracoxu/rct-fsflow/paper_project_final/out/sacc/alignment/case_i_correctonly
======================================================================
[done] Case i → /project/bdoiron/dracoxu/rct-fsflow/paper_project_final/out/sacc/alignment/case_i_correctonly/

------------------------------------------------------------
[Case ii] Sacc-aligned C & S, pooled trials (correct-only)
  Axes: axes_peakbin_saccCS-sacc-pooled-20mssw
  Orientation: pooled
  OUT_ROOT: /project/bdoiron/dracoxu/rct-fsflow/paper_project_final/out
  Covariance windows (SACC-aligned): C=[-0.20, 0.05], S=[-0.20, 0.05]
------------------------------------------------------------
======================================================================
CATEGORY-SACCADE SUBSPACE ALIGNMENT ANALYSIS
======================================================================
[info] Processing 1 session(s)
[info] Mode: axis_cov
[info] out_root: /project/bdoiron/dracoxu/rct-fsflow/paper_project_final/out
[info] n_perms: 1000

[Analysis C] Axis Angle + Covariance-Constrained Null (DAVE'S QUESTION)
             Axes tag: axes_peakbin_saccCS-sacc-pooled-20mssw
             Uses trained sC and sS_raw axes
             Tests: 'less aligned than geometry-constrained chance'

============================================================
[20230705] Processing...

  [Analysis C] Axis angle + covariance-constrained null...
  [axis-cov] Observed: |cos(θ)|=0.1226, θ=83.0°
  [null] D_C shape: (84, 52), D_S shape: (84, 52)
  [null] D_combined shape: (84, 104)
  [null] Manifold dim: 38, D_eff=5.0
         Expected |cos(θ)| ≈ 0.447 (angle ≈ 63.5°)
  [null] Running 1000 covariance-constrained null samples...
    [200/1000] null_mean=0.2429
    [400/1000] null_mean=0.2375
    [600/1000] null_mean=0.2329
    [800/1000] null_mean=0.2312
    [1000/1000] null_mean=0.2321
  [result] a_obs=0.1226, null_mean=0.2321±0.1582
           Δ=-0.1094, z=-0.69
           θ_obs=83.0°, θ_null=76.4°
           p(more orthogonal)=0.2787, p(more aligned)=0.7223
  [saved] /project/bdoiron/dracoxu/rct-fsflow/paper_project_final/out/sacc/alignment/case_ii_correctonly/axis_cov_20230705.json

======================================================================
[done] Per-session results saved to /project/bdoiron/dracoxu/rct-fsflow/paper_project_final/out/sacc/alignment/case_ii_correctonly
======================================================================
[done] Case ii → /project/bdoiron/dracoxu/rct-fsflow/paper_project_final/out/sacc/alignment/case_ii_correctonly/

------------------------------------------------------------
[Case iii] Stim-C (vertical) vs Sacc-S (horizontal) (correct-only)
  C axes: stim/axes_peakbin_stimC-stim-vertical-20mssw (orientation: vertical)
  S axes: sacc/axes_peakbin_saccCS-sacc-horizontal-20mssw (orientation: horizontal)
  OUT_ROOT: /project/bdoiron/dracoxu/rct-fsflow/paper_project_final/out
  Covariance windows: C(stim)=[0.00, 0.50], S(sacc)=[-0.20, 0.05]
  Null mode: s_epoch (fixed-axis null using S-epoch geometry)
------------------------------------------------------------
======================================================================
CROSS-ALIGNMENT AXIS ANALYSIS
======================================================================
[info] Processing 1 session(s)
[info] C: stim/axes_peakbin_stimC-stim-vertical-20mssw (vertical)
[info] S: sacc/axes_peakbin_saccCS-sacc-horizontal-20mssw (horizontal)
[info] win_C: [0.0, 0.5], win_S: [-0.2, 0.05]
[info] Null mode: s_epoch
[info] Use rich conditions: False

============================================================
[20230705] Processing cross-alignment...
  [preprocess] Applying sliding window to both caches for observed geometry...
               20.0ms window, 10.0ms step
               C (stim): 2 bins, step 1
               S (sacc): 4 bins, step 2
  [cross] Building geometry from both epochs (Z-scored, SW-transformed)...
          C epoch: stim, window=(0.0, 0.5), trials=415
          S epoch: sacc, window=(-0.2, 0.05), trials=380
          D_C shape: (84, 102), D_S shape: (84, 52)
  [cross] Observed: |cos(θ)|=0.1275, θ=82.7°
  [null] Mode: s_epoch
         Building S-epoch geometry with both C and S conditions...
         Using SAME SW-transformed S cache as observed geometry
         D_S_combined shape: (84, 104)
         Using S-epoch geometry (fixed-axis null, z-scored, sliding window)
  [null] Manifold dim: 41, D_eff=5.2
         Expected |cos(θ)| ≈ 0.350 (angle ≈ 69.5°)
  [null] Running 1000 covariance-constrained null samples...
    [200/1000] null_mean=0.1768
    [400/1000] null_mean=0.1701
    [600/1000] null_mean=0.1694
    [800/1000] null_mean=0.1710
    [1000/1000] null_mean=0.1708
  [result] a_obs=0.1275, null_mean=0.1708±0.1106
           Δ=-0.0433, z=-0.39
           θ_obs=82.7°, θ_null=80.1°
           p(more orthogonal)=0.4086, p(more aligned)=0.5924
  [saved] /project/bdoiron/dracoxu/rct-fsflow/paper_project_final/out/cross_alignment/case_iii_correctonly/cross_case_iii_correctonly_20230705.json

======================================================================
[done] Results saved to /project/bdoiron/dracoxu/rct-fsflow/paper_project_final/out/cross_alignment/case_iii_correctonly
======================================================================
[done] Case iii → /project/bdoiron/dracoxu/rct-fsflow/paper_project_final/out/cross_alignment/case_iii_correctonly/

------------------------------------------------------------
[Case iv] Stim-C (pooled) vs Sacc-S (pooled) (correct-only)
  C axes: stim/axes_peakbin_stimC-stim-pooled-20mssw (orientation: pooled)
  S axes: sacc/axes_peakbin_saccCS-sacc-pooled-20mssw (orientation: pooled)
  OUT_ROOT: /project/bdoiron/dracoxu/rct-fsflow/paper_project_final/out
  Covariance windows: C(stim)=[0.00, 0.50], S(sacc)=[-0.20, 0.05]
  Null mode: s_epoch (fixed-axis null using S-epoch geometry)
------------------------------------------------------------
======================================================================
CROSS-ALIGNMENT AXIS ANALYSIS
======================================================================
[info] Processing 1 session(s)
[info] C: stim/axes_peakbin_stimC-stim-pooled-20mssw (pooled)
[info] S: sacc/axes_peakbin_saccCS-sacc-pooled-20mssw (pooled)
[info] win_C: [0.0, 0.5], win_S: [-0.2, 0.05]
[info] Null mode: s_epoch
[info] Use rich conditions: False

============================================================
[20230705] Processing cross-alignment...
  [preprocess] Applying sliding window to both caches for observed geometry...
               20.0ms window, 10.0ms step
               C (stim): 2 bins, step 1
               S (sacc): 4 bins, step 2
  [cross] Building geometry from both epochs (Z-scored, SW-transformed)...
          C epoch: stim, window=(0.0, 0.5), trials=795
          S epoch: sacc, window=(-0.2, 0.05), trials=795
          D_C shape: (84, 102), D_S shape: (84, 52)
  [cross] Observed: |cos(θ)|=0.1331, θ=82.3°
  [null] Mode: s_epoch
         Building S-epoch geometry with both C and S conditions...
         Using SAME SW-transformed S cache as observed geometry
         D_S_combined shape: (84, 104)
         Using S-epoch geometry (fixed-axis null, z-scored, sliding window)
  [null] Manifold dim: 38, D_eff=5.0
         Expected |cos(θ)| ≈ 0.356 (angle ≈ 69.1°)
  [null] Running 1000 covariance-constrained null samples...
    [200/1000] null_mean=0.2433
    [400/1000] null_mean=0.2346
    [600/1000] null_mean=0.2339
    [800/1000] null_mean=0.2327
    [1000/1000] null_mean=0.2345
  [result] a_obs=0.1331, null_mean=0.2345±0.1625
           Δ=-0.1013, z=-0.62
           θ_obs=82.3°, θ_null=76.2°
           p(more orthogonal)=0.3377, p(more aligned)=0.6633
  [saved] /project/bdoiron/dracoxu/rct-fsflow/paper_project_final/out/cross_alignment/case_iv_correctonly/cross_case_iv_correctonly_20230705.json

======================================================================
[done] Results saved to /project/bdoiron/dracoxu/rct-fsflow/paper_project_final/out/cross_alignment/case_iv_correctonly
======================================================================
[done] Case iv → /project/bdoiron/dracoxu/rct-fsflow/paper_project_final/out/cross_alignment/case_iv_correctonly/

------------------------------------------------------------
[Case v] Stim-C (horizontal) vs Sacc-S (horizontal) (correct-only)
  C axes: stim/axes_peakbin_stimC-stim-horizontal-20mssw (orientation: horizontal)
  S axes: sacc/axes_peakbin_saccCS-sacc-horizontal-20mssw (orientation: horizontal)
  OUT_ROOT: /project/bdoiron/dracoxu/rct-fsflow/paper_project_final/out
  Covariance windows: C(stim)=[0.00, 0.50], S(sacc)=[-0.20, 0.05]
  Null mode: s_epoch (fixed-axis null using S-epoch geometry)
------------------------------------------------------------
======================================================================
CROSS-ALIGNMENT AXIS ANALYSIS
======================================================================
[info] Processing 1 session(s)
[info] C: stim/axes_peakbin_stimC-stim-horizontal-20mssw (horizontal)
[info] S: sacc/axes_peakbin_saccCS-sacc-horizontal-20mssw (horizontal)
[info] win_C: [0.0, 0.5], win_S: [-0.2, 0.05]
[info] Null mode: s_epoch
[info] Use rich conditions: False

============================================================
[20230705] Processing cross-alignment...
  [preprocess] Applying sliding window to both caches for observed geometry...
               20.0ms window, 10.0ms step
               C (stim): 2 bins, step 1
               S (sacc): 4 bins, step 2
  [cross] Building geometry from both epochs (Z-scored, SW-transformed)...
          C epoch: stim, window=(0.0, 0.5), trials=380
          S epoch: sacc, window=(-0.2, 0.05), trials=380
          D_C shape: (84, 102), D_S shape: (84, 52)
  [cross] Observed: |cos(θ)|=0.4451, θ=63.6°
  [null] Mode: s_epoch
         Building S-epoch geometry with both C and S conditions...
         Using SAME SW-transformed S cache as observed geometry
         D_S_combined shape: (84, 104)
         Using S-epoch geometry (fixed-axis null, z-scored, sliding window)
  [null] Manifold dim: 41, D_eff=5.2
         Expected |cos(θ)| ≈ 0.350 (angle ≈ 69.5°)
  [null] Running 1000 covariance-constrained null samples...
    [200/1000] null_mean=0.2966
    [400/1000] null_mean=0.2749
    [600/1000] null_mean=0.2784
    [800/1000] null_mean=0.2792
    [1000/1000] null_mean=0.2764
  [result] a_obs=0.4451, null_mean=0.2764±0.1770
           Δ=0.1686, z=0.95
           θ_obs=63.6°, θ_null=73.6°
           p(more orthogonal)=0.8032, p(more aligned)=0.1978
  [saved] /project/bdoiron/dracoxu/rct-fsflow/paper_project_final/out/cross_alignment/case_v_correctonly/cross_case_v_correctonly_20230705.json

======================================================================
[done] Results saved to /project/bdoiron/dracoxu/rct-fsflow/paper_project_final/out/cross_alignment/case_v_correctonly
======================================================================
[done] Case v → /project/bdoiron/dracoxu/rct-fsflow/paper_project_final/out/cross_alignment/case_v_correctonly/

------------------------------------------------------------
[Case vi] Sacc-aligned C & S, vertical trials (correct-only)
  Axes: axes_peakbin_saccCS-sacc-vertical-20mssw
  Orientation: vertical
  OUT_ROOT: /project/bdoiron/dracoxu/rct-fsflow/paper_project_final/out
  Covariance windows (SACC-aligned): C=[-0.20, 0.05], S=[-0.20, 0.05]
------------------------------------------------------------
======================================================================
CATEGORY-SACCADE SUBSPACE ALIGNMENT ANALYSIS
======================================================================
[info] Processing 1 session(s)
[info] Mode: axis_cov
[info] out_root: /project/bdoiron/dracoxu/rct-fsflow/paper_project_final/out
[info] n_perms: 1000

[Analysis C] Axis Angle + Covariance-Constrained Null (DAVE'S QUESTION)
             Axes tag: axes_peakbin_saccCS-sacc-vertical-20mssw
             Uses trained sC and sS_raw axes
             Tests: 'less aligned than geometry-constrained chance'

============================================================
[20230705] Processing...

  [Analysis C] Axis angle + covariance-constrained null...
  [axis-cov] Observed: |cos(θ)|=0.0130, θ=89.3°
  [null] D_C shape: (84, 52), D_S shape: (84, 52)
  [null] D_combined shape: (84, 104)
  [null] Manifold dim: 39, D_eff=2.9
         Expected |cos(θ)| ≈ 0.586 (angle ≈ 54.1°)
  [null] Running 1000 covariance-constrained null samples...
    [200/1000] null_mean=0.2509
    [400/1000] null_mean=0.2421
    [600/1000] null_mean=0.2365
    [800/1000] null_mean=0.2381
    [1000/1000] null_mean=0.2366
  [result] a_obs=0.0130, null_mean=0.2366±0.1644
           Δ=-0.2236, z=-1.36
           θ_obs=89.3°, θ_null=76.1°
           p(more orthogonal)=0.0250, p(more aligned)=0.9760
  [**] SIGNIFICANT: C-S alignment is LOWER than geometry-constrained chance!
  [saved] /project/bdoiron/dracoxu/rct-fsflow/paper_project_final/out/sacc/alignment/case_vi_correctonly/axis_cov_20230705.json

======================================================================
[done] Per-session results saved to /project/bdoiron/dracoxu/rct-fsflow/paper_project_final/out/sacc/alignment/case_vi_correctonly
======================================================================
[done] Case vi → /project/bdoiron/dracoxu/rct-fsflow/paper_project_final/out/sacc/alignment/case_vi_correctonly/

==============================================================
ALL TRIALS (out_nofilter/)
==============================================================

------------------------------------------------------------
[Case i] Sacc-aligned C & S, horizontal trials (all-trials)
  Axes: axes_peakbin_saccCS-sacc-horizontal-20mssw_nofilter
  Orientation: horizontal
  OUT_ROOT: /project/bdoiron/dracoxu/rct-fsflow/paper_project_final/out_nofilter
  Covariance windows (SACC-aligned): C=[-0.20, 0.05], S=[-0.20, 0.05]
------------------------------------------------------------
======================================================================
CATEGORY-SACCADE SUBSPACE ALIGNMENT ANALYSIS
======================================================================
[info] Processing 1 session(s)
[info] Mode: axis_cov
[info] out_root: /project/bdoiron/dracoxu/rct-fsflow/paper_project_final/out_nofilter
[info] n_perms: 1000

[Analysis C] Axis Angle + Covariance-Constrained Null (DAVE'S QUESTION)
             Axes tag: axes_peakbin_saccCS-sacc-horizontal-20mssw_nofilter
             Uses trained sC and sS_raw axes
             Tests: 'less aligned than geometry-constrained chance'

============================================================
[20230705] Processing...

  [Analysis C] Axis angle + covariance-constrained null...
  [axis-cov] Observed: |cos(θ)|=0.1835, θ=79.4°
  [null] D_C shape: (84, 52), D_S shape: (84, 52)
  [null] D_combined shape: (84, 104)
  [null] Manifold dim: 40, D_eff=5.0
         Expected |cos(θ)| ≈ 0.445 (angle ≈ 63.6°)
  [null] Running 1000 covariance-constrained null samples...
    [200/1000] null_mean=0.2248
    [400/1000] null_mean=0.2153
    [600/1000] null_mean=0.2111
    [800/1000] null_mean=0.2130
    [1000/1000] null_mean=0.2120
  [result] a_obs=0.1835, null_mean=0.2120±0.1429
           Δ=-0.0285, z=-0.20
           θ_obs=79.4°, θ_null=77.6°
           p(more orthogonal)=0.4735, p(more aligned)=0.5275
  [saved] /project/bdoiron/dracoxu/rct-fsflow/paper_project_final/out_nofilter/sacc/alignment/case_i_alltrials/axis_cov_20230705.json

======================================================================
[done] Per-session results saved to /project/bdoiron/dracoxu/rct-fsflow/paper_project_final/out_nofilter/sacc/alignment/case_i_alltrials
======================================================================
[done] Case i → /project/bdoiron/dracoxu/rct-fsflow/paper_project_final/out_nofilter/sacc/alignment/case_i_alltrials/

------------------------------------------------------------
[Case ii] Sacc-aligned C & S, pooled trials (all-trials)
  Axes: axes_peakbin_saccCS-sacc-pooled-20mssw_nofilter
  Orientation: pooled
  OUT_ROOT: /project/bdoiron/dracoxu/rct-fsflow/paper_project_final/out_nofilter
  Covariance windows (SACC-aligned): C=[-0.20, 0.05], S=[-0.20, 0.05]
------------------------------------------------------------
======================================================================
CATEGORY-SACCADE SUBSPACE ALIGNMENT ANALYSIS
======================================================================
[info] Processing 1 session(s)
[info] Mode: axis_cov
[info] out_root: /project/bdoiron/dracoxu/rct-fsflow/paper_project_final/out_nofilter
[info] n_perms: 1000

[Analysis C] Axis Angle + Covariance-Constrained Null (DAVE'S QUESTION)
             Axes tag: axes_peakbin_saccCS-sacc-pooled-20mssw_nofilter
             Uses trained sC and sS_raw axes
             Tests: 'less aligned than geometry-constrained chance'

============================================================
[20230705] Processing...

  [Analysis C] Axis angle + covariance-constrained null...
  [axis-cov] Observed: |cos(θ)|=0.1030, θ=84.1°
  [null] D_C shape: (84, 52), D_S shape: (84, 52)
  [null] D_combined shape: (84, 104)
  [null] Manifold dim: 37, D_eff=4.5
         Expected |cos(θ)| ≈ 0.472 (angle ≈ 61.8°)
  [null] Running 1000 covariance-constrained null samples...
    [200/1000] null_mean=0.1779
    [400/1000] null_mean=0.1878
    [600/1000] null_mean=0.1876
    [800/1000] null_mean=0.1878
    [1000/1000] null_mean=0.1874
  [result] a_obs=0.1030, null_mean=0.1874±0.1307
           Δ=-0.0844, z=-0.65
           θ_obs=84.1°, θ_null=79.1°
           p(more orthogonal)=0.3167, p(more aligned)=0.6843
  [saved] /project/bdoiron/dracoxu/rct-fsflow/paper_project_final/out_nofilter/sacc/alignment/case_ii_alltrials/axis_cov_20230705.json

======================================================================
[done] Per-session results saved to /project/bdoiron/dracoxu/rct-fsflow/paper_project_final/out_nofilter/sacc/alignment/case_ii_alltrials
======================================================================
[done] Case ii → /project/bdoiron/dracoxu/rct-fsflow/paper_project_final/out_nofilter/sacc/alignment/case_ii_alltrials/

------------------------------------------------------------
[Case iii] Stim-C (vertical) vs Sacc-S (horizontal) (all-trials)
  C axes: stim/axes_peakbin_stimC-stim-vertical-20mssw_nofilter (orientation: vertical)
  S axes: sacc/axes_peakbin_saccCS-sacc-horizontal-20mssw_nofilter (orientation: horizontal)
  OUT_ROOT: /project/bdoiron/dracoxu/rct-fsflow/paper_project_final/out_nofilter
  Covariance windows: C(stim)=[0.00, 0.50], S(sacc)=[-0.20, 0.05]
  Null mode: s_epoch (fixed-axis null using S-epoch geometry)
------------------------------------------------------------
======================================================================
CROSS-ALIGNMENT AXIS ANALYSIS
======================================================================
[info] Processing 1 session(s)
[info] C: stim/axes_peakbin_stimC-stim-vertical-20mssw_nofilter (vertical)
[info] S: sacc/axes_peakbin_saccCS-sacc-horizontal-20mssw_nofilter (horizontal)
[info] win_C: [0.0, 0.5], win_S: [-0.2, 0.05]
[info] Null mode: s_epoch
[info] Use rich conditions: False

============================================================
[20230705] Processing cross-alignment...
  [preprocess] Applying sliding window to both caches for observed geometry...
               20.0ms window, 10.0ms step
               C (stim): 2 bins, step 1
               S (sacc): 4 bins, step 2
  [cross] Building geometry from both epochs (Z-scored, SW-transformed)...
          C epoch: stim, window=(0.0, 0.5), trials=534
          S epoch: sacc, window=(-0.2, 0.05), trials=442
          D_C shape: (84, 102), D_S shape: (84, 52)
  [cross] Observed: |cos(θ)|=0.2260, θ=76.9°
  [null] Mode: s_epoch
         Building S-epoch geometry with both C and S conditions...
         Using SAME SW-transformed S cache as observed geometry
         D_S_combined shape: (84, 104)
         Using S-epoch geometry (fixed-axis null, z-scored, sliding window)
  [null] Manifold dim: 40, D_eff=5.0
         Expected |cos(θ)| ≈ 0.355 (angle ≈ 69.2°)
  [null] Running 1000 covariance-constrained null samples...
    [200/1000] null_mean=0.1766
    [400/1000] null_mean=0.1721
    [600/1000] null_mean=0.1684
    [800/1000] null_mean=0.1702
    [1000/1000] null_mean=0.1730
  [result] a_obs=0.2260, null_mean=0.1730±0.1115
           Δ=0.0530, z=0.48
           θ_obs=76.9°, θ_null=80.0°
           p(more orthogonal)=0.6613, p(more aligned)=0.3397
  [saved] /project/bdoiron/dracoxu/rct-fsflow/paper_project_final/out_nofilter/cross_alignment/case_iii_alltrials/cross_case_iii_alltrials_20230705.json

======================================================================
[done] Results saved to /project/bdoiron/dracoxu/rct-fsflow/paper_project_final/out_nofilter/cross_alignment/case_iii_alltrials
======================================================================
[done] Case iii → /project/bdoiron/dracoxu/rct-fsflow/paper_project_final/out_nofilter/cross_alignment/case_iii_alltrials/

------------------------------------------------------------
[Case iv] Stim-C (pooled) vs Sacc-S (pooled) (all-trials)
  C axes: stim/axes_peakbin_stimC-stim-pooled-20mssw_nofilter (orientation: pooled)
  S axes: sacc/axes_peakbin_saccCS-sacc-pooled-20mssw_nofilter (orientation: pooled)
  OUT_ROOT: /project/bdoiron/dracoxu/rct-fsflow/paper_project_final/out_nofilter
  Covariance windows: C(stim)=[0.00, 0.50], S(sacc)=[-0.20, 0.05]
  Null mode: s_epoch (fixed-axis null using S-epoch geometry)
------------------------------------------------------------
======================================================================
CROSS-ALIGNMENT AXIS ANALYSIS
======================================================================
[info] Processing 1 session(s)
[info] C: stim/axes_peakbin_stimC-stim-pooled-20mssw_nofilter (pooled)
[info] S: sacc/axes_peakbin_saccCS-sacc-pooled-20mssw_nofilter (pooled)
[info] win_C: [0.0, 0.5], win_S: [-0.2, 0.05]
[info] Null mode: s_epoch
[info] Use rich conditions: False

============================================================
[20230705] Processing cross-alignment...
  [preprocess] Applying sliding window to both caches for observed geometry...
               20.0ms window, 10.0ms step
               C (stim): 2 bins, step 1
               S (sacc): 4 bins, step 2
  [cross] Building geometry from both epochs (Z-scored, SW-transformed)...
          C epoch: stim, window=(0.0, 0.5), trials=976
          S epoch: sacc, window=(-0.2, 0.05), trials=976
          D_C shape: (84, 102), D_S shape: (84, 52)
  [cross] Observed: |cos(θ)|=0.1410, θ=81.9°
  [null] Mode: s_epoch
         Building S-epoch geometry with both C and S conditions...
         Using SAME SW-transformed S cache as observed geometry
         D_S_combined shape: (84, 104)
         Using S-epoch geometry (fixed-axis null, z-scored, sliding window)
  [null] Manifold dim: 37, D_eff=4.5
         Expected |cos(θ)| ≈ 0.376 (angle ≈ 67.9°)
  [null] Running 1000 covariance-constrained null samples...
    [200/1000] null_mean=0.1930
    [400/1000] null_mean=0.2001
    [600/1000] null_mean=0.2023
    [800/1000] null_mean=0.2009
    [1000/1000] null_mean=0.2020
  [result] a_obs=0.1410, null_mean=0.2020±0.1449
           Δ=-0.0611, z=-0.42
           θ_obs=81.9°, θ_null=78.2°
           p(more orthogonal)=0.4196, p(more aligned)=0.5814
  [saved] /project/bdoiron/dracoxu/rct-fsflow/paper_project_final/out_nofilter/cross_alignment/case_iv_alltrials/cross_case_iv_alltrials_20230705.json

======================================================================
[done] Results saved to /project/bdoiron/dracoxu/rct-fsflow/paper_project_final/out_nofilter/cross_alignment/case_iv_alltrials
======================================================================
[done] Case iv → /project/bdoiron/dracoxu/rct-fsflow/paper_project_final/out_nofilter/cross_alignment/case_iv_alltrials/

------------------------------------------------------------
[Case v] Stim-C (horizontal) vs Sacc-S (horizontal) (all-trials)
  C axes: stim/axes_peakbin_stimC-stim-horizontal-20mssw_nofilter (orientation: horizontal)
  S axes: sacc/axes_peakbin_saccCS-sacc-horizontal-20mssw_nofilter (orientation: horizontal)
  OUT_ROOT: /project/bdoiron/dracoxu/rct-fsflow/paper_project_final/out_nofilter
  Covariance windows: C(stim)=[0.00, 0.50], S(sacc)=[-0.20, 0.05]
  Null mode: s_epoch (fixed-axis null using S-epoch geometry)
------------------------------------------------------------
======================================================================
CROSS-ALIGNMENT AXIS ANALYSIS
======================================================================
[info] Processing 1 session(s)
[info] C: stim/axes_peakbin_stimC-stim-horizontal-20mssw_nofilter (horizontal)
[info] S: sacc/axes_peakbin_saccCS-sacc-horizontal-20mssw_nofilter (horizontal)
[info] win_C: [0.0, 0.5], win_S: [-0.2, 0.05]
[info] Null mode: s_epoch
[info] Use rich conditions: False

============================================================
[20230705] Processing cross-alignment...
  [preprocess] Applying sliding window to both caches for observed geometry...
               20.0ms window, 10.0ms step
               C (stim): 2 bins, step 1
               S (sacc): 4 bins, step 2
  [cross] Building geometry from both epochs (Z-scored, SW-transformed)...
          C epoch: stim, window=(0.0, 0.5), trials=442
          S epoch: sacc, window=(-0.2, 0.05), trials=442
          D_C shape: (84, 102), D_S shape: (84, 52)
  [cross] Observed: |cos(θ)|=0.3106, θ=71.9°
  [null] Mode: s_epoch
         Building S-epoch geometry with both C and S conditions...
         Using SAME SW-transformed S cache as observed geometry
         D_S_combined shape: (84, 104)
         Using S-epoch geometry (fixed-axis null, z-scored, sliding window)
  [null] Manifold dim: 40, D_eff=5.0
         Expected |cos(θ)| ≈ 0.355 (angle ≈ 69.2°)
  [null] Running 1000 covariance-constrained null samples...
    [200/1000] null_mean=0.2263
    [400/1000] null_mean=0.2188
    [600/1000] null_mean=0.2163
    [800/1000] null_mean=0.2151
    [1000/1000] null_mean=0.2148
  [result] a_obs=0.3106, null_mean=0.2148±0.1382
           Δ=0.0958, z=0.69
           θ_obs=71.9°, θ_null=77.4°
           p(more orthogonal)=0.7383, p(more aligned)=0.2627
  [saved] /project/bdoiron/dracoxu/rct-fsflow/paper_project_final/out_nofilter/cross_alignment/case_v_alltrials/cross_case_v_alltrials_20230705.json

======================================================================
[done] Results saved to /project/bdoiron/dracoxu/rct-fsflow/paper_project_final/out_nofilter/cross_alignment/case_v_alltrials
======================================================================
[done] Case v → /project/bdoiron/dracoxu/rct-fsflow/paper_project_final/out_nofilter/cross_alignment/case_v_alltrials/

------------------------------------------------------------
[Case vi] Sacc-aligned C & S, vertical trials (all-trials)
  Axes: axes_peakbin_saccCS-sacc-vertical-20mssw_nofilter
  Orientation: vertical
  OUT_ROOT: /project/bdoiron/dracoxu/rct-fsflow/paper_project_final/out_nofilter
  Covariance windows (SACC-aligned): C=[-0.20, 0.05], S=[-0.20, 0.05]
------------------------------------------------------------
======================================================================
CATEGORY-SACCADE SUBSPACE ALIGNMENT ANALYSIS
======================================================================
[info] Processing 1 session(s)
[info] Mode: axis_cov
[info] out_root: /project/bdoiron/dracoxu/rct-fsflow/paper_project_final/out_nofilter
[info] n_perms: 1000

[Analysis C] Axis Angle + Covariance-Constrained Null (DAVE'S QUESTION)
             Axes tag: axes_peakbin_saccCS-sacc-vertical-20mssw_nofilter
             Uses trained sC and sS_raw axes
             Tests: 'less aligned than geometry-constrained chance'

============================================================
[20230705] Processing...

  [Analysis C] Axis angle + covariance-constrained null...
  [axis-cov] Observed: |cos(θ)|=0.0098, θ=89.4°
  [null] D_C shape: (84, 52), D_S shape: (84, 52)
  [null] D_combined shape: (84, 104)
  [null] Manifold dim: 38, D_eff=2.7
         Expected |cos(θ)| ≈ 0.603 (angle ≈ 52.9°)
  [null] Running 1000 covariance-constrained null samples...
    [200/1000] null_mean=0.1999
    [400/1000] null_mean=0.2039
    [600/1000] null_mean=0.2040
    [800/1000] null_mean=0.2048
    [1000/1000] null_mean=0.2032
  [result] a_obs=0.0098, null_mean=0.2032±0.1504
           Δ=-0.1934, z=-1.29
           θ_obs=89.4°, θ_null=78.1°
           p(more orthogonal)=0.0260, p(more aligned)=0.9750
  [**] SIGNIFICANT: C-S alignment is LOWER than geometry-constrained chance!
  [saved] /project/bdoiron/dracoxu/rct-fsflow/paper_project_final/out_nofilter/sacc/alignment/case_vi_alltrials/axis_cov_20230705.json

======================================================================
[done] Per-session results saved to /project/bdoiron/dracoxu/rct-fsflow/paper_project_final/out_nofilter/sacc/alignment/case_vi_alltrials
======================================================================
[done] Case vi → /project/bdoiron/dracoxu/rct-fsflow/paper_project_final/out_nofilter/sacc/alignment/case_vi_alltrials/

==============================================================
[done] All cases complete for SID=20230705
==============================================================
