==============================================================
AXIS ALIGNMENT ANALYSIS - ALL FOUR CASES
Session: 20200402 (task 4)
Filter mode: both
==============================================================

==============================================================
CORRECT-ONLY TRIALS (out/)
==============================================================

------------------------------------------------------------
[Case i] Sacc-aligned C & S, horizontal trials (correct-only)
  Axes: axes_peakbin_saccCS-sacc-horizontal-20mssw
  Orientation: horizontal
  OUT_ROOT: /project/bdoiron/dracoxu/rct-fsflow/paper_project_final/out
------------------------------------------------------------
======================================================================
CATEGORY-SACCADE SUBSPACE ALIGNMENT ANALYSIS
======================================================================
[info] Processing 1 session(s)
[info] Mode: axis_cov
[info] out_root: /project/bdoiron/dracoxu/rct-fsflow/paper_project_final/out
[info] n_perms: 1000

[Analysis C] Axis Angle + Covariance-Constrained Null (DAVE'S QUESTION)
             Axes tag: axes_peakbin_saccCS-sacc-horizontal-20mssw
             Uses trained sC and sS_raw axes
             Tests: 'less aligned than geometry-constrained chance'

============================================================
[20200402] Processing...

  [Analysis C] Axis angle + covariance-constrained null...
  [axis-cov] Observed: |cos(θ)|=0.1534, θ=81.2°
  [null] Manifold dim: 63, D_eff=8.0
         Expected |cos(θ)| ≈ 0.353 (angle ≈ 69.3°)
  [null] Running 1000 covariance-constrained null samples...
    [200/1000] null_mean=0.1945
    [400/1000] null_mean=0.1996
    [600/1000] null_mean=0.2010
    [800/1000] null_mean=0.1980
    [1000/1000] null_mean=0.1960
  [result] a_obs=0.1534, null_mean=0.1960±0.1373
           Δ=-0.0426, z=-0.31
           θ_obs=81.2°, θ_null=78.6°
           p(more orthogonal)=0.4396, p(more aligned)=0.5614
  [saved] /project/bdoiron/dracoxu/rct-fsflow/paper_project_final/out/sacc/alignment/case_i_correctonly/axis_cov_20200402.json

======================================================================
[done] Per-session results saved to /project/bdoiron/dracoxu/rct-fsflow/paper_project_final/out/sacc/alignment/case_i_correctonly
======================================================================
[done] Case i → /project/bdoiron/dracoxu/rct-fsflow/paper_project_final/out/sacc/alignment/case_i_correctonly/

------------------------------------------------------------
[Case ii] Sacc-aligned C & S, pooled trials (correct-only)
  Axes: axes_peakbin_saccCS-sacc-pooled-20mssw
  Orientation: pooled
  OUT_ROOT: /project/bdoiron/dracoxu/rct-fsflow/paper_project_final/out
------------------------------------------------------------
======================================================================
CATEGORY-SACCADE SUBSPACE ALIGNMENT ANALYSIS
======================================================================
[info] Processing 1 session(s)
[info] Mode: axis_cov
[info] out_root: /project/bdoiron/dracoxu/rct-fsflow/paper_project_final/out
[info] n_perms: 1000

[Analysis C] Axis Angle + Covariance-Constrained Null (DAVE'S QUESTION)
             Axes tag: axes_peakbin_saccCS-sacc-pooled-20mssw
             Uses trained sC and sS_raw axes
             Tests: 'less aligned than geometry-constrained chance'

============================================================
[20200402] Processing...

  [Analysis C] Axis angle + covariance-constrained null...
  [axis-cov] Observed: |cos(θ)|=0.0412, θ=87.6°
  [null] Manifold dim: 69, D_eff=9.3
         Expected |cos(θ)| ≈ 0.327 (angle ≈ 70.9°)
  [null] Running 1000 covariance-constrained null samples...
    [200/1000] null_mean=0.1830
    [400/1000] null_mean=0.1832
    [600/1000] null_mean=0.1816
    [800/1000] null_mean=0.1794
    [1000/1000] null_mean=0.1779
  [result] a_obs=0.0412, null_mean=0.1779±0.1277
           Δ=-0.1368, z=-1.07
           θ_obs=87.6°, θ_null=79.6°
           p(more orthogonal)=0.1588, p(more aligned)=0.8422
  [saved] /project/bdoiron/dracoxu/rct-fsflow/paper_project_final/out/sacc/alignment/case_ii_correctonly/axis_cov_20200402.json

======================================================================
[done] Per-session results saved to /project/bdoiron/dracoxu/rct-fsflow/paper_project_final/out/sacc/alignment/case_ii_correctonly
======================================================================
[done] Case ii → /project/bdoiron/dracoxu/rct-fsflow/paper_project_final/out/sacc/alignment/case_ii_correctonly/

------------------------------------------------------------
[Case iii] Stim-C (vertical) vs Sacc-S (horizontal) (correct-only)
  C axes: stim/axes_peakbin_stimC-stim-vertical-20mssw (orientation: vertical)
  S axes: sacc/axes_peakbin_saccCS-sacc-horizontal-20mssw (orientation: horizontal)
  OUT_ROOT: /project/bdoiron/dracoxu/rct-fsflow/paper_project_final/out
------------------------------------------------------------
======================================================================
CROSS-ALIGNMENT AXIS ANALYSIS
======================================================================
[info] Processing 1 session(s)
[info] C: stim/axes_peakbin_stimC-stim-vertical-20mssw (vertical)
[info] S: sacc/axes_peakbin_saccCS-sacc-horizontal-20mssw (horizontal)
[info] win_C: [0.1, 0.3], win_S: [-0.1, -0.03]
[info] Use rich conditions: True

============================================================
[20200402] Processing cross-alignment...
  [cross] Building geometry from both epochs...
          C epoch: stim, window=(0.1, 0.3), trials=217
          S epoch: sacc, window=(-0.1, -0.03), trials=237
          D_C shape: (80, 120), D_S shape: (80, 112)
  [cross] Observed: |cos(θ)|=0.4596, θ=62.6°
  [null] Manifold dim: 72, D_eff=17.1
         Expected |cos(θ)| ≈ 0.193 (angle ≈ 78.9°)
  [null] Running 1000 covariance-constrained null samples...
    [200/1000] null_mean=0.1696
    [400/1000] null_mean=0.1643
    [600/1000] null_mean=0.1644
    [800/1000] null_mean=0.1636
    [1000/1000] null_mean=0.1658
  [result] a_obs=0.4596, null_mean=0.1658±0.1230
           Δ=0.2937, z=2.39
           θ_obs=62.6°, θ_null=80.4°
           p(more orthogonal)=0.9770, p(more aligned)=0.0240
  [saved] /project/bdoiron/dracoxu/rct-fsflow/paper_project_final/out/cross_alignment/case_iii_correctonly/cross_case_iii_correctonly_20200402.json

======================================================================
[done] Results saved to /project/bdoiron/dracoxu/rct-fsflow/paper_project_final/out/cross_alignment/case_iii_correctonly
======================================================================
[done] Case iii → /project/bdoiron/dracoxu/rct-fsflow/paper_project_final/out/cross_alignment/case_iii_correctonly/

------------------------------------------------------------
[Case iv] Stim-C (pooled) vs Sacc-S (pooled) (correct-only)
  C axes: stim/axes_peakbin_stimC-stim-pooled-20mssw (orientation: pooled)
  S axes: sacc/axes_peakbin_saccCS-sacc-pooled-20mssw (orientation: pooled)
  OUT_ROOT: /project/bdoiron/dracoxu/rct-fsflow/paper_project_final/out
------------------------------------------------------------
======================================================================
CROSS-ALIGNMENT AXIS ANALYSIS
======================================================================
[info] Processing 1 session(s)
[info] C: stim/axes_peakbin_stimC-stim-pooled-20mssw (pooled)
[info] S: sacc/axes_peakbin_saccCS-sacc-pooled-20mssw (pooled)
[info] win_C: [0.1, 0.3], win_S: [-0.1, -0.03]
[info] Use rich conditions: True

============================================================
[20200402] Processing cross-alignment...
  [cross] Building geometry from both epochs...
          C epoch: stim, window=(0.1, 0.3), trials=454
          S epoch: sacc, window=(-0.1, -0.03), trials=454
          D_C shape: (80, 240), D_S shape: (80, 168)
  [cross] Observed: |cos(θ)|=0.1636, θ=80.6°
  [null] Manifold dim: 74, D_eff=19.1
         Expected |cos(θ)| ≈ 0.182 (angle ≈ 79.5°)
  [null] Running 1000 covariance-constrained null samples...
    [200/1000] null_mean=0.1393
    [400/1000] null_mean=0.1456
    [600/1000] null_mean=0.1504
    [800/1000] null_mean=0.1492
    [1000/1000] null_mean=0.1481
  [result] a_obs=0.1636, null_mean=0.1481±0.1086
           Δ=0.0155, z=0.14
           θ_obs=80.6°, θ_null=81.4°
           p(more orthogonal)=0.6094, p(more aligned)=0.3916
  [saved] /project/bdoiron/dracoxu/rct-fsflow/paper_project_final/out/cross_alignment/case_iv_correctonly/cross_case_iv_correctonly_20200402.json

======================================================================
[done] Results saved to /project/bdoiron/dracoxu/rct-fsflow/paper_project_final/out/cross_alignment/case_iv_correctonly
======================================================================
[done] Case iv → /project/bdoiron/dracoxu/rct-fsflow/paper_project_final/out/cross_alignment/case_iv_correctonly/

==============================================================
ALL TRIALS (out_nofilter/)
==============================================================

------------------------------------------------------------
[Case i] Sacc-aligned C & S, horizontal trials (all-trials)
  Axes: axes_peakbin_saccCS-sacc-horizontal-20mssw_nofilter
  Orientation: horizontal
  OUT_ROOT: /project/bdoiron/dracoxu/rct-fsflow/paper_project_final/out_nofilter
------------------------------------------------------------
======================================================================
CATEGORY-SACCADE SUBSPACE ALIGNMENT ANALYSIS
======================================================================
[info] Processing 1 session(s)
[info] Mode: axis_cov
[info] out_root: /project/bdoiron/dracoxu/rct-fsflow/paper_project_final/out_nofilter
[info] n_perms: 1000

[Analysis C] Axis Angle + Covariance-Constrained Null (DAVE'S QUESTION)
             Axes tag: axes_peakbin_saccCS-sacc-horizontal-20mssw_nofilter
             Uses trained sC and sS_raw axes
             Tests: 'less aligned than geometry-constrained chance'

============================================================
[20200402] Processing...

  [Analysis C] Axis angle + covariance-constrained null...
  [axis-cov] Observed: |cos(θ)|=0.1250, θ=82.8°
  [null] Manifold dim: 63, D_eff=8.3
         Expected |cos(θ)| ≈ 0.347 (angle ≈ 69.7°)
  [null] Running 1000 covariance-constrained null samples...
    [200/1000] null_mean=0.1928
    [400/1000] null_mean=0.1891
    [600/1000] null_mean=0.1898
    [800/1000] null_mean=0.1915
    [1000/1000] null_mean=0.1946
  [result] a_obs=0.1250, null_mean=0.1946±0.1398
           Δ=-0.0696, z=-0.50
           θ_obs=82.8°, θ_null=78.6°
           p(more orthogonal)=0.3776, p(more aligned)=0.6234
  [saved] /project/bdoiron/dracoxu/rct-fsflow/paper_project_final/out_nofilter/sacc/alignment/case_i_alltrials/axis_cov_20200402.json

======================================================================
[done] Per-session results saved to /project/bdoiron/dracoxu/rct-fsflow/paper_project_final/out_nofilter/sacc/alignment/case_i_alltrials
======================================================================
[done] Case i → /project/bdoiron/dracoxu/rct-fsflow/paper_project_final/out_nofilter/sacc/alignment/case_i_alltrials/

------------------------------------------------------------
[Case ii] Sacc-aligned C & S, pooled trials (all-trials)
  Axes: axes_peakbin_saccCS-sacc-pooled-20mssw_nofilter
  Orientation: pooled
  OUT_ROOT: /project/bdoiron/dracoxu/rct-fsflow/paper_project_final/out_nofilter
------------------------------------------------------------
======================================================================
CATEGORY-SACCADE SUBSPACE ALIGNMENT ANALYSIS
======================================================================
[info] Processing 1 session(s)
[info] Mode: axis_cov
[info] out_root: /project/bdoiron/dracoxu/rct-fsflow/paper_project_final/out_nofilter
[info] n_perms: 1000

[Analysis C] Axis Angle + Covariance-Constrained Null (DAVE'S QUESTION)
             Axes tag: axes_peakbin_saccCS-sacc-pooled-20mssw_nofilter
             Uses trained sC and sS_raw axes
             Tests: 'less aligned than geometry-constrained chance'

============================================================
[20200402] Processing...

  [Analysis C] Axis angle + covariance-constrained null...
  [axis-cov] Observed: |cos(θ)|=0.0441, θ=87.5°
  [null] Manifold dim: 69, D_eff=9.1
         Expected |cos(θ)| ≈ 0.332 (angle ≈ 70.6°)
  [null] Running 1000 covariance-constrained null samples...
    [200/1000] null_mean=0.1650
    [400/1000] null_mean=0.1590
    [600/1000] null_mean=0.1662
    [800/1000] null_mean=0.1685
    [1000/1000] null_mean=0.1690
  [result] a_obs=0.0441, null_mean=0.1690±0.1228
           Δ=-0.1250, z=-1.02
           θ_obs=87.5°, θ_null=80.2°
           p(more orthogonal)=0.1558, p(more aligned)=0.8452
  [saved] /project/bdoiron/dracoxu/rct-fsflow/paper_project_final/out_nofilter/sacc/alignment/case_ii_alltrials/axis_cov_20200402.json

======================================================================
[done] Per-session results saved to /project/bdoiron/dracoxu/rct-fsflow/paper_project_final/out_nofilter/sacc/alignment/case_ii_alltrials
======================================================================
[done] Case ii → /project/bdoiron/dracoxu/rct-fsflow/paper_project_final/out_nofilter/sacc/alignment/case_ii_alltrials/

------------------------------------------------------------
[Case iii] Stim-C (vertical) vs Sacc-S (horizontal) (all-trials)
  C axes: stim/axes_peakbin_stimC-stim-vertical-20mssw_nofilter (orientation: vertical)
  S axes: sacc/axes_peakbin_saccCS-sacc-horizontal-20mssw_nofilter (orientation: horizontal)
  OUT_ROOT: /project/bdoiron/dracoxu/rct-fsflow/paper_project_final/out_nofilter
------------------------------------------------------------
======================================================================
CROSS-ALIGNMENT AXIS ANALYSIS
======================================================================
[info] Processing 1 session(s)
[info] C: stim/axes_peakbin_stimC-stim-vertical-20mssw_nofilter (vertical)
[info] S: sacc/axes_peakbin_saccCS-sacc-horizontal-20mssw_nofilter (horizontal)
[info] win_C: [0.1, 0.3], win_S: [-0.1, -0.03]
[info] Use rich conditions: True

============================================================
[20200402] Processing cross-alignment...
  [cross] Building geometry from both epochs...
          C epoch: stim, window=(0.1, 0.3), trials=224
          S epoch: sacc, window=(-0.1, -0.03), trials=242
          D_C shape: (80, 120), D_S shape: (80, 112)
  [cross] Observed: |cos(θ)|=0.5297, θ=58.0°
  [null] Manifold dim: 72, D_eff=16.7
         Expected |cos(θ)| ≈ 0.196 (angle ≈ 78.7°)
  [null] Running 1000 covariance-constrained null samples...
    [200/1000] null_mean=0.1719
    [400/1000] null_mean=0.1691
    [600/1000] null_mean=0.1711
    [800/1000] null_mean=0.1727
    [1000/1000] null_mean=0.1747
  [result] a_obs=0.5297, null_mean=0.1747±0.1243
           Δ=0.3550, z=2.86
           θ_obs=58.0°, θ_null=79.8°
           p(more orthogonal)=0.9950, p(more aligned)=0.0060
  [saved] /project/bdoiron/dracoxu/rct-fsflow/paper_project_final/out_nofilter/cross_alignment/case_iii_alltrials/cross_case_iii_alltrials_20200402.json

======================================================================
[done] Results saved to /project/bdoiron/dracoxu/rct-fsflow/paper_project_final/out_nofilter/cross_alignment/case_iii_alltrials
======================================================================
[done] Case iii → /project/bdoiron/dracoxu/rct-fsflow/paper_project_final/out_nofilter/cross_alignment/case_iii_alltrials/

------------------------------------------------------------
[Case iv] Stim-C (pooled) vs Sacc-S (pooled) (all-trials)
  C axes: stim/axes_peakbin_stimC-stim-pooled-20mssw_nofilter (orientation: pooled)
  S axes: sacc/axes_peakbin_saccCS-sacc-pooled-20mssw_nofilter (orientation: pooled)
  OUT_ROOT: /project/bdoiron/dracoxu/rct-fsflow/paper_project_final/out_nofilter
------------------------------------------------------------
======================================================================
CROSS-ALIGNMENT AXIS ANALYSIS
======================================================================
[info] Processing 1 session(s)
[info] C: stim/axes_peakbin_stimC-stim-pooled-20mssw_nofilter (pooled)
[info] S: sacc/axes_peakbin_saccCS-sacc-pooled-20mssw_nofilter (pooled)
[info] win_C: [0.1, 0.3], win_S: [-0.1, -0.03]
[info] Use rich conditions: True

============================================================
[20200402] Processing cross-alignment...
  [cross] Building geometry from both epochs...
          C epoch: stim, window=(0.1, 0.3), trials=466
          S epoch: sacc, window=(-0.1, -0.03), trials=466
          D_C shape: (80, 240), D_S shape: (80, 168)
  [cross] Observed: |cos(θ)|=0.1626, θ=80.6°
  [null] Manifold dim: 74, D_eff=18.9
         Expected |cos(θ)| ≈ 0.184 (angle ≈ 79.4°)
  [null] Running 1000 covariance-constrained null samples...
    [200/1000] null_mean=0.1422
    [400/1000] null_mean=0.1474
    [600/1000] null_mean=0.1488
    [800/1000] null_mean=0.1477
    [1000/1000] null_mean=0.1451
  [result] a_obs=0.1626, null_mean=0.1451±0.1053
           Δ=0.0174, z=0.17
           θ_obs=80.6°, θ_null=81.6°
           p(more orthogonal)=0.6314, p(more aligned)=0.3696
  [saved] /project/bdoiron/dracoxu/rct-fsflow/paper_project_final/out_nofilter/cross_alignment/case_iv_alltrials/cross_case_iv_alltrials_20200402.json

======================================================================
[done] Results saved to /project/bdoiron/dracoxu/rct-fsflow/paper_project_final/out_nofilter/cross_alignment/case_iv_alltrials
======================================================================
[done] Case iv → /project/bdoiron/dracoxu/rct-fsflow/paper_project_final/out_nofilter/cross_alignment/case_iv_alltrials/

==============================================================
[done] All cases complete for SID=20200402
==============================================================
