==============================================================
AXIS ALIGNMENT ANALYSIS - ALL FOUR CASES
Session: 20231103 (task 18)
Filter mode: both
==============================================================

==============================================================
CORRECT-ONLY TRIALS (out/)
==============================================================

------------------------------------------------------------
[Case i] Sacc-aligned C & S, horizontal trials (correct-only)
  Axes: axes_peakbin_saccCS-sacc-horizontal-20mssw
  Orientation: horizontal
  OUT_ROOT: /project/bdoiron/dracoxu/rct-fsflow/paper_project_final/out
  Covariance windows (SACC-aligned): C=[-0.20, 0.05], S=[-0.20, 0.05]
------------------------------------------------------------
======================================================================
CATEGORY-SACCADE SUBSPACE ALIGNMENT ANALYSIS
======================================================================
[info] Processing 1 session(s)
[info] Mode: axis_cov
[info] out_root: /project/bdoiron/dracoxu/rct-fsflow/paper_project_final/out
[info] n_perms: 1000

[Analysis C] Axis Angle + Covariance-Constrained Null (DAVE'S QUESTION)
             Axes tag: axes_peakbin_saccCS-sacc-horizontal-20mssw
             Uses trained sC and sS_raw axes
             Tests: 'less aligned than geometry-constrained chance'

============================================================
[20231103] Processing...

  [Analysis C] Axis angle + covariance-constrained null...
  [axis-cov] Observed: |cos(θ)|=0.1017, θ=84.2°
  [null] Manifold dim: 47, D_eff=11.3
         Expected |cos(θ)| ≈ 0.298 (angle ≈ 72.7°)
  [null] Running 1000 covariance-constrained null samples...
    [200/1000] null_mean=0.2569
    [400/1000] null_mean=0.2598
    [600/1000] null_mean=0.2654
    [800/1000] null_mean=0.2639
    [1000/1000] null_mean=0.2651
  [result] a_obs=0.1017, null_mean=0.2651±0.1709
           Δ=-0.1634, z=-0.96
           θ_obs=84.2°, θ_null=74.3°
           p(more orthogonal)=0.2088, p(more aligned)=0.7922
  [saved] /project/bdoiron/dracoxu/rct-fsflow/paper_project_final/out/sacc/alignment/case_i_correctonly/axis_cov_20231103.json

======================================================================
[done] Per-session results saved to /project/bdoiron/dracoxu/rct-fsflow/paper_project_final/out/sacc/alignment/case_i_correctonly
======================================================================
[done] Case i → /project/bdoiron/dracoxu/rct-fsflow/paper_project_final/out/sacc/alignment/case_i_correctonly/

------------------------------------------------------------
[Case ii] Sacc-aligned C & S, pooled trials (correct-only)
  Axes: axes_peakbin_saccCS-sacc-pooled-20mssw
  Orientation: pooled
  OUT_ROOT: /project/bdoiron/dracoxu/rct-fsflow/paper_project_final/out
  Covariance windows (SACC-aligned): C=[-0.20, 0.05], S=[-0.20, 0.05]
------------------------------------------------------------
======================================================================
CATEGORY-SACCADE SUBSPACE ALIGNMENT ANALYSIS
======================================================================
[info] Processing 1 session(s)
[info] Mode: axis_cov
[info] out_root: /project/bdoiron/dracoxu/rct-fsflow/paper_project_final/out
[info] n_perms: 1000

[Analysis C] Axis Angle + Covariance-Constrained Null (DAVE'S QUESTION)
             Axes tag: axes_peakbin_saccCS-sacc-pooled-20mssw
             Uses trained sC and sS_raw axes
             Tests: 'less aligned than geometry-constrained chance'

============================================================
[20231103] Processing...

  [Analysis C] Axis angle + covariance-constrained null...
  [axis-cov] Observed: |cos(θ)|=0.0546, θ=86.9°
  [null] Manifold dim: 46, D_eff=7.1
         Expected |cos(θ)| ≈ 0.375 (angle ≈ 68.0°)
  [null] Running 1000 covariance-constrained null samples...
    [200/1000] null_mean=0.3143
    [400/1000] null_mean=0.3053
    [600/1000] null_mean=0.3111
    [800/1000] null_mean=0.3166
    [1000/1000] null_mean=0.3147
  [result] a_obs=0.0546, null_mean=0.3147±0.1994
           Δ=-0.2601, z=-1.30
           θ_obs=86.9°, θ_null=71.2°
           p(more orthogonal)=0.0919, p(more aligned)=0.9091
  [saved] /project/bdoiron/dracoxu/rct-fsflow/paper_project_final/out/sacc/alignment/case_ii_correctonly/axis_cov_20231103.json

======================================================================
[done] Per-session results saved to /project/bdoiron/dracoxu/rct-fsflow/paper_project_final/out/sacc/alignment/case_ii_correctonly
======================================================================
[done] Case ii → /project/bdoiron/dracoxu/rct-fsflow/paper_project_final/out/sacc/alignment/case_ii_correctonly/

------------------------------------------------------------
[Case iii] Stim-C (vertical) vs Sacc-S (horizontal) (correct-only)
  C axes: stim/axes_peakbin_stimC-stim-vertical-20mssw (orientation: vertical)
  S axes: sacc/axes_peakbin_saccCS-sacc-horizontal-20mssw (orientation: horizontal)
  OUT_ROOT: /project/bdoiron/dracoxu/rct-fsflow/paper_project_final/out
  Covariance windows: C(stim)=[0.00, 0.50], S(sacc)=[-0.20, 0.05]
------------------------------------------------------------
======================================================================
CROSS-ALIGNMENT AXIS ANALYSIS
======================================================================
[info] Processing 1 session(s)
[info] C: stim/axes_peakbin_stimC-stim-vertical-20mssw (vertical)
[info] S: sacc/axes_peakbin_saccCS-sacc-horizontal-20mssw (horizontal)
[info] win_C: [0.0, 0.5], win_S: [-0.2, 0.05]
[info] Use rich conditions: False

============================================================
[20231103] Processing cross-alignment...
  [cross] Building geometry from both epochs...
          C epoch: stim, window=(0.0, 0.5), trials=62
          S epoch: sacc, window=(-0.2, 0.05), trials=50
          D_C shape: (72, 100), D_S shape: (72, 100)
  [cross] Observed: |cos(θ)|=0.1678, θ=80.3°
  [null] Manifold dim: 66, D_eff=14.1
         Expected |cos(θ)| ≈ 0.212 (angle ≈ 77.8°)
  [null] Running 1000 covariance-constrained null samples...
    [200/1000] null_mean=0.1829
    [400/1000] null_mean=0.1804
    [600/1000] null_mean=0.1871
    [800/1000] null_mean=0.1849
    [1000/1000] null_mean=0.1837
  [result] a_obs=0.1678, null_mean=0.1837±0.1228
           Δ=-0.0159, z=-0.13
           θ_obs=80.3°, θ_null=79.3°
           p(more orthogonal)=0.4945, p(more aligned)=0.5065
  [saved] /project/bdoiron/dracoxu/rct-fsflow/paper_project_final/out/cross_alignment/case_iii_correctonly/cross_case_iii_correctonly_20231103.json

======================================================================
[done] Results saved to /project/bdoiron/dracoxu/rct-fsflow/paper_project_final/out/cross_alignment/case_iii_correctonly
======================================================================
[done] Case iii → /project/bdoiron/dracoxu/rct-fsflow/paper_project_final/out/cross_alignment/case_iii_correctonly/

------------------------------------------------------------
[Case iv] Stim-C (pooled) vs Sacc-S (pooled) (correct-only)
  C axes: stim/axes_peakbin_stimC-stim-pooled-20mssw (orientation: pooled)
  S axes: sacc/axes_peakbin_saccCS-sacc-pooled-20mssw (orientation: pooled)
  OUT_ROOT: /project/bdoiron/dracoxu/rct-fsflow/paper_project_final/out
  Covariance windows: C(stim)=[0.00, 0.50], S(sacc)=[-0.20, 0.05]
------------------------------------------------------------
======================================================================
CROSS-ALIGNMENT AXIS ANALYSIS
======================================================================
[info] Processing 1 session(s)
[info] C: stim/axes_peakbin_stimC-stim-pooled-20mssw (pooled)
[info] S: sacc/axes_peakbin_saccCS-sacc-pooled-20mssw (pooled)
[info] win_C: [0.0, 0.5], win_S: [-0.2, 0.05]
[info] Use rich conditions: False

============================================================
[20231103] Processing cross-alignment...
  [cross] Building geometry from both epochs...
          C epoch: stim, window=(0.0, 0.5), trials=112
          S epoch: sacc, window=(-0.2, 0.05), trials=112
          D_C shape: (72, 100), D_S shape: (72, 100)
  [cross] Observed: |cos(θ)|=0.0417, θ=87.6°
  [null] Manifold dim: 65, D_eff=10.7
         Expected |cos(θ)| ≈ 0.244 (angle ≈ 75.9°)
  [null] Running 1000 covariance-constrained null samples...
    [200/1000] null_mean=0.2064
    [400/1000] null_mean=0.1998
    [600/1000] null_mean=0.2020
    [800/1000] null_mean=0.2063
    [1000/1000] null_mean=0.2032
  [result] a_obs=0.0417, null_mean=0.2032±0.1357
           Δ=-0.1615, z=-1.19
           θ_obs=87.6°, θ_null=78.1°
           p(more orthogonal)=0.1099, p(more aligned)=0.8911
  [saved] /project/bdoiron/dracoxu/rct-fsflow/paper_project_final/out/cross_alignment/case_iv_correctonly/cross_case_iv_correctonly_20231103.json

======================================================================
[done] Results saved to /project/bdoiron/dracoxu/rct-fsflow/paper_project_final/out/cross_alignment/case_iv_correctonly
======================================================================
[done] Case iv → /project/bdoiron/dracoxu/rct-fsflow/paper_project_final/out/cross_alignment/case_iv_correctonly/

------------------------------------------------------------
[Case v] Stim-C (horizontal) vs Sacc-S (horizontal) (correct-only)
  C axes: stim/axes_peakbin_stimC-stim-horizontal-20mssw (orientation: horizontal)
  S axes: sacc/axes_peakbin_saccCS-sacc-horizontal-20mssw (orientation: horizontal)
  OUT_ROOT: /project/bdoiron/dracoxu/rct-fsflow/paper_project_final/out
  Covariance windows: C(stim)=[0.00, 0.50], S(sacc)=[-0.20, 0.05]
------------------------------------------------------------
======================================================================
CROSS-ALIGNMENT AXIS ANALYSIS
======================================================================
[info] Processing 1 session(s)
[info] C: stim/axes_peakbin_stimC-stim-horizontal-20mssw (horizontal)
[info] S: sacc/axes_peakbin_saccCS-sacc-horizontal-20mssw (horizontal)
[info] win_C: [0.0, 0.5], win_S: [-0.2, 0.05]
[info] Use rich conditions: False

============================================================
[20231103] Processing cross-alignment...
  [cross] Building geometry from both epochs...
          C epoch: stim, window=(0.0, 0.5), trials=50
          S epoch: sacc, window=(-0.2, 0.05), trials=50
          D_C shape: (72, 100), D_S shape: (72, 100)
  [cross] Observed: |cos(θ)|=0.2100, θ=77.9°
  [null] Manifold dim: 67, D_eff=19.7
         Expected |cos(θ)| ≈ 0.180 (angle ≈ 79.7°)
  [null] Running 1000 covariance-constrained null samples...
    [200/1000] null_mean=0.1858
    [400/1000] null_mean=0.1771
    [600/1000] null_mean=0.1810
    [800/1000] null_mean=0.1797
    [1000/1000] null_mean=0.1784
  [result] a_obs=0.2100, null_mean=0.1784±0.1297
           Δ=0.0316, z=0.24
           θ_obs=77.9°, θ_null=79.6°
           p(more orthogonal)=0.6444, p(more aligned)=0.3566
  [saved] /project/bdoiron/dracoxu/rct-fsflow/paper_project_final/out/cross_alignment/case_v_correctonly/cross_case_v_correctonly_20231103.json

======================================================================
[done] Results saved to /project/bdoiron/dracoxu/rct-fsflow/paper_project_final/out/cross_alignment/case_v_correctonly
======================================================================
[done] Case v → /project/bdoiron/dracoxu/rct-fsflow/paper_project_final/out/cross_alignment/case_v_correctonly/

------------------------------------------------------------
[Case vi] Sacc-aligned C & S, vertical trials (correct-only)
  Axes: axes_peakbin_saccCS-sacc-vertical-20mssw
  Orientation: vertical
  OUT_ROOT: /project/bdoiron/dracoxu/rct-fsflow/paper_project_final/out
  Covariance windows (SACC-aligned): C=[-0.20, 0.05], S=[-0.20, 0.05]
------------------------------------------------------------
======================================================================
CATEGORY-SACCADE SUBSPACE ALIGNMENT ANALYSIS
======================================================================
[info] Processing 1 session(s)
[info] Mode: axis_cov
[info] out_root: /project/bdoiron/dracoxu/rct-fsflow/paper_project_final/out
[info] n_perms: 1000

[Analysis C] Axis Angle + Covariance-Constrained Null (DAVE'S QUESTION)
             Axes tag: axes_peakbin_saccCS-sacc-vertical-20mssw
             Uses trained sC and sS_raw axes
             Tests: 'less aligned than geometry-constrained chance'

============================================================
[20231103] Processing...

  [Analysis C] Axis angle + covariance-constrained null...
  [axis-cov] Observed: |cos(θ)|=0.3681, θ=68.4°
  [null] Manifold dim: 41, D_eff=5.6
         Expected |cos(θ)| ≈ 0.422 (angle ≈ 65.0°)
  [null] Running 1000 covariance-constrained null samples...
    [200/1000] null_mean=0.3244
    [400/1000] null_mean=0.3194
    [600/1000] null_mean=0.3126
    [800/1000] null_mean=0.3102
    [1000/1000] null_mean=0.3131
  [result] a_obs=0.3681, null_mean=0.3131±0.1845
           Δ=0.0549, z=0.30
           θ_obs=68.4°, θ_null=71.3°
           p(more orthogonal)=0.5944, p(more aligned)=0.4066
  [saved] /project/bdoiron/dracoxu/rct-fsflow/paper_project_final/out/sacc/alignment/case_vi_correctonly/axis_cov_20231103.json

======================================================================
[done] Per-session results saved to /project/bdoiron/dracoxu/rct-fsflow/paper_project_final/out/sacc/alignment/case_vi_correctonly
======================================================================
[done] Case vi → /project/bdoiron/dracoxu/rct-fsflow/paper_project_final/out/sacc/alignment/case_vi_correctonly/

==============================================================
ALL TRIALS (out_nofilter/)
==============================================================

------------------------------------------------------------
[Case i] Sacc-aligned C & S, horizontal trials (all-trials)
  Axes: axes_peakbin_saccCS-sacc-horizontal-20mssw_nofilter
  Orientation: horizontal
  OUT_ROOT: /project/bdoiron/dracoxu/rct-fsflow/paper_project_final/out_nofilter
  Covariance windows (SACC-aligned): C=[-0.20, 0.05], S=[-0.20, 0.05]
------------------------------------------------------------
======================================================================
CATEGORY-SACCADE SUBSPACE ALIGNMENT ANALYSIS
======================================================================
[info] Processing 1 session(s)
[info] Mode: axis_cov
[info] out_root: /project/bdoiron/dracoxu/rct-fsflow/paper_project_final/out_nofilter
[info] n_perms: 1000

[Analysis C] Axis Angle + Covariance-Constrained Null (DAVE'S QUESTION)
             Axes tag: axes_peakbin_saccCS-sacc-horizontal-20mssw_nofilter
             Uses trained sC and sS_raw axes
             Tests: 'less aligned than geometry-constrained chance'

============================================================
[20231103] Processing...

  [Analysis C] Axis angle + covariance-constrained null...
  [axis-cov] Observed: |cos(θ)|=0.0936, θ=84.6°
  [null] Manifold dim: 48, D_eff=12.3
         Expected |cos(θ)| ≈ 0.285 (angle ≈ 73.4°)
  [null] Running 1000 covariance-constrained null samples...
    [200/1000] null_mean=0.2307
    [400/1000] null_mean=0.2334
    [600/1000] null_mean=0.2281
    [800/1000] null_mean=0.2255
    [1000/1000] null_mean=0.2269
  [result] a_obs=0.0936, null_mean=0.2269±0.1537
           Δ=-0.1334, z=-0.87
           θ_obs=84.6°, θ_null=76.7°
           p(more orthogonal)=0.2458, p(more aligned)=0.7552
  [saved] /project/bdoiron/dracoxu/rct-fsflow/paper_project_final/out_nofilter/sacc/alignment/case_i_alltrials/axis_cov_20231103.json

======================================================================
[done] Per-session results saved to /project/bdoiron/dracoxu/rct-fsflow/paper_project_final/out_nofilter/sacc/alignment/case_i_alltrials
======================================================================
[done] Case i → /project/bdoiron/dracoxu/rct-fsflow/paper_project_final/out_nofilter/sacc/alignment/case_i_alltrials/

------------------------------------------------------------
[Case ii] Sacc-aligned C & S, pooled trials (all-trials)
  Axes: axes_peakbin_saccCS-sacc-pooled-20mssw_nofilter
  Orientation: pooled
  OUT_ROOT: /project/bdoiron/dracoxu/rct-fsflow/paper_project_final/out_nofilter
  Covariance windows (SACC-aligned): C=[-0.20, 0.05], S=[-0.20, 0.05]
------------------------------------------------------------
======================================================================
CATEGORY-SACCADE SUBSPACE ALIGNMENT ANALYSIS
======================================================================
[info] Processing 1 session(s)
[info] Mode: axis_cov
[info] out_root: /project/bdoiron/dracoxu/rct-fsflow/paper_project_final/out_nofilter
[info] n_perms: 1000

[Analysis C] Axis Angle + Covariance-Constrained Null (DAVE'S QUESTION)
             Axes tag: axes_peakbin_saccCS-sacc-pooled-20mssw_nofilter
             Uses trained sC and sS_raw axes
             Tests: 'less aligned than geometry-constrained chance'

============================================================
[20231103] Processing...

  [Analysis C] Axis angle + covariance-constrained null...
  [axis-cov] Observed: |cos(θ)|=0.0204, θ=88.8°
  [null] Manifold dim: 46, D_eff=7.3
         Expected |cos(θ)| ≈ 0.369 (angle ≈ 68.4°)
  [null] Running 1000 covariance-constrained null samples...
    [200/1000] null_mean=0.2401
    [400/1000] null_mean=0.2296
    [600/1000] null_mean=0.2324
    [800/1000] null_mean=0.2364
    [1000/1000] null_mean=0.2315
  [result] a_obs=0.0204, null_mean=0.2315±0.1610
           Δ=-0.2111, z=-1.31
           θ_obs=88.8°, θ_null=76.4°
           p(more orthogonal)=0.0500, p(more aligned)=0.9510
  [**] SIGNIFICANT: C-S alignment is LOWER than geometry-constrained chance!
  [saved] /project/bdoiron/dracoxu/rct-fsflow/paper_project_final/out_nofilter/sacc/alignment/case_ii_alltrials/axis_cov_20231103.json

======================================================================
[done] Per-session results saved to /project/bdoiron/dracoxu/rct-fsflow/paper_project_final/out_nofilter/sacc/alignment/case_ii_alltrials
======================================================================
[done] Case ii → /project/bdoiron/dracoxu/rct-fsflow/paper_project_final/out_nofilter/sacc/alignment/case_ii_alltrials/

------------------------------------------------------------
[Case iii] Stim-C (vertical) vs Sacc-S (horizontal) (all-trials)
  C axes: stim/axes_peakbin_stimC-stim-vertical-20mssw_nofilter (orientation: vertical)
  S axes: sacc/axes_peakbin_saccCS-sacc-horizontal-20mssw_nofilter (orientation: horizontal)
  OUT_ROOT: /project/bdoiron/dracoxu/rct-fsflow/paper_project_final/out_nofilter
  Covariance windows: C(stim)=[0.00, 0.50], S(sacc)=[-0.20, 0.05]
------------------------------------------------------------
======================================================================
CROSS-ALIGNMENT AXIS ANALYSIS
======================================================================
[info] Processing 1 session(s)
[info] C: stim/axes_peakbin_stimC-stim-vertical-20mssw_nofilter (vertical)
[info] S: sacc/axes_peakbin_saccCS-sacc-horizontal-20mssw_nofilter (horizontal)
[info] win_C: [0.0, 0.5], win_S: [-0.2, 0.05]
[info] Use rich conditions: False

============================================================
[20231103] Processing cross-alignment...
  [cross] Building geometry from both epochs...
          C epoch: stim, window=(0.0, 0.5), trials=89
          S epoch: sacc, window=(-0.2, 0.05), trials=64
          D_C shape: (72, 100), D_S shape: (72, 100)
  [cross] Observed: |cos(θ)|=0.0306, θ=88.2°
  [null] Manifold dim: 65, D_eff=11.4
         Expected |cos(θ)| ≈ 0.236 (angle ≈ 76.4°)
  [null] Running 1000 covariance-constrained null samples...
    [200/1000] null_mean=0.1153
    [400/1000] null_mean=0.1237
    [600/1000] null_mean=0.1245
    [800/1000] null_mean=0.1238
    [1000/1000] null_mean=0.1244
  [result] a_obs=0.0306, null_mean=0.1244±0.0936
           Δ=-0.0938, z=-1.00
           θ_obs=88.2°, θ_null=82.8°
           p(more orthogonal)=0.1648, p(more aligned)=0.8362
  [saved] /project/bdoiron/dracoxu/rct-fsflow/paper_project_final/out_nofilter/cross_alignment/case_iii_alltrials/cross_case_iii_alltrials_20231103.json

======================================================================
[done] Results saved to /project/bdoiron/dracoxu/rct-fsflow/paper_project_final/out_nofilter/cross_alignment/case_iii_alltrials
======================================================================
[done] Case iii → /project/bdoiron/dracoxu/rct-fsflow/paper_project_final/out_nofilter/cross_alignment/case_iii_alltrials/

------------------------------------------------------------
[Case iv] Stim-C (pooled) vs Sacc-S (pooled) (all-trials)
  C axes: stim/axes_peakbin_stimC-stim-pooled-20mssw_nofilter (orientation: pooled)
  S axes: sacc/axes_peakbin_saccCS-sacc-pooled-20mssw_nofilter (orientation: pooled)
  OUT_ROOT: /project/bdoiron/dracoxu/rct-fsflow/paper_project_final/out_nofilter
  Covariance windows: C(stim)=[0.00, 0.50], S(sacc)=[-0.20, 0.05]
------------------------------------------------------------
======================================================================
CROSS-ALIGNMENT AXIS ANALYSIS
======================================================================
[info] Processing 1 session(s)
[info] C: stim/axes_peakbin_stimC-stim-pooled-20mssw_nofilter (pooled)
[info] S: sacc/axes_peakbin_saccCS-sacc-pooled-20mssw_nofilter (pooled)
[info] win_C: [0.0, 0.5], win_S: [-0.2, 0.05]
[info] Use rich conditions: False

============================================================
[20231103] Processing cross-alignment...
  [cross] Building geometry from both epochs...
          C epoch: stim, window=(0.0, 0.5), trials=153
          S epoch: sacc, window=(-0.2, 0.05), trials=153
          D_C shape: (72, 100), D_S shape: (72, 100)
  [cross] Observed: |cos(θ)|=0.0717, θ=85.9°
  [null] Manifold dim: 65, D_eff=8.0
         Expected |cos(θ)| ≈ 0.283 (angle ≈ 73.6°)
  [null] Running 1000 covariance-constrained null samples...
    [200/1000] null_mean=0.1414
    [400/1000] null_mean=0.1446
    [600/1000] null_mean=0.1436
    [800/1000] null_mean=0.1401
    [1000/1000] null_mean=0.1391
  [result] a_obs=0.0717, null_mean=0.1391±0.0993
           Δ=-0.0674, z=-0.68
           θ_obs=85.9°, θ_null=82.0°
           p(more orthogonal)=0.3097, p(more aligned)=0.6913
  [saved] /project/bdoiron/dracoxu/rct-fsflow/paper_project_final/out_nofilter/cross_alignment/case_iv_alltrials/cross_case_iv_alltrials_20231103.json

======================================================================
[done] Results saved to /project/bdoiron/dracoxu/rct-fsflow/paper_project_final/out_nofilter/cross_alignment/case_iv_alltrials
======================================================================
[done] Case iv → /project/bdoiron/dracoxu/rct-fsflow/paper_project_final/out_nofilter/cross_alignment/case_iv_alltrials/

------------------------------------------------------------
[Case v] Stim-C (horizontal) vs Sacc-S (horizontal) (all-trials)
  C axes: stim/axes_peakbin_stimC-stim-horizontal-20mssw_nofilter (orientation: horizontal)
  S axes: sacc/axes_peakbin_saccCS-sacc-horizontal-20mssw_nofilter (orientation: horizontal)
  OUT_ROOT: /project/bdoiron/dracoxu/rct-fsflow/paper_project_final/out_nofilter
  Covariance windows: C(stim)=[0.00, 0.50], S(sacc)=[-0.20, 0.05]
------------------------------------------------------------
======================================================================
CROSS-ALIGNMENT AXIS ANALYSIS
======================================================================
[info] Processing 1 session(s)
[info] C: stim/axes_peakbin_stimC-stim-horizontal-20mssw_nofilter (horizontal)
[info] S: sacc/axes_peakbin_saccCS-sacc-horizontal-20mssw_nofilter (horizontal)
[info] win_C: [0.0, 0.5], win_S: [-0.2, 0.05]
[info] Use rich conditions: False

============================================================
[20231103] Processing cross-alignment...
  [cross] Building geometry from both epochs...
          C epoch: stim, window=(0.0, 0.5), trials=64
          S epoch: sacc, window=(-0.2, 0.05), trials=64
          D_C shape: (72, 100), D_S shape: (72, 100)
  [cross] Observed: |cos(θ)|=0.2168, θ=77.5°
  [null] Manifold dim: 67, D_eff=16.3
         Expected |cos(θ)| ≈ 0.197 (angle ≈ 78.6°)
  [null] Running 1000 covariance-constrained null samples...
    [200/1000] null_mean=0.1641
    [400/1000] null_mean=0.1632
    [600/1000] null_mean=0.1678
    [800/1000] null_mean=0.1672
    [1000/1000] null_mean=0.1653
  [result] a_obs=0.2168, null_mean=0.1653±0.1206
           Δ=0.0516, z=0.43
           θ_obs=77.5°, θ_null=80.4°
           p(more orthogonal)=0.7003, p(more aligned)=0.3007
  [saved] /project/bdoiron/dracoxu/rct-fsflow/paper_project_final/out_nofilter/cross_alignment/case_v_alltrials/cross_case_v_alltrials_20231103.json

======================================================================
[done] Results saved to /project/bdoiron/dracoxu/rct-fsflow/paper_project_final/out_nofilter/cross_alignment/case_v_alltrials
======================================================================
[done] Case v → /project/bdoiron/dracoxu/rct-fsflow/paper_project_final/out_nofilter/cross_alignment/case_v_alltrials/

------------------------------------------------------------
[Case vi] Sacc-aligned C & S, vertical trials (all-trials)
  Axes: axes_peakbin_saccCS-sacc-vertical-20mssw_nofilter
  Orientation: vertical
  OUT_ROOT: /project/bdoiron/dracoxu/rct-fsflow/paper_project_final/out_nofilter
  Covariance windows (SACC-aligned): C=[-0.20, 0.05], S=[-0.20, 0.05]
------------------------------------------------------------
======================================================================
CATEGORY-SACCADE SUBSPACE ALIGNMENT ANALYSIS
======================================================================
[info] Processing 1 session(s)
[info] Mode: axis_cov
[info] out_root: /project/bdoiron/dracoxu/rct-fsflow/paper_project_final/out_nofilter
[info] n_perms: 1000

[Analysis C] Axis Angle + Covariance-Constrained Null (DAVE'S QUESTION)
             Axes tag: axes_peakbin_saccCS-sacc-vertical-20mssw_nofilter
             Uses trained sC and sS_raw axes
             Tests: 'less aligned than geometry-constrained chance'

============================================================
[20231103] Processing...

  [Analysis C] Axis angle + covariance-constrained null...
  [axis-cov] Observed: |cos(θ)|=0.1905, θ=79.0°
  [null] Manifold dim: 45, D_eff=7.8
         Expected |cos(θ)| ≈ 0.357 (angle ≈ 69.1°)
  [null] Running 1000 covariance-constrained null samples...
    [200/1000] null_mean=0.2446
    [400/1000] null_mean=0.2425
    [600/1000] null_mean=0.2395
    [800/1000] null_mean=0.2406
    [1000/1000] null_mean=0.2402
  [result] a_obs=0.1905, null_mean=0.2402±0.1579
           Δ=-0.0498, z=-0.32
           θ_obs=79.0°, θ_null=75.9°
           p(more orthogonal)=0.4326, p(more aligned)=0.5684
  [saved] /project/bdoiron/dracoxu/rct-fsflow/paper_project_final/out_nofilter/sacc/alignment/case_vi_alltrials/axis_cov_20231103.json

======================================================================
[done] Per-session results saved to /project/bdoiron/dracoxu/rct-fsflow/paper_project_final/out_nofilter/sacc/alignment/case_vi_alltrials
======================================================================
[done] Case vi → /project/bdoiron/dracoxu/rct-fsflow/paper_project_final/out_nofilter/sacc/alignment/case_vi_alltrials/

==============================================================
[done] All cases complete for SID=20231103
==============================================================
