==============================================================
AXIS ALIGNMENT ANALYSIS - Session 20200402 (task 4)
Filter mode: both
==============================================================

------------------------------------------------------------
[info] Running alignment analysis for 20200402 (CORRECT-ONLY trials)
       Mode: all (AI + axis_shuffle + axis_cov)
       OUT_ROOT: /project/bdoiron/dracoxu/rct-fsflow/paper_project_final/out
       AXES_TAG: axes_peakbin_saccCS-sacc-horizontal-20mssw
       n_perms: 1000
------------------------------------------------------------
======================================================================
CATEGORY-SACCADE SUBSPACE ALIGNMENT ANALYSIS
======================================================================
[info] Processing 1 session(s)
[info] Mode: all
[info] out_root: /project/bdoiron/dracoxu/rct-fsflow/paper_project_final/out
[info] n_perms: 1000

[Analysis A] Alignment Index + Covariance-Matched Null (PCA subspaces)
             Category window: [-0.3, -0.1]
             Saccade window: [-0.1, -0.03]
             Subspace dim k: 6
             Tests: 'less aligned than chance' (orthogonality)

[Analysis B] Axis Angle + Label-Shuffle Null
             Axes tag: axes_peakbin_saccCS-sacc-horizontal-20mssw
             Tests: 'more aligned than shuffle chance' (label-specific)

[Analysis C] Axis Angle + Covariance-Constrained Null (DAVE'S QUESTION)
             Axes tag: axes_peakbin_saccCS-sacc-horizontal-20mssw
             Uses trained sC and sS_raw axes
             Tests: 'less aligned than geometry-constrained chance'

============================================================
[20200402] Processing...

  [Analysis A] Alignment Index (PCA subspaces)...
  [AI] Building condition-averaged matrices...
       Category window: (-0.3, -0.1)
       Saccade window: (-0.1, -0.03)
       D_C shape: (80, 38), D_S shape: (80, 16)
       Category subspace: (80, 6), var_explained=0.688
       Saccade subspace: (80, 6), var_explained=0.939
  [AI] Observed AI = 0.2546
       Principal angles (deg): [36.74797431 57.79561647 67.85729208 73.9681673  75.69814339 85.68104051]
       Mean angle: 66.3°, Overlap: 0.2018
  [null] Manifold dim: 34 (from 54 total)
         Expected random overlap (isotropic): ~0.176
  [null] Running 1000 covariance-matched null samples...
    [200/1000] null_AI_mean=0.5955
    [400/1000] null_AI_mean=0.5953
    [600/1000] null_AI_mean=0.5940
    [800/1000] null_AI_mean=0.5930
    [1000/1000] null_AI_mean=0.5950
  [result] AI_obs=0.2546, null_mean=0.5950±0.0642
           Δ_AI=-0.3404
           p(less aligned)=0.0010, p(more aligned)=1.0000
  [saved] /project/bdoiron/dracoxu/rct-fsflow/paper_project_final/out/sacc/alignment/correctonly/AI_20200402.json

  [Analysis B] Axis angle + shuffle...
  [axis] Observed: |cos(θ)|=0.1534, θ=81.2°
  [null] Running 1000 label-shuffle permutations...
    [100/1000] null_mean=0.0793
    [200/1000] null_mean=0.0844
    [300/1000] null_mean=0.0840
    [400/1000] null_mean=0.0819
    [500/1000] null_mean=0.0815
    [600/1000] null_mean=0.0801
    [700/1000] null_mean=0.0790
    [800/1000] null_mean=0.0775
    [900/1000] null_mean=0.0785
    [1000/1000] null_mean=0.0780
  [result] Δ=0.0754, p(more aligned)=0.1269
           Note: shuffle null tests 'more aligned than chance'
  [saved] /project/bdoiron/dracoxu/rct-fsflow/paper_project_final/out/sacc/alignment/correctonly/axis_shuffle_20200402.json

  [Analysis C] Axis angle + covariance-constrained null...
  [axis-cov] Observed: |cos(θ)|=0.1534, θ=81.2°
  [null] Manifold dim: 34, D_eff=4.6
         Expected |cos(θ)| ≈ 0.467 (angle ≈ 62.1°)
  [null] Running 1000 covariance-constrained null samples...
    [200/1000] null_mean=0.1637
    [400/1000] null_mean=0.1723
    [600/1000] null_mean=0.1772
    [800/1000] null_mean=0.1767
    [1000/1000] null_mean=0.1761
  [result] a_obs=0.1534, null_mean=0.1761±0.1227
           Δ=-0.0227, z=-0.19
           θ_obs=81.2°, θ_null=79.8°
           p(more orthogonal)=0.4895, p(more aligned)=0.5115
  [saved] /project/bdoiron/dracoxu/rct-fsflow/paper_project_final/out/sacc/alignment/correctonly/axis_cov_20200402.json

======================================================================
[done] Per-session results saved to /project/bdoiron/dracoxu/rct-fsflow/paper_project_final/out/sacc/alignment/correctonly
======================================================================
[done] CORRECT-ONLY trials complete → /project/bdoiron/dracoxu/rct-fsflow/paper_project_final/out/sacc/alignment/correctonly/

------------------------------------------------------------
[info] Running alignment analysis for 20200402 (ALL trials (nofilter))
       Mode: all (AI + axis_shuffle + axis_cov)
       OUT_ROOT: /project/bdoiron/dracoxu/rct-fsflow/paper_project_final/out_nofilter
       AXES_TAG: axes_peakbin_saccCS-sacc-horizontal-20mssw_nofilter
       n_perms: 1000
------------------------------------------------------------
======================================================================
CATEGORY-SACCADE SUBSPACE ALIGNMENT ANALYSIS
======================================================================
[info] Processing 1 session(s)
[info] Mode: all
[info] out_root: /project/bdoiron/dracoxu/rct-fsflow/paper_project_final/out_nofilter
[info] n_perms: 1000

[Analysis A] Alignment Index + Covariance-Matched Null (PCA subspaces)
             Category window: [-0.3, -0.1]
             Saccade window: [-0.1, -0.03]
             Subspace dim k: 6
             Tests: 'less aligned than chance' (orthogonality)

[Analysis B] Axis Angle + Label-Shuffle Null
             Axes tag: axes_peakbin_saccCS-sacc-horizontal-20mssw_nofilter
             Tests: 'more aligned than shuffle chance' (label-specific)

[Analysis C] Axis Angle + Covariance-Constrained Null (DAVE'S QUESTION)
             Axes tag: axes_peakbin_saccCS-sacc-horizontal-20mssw_nofilter
             Uses trained sC and sS_raw axes
             Tests: 'less aligned than geometry-constrained chance'

============================================================
[20200402] Processing...

  [Analysis A] Alignment Index (PCA subspaces)...
  [AI] Building condition-averaged matrices...
       Category window: (-0.3, -0.1)
       Saccade window: (-0.1, -0.03)
       D_C shape: (80, 38), D_S shape: (80, 16)
       Category subspace: (80, 6), var_explained=0.682
       Saccade subspace: (80, 6), var_explained=0.944
  [AI] Observed AI = 0.2630
       Principal angles (deg): [37.01017862 56.27886838 66.77034822 76.04500807 78.22046101 88.60896293]
       Mean angle: 67.2°, Overlap: 0.2003
  [null] Manifold dim: 34 (from 54 total)
         Expected random overlap (isotropic): ~0.176
  [null] Running 1000 covariance-matched null samples...
    [200/1000] null_AI_mean=0.5952
    [400/1000] null_AI_mean=0.5943
    [600/1000] null_AI_mean=0.5932
    [800/1000] null_AI_mean=0.5923
    [1000/1000] null_AI_mean=0.5948
  [result] AI_obs=0.2630, null_mean=0.5948±0.0622
           Δ_AI=-0.3318
           p(less aligned)=0.0010, p(more aligned)=1.0000
  [saved] /project/bdoiron/dracoxu/rct-fsflow/paper_project_final/out_nofilter/sacc/alignment/nofilter/AI_20200402.json

  [Analysis B] Axis angle + shuffle...
  [axis] Observed: |cos(θ)|=0.1250, θ=82.8°
  [null] Running 1000 label-shuffle permutations...
    [100/1000] null_mean=0.0722
    [200/1000] null_mean=0.0748
    [300/1000] null_mean=0.0772
    [400/1000] null_mean=0.0784
    [500/1000] null_mean=0.0777
    [600/1000] null_mean=0.0776
    [700/1000] null_mean=0.0780
    [800/1000] null_mean=0.0775
    [900/1000] null_mean=0.0784
    [1000/1000] null_mean=0.0784
  [result] Δ=0.0466, p(more aligned)=0.1938
           Note: shuffle null tests 'more aligned than chance'
  [saved] /project/bdoiron/dracoxu/rct-fsflow/paper_project_final/out_nofilter/sacc/alignment/nofilter/axis_shuffle_20200402.json

  [Analysis C] Axis angle + covariance-constrained null...
  [axis-cov] Observed: |cos(θ)|=0.1250, θ=82.8°
  [null] Manifold dim: 34, D_eff=4.5
         Expected |cos(θ)| ≈ 0.472 (angle ≈ 61.8°)
  [null] Running 1000 covariance-constrained null samples...
    [200/1000] null_mean=0.1604
    [400/1000] null_mean=0.1698
    [600/1000] null_mean=0.1752
    [800/1000] null_mean=0.1743
    [1000/1000] null_mean=0.1743
  [result] a_obs=0.1250, null_mean=0.1743±0.1250
           Δ=-0.0493, z=-0.39
           θ_obs=82.8°, θ_null=79.9°
           p(more orthogonal)=0.4206, p(more aligned)=0.5804
  [saved] /project/bdoiron/dracoxu/rct-fsflow/paper_project_final/out_nofilter/sacc/alignment/nofilter/axis_cov_20200402.json

======================================================================
[done] Per-session results saved to /project/bdoiron/dracoxu/rct-fsflow/paper_project_final/out_nofilter/sacc/alignment/nofilter
======================================================================
[done] ALL trials (nofilter) complete → /project/bdoiron/dracoxu/rct-fsflow/paper_project_final/out_nofilter/sacc/alignment/nofilter/

==============================================================
[done] Alignment analysis complete for SID=20200402
==============================================================
