==============================================================
AXIS ALIGNMENT ANALYSIS - Session 20230627 (task 13)
==============================================================

[info] Running alignment analysis for 20230627
       Mode: both (AI + axis_shuffle)
       n_perms: 1000

======================================================================
CATEGORY-SACCADE SUBSPACE ALIGNMENT ANALYSIS
======================================================================
[info] Processing 1 session(s)
[info] Mode: both
[info] out_root: /project/bdoiron/dracoxu/rct-fsflow/paper_project_final/out
[info] n_perms: 1000

[Analysis A] Alignment Index + Covariance-Matched Null
             Category window: [-0.3, -0.1]
             Saccade window: [-0.1, -0.03]
             Subspace dim k: 6
             Tests: 'less aligned than chance' (orthogonality)

[Analysis B] Axis Angle + Label-Shuffle Null
             Axes tag: axes_peakbin_saccCS-sacc-horizontal-20mssw
             Tests: 'more aligned than chance' (label-specific)

============================================================
[20230627] Processing...

  [Analysis A] Alignment Index...
  [AI] Building condition-averaged matrices...
       Category window: (-0.3, -0.1)
       Saccade window: (-0.1, -0.03)
       D_C shape: (68, 38), D_S shape: (68, 16)
       Category subspace: (68, 6), var_explained=0.853
       Saccade subspace: (68, 6), var_explained=0.936
  [AI] Observed AI = 0.2800
       Principal angles (deg): [45.54590497 60.06210836 66.36680391 76.88357504 80.76263024 89.72958833]
       Mean angle: 69.9°, Overlap: 0.1629
  [null] Manifold dim: 27 (from 54 total)
         Expected random overlap (isotropic): ~0.222
  [null] Running 1000 covariance-matched null samples...
    [200/1000] null_AI_mean=0.6154
    [400/1000] null_AI_mean=0.6194
    [600/1000] null_AI_mean=0.6187
    [800/1000] null_AI_mean=0.6231
    [1000/1000] null_AI_mean=0.6215
  [result] AI_obs=0.2800, null_mean=0.6215±0.1043
           Δ_AI=-0.3416
           p(less aligned)=0.0050, p(more aligned)=0.9960
  [saved] /project/bdoiron/dracoxu/rct-fsflow/paper_project_final/out/sacc/alignment/correctonly/AI_20230627.json

  [Analysis B] Axis angle + shuffle...
  [axis] Observed: |cos(θ)|=0.0110, θ=89.4°
  [null] Running 1000 label-shuffle permutations...
    [100/1000] null_mean=0.1054
    [200/1000] null_mean=0.0977
    [300/1000] null_mean=0.0989
    [400/1000] null_mean=0.0960
    [500/1000] null_mean=0.0925
    [600/1000] null_mean=0.0923
    [700/1000] null_mean=0.0925
    [800/1000] null_mean=0.0919
    [900/1000] null_mean=0.0927
    [1000/1000] null_mean=0.0937
  [result] Δ=-0.0827, p(more aligned)=0.9271
           Note: shuffle null tests 'more aligned than chance'
  [saved] /project/bdoiron/dracoxu/rct-fsflow/paper_project_final/out/sacc/alignment/correctonly/axis_shuffle_20230627.json

======================================================================
[done] Per-session results saved to /project/bdoiron/dracoxu/rct-fsflow/paper_project_final/out/sacc/alignment/correctonly
======================================================================

[done] Alignment analysis complete for SID=20230627
       Results: /project/bdoiron/dracoxu/rct-fsflow/paper_project_final/out/sacc/alignment/correctonly/
