==============================================================
AXIS ALIGNMENT ANALYSIS - ALL FOUR CASES
Session: 20200401 (task 3)
Filter mode: both
==============================================================

==============================================================
CORRECT-ONLY TRIALS (out/)
==============================================================

------------------------------------------------------------
[Case i] Sacc-aligned C & S, horizontal trials (correct-only)
  Axes: axes_peakbin_saccCS-sacc-horizontal-20mssw
  Orientation: horizontal
  OUT_ROOT: /project/bdoiron/dracoxu/rct-fsflow/paper_project_final/out
------------------------------------------------------------
======================================================================
CATEGORY-SACCADE SUBSPACE ALIGNMENT ANALYSIS
======================================================================
[info] Processing 1 session(s)
[info] Mode: axis_cov
[info] out_root: /project/bdoiron/dracoxu/rct-fsflow/paper_project_final/out
[info] n_perms: 1000

[Analysis C] Axis Angle + Covariance-Constrained Null (DAVE'S QUESTION)
             Axes tag: axes_peakbin_saccCS-sacc-horizontal-20mssw
             Uses trained sC and sS_raw axes
             Tests: 'less aligned than geometry-constrained chance'

============================================================
[20200401] Processing...

  [Analysis C] Axis angle + covariance-constrained null...
  [axis-cov] Observed: |cos(θ)|=0.1823, θ=79.5°
  [null] Manifold dim: 59, D_eff=10.9
         Expected |cos(θ)| ≈ 0.302 (angle ≈ 72.4°)
  [null] Running 1000 covariance-constrained null samples...
    [200/1000] null_mean=0.1959
    [400/1000] null_mean=0.1915
    [600/1000] null_mean=0.1900
    [800/1000] null_mean=0.1914
    [1000/1000] null_mean=0.1902
  [result] a_obs=0.1823, null_mean=0.1902±0.1323
           Δ=-0.0080, z=-0.06
           θ_obs=79.5°, θ_null=78.9°
           p(more orthogonal)=0.5255, p(more aligned)=0.4755
  [saved] /project/bdoiron/dracoxu/rct-fsflow/paper_project_final/out/sacc/alignment/case_i_correctonly/axis_cov_20200401.json

======================================================================
[done] Per-session results saved to /project/bdoiron/dracoxu/rct-fsflow/paper_project_final/out/sacc/alignment/case_i_correctonly
======================================================================
[done] Case i → /project/bdoiron/dracoxu/rct-fsflow/paper_project_final/out/sacc/alignment/case_i_correctonly/

------------------------------------------------------------
[Case ii] Sacc-aligned C & S, pooled trials (correct-only)
  Axes: axes_peakbin_saccCS-sacc-pooled-20mssw
  Orientation: pooled
  OUT_ROOT: /project/bdoiron/dracoxu/rct-fsflow/paper_project_final/out
------------------------------------------------------------
======================================================================
CATEGORY-SACCADE SUBSPACE ALIGNMENT ANALYSIS
======================================================================
[info] Processing 1 session(s)
[info] Mode: axis_cov
[info] out_root: /project/bdoiron/dracoxu/rct-fsflow/paper_project_final/out
[info] n_perms: 1000

[Analysis C] Axis Angle + Covariance-Constrained Null (DAVE'S QUESTION)
             Axes tag: axes_peakbin_saccCS-sacc-pooled-20mssw
             Uses trained sC and sS_raw axes
             Tests: 'less aligned than geometry-constrained chance'

============================================================
[20200401] Processing...

  [Analysis C] Axis angle + covariance-constrained null...
  [axis-cov] Observed: |cos(θ)|=0.1908, θ=79.0°
  [null] Manifold dim: 66, D_eff=11.4
         Expected |cos(θ)| ≈ 0.297 (angle ≈ 72.7°)
  [null] Running 1000 covariance-constrained null samples...
    [200/1000] null_mean=0.1524
    [400/1000] null_mean=0.1575
    [600/1000] null_mean=0.1617
    [800/1000] null_mean=0.1620
    [1000/1000] null_mean=0.1632
  [result] a_obs=0.1908, null_mean=0.1632±0.1162
           Δ=0.0276, z=0.24
           θ_obs=79.0°, θ_null=80.5°
           p(more orthogonal)=0.6523, p(more aligned)=0.3487
  [saved] /project/bdoiron/dracoxu/rct-fsflow/paper_project_final/out/sacc/alignment/case_ii_correctonly/axis_cov_20200401.json

======================================================================
[done] Per-session results saved to /project/bdoiron/dracoxu/rct-fsflow/paper_project_final/out/sacc/alignment/case_ii_correctonly
======================================================================
[done] Case ii → /project/bdoiron/dracoxu/rct-fsflow/paper_project_final/out/sacc/alignment/case_ii_correctonly/
[WARN] Axes not found for Case iii → skipping
       Missing: /project/bdoiron/dracoxu/rct-fsflow/paper_project_final/out/stim/20200401/axes/axes_peakbin_C-stim-vertical-20mssw
