==============================================================
AXIS ALIGNMENT ANALYSIS (NOFILTER) - Session 20231109 (task 19)
==============================================================

[info] Running alignment analysis for 20231109 (NOFILTER)
       Mode: both (AI + axis_shuffle)
       n_perms: 1000

======================================================================
CATEGORY-SACCADE SUBSPACE ALIGNMENT ANALYSIS
======================================================================
[info] Processing 1 session(s)
[info] Mode: both
[info] out_root: /project/bdoiron/dracoxu/rct-fsflow/paper_project_final/out_nofilter
[info] n_perms: 1000

[Analysis A] Alignment Index + Covariance-Matched Null
             Category window: [-0.3, -0.1]
             Saccade window: [-0.1, -0.03]
             Subspace dim k: 6
             Tests: 'less aligned than chance' (orthogonality)

[Analysis B] Axis Angle + Label-Shuffle Null
             Axes tag: axes_peakbin_saccCS-sacc-horizontal-20mssw_nofilter
             Tests: 'more aligned than chance' (label-specific)

============================================================
[20231109] Processing...

  [Analysis A] Alignment Index...
  [AI] Building condition-averaged matrices...
       Category window: (-0.3, -0.1)
       Saccade window: (-0.1, -0.03)
       D_C shape: (77, 38), D_S shape: (77, 16)
       Category subspace: (77, 6), var_explained=0.615
       Saccade subspace: (77, 6), var_explained=0.829
  [AI] Observed AI = 0.2367
       Principal angles (deg): [53.21231707 63.072022   73.42953034 79.93261961 85.0864556  88.03270359]
       Mean angle: 73.8°, Overlap: 0.1140
  [null] Manifold dim: 37 (from 54 total)
         Expected random overlap (isotropic): ~0.162
  [null] Running 1000 covariance-matched null samples...
    [200/1000] null_AI_mean=0.4130
    [400/1000] null_AI_mean=0.4119
    [600/1000] null_AI_mean=0.4126
    [800/1000] null_AI_mean=0.4111
    [1000/1000] null_AI_mean=0.4107
  [result] AI_obs=0.2367, null_mean=0.4107±0.0651
           Δ_AI=-0.1740
           p(less aligned)=0.0030, p(more aligned)=0.9980
  [saved] /project/bdoiron/dracoxu/rct-fsflow/paper_project_final/out_nofilter/sacc/alignment/nofilter/AI_20231109.json

  [Analysis B] Axis angle + shuffle...
  [axis] Observed: |cos(θ)|=0.0192, θ=88.9°
  [null] Running 1000 label-shuffle permutations...
    [100/1000] null_mean=0.1007
    [200/1000] null_mean=0.1047
    [300/1000] null_mean=0.1080
    [400/1000] null_mean=0.1087
    [500/1000] null_mean=0.1061
    [600/1000] null_mean=0.1055
    [700/1000] null_mean=0.1037
    [800/1000] null_mean=0.1024
    [900/1000] null_mean=0.1021
    [1000/1000] null_mean=0.1029
  [result] Δ=-0.0837, p(more aligned)=0.8751
           Note: shuffle null tests 'more aligned than chance'
  [saved] /project/bdoiron/dracoxu/rct-fsflow/paper_project_final/out_nofilter/sacc/alignment/nofilter/axis_shuffle_20231109.json

======================================================================
[done] Per-session results saved to /project/bdoiron/dracoxu/rct-fsflow/paper_project_final/out_nofilter/sacc/alignment/nofilter
======================================================================

[done] Alignment analysis complete for SID=20231109 (NOFILTER)
       Results: /project/bdoiron/dracoxu/rct-fsflow/paper_project_final/out_nofilter/sacc/alignment/nofilter/
