==============================================================
AXIS ALIGNMENT ANALYSIS - Session 20231025 (task 17)
Filter mode: both
==============================================================

------------------------------------------------------------
[info] Running alignment analysis for 20231025 (CORRECT-ONLY trials)
       Mode: all (AI + axis_shuffle + axis_cov)
       OUT_ROOT: /project/bdoiron/dracoxu/rct-fsflow/paper_project_final/out
       AXES_TAG: axes_peakbin_saccCS-sacc-horizontal-20mssw
       n_perms: 1000
------------------------------------------------------------
======================================================================
CATEGORY-SACCADE SUBSPACE ALIGNMENT ANALYSIS
======================================================================
[info] Processing 1 session(s)
[info] Mode: all
[info] out_root: /project/bdoiron/dracoxu/rct-fsflow/paper_project_final/out
[info] n_perms: 1000

[Analysis A] Alignment Index + Covariance-Matched Null (PCA subspaces)
             Category window: [-0.3, -0.1]
             Saccade window: [-0.1, -0.03]
             Subspace dim k: 6
             Tests: 'less aligned than chance' (orthogonality)

[Analysis B] Axis Angle + Label-Shuffle Null
             Axes tag: axes_peakbin_saccCS-sacc-horizontal-20mssw
             Tests: 'more aligned than shuffle chance' (label-specific)

[Analysis C] Axis Angle + Covariance-Constrained Null (DAVE'S QUESTION)
             Axes tag: axes_peakbin_saccCS-sacc-horizontal-20mssw
             Uses trained sC and sS_raw axes
             Tests: 'less aligned than geometry-constrained chance'

============================================================
[20231025] Processing...

  [Analysis A] Alignment Index (PCA subspaces)...
  [AI] Building condition-averaged matrices...
       Category window: (-0.3, -0.1)
       Saccade window: (-0.1, -0.03)
       D_C shape: (48, 38), D_S shape: (48, 16)
       Category subspace: (48, 6), var_explained=0.545
       Saccade subspace: (48, 6), var_explained=0.775
  [AI] Observed AI = 0.2682
       Principal angles (deg): [53.12886132 59.92777524 68.21775706 76.3549012  81.02616361 87.7924493 ]
       Mean angle: 71.1°, Overlap: 0.1384
  [null] Manifold dim: 33 (from 48 total)
         Expected random overlap (isotropic): ~0.182
  [null] Running 1000 covariance-matched null samples...
    [200/1000] null_AI_mean=0.5726
    [400/1000] null_AI_mean=0.5745
    [600/1000] null_AI_mean=0.5766
    [800/1000] null_AI_mean=0.5772
    [1000/1000] null_AI_mean=0.5771
  [result] AI_obs=0.2682, null_mean=0.5771±0.0484
           Δ_AI=-0.3089
           p(less aligned)=0.0010, p(more aligned)=1.0000
  [saved] /project/bdoiron/dracoxu/rct-fsflow/paper_project_final/out/sacc/alignment/correctonly/AI_20231025.json

  [Analysis B] Axis angle + shuffle...
  [axis] Observed: |cos(θ)|=0.0503, θ=87.1°
  [null] Running 1000 label-shuffle permutations...
    [100/1000] null_mean=0.0904
    [200/1000] null_mean=0.0976
    [300/1000] null_mean=0.0980
    [400/1000] null_mean=0.1009
    [500/1000] null_mean=0.1001
    [600/1000] null_mean=0.0999
    [700/1000] null_mean=0.1001
    [800/1000] null_mean=0.0990
    [900/1000] null_mean=0.0972
    [1000/1000] null_mean=0.0960
  [result] Δ=-0.0457, p(more aligned)=0.6753
           Note: shuffle null tests 'more aligned than chance'
  [saved] /project/bdoiron/dracoxu/rct-fsflow/paper_project_final/out/sacc/alignment/correctonly/axis_shuffle_20231025.json

  [Analysis C] Axis angle + covariance-constrained null...
  [axis-cov] Observed: |cos(θ)|=0.0503, θ=87.1°
  [null] Manifold dim: 33, D_eff=9.2
         Expected |cos(θ)| ≈ 0.331 (angle ≈ 70.7°)
  [null] Running 1000 covariance-constrained null samples...
    [200/1000] null_mean=0.1909
    [400/1000] null_mean=0.1824
    [600/1000] null_mean=0.1784
    [800/1000] null_mean=0.1847
    [1000/1000] null_mean=0.1847
  [result] a_obs=0.0503, null_mean=0.1847±0.1316
           Δ=-0.1344, z=-1.02
           θ_obs=87.1°, θ_null=79.2°
           p(more orthogonal)=0.1668, p(more aligned)=0.8342
  [saved] /project/bdoiron/dracoxu/rct-fsflow/paper_project_final/out/sacc/alignment/correctonly/axis_cov_20231025.json

======================================================================
[done] Per-session results saved to /project/bdoiron/dracoxu/rct-fsflow/paper_project_final/out/sacc/alignment/correctonly
======================================================================
[done] CORRECT-ONLY trials complete → /project/bdoiron/dracoxu/rct-fsflow/paper_project_final/out/sacc/alignment/correctonly/

------------------------------------------------------------
[info] Running alignment analysis for 20231025 (ALL trials (nofilter))
       Mode: all (AI + axis_shuffle + axis_cov)
       OUT_ROOT: /project/bdoiron/dracoxu/rct-fsflow/paper_project_final/out_nofilter
       AXES_TAG: axes_peakbin_saccCS-sacc-horizontal-20mssw_nofilter
       n_perms: 1000
------------------------------------------------------------
======================================================================
CATEGORY-SACCADE SUBSPACE ALIGNMENT ANALYSIS
======================================================================
[info] Processing 1 session(s)
[info] Mode: all
[info] out_root: /project/bdoiron/dracoxu/rct-fsflow/paper_project_final/out_nofilter
[info] n_perms: 1000

[Analysis A] Alignment Index + Covariance-Matched Null (PCA subspaces)
             Category window: [-0.3, -0.1]
             Saccade window: [-0.1, -0.03]
             Subspace dim k: 6
             Tests: 'less aligned than chance' (orthogonality)

[Analysis B] Axis Angle + Label-Shuffle Null
             Axes tag: axes_peakbin_saccCS-sacc-horizontal-20mssw_nofilter
             Tests: 'more aligned than shuffle chance' (label-specific)

[Analysis C] Axis Angle + Covariance-Constrained Null (DAVE'S QUESTION)
             Axes tag: axes_peakbin_saccCS-sacc-horizontal-20mssw_nofilter
             Uses trained sC and sS_raw axes
             Tests: 'less aligned than geometry-constrained chance'

============================================================
[20231025] Processing...

  [Analysis A] Alignment Index (PCA subspaces)...
  [AI] Building condition-averaged matrices...
       Category window: (-0.3, -0.1)
       Saccade window: (-0.1, -0.03)
       D_C shape: (48, 38), D_S shape: (48, 16)
       Category subspace: (48, 6), var_explained=0.567
       Saccade subspace: (48, 6), var_explained=0.789
  [AI] Observed AI = 0.2829
       Principal angles (deg): [52.64492883 61.41523806 67.08788593 73.6300007  81.57823231 88.50724443]
       Mean angle: 70.8°, Overlap: 0.1417
  [null] Manifold dim: 33 (from 48 total)
         Expected random overlap (isotropic): ~0.182
  [null] Running 1000 covariance-matched null samples...
    [200/1000] null_AI_mean=0.5840
    [400/1000] null_AI_mean=0.5863
    [600/1000] null_AI_mean=0.5891
    [800/1000] null_AI_mean=0.5873
    [1000/1000] null_AI_mean=0.5864
  [result] AI_obs=0.2829, null_mean=0.5864±0.0490
           Δ_AI=-0.3035
           p(less aligned)=0.0010, p(more aligned)=1.0000
  [saved] /project/bdoiron/dracoxu/rct-fsflow/paper_project_final/out_nofilter/sacc/alignment/nofilter/AI_20231025.json

  [Analysis B] Axis angle + shuffle...
  [axis] Observed: |cos(θ)|=0.0402, θ=87.7°
  [null] Running 1000 label-shuffle permutations...
    [100/1000] null_mean=0.0988
    [200/1000] null_mean=0.0965
    [300/1000] null_mean=0.0981
    [400/1000] null_mean=0.0963
    [500/1000] null_mean=0.0960
    [600/1000] null_mean=0.0969
    [700/1000] null_mean=0.0960
    [800/1000] null_mean=0.0954
    [900/1000] null_mean=0.0940
    [1000/1000] null_mean=0.0936
  [result] Δ=-0.0534, p(more aligned)=0.7123
           Note: shuffle null tests 'more aligned than chance'
  [saved] /project/bdoiron/dracoxu/rct-fsflow/paper_project_final/out_nofilter/sacc/alignment/nofilter/axis_shuffle_20231025.json

  [Analysis C] Axis angle + covariance-constrained null...
  [axis-cov] Observed: |cos(θ)|=0.0402, θ=87.7°
  [null] Manifold dim: 33, D_eff=8.2
         Expected |cos(θ)| ≈ 0.350 (angle ≈ 69.5°)
  [null] Running 1000 covariance-constrained null samples...
    [200/1000] null_mean=0.1587
    [400/1000] null_mean=0.1522
    [600/1000] null_mean=0.1492
    [800/1000] null_mean=0.1555
    [1000/1000] null_mean=0.1576
  [result] a_obs=0.0402, null_mean=0.1576±0.1143
           Δ=-0.1174, z=-1.03
           θ_obs=87.7°, θ_null=80.9°
           p(more orthogonal)=0.1518, p(more aligned)=0.8492
  [saved] /project/bdoiron/dracoxu/rct-fsflow/paper_project_final/out_nofilter/sacc/alignment/nofilter/axis_cov_20231025.json

======================================================================
[done] Per-session results saved to /project/bdoiron/dracoxu/rct-fsflow/paper_project_final/out_nofilter/sacc/alignment/nofilter
======================================================================
[done] ALL trials (nofilter) complete → /project/bdoiron/dracoxu/rct-fsflow/paper_project_final/out_nofilter/sacc/alignment/nofilter/

==============================================================
[done] Alignment analysis complete for SID=20231025
==============================================================
