==============================================================
AXIS ALIGNMENT ANALYSIS (NOFILTER) - Session 20200402 (task 4)
==============================================================

[info] Running alignment analysis for 20200402 (NOFILTER)
       Mode: both (AI + axis_shuffle)
       n_perms: 1000

======================================================================
CATEGORY-SACCADE SUBSPACE ALIGNMENT ANALYSIS
======================================================================
[info] Processing 1 session(s)
[info] Mode: both
[info] out_root: /project/bdoiron/dracoxu/rct-fsflow/paper_project_final/out_nofilter
[info] n_perms: 1000

[Analysis A] Alignment Index + Covariance-Matched Null
             Category window: [-0.3, -0.1]
             Saccade window: [-0.1, -0.03]
             Subspace dim k: 6
             Tests: 'less aligned than chance' (orthogonality)

[Analysis B] Axis Angle + Label-Shuffle Null
             Axes tag: axes_peakbin_saccCS-sacc-horizontal-20mssw_nofilter
             Tests: 'more aligned than chance' (label-specific)

============================================================
[20200402] Processing...

  [Analysis A] Alignment Index...
  [AI] Building condition-averaged matrices...
       Category window: (-0.3, -0.1)
       Saccade window: (-0.1, -0.03)
       D_C shape: (80, 38), D_S shape: (80, 16)
       Category subspace: (80, 6), var_explained=0.682
       Saccade subspace: (80, 6), var_explained=0.944
  [AI] Observed AI = 0.2630
       Principal angles (deg): [37.01017862 56.27886838 66.77034822 76.04500807 78.22046101 88.60896293]
       Mean angle: 67.2°, Overlap: 0.2003
  [null] Manifold dim: 34 (from 54 total)
         Expected random overlap (isotropic): ~0.176
  [null] Running 1000 covariance-matched null samples...
    [200/1000] null_AI_mean=0.4350
    [400/1000] null_AI_mean=0.4336
    [600/1000] null_AI_mean=0.4318
    [800/1000] null_AI_mean=0.4304
    [1000/1000] null_AI_mean=0.4324
  [result] AI_obs=0.2630, null_mean=0.4324±0.0588
           Δ_AI=-0.1694
           p(less aligned)=0.0010, p(more aligned)=1.0000
  [saved] /project/bdoiron/dracoxu/rct-fsflow/paper_project_final/out_nofilter/sacc/alignment/nofilter/AI_20200402.json

  [Analysis B] Axis angle + shuffle...
  [axis] Observed: |cos(θ)|=0.1250, θ=82.8°
  [null] Running 1000 label-shuffle permutations...
    [100/1000] null_mean=0.0722
    [200/1000] null_mean=0.0748
    [300/1000] null_mean=0.0772
    [400/1000] null_mean=0.0784
    [500/1000] null_mean=0.0777
    [600/1000] null_mean=0.0776
    [700/1000] null_mean=0.0780
    [800/1000] null_mean=0.0775
    [900/1000] null_mean=0.0784
    [1000/1000] null_mean=0.0784
  [result] Δ=0.0466, p(more aligned)=0.1938
           Note: shuffle null tests 'more aligned than chance'
  [saved] /project/bdoiron/dracoxu/rct-fsflow/paper_project_final/out_nofilter/sacc/alignment/nofilter/axis_shuffle_20200402.json

======================================================================
[done] Per-session results saved to /project/bdoiron/dracoxu/rct-fsflow/paper_project_final/out_nofilter/sacc/alignment/nofilter
======================================================================

[done] Alignment analysis complete for SID=20200402 (NOFILTER)
       Results: /project/bdoiron/dracoxu/rct-fsflow/paper_project_final/out_nofilter/sacc/alignment/nofilter/
