==============================================================
AXIS ALIGNMENT ANALYSIS - Session 20200327 (task 1)
==============================================================

[info] Running alignment analysis for 20200327
       Mode: both (AI + axis_shuffle)
       n_perms: 1000

======================================================================
CATEGORY-SACCADE SUBSPACE ALIGNMENT ANALYSIS
======================================================================
[info] Processing 1 session(s)
[info] Mode: both
[info] out_root: /project/bdoiron/dracoxu/rct-fsflow/paper_project_final/out
[info] n_perms: 1000

[Analysis A] Alignment Index + Covariance-Matched Null
             Category window: [-0.3, -0.1]
             Saccade window: [-0.1, -0.03]
             Subspace dim k: 6
             Tests: 'less aligned than chance' (orthogonality)

[Analysis B] Axis Angle + Label-Shuffle Null
             Axes tag: axes_peakbin_saccCS-sacc-horizontal-20mssw
             Tests: 'more aligned than chance' (label-specific)

============================================================
[20200327] Processing...

  [Analysis A] Alignment Index...
  [AI] Building condition-averaged matrices...
       Category window: (-0.3, -0.1)
       Saccade window: (-0.1, -0.03)
       D_C shape: (41, 38), D_S shape: (41, 16)
       Category subspace: (41, 6), var_explained=0.558
       Saccade subspace: (41, 6), var_explained=0.781
  [AI] Observed AI = 0.3573
       Principal angles (deg): [43.38813711 48.58079081 59.34067838 65.79273346 75.35222651 89.05449302]
       Mean angle: 63.6°, Overlap: 0.2430
  [null] Manifold dim: 32 (from 41 total)
         Expected random overlap (isotropic): ~0.188
  [null] Running 1000 covariance-matched null samples...
    [200/1000] null_AI_mean=0.4503
    [400/1000] null_AI_mean=0.4495
    [600/1000] null_AI_mean=0.4513
    [800/1000] null_AI_mean=0.4499
    [1000/1000] null_AI_mean=0.4497
  [result] AI_obs=0.3573, null_mean=0.4497±0.0402
           Δ_AI=-0.0924
           p(less aligned)=0.0120, p(more aligned)=0.9890
