==============================================================
AXIS ALIGNMENT ANALYSIS - Session 20230705 (task 14)
==============================================================

[info] Running alignment analysis for 20230705
       Mode: both (AI + axis_shuffle)
       n_perms: 1000

======================================================================
CATEGORY-SACCADE SUBSPACE ALIGNMENT ANALYSIS
======================================================================
[info] Processing 1 session(s)
[info] Mode: both
[info] out_root: /project/bdoiron/dracoxu/rct-fsflow/paper_project_final/out
[info] n_perms: 1000

[Analysis A] Alignment Index + Covariance-Matched Null
             Category window: [-0.3, -0.1]
             Saccade window: [-0.1, -0.03]
             Subspace dim k: 6
             Tests: 'less aligned than chance' (orthogonality)

[Analysis B] Axis Angle + Label-Shuffle Null
             Axes tag: axes_peakbin_saccCS-sacc-horizontal-20mssw
             Tests: 'more aligned than chance' (label-specific)

============================================================
[20230705] Processing...

  [Analysis A] Alignment Index...
  [AI] Building condition-averaged matrices...
       Category window: (-0.3, -0.1)
       Saccade window: (-0.1, -0.03)
       D_C shape: (84, 38), D_S shape: (84, 16)
       Category subspace: (84, 6), var_explained=0.718
       Saccade subspace: (84, 6), var_explained=0.935
  [AI] Observed AI = 0.1443
       Principal angles (deg): [58.44848759 64.93985779 71.93024941 77.15141601 84.69210134 86.60831818]
       Mean angle: 74.0°, Overlap: 0.1018
  [null] Manifold dim: 35 (from 54 total)
         Expected random overlap (isotropic): ~0.171
  [null] Running 1000 covariance-matched null samples...
    [200/1000] null_AI_mean=0.4329
    [400/1000] null_AI_mean=0.4372
    [600/1000] null_AI_mean=0.4347
    [800/1000] null_AI_mean=0.4388
    [1000/1000] null_AI_mean=0.4381
  [result] AI_obs=0.1443, null_mean=0.4381±0.0774
           Δ_AI=-0.2938
           p(less aligned)=0.0010, p(more aligned)=1.0000
