==============================================================
AXIS ALIGNMENT ANALYSIS (NOFILTER) - Session 20201216 (task 11)
==============================================================

[info] Running alignment analysis for 20201216 (NOFILTER)
       Mode: both (AI + axis_shuffle)
       n_perms: 1000

======================================================================
CATEGORY-SACCADE SUBSPACE ALIGNMENT ANALYSIS
======================================================================
[info] Processing 1 session(s)
[info] Mode: both
[info] out_root: /project/bdoiron/dracoxu/rct-fsflow/paper_project_final/out_nofilter
[info] n_perms: 1000

[Analysis A] Alignment Index + Covariance-Matched Null
             Category window: [-0.3, -0.1]
             Saccade window: [-0.1, -0.03]
             Subspace dim k: 6
             Tests: 'less aligned than chance' (orthogonality)

[Analysis B] Axis Angle + Label-Shuffle Null
             Axes tag: axes_peakbin_saccCS-sacc-horizontal-20mssw_nofilter
             Tests: 'more aligned than chance' (label-specific)

============================================================
[20201216] Processing...

  [Analysis A] Alignment Index...
  [AI] Building condition-averaged matrices...
       Category window: (-0.3, -0.1)
       Saccade window: (-0.1, -0.03)
       D_C shape: (77, 38), D_S shape: (77, 16)
       Category subspace: (77, 6), var_explained=0.789
       Saccade subspace: (77, 6), var_explained=0.971
  [AI] Observed AI = 0.6060
       Principal angles (deg): [18.467413   55.67102298 66.20298092 71.9999153  79.07365145 86.4973591 ]
       Mean angle: 63.0°, Overlap: 0.2526
  [null] Manifold dim: 29 (from 54 total)
         Expected random overlap (isotropic): ~0.207
  [null] Running 1000 covariance-matched null samples...
    [200/1000] null_AI_mean=0.5577
    [400/1000] null_AI_mean=0.5615
    [600/1000] null_AI_mean=0.5557
    [800/1000] null_AI_mean=0.5580
    [1000/1000] null_AI_mean=0.5570
  [result] AI_obs=0.6060, null_mean=0.5570±0.0988
           Δ_AI=0.0490
           p(less aligned)=0.6474, p(more aligned)=0.3536
  [saved] /project/bdoiron/dracoxu/rct-fsflow/paper_project_final/out_nofilter/sacc/alignment/nofilter/AI_20201216.json

  [Analysis B] Axis angle + shuffle...
  [axis] Observed: |cos(θ)|=0.0741, θ=85.7°
  [null] Running 1000 label-shuffle permutations...
    [100/1000] null_mean=0.0908
    [200/1000] null_mean=0.0937
    [300/1000] null_mean=0.0882
    [400/1000] null_mean=0.0883
    [500/1000] null_mean=0.0874
    [600/1000] null_mean=0.0847
    [700/1000] null_mean=0.0852
    [800/1000] null_mean=0.0849
    [900/1000] null_mean=0.0854
    [1000/1000] null_mean=0.0854
  [result] Δ=-0.0113, p(more aligned)=0.4935
           Note: shuffle null tests 'more aligned than chance'
  [saved] /project/bdoiron/dracoxu/rct-fsflow/paper_project_final/out_nofilter/sacc/alignment/nofilter/axis_shuffle_20201216.json

======================================================================
[done] Per-session results saved to /project/bdoiron/dracoxu/rct-fsflow/paper_project_final/out_nofilter/sacc/alignment/nofilter
======================================================================

[done] Alignment analysis complete for SID=20201216 (NOFILTER)
       Results: /project/bdoiron/dracoxu/rct-fsflow/paper_project_final/out_nofilter/sacc/alignment/nofilter/
