==============================================================
AXIS ALIGNMENT ANALYSIS - Session 20231121 (task 20)
Filter mode: both
==============================================================

------------------------------------------------------------
[info] Running alignment analysis for 20231121 (CORRECT-ONLY trials)
       Mode: all (AI + axis_shuffle + axis_cov)
       OUT_ROOT: /project/bdoiron/dracoxu/rct-fsflow/paper_project_final/out
       AXES_TAG: axes_peakbin_saccCS-sacc-horizontal-20mssw
       n_perms: 1000
------------------------------------------------------------
======================================================================
CATEGORY-SACCADE SUBSPACE ALIGNMENT ANALYSIS
======================================================================
[info] Processing 1 session(s)
[info] Mode: all
[info] out_root: /project/bdoiron/dracoxu/rct-fsflow/paper_project_final/out
[info] n_perms: 1000

[Analysis A] Alignment Index + Covariance-Matched Null (PCA subspaces)
             Category window: [-0.3, -0.1]
             Saccade window: [-0.1, -0.03]
             Subspace dim k: 6
             Tests: 'less aligned than chance' (orthogonality)

[Analysis B] Axis Angle + Label-Shuffle Null
             Axes tag: axes_peakbin_saccCS-sacc-horizontal-20mssw
             Tests: 'more aligned than shuffle chance' (label-specific)

[Analysis C] Axis Angle + Covariance-Constrained Null (DAVE'S QUESTION)
             Axes tag: axes_peakbin_saccCS-sacc-horizontal-20mssw
             Uses trained sC and sS_raw axes
             Tests: 'less aligned than geometry-constrained chance'

============================================================
[20231121] Processing...

  [Analysis A] Alignment Index (PCA subspaces)...
  [AI] Building condition-averaged matrices...
       Category window: (-0.3, -0.1)
       Saccade window: (-0.1, -0.03)
       D_C shape: (61, 38), D_S shape: (61, 16)
       Category subspace: (61, 6), var_explained=0.666
       Saccade subspace: (61, 6), var_explained=0.841
  [AI] Observed AI = 0.2031
       Principal angles (deg): [49.99635796 62.36660547 75.42188148 78.50273762 81.66071775 83.96301709]
       Mean angle: 72.0°, Overlap: 0.1273
  [null] Manifold dim: 34 (from 54 total)
         Expected random overlap (isotropic): ~0.176
  [null] Running 1000 covariance-matched null samples...
    [200/1000] null_AI_mean=0.6283
    [400/1000] null_AI_mean=0.6240
    [600/1000] null_AI_mean=0.6243
    [800/1000] null_AI_mean=0.6225
    [1000/1000] null_AI_mean=0.6223
  [result] AI_obs=0.2031, null_mean=0.6223±0.0632
           Δ_AI=-0.4193
           p(less aligned)=0.0010, p(more aligned)=1.0000
  [saved] /project/bdoiron/dracoxu/rct-fsflow/paper_project_final/out/sacc/alignment/correctonly/AI_20231121.json

  [Analysis B] Axis angle + shuffle...
  [axis] Observed: |cos(θ)|=0.1183, θ=83.2°
  [null] Running 1000 label-shuffle permutations...
    [100/1000] null_mean=0.1074
    [200/1000] null_mean=0.1100
    [300/1000] null_mean=0.1063
    [400/1000] null_mean=0.1043
    [500/1000] null_mean=0.1012
    [600/1000] null_mean=0.1009
    [700/1000] null_mean=0.0997
    [800/1000] null_mean=0.0992
    [900/1000] null_mean=0.0989
    [1000/1000] null_mean=0.0989
  [result] Δ=0.0193, p(more aligned)=0.3437
           Note: shuffle null tests 'more aligned than chance'
  [saved] /project/bdoiron/dracoxu/rct-fsflow/paper_project_final/out/sacc/alignment/correctonly/axis_shuffle_20231121.json

  [Analysis C] Axis angle + covariance-constrained null...
  [axis-cov] Observed: |cos(θ)|=0.1183, θ=83.2°
  [null] Manifold dim: 34, D_eff=6.2
         Expected |cos(θ)| ≈ 0.402 (angle ≈ 66.3°)
  [null] Running 1000 covariance-constrained null samples...
    [200/1000] null_mean=0.2311
    [400/1000] null_mean=0.2326
    [600/1000] null_mean=0.2355
    [800/1000] null_mean=0.2362
    [1000/1000] null_mean=0.2371
  [result] a_obs=0.1183, null_mean=0.2371±0.1443
           Δ=-0.1189, z=-0.82
           θ_obs=83.2°, θ_null=76.1°
           p(more orthogonal)=0.2587, p(more aligned)=0.7423
  [saved] /project/bdoiron/dracoxu/rct-fsflow/paper_project_final/out/sacc/alignment/correctonly/axis_cov_20231121.json

======================================================================
[done] Per-session results saved to /project/bdoiron/dracoxu/rct-fsflow/paper_project_final/out/sacc/alignment/correctonly
======================================================================
[done] CORRECT-ONLY trials complete → /project/bdoiron/dracoxu/rct-fsflow/paper_project_final/out/sacc/alignment/correctonly/

------------------------------------------------------------
[info] Running alignment analysis for 20231121 (ALL trials (nofilter))
       Mode: all (AI + axis_shuffle + axis_cov)
       OUT_ROOT: /project/bdoiron/dracoxu/rct-fsflow/paper_project_final/out_nofilter
       AXES_TAG: axes_peakbin_saccCS-sacc-horizontal-20mssw_nofilter
       n_perms: 1000
------------------------------------------------------------
======================================================================
CATEGORY-SACCADE SUBSPACE ALIGNMENT ANALYSIS
======================================================================
[info] Processing 1 session(s)
[info] Mode: all
[info] out_root: /project/bdoiron/dracoxu/rct-fsflow/paper_project_final/out_nofilter
[info] n_perms: 1000

[Analysis A] Alignment Index + Covariance-Matched Null (PCA subspaces)
             Category window: [-0.3, -0.1]
             Saccade window: [-0.1, -0.03]
             Subspace dim k: 6
             Tests: 'less aligned than chance' (orthogonality)

[Analysis B] Axis Angle + Label-Shuffle Null
             Axes tag: axes_peakbin_saccCS-sacc-horizontal-20mssw_nofilter
             Tests: 'more aligned than shuffle chance' (label-specific)

[Analysis C] Axis Angle + Covariance-Constrained Null (DAVE'S QUESTION)
             Axes tag: axes_peakbin_saccCS-sacc-horizontal-20mssw_nofilter
             Uses trained sC and sS_raw axes
             Tests: 'less aligned than geometry-constrained chance'

============================================================
[20231121] Processing...

  [Analysis A] Alignment Index (PCA subspaces)...
  [AI] Building condition-averaged matrices...
       Category window: (-0.3, -0.1)
       Saccade window: (-0.1, -0.03)
       D_C shape: (61, 38), D_S shape: (61, 16)
       Category subspace: (61, 6), var_explained=0.676
       Saccade subspace: (61, 6), var_explained=0.842
  [AI] Observed AI = 0.1979
       Principal angles (deg): [46.68864313 60.90199494 72.8106895  79.86608366 82.38281792 86.78037999]
       Mean angle: 71.6°, Overlap: 0.1410
  [null] Manifold dim: 34 (from 54 total)
         Expected random overlap (isotropic): ~0.176
  [null] Running 1000 covariance-matched null samples...
    [200/1000] null_AI_mean=0.6500
    [400/1000] null_AI_mean=0.6473
    [600/1000] null_AI_mean=0.6491
    [800/1000] null_AI_mean=0.6475
    [1000/1000] null_AI_mean=0.6469
  [result] AI_obs=0.1979, null_mean=0.6469±0.0641
           Δ_AI=-0.4490
           p(less aligned)=0.0010, p(more aligned)=1.0000
  [saved] /project/bdoiron/dracoxu/rct-fsflow/paper_project_final/out_nofilter/sacc/alignment/nofilter/AI_20231121.json

  [Analysis B] Axis angle + shuffle...
  [axis] Observed: |cos(θ)|=0.1075, θ=83.8°
  [null] Running 1000 label-shuffle permutations...
    [100/1000] null_mean=0.1137
    [200/1000] null_mean=0.1076
    [300/1000] null_mean=0.1079
    [400/1000] null_mean=0.1099
    [500/1000] null_mean=0.1112
    [600/1000] null_mean=0.1094
    [700/1000] null_mean=0.1098
    [800/1000] null_mean=0.1103
    [900/1000] null_mean=0.1099
    [1000/1000] null_mean=0.1098
  [result] Δ=-0.0023, p(more aligned)=0.4386
           Note: shuffle null tests 'more aligned than chance'
  [saved] /project/bdoiron/dracoxu/rct-fsflow/paper_project_final/out_nofilter/sacc/alignment/nofilter/axis_shuffle_20231121.json

  [Analysis C] Axis angle + covariance-constrained null...
  [axis-cov] Observed: |cos(θ)|=0.1075, θ=83.8°
  [null] Manifold dim: 34, D_eff=5.5
         Expected |cos(θ)| ≈ 0.425 (angle ≈ 64.9°)
  [null] Running 1000 covariance-constrained null samples...
    [200/1000] null_mean=0.2544
    [400/1000] null_mean=0.2404
    [600/1000] null_mean=0.2418
    [800/1000] null_mean=0.2411
    [1000/1000] null_mean=0.2425
  [result] a_obs=0.1075, null_mean=0.2425±0.1419
           Δ=-0.1349, z=-0.95
           θ_obs=83.8°, θ_null=75.8°
           p(more orthogonal)=0.2248, p(more aligned)=0.7762
  [saved] /project/bdoiron/dracoxu/rct-fsflow/paper_project_final/out_nofilter/sacc/alignment/nofilter/axis_cov_20231121.json

======================================================================
[done] Per-session results saved to /project/bdoiron/dracoxu/rct-fsflow/paper_project_final/out_nofilter/sacc/alignment/nofilter
======================================================================
[done] ALL trials (nofilter) complete → /project/bdoiron/dracoxu/rct-fsflow/paper_project_final/out_nofilter/sacc/alignment/nofilter/

==============================================================
[done] Alignment analysis complete for SID=20231121
==============================================================
