==============================================================
AXIS ALIGNMENT ANALYSIS - Session 20200327 (task 1)
Filter mode: both
==============================================================

------------------------------------------------------------
[info] Running alignment analysis for 20200327 (CORRECT-ONLY trials)
       Mode: all (AI + axis_shuffle + axis_cov)
       OUT_ROOT: /project/bdoiron/dracoxu/rct-fsflow/paper_project_final/out
       AXES_TAG: axes_peakbin_saccCS-sacc-horizontal-20mssw
       n_perms: 1000
------------------------------------------------------------
======================================================================
CATEGORY-SACCADE SUBSPACE ALIGNMENT ANALYSIS
======================================================================
[info] Processing 1 session(s)
[info] Mode: all
[info] out_root: /project/bdoiron/dracoxu/rct-fsflow/paper_project_final/out
[info] n_perms: 1000

[Analysis A] Alignment Index + Covariance-Matched Null (PCA subspaces)
             Category window: [-0.3, -0.1]
             Saccade window: [-0.1, -0.03]
             Subspace dim k: 6
             Tests: 'less aligned than chance' (orthogonality)

[Analysis B] Axis Angle + Label-Shuffle Null
             Axes tag: axes_peakbin_saccCS-sacc-horizontal-20mssw
             Tests: 'more aligned than shuffle chance' (label-specific)

[Analysis C] Axis Angle + Covariance-Constrained Null (DAVE'S QUESTION)
             Axes tag: axes_peakbin_saccCS-sacc-horizontal-20mssw
             Uses trained sC and sS_raw axes
             Tests: 'less aligned than geometry-constrained chance'

============================================================
[20200327] Processing...

  [Analysis A] Alignment Index (PCA subspaces)...
  [AI] Building condition-averaged matrices...
       Category window: (-0.3, -0.1)
       Saccade window: (-0.1, -0.03)
       D_C shape: (41, 38), D_S shape: (41, 16)
       Category subspace: (41, 6), var_explained=0.558
       Saccade subspace: (41, 6), var_explained=0.781
  [AI] Observed AI = 0.3573
       Principal angles (deg): [43.38813711 48.58079081 59.34067838 65.79273346 75.35222651 89.05449302]
       Mean angle: 63.6°, Overlap: 0.2430
  [null] Manifold dim: 32 (from 41 total)
         Expected random overlap (isotropic): ~0.188
  [null] Running 1000 covariance-matched null samples...
    [200/1000] null_AI_mean=0.5540
    [400/1000] null_AI_mean=0.5525
    [600/1000] null_AI_mean=0.5541
    [800/1000] null_AI_mean=0.5528
    [1000/1000] null_AI_mean=0.5526
  [result] AI_obs=0.3573, null_mean=0.5526±0.0435
           Δ_AI=-0.1954
           p(less aligned)=0.0010, p(more aligned)=1.0000
  [saved] /project/bdoiron/dracoxu/rct-fsflow/paper_project_final/out/sacc/alignment/correctonly/AI_20200327.json

  [Analysis B] Axis angle + shuffle...
  [axis] Observed: |cos(θ)|=0.1729, θ=80.0°
  [null] Running 1000 label-shuffle permutations...
    [100/1000] null_mean=0.1191
    [200/1000] null_mean=0.1211
    [300/1000] null_mean=0.1244
    [400/1000] null_mean=0.1197
    [500/1000] null_mean=0.1184
    [600/1000] null_mean=0.1190
    [700/1000] null_mean=0.1173
    [800/1000] null_mean=0.1176
    [900/1000] null_mean=0.1185
    [1000/1000] null_mean=0.1180
  [result] Δ=0.0549, p(more aligned)=0.2587
           Note: shuffle null tests 'more aligned than chance'
  [saved] /project/bdoiron/dracoxu/rct-fsflow/paper_project_final/out/sacc/alignment/correctonly/axis_shuffle_20200327.json

  [Analysis C] Axis angle + covariance-constrained null...
  [axis-cov] Observed: |cos(θ)|=0.1729, θ=80.0°
  [null] Manifold dim: 32, D_eff=17.1
         Expected |cos(θ)| ≈ 0.242 (angle ≈ 76.0°)
  [null] Running 1000 covariance-constrained null samples...
    [200/1000] null_mean=0.2171
    [400/1000] null_mean=0.2155
    [600/1000] null_mean=0.2150
    [800/1000] null_mean=0.2110
    [1000/1000] null_mean=0.2107
  [result] a_obs=0.1729, null_mean=0.2107±0.1490
           Δ=-0.0379, z=-0.25
           θ_obs=80.0°, θ_null=77.7°
           p(more orthogonal)=0.4755, p(more aligned)=0.5255
  [saved] /project/bdoiron/dracoxu/rct-fsflow/paper_project_final/out/sacc/alignment/correctonly/axis_cov_20200327.json

======================================================================
[done] Per-session results saved to /project/bdoiron/dracoxu/rct-fsflow/paper_project_final/out/sacc/alignment/correctonly
======================================================================
[done] CORRECT-ONLY trials complete → /project/bdoiron/dracoxu/rct-fsflow/paper_project_final/out/sacc/alignment/correctonly/

------------------------------------------------------------
[info] Running alignment analysis for 20200327 (ALL trials (nofilter))
       Mode: all (AI + axis_shuffle + axis_cov)
       OUT_ROOT: /project/bdoiron/dracoxu/rct-fsflow/paper_project_final/out_nofilter
       AXES_TAG: axes_peakbin_saccCS-sacc-horizontal-20mssw_nofilter
       n_perms: 1000
------------------------------------------------------------
======================================================================
CATEGORY-SACCADE SUBSPACE ALIGNMENT ANALYSIS
======================================================================
[info] Processing 1 session(s)
[info] Mode: all
[info] out_root: /project/bdoiron/dracoxu/rct-fsflow/paper_project_final/out_nofilter
[info] n_perms: 1000

[Analysis A] Alignment Index + Covariance-Matched Null (PCA subspaces)
             Category window: [-0.3, -0.1]
             Saccade window: [-0.1, -0.03]
             Subspace dim k: 6
             Tests: 'less aligned than chance' (orthogonality)

[Analysis B] Axis Angle + Label-Shuffle Null
             Axes tag: axes_peakbin_saccCS-sacc-horizontal-20mssw_nofilter
             Tests: 'more aligned than shuffle chance' (label-specific)

[Analysis C] Axis Angle + Covariance-Constrained Null (DAVE'S QUESTION)
             Axes tag: axes_peakbin_saccCS-sacc-horizontal-20mssw_nofilter
             Uses trained sC and sS_raw axes
             Tests: 'less aligned than geometry-constrained chance'

============================================================
[20200327] Processing...

  [Analysis A] Alignment Index (PCA subspaces)...
  [AI] Building condition-averaged matrices...
       Category window: (-0.3, -0.1)
       Saccade window: (-0.1, -0.03)
       D_C shape: (41, 38), D_S shape: (41, 16)
       Category subspace: (41, 6), var_explained=0.564
       Saccade subspace: (41, 6), var_explained=0.778
  [AI] Observed AI = 0.3447
       Principal angles (deg): [43.76292084 48.95078167 62.92753898 70.61429816 73.24067861 86.09455765]
       Mean angle: 64.3°, Overlap: 0.2263
  [null] Manifold dim: 32 (from 41 total)
         Expected random overlap (isotropic): ~0.188
  [null] Running 1000 covariance-matched null samples...
    [200/1000] null_AI_mean=0.5626
    [400/1000] null_AI_mean=0.5618
    [600/1000] null_AI_mean=0.5616
    [800/1000] null_AI_mean=0.5597
    [1000/1000] null_AI_mean=0.5599
  [result] AI_obs=0.3447, null_mean=0.5599±0.0447
           Δ_AI=-0.2152
           p(less aligned)=0.0010, p(more aligned)=1.0000
  [saved] /project/bdoiron/dracoxu/rct-fsflow/paper_project_final/out_nofilter/sacc/alignment/nofilter/AI_20200327.json

  [Analysis B] Axis angle + shuffle...
  [axis] Observed: |cos(θ)|=0.0686, θ=86.1°
  [null] Running 1000 label-shuffle permutations...
    [100/1000] null_mean=0.1395
    [200/1000] null_mean=0.1422
    [300/1000] null_mean=0.1417
    [400/1000] null_mean=0.1414
    [500/1000] null_mean=0.1365
    [600/1000] null_mean=0.1398
    [700/1000] null_mean=0.1398
    [800/1000] null_mean=0.1360
    [900/1000] null_mean=0.1374
    [1000/1000] null_mean=0.1376
  [result] Δ=-0.0689, p(more aligned)=0.7023
           Note: shuffle null tests 'more aligned than chance'
  [saved] /project/bdoiron/dracoxu/rct-fsflow/paper_project_final/out_nofilter/sacc/alignment/nofilter/axis_shuffle_20200327.json

  [Analysis C] Axis angle + covariance-constrained null...
  [axis-cov] Observed: |cos(θ)|=0.0686, θ=86.1°
  [null] Manifold dim: 32, D_eff=16.7
         Expected |cos(θ)| ≈ 0.245 (angle ≈ 75.8°)
  [null] Running 1000 covariance-constrained null samples...
    [200/1000] null_mean=0.2480
    [400/1000] null_mean=0.2424
    [600/1000] null_mean=0.2458
    [800/1000] null_mean=0.2412
    [1000/1000] null_mean=0.2414
  [result] a_obs=0.0686, null_mean=0.2414±0.1673
           Δ=-0.1728, z=-1.03
           θ_obs=86.1°, θ_null=75.8°
           p(more orthogonal)=0.1738, p(more aligned)=0.8272
  [saved] /project/bdoiron/dracoxu/rct-fsflow/paper_project_final/out_nofilter/sacc/alignment/nofilter/axis_cov_20200327.json

======================================================================
[done] Per-session results saved to /project/bdoiron/dracoxu/rct-fsflow/paper_project_final/out_nofilter/sacc/alignment/nofilter
======================================================================
[done] ALL trials (nofilter) complete → /project/bdoiron/dracoxu/rct-fsflow/paper_project_final/out_nofilter/sacc/alignment/nofilter/

==============================================================
[done] Alignment analysis complete for SID=20200327
==============================================================
