==============================================================
AXIS ALIGNMENT ANALYSIS - ALL FOUR CASES
Session: 20201216 (task 11)
Filter mode: both
==============================================================

==============================================================
CORRECT-ONLY TRIALS (out/)
==============================================================

------------------------------------------------------------
[Case i] Sacc-aligned C & S, horizontal trials (correct-only)
  Axes: axes_peakbin_saccCS-sacc-horizontal-20mssw
  Orientation: horizontal
  OUT_ROOT: /project/bdoiron/dracoxu/rct-fsflow/paper_project_final/out
------------------------------------------------------------
======================================================================
CATEGORY-SACCADE SUBSPACE ALIGNMENT ANALYSIS
======================================================================
[info] Processing 1 session(s)
[info] Mode: axis_cov
[info] out_root: /project/bdoiron/dracoxu/rct-fsflow/paper_project_final/out
[info] n_perms: 1000

[Analysis C] Axis Angle + Covariance-Constrained Null (DAVE'S QUESTION)
             Axes tag: axes_peakbin_saccCS-sacc-horizontal-20mssw
             Uses trained sC and sS_raw axes
             Tests: 'less aligned than geometry-constrained chance'

============================================================
[20201216] Processing...

  [Analysis C] Axis angle + covariance-constrained null...
  [axis-cov] Observed: |cos(θ)|=0.0971, θ=84.4°
  [null] Manifold dim: 56, D_eff=5.4
         Expected |cos(θ)| ≈ 0.431 (angle ≈ 64.5°)
  [null] Running 1000 covariance-constrained null samples...
    [200/1000] null_mean=0.1807
    [400/1000] null_mean=0.1820
    [600/1000] null_mean=0.1809
    [800/1000] null_mean=0.1786
    [1000/1000] null_mean=0.1792
  [result] a_obs=0.0971, null_mean=0.1792±0.1172
           Δ=-0.0821, z=-0.70
           θ_obs=84.4°, θ_null=79.6°
           p(more orthogonal)=0.2947, p(more aligned)=0.7063
  [saved] /project/bdoiron/dracoxu/rct-fsflow/paper_project_final/out/sacc/alignment/case_i_correctonly/axis_cov_20201216.json

======================================================================
[done] Per-session results saved to /project/bdoiron/dracoxu/rct-fsflow/paper_project_final/out/sacc/alignment/case_i_correctonly
======================================================================
[done] Case i → /project/bdoiron/dracoxu/rct-fsflow/paper_project_final/out/sacc/alignment/case_i_correctonly/

------------------------------------------------------------
[Case ii] Sacc-aligned C & S, pooled trials (correct-only)
  Axes: axes_peakbin_saccCS-sacc-pooled-20mssw
  Orientation: pooled
  OUT_ROOT: /project/bdoiron/dracoxu/rct-fsflow/paper_project_final/out
------------------------------------------------------------
======================================================================
CATEGORY-SACCADE SUBSPACE ALIGNMENT ANALYSIS
======================================================================
[info] Processing 1 session(s)
[info] Mode: axis_cov
[info] out_root: /project/bdoiron/dracoxu/rct-fsflow/paper_project_final/out
[info] n_perms: 1000

[Analysis C] Axis Angle + Covariance-Constrained Null (DAVE'S QUESTION)
             Axes tag: axes_peakbin_saccCS-sacc-pooled-20mssw
             Uses trained sC and sS_raw axes
             Tests: 'less aligned than geometry-constrained chance'

============================================================
[20201216] Processing...

  [Analysis C] Axis angle + covariance-constrained null...
  [axis-cov] Observed: |cos(θ)|=0.1174, θ=83.3°
  [null] Manifold dim: 64, D_eff=7.6
         Expected |cos(θ)| ≈ 0.362 (angle ≈ 68.8°)
  [null] Running 1000 covariance-constrained null samples...
    [200/1000] null_mean=0.1525
    [400/1000] null_mean=0.1552
    [600/1000] null_mean=0.1555
    [800/1000] null_mean=0.1574
    [1000/1000] null_mean=0.1573
  [result] a_obs=0.1174, null_mean=0.1573±0.1027
           Δ=-0.0399, z=-0.39
           θ_obs=83.3°, θ_null=80.9°
           p(more orthogonal)=0.4046, p(more aligned)=0.5964
  [saved] /project/bdoiron/dracoxu/rct-fsflow/paper_project_final/out/sacc/alignment/case_ii_correctonly/axis_cov_20201216.json

======================================================================
[done] Per-session results saved to /project/bdoiron/dracoxu/rct-fsflow/paper_project_final/out/sacc/alignment/case_ii_correctonly
======================================================================
[done] Case ii → /project/bdoiron/dracoxu/rct-fsflow/paper_project_final/out/sacc/alignment/case_ii_correctonly/
[WARN] Axes not found for Case iii → skipping
       Missing: /project/bdoiron/dracoxu/rct-fsflow/paper_project_final/out/stim/20201216/axes/axes_peakbin_C-stim-vertical-20mssw
