==============================================================
AXIS ALIGNMENT ANALYSIS (NOFILTER) - Session 20230622 (task 12)
==============================================================

[info] Running alignment analysis for 20230622 (NOFILTER)
       Mode: both (AI + axis_shuffle)
       n_perms: 1000

======================================================================
CATEGORY-SACCADE SUBSPACE ALIGNMENT ANALYSIS
======================================================================
[info] Processing 1 session(s)
[info] Mode: both
[info] out_root: /project/bdoiron/dracoxu/rct-fsflow/paper_project_final/out_nofilter
[info] n_perms: 1000

[Analysis A] Alignment Index + Covariance-Matched Null
             Category window: [-0.3, -0.1]
             Saccade window: [-0.1, -0.03]
             Subspace dim k: 6
             Tests: 'less aligned than chance' (orthogonality)

[Analysis B] Axis Angle + Label-Shuffle Null
             Axes tag: axes_peakbin_saccCS-sacc-horizontal-20mssw_nofilter
             Tests: 'more aligned than chance' (label-specific)

============================================================
[20230622] Processing...

  [Analysis A] Alignment Index...
  [AI] Building condition-averaged matrices...
       Category window: (-0.3, -0.1)
       Saccade window: (-0.1, -0.03)
       D_C shape: (118, 38), D_S shape: (118, 16)
       Category subspace: (118, 6), var_explained=0.630
       Saccade subspace: (118, 6), var_explained=0.844
  [AI] Observed AI = 0.1157
       Principal angles (deg): [58.71138393 71.62858336 76.29931387 83.46071487 85.67141368 89.97279582]
       Mean angle: 77.6°, Overlap: 0.0740
  [null] Manifold dim: 39 (from 54 total)
         Expected random overlap (isotropic): ~0.154
  [null] Running 1000 covariance-matched null samples...
    [200/1000] null_AI_mean=0.4327
    [400/1000] null_AI_mean=0.4291
    [600/1000] null_AI_mean=0.4305
    [800/1000] null_AI_mean=0.4305
    [1000/1000] null_AI_mean=0.4295
  [result] AI_obs=0.1157, null_mean=0.4295±0.0783
           Δ_AI=-0.3138
           p(less aligned)=0.0010, p(more aligned)=1.0000
  [saved] /project/bdoiron/dracoxu/rct-fsflow/paper_project_final/out_nofilter/sacc/alignment/nofilter/AI_20230622.json

  [Analysis B] Axis angle + shuffle...
  [axis] Observed: |cos(θ)|=0.0812, θ=85.3°
  [null] Running 1000 label-shuffle permutations...
    [100/1000] null_mean=0.0665
    [200/1000] null_mean=0.0684
    [300/1000] null_mean=0.0682
    [400/1000] null_mean=0.0668
    [500/1000] null_mean=0.0649
    [600/1000] null_mean=0.0650
    [700/1000] null_mean=0.0650
    [800/1000] null_mean=0.0654
    [900/1000] null_mean=0.0654
    [1000/1000] null_mean=0.0654
  [result] Δ=0.0158, p(more aligned)=0.3257
           Note: shuffle null tests 'more aligned than chance'
  [saved] /project/bdoiron/dracoxu/rct-fsflow/paper_project_final/out_nofilter/sacc/alignment/nofilter/axis_shuffle_20230622.json

======================================================================
[done] Per-session results saved to /project/bdoiron/dracoxu/rct-fsflow/paper_project_final/out_nofilter/sacc/alignment/nofilter
======================================================================

[done] Alignment analysis complete for SID=20230622 (NOFILTER)
       Results: /project/bdoiron/dracoxu/rct-fsflow/paper_project_final/out_nofilter/sacc/alignment/nofilter/
