==============================================================
AXIS ALIGNMENT ANALYSIS - Session 20200401 (task 3)
==============================================================

[info] Running alignment analysis for 20200401
       Mode: both (AI + axis_shuffle)
       n_perms: 1000

======================================================================
CATEGORY-SACCADE SUBSPACE ALIGNMENT ANALYSIS
======================================================================
[info] Processing 1 session(s)
[info] Mode: both
[info] out_root: /project/bdoiron/dracoxu/rct-fsflow/paper_project_final/out
[info] n_perms: 1000

[Analysis A] Alignment Index + Covariance-Matched Null
             Category window: [-0.3, -0.1]
             Saccade window: [-0.1, -0.03]
             Subspace dim k: 6
             Tests: 'less aligned than chance' (orthogonality)

[Analysis B] Axis Angle + Label-Shuffle Null
             Axes tag: axes_peakbin_saccCS-sacc-horizontal-20mssw
             Tests: 'more aligned than chance' (label-specific)

============================================================
[20200401] Processing...

  [Analysis A] Alignment Index...
  [AI] Building condition-averaged matrices...
       Category window: (-0.3, -0.1)
       Saccade window: (-0.1, -0.03)
       D_C shape: (71, 38), D_S shape: (71, 16)
       Category subspace: (71, 6), var_explained=0.717
       Saccade subspace: (71, 6), var_explained=0.923
  [AI] Observed AI = 0.2220
       Principal angles (deg): [42.16853556 64.96124092 70.94200196 74.45391351 78.95677736 84.00685956]
       Mean angle: 69.2°, Overlap: 0.1591
  [null] Manifold dim: 34 (from 54 total)
         Expected random overlap (isotropic): ~0.176
  [null] Running 1000 covariance-matched null samples...
    [200/1000] null_AI_mean=0.4305
    [400/1000] null_AI_mean=0.4317
    [600/1000] null_AI_mean=0.4309
    [800/1000] null_AI_mean=0.4290
    [1000/1000] null_AI_mean=0.4299
  [result] AI_obs=0.2220, null_mean=0.4299±0.0738
           Δ_AI=-0.2078
           p(less aligned)=0.0030, p(more aligned)=0.9980
