==============================================================
AXIS ALIGNMENT ANALYSIS - ALL FOUR CASES
Session: 20201216 (task 11)
Filter mode: both
==============================================================

==============================================================
CORRECT-ONLY TRIALS (out/)
==============================================================

------------------------------------------------------------
[Case i] Sacc-aligned C & S, horizontal trials (correct-only)
  Axes: axes_peakbin_saccCS-sacc-horizontal-20mssw
  Orientation: horizontal
  OUT_ROOT: /project/bdoiron/dracoxu/rct-fsflow/paper_project_final/out
------------------------------------------------------------
======================================================================
CATEGORY-SACCADE SUBSPACE ALIGNMENT ANALYSIS
======================================================================
[info] Processing 1 session(s)
[info] Mode: axis_cov
[info] out_root: /project/bdoiron/dracoxu/rct-fsflow/paper_project_final/out
[info] n_perms: 1000

[Analysis C] Axis Angle + Covariance-Constrained Null (DAVE'S QUESTION)
             Axes tag: axes_peakbin_saccCS-sacc-horizontal-20mssw
             Uses trained sC and sS_raw axes
             Tests: 'less aligned than geometry-constrained chance'

============================================================
[20201216] Processing...

  [Analysis C] Axis angle + covariance-constrained null...
  [axis-cov] Observed: |cos(θ)|=0.0971, θ=84.4°
  [null] Manifold dim: 29, D_eff=2.4
         Expected |cos(θ)| ≈ 0.642 (angle ≈ 50.0°)
  [null] Running 1000 covariance-constrained null samples...
    [200/1000] null_mean=0.1729
    [400/1000] null_mean=0.1718
    [600/1000] null_mean=0.1695
    [800/1000] null_mean=0.1728
    [1000/1000] null_mean=0.1715
  [result] a_obs=0.0971, null_mean=0.1715±0.0970
           Δ=-0.0744, z=-0.77
           θ_obs=84.4°, θ_null=80.1°
           p(more orthogonal)=0.2547, p(more aligned)=0.7463
  [saved] /project/bdoiron/dracoxu/rct-fsflow/paper_project_final/out/sacc/alignment/case_i_correctonly/axis_cov_20201216.json

======================================================================
[done] Per-session results saved to /project/bdoiron/dracoxu/rct-fsflow/paper_project_final/out/sacc/alignment/case_i_correctonly
======================================================================
[done] Case i → /project/bdoiron/dracoxu/rct-fsflow/paper_project_final/out/sacc/alignment/case_i_correctonly/

------------------------------------------------------------
[Case ii] Sacc-aligned C & S, pooled trials (correct-only)
  Axes: axes_peakbin_saccCS-sacc-pooled-20mssw
  Orientation: pooled
  OUT_ROOT: /project/bdoiron/dracoxu/rct-fsflow/paper_project_final/out
------------------------------------------------------------
======================================================================
CATEGORY-SACCADE SUBSPACE ALIGNMENT ANALYSIS
======================================================================
[info] Processing 1 session(s)
[info] Mode: axis_cov
[info] out_root: /project/bdoiron/dracoxu/rct-fsflow/paper_project_final/out
[info] n_perms: 1000

[Analysis C] Axis Angle + Covariance-Constrained Null (DAVE'S QUESTION)
             Axes tag: axes_peakbin_saccCS-sacc-pooled-20mssw
             Uses trained sC and sS_raw axes
             Tests: 'less aligned than geometry-constrained chance'

============================================================
[20201216] Processing...

  [Analysis C] Axis angle + covariance-constrained null...
  [axis-cov] Observed: |cos(θ)|=0.1174, θ=83.3°
  [null] Manifold dim: 29, D_eff=2.3
         Expected |cos(θ)| ≈ 0.664 (angle ≈ 48.4°)
  [null] Running 1000 covariance-constrained null samples...
    [200/1000] null_mean=0.1426
    [400/1000] null_mean=0.1432
    [600/1000] null_mean=0.1432
    [800/1000] null_mean=0.1451
    [1000/1000] null_mean=0.1450
  [result] a_obs=0.1174, null_mean=0.1450±0.0833
           Δ=-0.0276, z=-0.33
           θ_obs=83.3°, θ_null=81.6°
           p(more orthogonal)=0.3976, p(more aligned)=0.6034
  [saved] /project/bdoiron/dracoxu/rct-fsflow/paper_project_final/out/sacc/alignment/case_ii_correctonly/axis_cov_20201216.json

======================================================================
[done] Per-session results saved to /project/bdoiron/dracoxu/rct-fsflow/paper_project_final/out/sacc/alignment/case_ii_correctonly
======================================================================
[done] Case ii → /project/bdoiron/dracoxu/rct-fsflow/paper_project_final/out/sacc/alignment/case_ii_correctonly/

------------------------------------------------------------
[Case iii] Stim-C (vertical) vs Sacc-S (horizontal) (correct-only)
  C axes: stim/axes_peakbin_stimC-stim-vertical-20mssw (orientation: vertical)
  S axes: sacc/axes_peakbin_saccCS-sacc-horizontal-20mssw (orientation: horizontal)
  OUT_ROOT: /project/bdoiron/dracoxu/rct-fsflow/paper_project_final/out
------------------------------------------------------------
======================================================================
CROSS-ALIGNMENT AXIS ANALYSIS
======================================================================
[info] Processing 1 session(s)
[info] C: stim/axes_peakbin_stimC-stim-vertical-20mssw (vertical)
[info] S: sacc/axes_peakbin_saccCS-sacc-horizontal-20mssw (horizontal)
[info] win_C: [0.1, 0.3], win_S: [-0.1, -0.03]
[info] Use rich conditions: False

============================================================
[20201216] Processing cross-alignment...
  [cross] Building geometry from both epochs...
          C epoch: stim, window=(0.1, 0.3), trials=257
          S epoch: sacc, window=(-0.1, -0.03), trials=251
          D_C shape: (77, 40), D_S shape: (77, 28)
  [cross] Observed: |cos(θ)|=0.7155, θ=44.3°
  [null] Manifold dim: 47, D_eff=9.4
         Expected |cos(θ)| ≈ 0.260 (angle ≈ 75.0°)
  [null] Running 1000 covariance-constrained null samples...
    [200/1000] null_mean=0.1916
    [400/1000] null_mean=0.1996
    [600/1000] null_mean=0.1952
    [800/1000] null_mean=0.1995
    [1000/1000] null_mean=0.2004
  [result] a_obs=0.7155, null_mean=0.2004±0.1341
           Δ=0.5151, z=3.84
           θ_obs=44.3°, θ_null=78.3°
           p(more orthogonal)=1.0000, p(more aligned)=0.0010
  [saved] /project/bdoiron/dracoxu/rct-fsflow/paper_project_final/out/cross_alignment/case_iii_correctonly/cross_case_iii_correctonly_20201216.json

======================================================================
[done] Results saved to /project/bdoiron/dracoxu/rct-fsflow/paper_project_final/out/cross_alignment/case_iii_correctonly
======================================================================
[done] Case iii → /project/bdoiron/dracoxu/rct-fsflow/paper_project_final/out/cross_alignment/case_iii_correctonly/

------------------------------------------------------------
[Case iv] Stim-C (pooled) vs Sacc-S (pooled) (correct-only)
  C axes: stim/axes_peakbin_stimC-stim-pooled-20mssw (orientation: pooled)
  S axes: sacc/axes_peakbin_saccCS-sacc-pooled-20mssw (orientation: pooled)
  OUT_ROOT: /project/bdoiron/dracoxu/rct-fsflow/paper_project_final/out
------------------------------------------------------------
======================================================================
CROSS-ALIGNMENT AXIS ANALYSIS
======================================================================
[info] Processing 1 session(s)
[info] C: stim/axes_peakbin_stimC-stim-pooled-20mssw (pooled)
[info] S: sacc/axes_peakbin_saccCS-sacc-pooled-20mssw (pooled)
[info] win_C: [0.1, 0.3], win_S: [-0.1, -0.03]
[info] Use rich conditions: False

============================================================
[20201216] Processing cross-alignment...
  [cross] Building geometry from both epochs...
          C epoch: stim, window=(0.1, 0.3), trials=508
          S epoch: sacc, window=(-0.1, -0.03), trials=508
          D_C shape: (77, 40), D_S shape: (77, 28)
  [cross] Observed: |cos(θ)|=0.2132, θ=77.7°
  [null] Manifold dim: 45, D_eff=6.0
         Expected |cos(θ)| ≈ 0.326 (angle ≈ 71.0°)
  [null] Running 1000 covariance-constrained null samples...
    [200/1000] null_mean=0.1876
    [400/1000] null_mean=0.1991
    [600/1000] null_mean=0.1933
    [800/1000] null_mean=0.1861
    [1000/1000] null_mean=0.1849
  [result] a_obs=0.2132, null_mean=0.1849±0.1238
           Δ=0.0283, z=0.23
           θ_obs=77.7°, θ_null=79.2°
           p(more orthogonal)=0.6304, p(more aligned)=0.3706
  [saved] /project/bdoiron/dracoxu/rct-fsflow/paper_project_final/out/cross_alignment/case_iv_correctonly/cross_case_iv_correctonly_20201216.json

======================================================================
[done] Results saved to /project/bdoiron/dracoxu/rct-fsflow/paper_project_final/out/cross_alignment/case_iv_correctonly
======================================================================
[done] Case iv → /project/bdoiron/dracoxu/rct-fsflow/paper_project_final/out/cross_alignment/case_iv_correctonly/

==============================================================
ALL TRIALS (out_nofilter/)
==============================================================

------------------------------------------------------------
[Case i] Sacc-aligned C & S, horizontal trials (all-trials)
  Axes: axes_peakbin_saccCS-sacc-horizontal-20mssw_nofilter
  Orientation: horizontal
  OUT_ROOT: /project/bdoiron/dracoxu/rct-fsflow/paper_project_final/out_nofilter
------------------------------------------------------------
======================================================================
CATEGORY-SACCADE SUBSPACE ALIGNMENT ANALYSIS
======================================================================
[info] Processing 1 session(s)
[info] Mode: axis_cov
[info] out_root: /project/bdoiron/dracoxu/rct-fsflow/paper_project_final/out_nofilter
[info] n_perms: 1000

[Analysis C] Axis Angle + Covariance-Constrained Null (DAVE'S QUESTION)
             Axes tag: axes_peakbin_saccCS-sacc-horizontal-20mssw_nofilter
             Uses trained sC and sS_raw axes
             Tests: 'less aligned than geometry-constrained chance'

============================================================
[20201216] Processing...

  [Analysis C] Axis angle + covariance-constrained null...
  [axis-cov] Observed: |cos(θ)|=0.0741, θ=85.7°
  [null] Manifold dim: 29, D_eff=2.4
         Expected |cos(θ)| ≈ 0.646 (angle ≈ 49.8°)
  [null] Running 1000 covariance-constrained null samples...
    [200/1000] null_mean=0.2122
    [400/1000] null_mean=0.2107
    [600/1000] null_mean=0.2112
    [800/1000] null_mean=0.2138
    [1000/1000] null_mean=0.2136
  [result] a_obs=0.0741, null_mean=0.2136±0.1172
           Δ=-0.1395, z=-1.19
           θ_obs=85.7°, θ_null=77.6°
           p(more orthogonal)=0.1638, p(more aligned)=0.8372
  [saved] /project/bdoiron/dracoxu/rct-fsflow/paper_project_final/out_nofilter/sacc/alignment/case_i_alltrials/axis_cov_20201216.json

======================================================================
[done] Per-session results saved to /project/bdoiron/dracoxu/rct-fsflow/paper_project_final/out_nofilter/sacc/alignment/case_i_alltrials
======================================================================
[done] Case i → /project/bdoiron/dracoxu/rct-fsflow/paper_project_final/out_nofilter/sacc/alignment/case_i_alltrials/

------------------------------------------------------------
[Case ii] Sacc-aligned C & S, pooled trials (all-trials)
  Axes: axes_peakbin_saccCS-sacc-pooled-20mssw_nofilter
  Orientation: pooled
  OUT_ROOT: /project/bdoiron/dracoxu/rct-fsflow/paper_project_final/out_nofilter
------------------------------------------------------------
======================================================================
CATEGORY-SACCADE SUBSPACE ALIGNMENT ANALYSIS
======================================================================
[info] Processing 1 session(s)
[info] Mode: axis_cov
[info] out_root: /project/bdoiron/dracoxu/rct-fsflow/paper_project_final/out_nofilter
[info] n_perms: 1000

[Analysis C] Axis Angle + Covariance-Constrained Null (DAVE'S QUESTION)
             Axes tag: axes_peakbin_saccCS-sacc-pooled-20mssw_nofilter
             Uses trained sC and sS_raw axes
             Tests: 'less aligned than geometry-constrained chance'

============================================================
[20201216] Processing...

  [Analysis C] Axis angle + covariance-constrained null...
  [axis-cov] Observed: |cos(θ)|=0.1982, θ=78.6°
  [null] Manifold dim: 29, D_eff=2.2
         Expected |cos(θ)| ≈ 0.668 (angle ≈ 48.1°)
  [null] Running 1000 covariance-constrained null samples...
    [200/1000] null_mean=0.2233
    [400/1000] null_mean=0.2224
    [600/1000] null_mean=0.2234
    [800/1000] null_mean=0.2263
    [1000/1000] null_mean=0.2277
  [result] a_obs=0.1982, null_mean=0.2277±0.1188
           Δ=-0.0295, z=-0.25
           θ_obs=78.6°, θ_null=76.7°
           p(more orthogonal)=0.3906, p(more aligned)=0.6104
  [saved] /project/bdoiron/dracoxu/rct-fsflow/paper_project_final/out_nofilter/sacc/alignment/case_ii_alltrials/axis_cov_20201216.json

======================================================================
[done] Per-session results saved to /project/bdoiron/dracoxu/rct-fsflow/paper_project_final/out_nofilter/sacc/alignment/case_ii_alltrials
======================================================================
[done] Case ii → /project/bdoiron/dracoxu/rct-fsflow/paper_project_final/out_nofilter/sacc/alignment/case_ii_alltrials/

------------------------------------------------------------
[Case iii] Stim-C (vertical) vs Sacc-S (horizontal) (all-trials)
  C axes: stim/axes_peakbin_stimC-stim-vertical-20mssw_nofilter (orientation: vertical)
  S axes: sacc/axes_peakbin_saccCS-sacc-horizontal-20mssw_nofilter (orientation: horizontal)
  OUT_ROOT: /project/bdoiron/dracoxu/rct-fsflow/paper_project_final/out_nofilter
------------------------------------------------------------
======================================================================
CROSS-ALIGNMENT AXIS ANALYSIS
======================================================================
[info] Processing 1 session(s)
[info] C: stim/axes_peakbin_stimC-stim-vertical-20mssw_nofilter (vertical)
[info] S: sacc/axes_peakbin_saccCS-sacc-horizontal-20mssw_nofilter (horizontal)
[info] win_C: [0.1, 0.3], win_S: [-0.1, -0.03]
[info] Use rich conditions: False

============================================================
[20201216] Processing cross-alignment...
  [cross] Building geometry from both epochs...
          C epoch: stim, window=(0.1, 0.3), trials=267
          S epoch: sacc, window=(-0.1, -0.03), trials=252
          D_C shape: (77, 40), D_S shape: (77, 28)
  [cross] Observed: |cos(θ)|=0.6956, θ=45.9°
  [null] Manifold dim: 48, D_eff=9.4
         Expected |cos(θ)| ≈ 0.260 (angle ≈ 74.9°)
  [null] Running 1000 covariance-constrained null samples...
    [200/1000] null_mean=0.1879
    [400/1000] null_mean=0.1826
    [600/1000] null_mean=0.1864
    [800/1000] null_mean=0.1895
    [1000/1000] null_mean=0.1894
  [result] a_obs=0.6956, null_mean=0.1894±0.1328
           Δ=0.5062, z=3.81
           θ_obs=45.9°, θ_null=79.0°
           p(more orthogonal)=1.0000, p(more aligned)=0.0010
  [saved] /project/bdoiron/dracoxu/rct-fsflow/paper_project_final/out_nofilter/cross_alignment/case_iii_alltrials/cross_case_iii_alltrials_20201216.json

======================================================================
[done] Results saved to /project/bdoiron/dracoxu/rct-fsflow/paper_project_final/out_nofilter/cross_alignment/case_iii_alltrials
======================================================================
[done] Case iii → /project/bdoiron/dracoxu/rct-fsflow/paper_project_final/out_nofilter/cross_alignment/case_iii_alltrials/

------------------------------------------------------------
[Case iv] Stim-C (pooled) vs Sacc-S (pooled) (all-trials)
  C axes: stim/axes_peakbin_stimC-stim-pooled-20mssw_nofilter (orientation: pooled)
  S axes: sacc/axes_peakbin_saccCS-sacc-pooled-20mssw_nofilter (orientation: pooled)
  OUT_ROOT: /project/bdoiron/dracoxu/rct-fsflow/paper_project_final/out_nofilter
------------------------------------------------------------
======================================================================
CROSS-ALIGNMENT AXIS ANALYSIS
======================================================================
[info] Processing 1 session(s)
[info] C: stim/axes_peakbin_stimC-stim-pooled-20mssw_nofilter (pooled)
[info] S: sacc/axes_peakbin_saccCS-sacc-pooled-20mssw_nofilter (pooled)
[info] win_C: [0.1, 0.3], win_S: [-0.1, -0.03]
[info] Use rich conditions: False

============================================================
[20201216] Processing cross-alignment...
  [cross] Building geometry from both epochs...
          C epoch: stim, window=(0.1, 0.3), trials=519
          S epoch: sacc, window=(-0.1, -0.03), trials=519
          D_C shape: (77, 40), D_S shape: (77, 28)
  [cross] Observed: |cos(θ)|=0.1337, θ=82.3°
  [null] Manifold dim: 44, D_eff=6.0
         Expected |cos(θ)| ≈ 0.327 (angle ≈ 70.9°)
  [null] Running 1000 covariance-constrained null samples...
    [200/1000] null_mean=0.1985
    [400/1000] null_mean=0.2049
    [600/1000] null_mean=0.2026
    [800/1000] null_mean=0.2026
    [1000/1000] null_mean=0.1976
  [result] a_obs=0.1337, null_mean=0.1976±0.1346
           Δ=-0.0639, z=-0.47
           θ_obs=82.3°, θ_null=78.5°
           p(more orthogonal)=0.3846, p(more aligned)=0.6164
  [saved] /project/bdoiron/dracoxu/rct-fsflow/paper_project_final/out_nofilter/cross_alignment/case_iv_alltrials/cross_case_iv_alltrials_20201216.json

======================================================================
[done] Results saved to /project/bdoiron/dracoxu/rct-fsflow/paper_project_final/out_nofilter/cross_alignment/case_iv_alltrials
======================================================================
[done] Case iv → /project/bdoiron/dracoxu/rct-fsflow/paper_project_final/out_nofilter/cross_alignment/case_iv_alltrials/

==============================================================
[done] All cases complete for SID=20201216
==============================================================
