==============================================================
AXIS ALIGNMENT ANALYSIS (NOFILTER) - Session 20200926 (task 5)
==============================================================

[info] Running alignment analysis for 20200926 (NOFILTER)
       Mode: both (AI + axis_shuffle)
       n_perms: 1000

======================================================================
CATEGORY-SACCADE SUBSPACE ALIGNMENT ANALYSIS
======================================================================
[info] Processing 1 session(s)
[info] Mode: both
[info] out_root: /project/bdoiron/dracoxu/rct-fsflow/paper_project_final/out_nofilter
[info] n_perms: 1000

[Analysis A] Alignment Index + Covariance-Matched Null
             Category window: [-0.3, -0.1]
             Saccade window: [-0.1, -0.03]
             Subspace dim k: 6
             Tests: 'less aligned than chance' (orthogonality)

[Analysis B] Axis Angle + Label-Shuffle Null
             Axes tag: axes_peakbin_saccCS-sacc-horizontal-20mssw_nofilter
             Tests: 'more aligned than chance' (label-specific)

============================================================
[20200926] Processing...

  [Analysis A] Alignment Index...
  [AI] Building condition-averaged matrices...
       Category window: (-0.3, -0.1)
       Saccade window: (-0.1, -0.03)
       D_C shape: (82, 38), D_S shape: (82, 16)
       Category subspace: (82, 6), var_explained=0.666
       Saccade subspace: (82, 6), var_explained=0.939
  [AI] Observed AI = 0.3064
       Principal angles (deg): [42.8268063  60.01220047 65.21697948 72.9681473  76.42180075 88.27366715]
       Mean angle: 67.6°, Overlap: 0.1842
  [null] Manifold dim: 34 (from 54 total)
         Expected random overlap (isotropic): ~0.176
  [null] Running 1000 covariance-matched null samples...
    [200/1000] null_AI_mean=0.4421
    [400/1000] null_AI_mean=0.4369
    [600/1000] null_AI_mean=0.4375
    [800/1000] null_AI_mean=0.4357
    [1000/1000] null_AI_mean=0.4365
  [result] AI_obs=0.3064, null_mean=0.4365±0.0704
           Δ_AI=-0.1301
           p(less aligned)=0.0460, p(more aligned)=0.9550
  [saved] /project/bdoiron/dracoxu/rct-fsflow/paper_project_final/out_nofilter/sacc/alignment/nofilter/AI_20200926.json

  [Analysis B] Axis angle + shuffle...
  [axis] Observed: |cos(θ)|=0.1374, θ=82.1°
  [null] Running 1000 label-shuffle permutations...
    [100/1000] null_mean=0.0756
    [200/1000] null_mean=0.0793
    [300/1000] null_mean=0.0783
    [400/1000] null_mean=0.0793
    [500/1000] null_mean=0.0779
    [600/1000] null_mean=0.0772
    [700/1000] null_mean=0.0787
    [800/1000] null_mean=0.0783
    [900/1000] null_mean=0.0769
    [1000/1000] null_mean=0.0777
  [result] Δ=0.0597, p(more aligned)=0.1608
           Note: shuffle null tests 'more aligned than chance'
  [saved] /project/bdoiron/dracoxu/rct-fsflow/paper_project_final/out_nofilter/sacc/alignment/nofilter/axis_shuffle_20200926.json

======================================================================
[done] Per-session results saved to /project/bdoiron/dracoxu/rct-fsflow/paper_project_final/out_nofilter/sacc/alignment/nofilter
======================================================================

[done] Alignment analysis complete for SID=20200926 (NOFILTER)
       Results: /project/bdoiron/dracoxu/rct-fsflow/paper_project_final/out_nofilter/sacc/alignment/nofilter/
