==============================================================
AXIS ALIGNMENT ANALYSIS - Session 20201204 (task 9)
Filter mode: both
==============================================================

------------------------------------------------------------
[info] Running alignment analysis for 20201204 (CORRECT-ONLY trials)
       Mode: all (AI + axis_shuffle + axis_cov)
       OUT_ROOT: /project/bdoiron/dracoxu/rct-fsflow/paper_project_final/out
       AXES_TAG: axes_peakbin_saccCS-sacc-horizontal-20mssw
       n_perms: 1000
------------------------------------------------------------
======================================================================
CATEGORY-SACCADE SUBSPACE ALIGNMENT ANALYSIS
======================================================================
[info] Processing 1 session(s)
[info] Mode: all
[info] out_root: /project/bdoiron/dracoxu/rct-fsflow/paper_project_final/out
[info] n_perms: 1000

[Analysis A] Alignment Index + Covariance-Matched Null (PCA subspaces)
             Category window: [-0.3, -0.1]
             Saccade window: [-0.1, -0.03]
             Subspace dim k: 6
             Tests: 'less aligned than chance' (orthogonality)

[Analysis B] Axis Angle + Label-Shuffle Null
             Axes tag: axes_peakbin_saccCS-sacc-horizontal-20mssw
             Tests: 'more aligned than shuffle chance' (label-specific)

[Analysis C] Axis Angle + Covariance-Constrained Null (DAVE'S QUESTION)
             Axes tag: axes_peakbin_saccCS-sacc-horizontal-20mssw
             Uses trained sC and sS_raw axes
             Tests: 'less aligned than geometry-constrained chance'

============================================================
[20201204] Processing...

  [Analysis A] Alignment Index (PCA subspaces)...
  [AI] Building condition-averaged matrices...
       Category window: (-0.3, -0.1)
       Saccade window: (-0.1, -0.03)
       D_C shape: (59, 38), D_S shape: (59, 16)
       Category subspace: (59, 6), var_explained=0.826
       Saccade subspace: (59, 6), var_explained=0.985
  [AI] Observed AI = 0.4359
       Principal angles (deg): [29.5976958  46.92685012 58.20160507 68.87367444 82.11741068 89.7875533 ]
       Mean angle: 62.6°, Overlap: 0.2748
  [null] Manifold dim: 24 (from 54 total)
         Expected random overlap (isotropic): ~0.250
  [null] Running 1000 covariance-matched null samples...
    [200/1000] null_AI_mean=0.7185
    [400/1000] null_AI_mean=0.7177
    [600/1000] null_AI_mean=0.7188
    [800/1000] null_AI_mean=0.7193
    [1000/1000] null_AI_mean=0.7198
  [result] AI_obs=0.4359, null_mean=0.7198±0.0641
           Δ_AI=-0.2840
           p(less aligned)=0.0010, p(more aligned)=1.0000
  [saved] /project/bdoiron/dracoxu/rct-fsflow/paper_project_final/out/sacc/alignment/correctonly/AI_20201204.json

  [Analysis B] Axis angle + shuffle...
  [axis] Observed: |cos(θ)|=0.0311, θ=88.2°
  [null] Running 1000 label-shuffle permutations...
    [100/1000] null_mean=0.0897
    [200/1000] null_mean=0.0897
    [300/1000] null_mean=0.0883
    [400/1000] null_mean=0.0875
    [500/1000] null_mean=0.0880
    [600/1000] null_mean=0.0874
    [700/1000] null_mean=0.0873
    [800/1000] null_mean=0.0869
    [900/1000] null_mean=0.0880
    [1000/1000] null_mean=0.0881
  [result] Δ=-0.0570, p(more aligned)=0.7852
           Note: shuffle null tests 'more aligned than chance'
  [saved] /project/bdoiron/dracoxu/rct-fsflow/paper_project_final/out/sacc/alignment/correctonly/axis_shuffle_20201204.json

  [Analysis C] Axis angle + covariance-constrained null...
  [axis-cov] Observed: |cos(θ)|=0.0311, θ=88.2°
  [null] Manifold dim: 24, D_eff=2.6
         Expected |cos(θ)| ≈ 0.614 (angle ≈ 52.1°)
  [null] Running 1000 covariance-constrained null samples...
    [200/1000] null_mean=0.1456
    [400/1000] null_mean=0.1453
    [600/1000] null_mean=0.1467
    [800/1000] null_mean=0.1460
    [1000/1000] null_mean=0.1419
  [result] a_obs=0.0311, null_mean=0.1419±0.1111
           Δ=-0.1109, z=-1.00
           θ_obs=88.2°, θ_null=81.8°
           p(more orthogonal)=0.1399, p(more aligned)=0.8611
  [saved] /project/bdoiron/dracoxu/rct-fsflow/paper_project_final/out/sacc/alignment/correctonly/axis_cov_20201204.json

======================================================================
[done] Per-session results saved to /project/bdoiron/dracoxu/rct-fsflow/paper_project_final/out/sacc/alignment/correctonly
======================================================================
[done] CORRECT-ONLY trials complete → /project/bdoiron/dracoxu/rct-fsflow/paper_project_final/out/sacc/alignment/correctonly/

------------------------------------------------------------
[info] Running alignment analysis for 20201204 (ALL trials (nofilter))
       Mode: all (AI + axis_shuffle + axis_cov)
       OUT_ROOT: /project/bdoiron/dracoxu/rct-fsflow/paper_project_final/out_nofilter
       AXES_TAG: axes_peakbin_saccCS-sacc-horizontal-20mssw_nofilter
       n_perms: 1000
------------------------------------------------------------
======================================================================
CATEGORY-SACCADE SUBSPACE ALIGNMENT ANALYSIS
======================================================================
[info] Processing 1 session(s)
[info] Mode: all
[info] out_root: /project/bdoiron/dracoxu/rct-fsflow/paper_project_final/out_nofilter
[info] n_perms: 1000

[Analysis A] Alignment Index + Covariance-Matched Null (PCA subspaces)
             Category window: [-0.3, -0.1]
             Saccade window: [-0.1, -0.03]
             Subspace dim k: 6
             Tests: 'less aligned than chance' (orthogonality)

[Analysis B] Axis Angle + Label-Shuffle Null
             Axes tag: axes_peakbin_saccCS-sacc-horizontal-20mssw_nofilter
             Tests: 'more aligned than shuffle chance' (label-specific)

[Analysis C] Axis Angle + Covariance-Constrained Null (DAVE'S QUESTION)
             Axes tag: axes_peakbin_saccCS-sacc-horizontal-20mssw_nofilter
             Uses trained sC and sS_raw axes
             Tests: 'less aligned than geometry-constrained chance'

============================================================
[20201204] Processing...

  [Analysis A] Alignment Index (PCA subspaces)...
  [AI] Building condition-averaged matrices...
       Category window: (-0.3, -0.1)
       Saccade window: (-0.1, -0.03)
       D_C shape: (59, 38), D_S shape: (59, 16)
       Category subspace: (59, 6), var_explained=0.826
       Saccade subspace: (59, 6), var_explained=0.985
  [AI] Observed AI = 0.4217
       Principal angles (deg): [29.51026612 47.75031113 59.38136499 71.28994377 81.9743014  89.26147245]
       Mean angle: 63.2°, Overlap: 0.2652
  [null] Manifold dim: 24 (from 54 total)
         Expected random overlap (isotropic): ~0.250
  [null] Running 1000 covariance-matched null samples...
    [200/1000] null_AI_mean=0.7224
    [400/1000] null_AI_mean=0.7221
    [600/1000] null_AI_mean=0.7209
    [800/1000] null_AI_mean=0.7207
    [1000/1000] null_AI_mean=0.7217
  [result] AI_obs=0.4217, null_mean=0.7217±0.0651
           Δ_AI=-0.3000
           p(less aligned)=0.0010, p(more aligned)=1.0000
  [saved] /project/bdoiron/dracoxu/rct-fsflow/paper_project_final/out_nofilter/sacc/alignment/nofilter/AI_20201204.json

  [Analysis B] Axis angle + shuffle...
  [axis] Observed: |cos(θ)|=0.0624, θ=86.4°
  [null] Running 1000 label-shuffle permutations...
    [100/1000] null_mean=0.0744
    [200/1000] null_mean=0.0881
    [300/1000] null_mean=0.0872
    [400/1000] null_mean=0.0874
    [500/1000] null_mean=0.0869
    [600/1000] null_mean=0.0874
    [700/1000] null_mean=0.0872
    [800/1000] null_mean=0.0878
    [900/1000] null_mean=0.0877
    [1000/1000] null_mean=0.0871
  [result] Δ=-0.0247, p(more aligned)=0.5804
           Note: shuffle null tests 'more aligned than chance'
  [saved] /project/bdoiron/dracoxu/rct-fsflow/paper_project_final/out_nofilter/sacc/alignment/nofilter/axis_shuffle_20201204.json

  [Analysis C] Axis angle + covariance-constrained null...
  [axis-cov] Observed: |cos(θ)|=0.0624, θ=86.4°
  [null] Manifold dim: 24, D_eff=2.7
         Expected |cos(θ)| ≈ 0.613 (angle ≈ 52.2°)
  [null] Running 1000 covariance-constrained null samples...
    [200/1000] null_mean=0.1331
    [400/1000] null_mean=0.1376
    [600/1000] null_mean=0.1413
    [800/1000] null_mean=0.1433
    [1000/1000] null_mean=0.1440
  [result] a_obs=0.0624, null_mean=0.1440±0.1117
           Δ=-0.0816, z=-0.73
           θ_obs=86.4°, θ_null=81.6°
           p(more orthogonal)=0.2837, p(more aligned)=0.7173
  [saved] /project/bdoiron/dracoxu/rct-fsflow/paper_project_final/out_nofilter/sacc/alignment/nofilter/axis_cov_20201204.json

======================================================================
[done] Per-session results saved to /project/bdoiron/dracoxu/rct-fsflow/paper_project_final/out_nofilter/sacc/alignment/nofilter
======================================================================
[done] ALL trials (nofilter) complete → /project/bdoiron/dracoxu/rct-fsflow/paper_project_final/out_nofilter/sacc/alignment/nofilter/

==============================================================
[done] Alignment analysis complete for SID=20201204
==============================================================
