==============================================================
AXIS ALIGNMENT SUMMARY - ALL SIX CASES
==============================================================

================================================================================
SUMMARY STATISTICS BY CASE
================================================================================

Total sessions in dataset: 23
(Sessions passing QC with AUC >= 0.65 for both C and S axes are included)

--------------------------------------------------------------------------------
SAME-ALIGNMENT CASES (i-iii): Both C and S trained on sacc-aligned data
--------------------------------------------------------------------------------

Case i: Sacc C&S, horizontal (correct-only)
  Sessions passing QC: 21 / 23 (91%)
  |cos(θ)| obs:  0.0888 ± 0.0873
  |cos(θ)| null: 0.2500
  Δ (obs-null):  -0.1613 ± 0.0925
  D_eff (manifold dim): 6.4
  p_orth median: 0.0879
  Sessions MORE ORTHOGONAL than chance (p<0.05): 4 (19.0%)
  --> Δ < 0: Observed is MORE ORTHOGONAL than null

Case ii: Sacc C&S, pooled (correct-only)
  Sessions passing QC: 22 / 23 (96%)
  |cos(θ)| obs:  0.1251 ± 0.1000
  |cos(θ)| null: 0.2859
  Δ (obs-null):  -0.1608 ± 0.1354
  D_eff (manifold dim): 5.8
  p_orth median: 0.2597
  Sessions MORE ORTHOGONAL than chance (p<0.05): 4 (18.2%)
  --> Δ < 0: Observed is MORE ORTHOGONAL than null

Case iii: Sacc C&S, vertical (correct-only)
  Sessions passing QC: 23 / 23 (100%)
  |cos(θ)| obs:  0.1270 ± 0.1208
  |cos(θ)| null: 0.3181
  Δ (obs-null):  -0.1910 ± 0.1301
  D_eff (manifold dim): 5.7
  p_orth median: 0.1079
  Sessions MORE ORTHOGONAL than chance (p<0.05): 4 (17.4%)
  --> Δ < 0: Observed is MORE ORTHOGONAL than null

Case iv: Stim-C(horiz) vs Sacc-S(horiz) (correct-only)
  Sessions passing QC: 21 / 23 (91%)
  |cos(θ)| obs:  0.1316 ± 0.1256
  |cos(θ)| null: 0.1436
  Δ (obs-null):  -0.0121 ± 0.1233
  D_eff (manifold dim): 8.5
  p_orth median: 0.3856
  Sessions MORE ORTHOGONAL than chance (p<0.05): 2 (9.5%)
  --> Δ < 0: Observed is MORE ORTHOGONAL than null

Case v: Stim-C(pooled) vs Sacc-S(pooled) (correct-only)
  Sessions passing QC: 23 / 23 (100%)
  |cos(θ)| obs:  0.1890 ± 0.1324
  |cos(θ)| null: 0.1616
  Δ (obs-null):  0.0275 ± 0.1495
  D_eff (manifold dim): 7.0
  p_orth median: 0.5864
  Sessions MORE ORTHOGONAL than chance (p<0.05): 0 (0.0%)
  --> Δ > 0: Observed is MORE ALIGNED than null

Case vi: Stim-C(vert) vs Sacc-S(horiz) (correct-only)
  Sessions passing QC: 21 / 23 (91%)
  |cos(θ)| obs:  0.4132 ± 0.2097
  |cos(θ)| null: 0.1822
  Δ (obs-null):  0.2310 ± 0.1951
  D_eff (manifold dim): 8.5
  p_orth median: 0.9101
  Sessions MORE ORTHOGONAL than chance (p<0.05): 0 (0.0%)
  --> Δ > 0: Observed is MORE ALIGNED than null

Case i: Sacc C&S, horizontal (all-trials)
  Sessions passing QC: 21 / 23 (91%)
  |cos(θ)| obs:  0.0825 ± 0.0708
  |cos(θ)| null: 0.2426
  Δ (obs-null):  -0.1601 ± 0.0816
  D_eff (manifold dim): 6.3
  p_orth median: 0.1429
  Sessions MORE ORTHOGONAL than chance (p<0.05): 4 (19.0%)
  --> Δ < 0: Observed is MORE ORTHOGONAL than null

Case ii: Sacc C&S, pooled (all-trials)
  Sessions passing QC: 23 / 23 (100%)
  |cos(θ)| obs:  0.1051 ± 0.0931
  |cos(θ)| null: 0.2726
  Δ (obs-null):  -0.1675 ± 0.1262
  D_eff (manifold dim): 5.6
  p_orth median: 0.1758
  Sessions MORE ORTHOGONAL than chance (p<0.05): 6 (26.1%)
  --> Δ < 0: Observed is MORE ORTHOGONAL than null

Case iii: Sacc C&S, vertical (all-trials)
  Sessions passing QC: 23 / 23 (100%)
  |cos(θ)| obs:  0.1001 ± 0.0979
  |cos(θ)| null: 0.2950
  Δ (obs-null):  -0.1949 ± 0.1162
  D_eff (manifold dim): 5.7
  p_orth median: 0.1608
  Sessions MORE ORTHOGONAL than chance (p<0.05): 9 (39.1%)
  --> Δ < 0: Observed is MORE ORTHOGONAL than null

Case iv: Stim-C(horiz) vs Sacc-S(horiz) (all-trials)
  Sessions passing QC: 21 / 23 (91%)
  |cos(θ)| obs:  0.1585 ± 0.1446
  |cos(θ)| null: 0.1414
  Δ (obs-null):  0.0171 ± 0.1614
  D_eff (manifold dim): 8.0
  p_orth median: 0.4166
  Sessions MORE ORTHOGONAL than chance (p<0.05): 2 (9.5%)
  --> Δ > 0: Observed is MORE ALIGNED than null

Case v: Stim-C(pooled) vs Sacc-S(pooled) (all-trials)
  Sessions passing QC: 23 / 23 (100%)
  |cos(θ)| obs:  0.2138 ± 0.1522
  |cos(θ)| null: 0.1532
  Δ (obs-null):  0.0607 ± 0.1670
  D_eff (manifold dim): 6.3
  p_orth median: 0.5824
  Sessions MORE ORTHOGONAL than chance (p<0.05): 0 (0.0%)
  --> Δ > 0: Observed is MORE ALIGNED than null

Case vi: Stim-C(vert) vs Sacc-S(horiz) (all-trials)
  Sessions passing QC: 21 / 23 (91%)
  |cos(θ)| obs:  0.3831 ± 0.2342
  |cos(θ)| null: 0.1789
  Δ (obs-null):  0.2042 ± 0.2191
  D_eff (manifold dim): 7.9
  p_orth median: 0.9061
  Sessions MORE ORTHOGONAL than chance (p<0.05): 0 (0.0%)
  --> Δ > 0: Observed is MORE ALIGNED than null

[saved] /project/bdoiron/dracoxu/rct-fsflow/paper_project_final/out/axis_alignment_all_cases_summary.csv
[saved] /project/bdoiron/dracoxu/rct-fsflow/paper_project_final/out_nofilter/axis_alignment_all_cases_summary.csv

================================================================================
OPTIMAL WINDOW TIMING ANALYSIS
================================================================================
Comparing when C and S information peaks across cases
(allows understanding temporal evolution of category coding)
Found 23 sessions: ['20200327', '20200328', '20200401', '20200402', '20200926']...
Got reaction times for 23 sessions
  RT stats: mean=247ms, median=235ms, range=[188, 303]ms
Collected 266 window timing entries

--- Optimal Window Summary by Case and Feature ---
(peak_time_ms is relative to alignment event: stim onset or sacc onset)

Case i: Sacc C&S (horiz):
  C (sacc-aligned): peak = -10 ± 34 ms, window_len = 62 ms (n=21)
  S (sacc-aligned): peak = 2 ± 28 ms, window_len = 64 ms (n=21)

Case ii: Sacc C&S (pooled):
  C (sacc-aligned): peak = 1 ± 31 ms, window_len = 52 ms (n=23)
  S (sacc-aligned): peak = 10 ± 36 ms, window_len = 65 ms (n=23)

Case iii: Sacc C&S (vert):
  C (sacc-aligned): peak = 3 ± 25 ms, window_len = 54 ms (n=23)
  S (sacc-aligned): peak = 7 ± 32 ms, window_len = 65 ms (n=23)

Case iv: Stim-C(horiz) vs Sacc-S(horiz):
  C (stim-aligned): peak = 259 ± 80 ms, window_len = 64 ms (n=21)
  S (sacc-aligned): peak = 2 ± 28 ms, window_len = 64 ms (n=21)

Case v: Stim-C(pool) vs Sacc-S(pool):
  C (stim-aligned): peak = 264 ± 73 ms, window_len = 57 ms (n=23)
  S (sacc-aligned): peak = 10 ± 36 ms, window_len = 65 ms (n=23)

Case vi: Stim-C(vert) vs Sacc-S(horiz):
  C (stim-aligned): peak = 293 ± 60 ms, window_len = 76 ms (n=23)
  S (sacc-aligned): peak = 2 ± 28 ms, window_len = 64 ms (n=21)

--- C Axis Timing Comparison: Sacc-aligned vs Stim-aligned ---
(Negative Δ means stim-C peaks earlier relative to saccade)

  Horizontal trials (mean RT=252ms):
    Sacc-aligned C (Case i): -10 ms from saccade = 242 ms from stimulus
    Stim-aligned C (Case iv): 259 ms from stimulus
    Δ = 17 ms (stim-C peaks later than sacc-C)

  Pooled trials (mean RT=247ms):
    Sacc-aligned C (Case i): 1 ms from saccade = 248 ms from stimulus
    Stim-aligned C (Case _v): 264 ms from stimulus
    Δ = 16 ms (stim-C peaks later than sacc-C)

  Vertical trials (mean RT=247ms):
    Sacc-aligned C (Case i): 3 ms from saccade = 249 ms from stimulus
    Stim-aligned C (Case vi): 293 ms from stimulus
    Δ = 44 ms (stim-C peaks later than sacc-C)

[saved] Window timing data: /project/bdoiron/dracoxu/rct-fsflow/paper_project_final/out/axis_alignment_window_timing.csv
[saved] Window timing figure: /project/bdoiron/dracoxu/rct-fsflow/paper_project_final/out/axis_alignment_all_cases_figs/window_timing_comparison.pdf
[saved] Window comparison (absolute time): /project/bdoiron/dracoxu/rct-fsflow/paper_project_final/out/axis_alignment_all_cases_figs/window_comparison_absolute_time.pdf

================================================================================
GENERATING COMPREHENSIVE FIGURES FOR ALL SIX CASES
================================================================================

[Generating combined figures for CORRECT-ONLY trials...]
[saved] /project/bdoiron/dracoxu/rct-fsflow/paper_project_final/out/axis_alignment_all_cases_figs/six_cases_summary_correctonly.pdf
[saved] /project/bdoiron/dracoxu/rct-fsflow/paper_project_final/out/axis_alignment_all_cases_figs/obs_vs_null_correctonly.pdf
[saved] /project/bdoiron/dracoxu/rct-fsflow/paper_project_final/out/axis_alignment_all_cases_figs/cos_comparison_correctonly.pdf
[saved] /project/bdoiron/dracoxu/rct-fsflow/paper_project_final/out/axis_alignment_all_cases_figs/summary_bar_chart_correctonly.pdf

[Generating combined figures for ALL TRIALS...]
[saved] /project/bdoiron/dracoxu/rct-fsflow/paper_project_final/out/axis_alignment_all_cases_figs/six_cases_summary_alltrials.pdf
[saved] /project/bdoiron/dracoxu/rct-fsflow/paper_project_final/out/axis_alignment_all_cases_figs/obs_vs_null_alltrials.pdf
[saved] /project/bdoiron/dracoxu/rct-fsflow/paper_project_final/out/axis_alignment_all_cases_figs/cos_comparison_alltrials.pdf
[saved] /project/bdoiron/dracoxu/rct-fsflow/paper_project_final/out/axis_alignment_all_cases_figs/summary_bar_chart_alltrials.pdf

[Generating per-case figures...]
[ok] Saved per-case plots to /project/bdoiron/dracoxu/rct-fsflow/paper_project_final/out/sacc/summary/alignment_case_i_correctonly/figs
[ok] Saved per-case plots to /project/bdoiron/dracoxu/rct-fsflow/paper_project_final/out/sacc/summary/alignment_case_ii_correctonly/figs
[ok] Saved per-case plots to /project/bdoiron/dracoxu/rct-fsflow/paper_project_final/out/sacc/summary/alignment_case_iii_correctonly/figs
[ok] Saved per-case plots to /project/bdoiron/dracoxu/rct-fsflow/paper_project_final/out/cross_alignment/summary/case_iv_correctonly/figs
[ok] Saved per-case plots to /project/bdoiron/dracoxu/rct-fsflow/paper_project_final/out/cross_alignment/summary/case_v_correctonly/figs
[ok] Saved per-case plots to /project/bdoiron/dracoxu/rct-fsflow/paper_project_final/out/cross_alignment/summary/case_vi_correctonly/figs
[ok] Saved per-case plots to /project/bdoiron/dracoxu/rct-fsflow/paper_project_final/out_nofilter/sacc/summary/alignment_case_i_alltrials/figs
[ok] Saved per-case plots to /project/bdoiron/dracoxu/rct-fsflow/paper_project_final/out_nofilter/sacc/summary/alignment_case_ii_alltrials/figs
[ok] Saved per-case plots to /project/bdoiron/dracoxu/rct-fsflow/paper_project_final/out_nofilter/sacc/summary/alignment_case_iii_alltrials/figs
[ok] Saved per-case plots to /project/bdoiron/dracoxu/rct-fsflow/paper_project_final/out_nofilter/cross_alignment/summary/case_iv_alltrials/figs
[ok] Saved per-case plots to /project/bdoiron/dracoxu/rct-fsflow/paper_project_final/out_nofilter/cross_alignment/summary/case_v_alltrials/figs
[ok] Saved per-case plots to /project/bdoiron/dracoxu/rct-fsflow/paper_project_final/out_nofilter/cross_alignment/summary/case_vi_alltrials/figs

================================================================================
DONE - ALL SIX CASES PROCESSED
================================================================================
[done] Summary complete
