==============================================================
AXIS ALIGNMENT ANALYSIS - ALL FOUR CASES
Session: 20230710 (task 16)
Filter mode: both
==============================================================

==============================================================
CORRECT-ONLY TRIALS (out/)
==============================================================

------------------------------------------------------------
[Case i] Sacc-aligned C & S, horizontal trials (correct-only)
  Axes: axes_peakbin_saccCS-sacc-horizontal-20mssw
  Orientation: horizontal
  OUT_ROOT: /project/bdoiron/dracoxu/rct-fsflow/paper_project_final/out
------------------------------------------------------------
======================================================================
CATEGORY-SACCADE SUBSPACE ALIGNMENT ANALYSIS
======================================================================
[info] Processing 1 session(s)
[info] Mode: axis_cov
[info] out_root: /project/bdoiron/dracoxu/rct-fsflow/paper_project_final/out
[info] n_perms: 1000

[Analysis C] Axis Angle + Covariance-Constrained Null (DAVE'S QUESTION)
             Axes tag: axes_peakbin_saccCS-sacc-horizontal-20mssw
             Uses trained sC and sS_raw axes
             Tests: 'less aligned than geometry-constrained chance'

============================================================
[20230710] Processing...

  [Analysis C] Axis angle + covariance-constrained null...
  [axis-cov] Observed: |cos(θ)|=0.3456, θ=69.8°
  [null] Manifold dim: 58, D_eff=21.1
         Expected |cos(θ)| ≈ 0.218 (angle ≈ 77.4°)
  [null] Running 1000 covariance-constrained null samples...
    [200/1000] null_mean=0.1522
    [400/1000] null_mean=0.1598
    [600/1000] null_mean=0.1621
    [800/1000] null_mean=0.1608
    [1000/1000] null_mean=0.1612
  [result] a_obs=0.3456, null_mean=0.1612±0.1157
           Δ=0.1844, z=1.59
           θ_obs=69.8°, θ_null=80.6°
           p(more orthogonal)=0.9191, p(more aligned)=0.0819
  [saved] /project/bdoiron/dracoxu/rct-fsflow/paper_project_final/out/sacc/alignment/case_i_correctonly/axis_cov_20230710.json

======================================================================
[done] Per-session results saved to /project/bdoiron/dracoxu/rct-fsflow/paper_project_final/out/sacc/alignment/case_i_correctonly
======================================================================
[done] Case i → /project/bdoiron/dracoxu/rct-fsflow/paper_project_final/out/sacc/alignment/case_i_correctonly/

------------------------------------------------------------
[Case ii] Sacc-aligned C & S, pooled trials (correct-only)
  Axes: axes_peakbin_saccCS-sacc-pooled-20mssw
  Orientation: pooled
  OUT_ROOT: /project/bdoiron/dracoxu/rct-fsflow/paper_project_final/out
------------------------------------------------------------
======================================================================
CATEGORY-SACCADE SUBSPACE ALIGNMENT ANALYSIS
======================================================================
[info] Processing 1 session(s)
[info] Mode: axis_cov
[info] out_root: /project/bdoiron/dracoxu/rct-fsflow/paper_project_final/out
[info] n_perms: 1000

[Analysis C] Axis Angle + Covariance-Constrained Null (DAVE'S QUESTION)
             Axes tag: axes_peakbin_saccCS-sacc-pooled-20mssw
             Uses trained sC and sS_raw axes
             Tests: 'less aligned than geometry-constrained chance'

============================================================
[20230710] Processing...

  [Analysis C] Axis angle + covariance-constrained null...
  [axis-cov] Observed: |cos(θ)|=0.1982, θ=78.6°
  [null] Manifold dim: 63, D_eff=13.5
         Expected |cos(θ)| ≈ 0.272 (angle ≈ 74.2°)
  [null] Running 1000 covariance-constrained null samples...
    [200/1000] null_mean=0.1213
    [400/1000] null_mean=0.1128
    [600/1000] null_mean=0.1192
    [800/1000] null_mean=0.1161
    [1000/1000] null_mean=0.1170
  [result] a_obs=0.1982, null_mean=0.1170±0.0869
           Δ=0.0812, z=0.93
           θ_obs=78.6°, θ_null=83.2°
           p(more orthogonal)=0.8262, p(more aligned)=0.1748
  [saved] /project/bdoiron/dracoxu/rct-fsflow/paper_project_final/out/sacc/alignment/case_ii_correctonly/axis_cov_20230710.json

======================================================================
[done] Per-session results saved to /project/bdoiron/dracoxu/rct-fsflow/paper_project_final/out/sacc/alignment/case_ii_correctonly
======================================================================
[done] Case ii → /project/bdoiron/dracoxu/rct-fsflow/paper_project_final/out/sacc/alignment/case_ii_correctonly/
[WARN] Axes not found for Case iii → skipping
       Missing: /project/bdoiron/dracoxu/rct-fsflow/paper_project_final/out/stim/20230710/axes/axes_peakbin_C-stim-vertical-20mssw
