==============================================================
AXIS ALIGNMENT ANALYSIS - ALL FOUR CASES
Session: 20201001 (task 7)
Filter mode: both
==============================================================

==============================================================
CORRECT-ONLY TRIALS (out/)
==============================================================

------------------------------------------------------------
[Case i] Sacc-aligned C & S, horizontal trials (correct-only)
  Axes: axes_peakbin_saccCS-sacc-horizontal-20mssw
  Orientation: horizontal
  OUT_ROOT: /project/bdoiron/dracoxu/rct-fsflow/paper_project_final/out
------------------------------------------------------------
======================================================================
CATEGORY-SACCADE SUBSPACE ALIGNMENT ANALYSIS
======================================================================
[info] Processing 1 session(s)
[info] Mode: axis_cov
[info] out_root: /project/bdoiron/dracoxu/rct-fsflow/paper_project_final/out
[info] n_perms: 1000

[Analysis C] Axis Angle + Covariance-Constrained Null (DAVE'S QUESTION)
             Axes tag: axes_peakbin_saccCS-sacc-horizontal-20mssw
             Uses trained sC and sS_raw axes
             Tests: 'less aligned than geometry-constrained chance'

============================================================
[20201001] Processing...

  [Analysis C] Axis angle + covariance-constrained null...
  [axis-cov] Observed: |cos(θ)|=0.0350, θ=88.0°
  [null] Manifold dim: 98, D_eff=8.5
         Expected |cos(θ)| ≈ 0.343 (angle ≈ 70.0°)
  [null] Running 1000 covariance-constrained null samples...
    [200/1000] null_mean=0.1771
    [400/1000] null_mean=0.1788
    [600/1000] null_mean=0.1779
    [800/1000] null_mean=0.1803
    [1000/1000] null_mean=0.1817
  [result] a_obs=0.0350, null_mean=0.1817±0.1271
           Δ=-0.1467, z=-1.15
           θ_obs=88.0°, θ_null=79.4°
           p(more orthogonal)=0.1179, p(more aligned)=0.8831
  [saved] /project/bdoiron/dracoxu/rct-fsflow/paper_project_final/out/sacc/alignment/case_i_correctonly/axis_cov_20201001.json

======================================================================
[done] Per-session results saved to /project/bdoiron/dracoxu/rct-fsflow/paper_project_final/out/sacc/alignment/case_i_correctonly
======================================================================
[done] Case i → /project/bdoiron/dracoxu/rct-fsflow/paper_project_final/out/sacc/alignment/case_i_correctonly/

------------------------------------------------------------
[Case ii] Sacc-aligned C & S, pooled trials (correct-only)
  Axes: axes_peakbin_saccCS-sacc-pooled-20mssw
  Orientation: pooled
  OUT_ROOT: /project/bdoiron/dracoxu/rct-fsflow/paper_project_final/out
------------------------------------------------------------
======================================================================
CATEGORY-SACCADE SUBSPACE ALIGNMENT ANALYSIS
======================================================================
[info] Processing 1 session(s)
[info] Mode: axis_cov
[info] out_root: /project/bdoiron/dracoxu/rct-fsflow/paper_project_final/out
[info] n_perms: 1000

[Analysis C] Axis Angle + Covariance-Constrained Null (DAVE'S QUESTION)
             Axes tag: axes_peakbin_saccCS-sacc-pooled-20mssw
             Uses trained sC and sS_raw axes
             Tests: 'less aligned than geometry-constrained chance'

============================================================
[20201001] Processing...

  [Analysis C] Axis angle + covariance-constrained null...
  [axis-cov] Observed: |cos(θ)|=0.1913, θ=79.0°
  [null] Manifold dim: 115, D_eff=10.1
         Expected |cos(θ)| ≈ 0.315 (angle ≈ 71.6°)
  [null] Running 1000 covariance-constrained null samples...
    [200/1000] null_mean=0.1829
    [400/1000] null_mean=0.1766
    [600/1000] null_mean=0.1759
    [800/1000] null_mean=0.1764
    [1000/1000] null_mean=0.1740
  [result] a_obs=0.1913, null_mean=0.1740±0.1197
           Δ=0.0172, z=0.14
           θ_obs=79.0°, θ_null=79.9°
           p(more orthogonal)=0.6114, p(more aligned)=0.3896
  [saved] /project/bdoiron/dracoxu/rct-fsflow/paper_project_final/out/sacc/alignment/case_ii_correctonly/axis_cov_20201001.json

======================================================================
[done] Per-session results saved to /project/bdoiron/dracoxu/rct-fsflow/paper_project_final/out/sacc/alignment/case_ii_correctonly
======================================================================
[done] Case ii → /project/bdoiron/dracoxu/rct-fsflow/paper_project_final/out/sacc/alignment/case_ii_correctonly/

------------------------------------------------------------
[Case iii] Stim-C (vertical) vs Sacc-S (horizontal) (correct-only)
  C axes: stim/axes_peakbin_stimC-stim-vertical-20mssw (orientation: vertical)
  S axes: sacc/axes_peakbin_saccCS-sacc-horizontal-20mssw (orientation: horizontal)
  OUT_ROOT: /project/bdoiron/dracoxu/rct-fsflow/paper_project_final/out
------------------------------------------------------------
======================================================================
CROSS-ALIGNMENT AXIS ANALYSIS
======================================================================
[info] Processing 1 session(s)
[info] C: stim/axes_peakbin_stimC-stim-vertical-20mssw (vertical)
[info] S: sacc/axes_peakbin_saccCS-sacc-horizontal-20mssw (horizontal)
[info] win_C: [0.1, 0.3], win_S: [-0.1, -0.03]
[info] Use rich conditions: True

============================================================
[20201001] Processing cross-alignment...
  [cross] Building geometry from both epochs...
          C epoch: stim, window=(0.1, 0.3), trials=292
          S epoch: sacc, window=(-0.1, -0.03), trials=256
          D_C shape: (139, 120), D_S shape: (139, 112)
  [cross] Observed: |cos(θ)|=0.5580, θ=56.1°
  [null] Manifold dim: 114, D_eff=18.2
         Expected |cos(θ)| ≈ 0.187 (angle ≈ 79.2°)
  [null] Running 1000 covariance-constrained null samples...
    [200/1000] null_mean=0.1607
    [400/1000] null_mean=0.1600
    [600/1000] null_mean=0.1607
    [800/1000] null_mean=0.1594
    [1000/1000] null_mean=0.1596
  [result] a_obs=0.5580, null_mean=0.1596±0.1140
           Δ=0.3983, z=3.50
           θ_obs=56.1°, θ_null=80.7°
           p(more orthogonal)=1.0000, p(more aligned)=0.0010
  [saved] /project/bdoiron/dracoxu/rct-fsflow/paper_project_final/out/cross_alignment/case_iii_correctonly/cross_case_iii_correctonly_20201001.json

======================================================================
[done] Results saved to /project/bdoiron/dracoxu/rct-fsflow/paper_project_final/out/cross_alignment/case_iii_correctonly
======================================================================
[done] Case iii → /project/bdoiron/dracoxu/rct-fsflow/paper_project_final/out/cross_alignment/case_iii_correctonly/

------------------------------------------------------------
[Case iv] Stim-C (pooled) vs Sacc-S (pooled) (correct-only)
  C axes: stim/axes_peakbin_stimC-stim-pooled-20mssw (orientation: pooled)
  S axes: sacc/axes_peakbin_saccCS-sacc-pooled-20mssw (orientation: pooled)
  OUT_ROOT: /project/bdoiron/dracoxu/rct-fsflow/paper_project_final/out
------------------------------------------------------------
======================================================================
CROSS-ALIGNMENT AXIS ANALYSIS
======================================================================
[info] Processing 1 session(s)
[info] C: stim/axes_peakbin_stimC-stim-pooled-20mssw (pooled)
[info] S: sacc/axes_peakbin_saccCS-sacc-pooled-20mssw (pooled)
[info] win_C: [0.1, 0.3], win_S: [-0.1, -0.03]
[info] Use rich conditions: True

============================================================
[20201001] Processing cross-alignment...
  [cross] Building geometry from both epochs...
          C epoch: stim, window=(0.1, 0.3), trials=548
          S epoch: sacc, window=(-0.1, -0.03), trials=548
          D_C shape: (139, 320), D_S shape: (139, 224)
  [cross] Observed: |cos(θ)|=0.1207, θ=83.1°
  [null] Manifold dim: 126, D_eff=26.5
         Expected |cos(θ)| ≈ 0.155 (angle ≈ 81.1°)
  [null] Running 1000 covariance-constrained null samples...
    [200/1000] null_mean=0.1130
    [400/1000] null_mean=0.1152
    [600/1000] null_mean=0.1141
    [800/1000] null_mean=0.1136
    [1000/1000] null_mean=0.1123
  [result] a_obs=0.1207, null_mean=0.1123±0.0872
           Δ=0.0084, z=0.10
           θ_obs=83.1°, θ_null=83.5°
           p(more orthogonal)=0.5934, p(more aligned)=0.4076
  [saved] /project/bdoiron/dracoxu/rct-fsflow/paper_project_final/out/cross_alignment/case_iv_correctonly/cross_case_iv_correctonly_20201001.json

======================================================================
[done] Results saved to /project/bdoiron/dracoxu/rct-fsflow/paper_project_final/out/cross_alignment/case_iv_correctonly
======================================================================
[done] Case iv → /project/bdoiron/dracoxu/rct-fsflow/paper_project_final/out/cross_alignment/case_iv_correctonly/

==============================================================
ALL TRIALS (out_nofilter/)
==============================================================

------------------------------------------------------------
[Case i] Sacc-aligned C & S, horizontal trials (all-trials)
  Axes: axes_peakbin_saccCS-sacc-horizontal-20mssw_nofilter
  Orientation: horizontal
  OUT_ROOT: /project/bdoiron/dracoxu/rct-fsflow/paper_project_final/out_nofilter
------------------------------------------------------------
======================================================================
CATEGORY-SACCADE SUBSPACE ALIGNMENT ANALYSIS
======================================================================
[info] Processing 1 session(s)
[info] Mode: axis_cov
[info] out_root: /project/bdoiron/dracoxu/rct-fsflow/paper_project_final/out_nofilter
[info] n_perms: 1000

[Analysis C] Axis Angle + Covariance-Constrained Null (DAVE'S QUESTION)
             Axes tag: axes_peakbin_saccCS-sacc-horizontal-20mssw_nofilter
             Uses trained sC and sS_raw axes
             Tests: 'less aligned than geometry-constrained chance'

============================================================
[20201001] Processing...

  [Analysis C] Axis angle + covariance-constrained null...
  [axis-cov] Observed: |cos(θ)|=0.0257, θ=88.5°
  [null] Manifold dim: 98, D_eff=8.7
         Expected |cos(θ)| ≈ 0.339 (angle ≈ 70.2°)
  [null] Running 1000 covariance-constrained null samples...
    [200/1000] null_mean=0.1798
    [400/1000] null_mean=0.1821
    [600/1000] null_mean=0.1838
    [800/1000] null_mean=0.1861
    [1000/1000] null_mean=0.1876
  [result] a_obs=0.0257, null_mean=0.1876±0.1312
           Δ=-0.1619, z=-1.23
           θ_obs=88.5°, θ_null=79.1°
           p(more orthogonal)=0.0909, p(more aligned)=0.9101
  [saved] /project/bdoiron/dracoxu/rct-fsflow/paper_project_final/out_nofilter/sacc/alignment/case_i_alltrials/axis_cov_20201001.json

======================================================================
[done] Per-session results saved to /project/bdoiron/dracoxu/rct-fsflow/paper_project_final/out_nofilter/sacc/alignment/case_i_alltrials
======================================================================
[done] Case i → /project/bdoiron/dracoxu/rct-fsflow/paper_project_final/out_nofilter/sacc/alignment/case_i_alltrials/

------------------------------------------------------------
[Case ii] Sacc-aligned C & S, pooled trials (all-trials)
  Axes: axes_peakbin_saccCS-sacc-pooled-20mssw_nofilter
  Orientation: pooled
  OUT_ROOT: /project/bdoiron/dracoxu/rct-fsflow/paper_project_final/out_nofilter
------------------------------------------------------------
======================================================================
CATEGORY-SACCADE SUBSPACE ALIGNMENT ANALYSIS
======================================================================
[info] Processing 1 session(s)
[info] Mode: axis_cov
[info] out_root: /project/bdoiron/dracoxu/rct-fsflow/paper_project_final/out_nofilter
[info] n_perms: 1000

[Analysis C] Axis Angle + Covariance-Constrained Null (DAVE'S QUESTION)
             Axes tag: axes_peakbin_saccCS-sacc-pooled-20mssw_nofilter
             Uses trained sC and sS_raw axes
             Tests: 'less aligned than geometry-constrained chance'

============================================================
[20201001] Processing...

  [Analysis C] Axis angle + covariance-constrained null...
  [axis-cov] Observed: |cos(θ)|=0.2289, θ=76.8°
  [null] Manifold dim: 106, D_eff=8.5
         Expected |cos(θ)| ≈ 0.343 (angle ≈ 69.9°)
  [null] Running 1000 covariance-constrained null samples...
    [200/1000] null_mean=0.1779
    [400/1000] null_mean=0.1794
    [600/1000] null_mean=0.1854
    [800/1000] null_mean=0.1860
    [1000/1000] null_mean=0.1868
  [result] a_obs=0.2289, null_mean=0.1868±0.1241
           Δ=0.0421, z=0.34
           θ_obs=76.8°, θ_null=79.1°
           p(more orthogonal)=0.6414, p(more aligned)=0.3596
  [saved] /project/bdoiron/dracoxu/rct-fsflow/paper_project_final/out_nofilter/sacc/alignment/case_ii_alltrials/axis_cov_20201001.json

======================================================================
[done] Per-session results saved to /project/bdoiron/dracoxu/rct-fsflow/paper_project_final/out_nofilter/sacc/alignment/case_ii_alltrials
======================================================================
[done] Case ii → /project/bdoiron/dracoxu/rct-fsflow/paper_project_final/out_nofilter/sacc/alignment/case_ii_alltrials/

------------------------------------------------------------
[Case iii] Stim-C (vertical) vs Sacc-S (horizontal) (all-trials)
  C axes: stim/axes_peakbin_stimC-stim-vertical-20mssw_nofilter (orientation: vertical)
  S axes: sacc/axes_peakbin_saccCS-sacc-horizontal-20mssw_nofilter (orientation: horizontal)
  OUT_ROOT: /project/bdoiron/dracoxu/rct-fsflow/paper_project_final/out_nofilter
------------------------------------------------------------
======================================================================
CROSS-ALIGNMENT AXIS ANALYSIS
======================================================================
[info] Processing 1 session(s)
[info] C: stim/axes_peakbin_stimC-stim-vertical-20mssw_nofilter (vertical)
[info] S: sacc/axes_peakbin_saccCS-sacc-horizontal-20mssw_nofilter (horizontal)
[info] win_C: [0.1, 0.3], win_S: [-0.1, -0.03]
[info] Use rich conditions: True

============================================================
[20201001] Processing cross-alignment...
  [cross] Building geometry from both epochs...
          C epoch: stim, window=(0.1, 0.3), trials=299
          S epoch: sacc, window=(-0.1, -0.03), trials=260
          D_C shape: (139, 120), D_S shape: (139, 112)
  [cross] Observed: |cos(θ)|=0.4520, θ=63.1°
  [null] Manifold dim: 114, D_eff=17.9
         Expected |cos(θ)| ≈ 0.189 (angle ≈ 79.1°)
  [null] Running 1000 covariance-constrained null samples...
    [200/1000] null_mean=0.1474
    [400/1000] null_mean=0.1526
    [600/1000] null_mean=0.1521
    [800/1000] null_mean=0.1512
    [1000/1000] null_mean=0.1465
  [result] a_obs=0.4520, null_mean=0.1465±0.1051
           Δ=0.3055, z=2.91
           θ_obs=63.1°, θ_null=81.5°
           p(more orthogonal)=0.9930, p(more aligned)=0.0080
  [saved] /project/bdoiron/dracoxu/rct-fsflow/paper_project_final/out_nofilter/cross_alignment/case_iii_alltrials/cross_case_iii_alltrials_20201001.json

======================================================================
[done] Results saved to /project/bdoiron/dracoxu/rct-fsflow/paper_project_final/out_nofilter/cross_alignment/case_iii_alltrials
======================================================================
[done] Case iii → /project/bdoiron/dracoxu/rct-fsflow/paper_project_final/out_nofilter/cross_alignment/case_iii_alltrials/

------------------------------------------------------------
[Case iv] Stim-C (pooled) vs Sacc-S (pooled) (all-trials)
  C axes: stim/axes_peakbin_stimC-stim-pooled-20mssw_nofilter (orientation: pooled)
  S axes: sacc/axes_peakbin_saccCS-sacc-pooled-20mssw_nofilter (orientation: pooled)
  OUT_ROOT: /project/bdoiron/dracoxu/rct-fsflow/paper_project_final/out_nofilter
------------------------------------------------------------
======================================================================
CROSS-ALIGNMENT AXIS ANALYSIS
======================================================================
[info] Processing 1 session(s)
[info] C: stim/axes_peakbin_stimC-stim-pooled-20mssw_nofilter (pooled)
[info] S: sacc/axes_peakbin_saccCS-sacc-pooled-20mssw_nofilter (pooled)
[info] win_C: [0.1, 0.3], win_S: [-0.1, -0.03]
[info] Use rich conditions: True

============================================================
[20201001] Processing cross-alignment...
  [cross] Building geometry from both epochs...
          C epoch: stim, window=(0.1, 0.3), trials=559
          S epoch: sacc, window=(-0.1, -0.03), trials=559
          D_C shape: (139, 240), D_S shape: (139, 168)
  [cross] Observed: |cos(θ)|=0.1578, θ=80.9°
  [null] Manifold dim: 121, D_eff=22.2
         Expected |cos(θ)| ≈ 0.169 (angle ≈ 80.3°)
  [null] Running 1000 covariance-constrained null samples...
    [200/1000] null_mean=0.1170
    [400/1000] null_mean=0.1155
    [600/1000] null_mean=0.1163
    [800/1000] null_mean=0.1177
    [1000/1000] null_mean=0.1209
  [result] a_obs=0.1578, null_mean=0.1209±0.0891
           Δ=0.0369, z=0.41
           θ_obs=80.9°, θ_null=83.0°
           p(more orthogonal)=0.6983, p(more aligned)=0.3027
  [saved] /project/bdoiron/dracoxu/rct-fsflow/paper_project_final/out_nofilter/cross_alignment/case_iv_alltrials/cross_case_iv_alltrials_20201001.json

======================================================================
[done] Results saved to /project/bdoiron/dracoxu/rct-fsflow/paper_project_final/out_nofilter/cross_alignment/case_iv_alltrials
======================================================================
[done] Case iv → /project/bdoiron/dracoxu/rct-fsflow/paper_project_final/out_nofilter/cross_alignment/case_iv_alltrials/

==============================================================
[done] All cases complete for SID=20201001
==============================================================
