==============================================================
AXIS ALIGNMENT ANALYSIS - ALL FOUR CASES
Session: 20201004 (task 8)
Filter mode: both
==============================================================

==============================================================
CORRECT-ONLY TRIALS (out/)
==============================================================

------------------------------------------------------------
[Case i] Sacc-aligned C & S, horizontal trials (correct-only)
  Axes: axes_peakbin_saccCS-sacc-horizontal-20mssw
  Orientation: horizontal
  OUT_ROOT: /project/bdoiron/dracoxu/rct-fsflow/paper_project_final/out
------------------------------------------------------------
======================================================================
CATEGORY-SACCADE SUBSPACE ALIGNMENT ANALYSIS
======================================================================
[info] Processing 1 session(s)
[info] Mode: axis_cov
[info] out_root: /project/bdoiron/dracoxu/rct-fsflow/paper_project_final/out
[info] n_perms: 1000

[Analysis C] Axis Angle + Covariance-Constrained Null (DAVE'S QUESTION)
             Axes tag: axes_peakbin_saccCS-sacc-horizontal-20mssw
             Uses trained sC and sS_raw axes
             Tests: 'less aligned than geometry-constrained chance'

============================================================
[20201004] Processing...

  [Analysis C] Axis angle + covariance-constrained null...
  [axis-cov] Observed: |cos(θ)|=0.0786, θ=85.5°
  [null] Manifold dim: 31, D_eff=2.2
         Expected |cos(θ)| ≈ 0.679 (angle ≈ 47.2°)
  [null] Running 1000 covariance-constrained null samples...
    [200/1000] null_mean=0.1779
    [400/1000] null_mean=0.1850
    [600/1000] null_mean=0.1857
    [800/1000] null_mean=0.1866
    [1000/1000] null_mean=0.1860
  [result] a_obs=0.0786, null_mean=0.1860±0.1137
           Δ=-0.1074, z=-0.94
           θ_obs=85.5°, θ_null=79.2°
           p(more orthogonal)=0.1958, p(more aligned)=0.8052
  [saved] /project/bdoiron/dracoxu/rct-fsflow/paper_project_final/out/sacc/alignment/case_i_correctonly/axis_cov_20201004.json

======================================================================
[done] Per-session results saved to /project/bdoiron/dracoxu/rct-fsflow/paper_project_final/out/sacc/alignment/case_i_correctonly
======================================================================
[done] Case i → /project/bdoiron/dracoxu/rct-fsflow/paper_project_final/out/sacc/alignment/case_i_correctonly/

------------------------------------------------------------
[Case ii] Sacc-aligned C & S, pooled trials (correct-only)
  Axes: axes_peakbin_saccCS-sacc-pooled-20mssw
  Orientation: pooled
  OUT_ROOT: /project/bdoiron/dracoxu/rct-fsflow/paper_project_final/out
------------------------------------------------------------
======================================================================
CATEGORY-SACCADE SUBSPACE ALIGNMENT ANALYSIS
======================================================================
[info] Processing 1 session(s)
[info] Mode: axis_cov
[info] out_root: /project/bdoiron/dracoxu/rct-fsflow/paper_project_final/out
[info] n_perms: 1000

[Analysis C] Axis Angle + Covariance-Constrained Null (DAVE'S QUESTION)
             Axes tag: axes_peakbin_saccCS-sacc-pooled-20mssw
             Uses trained sC and sS_raw axes
             Tests: 'less aligned than geometry-constrained chance'

============================================================
[20201004] Processing...

  [Analysis C] Axis angle + covariance-constrained null...
  [axis-cov] Observed: |cos(θ)|=0.3253, θ=71.0°
  [null] Manifold dim: 32, D_eff=2.4
         Expected |cos(θ)| ≈ 0.651 (angle ≈ 49.4°)
  [null] Running 1000 covariance-constrained null samples...
    [200/1000] null_mean=0.2202
    [400/1000] null_mean=0.2212
    [600/1000] null_mean=0.2295
    [800/1000] null_mean=0.2305
    [1000/1000] null_mean=0.2304
  [result] a_obs=0.3253, null_mean=0.2304±0.1381
           Δ=0.0949, z=0.69
           θ_obs=71.0°, θ_null=76.5°
           p(more orthogonal)=0.7323, p(more aligned)=0.2687
  [saved] /project/bdoiron/dracoxu/rct-fsflow/paper_project_final/out/sacc/alignment/case_ii_correctonly/axis_cov_20201004.json

======================================================================
[done] Per-session results saved to /project/bdoiron/dracoxu/rct-fsflow/paper_project_final/out/sacc/alignment/case_ii_correctonly
======================================================================
[done] Case ii → /project/bdoiron/dracoxu/rct-fsflow/paper_project_final/out/sacc/alignment/case_ii_correctonly/

------------------------------------------------------------
[Case iii] Stim-C (vertical) vs Sacc-S (horizontal) (correct-only)
  C axes: stim/axes_peakbin_stimC-stim-vertical-20mssw (orientation: vertical)
  S axes: sacc/axes_peakbin_saccCS-sacc-horizontal-20mssw (orientation: horizontal)
  OUT_ROOT: /project/bdoiron/dracoxu/rct-fsflow/paper_project_final/out
------------------------------------------------------------
======================================================================
CROSS-ALIGNMENT AXIS ANALYSIS
======================================================================
[info] Processing 1 session(s)
[info] C: stim/axes_peakbin_stimC-stim-vertical-20mssw (vertical)
[info] S: sacc/axes_peakbin_saccCS-sacc-horizontal-20mssw (horizontal)
[info] win_C: [0.1, 0.3], win_S: [-0.1, -0.03]
[info] Use rich conditions: False

============================================================
[20201004] Processing cross-alignment...
  [cross] Building geometry from both epochs...
          C epoch: stim, window=(0.1, 0.3), trials=237
          S epoch: sacc, window=(-0.1, -0.03), trials=291
          D_C shape: (123, 40), D_S shape: (123, 28)
  [cross] Observed: |cos(θ)|=0.3844, θ=67.4°
  [null] Manifold dim: 53, D_eff=6.5
         Expected |cos(θ)| ≈ 0.314 (angle ≈ 71.7°)
  [null] Running 1000 covariance-constrained null samples...
    [200/1000] null_mean=0.2080
    [400/1000] null_mean=0.2052
    [600/1000] null_mean=0.2126
    [800/1000] null_mean=0.2107
    [1000/1000] null_mean=0.2103
  [result] a_obs=0.3844, null_mean=0.2103±0.1338
           Δ=0.1741, z=1.30
           θ_obs=67.4°, θ_null=77.7°
           p(more orthogonal)=0.8851, p(more aligned)=0.1159
  [saved] /project/bdoiron/dracoxu/rct-fsflow/paper_project_final/out/cross_alignment/case_iii_correctonly/cross_case_iii_correctonly_20201004.json

======================================================================
[done] Results saved to /project/bdoiron/dracoxu/rct-fsflow/paper_project_final/out/cross_alignment/case_iii_correctonly
======================================================================
[done] Case iii → /project/bdoiron/dracoxu/rct-fsflow/paper_project_final/out/cross_alignment/case_iii_correctonly/

------------------------------------------------------------
[Case iv] Stim-C (pooled) vs Sacc-S (pooled) (correct-only)
  C axes: stim/axes_peakbin_stimC-stim-pooled-20mssw (orientation: pooled)
  S axes: sacc/axes_peakbin_saccCS-sacc-pooled-20mssw (orientation: pooled)
  OUT_ROOT: /project/bdoiron/dracoxu/rct-fsflow/paper_project_final/out
------------------------------------------------------------
======================================================================
CROSS-ALIGNMENT AXIS ANALYSIS
======================================================================
[info] Processing 1 session(s)
[info] C: stim/axes_peakbin_stimC-stim-pooled-20mssw (pooled)
[info] S: sacc/axes_peakbin_saccCS-sacc-pooled-20mssw (pooled)
[info] win_C: [0.1, 0.3], win_S: [-0.1, -0.03]
[info] Use rich conditions: False

============================================================
[20201004] Processing cross-alignment...
  [cross] Building geometry from both epochs...
          C epoch: stim, window=(0.1, 0.3), trials=528
          S epoch: sacc, window=(-0.1, -0.03), trials=528
          D_C shape: (123, 40), D_S shape: (123, 28)
  [cross] Observed: |cos(θ)|=0.3875, θ=67.2°
  [null] Manifold dim: 50, D_eff=4.5
         Expected |cos(θ)| ≈ 0.374 (angle ≈ 68.0°)
  [null] Running 1000 covariance-constrained null samples...
    [200/1000] null_mean=0.2178
    [400/1000] null_mean=0.2073
    [600/1000] null_mean=0.2034
    [800/1000] null_mean=0.2063
    [1000/1000] null_mean=0.2053
  [result] a_obs=0.3875, null_mean=0.2053±0.1417
           Δ=0.1822, z=1.29
           θ_obs=67.2°, θ_null=78.0°
           p(more orthogonal)=0.8691, p(more aligned)=0.1319
  [saved] /project/bdoiron/dracoxu/rct-fsflow/paper_project_final/out/cross_alignment/case_iv_correctonly/cross_case_iv_correctonly_20201004.json

======================================================================
[done] Results saved to /project/bdoiron/dracoxu/rct-fsflow/paper_project_final/out/cross_alignment/case_iv_correctonly
======================================================================
[done] Case iv → /project/bdoiron/dracoxu/rct-fsflow/paper_project_final/out/cross_alignment/case_iv_correctonly/

==============================================================
ALL TRIALS (out_nofilter/)
==============================================================

------------------------------------------------------------
[Case i] Sacc-aligned C & S, horizontal trials (all-trials)
  Axes: axes_peakbin_saccCS-sacc-horizontal-20mssw_nofilter
  Orientation: horizontal
  OUT_ROOT: /project/bdoiron/dracoxu/rct-fsflow/paper_project_final/out_nofilter
------------------------------------------------------------
======================================================================
CATEGORY-SACCADE SUBSPACE ALIGNMENT ANALYSIS
======================================================================
[info] Processing 1 session(s)
[info] Mode: axis_cov
[info] out_root: /project/bdoiron/dracoxu/rct-fsflow/paper_project_final/out_nofilter
[info] n_perms: 1000

[Analysis C] Axis Angle + Covariance-Constrained Null (DAVE'S QUESTION)
             Axes tag: axes_peakbin_saccCS-sacc-horizontal-20mssw_nofilter
             Uses trained sC and sS_raw axes
             Tests: 'less aligned than geometry-constrained chance'

============================================================
[20201004] Processing...

  [Analysis C] Axis angle + covariance-constrained null...
  [axis-cov] Observed: |cos(θ)|=0.0541, θ=86.9°
  [null] Manifold dim: 31, D_eff=2.2
         Expected |cos(θ)| ≈ 0.678 (angle ≈ 47.3°)
  [null] Running 1000 covariance-constrained null samples...
    [200/1000] null_mean=0.1887
    [400/1000] null_mean=0.1918
    [600/1000] null_mean=0.1922
    [800/1000] null_mean=0.1951
    [1000/1000] null_mean=0.1952
  [result] a_obs=0.0541, null_mean=0.1952±0.1145
           Δ=-0.1412, z=-1.23
           θ_obs=86.9°, θ_null=78.7°
           p(more orthogonal)=0.1239, p(more aligned)=0.8771
  [saved] /project/bdoiron/dracoxu/rct-fsflow/paper_project_final/out_nofilter/sacc/alignment/case_i_alltrials/axis_cov_20201004.json

======================================================================
[done] Per-session results saved to /project/bdoiron/dracoxu/rct-fsflow/paper_project_final/out_nofilter/sacc/alignment/case_i_alltrials
======================================================================
[done] Case i → /project/bdoiron/dracoxu/rct-fsflow/paper_project_final/out_nofilter/sacc/alignment/case_i_alltrials/

------------------------------------------------------------
[Case ii] Sacc-aligned C & S, pooled trials (all-trials)
  Axes: axes_peakbin_saccCS-sacc-pooled-20mssw_nofilter
  Orientation: pooled
  OUT_ROOT: /project/bdoiron/dracoxu/rct-fsflow/paper_project_final/out_nofilter
------------------------------------------------------------
======================================================================
CATEGORY-SACCADE SUBSPACE ALIGNMENT ANALYSIS
======================================================================
[info] Processing 1 session(s)
[info] Mode: axis_cov
[info] out_root: /project/bdoiron/dracoxu/rct-fsflow/paper_project_final/out_nofilter
[info] n_perms: 1000

[Analysis C] Axis Angle + Covariance-Constrained Null (DAVE'S QUESTION)
             Axes tag: axes_peakbin_saccCS-sacc-pooled-20mssw_nofilter
             Uses trained sC and sS_raw axes
             Tests: 'less aligned than geometry-constrained chance'

============================================================
[20201004] Processing...

  [Analysis C] Axis angle + covariance-constrained null...
  [axis-cov] Observed: |cos(θ)|=0.2585, θ=75.0°
  [null] Manifold dim: 32, D_eff=2.3
         Expected |cos(θ)| ≈ 0.652 (angle ≈ 49.3°)
  [null] Running 1000 covariance-constrained null samples...
    [200/1000] null_mean=0.2325
    [400/1000] null_mean=0.2304
    [600/1000] null_mean=0.2401
    [800/1000] null_mean=0.2394
    [1000/1000] null_mean=0.2396
  [result] a_obs=0.2585, null_mean=0.2396±0.1321
           Δ=0.0189, z=0.14
           θ_obs=75.0°, θ_null=76.0°
           p(more orthogonal)=0.5405, p(more aligned)=0.4605
  [saved] /project/bdoiron/dracoxu/rct-fsflow/paper_project_final/out_nofilter/sacc/alignment/case_ii_alltrials/axis_cov_20201004.json

======================================================================
[done] Per-session results saved to /project/bdoiron/dracoxu/rct-fsflow/paper_project_final/out_nofilter/sacc/alignment/case_ii_alltrials
======================================================================
[done] Case ii → /project/bdoiron/dracoxu/rct-fsflow/paper_project_final/out_nofilter/sacc/alignment/case_ii_alltrials/

------------------------------------------------------------
[Case iii] Stim-C (vertical) vs Sacc-S (horizontal) (all-trials)
  C axes: stim/axes_peakbin_stimC-stim-vertical-20mssw_nofilter (orientation: vertical)
  S axes: sacc/axes_peakbin_saccCS-sacc-horizontal-20mssw_nofilter (orientation: horizontal)
  OUT_ROOT: /project/bdoiron/dracoxu/rct-fsflow/paper_project_final/out_nofilter
------------------------------------------------------------
======================================================================
CROSS-ALIGNMENT AXIS ANALYSIS
======================================================================
[info] Processing 1 session(s)
[info] C: stim/axes_peakbin_stimC-stim-vertical-20mssw_nofilter (vertical)
[info] S: sacc/axes_peakbin_saccCS-sacc-horizontal-20mssw_nofilter (horizontal)
[info] win_C: [0.1, 0.3], win_S: [-0.1, -0.03]
[info] Use rich conditions: False

============================================================
[20201004] Processing cross-alignment...
  [cross] Building geometry from both epochs...
          C epoch: stim, window=(0.1, 0.3), trials=251
          S epoch: sacc, window=(-0.1, -0.03), trials=297
          D_C shape: (123, 40), D_S shape: (123, 28)
  [cross] Observed: |cos(θ)|=0.4002, θ=66.4°
  [null] Manifold dim: 54, D_eff=6.4
         Expected |cos(θ)| ≈ 0.315 (angle ≈ 71.6°)
  [null] Running 1000 covariance-constrained null samples...
    [200/1000] null_mean=0.2127
    [400/1000] null_mean=0.2105
    [600/1000] null_mean=0.2107
    [800/1000] null_mean=0.2140
    [1000/1000] null_mean=0.2123
  [result] a_obs=0.4002, null_mean=0.2123±0.1340
           Δ=0.1878, z=1.40
           θ_obs=66.4°, θ_null=77.6°
           p(more orthogonal)=0.9051, p(more aligned)=0.0959
  [saved] /project/bdoiron/dracoxu/rct-fsflow/paper_project_final/out_nofilter/cross_alignment/case_iii_alltrials/cross_case_iii_alltrials_20201004.json

======================================================================
[done] Results saved to /project/bdoiron/dracoxu/rct-fsflow/paper_project_final/out_nofilter/cross_alignment/case_iii_alltrials
======================================================================
[done] Case iii → /project/bdoiron/dracoxu/rct-fsflow/paper_project_final/out_nofilter/cross_alignment/case_iii_alltrials/

------------------------------------------------------------
[Case iv] Stim-C (pooled) vs Sacc-S (pooled) (all-trials)
  C axes: stim/axes_peakbin_stimC-stim-pooled-20mssw_nofilter (orientation: pooled)
  S axes: sacc/axes_peakbin_saccCS-sacc-pooled-20mssw_nofilter (orientation: pooled)
  OUT_ROOT: /project/bdoiron/dracoxu/rct-fsflow/paper_project_final/out_nofilter
------------------------------------------------------------
======================================================================
CROSS-ALIGNMENT AXIS ANALYSIS
======================================================================
[info] Processing 1 session(s)
[info] C: stim/axes_peakbin_stimC-stim-pooled-20mssw_nofilter (pooled)
[info] S: sacc/axes_peakbin_saccCS-sacc-pooled-20mssw_nofilter (pooled)
[info] win_C: [0.1, 0.3], win_S: [-0.1, -0.03]
[info] Use rich conditions: False

============================================================
[20201004] Processing cross-alignment...
  [cross] Building geometry from both epochs...
          C epoch: stim, window=(0.1, 0.3), trials=548
          S epoch: sacc, window=(-0.1, -0.03), trials=548
          D_C shape: (123, 40), D_S shape: (123, 28)
  [cross] Observed: |cos(θ)|=0.3087, θ=72.0°
  [null] Manifold dim: 50, D_eff=4.5
         Expected |cos(θ)| ≈ 0.378 (angle ≈ 67.8°)
  [null] Running 1000 covariance-constrained null samples...
    [200/1000] null_mean=0.1897
    [400/1000] null_mean=0.1915
    [600/1000] null_mean=0.1908
    [800/1000] null_mean=0.1896
    [1000/1000] null_mean=0.1890
  [result] a_obs=0.3087, null_mean=0.1890±0.1283
           Δ=0.1197, z=0.93
           θ_obs=72.0°, θ_null=79.0°
           p(more orthogonal)=0.7992, p(more aligned)=0.2018
  [saved] /project/bdoiron/dracoxu/rct-fsflow/paper_project_final/out_nofilter/cross_alignment/case_iv_alltrials/cross_case_iv_alltrials_20201004.json

======================================================================
[done] Results saved to /project/bdoiron/dracoxu/rct-fsflow/paper_project_final/out_nofilter/cross_alignment/case_iv_alltrials
======================================================================
[done] Case iv → /project/bdoiron/dracoxu/rct-fsflow/paper_project_final/out_nofilter/cross_alignment/case_iv_alltrials/

==============================================================
[done] All cases complete for SID=20201004
==============================================================
