==============================================================
AXIS ALIGNMENT ANALYSIS - ALL FOUR CASES
Session: 20230710 (task 16)
Filter mode: both
==============================================================

==============================================================
CORRECT-ONLY TRIALS (out/)
==============================================================

------------------------------------------------------------
[Case i] Sacc-aligned C & S, horizontal trials (correct-only)
  Axes: axes_peakbin_saccCS-sacc-horizontal-20mssw
  Orientation: horizontal
  OUT_ROOT: /project/bdoiron/dracoxu/rct-fsflow/paper_project_final/out
  Covariance windows (SACC-aligned): C=[-0.20, 0.05], S=[-0.20, 0.05]
------------------------------------------------------------
======================================================================
CATEGORY-SACCADE SUBSPACE ALIGNMENT ANALYSIS
======================================================================
[info] Processing 1 session(s)
[info] Mode: axis_cov
[info] out_root: /project/bdoiron/dracoxu/rct-fsflow/paper_project_final/out
[info] n_perms: 1000

[Analysis C] Axis Angle + Covariance-Constrained Null (DAVE'S QUESTION)
             Axes tag: axes_peakbin_saccCS-sacc-horizontal-20mssw
             Uses trained sC and sS_raw axes
             Tests: 'less aligned than geometry-constrained chance'

============================================================
[20230710] Processing...

  [Analysis C] Axis angle + covariance-constrained null...
  [axis-cov] Observed: |cos(θ)|=0.2121, θ=77.8°
  [null] Manifold dim: 43, D_eff=6.9
         Expected |cos(θ)| ≈ 0.380 (angle ≈ 67.7°)
  [null] Running 1000 covariance-constrained null samples...
    [200/1000] null_mean=0.2672
    [400/1000] null_mean=0.2686
    [600/1000] null_mean=0.2685
    [800/1000] null_mean=0.2652
    [1000/1000] null_mean=0.2656
  [result] a_obs=0.2121, null_mean=0.2656±0.1641
           Δ=-0.0536, z=-0.33
           θ_obs=77.8°, θ_null=74.3°
           p(more orthogonal)=0.4146, p(more aligned)=0.5864
  [saved] /project/bdoiron/dracoxu/rct-fsflow/paper_project_final/out/sacc/alignment/case_i_correctonly/axis_cov_20230710.json

======================================================================
[done] Per-session results saved to /project/bdoiron/dracoxu/rct-fsflow/paper_project_final/out/sacc/alignment/case_i_correctonly
======================================================================
[done] Case i → /project/bdoiron/dracoxu/rct-fsflow/paper_project_final/out/sacc/alignment/case_i_correctonly/

------------------------------------------------------------
[Case ii] Sacc-aligned C & S, pooled trials (correct-only)
  Axes: axes_peakbin_saccCS-sacc-pooled-20mssw
  Orientation: pooled
  OUT_ROOT: /project/bdoiron/dracoxu/rct-fsflow/paper_project_final/out
  Covariance windows (SACC-aligned): C=[-0.20, 0.05], S=[-0.20, 0.05]
------------------------------------------------------------
======================================================================
CATEGORY-SACCADE SUBSPACE ALIGNMENT ANALYSIS
======================================================================
[info] Processing 1 session(s)
[info] Mode: axis_cov
[info] out_root: /project/bdoiron/dracoxu/rct-fsflow/paper_project_final/out
[info] n_perms: 1000

[Analysis C] Axis Angle + Covariance-Constrained Null (DAVE'S QUESTION)
             Axes tag: axes_peakbin_saccCS-sacc-pooled-20mssw
             Uses trained sC and sS_raw axes
             Tests: 'less aligned than geometry-constrained chance'

============================================================
[20230710] Processing...

  [Analysis C] Axis angle + covariance-constrained null...
  [axis-cov] Observed: |cos(θ)|=0.2731, θ=74.1°
  [null] Manifold dim: 41, D_eff=5.6
         Expected |cos(θ)| ≈ 0.421 (angle ≈ 65.1°)
  [null] Running 1000 covariance-constrained null samples...
    [200/1000] null_mean=0.2903
    [400/1000] null_mean=0.2844
    [600/1000] null_mean=0.2826
    [800/1000] null_mean=0.2817
    [1000/1000] null_mean=0.2757
  [result] a_obs=0.2731, null_mean=0.2757±0.1787
           Δ=-0.0025, z=-0.01
           θ_obs=74.1°, θ_null=73.7°
           p(more orthogonal)=0.5265, p(more aligned)=0.4745
  [saved] /project/bdoiron/dracoxu/rct-fsflow/paper_project_final/out/sacc/alignment/case_ii_correctonly/axis_cov_20230710.json

======================================================================
[done] Per-session results saved to /project/bdoiron/dracoxu/rct-fsflow/paper_project_final/out/sacc/alignment/case_ii_correctonly
======================================================================
[done] Case ii → /project/bdoiron/dracoxu/rct-fsflow/paper_project_final/out/sacc/alignment/case_ii_correctonly/

------------------------------------------------------------
[Case iii] Stim-C (vertical) vs Sacc-S (horizontal) (correct-only)
  C axes: stim/axes_peakbin_stimC-stim-vertical-20mssw (orientation: vertical)
  S axes: sacc/axes_peakbin_saccCS-sacc-horizontal-20mssw (orientation: horizontal)
  OUT_ROOT: /project/bdoiron/dracoxu/rct-fsflow/paper_project_final/out
  Covariance windows: C(stim)=[0.00, 0.50], S(sacc)=[-0.20, 0.05]
------------------------------------------------------------
======================================================================
CROSS-ALIGNMENT AXIS ANALYSIS
======================================================================
[info] Processing 1 session(s)
[info] C: stim/axes_peakbin_stimC-stim-vertical-20mssw (vertical)
[info] S: sacc/axes_peakbin_saccCS-sacc-horizontal-20mssw (horizontal)
[info] win_C: [0.0, 0.5], win_S: [-0.2, 0.05]
[info] Use rich conditions: False

============================================================
[20230710] Processing cross-alignment...
  [cross] Building geometry from both epochs...
          C epoch: stim, window=(0.0, 0.5), trials=413
          S epoch: sacc, window=(-0.2, 0.05), trials=493
          D_C shape: (66, 100), D_S shape: (66, 100)
  [cross] Observed: |cos(θ)|=0.5197, θ=58.7°
  [null] Manifold dim: 59, D_eff=11.5
         Expected |cos(θ)| ≈ 0.235 (angle ≈ 76.4°)
  [null] Running 1000 covariance-constrained null samples...
    [200/1000] null_mean=0.1639
    [400/1000] null_mean=0.1534
    [600/1000] null_mean=0.1541
    [800/1000] null_mean=0.1526
    [1000/1000] null_mean=0.1540
  [result] a_obs=0.5197, null_mean=0.1540±0.1065
           Δ=0.3657, z=3.43
           θ_obs=58.7°, θ_null=81.1°
           p(more orthogonal)=0.9970, p(more aligned)=0.0040
  [saved] /project/bdoiron/dracoxu/rct-fsflow/paper_project_final/out/cross_alignment/case_iii_correctonly/cross_case_iii_correctonly_20230710.json

======================================================================
[done] Results saved to /project/bdoiron/dracoxu/rct-fsflow/paper_project_final/out/cross_alignment/case_iii_correctonly
======================================================================
[done] Case iii → /project/bdoiron/dracoxu/rct-fsflow/paper_project_final/out/cross_alignment/case_iii_correctonly/

------------------------------------------------------------
[Case iv] Stim-C (pooled) vs Sacc-S (pooled) (correct-only)
  C axes: stim/axes_peakbin_stimC-stim-pooled-20mssw (orientation: pooled)
  S axes: sacc/axes_peakbin_saccCS-sacc-pooled-20mssw (orientation: pooled)
  OUT_ROOT: /project/bdoiron/dracoxu/rct-fsflow/paper_project_final/out
  Covariance windows: C(stim)=[0.00, 0.50], S(sacc)=[-0.20, 0.05]
------------------------------------------------------------
======================================================================
CROSS-ALIGNMENT AXIS ANALYSIS
======================================================================
[info] Processing 1 session(s)
[info] C: stim/axes_peakbin_stimC-stim-pooled-20mssw (pooled)
[info] S: sacc/axes_peakbin_saccCS-sacc-pooled-20mssw (pooled)
[info] win_C: [0.0, 0.5], win_S: [-0.2, 0.05]
[info] Use rich conditions: False

============================================================
[20230710] Processing cross-alignment...
  [cross] Building geometry from both epochs...
          C epoch: stim, window=(0.0, 0.5), trials=906
          S epoch: sacc, window=(-0.2, 0.05), trials=906
          D_C shape: (66, 100), D_S shape: (66, 100)
  [cross] Observed: |cos(θ)|=0.4409, θ=63.8°
  [null] Manifold dim: 57, D_eff=5.6
         Expected |cos(θ)| ≈ 0.337 (angle ≈ 70.3°)
  [null] Running 1000 covariance-constrained null samples...
    [200/1000] null_mean=0.1112
    [400/1000] null_mean=0.1033
    [600/1000] null_mean=0.1059
    [800/1000] null_mean=0.1054
    [1000/1000] null_mean=0.1078
  [result] a_obs=0.4409, null_mean=0.1078±0.0825
           Δ=0.3332, z=4.04
           θ_obs=63.8°, θ_null=83.8°
           p(more orthogonal)=0.9980, p(more aligned)=0.0030
  [saved] /project/bdoiron/dracoxu/rct-fsflow/paper_project_final/out/cross_alignment/case_iv_correctonly/cross_case_iv_correctonly_20230710.json

======================================================================
[done] Results saved to /project/bdoiron/dracoxu/rct-fsflow/paper_project_final/out/cross_alignment/case_iv_correctonly
======================================================================
[done] Case iv → /project/bdoiron/dracoxu/rct-fsflow/paper_project_final/out/cross_alignment/case_iv_correctonly/

------------------------------------------------------------
[Case v] Stim-C (horizontal) vs Sacc-S (horizontal) (correct-only)
  C axes: stim/axes_peakbin_stimC-stim-horizontal-20mssw (orientation: horizontal)
  S axes: sacc/axes_peakbin_saccCS-sacc-horizontal-20mssw (orientation: horizontal)
  OUT_ROOT: /project/bdoiron/dracoxu/rct-fsflow/paper_project_final/out
  Covariance windows: C(stim)=[0.00, 0.50], S(sacc)=[-0.20, 0.05]
------------------------------------------------------------
======================================================================
CROSS-ALIGNMENT AXIS ANALYSIS
======================================================================
[info] Processing 1 session(s)
[info] C: stim/axes_peakbin_stimC-stim-horizontal-20mssw (horizontal)
[info] S: sacc/axes_peakbin_saccCS-sacc-horizontal-20mssw (horizontal)
[info] win_C: [0.0, 0.5], win_S: [-0.2, 0.05]
[info] Use rich conditions: False

============================================================
[20230710] Processing cross-alignment...
  [cross] Building geometry from both epochs...
          C epoch: stim, window=(0.0, 0.5), trials=493
          S epoch: sacc, window=(-0.2, 0.05), trials=493
          D_C shape: (66, 100), D_S shape: (66, 100)
  [cross] Observed: |cos(θ)|=0.1361, θ=82.2°
  [null] Manifold dim: 59, D_eff=7.6
         Expected |cos(θ)| ≈ 0.290 (angle ≈ 73.2°)
  [null] Running 1000 covariance-constrained null samples...
    [200/1000] null_mean=0.1516
    [400/1000] null_mean=0.1459
    [600/1000] null_mean=0.1453
    [800/1000] null_mean=0.1446
    [1000/1000] null_mean=0.1441
  [result] a_obs=0.1361, null_mean=0.1441±0.0918
           Δ=-0.0080, z=-0.09
           θ_obs=82.2°, θ_null=81.7°
           p(more orthogonal)=0.4915, p(more aligned)=0.5095
  [saved] /project/bdoiron/dracoxu/rct-fsflow/paper_project_final/out/cross_alignment/case_v_correctonly/cross_case_v_correctonly_20230710.json

======================================================================
[done] Results saved to /project/bdoiron/dracoxu/rct-fsflow/paper_project_final/out/cross_alignment/case_v_correctonly
======================================================================
[done] Case v → /project/bdoiron/dracoxu/rct-fsflow/paper_project_final/out/cross_alignment/case_v_correctonly/

------------------------------------------------------------
[Case vi] Sacc-aligned C & S, vertical trials (correct-only)
  Axes: axes_peakbin_saccCS-sacc-vertical-20mssw
  Orientation: vertical
  OUT_ROOT: /project/bdoiron/dracoxu/rct-fsflow/paper_project_final/out
  Covariance windows (SACC-aligned): C=[-0.20, 0.05], S=[-0.20, 0.05]
------------------------------------------------------------
======================================================================
CATEGORY-SACCADE SUBSPACE ALIGNMENT ANALYSIS
======================================================================
[info] Processing 1 session(s)
[info] Mode: axis_cov
[info] out_root: /project/bdoiron/dracoxu/rct-fsflow/paper_project_final/out
[info] n_perms: 1000

[Analysis C] Axis Angle + Covariance-Constrained Null (DAVE'S QUESTION)
             Axes tag: axes_peakbin_saccCS-sacc-vertical-20mssw
             Uses trained sC and sS_raw axes
             Tests: 'less aligned than geometry-constrained chance'

============================================================
[20230710] Processing...

  [Analysis C] Axis angle + covariance-constrained null...
  [axis-cov] Observed: |cos(θ)|=0.2022, θ=78.3°
  [null] Manifold dim: 40, D_eff=6.3
         Expected |cos(θ)| ≈ 0.397 (angle ≈ 66.6°)
  [null] Running 1000 covariance-constrained null samples...
    [200/1000] null_mean=0.2971
    [400/1000] null_mean=0.3017
    [600/1000] null_mean=0.3068
    [800/1000] null_mean=0.3038
    [1000/1000] null_mean=0.3023
  [result] a_obs=0.2022, null_mean=0.3023±0.1860
           Δ=-0.1001, z=-0.54
           θ_obs=78.3°, θ_null=72.0°
           p(more orthogonal)=0.3497, p(more aligned)=0.6513
  [saved] /project/bdoiron/dracoxu/rct-fsflow/paper_project_final/out/sacc/alignment/case_vi_correctonly/axis_cov_20230710.json

======================================================================
[done] Per-session results saved to /project/bdoiron/dracoxu/rct-fsflow/paper_project_final/out/sacc/alignment/case_vi_correctonly
======================================================================
[done] Case vi → /project/bdoiron/dracoxu/rct-fsflow/paper_project_final/out/sacc/alignment/case_vi_correctonly/

==============================================================
ALL TRIALS (out_nofilter/)
==============================================================

------------------------------------------------------------
[Case i] Sacc-aligned C & S, horizontal trials (all-trials)
  Axes: axes_peakbin_saccCS-sacc-horizontal-20mssw_nofilter
  Orientation: horizontal
  OUT_ROOT: /project/bdoiron/dracoxu/rct-fsflow/paper_project_final/out_nofilter
  Covariance windows (SACC-aligned): C=[-0.20, 0.05], S=[-0.20, 0.05]
------------------------------------------------------------
======================================================================
CATEGORY-SACCADE SUBSPACE ALIGNMENT ANALYSIS
======================================================================
[info] Processing 1 session(s)
[info] Mode: axis_cov
[info] out_root: /project/bdoiron/dracoxu/rct-fsflow/paper_project_final/out_nofilter
[info] n_perms: 1000

[Analysis C] Axis Angle + Covariance-Constrained Null (DAVE'S QUESTION)
             Axes tag: axes_peakbin_saccCS-sacc-horizontal-20mssw_nofilter
             Uses trained sC and sS_raw axes
             Tests: 'less aligned than geometry-constrained chance'

============================================================
[20230710] Processing...

  [Analysis C] Axis angle + covariance-constrained null...
  [axis-cov] Observed: |cos(θ)|=0.2185, θ=77.4°
  [null] Manifold dim: 43, D_eff=6.6
         Expected |cos(θ)| ≈ 0.388 (angle ≈ 67.2°)
  [null] Running 1000 covariance-constrained null samples...
    [200/1000] null_mean=0.2252
    [400/1000] null_mean=0.2403
    [600/1000] null_mean=0.2360
    [800/1000] null_mean=0.2360
    [1000/1000] null_mean=0.2376
  [result] a_obs=0.2185, null_mean=0.2376±0.1505
           Δ=-0.0191, z=-0.13
           θ_obs=77.4°, θ_null=76.1°
           p(more orthogonal)=0.5035, p(more aligned)=0.4975
  [saved] /project/bdoiron/dracoxu/rct-fsflow/paper_project_final/out_nofilter/sacc/alignment/case_i_alltrials/axis_cov_20230710.json

======================================================================
[done] Per-session results saved to /project/bdoiron/dracoxu/rct-fsflow/paper_project_final/out_nofilter/sacc/alignment/case_i_alltrials
======================================================================
[done] Case i → /project/bdoiron/dracoxu/rct-fsflow/paper_project_final/out_nofilter/sacc/alignment/case_i_alltrials/

------------------------------------------------------------
[Case ii] Sacc-aligned C & S, pooled trials (all-trials)
  Axes: axes_peakbin_saccCS-sacc-pooled-20mssw_nofilter
  Orientation: pooled
  OUT_ROOT: /project/bdoiron/dracoxu/rct-fsflow/paper_project_final/out_nofilter
  Covariance windows (SACC-aligned): C=[-0.20, 0.05], S=[-0.20, 0.05]
------------------------------------------------------------
======================================================================
CATEGORY-SACCADE SUBSPACE ALIGNMENT ANALYSIS
======================================================================
[info] Processing 1 session(s)
[info] Mode: axis_cov
[info] out_root: /project/bdoiron/dracoxu/rct-fsflow/paper_project_final/out_nofilter
[info] n_perms: 1000

[Analysis C] Axis Angle + Covariance-Constrained Null (DAVE'S QUESTION)
             Axes tag: axes_peakbin_saccCS-sacc-pooled-20mssw_nofilter
             Uses trained sC and sS_raw axes
             Tests: 'less aligned than geometry-constrained chance'

============================================================
[20230710] Processing...

  [Analysis C] Axis angle + covariance-constrained null...
  [axis-cov] Observed: |cos(θ)|=0.2866, θ=73.3°
  [null] Manifold dim: 41, D_eff=5.1
         Expected |cos(θ)| ≈ 0.445 (angle ≈ 63.6°)
  [null] Running 1000 covariance-constrained null samples...
    [200/1000] null_mean=0.2852
    [400/1000] null_mean=0.2731
    [600/1000] null_mean=0.2738
    [800/1000] null_mean=0.2742
    [1000/1000] null_mean=0.2682
  [result] a_obs=0.2866, null_mean=0.2682±0.1733
           Δ=0.0184, z=0.11
           θ_obs=73.3°, θ_null=74.1°
           p(more orthogonal)=0.5784, p(more aligned)=0.4226
  [saved] /project/bdoiron/dracoxu/rct-fsflow/paper_project_final/out_nofilter/sacc/alignment/case_ii_alltrials/axis_cov_20230710.json

======================================================================
[done] Per-session results saved to /project/bdoiron/dracoxu/rct-fsflow/paper_project_final/out_nofilter/sacc/alignment/case_ii_alltrials
======================================================================
[done] Case ii → /project/bdoiron/dracoxu/rct-fsflow/paper_project_final/out_nofilter/sacc/alignment/case_ii_alltrials/

------------------------------------------------------------
[Case iii] Stim-C (vertical) vs Sacc-S (horizontal) (all-trials)
  C axes: stim/axes_peakbin_stimC-stim-vertical-20mssw_nofilter (orientation: vertical)
  S axes: sacc/axes_peakbin_saccCS-sacc-horizontal-20mssw_nofilter (orientation: horizontal)
  OUT_ROOT: /project/bdoiron/dracoxu/rct-fsflow/paper_project_final/out_nofilter
  Covariance windows: C(stim)=[0.00, 0.50], S(sacc)=[-0.20, 0.05]
------------------------------------------------------------
======================================================================
CROSS-ALIGNMENT AXIS ANALYSIS
======================================================================
[info] Processing 1 session(s)
[info] C: stim/axes_peakbin_stimC-stim-vertical-20mssw_nofilter (vertical)
[info] S: sacc/axes_peakbin_saccCS-sacc-horizontal-20mssw_nofilter (horizontal)
[info] win_C: [0.0, 0.5], win_S: [-0.2, 0.05]
[info] Use rich conditions: False

============================================================
[20230710] Processing cross-alignment...
  [cross] Building geometry from both epochs...
          C epoch: stim, window=(0.0, 0.5), trials=515
          S epoch: sacc, window=(-0.2, 0.05), trials=570
          D_C shape: (66, 100), D_S shape: (66, 100)
  [cross] Observed: |cos(θ)|=0.6022, θ=53.0°
  [null] Manifold dim: 58, D_eff=10.2
         Expected |cos(θ)| ≈ 0.250 (angle ≈ 75.5°)
  [null] Running 1000 covariance-constrained null samples...
    [200/1000] null_mean=0.1641
    [400/1000] null_mean=0.1588
    [600/1000] null_mean=0.1544
    [800/1000] null_mean=0.1546
    [1000/1000] null_mean=0.1525
  [result] a_obs=0.6022, null_mean=0.1525±0.1105
           Δ=0.4497, z=4.07
           θ_obs=53.0°, θ_null=81.2°
           p(more orthogonal)=1.0000, p(more aligned)=0.0010
  [saved] /project/bdoiron/dracoxu/rct-fsflow/paper_project_final/out_nofilter/cross_alignment/case_iii_alltrials/cross_case_iii_alltrials_20230710.json

======================================================================
[done] Results saved to /project/bdoiron/dracoxu/rct-fsflow/paper_project_final/out_nofilter/cross_alignment/case_iii_alltrials
======================================================================
[done] Case iii → /project/bdoiron/dracoxu/rct-fsflow/paper_project_final/out_nofilter/cross_alignment/case_iii_alltrials/

------------------------------------------------------------
[Case iv] Stim-C (pooled) vs Sacc-S (pooled) (all-trials)
  C axes: stim/axes_peakbin_stimC-stim-pooled-20mssw_nofilter (orientation: pooled)
  S axes: sacc/axes_peakbin_saccCS-sacc-pooled-20mssw_nofilter (orientation: pooled)
  OUT_ROOT: /project/bdoiron/dracoxu/rct-fsflow/paper_project_final/out_nofilter
  Covariance windows: C(stim)=[0.00, 0.50], S(sacc)=[-0.20, 0.05]
------------------------------------------------------------
======================================================================
CROSS-ALIGNMENT AXIS ANALYSIS
======================================================================
[info] Processing 1 session(s)
[info] C: stim/axes_peakbin_stimC-stim-pooled-20mssw_nofilter (pooled)
[info] S: sacc/axes_peakbin_saccCS-sacc-pooled-20mssw_nofilter (pooled)
[info] win_C: [0.0, 0.5], win_S: [-0.2, 0.05]
[info] Use rich conditions: False

============================================================
[20230710] Processing cross-alignment...
  [cross] Building geometry from both epochs...
          C epoch: stim, window=(0.0, 0.5), trials=1085
          S epoch: sacc, window=(-0.2, 0.05), trials=1085
          D_C shape: (66, 100), D_S shape: (66, 100)
  [cross] Observed: |cos(θ)|=0.6005, θ=53.1°
  [null] Manifold dim: 56, D_eff=5.0
         Expected |cos(θ)| ≈ 0.356 (angle ≈ 69.1°)
  [null] Running 1000 covariance-constrained null samples...
    [200/1000] null_mean=0.1139
    [400/1000] null_mean=0.1127
    [600/1000] null_mean=0.1144
    [800/1000] null_mean=0.1136
    [1000/1000] null_mean=0.1132
  [result] a_obs=0.6005, null_mean=0.1132±0.0849
           Δ=0.4872, z=5.74
           θ_obs=53.1°, θ_null=83.5°
           p(more orthogonal)=1.0000, p(more aligned)=0.0010
  [saved] /project/bdoiron/dracoxu/rct-fsflow/paper_project_final/out_nofilter/cross_alignment/case_iv_alltrials/cross_case_iv_alltrials_20230710.json

======================================================================
[done] Results saved to /project/bdoiron/dracoxu/rct-fsflow/paper_project_final/out_nofilter/cross_alignment/case_iv_alltrials
======================================================================
[done] Case iv → /project/bdoiron/dracoxu/rct-fsflow/paper_project_final/out_nofilter/cross_alignment/case_iv_alltrials/

------------------------------------------------------------
[Case v] Stim-C (horizontal) vs Sacc-S (horizontal) (all-trials)
  C axes: stim/axes_peakbin_stimC-stim-horizontal-20mssw_nofilter (orientation: horizontal)
  S axes: sacc/axes_peakbin_saccCS-sacc-horizontal-20mssw_nofilter (orientation: horizontal)
  OUT_ROOT: /project/bdoiron/dracoxu/rct-fsflow/paper_project_final/out_nofilter
  Covariance windows: C(stim)=[0.00, 0.50], S(sacc)=[-0.20, 0.05]
------------------------------------------------------------
======================================================================
CROSS-ALIGNMENT AXIS ANALYSIS
======================================================================
[info] Processing 1 session(s)
[info] C: stim/axes_peakbin_stimC-stim-horizontal-20mssw_nofilter (horizontal)
[info] S: sacc/axes_peakbin_saccCS-sacc-horizontal-20mssw_nofilter (horizontal)
[info] win_C: [0.0, 0.5], win_S: [-0.2, 0.05]
[info] Use rich conditions: False

============================================================
[20230710] Processing cross-alignment...
  [cross] Building geometry from both epochs...
          C epoch: stim, window=(0.0, 0.5), trials=570
          S epoch: sacc, window=(-0.2, 0.05), trials=570
          D_C shape: (66, 100), D_S shape: (66, 100)
  [cross] Observed: |cos(θ)|=0.5030, θ=59.8°
  [null] Manifold dim: 59, D_eff=6.9
         Expected |cos(θ)| ≈ 0.304 (angle ≈ 72.3°)
  [null] Running 1000 covariance-constrained null samples...
    [200/1000] null_mean=0.1024
    [400/1000] null_mean=0.0947
    [600/1000] null_mean=0.0941
    [800/1000] null_mean=0.0937
    [1000/1000] null_mean=0.0950
  [result] a_obs=0.5030, null_mean=0.0950±0.0742
           Δ=0.4080, z=5.49
           θ_obs=59.8°, θ_null=84.5°
           p(more orthogonal)=1.0000, p(more aligned)=0.0010
  [saved] /project/bdoiron/dracoxu/rct-fsflow/paper_project_final/out_nofilter/cross_alignment/case_v_alltrials/cross_case_v_alltrials_20230710.json

======================================================================
[done] Results saved to /project/bdoiron/dracoxu/rct-fsflow/paper_project_final/out_nofilter/cross_alignment/case_v_alltrials
======================================================================
[done] Case v → /project/bdoiron/dracoxu/rct-fsflow/paper_project_final/out_nofilter/cross_alignment/case_v_alltrials/

------------------------------------------------------------
[Case vi] Sacc-aligned C & S, vertical trials (all-trials)
  Axes: axes_peakbin_saccCS-sacc-vertical-20mssw_nofilter
  Orientation: vertical
  OUT_ROOT: /project/bdoiron/dracoxu/rct-fsflow/paper_project_final/out_nofilter
  Covariance windows (SACC-aligned): C=[-0.20, 0.05], S=[-0.20, 0.05]
------------------------------------------------------------
======================================================================
CATEGORY-SACCADE SUBSPACE ALIGNMENT ANALYSIS
======================================================================
[info] Processing 1 session(s)
[info] Mode: axis_cov
[info] out_root: /project/bdoiron/dracoxu/rct-fsflow/paper_project_final/out_nofilter
[info] n_perms: 1000

[Analysis C] Axis Angle + Covariance-Constrained Null (DAVE'S QUESTION)
             Axes tag: axes_peakbin_saccCS-sacc-vertical-20mssw_nofilter
             Uses trained sC and sS_raw axes
             Tests: 'less aligned than geometry-constrained chance'

============================================================
[20230710] Processing...

  [Analysis C] Axis angle + covariance-constrained null...
  [axis-cov] Observed: |cos(θ)|=0.1079, θ=83.8°
  [null] Manifold dim: 40, D_eff=5.8
         Expected |cos(θ)| ≈ 0.416 (angle ≈ 65.4°)
  [null] Running 1000 covariance-constrained null samples...
    [200/1000] null_mean=0.2649
    [400/1000] null_mean=0.2581
    [600/1000] null_mean=0.2607
    [800/1000] null_mean=0.2646
    [1000/1000] null_mean=0.2635
  [result] a_obs=0.1079, null_mean=0.2635±0.1692
           Δ=-0.1556, z=-0.92
           θ_obs=83.8°, θ_null=74.4°
           p(more orthogonal)=0.2188, p(more aligned)=0.7822
  [saved] /project/bdoiron/dracoxu/rct-fsflow/paper_project_final/out_nofilter/sacc/alignment/case_vi_alltrials/axis_cov_20230710.json

======================================================================
[done] Per-session results saved to /project/bdoiron/dracoxu/rct-fsflow/paper_project_final/out_nofilter/sacc/alignment/case_vi_alltrials
======================================================================
[done] Case vi → /project/bdoiron/dracoxu/rct-fsflow/paper_project_final/out_nofilter/sacc/alignment/case_vi_alltrials/

==============================================================
[done] All cases complete for SID=20230710
==============================================================
