==============================================================
AXIS ALIGNMENT ANALYSIS - ALL FOUR CASES
Session: 20201001 (task 7)
Filter mode: both
==============================================================

==============================================================
CORRECT-ONLY TRIALS (out/)
==============================================================

------------------------------------------------------------
[Case i] Sacc-aligned C & S, horizontal trials (correct-only)
  Axes: axes_peakbin_saccCS-sacc-horizontal-20mssw
  Orientation: horizontal
  OUT_ROOT: /project/bdoiron/dracoxu/rct-fsflow/paper_project_final/out
  Covariance windows (SACC-aligned): C=[-0.20, 0.05], S=[-0.20, 0.05]
------------------------------------------------------------
======================================================================
CATEGORY-SACCADE SUBSPACE ALIGNMENT ANALYSIS
======================================================================
[info] Processing 1 session(s)
[info] Mode: axis_cov
[info] out_root: /project/bdoiron/dracoxu/rct-fsflow/paper_project_final/out
[info] n_perms: 1000

[Analysis C] Axis Angle + Covariance-Constrained Null (DAVE'S QUESTION)
             Axes tag: axes_peakbin_saccCS-sacc-horizontal-20mssw
             Uses trained sC and sS_raw axes
             Tests: 'less aligned than geometry-constrained chance'

============================================================
[20201001] Processing...

  [Analysis C] Axis angle + covariance-constrained null...
  [axis-cov] Observed: |cos(θ)|=0.0214, θ=88.8°
  [null] Manifold dim: 42, D_eff=5.1
         Expected |cos(θ)| ≈ 0.442 (angle ≈ 63.7°)
  [null] Running 1000 covariance-constrained null samples...
    [200/1000] null_mean=0.2086
    [400/1000] null_mean=0.2096
    [600/1000] null_mean=0.2081
    [800/1000] null_mean=0.2077
    [1000/1000] null_mean=0.2090
  [result] a_obs=0.0214, null_mean=0.2090±0.1512
           Δ=-0.1876, z=-1.24
           θ_obs=88.8°, θ_null=77.7°
           p(more orthogonal)=0.0689, p(more aligned)=0.9321
  [saved] /project/bdoiron/dracoxu/rct-fsflow/paper_project_final/out/sacc/alignment/case_i_correctonly/axis_cov_20201001.json

======================================================================
[done] Per-session results saved to /project/bdoiron/dracoxu/rct-fsflow/paper_project_final/out/sacc/alignment/case_i_correctonly
======================================================================
[done] Case i → /project/bdoiron/dracoxu/rct-fsflow/paper_project_final/out/sacc/alignment/case_i_correctonly/

------------------------------------------------------------
[Case ii] Sacc-aligned C & S, pooled trials (correct-only)
  Axes: axes_peakbin_saccCS-sacc-pooled-20mssw
  Orientation: pooled
  OUT_ROOT: /project/bdoiron/dracoxu/rct-fsflow/paper_project_final/out
  Covariance windows (SACC-aligned): C=[-0.20, 0.05], S=[-0.20, 0.05]
------------------------------------------------------------
======================================================================
CATEGORY-SACCADE SUBSPACE ALIGNMENT ANALYSIS
======================================================================
[info] Processing 1 session(s)
[info] Mode: axis_cov
[info] out_root: /project/bdoiron/dracoxu/rct-fsflow/paper_project_final/out
[info] n_perms: 1000

[Analysis C] Axis Angle + Covariance-Constrained Null (DAVE'S QUESTION)
             Axes tag: axes_peakbin_saccCS-sacc-pooled-20mssw
             Uses trained sC and sS_raw axes
             Tests: 'less aligned than geometry-constrained chance'

============================================================
[20201001] Processing...

  [Analysis C] Axis angle + covariance-constrained null...
  [axis-cov] Observed: |cos(θ)|=0.1209, θ=83.1°
  [null] Manifold dim: 39, D_eff=4.4
         Expected |cos(θ)| ≈ 0.475 (angle ≈ 61.6°)
  [null] Running 1000 covariance-constrained null samples...
    [200/1000] null_mean=0.2530
    [400/1000] null_mean=0.2578
    [600/1000] null_mean=0.2478
    [800/1000] null_mean=0.2493
    [1000/1000] null_mean=0.2490
  [result] a_obs=0.1209, null_mean=0.2490±0.1673
           Δ=-0.1280, z=-0.77
           θ_obs=83.1°, θ_null=75.3°
           p(more orthogonal)=0.2657, p(more aligned)=0.7353
  [saved] /project/bdoiron/dracoxu/rct-fsflow/paper_project_final/out/sacc/alignment/case_ii_correctonly/axis_cov_20201001.json

======================================================================
[done] Per-session results saved to /project/bdoiron/dracoxu/rct-fsflow/paper_project_final/out/sacc/alignment/case_ii_correctonly
======================================================================
[done] Case ii → /project/bdoiron/dracoxu/rct-fsflow/paper_project_final/out/sacc/alignment/case_ii_correctonly/

------------------------------------------------------------
[Case iii] Stim-C (vertical) vs Sacc-S (horizontal) (correct-only)
  C axes: stim/axes_peakbin_stimC-stim-vertical-20mssw (orientation: vertical)
  S axes: sacc/axes_peakbin_saccCS-sacc-horizontal-20mssw (orientation: horizontal)
  OUT_ROOT: /project/bdoiron/dracoxu/rct-fsflow/paper_project_final/out
  Covariance windows: C(stim)=[0.00, 0.50], S(sacc)=[-0.20, 0.05]
------------------------------------------------------------
======================================================================
CROSS-ALIGNMENT AXIS ANALYSIS
======================================================================
[info] Processing 1 session(s)
[info] C: stim/axes_peakbin_stimC-stim-vertical-20mssw (vertical)
[info] S: sacc/axes_peakbin_saccCS-sacc-horizontal-20mssw (horizontal)
[info] win_C: [0.0, 0.5], win_S: [-0.2, 0.05]
[info] Use rich conditions: False

============================================================
[20201001] Processing cross-alignment...
  [cross] Building geometry from both epochs...
          C epoch: stim, window=(0.0, 0.5), trials=292
          S epoch: sacc, window=(-0.2, 0.05), trials=256
          D_C shape: (139, 100), D_S shape: (139, 100)
  [cross] Observed: |cos(θ)|=0.5216, θ=58.6°
  [null] Manifold dim: 100, D_eff=9.1
         Expected |cos(θ)| ≈ 0.265 (angle ≈ 74.6°)
  [null] Running 1000 covariance-constrained null samples...
    [200/1000] null_mean=0.1782
    [400/1000] null_mean=0.1797
    [600/1000] null_mean=0.1802
    [800/1000] null_mean=0.1766
    [1000/1000] null_mean=0.1749
  [result] a_obs=0.5216, null_mean=0.1749±0.1199
           Δ=0.3467, z=2.89
           θ_obs=58.6°, θ_null=79.8°
           p(more orthogonal)=0.9990, p(more aligned)=0.0020
  [saved] /project/bdoiron/dracoxu/rct-fsflow/paper_project_final/out/cross_alignment/case_iii_correctonly/cross_case_iii_correctonly_20201001.json

======================================================================
[done] Results saved to /project/bdoiron/dracoxu/rct-fsflow/paper_project_final/out/cross_alignment/case_iii_correctonly
======================================================================
[done] Case iii → /project/bdoiron/dracoxu/rct-fsflow/paper_project_final/out/cross_alignment/case_iii_correctonly/

------------------------------------------------------------
[Case iv] Stim-C (pooled) vs Sacc-S (pooled) (correct-only)
  C axes: stim/axes_peakbin_stimC-stim-pooled-20mssw (orientation: pooled)
  S axes: sacc/axes_peakbin_saccCS-sacc-pooled-20mssw (orientation: pooled)
  OUT_ROOT: /project/bdoiron/dracoxu/rct-fsflow/paper_project_final/out
  Covariance windows: C(stim)=[0.00, 0.50], S(sacc)=[-0.20, 0.05]
------------------------------------------------------------
======================================================================
CROSS-ALIGNMENT AXIS ANALYSIS
======================================================================
[info] Processing 1 session(s)
[info] C: stim/axes_peakbin_stimC-stim-pooled-20mssw (pooled)
[info] S: sacc/axes_peakbin_saccCS-sacc-pooled-20mssw (pooled)
[info] win_C: [0.0, 0.5], win_S: [-0.2, 0.05]
[info] Use rich conditions: False

============================================================
[20201001] Processing cross-alignment...
  [cross] Building geometry from both epochs...
          C epoch: stim, window=(0.0, 0.5), trials=548
          S epoch: sacc, window=(-0.2, 0.05), trials=548
          D_C shape: (139, 100), D_S shape: (139, 100)
  [cross] Observed: |cos(θ)|=0.1681, θ=80.3°
  [null] Manifold dim: 94, D_eff=6.2
         Expected |cos(θ)| ≈ 0.320 (angle ≈ 71.3°)
  [null] Running 1000 covariance-constrained null samples...
    [200/1000] null_mean=0.1536
    [400/1000] null_mean=0.1454
    [600/1000] null_mean=0.1428
    [800/1000] null_mean=0.1409
    [1000/1000] null_mean=0.1378
  [result] a_obs=0.1681, null_mean=0.1378±0.0990
           Δ=0.0303, z=0.31
           θ_obs=80.3°, θ_null=82.0°
           p(more orthogonal)=0.6454, p(more aligned)=0.3556
  [saved] /project/bdoiron/dracoxu/rct-fsflow/paper_project_final/out/cross_alignment/case_iv_correctonly/cross_case_iv_correctonly_20201001.json

======================================================================
[done] Results saved to /project/bdoiron/dracoxu/rct-fsflow/paper_project_final/out/cross_alignment/case_iv_correctonly
======================================================================
[done] Case iv → /project/bdoiron/dracoxu/rct-fsflow/paper_project_final/out/cross_alignment/case_iv_correctonly/

------------------------------------------------------------
[Case v] Stim-C (horizontal) vs Sacc-S (horizontal) (correct-only)
  C axes: stim/axes_peakbin_stimC-stim-horizontal-20mssw (orientation: horizontal)
  S axes: sacc/axes_peakbin_saccCS-sacc-horizontal-20mssw (orientation: horizontal)
  OUT_ROOT: /project/bdoiron/dracoxu/rct-fsflow/paper_project_final/out
  Covariance windows: C(stim)=[0.00, 0.50], S(sacc)=[-0.20, 0.05]
------------------------------------------------------------
======================================================================
CROSS-ALIGNMENT AXIS ANALYSIS
======================================================================
[info] Processing 1 session(s)
[info] C: stim/axes_peakbin_stimC-stim-horizontal-20mssw (horizontal)
[info] S: sacc/axes_peakbin_saccCS-sacc-horizontal-20mssw (horizontal)
[info] win_C: [0.0, 0.5], win_S: [-0.2, 0.05]
[info] Use rich conditions: False

============================================================
[20201001] Processing cross-alignment...
  [cross] Building geometry from both epochs...
          C epoch: stim, window=(0.0, 0.5), trials=256
          S epoch: sacc, window=(-0.2, 0.05), trials=256
          D_C shape: (139, 100), D_S shape: (139, 100)
  [cross] Observed: |cos(θ)|=0.0108, θ=89.4°
  [null] Manifold dim: 103, D_eff=9.1
         Expected |cos(θ)| ≈ 0.264 (angle ≈ 74.7°)
  [null] Running 1000 covariance-constrained null samples...
    [200/1000] null_mean=0.1351
    [400/1000] null_mean=0.1288
    [600/1000] null_mean=0.1259
    [800/1000] null_mean=0.1280
    [1000/1000] null_mean=0.1280
  [result] a_obs=0.0108, null_mean=0.1280±0.0923
           Δ=-0.1172, z=-1.27
           θ_obs=89.4°, θ_null=82.6°
           p(more orthogonal)=0.0460, p(more aligned)=0.9550
  [**] SIGNIFICANT: Cross-alignment C-S is LOWER than geometry-constrained chance!
  [saved] /project/bdoiron/dracoxu/rct-fsflow/paper_project_final/out/cross_alignment/case_v_correctonly/cross_case_v_correctonly_20201001.json

======================================================================
[done] Results saved to /project/bdoiron/dracoxu/rct-fsflow/paper_project_final/out/cross_alignment/case_v_correctonly
======================================================================
[done] Case v → /project/bdoiron/dracoxu/rct-fsflow/paper_project_final/out/cross_alignment/case_v_correctonly/

------------------------------------------------------------
[Case vi] Sacc-aligned C & S, vertical trials (correct-only)
  Axes: axes_peakbin_saccCS-sacc-vertical-20mssw
  Orientation: vertical
  OUT_ROOT: /project/bdoiron/dracoxu/rct-fsflow/paper_project_final/out
  Covariance windows (SACC-aligned): C=[-0.20, 0.05], S=[-0.20, 0.05]
------------------------------------------------------------
======================================================================
CATEGORY-SACCADE SUBSPACE ALIGNMENT ANALYSIS
======================================================================
[info] Processing 1 session(s)
[info] Mode: axis_cov
[info] out_root: /project/bdoiron/dracoxu/rct-fsflow/paper_project_final/out
[info] n_perms: 1000

[Analysis C] Axis Angle + Covariance-Constrained Null (DAVE'S QUESTION)
             Axes tag: axes_peakbin_saccCS-sacc-vertical-20mssw
             Uses trained sC and sS_raw axes
             Tests: 'less aligned than geometry-constrained chance'

============================================================
[20201001] Processing...

  [Analysis C] Axis angle + covariance-constrained null...
  [axis-cov] Observed: |cos(θ)|=0.0228, θ=88.7°
  [null] Manifold dim: 43, D_eff=5.4
         Expected |cos(θ)| ≈ 0.431 (angle ≈ 64.5°)
  [null] Running 1000 covariance-constrained null samples...
    [200/1000] null_mean=0.2937
    [400/1000] null_mean=0.2860
    [600/1000] null_mean=0.2992
    [800/1000] null_mean=0.3061
    [1000/1000] null_mean=0.3099
  [result] a_obs=0.0228, null_mean=0.3099±0.2016
           Δ=-0.2871, z=-1.42
           θ_obs=88.7°, θ_null=71.4°
           p(more orthogonal)=0.0360, p(more aligned)=0.9650
  [**] SIGNIFICANT: C-S alignment is LOWER than geometry-constrained chance!
  [saved] /project/bdoiron/dracoxu/rct-fsflow/paper_project_final/out/sacc/alignment/case_vi_correctonly/axis_cov_20201001.json

======================================================================
[done] Per-session results saved to /project/bdoiron/dracoxu/rct-fsflow/paper_project_final/out/sacc/alignment/case_vi_correctonly
======================================================================
[done] Case vi → /project/bdoiron/dracoxu/rct-fsflow/paper_project_final/out/sacc/alignment/case_vi_correctonly/

==============================================================
ALL TRIALS (out_nofilter/)
==============================================================

------------------------------------------------------------
[Case i] Sacc-aligned C & S, horizontal trials (all-trials)
  Axes: axes_peakbin_saccCS-sacc-horizontal-20mssw_nofilter
  Orientation: horizontal
  OUT_ROOT: /project/bdoiron/dracoxu/rct-fsflow/paper_project_final/out_nofilter
  Covariance windows (SACC-aligned): C=[-0.20, 0.05], S=[-0.20, 0.05]
------------------------------------------------------------
======================================================================
CATEGORY-SACCADE SUBSPACE ALIGNMENT ANALYSIS
======================================================================
[info] Processing 1 session(s)
[info] Mode: axis_cov
[info] out_root: /project/bdoiron/dracoxu/rct-fsflow/paper_project_final/out_nofilter
[info] n_perms: 1000

[Analysis C] Axis Angle + Covariance-Constrained Null (DAVE'S QUESTION)
             Axes tag: axes_peakbin_saccCS-sacc-horizontal-20mssw_nofilter
             Uses trained sC and sS_raw axes
             Tests: 'less aligned than geometry-constrained chance'

============================================================
[20201001] Processing...

  [Analysis C] Axis angle + covariance-constrained null...
  [axis-cov] Observed: |cos(θ)|=0.0294, θ=88.3°
  [null] Manifold dim: 42, D_eff=5.1
         Expected |cos(θ)| ≈ 0.443 (angle ≈ 63.7°)
  [null] Running 1000 covariance-constrained null samples...
    [200/1000] null_mean=0.1981
    [400/1000] null_mean=0.1919
    [600/1000] null_mean=0.1939
    [800/1000] null_mean=0.1956
    [1000/1000] null_mean=0.1953
  [result] a_obs=0.0294, null_mean=0.1953±0.1495
           Δ=-0.1658, z=-1.11
           θ_obs=88.3°, θ_null=78.6°
           p(more orthogonal)=0.0979, p(more aligned)=0.9031
  [saved] /project/bdoiron/dracoxu/rct-fsflow/paper_project_final/out_nofilter/sacc/alignment/case_i_alltrials/axis_cov_20201001.json

======================================================================
[done] Per-session results saved to /project/bdoiron/dracoxu/rct-fsflow/paper_project_final/out_nofilter/sacc/alignment/case_i_alltrials
======================================================================
[done] Case i → /project/bdoiron/dracoxu/rct-fsflow/paper_project_final/out_nofilter/sacc/alignment/case_i_alltrials/

------------------------------------------------------------
[Case ii] Sacc-aligned C & S, pooled trials (all-trials)
  Axes: axes_peakbin_saccCS-sacc-pooled-20mssw_nofilter
  Orientation: pooled
  OUT_ROOT: /project/bdoiron/dracoxu/rct-fsflow/paper_project_final/out_nofilter
  Covariance windows (SACC-aligned): C=[-0.20, 0.05], S=[-0.20, 0.05]
------------------------------------------------------------
======================================================================
CATEGORY-SACCADE SUBSPACE ALIGNMENT ANALYSIS
======================================================================
[info] Processing 1 session(s)
[info] Mode: axis_cov
[info] out_root: /project/bdoiron/dracoxu/rct-fsflow/paper_project_final/out_nofilter
[info] n_perms: 1000

[Analysis C] Axis Angle + Covariance-Constrained Null (DAVE'S QUESTION)
             Axes tag: axes_peakbin_saccCS-sacc-pooled-20mssw_nofilter
             Uses trained sC and sS_raw axes
             Tests: 'less aligned than geometry-constrained chance'

============================================================
[20201001] Processing...

  [Analysis C] Axis angle + covariance-constrained null...
  [axis-cov] Observed: |cos(θ)|=0.1346, θ=82.3°
  [null] Manifold dim: 39, D_eff=4.4
         Expected |cos(θ)| ≈ 0.478 (angle ≈ 61.5°)
  [null] Running 1000 covariance-constrained null samples...
    [200/1000] null_mean=0.2376
    [400/1000] null_mean=0.2446
    [600/1000] null_mean=0.2353
    [800/1000] null_mean=0.2369
    [1000/1000] null_mean=0.2375
  [result] a_obs=0.1346, null_mean=0.2375±0.1609
           Δ=-0.1029, z=-0.64
           θ_obs=82.3°, θ_null=76.0°
           p(more orthogonal)=0.3207, p(more aligned)=0.6803
  [saved] /project/bdoiron/dracoxu/rct-fsflow/paper_project_final/out_nofilter/sacc/alignment/case_ii_alltrials/axis_cov_20201001.json

======================================================================
[done] Per-session results saved to /project/bdoiron/dracoxu/rct-fsflow/paper_project_final/out_nofilter/sacc/alignment/case_ii_alltrials
======================================================================
[done] Case ii → /project/bdoiron/dracoxu/rct-fsflow/paper_project_final/out_nofilter/sacc/alignment/case_ii_alltrials/

------------------------------------------------------------
[Case iii] Stim-C (vertical) vs Sacc-S (horizontal) (all-trials)
  C axes: stim/axes_peakbin_stimC-stim-vertical-20mssw_nofilter (orientation: vertical)
  S axes: sacc/axes_peakbin_saccCS-sacc-horizontal-20mssw_nofilter (orientation: horizontal)
  OUT_ROOT: /project/bdoiron/dracoxu/rct-fsflow/paper_project_final/out_nofilter
  Covariance windows: C(stim)=[0.00, 0.50], S(sacc)=[-0.20, 0.05]
------------------------------------------------------------
======================================================================
CROSS-ALIGNMENT AXIS ANALYSIS
======================================================================
[info] Processing 1 session(s)
[info] C: stim/axes_peakbin_stimC-stim-vertical-20mssw_nofilter (vertical)
[info] S: sacc/axes_peakbin_saccCS-sacc-horizontal-20mssw_nofilter (horizontal)
[info] win_C: [0.0, 0.5], win_S: [-0.2, 0.05]
[info] Use rich conditions: False

============================================================
[20201001] Processing cross-alignment...
  [cross] Building geometry from both epochs...
          C epoch: stim, window=(0.0, 0.5), trials=299
          S epoch: sacc, window=(-0.2, 0.05), trials=260
          D_C shape: (139, 100), D_S shape: (139, 100)
  [cross] Observed: |cos(θ)|=0.5773, θ=54.7°
  [null] Manifold dim: 99, D_eff=8.9
         Expected |cos(θ)| ≈ 0.267 (angle ≈ 74.5°)
  [null] Running 1000 covariance-constrained null samples...
    [200/1000] null_mean=0.1817
    [400/1000] null_mean=0.1855
    [600/1000] null_mean=0.1816
    [800/1000] null_mean=0.1801
    [1000/1000] null_mean=0.1798
  [result] a_obs=0.5773, null_mean=0.1798±0.1292
           Δ=0.3975, z=3.08
           θ_obs=54.7°, θ_null=79.5°
           p(more orthogonal)=0.9970, p(more aligned)=0.0040
  [saved] /project/bdoiron/dracoxu/rct-fsflow/paper_project_final/out_nofilter/cross_alignment/case_iii_alltrials/cross_case_iii_alltrials_20201001.json

======================================================================
[done] Results saved to /project/bdoiron/dracoxu/rct-fsflow/paper_project_final/out_nofilter/cross_alignment/case_iii_alltrials
======================================================================
[done] Case iii → /project/bdoiron/dracoxu/rct-fsflow/paper_project_final/out_nofilter/cross_alignment/case_iii_alltrials/

------------------------------------------------------------
[Case iv] Stim-C (pooled) vs Sacc-S (pooled) (all-trials)
  C axes: stim/axes_peakbin_stimC-stim-pooled-20mssw_nofilter (orientation: pooled)
  S axes: sacc/axes_peakbin_saccCS-sacc-pooled-20mssw_nofilter (orientation: pooled)
  OUT_ROOT: /project/bdoiron/dracoxu/rct-fsflow/paper_project_final/out_nofilter
  Covariance windows: C(stim)=[0.00, 0.50], S(sacc)=[-0.20, 0.05]
------------------------------------------------------------
======================================================================
CROSS-ALIGNMENT AXIS ANALYSIS
======================================================================
[info] Processing 1 session(s)
[info] C: stim/axes_peakbin_stimC-stim-pooled-20mssw_nofilter (pooled)
[info] S: sacc/axes_peakbin_saccCS-sacc-pooled-20mssw_nofilter (pooled)
[info] win_C: [0.0, 0.5], win_S: [-0.2, 0.05]
[info] Use rich conditions: False

============================================================
[20201001] Processing cross-alignment...
  [cross] Building geometry from both epochs...
          C epoch: stim, window=(0.0, 0.5), trials=559
          S epoch: sacc, window=(-0.2, 0.05), trials=559
          D_C shape: (139, 100), D_S shape: (139, 100)
  [cross] Observed: |cos(θ)|=0.2073, θ=78.0°
  [null] Manifold dim: 94, D_eff=6.1
         Expected |cos(θ)| ≈ 0.323 (angle ≈ 71.1°)
  [null] Running 1000 covariance-constrained null samples...
    [200/1000] null_mean=0.1578
    [400/1000] null_mean=0.1495
    [600/1000] null_mean=0.1463
    [800/1000] null_mean=0.1448
    [1000/1000] null_mean=0.1408
  [result] a_obs=0.2073, null_mean=0.1408±0.1023
           Δ=0.0665, z=0.65
           θ_obs=78.0°, θ_null=81.9°
           p(more orthogonal)=0.7303, p(more aligned)=0.2707
  [saved] /project/bdoiron/dracoxu/rct-fsflow/paper_project_final/out_nofilter/cross_alignment/case_iv_alltrials/cross_case_iv_alltrials_20201001.json

======================================================================
[done] Results saved to /project/bdoiron/dracoxu/rct-fsflow/paper_project_final/out_nofilter/cross_alignment/case_iv_alltrials
======================================================================
[done] Case iv → /project/bdoiron/dracoxu/rct-fsflow/paper_project_final/out_nofilter/cross_alignment/case_iv_alltrials/

------------------------------------------------------------
[Case v] Stim-C (horizontal) vs Sacc-S (horizontal) (all-trials)
  C axes: stim/axes_peakbin_stimC-stim-horizontal-20mssw_nofilter (orientation: horizontal)
  S axes: sacc/axes_peakbin_saccCS-sacc-horizontal-20mssw_nofilter (orientation: horizontal)
  OUT_ROOT: /project/bdoiron/dracoxu/rct-fsflow/paper_project_final/out_nofilter
  Covariance windows: C(stim)=[0.00, 0.50], S(sacc)=[-0.20, 0.05]
------------------------------------------------------------
======================================================================
CROSS-ALIGNMENT AXIS ANALYSIS
======================================================================
[info] Processing 1 session(s)
[info] C: stim/axes_peakbin_stimC-stim-horizontal-20mssw_nofilter (horizontal)
[info] S: sacc/axes_peakbin_saccCS-sacc-horizontal-20mssw_nofilter (horizontal)
[info] win_C: [0.0, 0.5], win_S: [-0.2, 0.05]
[info] Use rich conditions: False

============================================================
[20201001] Processing cross-alignment...
  [cross] Building geometry from both epochs...
          C epoch: stim, window=(0.0, 0.5), trials=260
          S epoch: sacc, window=(-0.2, 0.05), trials=260
          D_C shape: (139, 100), D_S shape: (139, 100)
  [cross] Observed: |cos(θ)|=0.0047, θ=89.7°
  [null] Manifold dim: 103, D_eff=9.0
         Expected |cos(θ)| ≈ 0.266 (angle ≈ 74.6°)
  [null] Running 1000 covariance-constrained null samples...
    [200/1000] null_mean=0.1248
    [400/1000] null_mean=0.1252
    [600/1000] null_mean=0.1222
    [800/1000] null_mean=0.1254
    [1000/1000] null_mean=0.1250
  [result] a_obs=0.0047, null_mean=0.1250±0.0927
           Δ=-0.1203, z=-1.30
           θ_obs=89.7°, θ_null=82.8°
           p(more orthogonal)=0.0240, p(more aligned)=0.9770
  [**] SIGNIFICANT: Cross-alignment C-S is LOWER than geometry-constrained chance!
  [saved] /project/bdoiron/dracoxu/rct-fsflow/paper_project_final/out_nofilter/cross_alignment/case_v_alltrials/cross_case_v_alltrials_20201001.json

======================================================================
[done] Results saved to /project/bdoiron/dracoxu/rct-fsflow/paper_project_final/out_nofilter/cross_alignment/case_v_alltrials
======================================================================
[done] Case v → /project/bdoiron/dracoxu/rct-fsflow/paper_project_final/out_nofilter/cross_alignment/case_v_alltrials/

------------------------------------------------------------
[Case vi] Sacc-aligned C & S, vertical trials (all-trials)
  Axes: axes_peakbin_saccCS-sacc-vertical-20mssw_nofilter
  Orientation: vertical
  OUT_ROOT: /project/bdoiron/dracoxu/rct-fsflow/paper_project_final/out_nofilter
  Covariance windows (SACC-aligned): C=[-0.20, 0.05], S=[-0.20, 0.05]
------------------------------------------------------------
======================================================================
CATEGORY-SACCADE SUBSPACE ALIGNMENT ANALYSIS
======================================================================
[info] Processing 1 session(s)
[info] Mode: axis_cov
[info] out_root: /project/bdoiron/dracoxu/rct-fsflow/paper_project_final/out_nofilter
[info] n_perms: 1000

[Analysis C] Axis Angle + Covariance-Constrained Null (DAVE'S QUESTION)
             Axes tag: axes_peakbin_saccCS-sacc-vertical-20mssw_nofilter
             Uses trained sC and sS_raw axes
             Tests: 'less aligned than geometry-constrained chance'

============================================================
[20201001] Processing...

  [Analysis C] Axis angle + covariance-constrained null...
  [axis-cov] Observed: |cos(θ)|=0.0170, θ=89.0°
  [null] Manifold dim: 43, D_eff=5.3
         Expected |cos(θ)| ≈ 0.433 (angle ≈ 64.4°)
  [null] Running 1000 covariance-constrained null samples...
    [200/1000] null_mean=0.2896
    [400/1000] null_mean=0.2785
    [600/1000] null_mean=0.2898
    [800/1000] null_mean=0.2975
    [1000/1000] null_mean=0.3003
  [result] a_obs=0.0170, null_mean=0.3003±0.1982
           Δ=-0.2833, z=-1.43
           θ_obs=89.0°, θ_null=72.0°
           p(more orthogonal)=0.0350, p(more aligned)=0.9660
  [**] SIGNIFICANT: C-S alignment is LOWER than geometry-constrained chance!
  [saved] /project/bdoiron/dracoxu/rct-fsflow/paper_project_final/out_nofilter/sacc/alignment/case_vi_alltrials/axis_cov_20201001.json

======================================================================
[done] Per-session results saved to /project/bdoiron/dracoxu/rct-fsflow/paper_project_final/out_nofilter/sacc/alignment/case_vi_alltrials
======================================================================
[done] Case vi → /project/bdoiron/dracoxu/rct-fsflow/paper_project_final/out_nofilter/sacc/alignment/case_vi_alltrials/

==============================================================
[done] All cases complete for SID=20201001
==============================================================
