==============================================================
AXIS ALIGNMENT ANALYSIS (NOFILTER) - Session 20201004 (task 8)
==============================================================

[info] Running alignment analysis for 20201004 (NOFILTER)
       Mode: both (AI + axis_shuffle)
       n_perms: 1000

======================================================================
CATEGORY-SACCADE SUBSPACE ALIGNMENT ANALYSIS
======================================================================
[info] Processing 1 session(s)
[info] Mode: both
[info] out_root: /project/bdoiron/dracoxu/rct-fsflow/paper_project_final/out_nofilter
[info] n_perms: 1000

[Analysis A] Alignment Index + Covariance-Matched Null
             Category window: [-0.3, -0.1]
             Saccade window: [-0.1, -0.03]
             Subspace dim k: 6
             Tests: 'less aligned than chance' (orthogonality)

[Analysis B] Axis Angle + Label-Shuffle Null
             Axes tag: axes_peakbin_saccCS-sacc-horizontal-20mssw_nofilter
             Tests: 'more aligned than chance' (label-specific)

============================================================
[20201004] Processing...

  [Analysis A] Alignment Index...
  [AI] Building condition-averaged matrices...
       Category window: (-0.3, -0.1)
       Saccade window: (-0.1, -0.03)
       D_C shape: (123, 38), D_S shape: (123, 16)
       Category subspace: (123, 6), var_explained=0.856
       Saccade subspace: (123, 6), var_explained=0.977
  [AI] Observed AI = 0.5847
       Principal angles (deg): [17.22616931 60.7466388  69.35733668 74.49890568 82.78735057 88.99364094]
       Mean angle: 65.6°, Overlap: 0.2271
  [null] Manifold dim: 31 (from 54 total)
         Expected random overlap (isotropic): ~0.194
  [null] Running 1000 covariance-matched null samples...
    [200/1000] null_AI_mean=0.5701
    [400/1000] null_AI_mean=0.5667
    [600/1000] null_AI_mean=0.5667
    [800/1000] null_AI_mean=0.5641
    [1000/1000] null_AI_mean=0.5639
  [result] AI_obs=0.5847, null_mean=0.5639±0.0994
           Δ_AI=0.0208
           p(less aligned)=0.5295, p(more aligned)=0.4715
  [saved] /project/bdoiron/dracoxu/rct-fsflow/paper_project_final/out_nofilter/sacc/alignment/nofilter/AI_20201004.json

  [Analysis B] Axis angle + shuffle...
  [axis] Observed: |cos(θ)|=0.0541, θ=86.9°
  [null] Running 1000 label-shuffle permutations...
    [100/1000] null_mean=0.0724
    [200/1000] null_mean=0.0728
    [300/1000] null_mean=0.0710
    [400/1000] null_mean=0.0717
    [500/1000] null_mean=0.0727
    [600/1000] null_mean=0.0727
    [700/1000] null_mean=0.0733
    [800/1000] null_mean=0.0737
    [900/1000] null_mean=0.0733
    [1000/1000] null_mean=0.0737
  [result] Δ=-0.0197, p(more aligned)=0.5524
           Note: shuffle null tests 'more aligned than chance'
  [saved] /project/bdoiron/dracoxu/rct-fsflow/paper_project_final/out_nofilter/sacc/alignment/nofilter/axis_shuffle_20201004.json

======================================================================
[done] Per-session results saved to /project/bdoiron/dracoxu/rct-fsflow/paper_project_final/out_nofilter/sacc/alignment/nofilter
======================================================================

[done] Alignment analysis complete for SID=20201004 (NOFILTER)
       Results: /project/bdoiron/dracoxu/rct-fsflow/paper_project_final/out_nofilter/sacc/alignment/nofilter/
