==============================================================
AXIS ALIGNMENT ANALYSIS - ALL FOUR CASES
Session: 20231109 (task 19)
Filter mode: both
==============================================================

==============================================================
CORRECT-ONLY TRIALS (out/)
==============================================================

------------------------------------------------------------
[Case i] Sacc-aligned C & S, horizontal trials (correct-only)
  Axes: axes_peakbin_saccCS-sacc-horizontal-20mssw
  Orientation: horizontal
  OUT_ROOT: /project/bdoiron/dracoxu/rct-fsflow/paper_project_final/out
------------------------------------------------------------
======================================================================
CATEGORY-SACCADE SUBSPACE ALIGNMENT ANALYSIS
======================================================================
[info] Processing 1 session(s)
[info] Mode: axis_cov
[info] out_root: /project/bdoiron/dracoxu/rct-fsflow/paper_project_final/out
[info] n_perms: 1000

[Analysis C] Axis Angle + Covariance-Constrained Null (DAVE'S QUESTION)
             Axes tag: axes_peakbin_saccCS-sacc-horizontal-20mssw
             Uses trained sC and sS_raw axes
             Tests: 'less aligned than geometry-constrained chance'

============================================================
[20231109] Processing...

  [Analysis C] Axis angle + covariance-constrained null...
  [axis-cov] Observed: |cos(θ)|=0.0009, θ=89.9°
  [null] Manifold dim: 37, D_eff=11.4
         Expected |cos(θ)| ≈ 0.297 (angle ≈ 72.7°)
  [null] Running 1000 covariance-constrained null samples...
    [200/1000] null_mean=0.2289
    [400/1000] null_mean=0.2188
    [600/1000] null_mean=0.2189
    [800/1000] null_mean=0.2182
    [1000/1000] null_mean=0.2174
  [result] a_obs=0.0009, null_mean=0.2174±0.1473
           Δ=-0.2165, z=-1.47
           θ_obs=89.9°, θ_null=77.3°
           p(more orthogonal)=0.0040, p(more aligned)=0.9970
  [**] SIGNIFICANT: C-S alignment is LOWER than geometry-constrained chance!
  [saved] /project/bdoiron/dracoxu/rct-fsflow/paper_project_final/out/sacc/alignment/case_i_correctonly/axis_cov_20231109.json

======================================================================
[done] Per-session results saved to /project/bdoiron/dracoxu/rct-fsflow/paper_project_final/out/sacc/alignment/case_i_correctonly
======================================================================
[done] Case i → /project/bdoiron/dracoxu/rct-fsflow/paper_project_final/out/sacc/alignment/case_i_correctonly/

------------------------------------------------------------
[Case ii] Sacc-aligned C & S, pooled trials (correct-only)
  Axes: axes_peakbin_saccCS-sacc-pooled-20mssw
  Orientation: pooled
  OUT_ROOT: /project/bdoiron/dracoxu/rct-fsflow/paper_project_final/out
------------------------------------------------------------
======================================================================
CATEGORY-SACCADE SUBSPACE ALIGNMENT ANALYSIS
======================================================================
[info] Processing 1 session(s)
[info] Mode: axis_cov
[info] out_root: /project/bdoiron/dracoxu/rct-fsflow/paper_project_final/out
[info] n_perms: 1000

[Analysis C] Axis Angle + Covariance-Constrained Null (DAVE'S QUESTION)
             Axes tag: axes_peakbin_saccCS-sacc-pooled-20mssw
             Uses trained sC and sS_raw axes
             Tests: 'less aligned than geometry-constrained chance'

============================================================
[20231109] Processing...

  [Analysis C] Axis angle + covariance-constrained null...
  [axis-cov] Observed: |cos(θ)|=0.1428, θ=81.8°
  [null] Manifold dim: 35, D_eff=5.2
         Expected |cos(θ)| ≈ 0.437 (angle ≈ 64.1°)
  [null] Running 1000 covariance-constrained null samples...
    [200/1000] null_mean=0.2504
    [400/1000] null_mean=0.2701
    [600/1000] null_mean=0.2757
    [800/1000] null_mean=0.2739
    [1000/1000] null_mean=0.2782
  [result] a_obs=0.1428, null_mean=0.2782±0.1699
           Δ=-0.1354, z=-0.80
           θ_obs=81.8°, θ_null=73.5°
           p(more orthogonal)=0.2607, p(more aligned)=0.7403
  [saved] /project/bdoiron/dracoxu/rct-fsflow/paper_project_final/out/sacc/alignment/case_ii_correctonly/axis_cov_20231109.json

======================================================================
[done] Per-session results saved to /project/bdoiron/dracoxu/rct-fsflow/paper_project_final/out/sacc/alignment/case_ii_correctonly
======================================================================
[done] Case ii → /project/bdoiron/dracoxu/rct-fsflow/paper_project_final/out/sacc/alignment/case_ii_correctonly/

------------------------------------------------------------
[Case iii] Stim-C (vertical) vs Sacc-S (horizontal) (correct-only)
  C axes: stim/axes_peakbin_stimC-stim-vertical-20mssw (orientation: vertical)
  S axes: sacc/axes_peakbin_saccCS-sacc-horizontal-20mssw (orientation: horizontal)
  OUT_ROOT: /project/bdoiron/dracoxu/rct-fsflow/paper_project_final/out
------------------------------------------------------------
======================================================================
CROSS-ALIGNMENT AXIS ANALYSIS
======================================================================
[info] Processing 1 session(s)
[info] C: stim/axes_peakbin_stimC-stim-vertical-20mssw (vertical)
[info] S: sacc/axes_peakbin_saccCS-sacc-horizontal-20mssw (horizontal)
[info] win_C: [0.1, 0.3], win_S: [-0.1, -0.03]
[info] Use rich conditions: False

============================================================
[20231109] Processing cross-alignment...
  [cross] Building geometry from both epochs...
          C epoch: stim, window=(0.1, 0.3), trials=396
          S epoch: sacc, window=(-0.1, -0.03), trials=255
          D_C shape: (77, 40), D_S shape: (77, 28)
  [cross] Observed: |cos(θ)|=0.3879, θ=67.2°
  [null] Manifold dim: 52, D_eff=10.9
         Expected |cos(θ)| ≈ 0.242 (angle ≈ 76.0°)
  [null] Running 1000 covariance-constrained null samples...
    [200/1000] null_mean=0.1477
    [400/1000] null_mean=0.1484
    [600/1000] null_mean=0.1485
    [800/1000] null_mean=0.1478
    [1000/1000] null_mean=0.1469
  [result] a_obs=0.3879, null_mean=0.1469±0.1040
           Δ=0.2410, z=2.32
           θ_obs=67.2°, θ_null=81.5°
           p(more orthogonal)=0.9760, p(more aligned)=0.0250
  [saved] /project/bdoiron/dracoxu/rct-fsflow/paper_project_final/out/cross_alignment/case_iii_correctonly/cross_case_iii_correctonly_20231109.json

======================================================================
[done] Results saved to /project/bdoiron/dracoxu/rct-fsflow/paper_project_final/out/cross_alignment/case_iii_correctonly
======================================================================
[done] Case iii → /project/bdoiron/dracoxu/rct-fsflow/paper_project_final/out/cross_alignment/case_iii_correctonly/

------------------------------------------------------------
[Case iv] Stim-C (pooled) vs Sacc-S (pooled) (correct-only)
  C axes: stim/axes_peakbin_stimC-stim-pooled-20mssw (orientation: pooled)
  S axes: sacc/axes_peakbin_saccCS-sacc-pooled-20mssw (orientation: pooled)
  OUT_ROOT: /project/bdoiron/dracoxu/rct-fsflow/paper_project_final/out
------------------------------------------------------------
======================================================================
CROSS-ALIGNMENT AXIS ANALYSIS
======================================================================
[info] Processing 1 session(s)
[info] C: stim/axes_peakbin_stimC-stim-pooled-20mssw (pooled)
[info] S: sacc/axes_peakbin_saccCS-sacc-pooled-20mssw (pooled)
[info] win_C: [0.1, 0.3], win_S: [-0.1, -0.03]
[info] Use rich conditions: False

============================================================
[20231109] Processing cross-alignment...
  [cross] Building geometry from both epochs...
          C epoch: stim, window=(0.1, 0.3), trials=651
          S epoch: sacc, window=(-0.1, -0.03), trials=651
          D_C shape: (77, 40), D_S shape: (77, 28)
  [cross] Observed: |cos(θ)|=0.2192, θ=77.3°
  [null] Manifold dim: 49, D_eff=6.2
         Expected |cos(θ)| ≈ 0.319 (angle ≈ 71.4°)
  [null] Running 1000 covariance-constrained null samples...
    [200/1000] null_mean=0.1361
    [400/1000] null_mean=0.1368
    [600/1000] null_mean=0.1378
    [800/1000] null_mean=0.1368
    [1000/1000] null_mean=0.1349
  [result] a_obs=0.2192, null_mean=0.1349±0.0989
           Δ=0.0844, z=0.85
           θ_obs=77.3°, θ_null=82.2°
           p(more orthogonal)=0.8092, p(more aligned)=0.1918
  [saved] /project/bdoiron/dracoxu/rct-fsflow/paper_project_final/out/cross_alignment/case_iv_correctonly/cross_case_iv_correctonly_20231109.json

======================================================================
[done] Results saved to /project/bdoiron/dracoxu/rct-fsflow/paper_project_final/out/cross_alignment/case_iv_correctonly
======================================================================
[done] Case iv → /project/bdoiron/dracoxu/rct-fsflow/paper_project_final/out/cross_alignment/case_iv_correctonly/

==============================================================
ALL TRIALS (out_nofilter/)
==============================================================

------------------------------------------------------------
[Case i] Sacc-aligned C & S, horizontal trials (all-trials)
  Axes: axes_peakbin_saccCS-sacc-horizontal-20mssw_nofilter
  Orientation: horizontal
  OUT_ROOT: /project/bdoiron/dracoxu/rct-fsflow/paper_project_final/out_nofilter
------------------------------------------------------------
======================================================================
CATEGORY-SACCADE SUBSPACE ALIGNMENT ANALYSIS
======================================================================
[info] Processing 1 session(s)
[info] Mode: axis_cov
[info] out_root: /project/bdoiron/dracoxu/rct-fsflow/paper_project_final/out_nofilter
[info] n_perms: 1000

[Analysis C] Axis Angle + Covariance-Constrained Null (DAVE'S QUESTION)
             Axes tag: axes_peakbin_saccCS-sacc-horizontal-20mssw_nofilter
             Uses trained sC and sS_raw axes
             Tests: 'less aligned than geometry-constrained chance'

============================================================
[20231109] Processing...

  [Analysis C] Axis angle + covariance-constrained null...
  [axis-cov] Observed: |cos(θ)|=0.0192, θ=88.9°
  [null] Manifold dim: 37, D_eff=10.9
         Expected |cos(θ)| ≈ 0.303 (angle ≈ 72.3°)
  [null] Running 1000 covariance-constrained null samples...
    [200/1000] null_mean=0.2046
    [400/1000] null_mean=0.2016
    [600/1000] null_mean=0.2001
    [800/1000] null_mean=0.1963
    [1000/1000] null_mean=0.1962
  [result] a_obs=0.0192, null_mean=0.1962±0.1312
           Δ=-0.1769, z=-1.35
           θ_obs=88.9°, θ_null=78.6°
           p(more orthogonal)=0.0549, p(more aligned)=0.9461
  [saved] /project/bdoiron/dracoxu/rct-fsflow/paper_project_final/out_nofilter/sacc/alignment/case_i_alltrials/axis_cov_20231109.json

======================================================================
[done] Per-session results saved to /project/bdoiron/dracoxu/rct-fsflow/paper_project_final/out_nofilter/sacc/alignment/case_i_alltrials
======================================================================
[done] Case i → /project/bdoiron/dracoxu/rct-fsflow/paper_project_final/out_nofilter/sacc/alignment/case_i_alltrials/

------------------------------------------------------------
[Case ii] Sacc-aligned C & S, pooled trials (all-trials)
  Axes: axes_peakbin_saccCS-sacc-pooled-20mssw_nofilter
  Orientation: pooled
  OUT_ROOT: /project/bdoiron/dracoxu/rct-fsflow/paper_project_final/out_nofilter
------------------------------------------------------------
======================================================================
CATEGORY-SACCADE SUBSPACE ALIGNMENT ANALYSIS
======================================================================
[info] Processing 1 session(s)
[info] Mode: axis_cov
[info] out_root: /project/bdoiron/dracoxu/rct-fsflow/paper_project_final/out_nofilter
[info] n_perms: 1000

[Analysis C] Axis Angle + Covariance-Constrained Null (DAVE'S QUESTION)
             Axes tag: axes_peakbin_saccCS-sacc-pooled-20mssw_nofilter
             Uses trained sC and sS_raw axes
             Tests: 'less aligned than geometry-constrained chance'

============================================================
[20231109] Processing...

  [Analysis C] Axis angle + covariance-constrained null...
  [axis-cov] Observed: |cos(θ)|=0.0659, θ=86.2°
  [null] Manifold dim: 35, D_eff=4.9
         Expected |cos(θ)| ≈ 0.451 (angle ≈ 63.2°)
  [null] Running 1000 covariance-constrained null samples...
    [200/1000] null_mean=0.2386
    [400/1000] null_mean=0.2671
    [600/1000] null_mean=0.2715
    [800/1000] null_mean=0.2683
    [1000/1000] null_mean=0.2734
  [result] a_obs=0.0659, null_mean=0.2734±0.1672
           Δ=-0.2076, z=-1.24
           θ_obs=86.2°, θ_null=73.9°
           p(more orthogonal)=0.1279, p(more aligned)=0.8731
  [saved] /project/bdoiron/dracoxu/rct-fsflow/paper_project_final/out_nofilter/sacc/alignment/case_ii_alltrials/axis_cov_20231109.json

======================================================================
[done] Per-session results saved to /project/bdoiron/dracoxu/rct-fsflow/paper_project_final/out_nofilter/sacc/alignment/case_ii_alltrials
======================================================================
[done] Case ii → /project/bdoiron/dracoxu/rct-fsflow/paper_project_final/out_nofilter/sacc/alignment/case_ii_alltrials/

------------------------------------------------------------
[Case iii] Stim-C (vertical) vs Sacc-S (horizontal) (all-trials)
  C axes: stim/axes_peakbin_stimC-stim-vertical-20mssw_nofilter (orientation: vertical)
  S axes: sacc/axes_peakbin_saccCS-sacc-horizontal-20mssw_nofilter (orientation: horizontal)
  OUT_ROOT: /project/bdoiron/dracoxu/rct-fsflow/paper_project_final/out_nofilter
------------------------------------------------------------
======================================================================
CROSS-ALIGNMENT AXIS ANALYSIS
======================================================================
[info] Processing 1 session(s)
[info] C: stim/axes_peakbin_stimC-stim-vertical-20mssw_nofilter (vertical)
[info] S: sacc/axes_peakbin_saccCS-sacc-horizontal-20mssw_nofilter (horizontal)
[info] win_C: [0.1, 0.3], win_S: [-0.1, -0.03]
[info] Use rich conditions: False

============================================================
[20231109] Processing cross-alignment...
  [cross] Building geometry from both epochs...
          C epoch: stim, window=(0.1, 0.3), trials=454
          S epoch: sacc, window=(-0.1, -0.03), trials=275
          D_C shape: (77, 40), D_S shape: (77, 28)
  [cross] Observed: |cos(θ)|=0.2515, θ=75.4°
  [null] Manifold dim: 52, D_eff=10.0
         Expected |cos(θ)| ≈ 0.252 (angle ≈ 75.4°)
  [null] Running 1000 covariance-constrained null samples...
    [200/1000] null_mean=0.1310
    [400/1000] null_mean=0.1361
    [600/1000] null_mean=0.1372
    [800/1000] null_mean=0.1342
    [1000/1000] null_mean=0.1320
  [result] a_obs=0.2515, null_mean=0.1320±0.0934
           Δ=0.1195, z=1.28
           θ_obs=75.4°, θ_null=82.4°
           p(more orthogonal)=0.8851, p(more aligned)=0.1159
  [saved] /project/bdoiron/dracoxu/rct-fsflow/paper_project_final/out_nofilter/cross_alignment/case_iii_alltrials/cross_case_iii_alltrials_20231109.json

======================================================================
[done] Results saved to /project/bdoiron/dracoxu/rct-fsflow/paper_project_final/out_nofilter/cross_alignment/case_iii_alltrials
======================================================================
[done] Case iii → /project/bdoiron/dracoxu/rct-fsflow/paper_project_final/out_nofilter/cross_alignment/case_iii_alltrials/

------------------------------------------------------------
[Case iv] Stim-C (pooled) vs Sacc-S (pooled) (all-trials)
  C axes: stim/axes_peakbin_stimC-stim-pooled-20mssw_nofilter (orientation: pooled)
  S axes: sacc/axes_peakbin_saccCS-sacc-pooled-20mssw_nofilter (orientation: pooled)
  OUT_ROOT: /project/bdoiron/dracoxu/rct-fsflow/paper_project_final/out_nofilter
------------------------------------------------------------
======================================================================
CROSS-ALIGNMENT AXIS ANALYSIS
======================================================================
[info] Processing 1 session(s)
[info] C: stim/axes_peakbin_stimC-stim-pooled-20mssw_nofilter (pooled)
[info] S: sacc/axes_peakbin_saccCS-sacc-pooled-20mssw_nofilter (pooled)
[info] win_C: [0.1, 0.3], win_S: [-0.1, -0.03]
[info] Use rich conditions: False

============================================================
[20231109] Processing cross-alignment...
  [cross] Building geometry from both epochs...
          C epoch: stim, window=(0.1, 0.3), trials=729
          S epoch: sacc, window=(-0.1, -0.03), trials=729
          D_C shape: (77, 40), D_S shape: (77, 28)
  [cross] Observed: |cos(θ)|=0.1232, θ=82.9°
  [null] Manifold dim: 49, D_eff=5.6
         Expected |cos(θ)| ≈ 0.336 (angle ≈ 70.4°)
  [null] Running 1000 covariance-constrained null samples...
    [200/1000] null_mean=0.1303
    [400/1000] null_mean=0.1305
    [600/1000] null_mean=0.1294
    [800/1000] null_mean=0.1299
    [1000/1000] null_mean=0.1283
  [result] a_obs=0.1232, null_mean=0.1283±0.0968
           Δ=-0.0052, z=-0.05
           θ_obs=82.9°, θ_null=82.6°
           p(more orthogonal)=0.5564, p(more aligned)=0.4446
  [saved] /project/bdoiron/dracoxu/rct-fsflow/paper_project_final/out_nofilter/cross_alignment/case_iv_alltrials/cross_case_iv_alltrials_20231109.json

======================================================================
[done] Results saved to /project/bdoiron/dracoxu/rct-fsflow/paper_project_final/out_nofilter/cross_alignment/case_iv_alltrials
======================================================================
[done] Case iv → /project/bdoiron/dracoxu/rct-fsflow/paper_project_final/out_nofilter/cross_alignment/case_iv_alltrials/

==============================================================
[done] All cases complete for SID=20231109
==============================================================
