==============================================================
AXIS ALIGNMENT ANALYSIS - ALL FOUR CASES
Session: 20200929 (task 6)
Filter mode: both
==============================================================

==============================================================
CORRECT-ONLY TRIALS (out/)
==============================================================

------------------------------------------------------------
[Case i] Sacc-aligned C & S, horizontal trials (correct-only)
  Axes: axes_peakbin_saccCS-sacc-horizontal-20mssw
  Orientation: horizontal
  OUT_ROOT: /project/bdoiron/dracoxu/rct-fsflow/paper_project_final/out
------------------------------------------------------------
======================================================================
CATEGORY-SACCADE SUBSPACE ALIGNMENT ANALYSIS
======================================================================
[info] Processing 1 session(s)
[info] Mode: axis_cov
[info] out_root: /project/bdoiron/dracoxu/rct-fsflow/paper_project_final/out
[info] n_perms: 1000

[Analysis C] Axis Angle + Covariance-Constrained Null (DAVE'S QUESTION)
             Axes tag: axes_peakbin_saccCS-sacc-horizontal-20mssw
             Uses trained sC and sS_raw axes
             Tests: 'less aligned than geometry-constrained chance'

============================================================
[20200929] Processing...

  [Analysis C] Axis angle + covariance-constrained null...
  [axis-cov] Observed: |cos(θ)|=0.0846, θ=85.1°
  [null] Manifold dim: 60, D_eff=4.6
         Expected |cos(θ)| ≈ 0.464 (angle ≈ 62.3°)
  [null] Running 1000 covariance-constrained null samples...
    [200/1000] null_mean=0.1877
    [400/1000] null_mean=0.1849
    [600/1000] null_mean=0.1866
    [800/1000] null_mean=0.1813
    [1000/1000] null_mean=0.1796
  [result] a_obs=0.0846, null_mean=0.1796±0.1311
           Δ=-0.0950, z=-0.72
           θ_obs=85.1°, θ_null=79.5°
           p(more orthogonal)=0.2817, p(more aligned)=0.7193
  [saved] /project/bdoiron/dracoxu/rct-fsflow/paper_project_final/out/sacc/alignment/case_i_correctonly/axis_cov_20200929.json

======================================================================
[done] Per-session results saved to /project/bdoiron/dracoxu/rct-fsflow/paper_project_final/out/sacc/alignment/case_i_correctonly
======================================================================
[done] Case i → /project/bdoiron/dracoxu/rct-fsflow/paper_project_final/out/sacc/alignment/case_i_correctonly/

------------------------------------------------------------
[Case ii] Sacc-aligned C & S, pooled trials (correct-only)
  Axes: axes_peakbin_saccCS-sacc-pooled-20mssw
  Orientation: pooled
  OUT_ROOT: /project/bdoiron/dracoxu/rct-fsflow/paper_project_final/out
------------------------------------------------------------
======================================================================
CATEGORY-SACCADE SUBSPACE ALIGNMENT ANALYSIS
======================================================================
[info] Processing 1 session(s)
[info] Mode: axis_cov
[info] out_root: /project/bdoiron/dracoxu/rct-fsflow/paper_project_final/out
[info] n_perms: 1000

[Analysis C] Axis Angle + Covariance-Constrained Null (DAVE'S QUESTION)
             Axes tag: axes_peakbin_saccCS-sacc-pooled-20mssw
             Uses trained sC and sS_raw axes
             Tests: 'less aligned than geometry-constrained chance'

============================================================
[20200929] Processing...

  [Analysis C] Axis angle + covariance-constrained null...
  [axis-cov] Observed: |cos(θ)|=0.0129, θ=89.3°
  [null] Manifold dim: 66, D_eff=6.0
         Expected |cos(θ)| ≈ 0.408 (angle ≈ 65.9°)
  [null] Running 1000 covariance-constrained null samples...
    [200/1000] null_mean=0.1503
    [400/1000] null_mean=0.1574
    [600/1000] null_mean=0.1558
    [800/1000] null_mean=0.1595
    [1000/1000] null_mean=0.1615
  [result] a_obs=0.0129, null_mean=0.1615±0.1189
           Δ=-0.1485, z=-1.25
           θ_obs=89.3°, θ_null=80.6°
           p(more orthogonal)=0.0569, p(more aligned)=0.9441
  [saved] /project/bdoiron/dracoxu/rct-fsflow/paper_project_final/out/sacc/alignment/case_ii_correctonly/axis_cov_20200929.json

======================================================================
[done] Per-session results saved to /project/bdoiron/dracoxu/rct-fsflow/paper_project_final/out/sacc/alignment/case_ii_correctonly
======================================================================
[done] Case ii → /project/bdoiron/dracoxu/rct-fsflow/paper_project_final/out/sacc/alignment/case_ii_correctonly/
[WARN] Axes not found for Case iii → skipping
       Missing: /project/bdoiron/dracoxu/rct-fsflow/paper_project_final/out/stim/20200929/axes/axes_peakbin_C-stim-vertical-20mssw
