[info] Building targ caches for all sessions
[info] PAPER_HOME=/project/bdoiron/dracoxu/rct-fsflow/paper_project_final
[info] PAPER_DATA=/project/bdoiron/dracoxu/rct-fsflow/saccade/RCT_02
[info] OUT_ROOT=/project/bdoiron/dracoxu/rct-fsflow/paper_project_final/out
[info] building caches: align=targ  sessions=39  t0=-0.2 t1=0.35 bin_ms=5.0  min_areas=2  vert_only=False
[skip] 20200217: only 1 valid areas present (['MFEF'])
[skip] 20200221: only 1 valid areas present (['MFEF'])
[skip] 20200227: only 1 valid areas present (['MFEF'])
[skip] 20200302: only 1 valid areas present (['MFEF'])
[skip] 20200323: only 1 valid areas present (['MLIP'])
[skip] 20200324: only 1 valid areas present (['MLIP'])
[skip] 20200325: only 1 valid areas present (['MLIP'])
[skip] 20200326: only 1 valid areas present (['MLIP'])
[ok] 20200327: wrote 2 caches
[ok] 20200328: wrote 2 caches
[ok] 20200401: wrote 2 caches
[ok] 20200402: wrote 2 caches
[skip] 20200901: only 1 valid areas present (['MSC'])
[skip] 20200903: only 1 valid areas present (['MSC'])
[skip] 20200904: only 1 valid areas present (['MSC'])
[skip] 20200905: only 1 valid areas present (['MSC'])
[skip] 20200908: only 1 valid areas present (['MSC'])
[ok] 20200926: wrote 3 caches
[ok] 20200929: wrote 3 caches
[ok] 20201001: wrote 3 caches
[ok] 20201004: wrote 3 caches
[ok] 20201204: wrote 3 caches
[ok] 20201211: wrote 3 caches
[ok] 20201216: wrote 3 caches
[ok] 20230622: wrote 2 caches
[ok] 20230627: wrote 2 caches
[ok] 20230705: wrote 2 caches
[ok] 20230707: wrote 2 caches
[ok] 20230710: wrote 2 caches
[skip] 20231006: only 1 valid areas present (['SSC'])
[skip] 20231010: only 1 valid areas present (['SSC'])
[skip] 20231012: only 1 valid areas present (['SSC'])
[ok] 20231025: wrote 3 caches
[ok] 20231103: wrote 3 caches
[ok] 20231109: wrote 3 caches
[ok] 20231121: wrote 3 caches
[ok] 20231123: wrote 3 caches
[ok] 20231130: wrote 3 caches
[ok] 20231205: wrote 3 caches
[done] align=targ  built_for=23  skipped=16  total=39
[done] targ caches built
