[info] task=6 SID=20200929
[info] PAPER_HOME=/project/bdoiron/dracoxu/rct-fsflow/paper_project_final
[info] OUT_ROOT=/project/bdoiron/dracoxu/rct-fsflow/paper_project_final/out

========== T: Vertical axes + Vertical flow ==========
[20200929][MFEF] wrote /project/bdoiron/dracoxu/rct-fsflow/paper_project_final/out/stim/20200929/axes/axes_sweepT-stim-vertical/axes_MFEF.npz
[20200929][MLIP] wrote /project/bdoiron/dracoxu/rct-fsflow/paper_project_final/out/stim/20200929/axes/axes_sweepT-stim-vertical/axes_MLIP.npz
[20200929][MSC] wrote /project/bdoiron/dracoxu/rct-fsflow/paper_project_final/out/stim/20200929/axes/axes_sweepT-stim-vertical/axes_MSC.npz
[ok] session summary → /project/bdoiron/dracoxu/rct-fsflow/paper_project_final/out/stim/20200929/axes/axes_sweepT-stim-vertical/axes_summary.json
[20200929][MFEF->MLIP] [evoked_subtract_T_vert-stim-none-trial] wrote /project/bdoiron/dracoxu/rct-fsflow/paper_project_final/out/stim/20200929/flow/evoked_subtract_T_vert-stim-none-trial/T/flow_T_MFEFtoMLIP.npz
[20200929][MFEF->MSC] [evoked_subtract_T_vert-stim-none-trial] wrote /project/bdoiron/dracoxu/rct-fsflow/paper_project_final/out/stim/20200929/flow/evoked_subtract_T_vert-stim-none-trial/T/flow_T_MFEFtoMSC.npz
[20200929][MLIP->MFEF] [evoked_subtract_T_vert-stim-none-trial] wrote /project/bdoiron/dracoxu/rct-fsflow/paper_project_final/out/stim/20200929/flow/evoked_subtract_T_vert-stim-none-trial/T/flow_T_MLIPtoMFEF.npz
[20200929][MLIP->MSC] [evoked_subtract_T_vert-stim-none-trial] wrote /project/bdoiron/dracoxu/rct-fsflow/paper_project_final/out/stim/20200929/flow/evoked_subtract_T_vert-stim-none-trial/T/flow_T_MLIPtoMSC.npz
[20200929][MSC->MFEF] [evoked_subtract_T_vert-stim-none-trial] wrote /project/bdoiron/dracoxu/rct-fsflow/paper_project_final/out/stim/20200929/flow/evoked_subtract_T_vert-stim-none-trial/T/flow_T_MSCtoMFEF.npz
[20200929][MSC->MLIP] [evoked_subtract_T_vert-stim-none-trial] wrote /project/bdoiron/dracoxu/rct-fsflow/paper_project_final/out/stim/20200929/flow/evoked_subtract_T_vert-stim-none-trial/T/flow_T_MSCtoMLIP.npz
[info] SID=20200929
[info] axes_tag_base=axes_sweepT
[info] flow_tag_base=evoked_subtract_T_vert
[info] orientation=vertical
[info] axes_orientation=vertical
[info] evoked_sigma_ms=10.0
[info] stim_feature=T
[info] sacc_feature=none
[info] train_axes=True

[align=stim] SID=20200929
[RUN] /project/bdoiron/dracoxu/rct-fsflow/runtime/venv/bin/python cli/train_axes.py --out_root /project/bdoiron/dracoxu/rct-fsflow/paper_project_final/out --align stim --sid 20200929 --orientation vertical --tag axes_sweepT-stim-vertical --features T

[combo] SID=20200929, align=stim, feat=T, axes_tag=axes_sweepT-stim-vertical → flow_tag=evoked_subtract_T_vert-stim-none-trial
[RUN] /project/bdoiron/dracoxu/rct-fsflow/runtime/venv/bin/python cli/flow_session.py --out_root /project/bdoiron/dracoxu/rct-fsflow/paper_project_final/out --align stim --sid 20200929 --feature T --orientation vertical --lags_ms 50.0 --ridge 0.01 --perms 500 --perm-within CR --tag evoked_subtract_T_vert-stim --flow_tag_base evoked_subtract_T_vert-stim --axes_tag axes_sweepT-stim-vertical --null_method trial_shuffle --standardize_mode none --pt_min_ms 200.0 --no_induced --evoked_subtract --evoked_sigma_ms 10.0

[done] SID=20200929 evoked subtraction flow complete.

========== T: Horizontal axes + Horizontal flow ==========
[20200929][MFEF] wrote /project/bdoiron/dracoxu/rct-fsflow/paper_project_final/out/stim/20200929/axes/axes_sweepT-stim-horizontal/axes_MFEF.npz
[20200929][MLIP] wrote /project/bdoiron/dracoxu/rct-fsflow/paper_project_final/out/stim/20200929/axes/axes_sweepT-stim-horizontal/axes_MLIP.npz
[20200929][MSC] wrote /project/bdoiron/dracoxu/rct-fsflow/paper_project_final/out/stim/20200929/axes/axes_sweepT-stim-horizontal/axes_MSC.npz
[ok] session summary → /project/bdoiron/dracoxu/rct-fsflow/paper_project_final/out/stim/20200929/axes/axes_sweepT-stim-horizontal/axes_summary.json
[20200929][MFEF->MLIP] [evoked_subtract_T_horiz-stim-none-trial] wrote /project/bdoiron/dracoxu/rct-fsflow/paper_project_final/out/stim/20200929/flow/evoked_subtract_T_horiz-stim-none-trial/T/flow_T_MFEFtoMLIP.npz
[20200929][MFEF->MSC] [evoked_subtract_T_horiz-stim-none-trial] wrote /project/bdoiron/dracoxu/rct-fsflow/paper_project_final/out/stim/20200929/flow/evoked_subtract_T_horiz-stim-none-trial/T/flow_T_MFEFtoMSC.npz
[20200929][MLIP->MFEF] [evoked_subtract_T_horiz-stim-none-trial] wrote /project/bdoiron/dracoxu/rct-fsflow/paper_project_final/out/stim/20200929/flow/evoked_subtract_T_horiz-stim-none-trial/T/flow_T_MLIPtoMFEF.npz
[20200929][MLIP->MSC] [evoked_subtract_T_horiz-stim-none-trial] wrote /project/bdoiron/dracoxu/rct-fsflow/paper_project_final/out/stim/20200929/flow/evoked_subtract_T_horiz-stim-none-trial/T/flow_T_MLIPtoMSC.npz
[20200929][MSC->MFEF] [evoked_subtract_T_horiz-stim-none-trial] wrote /project/bdoiron/dracoxu/rct-fsflow/paper_project_final/out/stim/20200929/flow/evoked_subtract_T_horiz-stim-none-trial/T/flow_T_MSCtoMFEF.npz
[20200929][MSC->MLIP] [evoked_subtract_T_horiz-stim-none-trial] wrote /project/bdoiron/dracoxu/rct-fsflow/paper_project_final/out/stim/20200929/flow/evoked_subtract_T_horiz-stim-none-trial/T/flow_T_MSCtoMLIP.npz
[info] SID=20200929
[info] axes_tag_base=axes_sweepT
[info] flow_tag_base=evoked_subtract_T_horiz
[info] orientation=horizontal
[info] axes_orientation=horizontal
[info] evoked_sigma_ms=10.0
[info] stim_feature=T
[info] sacc_feature=none
[info] train_axes=True

[align=stim] SID=20200929
[RUN] /project/bdoiron/dracoxu/rct-fsflow/runtime/venv/bin/python cli/train_axes.py --out_root /project/bdoiron/dracoxu/rct-fsflow/paper_project_final/out --align stim --sid 20200929 --orientation horizontal --tag axes_sweepT-stim-horizontal --features T

[combo] SID=20200929, align=stim, feat=T, axes_tag=axes_sweepT-stim-horizontal → flow_tag=evoked_subtract_T_horiz-stim-none-trial
[RUN] /project/bdoiron/dracoxu/rct-fsflow/runtime/venv/bin/python cli/flow_session.py --out_root /project/bdoiron/dracoxu/rct-fsflow/paper_project_final/out --align stim --sid 20200929 --feature T --orientation horizontal --lags_ms 50.0 --ridge 0.01 --perms 500 --perm-within CR --tag evoked_subtract_T_horiz-stim --flow_tag_base evoked_subtract_T_horiz-stim --axes_tag axes_sweepT-stim-horizontal --null_method trial_shuffle --standardize_mode none --pt_min_ms 200.0 --no_induced --evoked_subtract --evoked_sigma_ms 10.0

[done] SID=20200929 evoked subtraction flow complete.

========== T: Pooled axes + Pooled flow ==========
[20200929][MFEF] wrote /project/bdoiron/dracoxu/rct-fsflow/paper_project_final/out/stim/20200929/axes/axes_sweepT-stim-pooled/axes_MFEF.npz
[20200929][MLIP] wrote /project/bdoiron/dracoxu/rct-fsflow/paper_project_final/out/stim/20200929/axes/axes_sweepT-stim-pooled/axes_MLIP.npz
[20200929][MSC] wrote /project/bdoiron/dracoxu/rct-fsflow/paper_project_final/out/stim/20200929/axes/axes_sweepT-stim-pooled/axes_MSC.npz
[ok] session summary → /project/bdoiron/dracoxu/rct-fsflow/paper_project_final/out/stim/20200929/axes/axes_sweepT-stim-pooled/axes_summary.json
[20200929][MFEF->MLIP] [evoked_subtract_T_pooled-stim-none-trial] wrote /project/bdoiron/dracoxu/rct-fsflow/paper_project_final/out/stim/20200929/flow/evoked_subtract_T_pooled-stim-none-trial/T/flow_T_MFEFtoMLIP.npz
[20200929][MFEF->MSC] [evoked_subtract_T_pooled-stim-none-trial] wrote /project/bdoiron/dracoxu/rct-fsflow/paper_project_final/out/stim/20200929/flow/evoked_subtract_T_pooled-stim-none-trial/T/flow_T_MFEFtoMSC.npz
[20200929][MLIP->MFEF] [evoked_subtract_T_pooled-stim-none-trial] wrote /project/bdoiron/dracoxu/rct-fsflow/paper_project_final/out/stim/20200929/flow/evoked_subtract_T_pooled-stim-none-trial/T/flow_T_MLIPtoMFEF.npz
[20200929][MLIP->MSC] [evoked_subtract_T_pooled-stim-none-trial] wrote /project/bdoiron/dracoxu/rct-fsflow/paper_project_final/out/stim/20200929/flow/evoked_subtract_T_pooled-stim-none-trial/T/flow_T_MLIPtoMSC.npz
[20200929][MSC->MFEF] [evoked_subtract_T_pooled-stim-none-trial] wrote /project/bdoiron/dracoxu/rct-fsflow/paper_project_final/out/stim/20200929/flow/evoked_subtract_T_pooled-stim-none-trial/T/flow_T_MSCtoMFEF.npz
[20200929][MSC->MLIP] [evoked_subtract_T_pooled-stim-none-trial] wrote /project/bdoiron/dracoxu/rct-fsflow/paper_project_final/out/stim/20200929/flow/evoked_subtract_T_pooled-stim-none-trial/T/flow_T_MSCtoMLIP.npz
[info] SID=20200929
[info] axes_tag_base=axes_sweepT
[info] flow_tag_base=evoked_subtract_T_pooled
[info] orientation=pooled
[info] axes_orientation=pooled
[info] evoked_sigma_ms=10.0
[info] stim_feature=T
[info] sacc_feature=none
[info] train_axes=True

[align=stim] SID=20200929
[RUN] /project/bdoiron/dracoxu/rct-fsflow/runtime/venv/bin/python cli/train_axes.py --out_root /project/bdoiron/dracoxu/rct-fsflow/paper_project_final/out --align stim --sid 20200929 --orientation pooled --tag axes_sweepT-stim-pooled --features T

[combo] SID=20200929, align=stim, feat=T, axes_tag=axes_sweepT-stim-pooled → flow_tag=evoked_subtract_T_pooled-stim-none-trial
[RUN] /project/bdoiron/dracoxu/rct-fsflow/runtime/venv/bin/python cli/flow_session.py --out_root /project/bdoiron/dracoxu/rct-fsflow/paper_project_final/out --align stim --sid 20200929 --feature T --orientation pooled --lags_ms 50.0 --ridge 0.01 --perms 500 --perm-within CR --tag evoked_subtract_T_pooled-stim --flow_tag_base evoked_subtract_T_pooled-stim --axes_tag axes_sweepT-stim-pooled --null_method trial_shuffle --standardize_mode none --pt_min_ms 200.0 --no_induced --evoked_subtract --evoked_sigma_ms 10.0

[done] SID=20200929 evoked subtraction flow complete.

[done] T evoked flows complete for SID=20200929 (vertical+horizontal+pooled)
