[info] task=8 SID=20201004
[info] PAPER_HOME=/project/bdoiron/dracoxu/rct-fsflow/paper_project_final
[info] OUT_ROOT=/project/bdoiron/dracoxu/rct-fsflow/paper_project_final/out

========== Vertical axes + Pooled flow ==========
[20201004][MFEF->MLIP] [evoked_subtract_vertAxes_pooled-stim-none-trial] wrote /project/bdoiron/dracoxu/rct-fsflow/paper_project_final/out/stim/20201004/flow/evoked_subtract_vertAxes_pooled-stim-none-trial/C/flow_C_MFEFtoMLIP.npz
[20201004][MFEF->MSC] [evoked_subtract_vertAxes_pooled-stim-none-trial] wrote /project/bdoiron/dracoxu/rct-fsflow/paper_project_final/out/stim/20201004/flow/evoked_subtract_vertAxes_pooled-stim-none-trial/C/flow_C_MFEFtoMSC.npz
[20201004][MLIP->MFEF] [evoked_subtract_vertAxes_pooled-stim-none-trial] wrote /project/bdoiron/dracoxu/rct-fsflow/paper_project_final/out/stim/20201004/flow/evoked_subtract_vertAxes_pooled-stim-none-trial/C/flow_C_MLIPtoMFEF.npz
[20201004][MLIP->MSC] [evoked_subtract_vertAxes_pooled-stim-none-trial] wrote /project/bdoiron/dracoxu/rct-fsflow/paper_project_final/out/stim/20201004/flow/evoked_subtract_vertAxes_pooled-stim-none-trial/C/flow_C_MLIPtoMSC.npz
[20201004][MSC->MFEF] [evoked_subtract_vertAxes_pooled-stim-none-trial] wrote /project/bdoiron/dracoxu/rct-fsflow/paper_project_final/out/stim/20201004/flow/evoked_subtract_vertAxes_pooled-stim-none-trial/C/flow_C_MSCtoMFEF.npz
[20201004][MSC->MLIP] [evoked_subtract_vertAxes_pooled-stim-none-trial] wrote /project/bdoiron/dracoxu/rct-fsflow/paper_project_final/out/stim/20201004/flow/evoked_subtract_vertAxes_pooled-stim-none-trial/C/flow_C_MSCtoMLIP.npz
[20201004][MFEF->MLIP] [evoked_subtract_vertAxes_pooled-sacc-none-trial] wrote /project/bdoiron/dracoxu/rct-fsflow/paper_project_final/out/sacc/20201004/flow/evoked_subtract_vertAxes_pooled-sacc-none-trial/S/flow_S_MFEFtoMLIP.npz
[20201004][MFEF->MSC] [evoked_subtract_vertAxes_pooled-sacc-none-trial] wrote /project/bdoiron/dracoxu/rct-fsflow/paper_project_final/out/sacc/20201004/flow/evoked_subtract_vertAxes_pooled-sacc-none-trial/S/flow_S_MFEFtoMSC.npz
[20201004][MLIP->MFEF] [evoked_subtract_vertAxes_pooled-sacc-none-trial] wrote /project/bdoiron/dracoxu/rct-fsflow/paper_project_final/out/sacc/20201004/flow/evoked_subtract_vertAxes_pooled-sacc-none-trial/S/flow_S_MLIPtoMFEF.npz
[20201004][MLIP->MSC] [evoked_subtract_vertAxes_pooled-sacc-none-trial] wrote /project/bdoiron/dracoxu/rct-fsflow/paper_project_final/out/sacc/20201004/flow/evoked_subtract_vertAxes_pooled-sacc-none-trial/S/flow_S_MLIPtoMSC.npz
[20201004][MSC->MFEF] [evoked_subtract_vertAxes_pooled-sacc-none-trial] wrote /project/bdoiron/dracoxu/rct-fsflow/paper_project_final/out/sacc/20201004/flow/evoked_subtract_vertAxes_pooled-sacc-none-trial/S/flow_S_MSCtoMFEF.npz
[20201004][MSC->MLIP] [evoked_subtract_vertAxes_pooled-sacc-none-trial] wrote /project/bdoiron/dracoxu/rct-fsflow/paper_project_final/out/sacc/20201004/flow/evoked_subtract_vertAxes_pooled-sacc-none-trial/S/flow_S_MSCtoMLIP.npz
[info] SID=20201004
[info] axes_tag_base=axes_sweep
[info] flow_tag_base=evoked_subtract_vertAxes_pooled
[info] orientation=pooled
[info] axes_orientation=vertical
[info] evoked_sigma_ms=10.0

[align=stim] SID=20201004

[combo] SID=20201004, align=stim, feat=C, axes_tag=axes_sweep-stim-vertical → flow_tag=evoked_subtract_vertAxes_pooled-stim-none-trial
[RUN] /project/bdoiron/dracoxu/rct-fsflow/runtime/venv/bin/python cli/flow_session.py --out_root /project/bdoiron/dracoxu/rct-fsflow/paper_project_final/out --align stim --sid 20201004 --feature C --orientation pooled --lags_ms 50.0 --ridge 0.01 --perms 500 --perm-within CR --tag evoked_subtract_vertAxes_pooled-stim --flow_tag_base evoked_subtract_vertAxes_pooled-stim --axes_tag axes_sweep-stim-vertical --null_method trial_shuffle --standardize_mode none --pt_min_ms 200.0 --no_induced --evoked_subtract --evoked_sigma_ms 10.0

[align=sacc] SID=20201004

[combo] SID=20201004, align=sacc, feat=S, axes_tag=axes_sweep-sacc-vertical → flow_tag=evoked_subtract_vertAxes_pooled-sacc-none-trial
[RUN] /project/bdoiron/dracoxu/rct-fsflow/runtime/venv/bin/python cli/flow_session.py --out_root /project/bdoiron/dracoxu/rct-fsflow/paper_project_final/out --align sacc --sid 20201004 --feature S --orientation pooled --lags_ms 30.0 --ridge 0.01 --perms 500 --perm-within CR --tag evoked_subtract_vertAxes_pooled-sacc --flow_tag_base evoked_subtract_vertAxes_pooled-sacc --axes_tag axes_sweep-sacc-vertical --null_method trial_shuffle --standardize_mode none --pt_min_ms 200.0 --no_induced --evoked_subtract --evoked_sigma_ms 10.0

[done] SID=20201004 evoked subtraction flow complete.

========== Horizontal axes + Pooled flow ==========
[20201004][MFEF->MLIP] [evoked_subtract_horizAxes_pooled-stim-none-trial] wrote /project/bdoiron/dracoxu/rct-fsflow/paper_project_final/out/stim/20201004/flow/evoked_subtract_horizAxes_pooled-stim-none-trial/C/flow_C_MFEFtoMLIP.npz
[20201004][MFEF->MSC] [evoked_subtract_horizAxes_pooled-stim-none-trial] wrote /project/bdoiron/dracoxu/rct-fsflow/paper_project_final/out/stim/20201004/flow/evoked_subtract_horizAxes_pooled-stim-none-trial/C/flow_C_MFEFtoMSC.npz
[20201004][MLIP->MFEF] [evoked_subtract_horizAxes_pooled-stim-none-trial] wrote /project/bdoiron/dracoxu/rct-fsflow/paper_project_final/out/stim/20201004/flow/evoked_subtract_horizAxes_pooled-stim-none-trial/C/flow_C_MLIPtoMFEF.npz
[20201004][MLIP->MSC] [evoked_subtract_horizAxes_pooled-stim-none-trial] wrote /project/bdoiron/dracoxu/rct-fsflow/paper_project_final/out/stim/20201004/flow/evoked_subtract_horizAxes_pooled-stim-none-trial/C/flow_C_MLIPtoMSC.npz
[20201004][MSC->MFEF] [evoked_subtract_horizAxes_pooled-stim-none-trial] wrote /project/bdoiron/dracoxu/rct-fsflow/paper_project_final/out/stim/20201004/flow/evoked_subtract_horizAxes_pooled-stim-none-trial/C/flow_C_MSCtoMFEF.npz
[20201004][MSC->MLIP] [evoked_subtract_horizAxes_pooled-stim-none-trial] wrote /project/bdoiron/dracoxu/rct-fsflow/paper_project_final/out/stim/20201004/flow/evoked_subtract_horizAxes_pooled-stim-none-trial/C/flow_C_MSCtoMLIP.npz
[20201004][MFEF->MLIP] [evoked_subtract_horizAxes_pooled-sacc-none-trial] wrote /project/bdoiron/dracoxu/rct-fsflow/paper_project_final/out/sacc/20201004/flow/evoked_subtract_horizAxes_pooled-sacc-none-trial/S/flow_S_MFEFtoMLIP.npz
[20201004][MFEF->MSC] [evoked_subtract_horizAxes_pooled-sacc-none-trial] wrote /project/bdoiron/dracoxu/rct-fsflow/paper_project_final/out/sacc/20201004/flow/evoked_subtract_horizAxes_pooled-sacc-none-trial/S/flow_S_MFEFtoMSC.npz
[20201004][MLIP->MFEF] [evoked_subtract_horizAxes_pooled-sacc-none-trial] wrote /project/bdoiron/dracoxu/rct-fsflow/paper_project_final/out/sacc/20201004/flow/evoked_subtract_horizAxes_pooled-sacc-none-trial/S/flow_S_MLIPtoMFEF.npz
[20201004][MLIP->MSC] [evoked_subtract_horizAxes_pooled-sacc-none-trial] wrote /project/bdoiron/dracoxu/rct-fsflow/paper_project_final/out/sacc/20201004/flow/evoked_subtract_horizAxes_pooled-sacc-none-trial/S/flow_S_MLIPtoMSC.npz
[20201004][MSC->MFEF] [evoked_subtract_horizAxes_pooled-sacc-none-trial] wrote /project/bdoiron/dracoxu/rct-fsflow/paper_project_final/out/sacc/20201004/flow/evoked_subtract_horizAxes_pooled-sacc-none-trial/S/flow_S_MSCtoMFEF.npz
[20201004][MSC->MLIP] [evoked_subtract_horizAxes_pooled-sacc-none-trial] wrote /project/bdoiron/dracoxu/rct-fsflow/paper_project_final/out/sacc/20201004/flow/evoked_subtract_horizAxes_pooled-sacc-none-trial/S/flow_S_MSCtoMLIP.npz
[info] SID=20201004
[info] axes_tag_base=axes_sweep
[info] flow_tag_base=evoked_subtract_horizAxes_pooled
[info] orientation=pooled
[info] axes_orientation=horizontal
[info] evoked_sigma_ms=10.0

[align=stim] SID=20201004

[combo] SID=20201004, align=stim, feat=C, axes_tag=axes_sweep-stim-horizontal → flow_tag=evoked_subtract_horizAxes_pooled-stim-none-trial
[RUN] /project/bdoiron/dracoxu/rct-fsflow/runtime/venv/bin/python cli/flow_session.py --out_root /project/bdoiron/dracoxu/rct-fsflow/paper_project_final/out --align stim --sid 20201004 --feature C --orientation pooled --lags_ms 50.0 --ridge 0.01 --perms 500 --perm-within CR --tag evoked_subtract_horizAxes_pooled-stim --flow_tag_base evoked_subtract_horizAxes_pooled-stim --axes_tag axes_sweep-stim-horizontal --null_method trial_shuffle --standardize_mode none --pt_min_ms 200.0 --no_induced --evoked_subtract --evoked_sigma_ms 10.0

[align=sacc] SID=20201004

[combo] SID=20201004, align=sacc, feat=S, axes_tag=axes_sweep-sacc-horizontal → flow_tag=evoked_subtract_horizAxes_pooled-sacc-none-trial
[RUN] /project/bdoiron/dracoxu/rct-fsflow/runtime/venv/bin/python cli/flow_session.py --out_root /project/bdoiron/dracoxu/rct-fsflow/paper_project_final/out --align sacc --sid 20201004 --feature S --orientation pooled --lags_ms 30.0 --ridge 0.01 --perms 500 --perm-within CR --tag evoked_subtract_horizAxes_pooled-sacc --flow_tag_base evoked_subtract_horizAxes_pooled-sacc --axes_tag axes_sweep-sacc-horizontal --null_method trial_shuffle --standardize_mode none --pt_min_ms 200.0 --no_induced --evoked_subtract --evoked_sigma_ms 10.0

[done] SID=20201004 evoked subtraction flow complete.

[done] Both cross-axes pooled flows complete for SID=20201004
