[info] task=22 SID=20231130
[info] PAPER_HOME=/project/bdoiron/dracoxu/rct-fsflow/paper_project_final
[info] OUT_ROOT=/project/bdoiron/dracoxu/rct-fsflow/paper_project_final/out
[20231130][SFEF] wrote /project/bdoiron/dracoxu/rct-fsflow/paper_project_final/out/targ/20231130/axes/axes_sweep-targ-vertical/axes_SFEF.npz
[20231130][SLIP] wrote /project/bdoiron/dracoxu/rct-fsflow/paper_project_final/out/targ/20231130/axes/axes_sweep-targ-vertical/axes_SLIP.npz
[20231130][SSC] wrote /project/bdoiron/dracoxu/rct-fsflow/paper_project_final/out/targ/20231130/axes/axes_sweep-targ-vertical/axes_SSC.npz
[ok] session summary → /project/bdoiron/dracoxu/rct-fsflow/paper_project_final/out/targ/20231130/axes/axes_sweep-targ-vertical/axes_summary.json
[20231130][SFEF->SLIP] [evoked_subtract_T_vert-targ-none-trial] wrote /project/bdoiron/dracoxu/rct-fsflow/paper_project_final/out/targ/20231130/flow/evoked_subtract_T_vert-targ-none-trial/T/flow_T_SFEFtoSLIP.npz
[20231130][SFEF->SSC] [evoked_subtract_T_vert-targ-none-trial] wrote /project/bdoiron/dracoxu/rct-fsflow/paper_project_final/out/targ/20231130/flow/evoked_subtract_T_vert-targ-none-trial/T/flow_T_SFEFtoSSC.npz
[20231130][SLIP->SFEF] [evoked_subtract_T_vert-targ-none-trial] wrote /project/bdoiron/dracoxu/rct-fsflow/paper_project_final/out/targ/20231130/flow/evoked_subtract_T_vert-targ-none-trial/T/flow_T_SLIPtoSFEF.npz
[20231130][SLIP->SSC] [evoked_subtract_T_vert-targ-none-trial] wrote /project/bdoiron/dracoxu/rct-fsflow/paper_project_final/out/targ/20231130/flow/evoked_subtract_T_vert-targ-none-trial/T/flow_T_SLIPtoSSC.npz
[20231130][SSC->SFEF] [evoked_subtract_T_vert-targ-none-trial] wrote /project/bdoiron/dracoxu/rct-fsflow/paper_project_final/out/targ/20231130/flow/evoked_subtract_T_vert-targ-none-trial/T/flow_T_SSCtoSFEF.npz
[20231130][SSC->SLIP] [evoked_subtract_T_vert-targ-none-trial] wrote /project/bdoiron/dracoxu/rct-fsflow/paper_project_final/out/targ/20231130/flow/evoked_subtract_T_vert-targ-none-trial/T/flow_T_SSCtoSLIP.npz
[info] SID=20231130
[info] axes_tag_base=axes_sweep
[info] flow_tag_base=evoked_subtract_T_vert
[info] orientation=vertical
[info] axes_orientation=vertical
[info] evoked_sigma_ms=10.0
[info] stim_feature=none
[info] sacc_feature=none
[info] targ_feature=T
[info] train_axes=True

[align=targ] SID=20231130
[RUN] /project/bdoiron/dracoxu/rct-fsflow/runtime/venv/bin/python cli/train_axes.py --out_root /project/bdoiron/dracoxu/rct-fsflow/paper_project_final/out --align targ --sid 20231130 --orientation vertical --tag axes_sweep-targ-vertical --features T

[combo] SID=20231130, align=targ, feat=T, axes_tag=axes_sweep-targ-vertical → flow_tag=evoked_subtract_T_vert-targ-none-trial
[RUN] /project/bdoiron/dracoxu/rct-fsflow/runtime/venv/bin/python cli/flow_session.py --out_root /project/bdoiron/dracoxu/rct-fsflow/paper_project_final/out --align targ --sid 20231130 --feature T --orientation vertical --lags_ms 30.0 --ridge 0.01 --perms 500 --perm-within CR --tag evoked_subtract_T_vert-targ --flow_tag_base evoked_subtract_T_vert-targ --axes_tag axes_sweep-targ-vertical --null_method trial_shuffle --standardize_mode none --pt_min_ms 200.0 --no_induced --evoked_subtract --evoked_sigma_ms 10.0 --save_null_samples

[done] SID=20231130 evoked subtraction flow complete.
