[info] task=22 SID=20231130
[info] PAPER_HOME=/project/bdoiron/dracoxu/rct-fsflow/paper_project_final
[info] OUT_ROOT=/project/bdoiron/dracoxu/rct-fsflow/paper_project_final/out
[20231130][SFEF] wrote /project/bdoiron/dracoxu/rct-fsflow/paper_project_final/out/targ/20231130/axes/axes_sweep-targ-horizontal/axes_SFEF.npz
[20231130][SLIP] wrote /project/bdoiron/dracoxu/rct-fsflow/paper_project_final/out/targ/20231130/axes/axes_sweep-targ-horizontal/axes_SLIP.npz
[20231130][SSC] wrote /project/bdoiron/dracoxu/rct-fsflow/paper_project_final/out/targ/20231130/axes/axes_sweep-targ-horizontal/axes_SSC.npz
[ok] session summary → /project/bdoiron/dracoxu/rct-fsflow/paper_project_final/out/targ/20231130/axes/axes_sweep-targ-horizontal/axes_summary.json
[skip] SFEF->SLIP: Missing T axis in one of the areas.
[skip] SFEF->SSC: Missing T axis in one of the areas.
[skip] SLIP->SFEF: Missing T axis in one of the areas.
[skip] SLIP->SSC: Missing T axis in one of the areas.
[skip] SSC->SFEF: Missing T axis in one of the areas.
[skip] SSC->SLIP: Missing T axis in one of the areas.
[info] SID=20231130
[info] axes_tag_base=axes_sweep
[info] flow_tag_base=evoked_subtract_T_horiz
[info] orientation=horizontal
[info] axes_orientation=horizontal
[info] evoked_sigma_ms=10.0
[info] stim_feature=none
[info] sacc_feature=none
[info] targ_feature=T
[info] train_axes=True

[align=targ] SID=20231130
[RUN] /project/bdoiron/dracoxu/rct-fsflow/runtime/venv/bin/python cli/train_axes.py --out_root /project/bdoiron/dracoxu/rct-fsflow/paper_project_final/out --align targ --sid 20231130 --orientation horizontal --tag axes_sweep-targ-horizontal --features T

[combo] SID=20231130, align=targ, feat=T, axes_tag=axes_sweep-targ-horizontal → flow_tag=evoked_subtract_T_horiz-targ-none-trial
[RUN] /project/bdoiron/dracoxu/rct-fsflow/runtime/venv/bin/python cli/flow_session.py --out_root /project/bdoiron/dracoxu/rct-fsflow/paper_project_final/out --align targ --sid 20231130 --feature T --orientation horizontal --lags_ms 30.0 --ridge 0.01 --perms 500 --perm-within CR --tag evoked_subtract_T_horiz-targ --flow_tag_base evoked_subtract_T_horiz-targ --axes_tag axes_sweep-targ-horizontal --null_method trial_shuffle --standardize_mode none --pt_min_ms 200.0 --no_induced --evoked_subtract --evoked_sigma_ms 10.0 --save_null_samples

[done] SID=20231130 evoked subtraction flow complete.
