[info] task=4 SID=20200402
[info] PAPER_HOME=/project/bdoiron/dracoxu/rct-fsflow/paper_project_final
[info] OUT_ROOT=/project/bdoiron/dracoxu/rct-fsflow/paper_project_final/out
[20200402][MFEF] wrote /project/bdoiron/dracoxu/rct-fsflow/paper_project_final/out/targ/20200402/axes/axes_sweep-targ-vertical/axes_MFEF.npz
[20200402][MLIP] wrote /project/bdoiron/dracoxu/rct-fsflow/paper_project_final/out/targ/20200402/axes/axes_sweep-targ-vertical/axes_MLIP.npz
[ok] session summary → /project/bdoiron/dracoxu/rct-fsflow/paper_project_final/out/targ/20200402/axes/axes_sweep-targ-vertical/axes_summary.json
[20200402][MFEF->MLIP] [evoked_subtract_T_vert-targ-none-trial] wrote /project/bdoiron/dracoxu/rct-fsflow/paper_project_final/out/targ/20200402/flow/evoked_subtract_T_vert-targ-none-trial/T/flow_T_MFEFtoMLIP.npz
[20200402][MLIP->MFEF] [evoked_subtract_T_vert-targ-none-trial] wrote /project/bdoiron/dracoxu/rct-fsflow/paper_project_final/out/targ/20200402/flow/evoked_subtract_T_vert-targ-none-trial/T/flow_T_MLIPtoMFEF.npz
[info] SID=20200402
[info] axes_tag_base=axes_sweep
[info] flow_tag_base=evoked_subtract_T_vert
[info] orientation=vertical
[info] axes_orientation=vertical
[info] evoked_sigma_ms=10.0
[info] stim_feature=none
[info] sacc_feature=none
[info] targ_feature=T
[info] train_axes=True

[align=targ] SID=20200402
[RUN] /project/bdoiron/dracoxu/rct-fsflow/runtime/venv/bin/python cli/train_axes.py --out_root /project/bdoiron/dracoxu/rct-fsflow/paper_project_final/out --align targ --sid 20200402 --orientation vertical --tag axes_sweep-targ-vertical --features T

[combo] SID=20200402, align=targ, feat=T, axes_tag=axes_sweep-targ-vertical → flow_tag=evoked_subtract_T_vert-targ-none-trial
[RUN] /project/bdoiron/dracoxu/rct-fsflow/runtime/venv/bin/python cli/flow_session.py --out_root /project/bdoiron/dracoxu/rct-fsflow/paper_project_final/out --align targ --sid 20200402 --feature T --orientation vertical --lags_ms 30.0 --ridge 0.01 --perms 500 --perm-within CR --tag evoked_subtract_T_vert-targ --flow_tag_base evoked_subtract_T_vert-targ --axes_tag axes_sweep-targ-vertical --null_method trial_shuffle --standardize_mode none --pt_min_ms 200.0 --no_induced --evoked_subtract --evoked_sigma_ms 10.0 --save_null_samples

[done] SID=20200402 evoked subtraction flow complete.
