[info] task=3 SID=20200401
[info] PAPER_HOME=/project/bdoiron/dracoxu/rct-fsflow/paper_project_final
[info] OUT_ROOT=/project/bdoiron/dracoxu/rct-fsflow/paper_project_final/out
[20200401][MFEF] wrote /project/bdoiron/dracoxu/rct-fsflow/paper_project_final/out/stim/20200401/axes/axes_sweep-stim-vertical/axes_MFEF.npz
[20200401][MLIP] wrote /project/bdoiron/dracoxu/rct-fsflow/paper_project_final/out/stim/20200401/axes/axes_sweep-stim-vertical/axes_MLIP.npz
[ok] session summary → /project/bdoiron/dracoxu/rct-fsflow/paper_project_final/out/stim/20200401/axes/axes_sweep-stim-vertical/axes_summary.json
[20200401][MFEF] wrote /project/bdoiron/dracoxu/rct-fsflow/paper_project_final/out/stim/20200401/qc/axes_sweep-stim-vertical/qc_axes_MFEF.pdf (+ .png, .json)   lat(ms): C=144.99999582767487, Sraw=None, Sinv=None
[20200401][MLIP] wrote /project/bdoiron/dracoxu/rct-fsflow/paper_project_final/out/stim/20200401/qc/axes_sweep-stim-vertical/qc_axes_MLIP.pdf (+ .png, .json)   lat(ms): C=None, Sraw=None, Sinv=None
[20200401][MFEF->MLIP] [crsweep-stim-vertical-none-trial] wrote /project/bdoiron/dracoxu/rct-fsflow/paper_project_final/out/stim/20200401/flow/crsweep-stim-vertical-none-trial/C/flow_C_MFEFtoMLIP.npz
[20200401][MLIP->MFEF] [crsweep-stim-vertical-none-trial] wrote /project/bdoiron/dracoxu/rct-fsflow/paper_project_final/out/stim/20200401/flow/crsweep-stim-vertical-none-trial/C/flow_C_MLIPtoMFEF.npz
[20200401] wrote /project/bdoiron/dracoxu/rct-fsflow/paper_project_final/out/stim/20200401/flow/crsweep-stim-vertical-none-trial/C/figs/MFEF_vs_MLIP_flow_C.pdf
[20200401][MFEF->MLIP] [crsweep-stim-vertical-none-circ] wrote /project/bdoiron/dracoxu/rct-fsflow/paper_project_final/out/stim/20200401/flow/crsweep-stim-vertical-none-circ/C/flow_C_MFEFtoMLIP.npz
[20200401][MLIP->MFEF] [crsweep-stim-vertical-none-circ] wrote /project/bdoiron/dracoxu/rct-fsflow/paper_project_final/out/stim/20200401/flow/crsweep-stim-vertical-none-circ/C/flow_C_MLIPtoMFEF.npz
[20200401] wrote /project/bdoiron/dracoxu/rct-fsflow/paper_project_final/out/stim/20200401/flow/crsweep-stim-vertical-none-circ/C/figs/MFEF_vs_MLIP_flow_C.pdf
[20200401][MFEF->MLIP] [crsweep-stim-vertical-zreg-trial] wrote /project/bdoiron/dracoxu/rct-fsflow/paper_project_final/out/stim/20200401/flow/crsweep-stim-vertical-zreg-trial/C/flow_C_MFEFtoMLIP.npz
[20200401][MLIP->MFEF] [crsweep-stim-vertical-zreg-trial] wrote /project/bdoiron/dracoxu/rct-fsflow/paper_project_final/out/stim/20200401/flow/crsweep-stim-vertical-zreg-trial/C/flow_C_MLIPtoMFEF.npz
[20200401] wrote /project/bdoiron/dracoxu/rct-fsflow/paper_project_final/out/stim/20200401/flow/crsweep-stim-vertical-zreg-trial/C/figs/MFEF_vs_MLIP_flow_C.pdf
[20200401][MFEF->MLIP] [crsweep-stim-vertical-zreg-circ] wrote /project/bdoiron/dracoxu/rct-fsflow/paper_project_final/out/stim/20200401/flow/crsweep-stim-vertical-zreg-circ/C/flow_C_MFEFtoMLIP.npz
[20200401][MLIP->MFEF] [crsweep-stim-vertical-zreg-circ] wrote /project/bdoiron/dracoxu/rct-fsflow/paper_project_final/out/stim/20200401/flow/crsweep-stim-vertical-zreg-circ/C/flow_C_MLIPtoMFEF.npz
[20200401] wrote /project/bdoiron/dracoxu/rct-fsflow/paper_project_final/out/stim/20200401/flow/crsweep-stim-vertical-zreg-circ/C/figs/MFEF_vs_MLIP_flow_C.pdf
[20200401][MFEF->MLIP] [crsweep-stim-vertical-none-trial] wrote /project/bdoiron/dracoxu/rct-fsflow/paper_project_final/out/stim/20200401/flow/crsweep-stim-vertical-none-trial/R/flow_R_MFEFtoMLIP.npz
[20200401][MLIP->MFEF] [crsweep-stim-vertical-none-trial] wrote /project/bdoiron/dracoxu/rct-fsflow/paper_project_final/out/stim/20200401/flow/crsweep-stim-vertical-none-trial/R/flow_R_MLIPtoMFEF.npz
[20200401] wrote /project/bdoiron/dracoxu/rct-fsflow/paper_project_final/out/stim/20200401/flow/crsweep-stim-vertical-none-trial/R/figs/MFEF_vs_MLIP_flow_R.pdf
[20200401][MFEF->MLIP] [crsweep-stim-vertical-none-circ] wrote /project/bdoiron/dracoxu/rct-fsflow/paper_project_final/out/stim/20200401/flow/crsweep-stim-vertical-none-circ/R/flow_R_MFEFtoMLIP.npz
[20200401][MLIP->MFEF] [crsweep-stim-vertical-none-circ] wrote /project/bdoiron/dracoxu/rct-fsflow/paper_project_final/out/stim/20200401/flow/crsweep-stim-vertical-none-circ/R/flow_R_MLIPtoMFEF.npz
[20200401] wrote /project/bdoiron/dracoxu/rct-fsflow/paper_project_final/out/stim/20200401/flow/crsweep-stim-vertical-none-circ/R/figs/MFEF_vs_MLIP_flow_R.pdf
[20200401][MFEF->MLIP] [crsweep-stim-vertical-zreg-trial] wrote /project/bdoiron/dracoxu/rct-fsflow/paper_project_final/out/stim/20200401/flow/crsweep-stim-vertical-zreg-trial/R/flow_R_MFEFtoMLIP.npz
[20200401][MLIP->MFEF] [crsweep-stim-vertical-zreg-trial] wrote /project/bdoiron/dracoxu/rct-fsflow/paper_project_final/out/stim/20200401/flow/crsweep-stim-vertical-zreg-trial/R/flow_R_MLIPtoMFEF.npz
[20200401] wrote /project/bdoiron/dracoxu/rct-fsflow/paper_project_final/out/stim/20200401/flow/crsweep-stim-vertical-zreg-trial/R/figs/MFEF_vs_MLIP_flow_R.pdf
[20200401][MFEF->MLIP] [crsweep-stim-vertical-zreg-circ] wrote /project/bdoiron/dracoxu/rct-fsflow/paper_project_final/out/stim/20200401/flow/crsweep-stim-vertical-zreg-circ/R/flow_R_MFEFtoMLIP.npz
[20200401][MLIP->MFEF] [crsweep-stim-vertical-zreg-circ] wrote /project/bdoiron/dracoxu/rct-fsflow/paper_project_final/out/stim/20200401/flow/crsweep-stim-vertical-zreg-circ/R/flow_R_MLIPtoMFEF.npz
[20200401] wrote /project/bdoiron/dracoxu/rct-fsflow/paper_project_final/out/stim/20200401/flow/crsweep-stim-vertical-zreg-circ/R/figs/MFEF_vs_MLIP_flow_R.pdf
[skip] MFEF->MLIP: Missing O axis in one of the areas.
[skip] MLIP->MFEF: Missing O axis in one of the areas.
[info] SID=20200401
[info] orientations      = ['vertical', 'horizontal', 'pooled']
[info] standardize_modes = ['none', 'zscore_regressors']
[info] null_methods      = ['trial_shuffle', 'circular_shift']

[align=stim] SID=20200401

[block] ori=vertical
[RUN] /project/bdoiron/dracoxu/rct-fsflow/runtime/venv/bin/python cli/train_axes.py --out_root /project/bdoiron/dracoxu/rct-fsflow/paper_project_final/out --align stim --sid 20200401 --orientation vertical --tag axes_sweep-stim-vertical --pt_min_ms_stim 200.0
[RUN] /project/bdoiron/dracoxu/rct-fsflow/runtime/venv/bin/python cli/qc_axes.py --out_root /project/bdoiron/dracoxu/rct-fsflow/paper_project_final/out --align stim --sid 20200401 --orientation vertical --tag axes_sweep-stim-vertical --pt_min_ms_stim 200.0

[combo] sid=20200401, align=stim, ori=vertical, feat=C, std=none, null=trial_shuffle → flow_tag=crsweep-stim-vertical-none-trial
[RUN] /project/bdoiron/dracoxu/rct-fsflow/runtime/venv/bin/python cli/flow_session.py --out_root /project/bdoiron/dracoxu/rct-fsflow/paper_project_final/out --align stim --sid 20200401 --feature C --orientation vertical --lags_ms 50.0 --ridge 0.01 --perms 500 --perm-within CR --tag crsweep-stim-vertical --flow_tag_base crsweep-stim-vertical --axes_tag axes_sweep-stim-vertical --null_method trial_shuffle --standardize_mode none --pt_min_ms 200.0
[RUN] /project/bdoiron/dracoxu/rct-fsflow/runtime/venv/bin/python cli/flow_overlays.py --out_root /project/bdoiron/dracoxu/rct-fsflow/paper_project_final/out --align stim --sid 20200401 --feature C --orientation vertical --tag crsweep-stim-vertical-none-trial

[combo] sid=20200401, align=stim, ori=vertical, feat=C, std=none, null=circular_shift → flow_tag=crsweep-stim-vertical-none-circ
[RUN] /project/bdoiron/dracoxu/rct-fsflow/runtime/venv/bin/python cli/flow_session.py --out_root /project/bdoiron/dracoxu/rct-fsflow/paper_project_final/out --align stim --sid 20200401 --feature C --orientation vertical --lags_ms 50.0 --ridge 0.01 --perms 500 --perm-within CR --tag crsweep-stim-vertical --flow_tag_base crsweep-stim-vertical --axes_tag axes_sweep-stim-vertical --null_method circular_shift --standardize_mode none --pt_min_ms 200.0
[RUN] /project/bdoiron/dracoxu/rct-fsflow/runtime/venv/bin/python cli/flow_overlays.py --out_root /project/bdoiron/dracoxu/rct-fsflow/paper_project_final/out --align stim --sid 20200401 --feature C --orientation vertical --tag crsweep-stim-vertical-none-circ

[combo] sid=20200401, align=stim, ori=vertical, feat=C, std=zscore_regressors, null=trial_shuffle → flow_tag=crsweep-stim-vertical-zreg-trial
[RUN] /project/bdoiron/dracoxu/rct-fsflow/runtime/venv/bin/python cli/flow_session.py --out_root /project/bdoiron/dracoxu/rct-fsflow/paper_project_final/out --align stim --sid 20200401 --feature C --orientation vertical --lags_ms 50.0 --ridge 0.01 --perms 500 --perm-within CR --tag crsweep-stim-vertical --flow_tag_base crsweep-stim-vertical --axes_tag axes_sweep-stim-vertical --null_method trial_shuffle --standardize_mode zscore_regressors --pt_min_ms 200.0
[RUN] /project/bdoiron/dracoxu/rct-fsflow/runtime/venv/bin/python cli/flow_overlays.py --out_root /project/bdoiron/dracoxu/rct-fsflow/paper_project_final/out --align stim --sid 20200401 --feature C --orientation vertical --tag crsweep-stim-vertical-zreg-trial

[combo] sid=20200401, align=stim, ori=vertical, feat=C, std=zscore_regressors, null=circular_shift → flow_tag=crsweep-stim-vertical-zreg-circ
[RUN] /project/bdoiron/dracoxu/rct-fsflow/runtime/venv/bin/python cli/flow_session.py --out_root /project/bdoiron/dracoxu/rct-fsflow/paper_project_final/out --align stim --sid 20200401 --feature C --orientation vertical --lags_ms 50.0 --ridge 0.01 --perms 500 --perm-within CR --tag crsweep-stim-vertical --flow_tag_base crsweep-stim-vertical --axes_tag axes_sweep-stim-vertical --null_method circular_shift --standardize_mode zscore_regressors --pt_min_ms 200.0
[RUN] /project/bdoiron/dracoxu/rct-fsflow/runtime/venv/bin/python cli/flow_overlays.py --out_root /project/bdoiron/dracoxu/rct-fsflow/paper_project_final/out --align stim --sid 20200401 --feature C --orientation vertical --tag crsweep-stim-vertical-zreg-circ

[combo] sid=20200401, align=stim, ori=vertical, feat=R, std=none, null=trial_shuffle → flow_tag=crsweep-stim-vertical-none-trial
[RUN] /project/bdoiron/dracoxu/rct-fsflow/runtime/venv/bin/python cli/flow_session.py --out_root /project/bdoiron/dracoxu/rct-fsflow/paper_project_final/out --align stim --sid 20200401 --feature R --orientation vertical --lags_ms 50.0 --ridge 0.01 --perms 500 --perm-within CR --tag crsweep-stim-vertical --flow_tag_base crsweep-stim-vertical --axes_tag axes_sweep-stim-vertical --null_method trial_shuffle --standardize_mode none --pt_min_ms 200.0
[RUN] /project/bdoiron/dracoxu/rct-fsflow/runtime/venv/bin/python cli/flow_overlays.py --out_root /project/bdoiron/dracoxu/rct-fsflow/paper_project_final/out --align stim --sid 20200401 --feature R --orientation vertical --tag crsweep-stim-vertical-none-trial

[combo] sid=20200401, align=stim, ori=vertical, feat=R, std=none, null=circular_shift → flow_tag=crsweep-stim-vertical-none-circ
[RUN] /project/bdoiron/dracoxu/rct-fsflow/runtime/venv/bin/python cli/flow_session.py --out_root /project/bdoiron/dracoxu/rct-fsflow/paper_project_final/out --align stim --sid 20200401 --feature R --orientation vertical --lags_ms 50.0 --ridge 0.01 --perms 500 --perm-within CR --tag crsweep-stim-vertical --flow_tag_base crsweep-stim-vertical --axes_tag axes_sweep-stim-vertical --null_method circular_shift --standardize_mode none --pt_min_ms 200.0
[RUN] /project/bdoiron/dracoxu/rct-fsflow/runtime/venv/bin/python cli/flow_overlays.py --out_root /project/bdoiron/dracoxu/rct-fsflow/paper_project_final/out --align stim --sid 20200401 --feature R --orientation vertical --tag crsweep-stim-vertical-none-circ

[combo] sid=20200401, align=stim, ori=vertical, feat=R, std=zscore_regressors, null=trial_shuffle → flow_tag=crsweep-stim-vertical-zreg-trial
[RUN] /project/bdoiron/dracoxu/rct-fsflow/runtime/venv/bin/python cli/flow_session.py --out_root /project/bdoiron/dracoxu/rct-fsflow/paper_project_final/out --align stim --sid 20200401 --feature R --orientation vertical --lags_ms 50.0 --ridge 0.01 --perms 500 --perm-within CR --tag crsweep-stim-vertical --flow_tag_base crsweep-stim-vertical --axes_tag axes_sweep-stim-vertical --null_method trial_shuffle --standardize_mode zscore_regressors --pt_min_ms 200.0
[RUN] /project/bdoiron/dracoxu/rct-fsflow/runtime/venv/bin/python cli/flow_overlays.py --out_root /project/bdoiron/dracoxu/rct-fsflow/paper_project_final/out --align stim --sid 20200401 --feature R --orientation vertical --tag crsweep-stim-vertical-zreg-trial

[combo] sid=20200401, align=stim, ori=vertical, feat=R, std=zscore_regressors, null=circular_shift → flow_tag=crsweep-stim-vertical-zreg-circ
[RUN] /project/bdoiron/dracoxu/rct-fsflow/runtime/venv/bin/python cli/flow_session.py --out_root /project/bdoiron/dracoxu/rct-fsflow/paper_project_final/out --align stim --sid 20200401 --feature R --orientation vertical --lags_ms 50.0 --ridge 0.01 --perms 500 --perm-within CR --tag crsweep-stim-vertical --flow_tag_base crsweep-stim-vertical --axes_tag axes_sweep-stim-vertical --null_method circular_shift --standardize_mode zscore_regressors --pt_min_ms 200.0
[RUN] /project/bdoiron/dracoxu/rct-fsflow/runtime/venv/bin/python cli/flow_overlays.py --out_root /project/bdoiron/dracoxu/rct-fsflow/paper_project_final/out --align stim --sid 20200401 --feature R --orientation vertical --tag crsweep-stim-vertical-zreg-circ

[combo] sid=20200401, align=stim, ori=vertical, feat=O, std=none, null=trial_shuffle → flow_tag=crsweep-stim-vertical-none-trial
[RUN] /project/bdoiron/dracoxu/rct-fsflow/runtime/venv/bin/python cli/flow_session.py --out_root /project/bdoiron/dracoxu/rct-fsflow/paper_project_final/out --align stim --sid 20200401 --feature O --orientation vertical --lags_ms 50.0 --ridge 0.01 --perms 500 --perm-within CR --tag crsweep-stim-vertical --flow_tag_base crsweep-stim-vertical --axes_tag axes_sweep-stim-vertical --null_method trial_shuffle --standardize_mode none --pt_min_ms 200.0
[RUN] /project/bdoiron/dracoxu/rct-fsflow/runtime/venv/bin/python cli/flow_overlays.py --out_root /project/bdoiron/dracoxu/rct-fsflow/paper_project_final/out --align stim --sid 20200401 --feature O --orientation vertical --tag crsweep-stim-vertical-none-trial
