[info] task=18 SID=20231103
[info] PAPER_HOME=/project/bdoiron/dracoxu/rct-fsflow/paper_project_final
[info] OUT_ROOT=/project/bdoiron/dracoxu/rct-fsflow/paper_project_final/out

========== T: Vertical axes + Vertical flow ==========
[20231103][SFEF] wrote /project/bdoiron/dracoxu/rct-fsflow/paper_project_final/out/stim/20231103/axes/axes_sweepT-stim-vertical/axes_SFEF.npz
[20231103][SLIP] wrote /project/bdoiron/dracoxu/rct-fsflow/paper_project_final/out/stim/20231103/axes/axes_sweepT-stim-vertical/axes_SLIP.npz
[20231103][SSC] wrote /project/bdoiron/dracoxu/rct-fsflow/paper_project_final/out/stim/20231103/axes/axes_sweepT-stim-vertical/axes_SSC.npz
[ok] session summary → /project/bdoiron/dracoxu/rct-fsflow/paper_project_final/out/stim/20231103/axes/axes_sweepT-stim-vertical/axes_summary.json
[20231103][SFEF->SLIP] [evoked_subtract_T_vert-stim-none-trial] wrote /project/bdoiron/dracoxu/rct-fsflow/paper_project_final/out/stim/20231103/flow/evoked_subtract_T_vert-stim-none-trial/T/flow_T_SFEFtoSLIP.npz
[20231103][SFEF->SSC] [evoked_subtract_T_vert-stim-none-trial] wrote /project/bdoiron/dracoxu/rct-fsflow/paper_project_final/out/stim/20231103/flow/evoked_subtract_T_vert-stim-none-trial/T/flow_T_SFEFtoSSC.npz
[20231103][SLIP->SFEF] [evoked_subtract_T_vert-stim-none-trial] wrote /project/bdoiron/dracoxu/rct-fsflow/paper_project_final/out/stim/20231103/flow/evoked_subtract_T_vert-stim-none-trial/T/flow_T_SLIPtoSFEF.npz
[20231103][SLIP->SSC] [evoked_subtract_T_vert-stim-none-trial] wrote /project/bdoiron/dracoxu/rct-fsflow/paper_project_final/out/stim/20231103/flow/evoked_subtract_T_vert-stim-none-trial/T/flow_T_SLIPtoSSC.npz
[20231103][SSC->SFEF] [evoked_subtract_T_vert-stim-none-trial] wrote /project/bdoiron/dracoxu/rct-fsflow/paper_project_final/out/stim/20231103/flow/evoked_subtract_T_vert-stim-none-trial/T/flow_T_SSCtoSFEF.npz
[20231103][SSC->SLIP] [evoked_subtract_T_vert-stim-none-trial] wrote /project/bdoiron/dracoxu/rct-fsflow/paper_project_final/out/stim/20231103/flow/evoked_subtract_T_vert-stim-none-trial/T/flow_T_SSCtoSLIP.npz
[info] SID=20231103
[info] axes_tag_base=axes_sweepT
[info] flow_tag_base=evoked_subtract_T_vert
[info] orientation=vertical
[info] axes_orientation=vertical
[info] evoked_sigma_ms=10.0
[info] stim_feature=T
[info] sacc_feature=none
[info] train_axes=True

[align=stim] SID=20231103
[RUN] /project/bdoiron/dracoxu/rct-fsflow/runtime/venv/bin/python cli/train_axes.py --out_root /project/bdoiron/dracoxu/rct-fsflow/paper_project_final/out --align stim --sid 20231103 --orientation vertical --tag axes_sweepT-stim-vertical --features T

[combo] SID=20231103, align=stim, feat=T, axes_tag=axes_sweepT-stim-vertical → flow_tag=evoked_subtract_T_vert-stim-none-trial
[RUN] /project/bdoiron/dracoxu/rct-fsflow/runtime/venv/bin/python cli/flow_session.py --out_root /project/bdoiron/dracoxu/rct-fsflow/paper_project_final/out --align stim --sid 20231103 --feature T --orientation vertical --lags_ms 50.0 --ridge 0.01 --perms 500 --perm-within CR --tag evoked_subtract_T_vert-stim --flow_tag_base evoked_subtract_T_vert-stim --axes_tag axes_sweepT-stim-vertical --null_method trial_shuffle --standardize_mode none --pt_min_ms 200.0 --no_induced --evoked_subtract --evoked_sigma_ms 10.0

[done] SID=20231103 evoked subtraction flow complete.

========== T: Horizontal axes + Horizontal flow ==========
[20231103][SFEF] wrote /project/bdoiron/dracoxu/rct-fsflow/paper_project_final/out/stim/20231103/axes/axes_sweepT-stim-horizontal/axes_SFEF.npz
[20231103][SLIP] wrote /project/bdoiron/dracoxu/rct-fsflow/paper_project_final/out/stim/20231103/axes/axes_sweepT-stim-horizontal/axes_SLIP.npz
[20231103][SSC] wrote /project/bdoiron/dracoxu/rct-fsflow/paper_project_final/out/stim/20231103/axes/axes_sweepT-stim-horizontal/axes_SSC.npz
[ok] session summary → /project/bdoiron/dracoxu/rct-fsflow/paper_project_final/out/stim/20231103/axes/axes_sweepT-stim-horizontal/axes_summary.json
[20231103][SFEF->SLIP] [evoked_subtract_T_horiz-stim-none-trial] wrote /project/bdoiron/dracoxu/rct-fsflow/paper_project_final/out/stim/20231103/flow/evoked_subtract_T_horiz-stim-none-trial/T/flow_T_SFEFtoSLIP.npz
[20231103][SFEF->SSC] [evoked_subtract_T_horiz-stim-none-trial] wrote /project/bdoiron/dracoxu/rct-fsflow/paper_project_final/out/stim/20231103/flow/evoked_subtract_T_horiz-stim-none-trial/T/flow_T_SFEFtoSSC.npz
[20231103][SLIP->SFEF] [evoked_subtract_T_horiz-stim-none-trial] wrote /project/bdoiron/dracoxu/rct-fsflow/paper_project_final/out/stim/20231103/flow/evoked_subtract_T_horiz-stim-none-trial/T/flow_T_SLIPtoSFEF.npz
[20231103][SLIP->SSC] [evoked_subtract_T_horiz-stim-none-trial] wrote /project/bdoiron/dracoxu/rct-fsflow/paper_project_final/out/stim/20231103/flow/evoked_subtract_T_horiz-stim-none-trial/T/flow_T_SLIPtoSSC.npz
[20231103][SSC->SFEF] [evoked_subtract_T_horiz-stim-none-trial] wrote /project/bdoiron/dracoxu/rct-fsflow/paper_project_final/out/stim/20231103/flow/evoked_subtract_T_horiz-stim-none-trial/T/flow_T_SSCtoSFEF.npz
[20231103][SSC->SLIP] [evoked_subtract_T_horiz-stim-none-trial] wrote /project/bdoiron/dracoxu/rct-fsflow/paper_project_final/out/stim/20231103/flow/evoked_subtract_T_horiz-stim-none-trial/T/flow_T_SSCtoSLIP.npz
[info] SID=20231103
[info] axes_tag_base=axes_sweepT
[info] flow_tag_base=evoked_subtract_T_horiz
[info] orientation=horizontal
[info] axes_orientation=horizontal
[info] evoked_sigma_ms=10.0
[info] stim_feature=T
[info] sacc_feature=none
[info] train_axes=True

[align=stim] SID=20231103
[RUN] /project/bdoiron/dracoxu/rct-fsflow/runtime/venv/bin/python cli/train_axes.py --out_root /project/bdoiron/dracoxu/rct-fsflow/paper_project_final/out --align stim --sid 20231103 --orientation horizontal --tag axes_sweepT-stim-horizontal --features T

[combo] SID=20231103, align=stim, feat=T, axes_tag=axes_sweepT-stim-horizontal → flow_tag=evoked_subtract_T_horiz-stim-none-trial
[RUN] /project/bdoiron/dracoxu/rct-fsflow/runtime/venv/bin/python cli/flow_session.py --out_root /project/bdoiron/dracoxu/rct-fsflow/paper_project_final/out --align stim --sid 20231103 --feature T --orientation horizontal --lags_ms 50.0 --ridge 0.01 --perms 500 --perm-within CR --tag evoked_subtract_T_horiz-stim --flow_tag_base evoked_subtract_T_horiz-stim --axes_tag axes_sweepT-stim-horizontal --null_method trial_shuffle --standardize_mode none --pt_min_ms 200.0 --no_induced --evoked_subtract --evoked_sigma_ms 10.0

[done] SID=20231103 evoked subtraction flow complete.

========== T: Pooled axes + Pooled flow ==========
[20231103][SFEF] wrote /project/bdoiron/dracoxu/rct-fsflow/paper_project_final/out/stim/20231103/axes/axes_sweepT-stim-pooled/axes_SFEF.npz
[20231103][SLIP] wrote /project/bdoiron/dracoxu/rct-fsflow/paper_project_final/out/stim/20231103/axes/axes_sweepT-stim-pooled/axes_SLIP.npz
[20231103][SSC] wrote /project/bdoiron/dracoxu/rct-fsflow/paper_project_final/out/stim/20231103/axes/axes_sweepT-stim-pooled/axes_SSC.npz
[ok] session summary → /project/bdoiron/dracoxu/rct-fsflow/paper_project_final/out/stim/20231103/axes/axes_sweepT-stim-pooled/axes_summary.json
[20231103][SFEF->SLIP] [evoked_subtract_T_pooled-stim-none-trial] wrote /project/bdoiron/dracoxu/rct-fsflow/paper_project_final/out/stim/20231103/flow/evoked_subtract_T_pooled-stim-none-trial/T/flow_T_SFEFtoSLIP.npz
[20231103][SFEF->SSC] [evoked_subtract_T_pooled-stim-none-trial] wrote /project/bdoiron/dracoxu/rct-fsflow/paper_project_final/out/stim/20231103/flow/evoked_subtract_T_pooled-stim-none-trial/T/flow_T_SFEFtoSSC.npz
[20231103][SLIP->SFEF] [evoked_subtract_T_pooled-stim-none-trial] wrote /project/bdoiron/dracoxu/rct-fsflow/paper_project_final/out/stim/20231103/flow/evoked_subtract_T_pooled-stim-none-trial/T/flow_T_SLIPtoSFEF.npz
[20231103][SLIP->SSC] [evoked_subtract_T_pooled-stim-none-trial] wrote /project/bdoiron/dracoxu/rct-fsflow/paper_project_final/out/stim/20231103/flow/evoked_subtract_T_pooled-stim-none-trial/T/flow_T_SLIPtoSSC.npz
[20231103][SSC->SFEF] [evoked_subtract_T_pooled-stim-none-trial] wrote /project/bdoiron/dracoxu/rct-fsflow/paper_project_final/out/stim/20231103/flow/evoked_subtract_T_pooled-stim-none-trial/T/flow_T_SSCtoSFEF.npz
[20231103][SSC->SLIP] [evoked_subtract_T_pooled-stim-none-trial] wrote /project/bdoiron/dracoxu/rct-fsflow/paper_project_final/out/stim/20231103/flow/evoked_subtract_T_pooled-stim-none-trial/T/flow_T_SSCtoSLIP.npz
[info] SID=20231103
[info] axes_tag_base=axes_sweepT
[info] flow_tag_base=evoked_subtract_T_pooled
[info] orientation=pooled
[info] axes_orientation=pooled
[info] evoked_sigma_ms=10.0
[info] stim_feature=T
[info] sacc_feature=none
[info] train_axes=True

[align=stim] SID=20231103
[RUN] /project/bdoiron/dracoxu/rct-fsflow/runtime/venv/bin/python cli/train_axes.py --out_root /project/bdoiron/dracoxu/rct-fsflow/paper_project_final/out --align stim --sid 20231103 --orientation pooled --tag axes_sweepT-stim-pooled --features T

[combo] SID=20231103, align=stim, feat=T, axes_tag=axes_sweepT-stim-pooled → flow_tag=evoked_subtract_T_pooled-stim-none-trial
[RUN] /project/bdoiron/dracoxu/rct-fsflow/runtime/venv/bin/python cli/flow_session.py --out_root /project/bdoiron/dracoxu/rct-fsflow/paper_project_final/out --align stim --sid 20231103 --feature T --orientation pooled --lags_ms 50.0 --ridge 0.01 --perms 500 --perm-within CR --tag evoked_subtract_T_pooled-stim --flow_tag_base evoked_subtract_T_pooled-stim --axes_tag axes_sweepT-stim-pooled --null_method trial_shuffle --standardize_mode none --pt_min_ms 200.0 --no_induced --evoked_subtract --evoked_sigma_ms 10.0

[done] SID=20231103 evoked subtraction flow complete.

[done] T evoked flows complete for SID=20231103 (vertical+horizontal+pooled)
