[info] task=2 SID=20200328
[info] PAPER_HOME=/project/bdoiron/dracoxu/rct-fsflow/paper_project_final
[info] OUT_ROOT=/project/bdoiron/dracoxu/rct-fsflow/paper_project_final/out
[20200328][MFEF] wrote /project/bdoiron/dracoxu/rct-fsflow/paper_project_final/out/targ/20200328/axes/axes_sweep-targ-horizontal/axes_MFEF.npz
[20200328][MLIP] wrote /project/bdoiron/dracoxu/rct-fsflow/paper_project_final/out/targ/20200328/axes/axes_sweep-targ-horizontal/axes_MLIP.npz
[ok] session summary → /project/bdoiron/dracoxu/rct-fsflow/paper_project_final/out/targ/20200328/axes/axes_sweep-targ-horizontal/axes_summary.json
[20200328][MFEF->MLIP] [evoked_subtract_T_horiz-targ-none-trial] wrote /project/bdoiron/dracoxu/rct-fsflow/paper_project_final/out/targ/20200328/flow/evoked_subtract_T_horiz-targ-none-trial/T/flow_T_MFEFtoMLIP.npz
[20200328][MLIP->MFEF] [evoked_subtract_T_horiz-targ-none-trial] wrote /project/bdoiron/dracoxu/rct-fsflow/paper_project_final/out/targ/20200328/flow/evoked_subtract_T_horiz-targ-none-trial/T/flow_T_MLIPtoMFEF.npz
[info] SID=20200328
[info] axes_tag_base=axes_sweep
[info] flow_tag_base=evoked_subtract_T_horiz
[info] orientation=horizontal
[info] axes_orientation=horizontal
[info] evoked_sigma_ms=10.0
[info] stim_feature=none
[info] sacc_feature=none
[info] targ_feature=T
[info] train_axes=True

[align=targ] SID=20200328
[RUN] /project/bdoiron/dracoxu/rct-fsflow/runtime/venv/bin/python cli/train_axes.py --out_root /project/bdoiron/dracoxu/rct-fsflow/paper_project_final/out --align targ --sid 20200328 --orientation horizontal --tag axes_sweep-targ-horizontal --features T

[combo] SID=20200328, align=targ, feat=T, axes_tag=axes_sweep-targ-horizontal → flow_tag=evoked_subtract_T_horiz-targ-none-trial
[RUN] /project/bdoiron/dracoxu/rct-fsflow/runtime/venv/bin/python cli/flow_session.py --out_root /project/bdoiron/dracoxu/rct-fsflow/paper_project_final/out --align targ --sid 20200328 --feature T --orientation horizontal --lags_ms 30.0 --ridge 0.01 --perms 500 --perm-within CR --tag evoked_subtract_T_horiz-targ --flow_tag_base evoked_subtract_T_horiz-targ --axes_tag axes_sweep-targ-horizontal --null_method trial_shuffle --standardize_mode none --pt_min_ms 200.0 --no_induced --evoked_subtract --evoked_sigma_ms 10.0 --save_null_samples

[done] SID=20200328 evoked subtraction flow complete.
