[info] task=16 SID=20230710
[info] PAPER_HOME=/project/bdoiron/dracoxu/rct-fsflow/paper_project_final
[info] OUT_ROOT=/project/bdoiron/dracoxu/rct-fsflow/paper_project_final/out
[20230710][SFEF] wrote /project/bdoiron/dracoxu/rct-fsflow/paper_project_final/out/targ/20230710/axes/axes_sweep-targ-vertical/axes_SFEF.npz
[20230710][SLIP] wrote /project/bdoiron/dracoxu/rct-fsflow/paper_project_final/out/targ/20230710/axes/axes_sweep-targ-vertical/axes_SLIP.npz
[ok] session summary → /project/bdoiron/dracoxu/rct-fsflow/paper_project_final/out/targ/20230710/axes/axes_sweep-targ-vertical/axes_summary.json
[20230710][SFEF->SLIP] [evoked_subtract_T_vert-targ-none-trial] wrote /project/bdoiron/dracoxu/rct-fsflow/paper_project_final/out/targ/20230710/flow/evoked_subtract_T_vert-targ-none-trial/T/flow_T_SFEFtoSLIP.npz
[20230710][SLIP->SFEF] [evoked_subtract_T_vert-targ-none-trial] wrote /project/bdoiron/dracoxu/rct-fsflow/paper_project_final/out/targ/20230710/flow/evoked_subtract_T_vert-targ-none-trial/T/flow_T_SLIPtoSFEF.npz
[info] SID=20230710
[info] axes_tag_base=axes_sweep
[info] flow_tag_base=evoked_subtract_T_vert
[info] orientation=vertical
[info] axes_orientation=vertical
[info] evoked_sigma_ms=10.0
[info] stim_feature=none
[info] sacc_feature=none
[info] targ_feature=T
[info] train_axes=True

[align=targ] SID=20230710
[RUN] /project/bdoiron/dracoxu/rct-fsflow/runtime/venv/bin/python cli/train_axes.py --out_root /project/bdoiron/dracoxu/rct-fsflow/paper_project_final/out --align targ --sid 20230710 --orientation vertical --tag axes_sweep-targ-vertical --features T

[combo] SID=20230710, align=targ, feat=T, axes_tag=axes_sweep-targ-vertical → flow_tag=evoked_subtract_T_vert-targ-none-trial
[RUN] /project/bdoiron/dracoxu/rct-fsflow/runtime/venv/bin/python cli/flow_session.py --out_root /project/bdoiron/dracoxu/rct-fsflow/paper_project_final/out --align targ --sid 20230710 --feature T --orientation vertical --lags_ms 30.0 --ridge 0.01 --perms 500 --perm-within CR --tag evoked_subtract_T_vert-targ --flow_tag_base evoked_subtract_T_vert-targ --axes_tag axes_sweep-targ-vertical --null_method trial_shuffle --standardize_mode none --pt_min_ms 200.0 --no_induced --evoked_subtract --evoked_sigma_ms 10.0 --save_null_samples

[done] SID=20230710 evoked subtraction flow complete.
