[info] task=15 SID=20230707
[info] PAPER_HOME=/project/bdoiron/dracoxu/rct-fsflow/paper_project_final
[info] OUT_ROOT=/project/bdoiron/dracoxu/rct-fsflow/paper_project_final/out
[20230707][SFEF] wrote /project/bdoiron/dracoxu/rct-fsflow/paper_project_final/out/stim/20230707/axes/axes_vertTrain-stim-vertical/axes_SFEF.npz
[20230707][SLIP] wrote /project/bdoiron/dracoxu/rct-fsflow/paper_project_final/out/stim/20230707/axes/axes_vertTrain-stim-vertical/axes_SLIP.npz
[ok] session summary → /project/bdoiron/dracoxu/rct-fsflow/paper_project_final/out/stim/20230707/axes/axes_vertTrain-stim-vertical/axes_summary.json
[20230707][SFEF] wrote /project/bdoiron/dracoxu/rct-fsflow/paper_project_final/out/stim/20230707/qc/axes_vertTrain-stim-vertical/qc_axes_SFEF.pdf (+ .png, .json)   lat(ms): C=None, Sraw=None, Sinv=None
[20230707][SLIP] wrote /project/bdoiron/dracoxu/rct-fsflow/paper_project_final/out/stim/20230707/qc/axes_vertTrain-stim-vertical/qc_axes_SLIP.pdf (+ .png, .json)   lat(ms): C=None, Sraw=None, Sinv=None
[20230707][SFEF->SLIP] [crvertTrainPooled-stim-pooled-none-trial] wrote /project/bdoiron/dracoxu/rct-fsflow/paper_project_final/out/stim/20230707/flow/crvertTrainPooled-stim-pooled-none-trial/C/flow_C_SFEFtoSLIP.npz
[20230707][SLIP->SFEF] [crvertTrainPooled-stim-pooled-none-trial] wrote /project/bdoiron/dracoxu/rct-fsflow/paper_project_final/out/stim/20230707/flow/crvertTrainPooled-stim-pooled-none-trial/C/flow_C_SLIPtoSFEF.npz
[20230707] wrote /project/bdoiron/dracoxu/rct-fsflow/paper_project_final/out/stim/20230707/flow/crvertTrainPooled-stim-pooled-none-trial/C/figs/SFEF_vs_SLIP_flow_C.pdf
[20230707][SFEF->SLIP] [crvertTrainPooled-stim-pooled-none-circ] wrote /project/bdoiron/dracoxu/rct-fsflow/paper_project_final/out/stim/20230707/flow/crvertTrainPooled-stim-pooled-none-circ/C/flow_C_SFEFtoSLIP.npz
[20230707][SLIP->SFEF] [crvertTrainPooled-stim-pooled-none-circ] wrote /project/bdoiron/dracoxu/rct-fsflow/paper_project_final/out/stim/20230707/flow/crvertTrainPooled-stim-pooled-none-circ/C/flow_C_SLIPtoSFEF.npz
[20230707] wrote /project/bdoiron/dracoxu/rct-fsflow/paper_project_final/out/stim/20230707/flow/crvertTrainPooled-stim-pooled-none-circ/C/figs/SFEF_vs_SLIP_flow_C.pdf
[20230707][SFEF->SLIP] [crvertTrainPooled-stim-pooled-zreg-trial] wrote /project/bdoiron/dracoxu/rct-fsflow/paper_project_final/out/stim/20230707/flow/crvertTrainPooled-stim-pooled-zreg-trial/C/flow_C_SFEFtoSLIP.npz
[20230707][SLIP->SFEF] [crvertTrainPooled-stim-pooled-zreg-trial] wrote /project/bdoiron/dracoxu/rct-fsflow/paper_project_final/out/stim/20230707/flow/crvertTrainPooled-stim-pooled-zreg-trial/C/flow_C_SLIPtoSFEF.npz
[20230707] wrote /project/bdoiron/dracoxu/rct-fsflow/paper_project_final/out/stim/20230707/flow/crvertTrainPooled-stim-pooled-zreg-trial/C/figs/SFEF_vs_SLIP_flow_C.pdf
[20230707][SFEF->SLIP] [crvertTrainPooled-stim-pooled-zreg-circ] wrote /project/bdoiron/dracoxu/rct-fsflow/paper_project_final/out/stim/20230707/flow/crvertTrainPooled-stim-pooled-zreg-circ/C/flow_C_SFEFtoSLIP.npz
[20230707][SLIP->SFEF] [crvertTrainPooled-stim-pooled-zreg-circ] wrote /project/bdoiron/dracoxu/rct-fsflow/paper_project_final/out/stim/20230707/flow/crvertTrainPooled-stim-pooled-zreg-circ/C/flow_C_SLIPtoSFEF.npz
[20230707] wrote /project/bdoiron/dracoxu/rct-fsflow/paper_project_final/out/stim/20230707/flow/crvertTrainPooled-stim-pooled-zreg-circ/C/figs/SFEF_vs_SLIP_flow_C.pdf
[20230707][SFEF->SLIP] [crvertTrainPooled-stim-pooled-none-trial] wrote /project/bdoiron/dracoxu/rct-fsflow/paper_project_final/out/stim/20230707/flow/crvertTrainPooled-stim-pooled-none-trial/R/flow_R_SFEFtoSLIP.npz
[20230707][SLIP->SFEF] [crvertTrainPooled-stim-pooled-none-trial] wrote /project/bdoiron/dracoxu/rct-fsflow/paper_project_final/out/stim/20230707/flow/crvertTrainPooled-stim-pooled-none-trial/R/flow_R_SLIPtoSFEF.npz
[20230707] wrote /project/bdoiron/dracoxu/rct-fsflow/paper_project_final/out/stim/20230707/flow/crvertTrainPooled-stim-pooled-none-trial/R/figs/SFEF_vs_SLIP_flow_R.pdf
[20230707][SFEF->SLIP] [crvertTrainPooled-stim-pooled-none-circ] wrote /project/bdoiron/dracoxu/rct-fsflow/paper_project_final/out/stim/20230707/flow/crvertTrainPooled-stim-pooled-none-circ/R/flow_R_SFEFtoSLIP.npz
[20230707][SLIP->SFEF] [crvertTrainPooled-stim-pooled-none-circ] wrote /project/bdoiron/dracoxu/rct-fsflow/paper_project_final/out/stim/20230707/flow/crvertTrainPooled-stim-pooled-none-circ/R/flow_R_SLIPtoSFEF.npz
[20230707] wrote /project/bdoiron/dracoxu/rct-fsflow/paper_project_final/out/stim/20230707/flow/crvertTrainPooled-stim-pooled-none-circ/R/figs/SFEF_vs_SLIP_flow_R.pdf
[20230707][SFEF->SLIP] [crvertTrainPooled-stim-pooled-zreg-trial] wrote /project/bdoiron/dracoxu/rct-fsflow/paper_project_final/out/stim/20230707/flow/crvertTrainPooled-stim-pooled-zreg-trial/R/flow_R_SFEFtoSLIP.npz
[20230707][SLIP->SFEF] [crvertTrainPooled-stim-pooled-zreg-trial] wrote /project/bdoiron/dracoxu/rct-fsflow/paper_project_final/out/stim/20230707/flow/crvertTrainPooled-stim-pooled-zreg-trial/R/flow_R_SLIPtoSFEF.npz
[20230707] wrote /project/bdoiron/dracoxu/rct-fsflow/paper_project_final/out/stim/20230707/flow/crvertTrainPooled-stim-pooled-zreg-trial/R/figs/SFEF_vs_SLIP_flow_R.pdf
[20230707][SFEF->SLIP] [crvertTrainPooled-stim-pooled-zreg-circ] wrote /project/bdoiron/dracoxu/rct-fsflow/paper_project_final/out/stim/20230707/flow/crvertTrainPooled-stim-pooled-zreg-circ/R/flow_R_SFEFtoSLIP.npz
[20230707][SLIP->SFEF] [crvertTrainPooled-stim-pooled-zreg-circ] wrote /project/bdoiron/dracoxu/rct-fsflow/paper_project_final/out/stim/20230707/flow/crvertTrainPooled-stim-pooled-zreg-circ/R/flow_R_SLIPtoSFEF.npz
[20230707] wrote /project/bdoiron/dracoxu/rct-fsflow/paper_project_final/out/stim/20230707/flow/crvertTrainPooled-stim-pooled-zreg-circ/R/figs/SFEF_vs_SLIP_flow_R.pdf
[20230707][SFEF] wrote /project/bdoiron/dracoxu/rct-fsflow/paper_project_final/out/sacc/20230707/axes/axes_vertTrain-sacc-vertical/axes_SFEF.npz
[20230707][SLIP] wrote /project/bdoiron/dracoxu/rct-fsflow/paper_project_final/out/sacc/20230707/axes/axes_vertTrain-sacc-vertical/axes_SLIP.npz
[ok] session summary → /project/bdoiron/dracoxu/rct-fsflow/paper_project_final/out/sacc/20230707/axes/axes_vertTrain-sacc-vertical/axes_summary.json
[20230707][SFEF] wrote /project/bdoiron/dracoxu/rct-fsflow/paper_project_final/out/sacc/20230707/qc/axes_vertTrain-sacc-vertical/qc_axes_SFEF.pdf (+ .png, .json)   lat(ms): C=None, Sraw=None, Sinv=None
[20230707][SLIP] wrote /project/bdoiron/dracoxu/rct-fsflow/paper_project_final/out/sacc/20230707/qc/axes_vertTrain-sacc-vertical/qc_axes_SLIP.pdf (+ .png, .json)   lat(ms): C=None, Sraw=None, Sinv=None
[20230707][SFEF->SLIP] [crvertTrainPooled-sacc-pooled-none-trial] wrote /project/bdoiron/dracoxu/rct-fsflow/paper_project_final/out/sacc/20230707/flow/crvertTrainPooled-sacc-pooled-none-trial/S/flow_S_SFEFtoSLIP.npz
[20230707][SLIP->SFEF] [crvertTrainPooled-sacc-pooled-none-trial] wrote /project/bdoiron/dracoxu/rct-fsflow/paper_project_final/out/sacc/20230707/flow/crvertTrainPooled-sacc-pooled-none-trial/S/flow_S_SLIPtoSFEF.npz
[20230707] wrote /project/bdoiron/dracoxu/rct-fsflow/paper_project_final/out/sacc/20230707/flow/crvertTrainPooled-sacc-pooled-none-trial/S/figs/SFEF_vs_SLIP_flow_S.pdf
[20230707][SFEF->SLIP] [crvertTrainPooled-sacc-pooled-none-circ] wrote /project/bdoiron/dracoxu/rct-fsflow/paper_project_final/out/sacc/20230707/flow/crvertTrainPooled-sacc-pooled-none-circ/S/flow_S_SFEFtoSLIP.npz
[20230707][SLIP->SFEF] [crvertTrainPooled-sacc-pooled-none-circ] wrote /project/bdoiron/dracoxu/rct-fsflow/paper_project_final/out/sacc/20230707/flow/crvertTrainPooled-sacc-pooled-none-circ/S/flow_S_SLIPtoSFEF.npz
[20230707] wrote /project/bdoiron/dracoxu/rct-fsflow/paper_project_final/out/sacc/20230707/flow/crvertTrainPooled-sacc-pooled-none-circ/S/figs/SFEF_vs_SLIP_flow_S.pdf
[20230707][SFEF->SLIP] [crvertTrainPooled-sacc-pooled-zreg-trial] wrote /project/bdoiron/dracoxu/rct-fsflow/paper_project_final/out/sacc/20230707/flow/crvertTrainPooled-sacc-pooled-zreg-trial/S/flow_S_SFEFtoSLIP.npz
[20230707][SLIP->SFEF] [crvertTrainPooled-sacc-pooled-zreg-trial] wrote /project/bdoiron/dracoxu/rct-fsflow/paper_project_final/out/sacc/20230707/flow/crvertTrainPooled-sacc-pooled-zreg-trial/S/flow_S_SLIPtoSFEF.npz
[20230707] wrote /project/bdoiron/dracoxu/rct-fsflow/paper_project_final/out/sacc/20230707/flow/crvertTrainPooled-sacc-pooled-zreg-trial/S/figs/SFEF_vs_SLIP_flow_S.pdf
[20230707][SFEF->SLIP] [crvertTrainPooled-sacc-pooled-zreg-circ] wrote /project/bdoiron/dracoxu/rct-fsflow/paper_project_final/out/sacc/20230707/flow/crvertTrainPooled-sacc-pooled-zreg-circ/S/flow_S_SFEFtoSLIP.npz
[20230707][SLIP->SFEF] [crvertTrainPooled-sacc-pooled-zreg-circ] wrote /project/bdoiron/dracoxu/rct-fsflow/paper_project_final/out/sacc/20230707/flow/crvertTrainPooled-sacc-pooled-zreg-circ/S/flow_S_SLIPtoSFEF.npz
[20230707] wrote /project/bdoiron/dracoxu/rct-fsflow/paper_project_final/out/sacc/20230707/flow/crvertTrainPooled-sacc-pooled-zreg-circ/S/figs/SFEF_vs_SLIP_flow_S.pdf
[info] SID=20230707
[info] standardize_modes = ['none', 'zscore_regressors']
[info] null_methods      = ['trial_shuffle', 'circular_shift']

[align=stim] SID=20230707
[RUN] /project/bdoiron/dracoxu/rct-fsflow/runtime/venv/bin/python cli/train_axes.py --out_root /project/bdoiron/dracoxu/rct-fsflow/paper_project_final/out --align stim --sid 20230707 --orientation vertical --tag axes_vertTrain-stim-vertical --pt_min_ms_stim 200.0
[RUN] /project/bdoiron/dracoxu/rct-fsflow/runtime/venv/bin/python cli/qc_axes.py --out_root /project/bdoiron/dracoxu/rct-fsflow/paper_project_final/out --align stim --sid 20230707 --orientation vertical --tag axes_vertTrain-stim-vertical --pt_min_ms_stim 200.0

[combo] SID=20230707, align=stim, train_ori=vertical, flow_ori=pooled, feat=C, std=none, null=trial_shuffle → flow_tag=crvertTrainPooled-stim-pooled-none-trial
[RUN] /project/bdoiron/dracoxu/rct-fsflow/runtime/venv/bin/python cli/flow_session.py --out_root /project/bdoiron/dracoxu/rct-fsflow/paper_project_final/out --align stim --sid 20230707 --feature C --orientation pooled --lags_ms 50.0 --ridge 0.01 --perms 500 --perm-within CR --tag crvertTrainPooled-stim-pooled --flow_tag_base crvertTrainPooled-stim-pooled --axes_tag axes_vertTrain-stim-vertical --null_method trial_shuffle --standardize_mode none --pt_min_ms 200.0
[RUN] /project/bdoiron/dracoxu/rct-fsflow/runtime/venv/bin/python cli/flow_overlays.py --out_root /project/bdoiron/dracoxu/rct-fsflow/paper_project_final/out --align stim --sid 20230707 --feature C --orientation pooled --tag crvertTrainPooled-stim-pooled-none-trial

[combo] SID=20230707, align=stim, train_ori=vertical, flow_ori=pooled, feat=C, std=none, null=circular_shift → flow_tag=crvertTrainPooled-stim-pooled-none-circ
[RUN] /project/bdoiron/dracoxu/rct-fsflow/runtime/venv/bin/python cli/flow_session.py --out_root /project/bdoiron/dracoxu/rct-fsflow/paper_project_final/out --align stim --sid 20230707 --feature C --orientation pooled --lags_ms 50.0 --ridge 0.01 --perms 500 --perm-within CR --tag crvertTrainPooled-stim-pooled --flow_tag_base crvertTrainPooled-stim-pooled --axes_tag axes_vertTrain-stim-vertical --null_method circular_shift --standardize_mode none --pt_min_ms 200.0
[RUN] /project/bdoiron/dracoxu/rct-fsflow/runtime/venv/bin/python cli/flow_overlays.py --out_root /project/bdoiron/dracoxu/rct-fsflow/paper_project_final/out --align stim --sid 20230707 --feature C --orientation pooled --tag crvertTrainPooled-stim-pooled-none-circ

[combo] SID=20230707, align=stim, train_ori=vertical, flow_ori=pooled, feat=C, std=zscore_regressors, null=trial_shuffle → flow_tag=crvertTrainPooled-stim-pooled-zreg-trial
[RUN] /project/bdoiron/dracoxu/rct-fsflow/runtime/venv/bin/python cli/flow_session.py --out_root /project/bdoiron/dracoxu/rct-fsflow/paper_project_final/out --align stim --sid 20230707 --feature C --orientation pooled --lags_ms 50.0 --ridge 0.01 --perms 500 --perm-within CR --tag crvertTrainPooled-stim-pooled --flow_tag_base crvertTrainPooled-stim-pooled --axes_tag axes_vertTrain-stim-vertical --null_method trial_shuffle --standardize_mode zscore_regressors --pt_min_ms 200.0
[RUN] /project/bdoiron/dracoxu/rct-fsflow/runtime/venv/bin/python cli/flow_overlays.py --out_root /project/bdoiron/dracoxu/rct-fsflow/paper_project_final/out --align stim --sid 20230707 --feature C --orientation pooled --tag crvertTrainPooled-stim-pooled-zreg-trial

[combo] SID=20230707, align=stim, train_ori=vertical, flow_ori=pooled, feat=C, std=zscore_regressors, null=circular_shift → flow_tag=crvertTrainPooled-stim-pooled-zreg-circ
[RUN] /project/bdoiron/dracoxu/rct-fsflow/runtime/venv/bin/python cli/flow_session.py --out_root /project/bdoiron/dracoxu/rct-fsflow/paper_project_final/out --align stim --sid 20230707 --feature C --orientation pooled --lags_ms 50.0 --ridge 0.01 --perms 500 --perm-within CR --tag crvertTrainPooled-stim-pooled --flow_tag_base crvertTrainPooled-stim-pooled --axes_tag axes_vertTrain-stim-vertical --null_method circular_shift --standardize_mode zscore_regressors --pt_min_ms 200.0
[RUN] /project/bdoiron/dracoxu/rct-fsflow/runtime/venv/bin/python cli/flow_overlays.py --out_root /project/bdoiron/dracoxu/rct-fsflow/paper_project_final/out --align stim --sid 20230707 --feature C --orientation pooled --tag crvertTrainPooled-stim-pooled-zreg-circ

[combo] SID=20230707, align=stim, train_ori=vertical, flow_ori=pooled, feat=R, std=none, null=trial_shuffle → flow_tag=crvertTrainPooled-stim-pooled-none-trial
[RUN] /project/bdoiron/dracoxu/rct-fsflow/runtime/venv/bin/python cli/flow_session.py --out_root /project/bdoiron/dracoxu/rct-fsflow/paper_project_final/out --align stim --sid 20230707 --feature R --orientation pooled --lags_ms 50.0 --ridge 0.01 --perms 500 --perm-within CR --tag crvertTrainPooled-stim-pooled --flow_tag_base crvertTrainPooled-stim-pooled --axes_tag axes_vertTrain-stim-vertical --null_method trial_shuffle --standardize_mode none --pt_min_ms 200.0
[RUN] /project/bdoiron/dracoxu/rct-fsflow/runtime/venv/bin/python cli/flow_overlays.py --out_root /project/bdoiron/dracoxu/rct-fsflow/paper_project_final/out --align stim --sid 20230707 --feature R --orientation pooled --tag crvertTrainPooled-stim-pooled-none-trial

[combo] SID=20230707, align=stim, train_ori=vertical, flow_ori=pooled, feat=R, std=none, null=circular_shift → flow_tag=crvertTrainPooled-stim-pooled-none-circ
[RUN] /project/bdoiron/dracoxu/rct-fsflow/runtime/venv/bin/python cli/flow_session.py --out_root /project/bdoiron/dracoxu/rct-fsflow/paper_project_final/out --align stim --sid 20230707 --feature R --orientation pooled --lags_ms 50.0 --ridge 0.01 --perms 500 --perm-within CR --tag crvertTrainPooled-stim-pooled --flow_tag_base crvertTrainPooled-stim-pooled --axes_tag axes_vertTrain-stim-vertical --null_method circular_shift --standardize_mode none --pt_min_ms 200.0
[RUN] /project/bdoiron/dracoxu/rct-fsflow/runtime/venv/bin/python cli/flow_overlays.py --out_root /project/bdoiron/dracoxu/rct-fsflow/paper_project_final/out --align stim --sid 20230707 --feature R --orientation pooled --tag crvertTrainPooled-stim-pooled-none-circ

[combo] SID=20230707, align=stim, train_ori=vertical, flow_ori=pooled, feat=R, std=zscore_regressors, null=trial_shuffle → flow_tag=crvertTrainPooled-stim-pooled-zreg-trial
[RUN] /project/bdoiron/dracoxu/rct-fsflow/runtime/venv/bin/python cli/flow_session.py --out_root /project/bdoiron/dracoxu/rct-fsflow/paper_project_final/out --align stim --sid 20230707 --feature R --orientation pooled --lags_ms 50.0 --ridge 0.01 --perms 500 --perm-within CR --tag crvertTrainPooled-stim-pooled --flow_tag_base crvertTrainPooled-stim-pooled --axes_tag axes_vertTrain-stim-vertical --null_method trial_shuffle --standardize_mode zscore_regressors --pt_min_ms 200.0
[RUN] /project/bdoiron/dracoxu/rct-fsflow/runtime/venv/bin/python cli/flow_overlays.py --out_root /project/bdoiron/dracoxu/rct-fsflow/paper_project_final/out --align stim --sid 20230707 --feature R --orientation pooled --tag crvertTrainPooled-stim-pooled-zreg-trial

[combo] SID=20230707, align=stim, train_ori=vertical, flow_ori=pooled, feat=R, std=zscore_regressors, null=circular_shift → flow_tag=crvertTrainPooled-stim-pooled-zreg-circ
[RUN] /project/bdoiron/dracoxu/rct-fsflow/runtime/venv/bin/python cli/flow_session.py --out_root /project/bdoiron/dracoxu/rct-fsflow/paper_project_final/out --align stim --sid 20230707 --feature R --orientation pooled --lags_ms 50.0 --ridge 0.01 --perms 500 --perm-within CR --tag crvertTrainPooled-stim-pooled --flow_tag_base crvertTrainPooled-stim-pooled --axes_tag axes_vertTrain-stim-vertical --null_method circular_shift --standardize_mode zscore_regressors --pt_min_ms 200.0
[RUN] /project/bdoiron/dracoxu/rct-fsflow/runtime/venv/bin/python cli/flow_overlays.py --out_root /project/bdoiron/dracoxu/rct-fsflow/paper_project_final/out --align stim --sid 20230707 --feature R --orientation pooled --tag crvertTrainPooled-stim-pooled-zreg-circ

[align=sacc] SID=20230707
[RUN] /project/bdoiron/dracoxu/rct-fsflow/runtime/venv/bin/python cli/train_axes.py --out_root /project/bdoiron/dracoxu/rct-fsflow/paper_project_final/out --align sacc --sid 20230707 --orientation vertical --tag axes_vertTrain-sacc-vertical --pt_min_ms_sacc 200.0
[RUN] /project/bdoiron/dracoxu/rct-fsflow/runtime/venv/bin/python cli/qc_axes.py --out_root /project/bdoiron/dracoxu/rct-fsflow/paper_project_final/out --align sacc --sid 20230707 --orientation vertical --tag axes_vertTrain-sacc-vertical --pt_min_ms_sacc 200.0

[combo] SID=20230707, align=sacc, train_ori=vertical, flow_ori=pooled, feat=S, std=none, null=trial_shuffle → flow_tag=crvertTrainPooled-sacc-pooled-none-trial
[RUN] /project/bdoiron/dracoxu/rct-fsflow/runtime/venv/bin/python cli/flow_session.py --out_root /project/bdoiron/dracoxu/rct-fsflow/paper_project_final/out --align sacc --sid 20230707 --feature S --orientation pooled --lags_ms 30.0 --ridge 0.01 --perms 500 --perm-within CR --tag crvertTrainPooled-sacc-pooled --flow_tag_base crvertTrainPooled-sacc-pooled --axes_tag axes_vertTrain-sacc-vertical --null_method trial_shuffle --standardize_mode none --pt_min_ms 200.0
[RUN] /project/bdoiron/dracoxu/rct-fsflow/runtime/venv/bin/python cli/flow_overlays.py --out_root /project/bdoiron/dracoxu/rct-fsflow/paper_project_final/out --align sacc --sid 20230707 --feature S --orientation pooled --tag crvertTrainPooled-sacc-pooled-none-trial

[combo] SID=20230707, align=sacc, train_ori=vertical, flow_ori=pooled, feat=S, std=none, null=circular_shift → flow_tag=crvertTrainPooled-sacc-pooled-none-circ
[RUN] /project/bdoiron/dracoxu/rct-fsflow/runtime/venv/bin/python cli/flow_session.py --out_root /project/bdoiron/dracoxu/rct-fsflow/paper_project_final/out --align sacc --sid 20230707 --feature S --orientation pooled --lags_ms 30.0 --ridge 0.01 --perms 500 --perm-within CR --tag crvertTrainPooled-sacc-pooled --flow_tag_base crvertTrainPooled-sacc-pooled --axes_tag axes_vertTrain-sacc-vertical --null_method circular_shift --standardize_mode none --pt_min_ms 200.0
[RUN] /project/bdoiron/dracoxu/rct-fsflow/runtime/venv/bin/python cli/flow_overlays.py --out_root /project/bdoiron/dracoxu/rct-fsflow/paper_project_final/out --align sacc --sid 20230707 --feature S --orientation pooled --tag crvertTrainPooled-sacc-pooled-none-circ

[combo] SID=20230707, align=sacc, train_ori=vertical, flow_ori=pooled, feat=S, std=zscore_regressors, null=trial_shuffle → flow_tag=crvertTrainPooled-sacc-pooled-zreg-trial
[RUN] /project/bdoiron/dracoxu/rct-fsflow/runtime/venv/bin/python cli/flow_session.py --out_root /project/bdoiron/dracoxu/rct-fsflow/paper_project_final/out --align sacc --sid 20230707 --feature S --orientation pooled --lags_ms 30.0 --ridge 0.01 --perms 500 --perm-within CR --tag crvertTrainPooled-sacc-pooled --flow_tag_base crvertTrainPooled-sacc-pooled --axes_tag axes_vertTrain-sacc-vertical --null_method trial_shuffle --standardize_mode zscore_regressors --pt_min_ms 200.0
[RUN] /project/bdoiron/dracoxu/rct-fsflow/runtime/venv/bin/python cli/flow_overlays.py --out_root /project/bdoiron/dracoxu/rct-fsflow/paper_project_final/out --align sacc --sid 20230707 --feature S --orientation pooled --tag crvertTrainPooled-sacc-pooled-zreg-trial

[combo] SID=20230707, align=sacc, train_ori=vertical, flow_ori=pooled, feat=S, std=zscore_regressors, null=circular_shift → flow_tag=crvertTrainPooled-sacc-pooled-zreg-circ
[RUN] /project/bdoiron/dracoxu/rct-fsflow/runtime/venv/bin/python cli/flow_session.py --out_root /project/bdoiron/dracoxu/rct-fsflow/paper_project_final/out --align sacc --sid 20230707 --feature S --orientation pooled --lags_ms 30.0 --ridge 0.01 --perms 500 --perm-within CR --tag crvertTrainPooled-sacc-pooled --flow_tag_base crvertTrainPooled-sacc-pooled --axes_tag axes_vertTrain-sacc-vertical --null_method circular_shift --standardize_mode zscore_regressors --pt_min_ms 200.0
[RUN] /project/bdoiron/dracoxu/rct-fsflow/runtime/venv/bin/python cli/flow_overlays.py --out_root /project/bdoiron/dracoxu/rct-fsflow/paper_project_final/out --align sacc --sid 20230707 --feature S --orientation pooled --tag crvertTrainPooled-sacc-pooled-zreg-circ

[done] SID=20230707 vertical-axes + pooled-flow sweep complete.
