[info] task=20 SID=20231121
[info] PAPER_HOME=/project/bdoiron/dracoxu/rct-fsflow/paper_project_final
[info] OUT_ROOT=/project/bdoiron/dracoxu/rct-fsflow/paper_project_final/out
[20231121][SFEF] wrote /project/bdoiron/dracoxu/rct-fsflow/paper_project_final/out/targ/20231121/axes/axes_sweep-targ-pooled/axes_SFEF.npz
[20231121][SLIP] wrote /project/bdoiron/dracoxu/rct-fsflow/paper_project_final/out/targ/20231121/axes/axes_sweep-targ-pooled/axes_SLIP.npz
[20231121][SSC] wrote /project/bdoiron/dracoxu/rct-fsflow/paper_project_final/out/targ/20231121/axes/axes_sweep-targ-pooled/axes_SSC.npz
[ok] session summary → /project/bdoiron/dracoxu/rct-fsflow/paper_project_final/out/targ/20231121/axes/axes_sweep-targ-pooled/axes_summary.json
[20231121][SFEF->SLIP] [evoked_subtract_T_pooled-targ-none-trial] wrote /project/bdoiron/dracoxu/rct-fsflow/paper_project_final/out/targ/20231121/flow/evoked_subtract_T_pooled-targ-none-trial/T/flow_T_SFEFtoSLIP.npz
[20231121][SFEF->SSC] [evoked_subtract_T_pooled-targ-none-trial] wrote /project/bdoiron/dracoxu/rct-fsflow/paper_project_final/out/targ/20231121/flow/evoked_subtract_T_pooled-targ-none-trial/T/flow_T_SFEFtoSSC.npz
[20231121][SLIP->SFEF] [evoked_subtract_T_pooled-targ-none-trial] wrote /project/bdoiron/dracoxu/rct-fsflow/paper_project_final/out/targ/20231121/flow/evoked_subtract_T_pooled-targ-none-trial/T/flow_T_SLIPtoSFEF.npz
[20231121][SLIP->SSC] [evoked_subtract_T_pooled-targ-none-trial] wrote /project/bdoiron/dracoxu/rct-fsflow/paper_project_final/out/targ/20231121/flow/evoked_subtract_T_pooled-targ-none-trial/T/flow_T_SLIPtoSSC.npz
[20231121][SSC->SFEF] [evoked_subtract_T_pooled-targ-none-trial] wrote /project/bdoiron/dracoxu/rct-fsflow/paper_project_final/out/targ/20231121/flow/evoked_subtract_T_pooled-targ-none-trial/T/flow_T_SSCtoSFEF.npz
[20231121][SSC->SLIP] [evoked_subtract_T_pooled-targ-none-trial] wrote /project/bdoiron/dracoxu/rct-fsflow/paper_project_final/out/targ/20231121/flow/evoked_subtract_T_pooled-targ-none-trial/T/flow_T_SSCtoSLIP.npz
[info] SID=20231121
[info] axes_tag_base=axes_sweep
[info] flow_tag_base=evoked_subtract_T_pooled
[info] orientation=pooled
[info] axes_orientation=pooled
[info] evoked_sigma_ms=10.0
[info] stim_feature=none
[info] sacc_feature=none
[info] targ_feature=T
[info] train_axes=True

[align=targ] SID=20231121
[RUN] /project/bdoiron/dracoxu/rct-fsflow/runtime/venv/bin/python cli/train_axes.py --out_root /project/bdoiron/dracoxu/rct-fsflow/paper_project_final/out --align targ --sid 20231121 --orientation pooled --tag axes_sweep-targ-pooled --features T

[combo] SID=20231121, align=targ, feat=T, axes_tag=axes_sweep-targ-pooled → flow_tag=evoked_subtract_T_pooled-targ-none-trial
[RUN] /project/bdoiron/dracoxu/rct-fsflow/runtime/venv/bin/python cli/flow_session.py --out_root /project/bdoiron/dracoxu/rct-fsflow/paper_project_final/out --align targ --sid 20231121 --feature T --orientation pooled --lags_ms 30.0 --ridge 0.01 --perms 500 --perm-within CR --tag evoked_subtract_T_pooled-targ --flow_tag_base evoked_subtract_T_pooled-targ --axes_tag axes_sweep-targ-pooled --null_method trial_shuffle --standardize_mode none --pt_min_ms 200.0 --no_induced --evoked_subtract --evoked_sigma_ms 10.0 --save_null_samples

[done] SID=20231121 evoked subtraction flow complete.
