[info] task=2 SID=20200328
[info] PAPER_HOME=/project/bdoiron/dracoxu/rct-fsflow/paper_project_final
[info] OUT_ROOT=/project/bdoiron/dracoxu/rct-fsflow/paper_project_final/out
[20200328][MFEF] wrote /project/bdoiron/dracoxu/rct-fsflow/paper_project_final/out/stim/20200328/axes/axes_sweep-stim-vertical/axes_MFEF.npz
[20200328][MLIP] wrote /project/bdoiron/dracoxu/rct-fsflow/paper_project_final/out/stim/20200328/axes/axes_sweep-stim-vertical/axes_MLIP.npz
[ok] session summary → /project/bdoiron/dracoxu/rct-fsflow/paper_project_final/out/stim/20200328/axes/axes_sweep-stim-vertical/axes_summary.json
[20200328][MFEF] wrote /project/bdoiron/dracoxu/rct-fsflow/paper_project_final/out/stim/20200328/qc/axes_sweep-stim-vertical/qc_axes_MFEF.pdf (+ .png, .json)   lat(ms): C=155.0000011920929, Sraw=None, Sinv=None
[20200328][MLIP] wrote /project/bdoiron/dracoxu/rct-fsflow/paper_project_final/out/stim/20200328/qc/axes_sweep-stim-vertical/qc_axes_MLIP.pdf (+ .png, .json)   lat(ms): C=None, Sraw=None, Sinv=None
[20200328][MFEF->MLIP] [crsweep-stim-vertical-none-trial] wrote /project/bdoiron/dracoxu/rct-fsflow/paper_project_final/out/stim/20200328/flow/crsweep-stim-vertical-none-trial/C/flow_C_MFEFtoMLIP.npz
[20200328][MLIP->MFEF] [crsweep-stim-vertical-none-trial] wrote /project/bdoiron/dracoxu/rct-fsflow/paper_project_final/out/stim/20200328/flow/crsweep-stim-vertical-none-trial/C/flow_C_MLIPtoMFEF.npz
[20200328] wrote /project/bdoiron/dracoxu/rct-fsflow/paper_project_final/out/stim/20200328/flow/crsweep-stim-vertical-none-trial/C/figs/MFEF_vs_MLIP_flow_C.pdf
[20200328][MFEF->MLIP] [crsweep-stim-vertical-none-circ] wrote /project/bdoiron/dracoxu/rct-fsflow/paper_project_final/out/stim/20200328/flow/crsweep-stim-vertical-none-circ/C/flow_C_MFEFtoMLIP.npz
[20200328][MLIP->MFEF] [crsweep-stim-vertical-none-circ] wrote /project/bdoiron/dracoxu/rct-fsflow/paper_project_final/out/stim/20200328/flow/crsweep-stim-vertical-none-circ/C/flow_C_MLIPtoMFEF.npz
[20200328] wrote /project/bdoiron/dracoxu/rct-fsflow/paper_project_final/out/stim/20200328/flow/crsweep-stim-vertical-none-circ/C/figs/MFEF_vs_MLIP_flow_C.pdf
[20200328][MFEF->MLIP] [crsweep-stim-vertical-zreg-trial] wrote /project/bdoiron/dracoxu/rct-fsflow/paper_project_final/out/stim/20200328/flow/crsweep-stim-vertical-zreg-trial/C/flow_C_MFEFtoMLIP.npz
[20200328][MLIP->MFEF] [crsweep-stim-vertical-zreg-trial] wrote /project/bdoiron/dracoxu/rct-fsflow/paper_project_final/out/stim/20200328/flow/crsweep-stim-vertical-zreg-trial/C/flow_C_MLIPtoMFEF.npz
[20200328] wrote /project/bdoiron/dracoxu/rct-fsflow/paper_project_final/out/stim/20200328/flow/crsweep-stim-vertical-zreg-trial/C/figs/MFEF_vs_MLIP_flow_C.pdf
[20200328][MFEF->MLIP] [crsweep-stim-vertical-zreg-circ] wrote /project/bdoiron/dracoxu/rct-fsflow/paper_project_final/out/stim/20200328/flow/crsweep-stim-vertical-zreg-circ/C/flow_C_MFEFtoMLIP.npz
[20200328][MLIP->MFEF] [crsweep-stim-vertical-zreg-circ] wrote /project/bdoiron/dracoxu/rct-fsflow/paper_project_final/out/stim/20200328/flow/crsweep-stim-vertical-zreg-circ/C/flow_C_MLIPtoMFEF.npz
[20200328] wrote /project/bdoiron/dracoxu/rct-fsflow/paper_project_final/out/stim/20200328/flow/crsweep-stim-vertical-zreg-circ/C/figs/MFEF_vs_MLIP_flow_C.pdf
[20200328][MFEF->MLIP] [crsweep-stim-vertical-none-trial] wrote /project/bdoiron/dracoxu/rct-fsflow/paper_project_final/out/stim/20200328/flow/crsweep-stim-vertical-none-trial/R/flow_R_MFEFtoMLIP.npz
[20200328][MLIP->MFEF] [crsweep-stim-vertical-none-trial] wrote /project/bdoiron/dracoxu/rct-fsflow/paper_project_final/out/stim/20200328/flow/crsweep-stim-vertical-none-trial/R/flow_R_MLIPtoMFEF.npz
[20200328] wrote /project/bdoiron/dracoxu/rct-fsflow/paper_project_final/out/stim/20200328/flow/crsweep-stim-vertical-none-trial/R/figs/MFEF_vs_MLIP_flow_R.pdf
[20200328][MFEF->MLIP] [crsweep-stim-vertical-none-circ] wrote /project/bdoiron/dracoxu/rct-fsflow/paper_project_final/out/stim/20200328/flow/crsweep-stim-vertical-none-circ/R/flow_R_MFEFtoMLIP.npz
[20200328][MLIP->MFEF] [crsweep-stim-vertical-none-circ] wrote /project/bdoiron/dracoxu/rct-fsflow/paper_project_final/out/stim/20200328/flow/crsweep-stim-vertical-none-circ/R/flow_R_MLIPtoMFEF.npz
[20200328] wrote /project/bdoiron/dracoxu/rct-fsflow/paper_project_final/out/stim/20200328/flow/crsweep-stim-vertical-none-circ/R/figs/MFEF_vs_MLIP_flow_R.pdf
[20200328][MFEF->MLIP] [crsweep-stim-vertical-zreg-trial] wrote /project/bdoiron/dracoxu/rct-fsflow/paper_project_final/out/stim/20200328/flow/crsweep-stim-vertical-zreg-trial/R/flow_R_MFEFtoMLIP.npz
[20200328][MLIP->MFEF] [crsweep-stim-vertical-zreg-trial] wrote /project/bdoiron/dracoxu/rct-fsflow/paper_project_final/out/stim/20200328/flow/crsweep-stim-vertical-zreg-trial/R/flow_R_MLIPtoMFEF.npz
[20200328] wrote /project/bdoiron/dracoxu/rct-fsflow/paper_project_final/out/stim/20200328/flow/crsweep-stim-vertical-zreg-trial/R/figs/MFEF_vs_MLIP_flow_R.pdf
[20200328][MFEF->MLIP] [crsweep-stim-vertical-zreg-circ] wrote /project/bdoiron/dracoxu/rct-fsflow/paper_project_final/out/stim/20200328/flow/crsweep-stim-vertical-zreg-circ/R/flow_R_MFEFtoMLIP.npz
[20200328][MLIP->MFEF] [crsweep-stim-vertical-zreg-circ] wrote /project/bdoiron/dracoxu/rct-fsflow/paper_project_final/out/stim/20200328/flow/crsweep-stim-vertical-zreg-circ/R/flow_R_MLIPtoMFEF.npz
[20200328] wrote /project/bdoiron/dracoxu/rct-fsflow/paper_project_final/out/stim/20200328/flow/crsweep-stim-vertical-zreg-circ/R/figs/MFEF_vs_MLIP_flow_R.pdf
[skip] MFEF->MLIP: Missing O axis in one of the areas.
[skip] MLIP->MFEF: Missing O axis in one of the areas.
[skip] MFEF<->MLIP: Missing pair files for MFEF<->MLIP: /project/bdoiron/dracoxu/rct-fsflow/paper_project_final/out/stim/20200328/flow/crsweep-stim-vertical-none-trial/O/flow_O_MFEFtoMLIP.npz or /project/bdoiron/dracoxu/rct-fsflow/paper_project_final/out/stim/20200328/flow/crsweep-stim-vertical-none-trial/O/flow_O_MLIPtoMFEF.npz
[warn] no pairs had both directions available; nothing drawn.
[skip] MFEF->MLIP: Missing O axis in one of the areas.
[skip] MLIP->MFEF: Missing O axis in one of the areas.
[skip] MFEF<->MLIP: Missing pair files for MFEF<->MLIP: /project/bdoiron/dracoxu/rct-fsflow/paper_project_final/out/stim/20200328/flow/crsweep-stim-vertical-none-circ/O/flow_O_MFEFtoMLIP.npz or /project/bdoiron/dracoxu/rct-fsflow/paper_project_final/out/stim/20200328/flow/crsweep-stim-vertical-none-circ/O/flow_O_MLIPtoMFEF.npz
[warn] no pairs had both directions available; nothing drawn.
[skip] MFEF->MLIP: Missing O axis in one of the areas.
[skip] MLIP->MFEF: Missing O axis in one of the areas.
[skip] MFEF<->MLIP: Missing pair files for MFEF<->MLIP: /project/bdoiron/dracoxu/rct-fsflow/paper_project_final/out/stim/20200328/flow/crsweep-stim-vertical-zreg-trial/O/flow_O_MFEFtoMLIP.npz or /project/bdoiron/dracoxu/rct-fsflow/paper_project_final/out/stim/20200328/flow/crsweep-stim-vertical-zreg-trial/O/flow_O_MLIPtoMFEF.npz
[warn] no pairs had both directions available; nothing drawn.
[skip] MFEF->MLIP: Missing O axis in one of the areas.
[skip] MLIP->MFEF: Missing O axis in one of the areas.
[skip] MFEF<->MLIP: Missing pair files for MFEF<->MLIP: /project/bdoiron/dracoxu/rct-fsflow/paper_project_final/out/stim/20200328/flow/crsweep-stim-vertical-zreg-circ/O/flow_O_MFEFtoMLIP.npz or /project/bdoiron/dracoxu/rct-fsflow/paper_project_final/out/stim/20200328/flow/crsweep-stim-vertical-zreg-circ/O/flow_O_MLIPtoMFEF.npz
[warn] no pairs had both directions available; nothing drawn.
[20200328][MFEF] wrote /project/bdoiron/dracoxu/rct-fsflow/paper_project_final/out/stim/20200328/axes/axes_sweep-stim-horizontal/axes_MFEF.npz
[20200328][MLIP] wrote /project/bdoiron/dracoxu/rct-fsflow/paper_project_final/out/stim/20200328/axes/axes_sweep-stim-horizontal/axes_MLIP.npz
[ok] session summary → /project/bdoiron/dracoxu/rct-fsflow/paper_project_final/out/stim/20200328/axes/axes_sweep-stim-horizontal/axes_summary.json
[20200328][MFEF] wrote /project/bdoiron/dracoxu/rct-fsflow/paper_project_final/out/stim/20200328/qc/axes_sweep-stim-horizontal/qc_axes_MFEF.pdf (+ .png, .json)   lat(ms): C=174.99999701976776, Sraw=None, Sinv=None
[20200328][MLIP] wrote /project/bdoiron/dracoxu/rct-fsflow/paper_project_final/out/stim/20200328/qc/axes_sweep-stim-horizontal/qc_axes_MLIP.pdf (+ .png, .json)   lat(ms): C=None, Sraw=None, Sinv=None
[20200328][MFEF->MLIP] [crsweep-stim-horizontal-none-trial] wrote /project/bdoiron/dracoxu/rct-fsflow/paper_project_final/out/stim/20200328/flow/crsweep-stim-horizontal-none-trial/C/flow_C_MFEFtoMLIP.npz
[20200328][MLIP->MFEF] [crsweep-stim-horizontal-none-trial] wrote /project/bdoiron/dracoxu/rct-fsflow/paper_project_final/out/stim/20200328/flow/crsweep-stim-horizontal-none-trial/C/flow_C_MLIPtoMFEF.npz
[20200328] wrote /project/bdoiron/dracoxu/rct-fsflow/paper_project_final/out/stim/20200328/flow/crsweep-stim-horizontal-none-trial/C/figs/MFEF_vs_MLIP_flow_C.pdf
[20200328][MFEF->MLIP] [crsweep-stim-horizontal-none-circ] wrote /project/bdoiron/dracoxu/rct-fsflow/paper_project_final/out/stim/20200328/flow/crsweep-stim-horizontal-none-circ/C/flow_C_MFEFtoMLIP.npz
[20200328][MLIP->MFEF] [crsweep-stim-horizontal-none-circ] wrote /project/bdoiron/dracoxu/rct-fsflow/paper_project_final/out/stim/20200328/flow/crsweep-stim-horizontal-none-circ/C/flow_C_MLIPtoMFEF.npz
[20200328] wrote /project/bdoiron/dracoxu/rct-fsflow/paper_project_final/out/stim/20200328/flow/crsweep-stim-horizontal-none-circ/C/figs/MFEF_vs_MLIP_flow_C.pdf
[20200328][MFEF->MLIP] [crsweep-stim-horizontal-zreg-trial] wrote /project/bdoiron/dracoxu/rct-fsflow/paper_project_final/out/stim/20200328/flow/crsweep-stim-horizontal-zreg-trial/C/flow_C_MFEFtoMLIP.npz
[20200328][MLIP->MFEF] [crsweep-stim-horizontal-zreg-trial] wrote /project/bdoiron/dracoxu/rct-fsflow/paper_project_final/out/stim/20200328/flow/crsweep-stim-horizontal-zreg-trial/C/flow_C_MLIPtoMFEF.npz
[20200328] wrote /project/bdoiron/dracoxu/rct-fsflow/paper_project_final/out/stim/20200328/flow/crsweep-stim-horizontal-zreg-trial/C/figs/MFEF_vs_MLIP_flow_C.pdf
[20200328][MFEF->MLIP] [crsweep-stim-horizontal-zreg-circ] wrote /project/bdoiron/dracoxu/rct-fsflow/paper_project_final/out/stim/20200328/flow/crsweep-stim-horizontal-zreg-circ/C/flow_C_MFEFtoMLIP.npz
[20200328][MLIP->MFEF] [crsweep-stim-horizontal-zreg-circ] wrote /project/bdoiron/dracoxu/rct-fsflow/paper_project_final/out/stim/20200328/flow/crsweep-stim-horizontal-zreg-circ/C/flow_C_MLIPtoMFEF.npz
[20200328] wrote /project/bdoiron/dracoxu/rct-fsflow/paper_project_final/out/stim/20200328/flow/crsweep-stim-horizontal-zreg-circ/C/figs/MFEF_vs_MLIP_flow_C.pdf
[20200328][MFEF->MLIP] [crsweep-stim-horizontal-none-trial] wrote /project/bdoiron/dracoxu/rct-fsflow/paper_project_final/out/stim/20200328/flow/crsweep-stim-horizontal-none-trial/R/flow_R_MFEFtoMLIP.npz
[20200328][MLIP->MFEF] [crsweep-stim-horizontal-none-trial] wrote /project/bdoiron/dracoxu/rct-fsflow/paper_project_final/out/stim/20200328/flow/crsweep-stim-horizontal-none-trial/R/flow_R_MLIPtoMFEF.npz
[20200328] wrote /project/bdoiron/dracoxu/rct-fsflow/paper_project_final/out/stim/20200328/flow/crsweep-stim-horizontal-none-trial/R/figs/MFEF_vs_MLIP_flow_R.pdf
[20200328][MFEF->MLIP] [crsweep-stim-horizontal-none-circ] wrote /project/bdoiron/dracoxu/rct-fsflow/paper_project_final/out/stim/20200328/flow/crsweep-stim-horizontal-none-circ/R/flow_R_MFEFtoMLIP.npz
[20200328][MLIP->MFEF] [crsweep-stim-horizontal-none-circ] wrote /project/bdoiron/dracoxu/rct-fsflow/paper_project_final/out/stim/20200328/flow/crsweep-stim-horizontal-none-circ/R/flow_R_MLIPtoMFEF.npz
[20200328] wrote /project/bdoiron/dracoxu/rct-fsflow/paper_project_final/out/stim/20200328/flow/crsweep-stim-horizontal-none-circ/R/figs/MFEF_vs_MLIP_flow_R.pdf
[20200328][MFEF->MLIP] [crsweep-stim-horizontal-zreg-trial] wrote /project/bdoiron/dracoxu/rct-fsflow/paper_project_final/out/stim/20200328/flow/crsweep-stim-horizontal-zreg-trial/R/flow_R_MFEFtoMLIP.npz
[20200328][MLIP->MFEF] [crsweep-stim-horizontal-zreg-trial] wrote /project/bdoiron/dracoxu/rct-fsflow/paper_project_final/out/stim/20200328/flow/crsweep-stim-horizontal-zreg-trial/R/flow_R_MLIPtoMFEF.npz
[20200328] wrote /project/bdoiron/dracoxu/rct-fsflow/paper_project_final/out/stim/20200328/flow/crsweep-stim-horizontal-zreg-trial/R/figs/MFEF_vs_MLIP_flow_R.pdf
[20200328][MFEF->MLIP] [crsweep-stim-horizontal-zreg-circ] wrote /project/bdoiron/dracoxu/rct-fsflow/paper_project_final/out/stim/20200328/flow/crsweep-stim-horizontal-zreg-circ/R/flow_R_MFEFtoMLIP.npz
[20200328][MLIP->MFEF] [crsweep-stim-horizontal-zreg-circ] wrote /project/bdoiron/dracoxu/rct-fsflow/paper_project_final/out/stim/20200328/flow/crsweep-stim-horizontal-zreg-circ/R/flow_R_MLIPtoMFEF.npz
[20200328] wrote /project/bdoiron/dracoxu/rct-fsflow/paper_project_final/out/stim/20200328/flow/crsweep-stim-horizontal-zreg-circ/R/figs/MFEF_vs_MLIP_flow_R.pdf
[skip] MFEF->MLIP: Missing O axis in one of the areas.
[skip] MLIP->MFEF: Missing O axis in one of the areas.
[skip] MFEF<->MLIP: Missing pair files for MFEF<->MLIP: /project/bdoiron/dracoxu/rct-fsflow/paper_project_final/out/stim/20200328/flow/crsweep-stim-horizontal-none-trial/O/flow_O_MFEFtoMLIP.npz or /project/bdoiron/dracoxu/rct-fsflow/paper_project_final/out/stim/20200328/flow/crsweep-stim-horizontal-none-trial/O/flow_O_MLIPtoMFEF.npz
[warn] no pairs had both directions available; nothing drawn.
[skip] MFEF->MLIP: Missing O axis in one of the areas.
[skip] MLIP->MFEF: Missing O axis in one of the areas.
[skip] MFEF<->MLIP: Missing pair files for MFEF<->MLIP: /project/bdoiron/dracoxu/rct-fsflow/paper_project_final/out/stim/20200328/flow/crsweep-stim-horizontal-none-circ/O/flow_O_MFEFtoMLIP.npz or /project/bdoiron/dracoxu/rct-fsflow/paper_project_final/out/stim/20200328/flow/crsweep-stim-horizontal-none-circ/O/flow_O_MLIPtoMFEF.npz
[warn] no pairs had both directions available; nothing drawn.
[skip] MFEF->MLIP: Missing O axis in one of the areas.
[skip] MLIP->MFEF: Missing O axis in one of the areas.
[skip] MFEF<->MLIP: Missing pair files for MFEF<->MLIP: /project/bdoiron/dracoxu/rct-fsflow/paper_project_final/out/stim/20200328/flow/crsweep-stim-horizontal-zreg-trial/O/flow_O_MFEFtoMLIP.npz or /project/bdoiron/dracoxu/rct-fsflow/paper_project_final/out/stim/20200328/flow/crsweep-stim-horizontal-zreg-trial/O/flow_O_MLIPtoMFEF.npz
[warn] no pairs had both directions available; nothing drawn.
[skip] MFEF->MLIP: Missing O axis in one of the areas.
[skip] MLIP->MFEF: Missing O axis in one of the areas.
[skip] MFEF<->MLIP: Missing pair files for MFEF<->MLIP: /project/bdoiron/dracoxu/rct-fsflow/paper_project_final/out/stim/20200328/flow/crsweep-stim-horizontal-zreg-circ/O/flow_O_MFEFtoMLIP.npz or /project/bdoiron/dracoxu/rct-fsflow/paper_project_final/out/stim/20200328/flow/crsweep-stim-horizontal-zreg-circ/O/flow_O_MLIPtoMFEF.npz
[warn] no pairs had both directions available; nothing drawn.
[20200328][MFEF] wrote /project/bdoiron/dracoxu/rct-fsflow/paper_project_final/out/stim/20200328/axes/axes_sweep-stim-pooled/axes_MFEF.npz
[20200328][MLIP] wrote /project/bdoiron/dracoxu/rct-fsflow/paper_project_final/out/stim/20200328/axes/axes_sweep-stim-pooled/axes_MLIP.npz
[ok] session summary → /project/bdoiron/dracoxu/rct-fsflow/paper_project_final/out/stim/20200328/axes/axes_sweep-stim-pooled/axes_summary.json
[20200328][MFEF] wrote /project/bdoiron/dracoxu/rct-fsflow/paper_project_final/out/stim/20200328/qc/axes_sweep-stim-pooled/qc_axes_MFEF.pdf (+ .png, .json)   lat(ms): C=None, Sraw=None, Sinv=None
[20200328][MLIP] wrote /project/bdoiron/dracoxu/rct-fsflow/paper_project_final/out/stim/20200328/qc/axes_sweep-stim-pooled/qc_axes_MLIP.pdf (+ .png, .json)   lat(ms): C=None, Sraw=None, Sinv=None
[20200328][MFEF->MLIP] [crsweep-stim-pooled-none-trial] wrote /project/bdoiron/dracoxu/rct-fsflow/paper_project_final/out/stim/20200328/flow/crsweep-stim-pooled-none-trial/C/flow_C_MFEFtoMLIP.npz
[20200328][MLIP->MFEF] [crsweep-stim-pooled-none-trial] wrote /project/bdoiron/dracoxu/rct-fsflow/paper_project_final/out/stim/20200328/flow/crsweep-stim-pooled-none-trial/C/flow_C_MLIPtoMFEF.npz
[20200328] wrote /project/bdoiron/dracoxu/rct-fsflow/paper_project_final/out/stim/20200328/flow/crsweep-stim-pooled-none-trial/C/figs/MFEF_vs_MLIP_flow_C.pdf
[20200328][MFEF->MLIP] [crsweep-stim-pooled-none-circ] wrote /project/bdoiron/dracoxu/rct-fsflow/paper_project_final/out/stim/20200328/flow/crsweep-stim-pooled-none-circ/C/flow_C_MFEFtoMLIP.npz
[20200328][MLIP->MFEF] [crsweep-stim-pooled-none-circ] wrote /project/bdoiron/dracoxu/rct-fsflow/paper_project_final/out/stim/20200328/flow/crsweep-stim-pooled-none-circ/C/flow_C_MLIPtoMFEF.npz
[20200328] wrote /project/bdoiron/dracoxu/rct-fsflow/paper_project_final/out/stim/20200328/flow/crsweep-stim-pooled-none-circ/C/figs/MFEF_vs_MLIP_flow_C.pdf
[20200328][MFEF->MLIP] [crsweep-stim-pooled-zreg-trial] wrote /project/bdoiron/dracoxu/rct-fsflow/paper_project_final/out/stim/20200328/flow/crsweep-stim-pooled-zreg-trial/C/flow_C_MFEFtoMLIP.npz
[20200328][MLIP->MFEF] [crsweep-stim-pooled-zreg-trial] wrote /project/bdoiron/dracoxu/rct-fsflow/paper_project_final/out/stim/20200328/flow/crsweep-stim-pooled-zreg-trial/C/flow_C_MLIPtoMFEF.npz
[20200328] wrote /project/bdoiron/dracoxu/rct-fsflow/paper_project_final/out/stim/20200328/flow/crsweep-stim-pooled-zreg-trial/C/figs/MFEF_vs_MLIP_flow_C.pdf
[20200328][MFEF->MLIP] [crsweep-stim-pooled-zreg-circ] wrote /project/bdoiron/dracoxu/rct-fsflow/paper_project_final/out/stim/20200328/flow/crsweep-stim-pooled-zreg-circ/C/flow_C_MFEFtoMLIP.npz
[20200328][MLIP->MFEF] [crsweep-stim-pooled-zreg-circ] wrote /project/bdoiron/dracoxu/rct-fsflow/paper_project_final/out/stim/20200328/flow/crsweep-stim-pooled-zreg-circ/C/flow_C_MLIPtoMFEF.npz
[20200328] wrote /project/bdoiron/dracoxu/rct-fsflow/paper_project_final/out/stim/20200328/flow/crsweep-stim-pooled-zreg-circ/C/figs/MFEF_vs_MLIP_flow_C.pdf
[20200328][MFEF->MLIP] [crsweep-stim-pooled-none-trial] wrote /project/bdoiron/dracoxu/rct-fsflow/paper_project_final/out/stim/20200328/flow/crsweep-stim-pooled-none-trial/R/flow_R_MFEFtoMLIP.npz
[20200328][MLIP->MFEF] [crsweep-stim-pooled-none-trial] wrote /project/bdoiron/dracoxu/rct-fsflow/paper_project_final/out/stim/20200328/flow/crsweep-stim-pooled-none-trial/R/flow_R_MLIPtoMFEF.npz
[20200328] wrote /project/bdoiron/dracoxu/rct-fsflow/paper_project_final/out/stim/20200328/flow/crsweep-stim-pooled-none-trial/R/figs/MFEF_vs_MLIP_flow_R.pdf
[20200328][MFEF->MLIP] [crsweep-stim-pooled-none-circ] wrote /project/bdoiron/dracoxu/rct-fsflow/paper_project_final/out/stim/20200328/flow/crsweep-stim-pooled-none-circ/R/flow_R_MFEFtoMLIP.npz
[20200328][MLIP->MFEF] [crsweep-stim-pooled-none-circ] wrote /project/bdoiron/dracoxu/rct-fsflow/paper_project_final/out/stim/20200328/flow/crsweep-stim-pooled-none-circ/R/flow_R_MLIPtoMFEF.npz
[20200328] wrote /project/bdoiron/dracoxu/rct-fsflow/paper_project_final/out/stim/20200328/flow/crsweep-stim-pooled-none-circ/R/figs/MFEF_vs_MLIP_flow_R.pdf
[20200328][MFEF->MLIP] [crsweep-stim-pooled-zreg-trial] wrote /project/bdoiron/dracoxu/rct-fsflow/paper_project_final/out/stim/20200328/flow/crsweep-stim-pooled-zreg-trial/R/flow_R_MFEFtoMLIP.npz
[20200328][MLIP->MFEF] [crsweep-stim-pooled-zreg-trial] wrote /project/bdoiron/dracoxu/rct-fsflow/paper_project_final/out/stim/20200328/flow/crsweep-stim-pooled-zreg-trial/R/flow_R_MLIPtoMFEF.npz
[20200328] wrote /project/bdoiron/dracoxu/rct-fsflow/paper_project_final/out/stim/20200328/flow/crsweep-stim-pooled-zreg-trial/R/figs/MFEF_vs_MLIP_flow_R.pdf
[20200328][MFEF->MLIP] [crsweep-stim-pooled-zreg-circ] wrote /project/bdoiron/dracoxu/rct-fsflow/paper_project_final/out/stim/20200328/flow/crsweep-stim-pooled-zreg-circ/R/flow_R_MFEFtoMLIP.npz
[20200328][MLIP->MFEF] [crsweep-stim-pooled-zreg-circ] wrote /project/bdoiron/dracoxu/rct-fsflow/paper_project_final/out/stim/20200328/flow/crsweep-stim-pooled-zreg-circ/R/flow_R_MLIPtoMFEF.npz
[20200328] wrote /project/bdoiron/dracoxu/rct-fsflow/paper_project_final/out/stim/20200328/flow/crsweep-stim-pooled-zreg-circ/R/figs/MFEF_vs_MLIP_flow_R.pdf
[20200328][MFEF->MLIP] [crsweep-stim-pooled-none-trial] wrote /project/bdoiron/dracoxu/rct-fsflow/paper_project_final/out/stim/20200328/flow/crsweep-stim-pooled-none-trial/O/flow_O_MFEFtoMLIP.npz
[20200328][MLIP->MFEF] [crsweep-stim-pooled-none-trial] wrote /project/bdoiron/dracoxu/rct-fsflow/paper_project_final/out/stim/20200328/flow/crsweep-stim-pooled-none-trial/O/flow_O_MLIPtoMFEF.npz
[20200328] wrote /project/bdoiron/dracoxu/rct-fsflow/paper_project_final/out/stim/20200328/flow/crsweep-stim-pooled-none-trial/O/figs/MFEF_vs_MLIP_flow_O.pdf
[20200328][MFEF->MLIP] [crsweep-stim-pooled-none-circ] wrote /project/bdoiron/dracoxu/rct-fsflow/paper_project_final/out/stim/20200328/flow/crsweep-stim-pooled-none-circ/O/flow_O_MFEFtoMLIP.npz
[20200328][MLIP->MFEF] [crsweep-stim-pooled-none-circ] wrote /project/bdoiron/dracoxu/rct-fsflow/paper_project_final/out/stim/20200328/flow/crsweep-stim-pooled-none-circ/O/flow_O_MLIPtoMFEF.npz
[20200328] wrote /project/bdoiron/dracoxu/rct-fsflow/paper_project_final/out/stim/20200328/flow/crsweep-stim-pooled-none-circ/O/figs/MFEF_vs_MLIP_flow_O.pdf
[20200328][MFEF->MLIP] [crsweep-stim-pooled-zreg-trial] wrote /project/bdoiron/dracoxu/rct-fsflow/paper_project_final/out/stim/20200328/flow/crsweep-stim-pooled-zreg-trial/O/flow_O_MFEFtoMLIP.npz
[20200328][MLIP->MFEF] [crsweep-stim-pooled-zreg-trial] wrote /project/bdoiron/dracoxu/rct-fsflow/paper_project_final/out/stim/20200328/flow/crsweep-stim-pooled-zreg-trial/O/flow_O_MLIPtoMFEF.npz
[20200328] wrote /project/bdoiron/dracoxu/rct-fsflow/paper_project_final/out/stim/20200328/flow/crsweep-stim-pooled-zreg-trial/O/figs/MFEF_vs_MLIP_flow_O.pdf
[20200328][MFEF->MLIP] [crsweep-stim-pooled-zreg-circ] wrote /project/bdoiron/dracoxu/rct-fsflow/paper_project_final/out/stim/20200328/flow/crsweep-stim-pooled-zreg-circ/O/flow_O_MFEFtoMLIP.npz
[20200328][MLIP->MFEF] [crsweep-stim-pooled-zreg-circ] wrote /project/bdoiron/dracoxu/rct-fsflow/paper_project_final/out/stim/20200328/flow/crsweep-stim-pooled-zreg-circ/O/flow_O_MLIPtoMFEF.npz
[20200328] wrote /project/bdoiron/dracoxu/rct-fsflow/paper_project_final/out/stim/20200328/flow/crsweep-stim-pooled-zreg-circ/O/figs/MFEF_vs_MLIP_flow_O.pdf
[20200328][MFEF] wrote /project/bdoiron/dracoxu/rct-fsflow/paper_project_final/out/sacc/20200328/axes/axes_sweep-sacc-vertical/axes_MFEF.npz
[20200328][MLIP] wrote /project/bdoiron/dracoxu/rct-fsflow/paper_project_final/out/sacc/20200328/axes/axes_sweep-sacc-vertical/axes_MLIP.npz
[ok] session summary → /project/bdoiron/dracoxu/rct-fsflow/paper_project_final/out/sacc/20200328/axes/axes_sweep-sacc-vertical/axes_summary.json
[20200328][MFEF] wrote /project/bdoiron/dracoxu/rct-fsflow/paper_project_final/out/sacc/20200328/qc/axes_sweep-sacc-vertical/qc_axes_MFEF.pdf (+ .png, .json)   lat(ms): C=None, Sraw=None, Sinv=None
[20200328][MLIP] wrote /project/bdoiron/dracoxu/rct-fsflow/paper_project_final/out/sacc/20200328/qc/axes_sweep-sacc-vertical/qc_axes_MLIP.pdf (+ .png, .json)   lat(ms): C=None, Sraw=None, Sinv=None
[20200328][MFEF->MLIP] [crsweep-sacc-vertical-none-trial] wrote /project/bdoiron/dracoxu/rct-fsflow/paper_project_final/out/sacc/20200328/flow/crsweep-sacc-vertical-none-trial/S/flow_S_MFEFtoMLIP.npz
[20200328][MLIP->MFEF] [crsweep-sacc-vertical-none-trial] wrote /project/bdoiron/dracoxu/rct-fsflow/paper_project_final/out/sacc/20200328/flow/crsweep-sacc-vertical-none-trial/S/flow_S_MLIPtoMFEF.npz
[20200328] wrote /project/bdoiron/dracoxu/rct-fsflow/paper_project_final/out/sacc/20200328/flow/crsweep-sacc-vertical-none-trial/S/figs/MFEF_vs_MLIP_flow_S.pdf
[20200328][MFEF->MLIP] [crsweep-sacc-vertical-none-circ] wrote /project/bdoiron/dracoxu/rct-fsflow/paper_project_final/out/sacc/20200328/flow/crsweep-sacc-vertical-none-circ/S/flow_S_MFEFtoMLIP.npz
[20200328][MLIP->MFEF] [crsweep-sacc-vertical-none-circ] wrote /project/bdoiron/dracoxu/rct-fsflow/paper_project_final/out/sacc/20200328/flow/crsweep-sacc-vertical-none-circ/S/flow_S_MLIPtoMFEF.npz
[20200328] wrote /project/bdoiron/dracoxu/rct-fsflow/paper_project_final/out/sacc/20200328/flow/crsweep-sacc-vertical-none-circ/S/figs/MFEF_vs_MLIP_flow_S.pdf
[20200328][MFEF->MLIP] [crsweep-sacc-vertical-zreg-trial] wrote /project/bdoiron/dracoxu/rct-fsflow/paper_project_final/out/sacc/20200328/flow/crsweep-sacc-vertical-zreg-trial/S/flow_S_MFEFtoMLIP.npz
[20200328][MLIP->MFEF] [crsweep-sacc-vertical-zreg-trial] wrote /project/bdoiron/dracoxu/rct-fsflow/paper_project_final/out/sacc/20200328/flow/crsweep-sacc-vertical-zreg-trial/S/flow_S_MLIPtoMFEF.npz
[20200328] wrote /project/bdoiron/dracoxu/rct-fsflow/paper_project_final/out/sacc/20200328/flow/crsweep-sacc-vertical-zreg-trial/S/figs/MFEF_vs_MLIP_flow_S.pdf
[20200328][MFEF->MLIP] [crsweep-sacc-vertical-zreg-circ] wrote /project/bdoiron/dracoxu/rct-fsflow/paper_project_final/out/sacc/20200328/flow/crsweep-sacc-vertical-zreg-circ/S/flow_S_MFEFtoMLIP.npz
[20200328][MLIP->MFEF] [crsweep-sacc-vertical-zreg-circ] wrote /project/bdoiron/dracoxu/rct-fsflow/paper_project_final/out/sacc/20200328/flow/crsweep-sacc-vertical-zreg-circ/S/flow_S_MLIPtoMFEF.npz
[20200328] wrote /project/bdoiron/dracoxu/rct-fsflow/paper_project_final/out/sacc/20200328/flow/crsweep-sacc-vertical-zreg-circ/S/figs/MFEF_vs_MLIP_flow_S.pdf
[20200328][MFEF] wrote /project/bdoiron/dracoxu/rct-fsflow/paper_project_final/out/sacc/20200328/axes/axes_sweep-sacc-horizontal/axes_MFEF.npz
[20200328][MLIP] wrote /project/bdoiron/dracoxu/rct-fsflow/paper_project_final/out/sacc/20200328/axes/axes_sweep-sacc-horizontal/axes_MLIP.npz
[ok] session summary → /project/bdoiron/dracoxu/rct-fsflow/paper_project_final/out/sacc/20200328/axes/axes_sweep-sacc-horizontal/axes_summary.json
[20200328][MFEF] wrote /project/bdoiron/dracoxu/rct-fsflow/paper_project_final/out/sacc/20200328/qc/axes_sweep-sacc-horizontal/qc_axes_MFEF.pdf (+ .png, .json)   lat(ms): C=None, Sraw=-122.50000238418579, Sinv=-122.50000238418579
[20200328][MLIP] wrote /project/bdoiron/dracoxu/rct-fsflow/paper_project_final/out/sacc/20200328/qc/axes_sweep-sacc-horizontal/qc_axes_MLIP.pdf (+ .png, .json)   lat(ms): C=None, Sraw=7.499999832361937, Sinv=7.499999832361937
[20200328][MFEF->MLIP] [crsweep-sacc-horizontal-none-trial] wrote /project/bdoiron/dracoxu/rct-fsflow/paper_project_final/out/sacc/20200328/flow/crsweep-sacc-horizontal-none-trial/S/flow_S_MFEFtoMLIP.npz
[20200328][MLIP->MFEF] [crsweep-sacc-horizontal-none-trial] wrote /project/bdoiron/dracoxu/rct-fsflow/paper_project_final/out/sacc/20200328/flow/crsweep-sacc-horizontal-none-trial/S/flow_S_MLIPtoMFEF.npz
[20200328] wrote /project/bdoiron/dracoxu/rct-fsflow/paper_project_final/out/sacc/20200328/flow/crsweep-sacc-horizontal-none-trial/S/figs/MFEF_vs_MLIP_flow_S.pdf
[20200328][MFEF->MLIP] [crsweep-sacc-horizontal-none-circ] wrote /project/bdoiron/dracoxu/rct-fsflow/paper_project_final/out/sacc/20200328/flow/crsweep-sacc-horizontal-none-circ/S/flow_S_MFEFtoMLIP.npz
[20200328][MLIP->MFEF] [crsweep-sacc-horizontal-none-circ] wrote /project/bdoiron/dracoxu/rct-fsflow/paper_project_final/out/sacc/20200328/flow/crsweep-sacc-horizontal-none-circ/S/flow_S_MLIPtoMFEF.npz
[20200328] wrote /project/bdoiron/dracoxu/rct-fsflow/paper_project_final/out/sacc/20200328/flow/crsweep-sacc-horizontal-none-circ/S/figs/MFEF_vs_MLIP_flow_S.pdf
[20200328][MFEF->MLIP] [crsweep-sacc-horizontal-zreg-trial] wrote /project/bdoiron/dracoxu/rct-fsflow/paper_project_final/out/sacc/20200328/flow/crsweep-sacc-horizontal-zreg-trial/S/flow_S_MFEFtoMLIP.npz
[20200328][MLIP->MFEF] [crsweep-sacc-horizontal-zreg-trial] wrote /project/bdoiron/dracoxu/rct-fsflow/paper_project_final/out/sacc/20200328/flow/crsweep-sacc-horizontal-zreg-trial/S/flow_S_MLIPtoMFEF.npz
[20200328] wrote /project/bdoiron/dracoxu/rct-fsflow/paper_project_final/out/sacc/20200328/flow/crsweep-sacc-horizontal-zreg-trial/S/figs/MFEF_vs_MLIP_flow_S.pdf
[20200328][MFEF->MLIP] [crsweep-sacc-horizontal-zreg-circ] wrote /project/bdoiron/dracoxu/rct-fsflow/paper_project_final/out/sacc/20200328/flow/crsweep-sacc-horizontal-zreg-circ/S/flow_S_MFEFtoMLIP.npz
[20200328][MLIP->MFEF] [crsweep-sacc-horizontal-zreg-circ] wrote /project/bdoiron/dracoxu/rct-fsflow/paper_project_final/out/sacc/20200328/flow/crsweep-sacc-horizontal-zreg-circ/S/flow_S_MLIPtoMFEF.npz
[20200328] wrote /project/bdoiron/dracoxu/rct-fsflow/paper_project_final/out/sacc/20200328/flow/crsweep-sacc-horizontal-zreg-circ/S/figs/MFEF_vs_MLIP_flow_S.pdf
[20200328][MFEF] wrote /project/bdoiron/dracoxu/rct-fsflow/paper_project_final/out/sacc/20200328/axes/axes_sweep-sacc-pooled/axes_MFEF.npz
[20200328][MLIP] wrote /project/bdoiron/dracoxu/rct-fsflow/paper_project_final/out/sacc/20200328/axes/axes_sweep-sacc-pooled/axes_MLIP.npz
[ok] session summary → /project/bdoiron/dracoxu/rct-fsflow/paper_project_final/out/sacc/20200328/axes/axes_sweep-sacc-pooled/axes_summary.json
[20200328][MFEF] wrote /project/bdoiron/dracoxu/rct-fsflow/paper_project_final/out/sacc/20200328/qc/axes_sweep-sacc-pooled/qc_axes_MFEF.pdf (+ .png, .json)   lat(ms): C=None, Sraw=-42.500000447034836, Sinv=-42.500000447034836
[20200328][MLIP] wrote /project/bdoiron/dracoxu/rct-fsflow/paper_project_final/out/sacc/20200328/qc/axes_sweep-sacc-pooled/qc_axes_MLIP.pdf (+ .png, .json)   lat(ms): C=None, Sraw=None, Sinv=None
[20200328][MFEF->MLIP] [crsweep-sacc-pooled-none-trial] wrote /project/bdoiron/dracoxu/rct-fsflow/paper_project_final/out/sacc/20200328/flow/crsweep-sacc-pooled-none-trial/S/flow_S_MFEFtoMLIP.npz
[20200328][MLIP->MFEF] [crsweep-sacc-pooled-none-trial] wrote /project/bdoiron/dracoxu/rct-fsflow/paper_project_final/out/sacc/20200328/flow/crsweep-sacc-pooled-none-trial/S/flow_S_MLIPtoMFEF.npz
[20200328] wrote /project/bdoiron/dracoxu/rct-fsflow/paper_project_final/out/sacc/20200328/flow/crsweep-sacc-pooled-none-trial/S/figs/MFEF_vs_MLIP_flow_S.pdf
[20200328][MFEF->MLIP] [crsweep-sacc-pooled-none-circ] wrote /project/bdoiron/dracoxu/rct-fsflow/paper_project_final/out/sacc/20200328/flow/crsweep-sacc-pooled-none-circ/S/flow_S_MFEFtoMLIP.npz
[20200328][MLIP->MFEF] [crsweep-sacc-pooled-none-circ] wrote /project/bdoiron/dracoxu/rct-fsflow/paper_project_final/out/sacc/20200328/flow/crsweep-sacc-pooled-none-circ/S/flow_S_MLIPtoMFEF.npz
[20200328] wrote /project/bdoiron/dracoxu/rct-fsflow/paper_project_final/out/sacc/20200328/flow/crsweep-sacc-pooled-none-circ/S/figs/MFEF_vs_MLIP_flow_S.pdf
[20200328][MFEF->MLIP] [crsweep-sacc-pooled-zreg-trial] wrote /project/bdoiron/dracoxu/rct-fsflow/paper_project_final/out/sacc/20200328/flow/crsweep-sacc-pooled-zreg-trial/S/flow_S_MFEFtoMLIP.npz
[20200328][MLIP->MFEF] [crsweep-sacc-pooled-zreg-trial] wrote /project/bdoiron/dracoxu/rct-fsflow/paper_project_final/out/sacc/20200328/flow/crsweep-sacc-pooled-zreg-trial/S/flow_S_MLIPtoMFEF.npz
[20200328] wrote /project/bdoiron/dracoxu/rct-fsflow/paper_project_final/out/sacc/20200328/flow/crsweep-sacc-pooled-zreg-trial/S/figs/MFEF_vs_MLIP_flow_S.pdf
[20200328][MFEF->MLIP] [crsweep-sacc-pooled-zreg-circ] wrote /project/bdoiron/dracoxu/rct-fsflow/paper_project_final/out/sacc/20200328/flow/crsweep-sacc-pooled-zreg-circ/S/flow_S_MFEFtoMLIP.npz
[20200328][MLIP->MFEF] [crsweep-sacc-pooled-zreg-circ] wrote /project/bdoiron/dracoxu/rct-fsflow/paper_project_final/out/sacc/20200328/flow/crsweep-sacc-pooled-zreg-circ/S/flow_S_MLIPtoMFEF.npz
[20200328] wrote /project/bdoiron/dracoxu/rct-fsflow/paper_project_final/out/sacc/20200328/flow/crsweep-sacc-pooled-zreg-circ/S/figs/MFEF_vs_MLIP_flow_S.pdf
[info] SID=20200328
[info] orientations      = ['vertical', 'horizontal', 'pooled']
[info] standardize_modes = ['none', 'zscore_regressors']
[info] null_methods      = ['trial_shuffle', 'circular_shift']

[align=stim] SID=20200328

[block] ori=vertical
[RUN] /project/bdoiron/dracoxu/rct-fsflow/runtime/venv/bin/python cli/train_axes.py --out_root /project/bdoiron/dracoxu/rct-fsflow/paper_project_final/out --align stim --sid 20200328 --orientation vertical --tag axes_sweep-stim-vertical --pt_min_ms_stim 200.0
[RUN] /project/bdoiron/dracoxu/rct-fsflow/runtime/venv/bin/python cli/qc_axes.py --out_root /project/bdoiron/dracoxu/rct-fsflow/paper_project_final/out --align stim --sid 20200328 --orientation vertical --tag axes_sweep-stim-vertical --pt_min_ms_stim 200.0

[combo] sid=20200328, align=stim, ori=vertical, feat=C, std=none, null=trial_shuffle → flow_tag=crsweep-stim-vertical-none-trial
[RUN] /project/bdoiron/dracoxu/rct-fsflow/runtime/venv/bin/python cli/flow_session.py --out_root /project/bdoiron/dracoxu/rct-fsflow/paper_project_final/out --align stim --sid 20200328 --feature C --orientation vertical --lags_ms 50.0 --ridge 0.01 --perms 500 --perm-within CR --tag crsweep-stim-vertical --flow_tag_base crsweep-stim-vertical --axes_tag axes_sweep-stim-vertical --null_method trial_shuffle --standardize_mode none --pt_min_ms 200.0
[RUN] /project/bdoiron/dracoxu/rct-fsflow/runtime/venv/bin/python cli/flow_overlays.py --out_root /project/bdoiron/dracoxu/rct-fsflow/paper_project_final/out --align stim --sid 20200328 --feature C --orientation vertical --tag crsweep-stim-vertical-none-trial

[combo] sid=20200328, align=stim, ori=vertical, feat=C, std=none, null=circular_shift → flow_tag=crsweep-stim-vertical-none-circ
[RUN] /project/bdoiron/dracoxu/rct-fsflow/runtime/venv/bin/python cli/flow_session.py --out_root /project/bdoiron/dracoxu/rct-fsflow/paper_project_final/out --align stim --sid 20200328 --feature C --orientation vertical --lags_ms 50.0 --ridge 0.01 --perms 500 --perm-within CR --tag crsweep-stim-vertical --flow_tag_base crsweep-stim-vertical --axes_tag axes_sweep-stim-vertical --null_method circular_shift --standardize_mode none --pt_min_ms 200.0
[RUN] /project/bdoiron/dracoxu/rct-fsflow/runtime/venv/bin/python cli/flow_overlays.py --out_root /project/bdoiron/dracoxu/rct-fsflow/paper_project_final/out --align stim --sid 20200328 --feature C --orientation vertical --tag crsweep-stim-vertical-none-circ

[combo] sid=20200328, align=stim, ori=vertical, feat=C, std=zscore_regressors, null=trial_shuffle → flow_tag=crsweep-stim-vertical-zreg-trial
[RUN] /project/bdoiron/dracoxu/rct-fsflow/runtime/venv/bin/python cli/flow_session.py --out_root /project/bdoiron/dracoxu/rct-fsflow/paper_project_final/out --align stim --sid 20200328 --feature C --orientation vertical --lags_ms 50.0 --ridge 0.01 --perms 500 --perm-within CR --tag crsweep-stim-vertical --flow_tag_base crsweep-stim-vertical --axes_tag axes_sweep-stim-vertical --null_method trial_shuffle --standardize_mode zscore_regressors --pt_min_ms 200.0
[RUN] /project/bdoiron/dracoxu/rct-fsflow/runtime/venv/bin/python cli/flow_overlays.py --out_root /project/bdoiron/dracoxu/rct-fsflow/paper_project_final/out --align stim --sid 20200328 --feature C --orientation vertical --tag crsweep-stim-vertical-zreg-trial

[combo] sid=20200328, align=stim, ori=vertical, feat=C, std=zscore_regressors, null=circular_shift → flow_tag=crsweep-stim-vertical-zreg-circ
[RUN] /project/bdoiron/dracoxu/rct-fsflow/runtime/venv/bin/python cli/flow_session.py --out_root /project/bdoiron/dracoxu/rct-fsflow/paper_project_final/out --align stim --sid 20200328 --feature C --orientation vertical --lags_ms 50.0 --ridge 0.01 --perms 500 --perm-within CR --tag crsweep-stim-vertical --flow_tag_base crsweep-stim-vertical --axes_tag axes_sweep-stim-vertical --null_method circular_shift --standardize_mode zscore_regressors --pt_min_ms 200.0
[RUN] /project/bdoiron/dracoxu/rct-fsflow/runtime/venv/bin/python cli/flow_overlays.py --out_root /project/bdoiron/dracoxu/rct-fsflow/paper_project_final/out --align stim --sid 20200328 --feature C --orientation vertical --tag crsweep-stim-vertical-zreg-circ

[combo] sid=20200328, align=stim, ori=vertical, feat=R, std=none, null=trial_shuffle → flow_tag=crsweep-stim-vertical-none-trial
[RUN] /project/bdoiron/dracoxu/rct-fsflow/runtime/venv/bin/python cli/flow_session.py --out_root /project/bdoiron/dracoxu/rct-fsflow/paper_project_final/out --align stim --sid 20200328 --feature R --orientation vertical --lags_ms 50.0 --ridge 0.01 --perms 500 --perm-within CR --tag crsweep-stim-vertical --flow_tag_base crsweep-stim-vertical --axes_tag axes_sweep-stim-vertical --null_method trial_shuffle --standardize_mode none --pt_min_ms 200.0
[RUN] /project/bdoiron/dracoxu/rct-fsflow/runtime/venv/bin/python cli/flow_overlays.py --out_root /project/bdoiron/dracoxu/rct-fsflow/paper_project_final/out --align stim --sid 20200328 --feature R --orientation vertical --tag crsweep-stim-vertical-none-trial

[combo] sid=20200328, align=stim, ori=vertical, feat=R, std=none, null=circular_shift → flow_tag=crsweep-stim-vertical-none-circ
[RUN] /project/bdoiron/dracoxu/rct-fsflow/runtime/venv/bin/python cli/flow_session.py --out_root /project/bdoiron/dracoxu/rct-fsflow/paper_project_final/out --align stim --sid 20200328 --feature R --orientation vertical --lags_ms 50.0 --ridge 0.01 --perms 500 --perm-within CR --tag crsweep-stim-vertical --flow_tag_base crsweep-stim-vertical --axes_tag axes_sweep-stim-vertical --null_method circular_shift --standardize_mode none --pt_min_ms 200.0
[RUN] /project/bdoiron/dracoxu/rct-fsflow/runtime/venv/bin/python cli/flow_overlays.py --out_root /project/bdoiron/dracoxu/rct-fsflow/paper_project_final/out --align stim --sid 20200328 --feature R --orientation vertical --tag crsweep-stim-vertical-none-circ

[combo] sid=20200328, align=stim, ori=vertical, feat=R, std=zscore_regressors, null=trial_shuffle → flow_tag=crsweep-stim-vertical-zreg-trial
[RUN] /project/bdoiron/dracoxu/rct-fsflow/runtime/venv/bin/python cli/flow_session.py --out_root /project/bdoiron/dracoxu/rct-fsflow/paper_project_final/out --align stim --sid 20200328 --feature R --orientation vertical --lags_ms 50.0 --ridge 0.01 --perms 500 --perm-within CR --tag crsweep-stim-vertical --flow_tag_base crsweep-stim-vertical --axes_tag axes_sweep-stim-vertical --null_method trial_shuffle --standardize_mode zscore_regressors --pt_min_ms 200.0
[RUN] /project/bdoiron/dracoxu/rct-fsflow/runtime/venv/bin/python cli/flow_overlays.py --out_root /project/bdoiron/dracoxu/rct-fsflow/paper_project_final/out --align stim --sid 20200328 --feature R --orientation vertical --tag crsweep-stim-vertical-zreg-trial

[combo] sid=20200328, align=stim, ori=vertical, feat=R, std=zscore_regressors, null=circular_shift → flow_tag=crsweep-stim-vertical-zreg-circ
[RUN] /project/bdoiron/dracoxu/rct-fsflow/runtime/venv/bin/python cli/flow_session.py --out_root /project/bdoiron/dracoxu/rct-fsflow/paper_project_final/out --align stim --sid 20200328 --feature R --orientation vertical --lags_ms 50.0 --ridge 0.01 --perms 500 --perm-within CR --tag crsweep-stim-vertical --flow_tag_base crsweep-stim-vertical --axes_tag axes_sweep-stim-vertical --null_method circular_shift --standardize_mode zscore_regressors --pt_min_ms 200.0
[RUN] /project/bdoiron/dracoxu/rct-fsflow/runtime/venv/bin/python cli/flow_overlays.py --out_root /project/bdoiron/dracoxu/rct-fsflow/paper_project_final/out --align stim --sid 20200328 --feature R --orientation vertical --tag crsweep-stim-vertical-zreg-circ

[combo] sid=20200328, align=stim, ori=vertical, feat=O, std=none, null=trial_shuffle → flow_tag=crsweep-stim-vertical-none-trial
[RUN] /project/bdoiron/dracoxu/rct-fsflow/runtime/venv/bin/python cli/flow_session.py --out_root /project/bdoiron/dracoxu/rct-fsflow/paper_project_final/out --align stim --sid 20200328 --feature O --orientation vertical --lags_ms 50.0 --ridge 0.01 --perms 500 --perm-within CR --tag crsweep-stim-vertical --flow_tag_base crsweep-stim-vertical --axes_tag axes_sweep-stim-vertical --null_method trial_shuffle --standardize_mode none --pt_min_ms 200.0
[RUN] /project/bdoiron/dracoxu/rct-fsflow/runtime/venv/bin/python cli/flow_overlays.py --out_root /project/bdoiron/dracoxu/rct-fsflow/paper_project_final/out --align stim --sid 20200328 --feature O --orientation vertical --tag crsweep-stim-vertical-none-trial

[combo] sid=20200328, align=stim, ori=vertical, feat=O, std=none, null=circular_shift → flow_tag=crsweep-stim-vertical-none-circ
[RUN] /project/bdoiron/dracoxu/rct-fsflow/runtime/venv/bin/python cli/flow_session.py --out_root /project/bdoiron/dracoxu/rct-fsflow/paper_project_final/out --align stim --sid 20200328 --feature O --orientation vertical --lags_ms 50.0 --ridge 0.01 --perms 500 --perm-within CR --tag crsweep-stim-vertical --flow_tag_base crsweep-stim-vertical --axes_tag axes_sweep-stim-vertical --null_method circular_shift --standardize_mode none --pt_min_ms 200.0
[RUN] /project/bdoiron/dracoxu/rct-fsflow/runtime/venv/bin/python cli/flow_overlays.py --out_root /project/bdoiron/dracoxu/rct-fsflow/paper_project_final/out --align stim --sid 20200328 --feature O --orientation vertical --tag crsweep-stim-vertical-none-circ

[combo] sid=20200328, align=stim, ori=vertical, feat=O, std=zscore_regressors, null=trial_shuffle → flow_tag=crsweep-stim-vertical-zreg-trial
[RUN] /project/bdoiron/dracoxu/rct-fsflow/runtime/venv/bin/python cli/flow_session.py --out_root /project/bdoiron/dracoxu/rct-fsflow/paper_project_final/out --align stim --sid 20200328 --feature O --orientation vertical --lags_ms 50.0 --ridge 0.01 --perms 500 --perm-within CR --tag crsweep-stim-vertical --flow_tag_base crsweep-stim-vertical --axes_tag axes_sweep-stim-vertical --null_method trial_shuffle --standardize_mode zscore_regressors --pt_min_ms 200.0
[RUN] /project/bdoiron/dracoxu/rct-fsflow/runtime/venv/bin/python cli/flow_overlays.py --out_root /project/bdoiron/dracoxu/rct-fsflow/paper_project_final/out --align stim --sid 20200328 --feature O --orientation vertical --tag crsweep-stim-vertical-zreg-trial

[combo] sid=20200328, align=stim, ori=vertical, feat=O, std=zscore_regressors, null=circular_shift → flow_tag=crsweep-stim-vertical-zreg-circ
[RUN] /project/bdoiron/dracoxu/rct-fsflow/runtime/venv/bin/python cli/flow_session.py --out_root /project/bdoiron/dracoxu/rct-fsflow/paper_project_final/out --align stim --sid 20200328 --feature O --orientation vertical --lags_ms 50.0 --ridge 0.01 --perms 500 --perm-within CR --tag crsweep-stim-vertical --flow_tag_base crsweep-stim-vertical --axes_tag axes_sweep-stim-vertical --null_method circular_shift --standardize_mode zscore_regressors --pt_min_ms 200.0
[RUN] /project/bdoiron/dracoxu/rct-fsflow/runtime/venv/bin/python cli/flow_overlays.py --out_root /project/bdoiron/dracoxu/rct-fsflow/paper_project_final/out --align stim --sid 20200328 --feature O --orientation vertical --tag crsweep-stim-vertical-zreg-circ

[block] ori=horizontal
[RUN] /project/bdoiron/dracoxu/rct-fsflow/runtime/venv/bin/python cli/train_axes.py --out_root /project/bdoiron/dracoxu/rct-fsflow/paper_project_final/out --align stim --sid 20200328 --orientation horizontal --tag axes_sweep-stim-horizontal --pt_min_ms_stim 200.0
[RUN] /project/bdoiron/dracoxu/rct-fsflow/runtime/venv/bin/python cli/qc_axes.py --out_root /project/bdoiron/dracoxu/rct-fsflow/paper_project_final/out --align stim --sid 20200328 --orientation horizontal --tag axes_sweep-stim-horizontal --pt_min_ms_stim 200.0

[combo] sid=20200328, align=stim, ori=horizontal, feat=C, std=none, null=trial_shuffle → flow_tag=crsweep-stim-horizontal-none-trial
[RUN] /project/bdoiron/dracoxu/rct-fsflow/runtime/venv/bin/python cli/flow_session.py --out_root /project/bdoiron/dracoxu/rct-fsflow/paper_project_final/out --align stim --sid 20200328 --feature C --orientation horizontal --lags_ms 50.0 --ridge 0.01 --perms 500 --perm-within CR --tag crsweep-stim-horizontal --flow_tag_base crsweep-stim-horizontal --axes_tag axes_sweep-stim-horizontal --null_method trial_shuffle --standardize_mode none --pt_min_ms 200.0
[RUN] /project/bdoiron/dracoxu/rct-fsflow/runtime/venv/bin/python cli/flow_overlays.py --out_root /project/bdoiron/dracoxu/rct-fsflow/paper_project_final/out --align stim --sid 20200328 --feature C --orientation horizontal --tag crsweep-stim-horizontal-none-trial

[combo] sid=20200328, align=stim, ori=horizontal, feat=C, std=none, null=circular_shift → flow_tag=crsweep-stim-horizontal-none-circ
[RUN] /project/bdoiron/dracoxu/rct-fsflow/runtime/venv/bin/python cli/flow_session.py --out_root /project/bdoiron/dracoxu/rct-fsflow/paper_project_final/out --align stim --sid 20200328 --feature C --orientation horizontal --lags_ms 50.0 --ridge 0.01 --perms 500 --perm-within CR --tag crsweep-stim-horizontal --flow_tag_base crsweep-stim-horizontal --axes_tag axes_sweep-stim-horizontal --null_method circular_shift --standardize_mode none --pt_min_ms 200.0
[RUN] /project/bdoiron/dracoxu/rct-fsflow/runtime/venv/bin/python cli/flow_overlays.py --out_root /project/bdoiron/dracoxu/rct-fsflow/paper_project_final/out --align stim --sid 20200328 --feature C --orientation horizontal --tag crsweep-stim-horizontal-none-circ

[combo] sid=20200328, align=stim, ori=horizontal, feat=C, std=zscore_regressors, null=trial_shuffle → flow_tag=crsweep-stim-horizontal-zreg-trial
[RUN] /project/bdoiron/dracoxu/rct-fsflow/runtime/venv/bin/python cli/flow_session.py --out_root /project/bdoiron/dracoxu/rct-fsflow/paper_project_final/out --align stim --sid 20200328 --feature C --orientation horizontal --lags_ms 50.0 --ridge 0.01 --perms 500 --perm-within CR --tag crsweep-stim-horizontal --flow_tag_base crsweep-stim-horizontal --axes_tag axes_sweep-stim-horizontal --null_method trial_shuffle --standardize_mode zscore_regressors --pt_min_ms 200.0
[RUN] /project/bdoiron/dracoxu/rct-fsflow/runtime/venv/bin/python cli/flow_overlays.py --out_root /project/bdoiron/dracoxu/rct-fsflow/paper_project_final/out --align stim --sid 20200328 --feature C --orientation horizontal --tag crsweep-stim-horizontal-zreg-trial

[combo] sid=20200328, align=stim, ori=horizontal, feat=C, std=zscore_regressors, null=circular_shift → flow_tag=crsweep-stim-horizontal-zreg-circ
[RUN] /project/bdoiron/dracoxu/rct-fsflow/runtime/venv/bin/python cli/flow_session.py --out_root /project/bdoiron/dracoxu/rct-fsflow/paper_project_final/out --align stim --sid 20200328 --feature C --orientation horizontal --lags_ms 50.0 --ridge 0.01 --perms 500 --perm-within CR --tag crsweep-stim-horizontal --flow_tag_base crsweep-stim-horizontal --axes_tag axes_sweep-stim-horizontal --null_method circular_shift --standardize_mode zscore_regressors --pt_min_ms 200.0
[RUN] /project/bdoiron/dracoxu/rct-fsflow/runtime/venv/bin/python cli/flow_overlays.py --out_root /project/bdoiron/dracoxu/rct-fsflow/paper_project_final/out --align stim --sid 20200328 --feature C --orientation horizontal --tag crsweep-stim-horizontal-zreg-circ

[combo] sid=20200328, align=stim, ori=horizontal, feat=R, std=none, null=trial_shuffle → flow_tag=crsweep-stim-horizontal-none-trial
[RUN] /project/bdoiron/dracoxu/rct-fsflow/runtime/venv/bin/python cli/flow_session.py --out_root /project/bdoiron/dracoxu/rct-fsflow/paper_project_final/out --align stim --sid 20200328 --feature R --orientation horizontal --lags_ms 50.0 --ridge 0.01 --perms 500 --perm-within CR --tag crsweep-stim-horizontal --flow_tag_base crsweep-stim-horizontal --axes_tag axes_sweep-stim-horizontal --null_method trial_shuffle --standardize_mode none --pt_min_ms 200.0
[RUN] /project/bdoiron/dracoxu/rct-fsflow/runtime/venv/bin/python cli/flow_overlays.py --out_root /project/bdoiron/dracoxu/rct-fsflow/paper_project_final/out --align stim --sid 20200328 --feature R --orientation horizontal --tag crsweep-stim-horizontal-none-trial

[combo] sid=20200328, align=stim, ori=horizontal, feat=R, std=none, null=circular_shift → flow_tag=crsweep-stim-horizontal-none-circ
[RUN] /project/bdoiron/dracoxu/rct-fsflow/runtime/venv/bin/python cli/flow_session.py --out_root /project/bdoiron/dracoxu/rct-fsflow/paper_project_final/out --align stim --sid 20200328 --feature R --orientation horizontal --lags_ms 50.0 --ridge 0.01 --perms 500 --perm-within CR --tag crsweep-stim-horizontal --flow_tag_base crsweep-stim-horizontal --axes_tag axes_sweep-stim-horizontal --null_method circular_shift --standardize_mode none --pt_min_ms 200.0
[RUN] /project/bdoiron/dracoxu/rct-fsflow/runtime/venv/bin/python cli/flow_overlays.py --out_root /project/bdoiron/dracoxu/rct-fsflow/paper_project_final/out --align stim --sid 20200328 --feature R --orientation horizontal --tag crsweep-stim-horizontal-none-circ

[combo] sid=20200328, align=stim, ori=horizontal, feat=R, std=zscore_regressors, null=trial_shuffle → flow_tag=crsweep-stim-horizontal-zreg-trial
[RUN] /project/bdoiron/dracoxu/rct-fsflow/runtime/venv/bin/python cli/flow_session.py --out_root /project/bdoiron/dracoxu/rct-fsflow/paper_project_final/out --align stim --sid 20200328 --feature R --orientation horizontal --lags_ms 50.0 --ridge 0.01 --perms 500 --perm-within CR --tag crsweep-stim-horizontal --flow_tag_base crsweep-stim-horizontal --axes_tag axes_sweep-stim-horizontal --null_method trial_shuffle --standardize_mode zscore_regressors --pt_min_ms 200.0
[RUN] /project/bdoiron/dracoxu/rct-fsflow/runtime/venv/bin/python cli/flow_overlays.py --out_root /project/bdoiron/dracoxu/rct-fsflow/paper_project_final/out --align stim --sid 20200328 --feature R --orientation horizontal --tag crsweep-stim-horizontal-zreg-trial

[combo] sid=20200328, align=stim, ori=horizontal, feat=R, std=zscore_regressors, null=circular_shift → flow_tag=crsweep-stim-horizontal-zreg-circ
[RUN] /project/bdoiron/dracoxu/rct-fsflow/runtime/venv/bin/python cli/flow_session.py --out_root /project/bdoiron/dracoxu/rct-fsflow/paper_project_final/out --align stim --sid 20200328 --feature R --orientation horizontal --lags_ms 50.0 --ridge 0.01 --perms 500 --perm-within CR --tag crsweep-stim-horizontal --flow_tag_base crsweep-stim-horizontal --axes_tag axes_sweep-stim-horizontal --null_method circular_shift --standardize_mode zscore_regressors --pt_min_ms 200.0
[RUN] /project/bdoiron/dracoxu/rct-fsflow/runtime/venv/bin/python cli/flow_overlays.py --out_root /project/bdoiron/dracoxu/rct-fsflow/paper_project_final/out --align stim --sid 20200328 --feature R --orientation horizontal --tag crsweep-stim-horizontal-zreg-circ

[combo] sid=20200328, align=stim, ori=horizontal, feat=O, std=none, null=trial_shuffle → flow_tag=crsweep-stim-horizontal-none-trial
[RUN] /project/bdoiron/dracoxu/rct-fsflow/runtime/venv/bin/python cli/flow_session.py --out_root /project/bdoiron/dracoxu/rct-fsflow/paper_project_final/out --align stim --sid 20200328 --feature O --orientation horizontal --lags_ms 50.0 --ridge 0.01 --perms 500 --perm-within CR --tag crsweep-stim-horizontal --flow_tag_base crsweep-stim-horizontal --axes_tag axes_sweep-stim-horizontal --null_method trial_shuffle --standardize_mode none --pt_min_ms 200.0
[RUN] /project/bdoiron/dracoxu/rct-fsflow/runtime/venv/bin/python cli/flow_overlays.py --out_root /project/bdoiron/dracoxu/rct-fsflow/paper_project_final/out --align stim --sid 20200328 --feature O --orientation horizontal --tag crsweep-stim-horizontal-none-trial

[combo] sid=20200328, align=stim, ori=horizontal, feat=O, std=none, null=circular_shift → flow_tag=crsweep-stim-horizontal-none-circ
[RUN] /project/bdoiron/dracoxu/rct-fsflow/runtime/venv/bin/python cli/flow_session.py --out_root /project/bdoiron/dracoxu/rct-fsflow/paper_project_final/out --align stim --sid 20200328 --feature O --orientation horizontal --lags_ms 50.0 --ridge 0.01 --perms 500 --perm-within CR --tag crsweep-stim-horizontal --flow_tag_base crsweep-stim-horizontal --axes_tag axes_sweep-stim-horizontal --null_method circular_shift --standardize_mode none --pt_min_ms 200.0
[RUN] /project/bdoiron/dracoxu/rct-fsflow/runtime/venv/bin/python cli/flow_overlays.py --out_root /project/bdoiron/dracoxu/rct-fsflow/paper_project_final/out --align stim --sid 20200328 --feature O --orientation horizontal --tag crsweep-stim-horizontal-none-circ

[combo] sid=20200328, align=stim, ori=horizontal, feat=O, std=zscore_regressors, null=trial_shuffle → flow_tag=crsweep-stim-horizontal-zreg-trial
[RUN] /project/bdoiron/dracoxu/rct-fsflow/runtime/venv/bin/python cli/flow_session.py --out_root /project/bdoiron/dracoxu/rct-fsflow/paper_project_final/out --align stim --sid 20200328 --feature O --orientation horizontal --lags_ms 50.0 --ridge 0.01 --perms 500 --perm-within CR --tag crsweep-stim-horizontal --flow_tag_base crsweep-stim-horizontal --axes_tag axes_sweep-stim-horizontal --null_method trial_shuffle --standardize_mode zscore_regressors --pt_min_ms 200.0
[RUN] /project/bdoiron/dracoxu/rct-fsflow/runtime/venv/bin/python cli/flow_overlays.py --out_root /project/bdoiron/dracoxu/rct-fsflow/paper_project_final/out --align stim --sid 20200328 --feature O --orientation horizontal --tag crsweep-stim-horizontal-zreg-trial

[combo] sid=20200328, align=stim, ori=horizontal, feat=O, std=zscore_regressors, null=circular_shift → flow_tag=crsweep-stim-horizontal-zreg-circ
[RUN] /project/bdoiron/dracoxu/rct-fsflow/runtime/venv/bin/python cli/flow_session.py --out_root /project/bdoiron/dracoxu/rct-fsflow/paper_project_final/out --align stim --sid 20200328 --feature O --orientation horizontal --lags_ms 50.0 --ridge 0.01 --perms 500 --perm-within CR --tag crsweep-stim-horizontal --flow_tag_base crsweep-stim-horizontal --axes_tag axes_sweep-stim-horizontal --null_method circular_shift --standardize_mode zscore_regressors --pt_min_ms 200.0
[RUN] /project/bdoiron/dracoxu/rct-fsflow/runtime/venv/bin/python cli/flow_overlays.py --out_root /project/bdoiron/dracoxu/rct-fsflow/paper_project_final/out --align stim --sid 20200328 --feature O --orientation horizontal --tag crsweep-stim-horizontal-zreg-circ

[block] ori=pooled
[RUN] /project/bdoiron/dracoxu/rct-fsflow/runtime/venv/bin/python cli/train_axes.py --out_root /project/bdoiron/dracoxu/rct-fsflow/paper_project_final/out --align stim --sid 20200328 --orientation pooled --tag axes_sweep-stim-pooled --pt_min_ms_stim 200.0
[RUN] /project/bdoiron/dracoxu/rct-fsflow/runtime/venv/bin/python cli/qc_axes.py --out_root /project/bdoiron/dracoxu/rct-fsflow/paper_project_final/out --align stim --sid 20200328 --orientation pooled --tag axes_sweep-stim-pooled --pt_min_ms_stim 200.0

[combo] sid=20200328, align=stim, ori=pooled, feat=C, std=none, null=trial_shuffle → flow_tag=crsweep-stim-pooled-none-trial
[RUN] /project/bdoiron/dracoxu/rct-fsflow/runtime/venv/bin/python cli/flow_session.py --out_root /project/bdoiron/dracoxu/rct-fsflow/paper_project_final/out --align stim --sid 20200328 --feature C --orientation pooled --lags_ms 50.0 --ridge 0.01 --perms 500 --perm-within CR --tag crsweep-stim-pooled --flow_tag_base crsweep-stim-pooled --axes_tag axes_sweep-stim-pooled --null_method trial_shuffle --standardize_mode none --pt_min_ms 200.0
[RUN] /project/bdoiron/dracoxu/rct-fsflow/runtime/venv/bin/python cli/flow_overlays.py --out_root /project/bdoiron/dracoxu/rct-fsflow/paper_project_final/out --align stim --sid 20200328 --feature C --orientation pooled --tag crsweep-stim-pooled-none-trial

[combo] sid=20200328, align=stim, ori=pooled, feat=C, std=none, null=circular_shift → flow_tag=crsweep-stim-pooled-none-circ
[RUN] /project/bdoiron/dracoxu/rct-fsflow/runtime/venv/bin/python cli/flow_session.py --out_root /project/bdoiron/dracoxu/rct-fsflow/paper_project_final/out --align stim --sid 20200328 --feature C --orientation pooled --lags_ms 50.0 --ridge 0.01 --perms 500 --perm-within CR --tag crsweep-stim-pooled --flow_tag_base crsweep-stim-pooled --axes_tag axes_sweep-stim-pooled --null_method circular_shift --standardize_mode none --pt_min_ms 200.0
[RUN] /project/bdoiron/dracoxu/rct-fsflow/runtime/venv/bin/python cli/flow_overlays.py --out_root /project/bdoiron/dracoxu/rct-fsflow/paper_project_final/out --align stim --sid 20200328 --feature C --orientation pooled --tag crsweep-stim-pooled-none-circ

[combo] sid=20200328, align=stim, ori=pooled, feat=C, std=zscore_regressors, null=trial_shuffle → flow_tag=crsweep-stim-pooled-zreg-trial
[RUN] /project/bdoiron/dracoxu/rct-fsflow/runtime/venv/bin/python cli/flow_session.py --out_root /project/bdoiron/dracoxu/rct-fsflow/paper_project_final/out --align stim --sid 20200328 --feature C --orientation pooled --lags_ms 50.0 --ridge 0.01 --perms 500 --perm-within CR --tag crsweep-stim-pooled --flow_tag_base crsweep-stim-pooled --axes_tag axes_sweep-stim-pooled --null_method trial_shuffle --standardize_mode zscore_regressors --pt_min_ms 200.0
[RUN] /project/bdoiron/dracoxu/rct-fsflow/runtime/venv/bin/python cli/flow_overlays.py --out_root /project/bdoiron/dracoxu/rct-fsflow/paper_project_final/out --align stim --sid 20200328 --feature C --orientation pooled --tag crsweep-stim-pooled-zreg-trial

[combo] sid=20200328, align=stim, ori=pooled, feat=C, std=zscore_regressors, null=circular_shift → flow_tag=crsweep-stim-pooled-zreg-circ
[RUN] /project/bdoiron/dracoxu/rct-fsflow/runtime/venv/bin/python cli/flow_session.py --out_root /project/bdoiron/dracoxu/rct-fsflow/paper_project_final/out --align stim --sid 20200328 --feature C --orientation pooled --lags_ms 50.0 --ridge 0.01 --perms 500 --perm-within CR --tag crsweep-stim-pooled --flow_tag_base crsweep-stim-pooled --axes_tag axes_sweep-stim-pooled --null_method circular_shift --standardize_mode zscore_regressors --pt_min_ms 200.0
[RUN] /project/bdoiron/dracoxu/rct-fsflow/runtime/venv/bin/python cli/flow_overlays.py --out_root /project/bdoiron/dracoxu/rct-fsflow/paper_project_final/out --align stim --sid 20200328 --feature C --orientation pooled --tag crsweep-stim-pooled-zreg-circ

[combo] sid=20200328, align=stim, ori=pooled, feat=R, std=none, null=trial_shuffle → flow_tag=crsweep-stim-pooled-none-trial
[RUN] /project/bdoiron/dracoxu/rct-fsflow/runtime/venv/bin/python cli/flow_session.py --out_root /project/bdoiron/dracoxu/rct-fsflow/paper_project_final/out --align stim --sid 20200328 --feature R --orientation pooled --lags_ms 50.0 --ridge 0.01 --perms 500 --perm-within CR --tag crsweep-stim-pooled --flow_tag_base crsweep-stim-pooled --axes_tag axes_sweep-stim-pooled --null_method trial_shuffle --standardize_mode none --pt_min_ms 200.0
[RUN] /project/bdoiron/dracoxu/rct-fsflow/runtime/venv/bin/python cli/flow_overlays.py --out_root /project/bdoiron/dracoxu/rct-fsflow/paper_project_final/out --align stim --sid 20200328 --feature R --orientation pooled --tag crsweep-stim-pooled-none-trial

[combo] sid=20200328, align=stim, ori=pooled, feat=R, std=none, null=circular_shift → flow_tag=crsweep-stim-pooled-none-circ
[RUN] /project/bdoiron/dracoxu/rct-fsflow/runtime/venv/bin/python cli/flow_session.py --out_root /project/bdoiron/dracoxu/rct-fsflow/paper_project_final/out --align stim --sid 20200328 --feature R --orientation pooled --lags_ms 50.0 --ridge 0.01 --perms 500 --perm-within CR --tag crsweep-stim-pooled --flow_tag_base crsweep-stim-pooled --axes_tag axes_sweep-stim-pooled --null_method circular_shift --standardize_mode none --pt_min_ms 200.0
[RUN] /project/bdoiron/dracoxu/rct-fsflow/runtime/venv/bin/python cli/flow_overlays.py --out_root /project/bdoiron/dracoxu/rct-fsflow/paper_project_final/out --align stim --sid 20200328 --feature R --orientation pooled --tag crsweep-stim-pooled-none-circ

[combo] sid=20200328, align=stim, ori=pooled, feat=R, std=zscore_regressors, null=trial_shuffle → flow_tag=crsweep-stim-pooled-zreg-trial
[RUN] /project/bdoiron/dracoxu/rct-fsflow/runtime/venv/bin/python cli/flow_session.py --out_root /project/bdoiron/dracoxu/rct-fsflow/paper_project_final/out --align stim --sid 20200328 --feature R --orientation pooled --lags_ms 50.0 --ridge 0.01 --perms 500 --perm-within CR --tag crsweep-stim-pooled --flow_tag_base crsweep-stim-pooled --axes_tag axes_sweep-stim-pooled --null_method trial_shuffle --standardize_mode zscore_regressors --pt_min_ms 200.0
[RUN] /project/bdoiron/dracoxu/rct-fsflow/runtime/venv/bin/python cli/flow_overlays.py --out_root /project/bdoiron/dracoxu/rct-fsflow/paper_project_final/out --align stim --sid 20200328 --feature R --orientation pooled --tag crsweep-stim-pooled-zreg-trial

[combo] sid=20200328, align=stim, ori=pooled, feat=R, std=zscore_regressors, null=circular_shift → flow_tag=crsweep-stim-pooled-zreg-circ
[RUN] /project/bdoiron/dracoxu/rct-fsflow/runtime/venv/bin/python cli/flow_session.py --out_root /project/bdoiron/dracoxu/rct-fsflow/paper_project_final/out --align stim --sid 20200328 --feature R --orientation pooled --lags_ms 50.0 --ridge 0.01 --perms 500 --perm-within CR --tag crsweep-stim-pooled --flow_tag_base crsweep-stim-pooled --axes_tag axes_sweep-stim-pooled --null_method circular_shift --standardize_mode zscore_regressors --pt_min_ms 200.0
[RUN] /project/bdoiron/dracoxu/rct-fsflow/runtime/venv/bin/python cli/flow_overlays.py --out_root /project/bdoiron/dracoxu/rct-fsflow/paper_project_final/out --align stim --sid 20200328 --feature R --orientation pooled --tag crsweep-stim-pooled-zreg-circ

[combo] sid=20200328, align=stim, ori=pooled, feat=O, std=none, null=trial_shuffle → flow_tag=crsweep-stim-pooled-none-trial
[RUN] /project/bdoiron/dracoxu/rct-fsflow/runtime/venv/bin/python cli/flow_session.py --out_root /project/bdoiron/dracoxu/rct-fsflow/paper_project_final/out --align stim --sid 20200328 --feature O --orientation pooled --lags_ms 50.0 --ridge 0.01 --perms 500 --perm-within CR --tag crsweep-stim-pooled --flow_tag_base crsweep-stim-pooled --axes_tag axes_sweep-stim-pooled --null_method trial_shuffle --standardize_mode none --pt_min_ms 200.0
[RUN] /project/bdoiron/dracoxu/rct-fsflow/runtime/venv/bin/python cli/flow_overlays.py --out_root /project/bdoiron/dracoxu/rct-fsflow/paper_project_final/out --align stim --sid 20200328 --feature O --orientation pooled --tag crsweep-stim-pooled-none-trial

[combo] sid=20200328, align=stim, ori=pooled, feat=O, std=none, null=circular_shift → flow_tag=crsweep-stim-pooled-none-circ
[RUN] /project/bdoiron/dracoxu/rct-fsflow/runtime/venv/bin/python cli/flow_session.py --out_root /project/bdoiron/dracoxu/rct-fsflow/paper_project_final/out --align stim --sid 20200328 --feature O --orientation pooled --lags_ms 50.0 --ridge 0.01 --perms 500 --perm-within CR --tag crsweep-stim-pooled --flow_tag_base crsweep-stim-pooled --axes_tag axes_sweep-stim-pooled --null_method circular_shift --standardize_mode none --pt_min_ms 200.0
[RUN] /project/bdoiron/dracoxu/rct-fsflow/runtime/venv/bin/python cli/flow_overlays.py --out_root /project/bdoiron/dracoxu/rct-fsflow/paper_project_final/out --align stim --sid 20200328 --feature O --orientation pooled --tag crsweep-stim-pooled-none-circ

[combo] sid=20200328, align=stim, ori=pooled, feat=O, std=zscore_regressors, null=trial_shuffle → flow_tag=crsweep-stim-pooled-zreg-trial
[RUN] /project/bdoiron/dracoxu/rct-fsflow/runtime/venv/bin/python cli/flow_session.py --out_root /project/bdoiron/dracoxu/rct-fsflow/paper_project_final/out --align stim --sid 20200328 --feature O --orientation pooled --lags_ms 50.0 --ridge 0.01 --perms 500 --perm-within CR --tag crsweep-stim-pooled --flow_tag_base crsweep-stim-pooled --axes_tag axes_sweep-stim-pooled --null_method trial_shuffle --standardize_mode zscore_regressors --pt_min_ms 200.0
[RUN] /project/bdoiron/dracoxu/rct-fsflow/runtime/venv/bin/python cli/flow_overlays.py --out_root /project/bdoiron/dracoxu/rct-fsflow/paper_project_final/out --align stim --sid 20200328 --feature O --orientation pooled --tag crsweep-stim-pooled-zreg-trial

[combo] sid=20200328, align=stim, ori=pooled, feat=O, std=zscore_regressors, null=circular_shift → flow_tag=crsweep-stim-pooled-zreg-circ
[RUN] /project/bdoiron/dracoxu/rct-fsflow/runtime/venv/bin/python cli/flow_session.py --out_root /project/bdoiron/dracoxu/rct-fsflow/paper_project_final/out --align stim --sid 20200328 --feature O --orientation pooled --lags_ms 50.0 --ridge 0.01 --perms 500 --perm-within CR --tag crsweep-stim-pooled --flow_tag_base crsweep-stim-pooled --axes_tag axes_sweep-stim-pooled --null_method circular_shift --standardize_mode zscore_regressors --pt_min_ms 200.0
[RUN] /project/bdoiron/dracoxu/rct-fsflow/runtime/venv/bin/python cli/flow_overlays.py --out_root /project/bdoiron/dracoxu/rct-fsflow/paper_project_final/out --align stim --sid 20200328 --feature O --orientation pooled --tag crsweep-stim-pooled-zreg-circ

[align=sacc] SID=20200328

[block] ori=vertical
[RUN] /project/bdoiron/dracoxu/rct-fsflow/runtime/venv/bin/python cli/train_axes.py --out_root /project/bdoiron/dracoxu/rct-fsflow/paper_project_final/out --align sacc --sid 20200328 --orientation vertical --tag axes_sweep-sacc-vertical --pt_min_ms_sacc 200.0
[RUN] /project/bdoiron/dracoxu/rct-fsflow/runtime/venv/bin/python cli/qc_axes.py --out_root /project/bdoiron/dracoxu/rct-fsflow/paper_project_final/out --align sacc --sid 20200328 --orientation vertical --tag axes_sweep-sacc-vertical --pt_min_ms_sacc 200.0

[combo] sid=20200328, align=sacc, ori=vertical, feat=S, std=none, null=trial_shuffle → flow_tag=crsweep-sacc-vertical-none-trial
[RUN] /project/bdoiron/dracoxu/rct-fsflow/runtime/venv/bin/python cli/flow_session.py --out_root /project/bdoiron/dracoxu/rct-fsflow/paper_project_final/out --align sacc --sid 20200328 --feature S --orientation vertical --lags_ms 30.0 --ridge 0.01 --perms 500 --perm-within CR --tag crsweep-sacc-vertical --flow_tag_base crsweep-sacc-vertical --axes_tag axes_sweep-sacc-vertical --null_method trial_shuffle --standardize_mode none --pt_min_ms 200.0
[RUN] /project/bdoiron/dracoxu/rct-fsflow/runtime/venv/bin/python cli/flow_overlays.py --out_root /project/bdoiron/dracoxu/rct-fsflow/paper_project_final/out --align sacc --sid 20200328 --feature S --orientation vertical --tag crsweep-sacc-vertical-none-trial

[combo] sid=20200328, align=sacc, ori=vertical, feat=S, std=none, null=circular_shift → flow_tag=crsweep-sacc-vertical-none-circ
[RUN] /project/bdoiron/dracoxu/rct-fsflow/runtime/venv/bin/python cli/flow_session.py --out_root /project/bdoiron/dracoxu/rct-fsflow/paper_project_final/out --align sacc --sid 20200328 --feature S --orientation vertical --lags_ms 30.0 --ridge 0.01 --perms 500 --perm-within CR --tag crsweep-sacc-vertical --flow_tag_base crsweep-sacc-vertical --axes_tag axes_sweep-sacc-vertical --null_method circular_shift --standardize_mode none --pt_min_ms 200.0
[RUN] /project/bdoiron/dracoxu/rct-fsflow/runtime/venv/bin/python cli/flow_overlays.py --out_root /project/bdoiron/dracoxu/rct-fsflow/paper_project_final/out --align sacc --sid 20200328 --feature S --orientation vertical --tag crsweep-sacc-vertical-none-circ

[combo] sid=20200328, align=sacc, ori=vertical, feat=S, std=zscore_regressors, null=trial_shuffle → flow_tag=crsweep-sacc-vertical-zreg-trial
[RUN] /project/bdoiron/dracoxu/rct-fsflow/runtime/venv/bin/python cli/flow_session.py --out_root /project/bdoiron/dracoxu/rct-fsflow/paper_project_final/out --align sacc --sid 20200328 --feature S --orientation vertical --lags_ms 30.0 --ridge 0.01 --perms 500 --perm-within CR --tag crsweep-sacc-vertical --flow_tag_base crsweep-sacc-vertical --axes_tag axes_sweep-sacc-vertical --null_method trial_shuffle --standardize_mode zscore_regressors --pt_min_ms 200.0
[RUN] /project/bdoiron/dracoxu/rct-fsflow/runtime/venv/bin/python cli/flow_overlays.py --out_root /project/bdoiron/dracoxu/rct-fsflow/paper_project_final/out --align sacc --sid 20200328 --feature S --orientation vertical --tag crsweep-sacc-vertical-zreg-trial

[combo] sid=20200328, align=sacc, ori=vertical, feat=S, std=zscore_regressors, null=circular_shift → flow_tag=crsweep-sacc-vertical-zreg-circ
[RUN] /project/bdoiron/dracoxu/rct-fsflow/runtime/venv/bin/python cli/flow_session.py --out_root /project/bdoiron/dracoxu/rct-fsflow/paper_project_final/out --align sacc --sid 20200328 --feature S --orientation vertical --lags_ms 30.0 --ridge 0.01 --perms 500 --perm-within CR --tag crsweep-sacc-vertical --flow_tag_base crsweep-sacc-vertical --axes_tag axes_sweep-sacc-vertical --null_method circular_shift --standardize_mode zscore_regressors --pt_min_ms 200.0
[RUN] /project/bdoiron/dracoxu/rct-fsflow/runtime/venv/bin/python cli/flow_overlays.py --out_root /project/bdoiron/dracoxu/rct-fsflow/paper_project_final/out --align sacc --sid 20200328 --feature S --orientation vertical --tag crsweep-sacc-vertical-zreg-circ

[block] ori=horizontal
[RUN] /project/bdoiron/dracoxu/rct-fsflow/runtime/venv/bin/python cli/train_axes.py --out_root /project/bdoiron/dracoxu/rct-fsflow/paper_project_final/out --align sacc --sid 20200328 --orientation horizontal --tag axes_sweep-sacc-horizontal --pt_min_ms_sacc 200.0
[RUN] /project/bdoiron/dracoxu/rct-fsflow/runtime/venv/bin/python cli/qc_axes.py --out_root /project/bdoiron/dracoxu/rct-fsflow/paper_project_final/out --align sacc --sid 20200328 --orientation horizontal --tag axes_sweep-sacc-horizontal --pt_min_ms_sacc 200.0

[combo] sid=20200328, align=sacc, ori=horizontal, feat=S, std=none, null=trial_shuffle → flow_tag=crsweep-sacc-horizontal-none-trial
[RUN] /project/bdoiron/dracoxu/rct-fsflow/runtime/venv/bin/python cli/flow_session.py --out_root /project/bdoiron/dracoxu/rct-fsflow/paper_project_final/out --align sacc --sid 20200328 --feature S --orientation horizontal --lags_ms 30.0 --ridge 0.01 --perms 500 --perm-within CR --tag crsweep-sacc-horizontal --flow_tag_base crsweep-sacc-horizontal --axes_tag axes_sweep-sacc-horizontal --null_method trial_shuffle --standardize_mode none --pt_min_ms 200.0
[RUN] /project/bdoiron/dracoxu/rct-fsflow/runtime/venv/bin/python cli/flow_overlays.py --out_root /project/bdoiron/dracoxu/rct-fsflow/paper_project_final/out --align sacc --sid 20200328 --feature S --orientation horizontal --tag crsweep-sacc-horizontal-none-trial

[combo] sid=20200328, align=sacc, ori=horizontal, feat=S, std=none, null=circular_shift → flow_tag=crsweep-sacc-horizontal-none-circ
[RUN] /project/bdoiron/dracoxu/rct-fsflow/runtime/venv/bin/python cli/flow_session.py --out_root /project/bdoiron/dracoxu/rct-fsflow/paper_project_final/out --align sacc --sid 20200328 --feature S --orientation horizontal --lags_ms 30.0 --ridge 0.01 --perms 500 --perm-within CR --tag crsweep-sacc-horizontal --flow_tag_base crsweep-sacc-horizontal --axes_tag axes_sweep-sacc-horizontal --null_method circular_shift --standardize_mode none --pt_min_ms 200.0
[RUN] /project/bdoiron/dracoxu/rct-fsflow/runtime/venv/bin/python cli/flow_overlays.py --out_root /project/bdoiron/dracoxu/rct-fsflow/paper_project_final/out --align sacc --sid 20200328 --feature S --orientation horizontal --tag crsweep-sacc-horizontal-none-circ

[combo] sid=20200328, align=sacc, ori=horizontal, feat=S, std=zscore_regressors, null=trial_shuffle → flow_tag=crsweep-sacc-horizontal-zreg-trial
[RUN] /project/bdoiron/dracoxu/rct-fsflow/runtime/venv/bin/python cli/flow_session.py --out_root /project/bdoiron/dracoxu/rct-fsflow/paper_project_final/out --align sacc --sid 20200328 --feature S --orientation horizontal --lags_ms 30.0 --ridge 0.01 --perms 500 --perm-within CR --tag crsweep-sacc-horizontal --flow_tag_base crsweep-sacc-horizontal --axes_tag axes_sweep-sacc-horizontal --null_method trial_shuffle --standardize_mode zscore_regressors --pt_min_ms 200.0
[RUN] /project/bdoiron/dracoxu/rct-fsflow/runtime/venv/bin/python cli/flow_overlays.py --out_root /project/bdoiron/dracoxu/rct-fsflow/paper_project_final/out --align sacc --sid 20200328 --feature S --orientation horizontal --tag crsweep-sacc-horizontal-zreg-trial

[combo] sid=20200328, align=sacc, ori=horizontal, feat=S, std=zscore_regressors, null=circular_shift → flow_tag=crsweep-sacc-horizontal-zreg-circ
[RUN] /project/bdoiron/dracoxu/rct-fsflow/runtime/venv/bin/python cli/flow_session.py --out_root /project/bdoiron/dracoxu/rct-fsflow/paper_project_final/out --align sacc --sid 20200328 --feature S --orientation horizontal --lags_ms 30.0 --ridge 0.01 --perms 500 --perm-within CR --tag crsweep-sacc-horizontal --flow_tag_base crsweep-sacc-horizontal --axes_tag axes_sweep-sacc-horizontal --null_method circular_shift --standardize_mode zscore_regressors --pt_min_ms 200.0
[RUN] /project/bdoiron/dracoxu/rct-fsflow/runtime/venv/bin/python cli/flow_overlays.py --out_root /project/bdoiron/dracoxu/rct-fsflow/paper_project_final/out --align sacc --sid 20200328 --feature S --orientation horizontal --tag crsweep-sacc-horizontal-zreg-circ

[block] ori=pooled
[RUN] /project/bdoiron/dracoxu/rct-fsflow/runtime/venv/bin/python cli/train_axes.py --out_root /project/bdoiron/dracoxu/rct-fsflow/paper_project_final/out --align sacc --sid 20200328 --orientation pooled --tag axes_sweep-sacc-pooled --pt_min_ms_sacc 200.0
[RUN] /project/bdoiron/dracoxu/rct-fsflow/runtime/venv/bin/python cli/qc_axes.py --out_root /project/bdoiron/dracoxu/rct-fsflow/paper_project_final/out --align sacc --sid 20200328 --orientation pooled --tag axes_sweep-sacc-pooled --pt_min_ms_sacc 200.0

[combo] sid=20200328, align=sacc, ori=pooled, feat=S, std=none, null=trial_shuffle → flow_tag=crsweep-sacc-pooled-none-trial
[RUN] /project/bdoiron/dracoxu/rct-fsflow/runtime/venv/bin/python cli/flow_session.py --out_root /project/bdoiron/dracoxu/rct-fsflow/paper_project_final/out --align sacc --sid 20200328 --feature S --orientation pooled --lags_ms 30.0 --ridge 0.01 --perms 500 --perm-within CR --tag crsweep-sacc-pooled --flow_tag_base crsweep-sacc-pooled --axes_tag axes_sweep-sacc-pooled --null_method trial_shuffle --standardize_mode none --pt_min_ms 200.0
[RUN] /project/bdoiron/dracoxu/rct-fsflow/runtime/venv/bin/python cli/flow_overlays.py --out_root /project/bdoiron/dracoxu/rct-fsflow/paper_project_final/out --align sacc --sid 20200328 --feature S --orientation pooled --tag crsweep-sacc-pooled-none-trial

[combo] sid=20200328, align=sacc, ori=pooled, feat=S, std=none, null=circular_shift → flow_tag=crsweep-sacc-pooled-none-circ
[RUN] /project/bdoiron/dracoxu/rct-fsflow/runtime/venv/bin/python cli/flow_session.py --out_root /project/bdoiron/dracoxu/rct-fsflow/paper_project_final/out --align sacc --sid 20200328 --feature S --orientation pooled --lags_ms 30.0 --ridge 0.01 --perms 500 --perm-within CR --tag crsweep-sacc-pooled --flow_tag_base crsweep-sacc-pooled --axes_tag axes_sweep-sacc-pooled --null_method circular_shift --standardize_mode none --pt_min_ms 200.0
[RUN] /project/bdoiron/dracoxu/rct-fsflow/runtime/venv/bin/python cli/flow_overlays.py --out_root /project/bdoiron/dracoxu/rct-fsflow/paper_project_final/out --align sacc --sid 20200328 --feature S --orientation pooled --tag crsweep-sacc-pooled-none-circ

[combo] sid=20200328, align=sacc, ori=pooled, feat=S, std=zscore_regressors, null=trial_shuffle → flow_tag=crsweep-sacc-pooled-zreg-trial
[RUN] /project/bdoiron/dracoxu/rct-fsflow/runtime/venv/bin/python cli/flow_session.py --out_root /project/bdoiron/dracoxu/rct-fsflow/paper_project_final/out --align sacc --sid 20200328 --feature S --orientation pooled --lags_ms 30.0 --ridge 0.01 --perms 500 --perm-within CR --tag crsweep-sacc-pooled --flow_tag_base crsweep-sacc-pooled --axes_tag axes_sweep-sacc-pooled --null_method trial_shuffle --standardize_mode zscore_regressors --pt_min_ms 200.0
[RUN] /project/bdoiron/dracoxu/rct-fsflow/runtime/venv/bin/python cli/flow_overlays.py --out_root /project/bdoiron/dracoxu/rct-fsflow/paper_project_final/out --align sacc --sid 20200328 --feature S --orientation pooled --tag crsweep-sacc-pooled-zreg-trial

[combo] sid=20200328, align=sacc, ori=pooled, feat=S, std=zscore_regressors, null=circular_shift → flow_tag=crsweep-sacc-pooled-zreg-circ
[RUN] /project/bdoiron/dracoxu/rct-fsflow/runtime/venv/bin/python cli/flow_session.py --out_root /project/bdoiron/dracoxu/rct-fsflow/paper_project_final/out --align sacc --sid 20200328 --feature S --orientation pooled --lags_ms 30.0 --ridge 0.01 --perms 500 --perm-within CR --tag crsweep-sacc-pooled --flow_tag_base crsweep-sacc-pooled --axes_tag axes_sweep-sacc-pooled --null_method circular_shift --standardize_mode zscore_regressors --pt_min_ms 200.0
[RUN] /project/bdoiron/dracoxu/rct-fsflow/runtime/venv/bin/python cli/flow_overlays.py --out_root /project/bdoiron/dracoxu/rct-fsflow/paper_project_final/out --align sacc --sid 20200328 --feature S --orientation pooled --tag crsweep-sacc-pooled-zreg-circ

[done] SID=20200328 sweep complete.
