[info] task=19 SID=20231109
[info] PAPER_HOME=/project/bdoiron/dracoxu/rct-fsflow/paper_project_final
[info] OUT_ROOT=/project/bdoiron/dracoxu/rct-fsflow/paper_project_final/out
[20231109][SFEF->SLIP] [evoked_subtract-stim-none-trial] wrote /project/bdoiron/dracoxu/rct-fsflow/paper_project_final/out/stim/20231109/flow/evoked_subtract-stim-none-trial/C/flow_C_SFEFtoSLIP.npz
[20231109][SFEF->SSC] [evoked_subtract-stim-none-trial] wrote /project/bdoiron/dracoxu/rct-fsflow/paper_project_final/out/stim/20231109/flow/evoked_subtract-stim-none-trial/C/flow_C_SFEFtoSSC.npz
[20231109][SLIP->SFEF] [evoked_subtract-stim-none-trial] wrote /project/bdoiron/dracoxu/rct-fsflow/paper_project_final/out/stim/20231109/flow/evoked_subtract-stim-none-trial/C/flow_C_SLIPtoSFEF.npz
[20231109][SLIP->SSC] [evoked_subtract-stim-none-trial] wrote /project/bdoiron/dracoxu/rct-fsflow/paper_project_final/out/stim/20231109/flow/evoked_subtract-stim-none-trial/C/flow_C_SLIPtoSSC.npz
[20231109][SSC->SFEF] [evoked_subtract-stim-none-trial] wrote /project/bdoiron/dracoxu/rct-fsflow/paper_project_final/out/stim/20231109/flow/evoked_subtract-stim-none-trial/C/flow_C_SSCtoSFEF.npz
[20231109][SSC->SLIP] [evoked_subtract-stim-none-trial] wrote /project/bdoiron/dracoxu/rct-fsflow/paper_project_final/out/stim/20231109/flow/evoked_subtract-stim-none-trial/C/flow_C_SSCtoSLIP.npz
[20231109][SFEF->SLIP] [evoked_subtract-sacc-none-trial] wrote /project/bdoiron/dracoxu/rct-fsflow/paper_project_final/out/sacc/20231109/flow/evoked_subtract-sacc-none-trial/S/flow_S_SFEFtoSLIP.npz
[20231109][SFEF->SSC] [evoked_subtract-sacc-none-trial] wrote /project/bdoiron/dracoxu/rct-fsflow/paper_project_final/out/sacc/20231109/flow/evoked_subtract-sacc-none-trial/S/flow_S_SFEFtoSSC.npz
[20231109][SLIP->SFEF] [evoked_subtract-sacc-none-trial] wrote /project/bdoiron/dracoxu/rct-fsflow/paper_project_final/out/sacc/20231109/flow/evoked_subtract-sacc-none-trial/S/flow_S_SLIPtoSFEF.npz
[20231109][SLIP->SSC] [evoked_subtract-sacc-none-trial] wrote /project/bdoiron/dracoxu/rct-fsflow/paper_project_final/out/sacc/20231109/flow/evoked_subtract-sacc-none-trial/S/flow_S_SLIPtoSSC.npz
[20231109][SSC->SFEF] [evoked_subtract-sacc-none-trial] wrote /project/bdoiron/dracoxu/rct-fsflow/paper_project_final/out/sacc/20231109/flow/evoked_subtract-sacc-none-trial/S/flow_S_SSCtoSFEF.npz
[20231109][SSC->SLIP] [evoked_subtract-sacc-none-trial] wrote /project/bdoiron/dracoxu/rct-fsflow/paper_project_final/out/sacc/20231109/flow/evoked_subtract-sacc-none-trial/S/flow_S_SSCtoSLIP.npz
[info] SID=20231109
[info] axes_tag_base=axes_sweep
[info] flow_tag_base=evoked_subtract
[info] evoked_sigma_ms=10.0

[align=stim] SID=20231109

[combo] SID=20231109, align=stim, feat=C, axes_tag=axes_sweep-stim-vertical → flow_tag=evoked_subtract-stim-none-trial
[RUN] /project/bdoiron/dracoxu/rct-fsflow/runtime/venv/bin/python cli/flow_session.py --out_root /project/bdoiron/dracoxu/rct-fsflow/paper_project_final/out --align stim --sid 20231109 --feature C --orientation vertical --lags_ms 50.0 --ridge 0.01 --perms 500 --perm-within CR --tag evoked_subtract-stim --flow_tag_base evoked_subtract-stim --axes_tag axes_sweep-stim-vertical --null_method trial_shuffle --standardize_mode none --pt_min_ms 200.0 --no_induced --evoked_subtract --evoked_sigma_ms 10.0

[align=sacc] SID=20231109

[combo] SID=20231109, align=sacc, feat=S, axes_tag=axes_sweep-sacc-vertical → flow_tag=evoked_subtract-sacc-none-trial
[RUN] /project/bdoiron/dracoxu/rct-fsflow/runtime/venv/bin/python cli/flow_session.py --out_root /project/bdoiron/dracoxu/rct-fsflow/paper_project_final/out --align sacc --sid 20231109 --feature S --orientation vertical --lags_ms 30.0 --ridge 0.01 --perms 500 --perm-within CR --tag evoked_subtract-sacc --flow_tag_base evoked_subtract-sacc --axes_tag axes_sweep-sacc-vertical --null_method trial_shuffle --standardize_mode none --pt_min_ms 200.0 --no_induced --evoked_subtract --evoked_sigma_ms 10.0

[done] SID=20231109 evoked subtraction flow complete.
