[info] task=17 SID=20231025
[info] PAPER_HOME=/project/bdoiron/dracoxu/rct-fsflow/paper_project_final
[info] OUT_ROOT=/project/bdoiron/dracoxu/rct-fsflow/paper_project_final/out
[20231025][SFEF] wrote /project/bdoiron/dracoxu/rct-fsflow/paper_project_final/out/stim/20231025/axes/axes_sweep-stim-vertical/axes_SFEF.npz
[20231025][SLIP] wrote /project/bdoiron/dracoxu/rct-fsflow/paper_project_final/out/stim/20231025/axes/axes_sweep-stim-vertical/axes_SLIP.npz
[20231025][SSC] wrote /project/bdoiron/dracoxu/rct-fsflow/paper_project_final/out/stim/20231025/axes/axes_sweep-stim-vertical/axes_SSC.npz
[ok] session summary → /project/bdoiron/dracoxu/rct-fsflow/paper_project_final/out/stim/20231025/axes/axes_sweep-stim-vertical/axes_summary.json
[20231025][SFEF] wrote /project/bdoiron/dracoxu/rct-fsflow/paper_project_final/out/stim/20231025/qc/axes_sweep-stim-vertical/qc_axes_SFEF.pdf (+ .png, .json)   lat(ms): C=None, Sraw=None, Sinv=None
[20231025][SLIP] wrote /project/bdoiron/dracoxu/rct-fsflow/paper_project_final/out/stim/20231025/qc/axes_sweep-stim-vertical/qc_axes_SLIP.pdf (+ .png, .json)   lat(ms): C=None, Sraw=None, Sinv=None
[20231025][SSC] wrote /project/bdoiron/dracoxu/rct-fsflow/paper_project_final/out/stim/20231025/qc/axes_sweep-stim-vertical/qc_axes_SSC.pdf (+ .png, .json)   lat(ms): C=None, Sraw=None, Sinv=None
[20231025][SFEF->SLIP] [crsweep-stim-vertical-none-trial] wrote /project/bdoiron/dracoxu/rct-fsflow/paper_project_final/out/stim/20231025/flow/crsweep-stim-vertical-none-trial/C/flow_C_SFEFtoSLIP.npz
[20231025][SFEF->SSC] [crsweep-stim-vertical-none-trial] wrote /project/bdoiron/dracoxu/rct-fsflow/paper_project_final/out/stim/20231025/flow/crsweep-stim-vertical-none-trial/C/flow_C_SFEFtoSSC.npz
[20231025][SLIP->SFEF] [crsweep-stim-vertical-none-trial] wrote /project/bdoiron/dracoxu/rct-fsflow/paper_project_final/out/stim/20231025/flow/crsweep-stim-vertical-none-trial/C/flow_C_SLIPtoSFEF.npz
[20231025][SLIP->SSC] [crsweep-stim-vertical-none-trial] wrote /project/bdoiron/dracoxu/rct-fsflow/paper_project_final/out/stim/20231025/flow/crsweep-stim-vertical-none-trial/C/flow_C_SLIPtoSSC.npz
[20231025][SSC->SFEF] [crsweep-stim-vertical-none-trial] wrote /project/bdoiron/dracoxu/rct-fsflow/paper_project_final/out/stim/20231025/flow/crsweep-stim-vertical-none-trial/C/flow_C_SSCtoSFEF.npz
[20231025][SSC->SLIP] [crsweep-stim-vertical-none-trial] wrote /project/bdoiron/dracoxu/rct-fsflow/paper_project_final/out/stim/20231025/flow/crsweep-stim-vertical-none-trial/C/flow_C_SSCtoSLIP.npz
[20231025] wrote /project/bdoiron/dracoxu/rct-fsflow/paper_project_final/out/stim/20231025/flow/crsweep-stim-vertical-none-trial/C/figs/SFEF_vs_SLIP_flow_C.pdf
[20231025] wrote /project/bdoiron/dracoxu/rct-fsflow/paper_project_final/out/stim/20231025/flow/crsweep-stim-vertical-none-trial/C/figs/SFEF_vs_SSC_flow_C.pdf
[20231025] wrote /project/bdoiron/dracoxu/rct-fsflow/paper_project_final/out/stim/20231025/flow/crsweep-stim-vertical-none-trial/C/figs/SLIP_vs_SSC_flow_C.pdf
[20231025][SFEF->SLIP] [crsweep-stim-vertical-none-circ] wrote /project/bdoiron/dracoxu/rct-fsflow/paper_project_final/out/stim/20231025/flow/crsweep-stim-vertical-none-circ/C/flow_C_SFEFtoSLIP.npz
[20231025][SFEF->SSC] [crsweep-stim-vertical-none-circ] wrote /project/bdoiron/dracoxu/rct-fsflow/paper_project_final/out/stim/20231025/flow/crsweep-stim-vertical-none-circ/C/flow_C_SFEFtoSSC.npz
[20231025][SLIP->SFEF] [crsweep-stim-vertical-none-circ] wrote /project/bdoiron/dracoxu/rct-fsflow/paper_project_final/out/stim/20231025/flow/crsweep-stim-vertical-none-circ/C/flow_C_SLIPtoSFEF.npz
[20231025][SLIP->SSC] [crsweep-stim-vertical-none-circ] wrote /project/bdoiron/dracoxu/rct-fsflow/paper_project_final/out/stim/20231025/flow/crsweep-stim-vertical-none-circ/C/flow_C_SLIPtoSSC.npz
[20231025][SSC->SFEF] [crsweep-stim-vertical-none-circ] wrote /project/bdoiron/dracoxu/rct-fsflow/paper_project_final/out/stim/20231025/flow/crsweep-stim-vertical-none-circ/C/flow_C_SSCtoSFEF.npz
[20231025][SSC->SLIP] [crsweep-stim-vertical-none-circ] wrote /project/bdoiron/dracoxu/rct-fsflow/paper_project_final/out/stim/20231025/flow/crsweep-stim-vertical-none-circ/C/flow_C_SSCtoSLIP.npz
[20231025] wrote /project/bdoiron/dracoxu/rct-fsflow/paper_project_final/out/stim/20231025/flow/crsweep-stim-vertical-none-circ/C/figs/SFEF_vs_SLIP_flow_C.pdf
[20231025] wrote /project/bdoiron/dracoxu/rct-fsflow/paper_project_final/out/stim/20231025/flow/crsweep-stim-vertical-none-circ/C/figs/SFEF_vs_SSC_flow_C.pdf
[20231025] wrote /project/bdoiron/dracoxu/rct-fsflow/paper_project_final/out/stim/20231025/flow/crsweep-stim-vertical-none-circ/C/figs/SLIP_vs_SSC_flow_C.pdf
[20231025][SFEF->SLIP] [crsweep-stim-vertical-zreg-trial] wrote /project/bdoiron/dracoxu/rct-fsflow/paper_project_final/out/stim/20231025/flow/crsweep-stim-vertical-zreg-trial/C/flow_C_SFEFtoSLIP.npz
[20231025][SFEF->SSC] [crsweep-stim-vertical-zreg-trial] wrote /project/bdoiron/dracoxu/rct-fsflow/paper_project_final/out/stim/20231025/flow/crsweep-stim-vertical-zreg-trial/C/flow_C_SFEFtoSSC.npz
[20231025][SLIP->SFEF] [crsweep-stim-vertical-zreg-trial] wrote /project/bdoiron/dracoxu/rct-fsflow/paper_project_final/out/stim/20231025/flow/crsweep-stim-vertical-zreg-trial/C/flow_C_SLIPtoSFEF.npz
[20231025][SLIP->SSC] [crsweep-stim-vertical-zreg-trial] wrote /project/bdoiron/dracoxu/rct-fsflow/paper_project_final/out/stim/20231025/flow/crsweep-stim-vertical-zreg-trial/C/flow_C_SLIPtoSSC.npz
[20231025][SSC->SFEF] [crsweep-stim-vertical-zreg-trial] wrote /project/bdoiron/dracoxu/rct-fsflow/paper_project_final/out/stim/20231025/flow/crsweep-stim-vertical-zreg-trial/C/flow_C_SSCtoSFEF.npz
[20231025][SSC->SLIP] [crsweep-stim-vertical-zreg-trial] wrote /project/bdoiron/dracoxu/rct-fsflow/paper_project_final/out/stim/20231025/flow/crsweep-stim-vertical-zreg-trial/C/flow_C_SSCtoSLIP.npz
[20231025] wrote /project/bdoiron/dracoxu/rct-fsflow/paper_project_final/out/stim/20231025/flow/crsweep-stim-vertical-zreg-trial/C/figs/SFEF_vs_SLIP_flow_C.pdf
[20231025] wrote /project/bdoiron/dracoxu/rct-fsflow/paper_project_final/out/stim/20231025/flow/crsweep-stim-vertical-zreg-trial/C/figs/SFEF_vs_SSC_flow_C.pdf
[20231025] wrote /project/bdoiron/dracoxu/rct-fsflow/paper_project_final/out/stim/20231025/flow/crsweep-stim-vertical-zreg-trial/C/figs/SLIP_vs_SSC_flow_C.pdf
[20231025][SFEF->SLIP] [crsweep-stim-vertical-zreg-circ] wrote /project/bdoiron/dracoxu/rct-fsflow/paper_project_final/out/stim/20231025/flow/crsweep-stim-vertical-zreg-circ/C/flow_C_SFEFtoSLIP.npz
[20231025][SFEF->SSC] [crsweep-stim-vertical-zreg-circ] wrote /project/bdoiron/dracoxu/rct-fsflow/paper_project_final/out/stim/20231025/flow/crsweep-stim-vertical-zreg-circ/C/flow_C_SFEFtoSSC.npz
[20231025][SLIP->SFEF] [crsweep-stim-vertical-zreg-circ] wrote /project/bdoiron/dracoxu/rct-fsflow/paper_project_final/out/stim/20231025/flow/crsweep-stim-vertical-zreg-circ/C/flow_C_SLIPtoSFEF.npz
[20231025][SLIP->SSC] [crsweep-stim-vertical-zreg-circ] wrote /project/bdoiron/dracoxu/rct-fsflow/paper_project_final/out/stim/20231025/flow/crsweep-stim-vertical-zreg-circ/C/flow_C_SLIPtoSSC.npz
[20231025][SSC->SFEF] [crsweep-stim-vertical-zreg-circ] wrote /project/bdoiron/dracoxu/rct-fsflow/paper_project_final/out/stim/20231025/flow/crsweep-stim-vertical-zreg-circ/C/flow_C_SSCtoSFEF.npz
[20231025][SSC->SLIP] [crsweep-stim-vertical-zreg-circ] wrote /project/bdoiron/dracoxu/rct-fsflow/paper_project_final/out/stim/20231025/flow/crsweep-stim-vertical-zreg-circ/C/flow_C_SSCtoSLIP.npz
[20231025] wrote /project/bdoiron/dracoxu/rct-fsflow/paper_project_final/out/stim/20231025/flow/crsweep-stim-vertical-zreg-circ/C/figs/SFEF_vs_SLIP_flow_C.pdf
[20231025] wrote /project/bdoiron/dracoxu/rct-fsflow/paper_project_final/out/stim/20231025/flow/crsweep-stim-vertical-zreg-circ/C/figs/SFEF_vs_SSC_flow_C.pdf
[20231025] wrote /project/bdoiron/dracoxu/rct-fsflow/paper_project_final/out/stim/20231025/flow/crsweep-stim-vertical-zreg-circ/C/figs/SLIP_vs_SSC_flow_C.pdf
[20231025][SFEF->SLIP] [crsweep-stim-vertical-none-trial] wrote /project/bdoiron/dracoxu/rct-fsflow/paper_project_final/out/stim/20231025/flow/crsweep-stim-vertical-none-trial/R/flow_R_SFEFtoSLIP.npz
[20231025][SFEF->SSC] [crsweep-stim-vertical-none-trial] wrote /project/bdoiron/dracoxu/rct-fsflow/paper_project_final/out/stim/20231025/flow/crsweep-stim-vertical-none-trial/R/flow_R_SFEFtoSSC.npz
[20231025][SLIP->SFEF] [crsweep-stim-vertical-none-trial] wrote /project/bdoiron/dracoxu/rct-fsflow/paper_project_final/out/stim/20231025/flow/crsweep-stim-vertical-none-trial/R/flow_R_SLIPtoSFEF.npz
[20231025][SLIP->SSC] [crsweep-stim-vertical-none-trial] wrote /project/bdoiron/dracoxu/rct-fsflow/paper_project_final/out/stim/20231025/flow/crsweep-stim-vertical-none-trial/R/flow_R_SLIPtoSSC.npz
[20231025][SSC->SFEF] [crsweep-stim-vertical-none-trial] wrote /project/bdoiron/dracoxu/rct-fsflow/paper_project_final/out/stim/20231025/flow/crsweep-stim-vertical-none-trial/R/flow_R_SSCtoSFEF.npz
[20231025][SSC->SLIP] [crsweep-stim-vertical-none-trial] wrote /project/bdoiron/dracoxu/rct-fsflow/paper_project_final/out/stim/20231025/flow/crsweep-stim-vertical-none-trial/R/flow_R_SSCtoSLIP.npz
[20231025] wrote /project/bdoiron/dracoxu/rct-fsflow/paper_project_final/out/stim/20231025/flow/crsweep-stim-vertical-none-trial/R/figs/SFEF_vs_SLIP_flow_R.pdf
[20231025] wrote /project/bdoiron/dracoxu/rct-fsflow/paper_project_final/out/stim/20231025/flow/crsweep-stim-vertical-none-trial/R/figs/SFEF_vs_SSC_flow_R.pdf
[20231025] wrote /project/bdoiron/dracoxu/rct-fsflow/paper_project_final/out/stim/20231025/flow/crsweep-stim-vertical-none-trial/R/figs/SLIP_vs_SSC_flow_R.pdf
[20231025][SFEF->SLIP] [crsweep-stim-vertical-none-circ] wrote /project/bdoiron/dracoxu/rct-fsflow/paper_project_final/out/stim/20231025/flow/crsweep-stim-vertical-none-circ/R/flow_R_SFEFtoSLIP.npz
[20231025][SFEF->SSC] [crsweep-stim-vertical-none-circ] wrote /project/bdoiron/dracoxu/rct-fsflow/paper_project_final/out/stim/20231025/flow/crsweep-stim-vertical-none-circ/R/flow_R_SFEFtoSSC.npz
[20231025][SLIP->SFEF] [crsweep-stim-vertical-none-circ] wrote /project/bdoiron/dracoxu/rct-fsflow/paper_project_final/out/stim/20231025/flow/crsweep-stim-vertical-none-circ/R/flow_R_SLIPtoSFEF.npz
[20231025][SLIP->SSC] [crsweep-stim-vertical-none-circ] wrote /project/bdoiron/dracoxu/rct-fsflow/paper_project_final/out/stim/20231025/flow/crsweep-stim-vertical-none-circ/R/flow_R_SLIPtoSSC.npz
[20231025][SSC->SFEF] [crsweep-stim-vertical-none-circ] wrote /project/bdoiron/dracoxu/rct-fsflow/paper_project_final/out/stim/20231025/flow/crsweep-stim-vertical-none-circ/R/flow_R_SSCtoSFEF.npz
[20231025][SSC->SLIP] [crsweep-stim-vertical-none-circ] wrote /project/bdoiron/dracoxu/rct-fsflow/paper_project_final/out/stim/20231025/flow/crsweep-stim-vertical-none-circ/R/flow_R_SSCtoSLIP.npz
[20231025] wrote /project/bdoiron/dracoxu/rct-fsflow/paper_project_final/out/stim/20231025/flow/crsweep-stim-vertical-none-circ/R/figs/SFEF_vs_SLIP_flow_R.pdf
[20231025] wrote /project/bdoiron/dracoxu/rct-fsflow/paper_project_final/out/stim/20231025/flow/crsweep-stim-vertical-none-circ/R/figs/SFEF_vs_SSC_flow_R.pdf
[20231025] wrote /project/bdoiron/dracoxu/rct-fsflow/paper_project_final/out/stim/20231025/flow/crsweep-stim-vertical-none-circ/R/figs/SLIP_vs_SSC_flow_R.pdf
[20231025][SFEF->SLIP] [crsweep-stim-vertical-zreg-trial] wrote /project/bdoiron/dracoxu/rct-fsflow/paper_project_final/out/stim/20231025/flow/crsweep-stim-vertical-zreg-trial/R/flow_R_SFEFtoSLIP.npz
[20231025][SFEF->SSC] [crsweep-stim-vertical-zreg-trial] wrote /project/bdoiron/dracoxu/rct-fsflow/paper_project_final/out/stim/20231025/flow/crsweep-stim-vertical-zreg-trial/R/flow_R_SFEFtoSSC.npz
[20231025][SLIP->SFEF] [crsweep-stim-vertical-zreg-trial] wrote /project/bdoiron/dracoxu/rct-fsflow/paper_project_final/out/stim/20231025/flow/crsweep-stim-vertical-zreg-trial/R/flow_R_SLIPtoSFEF.npz
[20231025][SLIP->SSC] [crsweep-stim-vertical-zreg-trial] wrote /project/bdoiron/dracoxu/rct-fsflow/paper_project_final/out/stim/20231025/flow/crsweep-stim-vertical-zreg-trial/R/flow_R_SLIPtoSSC.npz
[20231025][SSC->SFEF] [crsweep-stim-vertical-zreg-trial] wrote /project/bdoiron/dracoxu/rct-fsflow/paper_project_final/out/stim/20231025/flow/crsweep-stim-vertical-zreg-trial/R/flow_R_SSCtoSFEF.npz
[20231025][SSC->SLIP] [crsweep-stim-vertical-zreg-trial] wrote /project/bdoiron/dracoxu/rct-fsflow/paper_project_final/out/stim/20231025/flow/crsweep-stim-vertical-zreg-trial/R/flow_R_SSCtoSLIP.npz
[20231025] wrote /project/bdoiron/dracoxu/rct-fsflow/paper_project_final/out/stim/20231025/flow/crsweep-stim-vertical-zreg-trial/R/figs/SFEF_vs_SLIP_flow_R.pdf
[20231025] wrote /project/bdoiron/dracoxu/rct-fsflow/paper_project_final/out/stim/20231025/flow/crsweep-stim-vertical-zreg-trial/R/figs/SFEF_vs_SSC_flow_R.pdf
[20231025] wrote /project/bdoiron/dracoxu/rct-fsflow/paper_project_final/out/stim/20231025/flow/crsweep-stim-vertical-zreg-trial/R/figs/SLIP_vs_SSC_flow_R.pdf
[20231025][SFEF->SLIP] [crsweep-stim-vertical-zreg-circ] wrote /project/bdoiron/dracoxu/rct-fsflow/paper_project_final/out/stim/20231025/flow/crsweep-stim-vertical-zreg-circ/R/flow_R_SFEFtoSLIP.npz
[20231025][SFEF->SSC] [crsweep-stim-vertical-zreg-circ] wrote /project/bdoiron/dracoxu/rct-fsflow/paper_project_final/out/stim/20231025/flow/crsweep-stim-vertical-zreg-circ/R/flow_R_SFEFtoSSC.npz
[20231025][SLIP->SFEF] [crsweep-stim-vertical-zreg-circ] wrote /project/bdoiron/dracoxu/rct-fsflow/paper_project_final/out/stim/20231025/flow/crsweep-stim-vertical-zreg-circ/R/flow_R_SLIPtoSFEF.npz
[20231025][SLIP->SSC] [crsweep-stim-vertical-zreg-circ] wrote /project/bdoiron/dracoxu/rct-fsflow/paper_project_final/out/stim/20231025/flow/crsweep-stim-vertical-zreg-circ/R/flow_R_SLIPtoSSC.npz
[20231025][SSC->SFEF] [crsweep-stim-vertical-zreg-circ] wrote /project/bdoiron/dracoxu/rct-fsflow/paper_project_final/out/stim/20231025/flow/crsweep-stim-vertical-zreg-circ/R/flow_R_SSCtoSFEF.npz
[20231025][SSC->SLIP] [crsweep-stim-vertical-zreg-circ] wrote /project/bdoiron/dracoxu/rct-fsflow/paper_project_final/out/stim/20231025/flow/crsweep-stim-vertical-zreg-circ/R/flow_R_SSCtoSLIP.npz
[20231025] wrote /project/bdoiron/dracoxu/rct-fsflow/paper_project_final/out/stim/20231025/flow/crsweep-stim-vertical-zreg-circ/R/figs/SFEF_vs_SLIP_flow_R.pdf
[20231025] wrote /project/bdoiron/dracoxu/rct-fsflow/paper_project_final/out/stim/20231025/flow/crsweep-stim-vertical-zreg-circ/R/figs/SFEF_vs_SSC_flow_R.pdf
[20231025] wrote /project/bdoiron/dracoxu/rct-fsflow/paper_project_final/out/stim/20231025/flow/crsweep-stim-vertical-zreg-circ/R/figs/SLIP_vs_SSC_flow_R.pdf
[skip] SFEF->SLIP: Missing O axis in one of the areas.
[skip] SFEF->SSC: Missing O axis in one of the areas.
[skip] SLIP->SFEF: Missing O axis in one of the areas.
[skip] SLIP->SSC: Missing O axis in one of the areas.
[skip] SSC->SFEF: Missing O axis in one of the areas.
[skip] SSC->SLIP: Missing O axis in one of the areas.
[info] SID=20231025
[info] orientations      = ['vertical', 'horizontal', 'pooled']
[info] standardize_modes = ['none', 'zscore_regressors']
[info] null_methods      = ['trial_shuffle', 'circular_shift']

[align=stim] SID=20231025

[block] ori=vertical
[RUN] /project/bdoiron/dracoxu/rct-fsflow/runtime/venv/bin/python cli/train_axes.py --out_root /project/bdoiron/dracoxu/rct-fsflow/paper_project_final/out --align stim --sid 20231025 --orientation vertical --tag axes_sweep-stim-vertical --pt_min_ms_stim 200.0
[RUN] /project/bdoiron/dracoxu/rct-fsflow/runtime/venv/bin/python cli/qc_axes.py --out_root /project/bdoiron/dracoxu/rct-fsflow/paper_project_final/out --align stim --sid 20231025 --orientation vertical --tag axes_sweep-stim-vertical --pt_min_ms_stim 200.0

[combo] sid=20231025, align=stim, ori=vertical, feat=C, std=none, null=trial_shuffle → flow_tag=crsweep-stim-vertical-none-trial
[RUN] /project/bdoiron/dracoxu/rct-fsflow/runtime/venv/bin/python cli/flow_session.py --out_root /project/bdoiron/dracoxu/rct-fsflow/paper_project_final/out --align stim --sid 20231025 --feature C --orientation vertical --lags_ms 50.0 --ridge 0.01 --perms 500 --perm-within CR --tag crsweep-stim-vertical --flow_tag_base crsweep-stim-vertical --axes_tag axes_sweep-stim-vertical --null_method trial_shuffle --standardize_mode none --pt_min_ms 200.0
[RUN] /project/bdoiron/dracoxu/rct-fsflow/runtime/venv/bin/python cli/flow_overlays.py --out_root /project/bdoiron/dracoxu/rct-fsflow/paper_project_final/out --align stim --sid 20231025 --feature C --orientation vertical --tag crsweep-stim-vertical-none-trial

[combo] sid=20231025, align=stim, ori=vertical, feat=C, std=none, null=circular_shift → flow_tag=crsweep-stim-vertical-none-circ
[RUN] /project/bdoiron/dracoxu/rct-fsflow/runtime/venv/bin/python cli/flow_session.py --out_root /project/bdoiron/dracoxu/rct-fsflow/paper_project_final/out --align stim --sid 20231025 --feature C --orientation vertical --lags_ms 50.0 --ridge 0.01 --perms 500 --perm-within CR --tag crsweep-stim-vertical --flow_tag_base crsweep-stim-vertical --axes_tag axes_sweep-stim-vertical --null_method circular_shift --standardize_mode none --pt_min_ms 200.0
[RUN] /project/bdoiron/dracoxu/rct-fsflow/runtime/venv/bin/python cli/flow_overlays.py --out_root /project/bdoiron/dracoxu/rct-fsflow/paper_project_final/out --align stim --sid 20231025 --feature C --orientation vertical --tag crsweep-stim-vertical-none-circ

[combo] sid=20231025, align=stim, ori=vertical, feat=C, std=zscore_regressors, null=trial_shuffle → flow_tag=crsweep-stim-vertical-zreg-trial
[RUN] /project/bdoiron/dracoxu/rct-fsflow/runtime/venv/bin/python cli/flow_session.py --out_root /project/bdoiron/dracoxu/rct-fsflow/paper_project_final/out --align stim --sid 20231025 --feature C --orientation vertical --lags_ms 50.0 --ridge 0.01 --perms 500 --perm-within CR --tag crsweep-stim-vertical --flow_tag_base crsweep-stim-vertical --axes_tag axes_sweep-stim-vertical --null_method trial_shuffle --standardize_mode zscore_regressors --pt_min_ms 200.0
[RUN] /project/bdoiron/dracoxu/rct-fsflow/runtime/venv/bin/python cli/flow_overlays.py --out_root /project/bdoiron/dracoxu/rct-fsflow/paper_project_final/out --align stim --sid 20231025 --feature C --orientation vertical --tag crsweep-stim-vertical-zreg-trial

[combo] sid=20231025, align=stim, ori=vertical, feat=C, std=zscore_regressors, null=circular_shift → flow_tag=crsweep-stim-vertical-zreg-circ
[RUN] /project/bdoiron/dracoxu/rct-fsflow/runtime/venv/bin/python cli/flow_session.py --out_root /project/bdoiron/dracoxu/rct-fsflow/paper_project_final/out --align stim --sid 20231025 --feature C --orientation vertical --lags_ms 50.0 --ridge 0.01 --perms 500 --perm-within CR --tag crsweep-stim-vertical --flow_tag_base crsweep-stim-vertical --axes_tag axes_sweep-stim-vertical --null_method circular_shift --standardize_mode zscore_regressors --pt_min_ms 200.0
[RUN] /project/bdoiron/dracoxu/rct-fsflow/runtime/venv/bin/python cli/flow_overlays.py --out_root /project/bdoiron/dracoxu/rct-fsflow/paper_project_final/out --align stim --sid 20231025 --feature C --orientation vertical --tag crsweep-stim-vertical-zreg-circ

[combo] sid=20231025, align=stim, ori=vertical, feat=R, std=none, null=trial_shuffle → flow_tag=crsweep-stim-vertical-none-trial
[RUN] /project/bdoiron/dracoxu/rct-fsflow/runtime/venv/bin/python cli/flow_session.py --out_root /project/bdoiron/dracoxu/rct-fsflow/paper_project_final/out --align stim --sid 20231025 --feature R --orientation vertical --lags_ms 50.0 --ridge 0.01 --perms 500 --perm-within CR --tag crsweep-stim-vertical --flow_tag_base crsweep-stim-vertical --axes_tag axes_sweep-stim-vertical --null_method trial_shuffle --standardize_mode none --pt_min_ms 200.0
[RUN] /project/bdoiron/dracoxu/rct-fsflow/runtime/venv/bin/python cli/flow_overlays.py --out_root /project/bdoiron/dracoxu/rct-fsflow/paper_project_final/out --align stim --sid 20231025 --feature R --orientation vertical --tag crsweep-stim-vertical-none-trial

[combo] sid=20231025, align=stim, ori=vertical, feat=R, std=none, null=circular_shift → flow_tag=crsweep-stim-vertical-none-circ
[RUN] /project/bdoiron/dracoxu/rct-fsflow/runtime/venv/bin/python cli/flow_session.py --out_root /project/bdoiron/dracoxu/rct-fsflow/paper_project_final/out --align stim --sid 20231025 --feature R --orientation vertical --lags_ms 50.0 --ridge 0.01 --perms 500 --perm-within CR --tag crsweep-stim-vertical --flow_tag_base crsweep-stim-vertical --axes_tag axes_sweep-stim-vertical --null_method circular_shift --standardize_mode none --pt_min_ms 200.0
[RUN] /project/bdoiron/dracoxu/rct-fsflow/runtime/venv/bin/python cli/flow_overlays.py --out_root /project/bdoiron/dracoxu/rct-fsflow/paper_project_final/out --align stim --sid 20231025 --feature R --orientation vertical --tag crsweep-stim-vertical-none-circ

[combo] sid=20231025, align=stim, ori=vertical, feat=R, std=zscore_regressors, null=trial_shuffle → flow_tag=crsweep-stim-vertical-zreg-trial
[RUN] /project/bdoiron/dracoxu/rct-fsflow/runtime/venv/bin/python cli/flow_session.py --out_root /project/bdoiron/dracoxu/rct-fsflow/paper_project_final/out --align stim --sid 20231025 --feature R --orientation vertical --lags_ms 50.0 --ridge 0.01 --perms 500 --perm-within CR --tag crsweep-stim-vertical --flow_tag_base crsweep-stim-vertical --axes_tag axes_sweep-stim-vertical --null_method trial_shuffle --standardize_mode zscore_regressors --pt_min_ms 200.0
[RUN] /project/bdoiron/dracoxu/rct-fsflow/runtime/venv/bin/python cli/flow_overlays.py --out_root /project/bdoiron/dracoxu/rct-fsflow/paper_project_final/out --align stim --sid 20231025 --feature R --orientation vertical --tag crsweep-stim-vertical-zreg-trial

[combo] sid=20231025, align=stim, ori=vertical, feat=R, std=zscore_regressors, null=circular_shift → flow_tag=crsweep-stim-vertical-zreg-circ
[RUN] /project/bdoiron/dracoxu/rct-fsflow/runtime/venv/bin/python cli/flow_session.py --out_root /project/bdoiron/dracoxu/rct-fsflow/paper_project_final/out --align stim --sid 20231025 --feature R --orientation vertical --lags_ms 50.0 --ridge 0.01 --perms 500 --perm-within CR --tag crsweep-stim-vertical --flow_tag_base crsweep-stim-vertical --axes_tag axes_sweep-stim-vertical --null_method circular_shift --standardize_mode zscore_regressors --pt_min_ms 200.0
[RUN] /project/bdoiron/dracoxu/rct-fsflow/runtime/venv/bin/python cli/flow_overlays.py --out_root /project/bdoiron/dracoxu/rct-fsflow/paper_project_final/out --align stim --sid 20231025 --feature R --orientation vertical --tag crsweep-stim-vertical-zreg-circ

[combo] sid=20231025, align=stim, ori=vertical, feat=O, std=none, null=trial_shuffle → flow_tag=crsweep-stim-vertical-none-trial
[RUN] /project/bdoiron/dracoxu/rct-fsflow/runtime/venv/bin/python cli/flow_session.py --out_root /project/bdoiron/dracoxu/rct-fsflow/paper_project_final/out --align stim --sid 20231025 --feature O --orientation vertical --lags_ms 50.0 --ridge 0.01 --perms 500 --perm-within CR --tag crsweep-stim-vertical --flow_tag_base crsweep-stim-vertical --axes_tag axes_sweep-stim-vertical --null_method trial_shuffle --standardize_mode none --pt_min_ms 200.0
[RUN] /project/bdoiron/dracoxu/rct-fsflow/runtime/venv/bin/python cli/flow_overlays.py --out_root /project/bdoiron/dracoxu/rct-fsflow/paper_project_final/out --align stim --sid 20231025 --feature O --orientation vertical --tag crsweep-stim-vertical-none-trial
