[info] task=22 SID=20231130
[info] PAPER_HOME=/project/bdoiron/dracoxu/rct-fsflow/paper_project_final
[info] OUT_ROOT=/project/bdoiron/dracoxu/rct-fsflow/paper_project_final/out
[skip] SFEF->SLIP: Missing C axis in one of the areas.
[skip] SFEF->SSC: Missing C axis in one of the areas.
[skip] SLIP->SFEF: Missing C axis in one of the areas.
[skip] SLIP->SSC: Missing C axis in one of the areas.
[skip] SSC->SFEF: Missing C axis in one of the areas.
[skip] SSC->SLIP: Missing C axis in one of the areas.
[skip] SFEF->SLIP: Missing S axis in one of the areas.
[skip] SFEF->SSC: Missing S axis in one of the areas.
[skip] SLIP->SFEF: Missing S axis in one of the areas.
[skip] SLIP->SSC: Missing S axis in one of the areas.
[skip] SSC->SFEF: Missing S axis in one of the areas.
[skip] SSC->SLIP: Missing S axis in one of the areas.
[info] SID=20231130
[info] axes_tag_base=axes_sweep
[info] flow_tag_base=evoked_subtract
[info] orientation=horizontal
[info] evoked_sigma_ms=10.0

[align=stim] SID=20231130

[combo] SID=20231130, align=stim, feat=C, axes_tag=axes_sweep-stim-horizontal → flow_tag=evoked_subtract-stim-none-trial
[RUN] /project/bdoiron/dracoxu/rct-fsflow/runtime/venv/bin/python cli/flow_session.py --out_root /project/bdoiron/dracoxu/rct-fsflow/paper_project_final/out --align stim --sid 20231130 --feature C --orientation horizontal --lags_ms 50.0 --ridge 0.01 --perms 500 --perm-within CR --tag evoked_subtract-stim --flow_tag_base evoked_subtract-stim --axes_tag axes_sweep-stim-horizontal --null_method trial_shuffle --standardize_mode none --pt_min_ms 200.0 --no_induced --evoked_subtract --evoked_sigma_ms 10.0

[align=sacc] SID=20231130

[combo] SID=20231130, align=sacc, feat=S, axes_tag=axes_sweep-sacc-horizontal → flow_tag=evoked_subtract-sacc-none-trial
[RUN] /project/bdoiron/dracoxu/rct-fsflow/runtime/venv/bin/python cli/flow_session.py --out_root /project/bdoiron/dracoxu/rct-fsflow/paper_project_final/out --align sacc --sid 20231130 --feature S --orientation horizontal --lags_ms 30.0 --ridge 0.01 --perms 500 --perm-within CR --tag evoked_subtract-sacc --flow_tag_base evoked_subtract-sacc --axes_tag axes_sweep-sacc-horizontal --null_method trial_shuffle --standardize_mode none --pt_min_ms 200.0 --no_induced --evoked_subtract --evoked_sigma_ms 10.0

[done] SID=20231130 evoked subtraction flow complete.
