[info] task=22 SID=20231130
[info] PAPER_HOME=/project/bdoiron/dracoxu/rct-fsflow/paper_project_final
[info] OUT_ROOT=/project/bdoiron/dracoxu/rct-fsflow/paper_project_final/out
[info] MODE: CORRECT TRIALS ONLY (fixed filtering)
[info] DRY_RUN=0 CONTINUE_ON_ERROR=0

==================== BUILD CACHES (CORRECT TRIALS ONLY) ====================
STIM: t0=-0.25, t1=0.80, bin_ms=10 (matching OLD)
SACC: t0=-0.40, t1=0.30, bin_ms=5 (matching OLD)

========== Build STIM caches (correct only, OLD params) ==========

[RUN] python cli/build_cache.py --root /project/bdoiron/dracoxu/rct-fsflow/paper_project_final/RCT_02 --out_root /project/bdoiron/dracoxu/rct-fsflow/paper_project_final/out --align stim --sid 20231130 --stim_t0 -0.25 --stim_bin_ms 10
[ok] sid=20231130 (stim) wrote 3 caches (t0=-0.25, t1=0.8, bin_ms=10.0):
    /project/bdoiron/dracoxu/rct-fsflow/paper_project_final/out/stim/20231130/caches/area_SFEF.npz
    /project/bdoiron/dracoxu/rct-fsflow/paper_project_final/out/stim/20231130/caches/area_SLIP.npz
    /project/bdoiron/dracoxu/rct-fsflow/paper_project_final/out/stim/20231130/caches/area_SSC.npz

========== Build SACC caches (correct only, OLD params) ==========

[RUN] python cli/build_cache.py --root /project/bdoiron/dracoxu/rct-fsflow/paper_project_final/RCT_02 --out_root /project/bdoiron/dracoxu/rct-fsflow/paper_project_final/out --align sacc --sid 20231130 --sacc_t1 0.30
[ok] sid=20231130 (sacc) wrote 3 caches (t0=-0.4, t1=0.3, bin_ms=5.0):
    /project/bdoiron/dracoxu/rct-fsflow/paper_project_final/out/sacc/20231130/caches/area_SFEF.npz
    /project/bdoiron/dracoxu/rct-fsflow/paper_project_final/out/sacc/20231130/caches/area_SLIP.npz
    /project/bdoiron/dracoxu/rct-fsflow/paper_project_final/out/sacc/20231130/caches/area_SSC.npz

========== STIM 20ms sliding: train axes (C,R) peakbin ==========

[RUN] python cli/train_axes.py --out_root /project/bdoiron/dracoxu/rct-fsflow/paper_project_final/out --align stim --sid 20231130 --orientation vertical --features C R --tag axes_peakbin_stimCR-stim-vertical-20mssw --norm global --clf_binary logreg --C_grid 0.1 0.3 1 3 10 --lda_shrinkage auto --searchC --searchR --search_range_C=0.00:0.50 --search_range_R=0.00:0.50 --search_step_ms 20 --search_len_ms 50 100 150 200 250 --search_score_mode peak_bin_auc --search_tiebreak shortest_then_earliest --search_tol 0.01 --pt_min_ms_stim 200 --sliding_window_ms 20 --sliding_step_ms 10
[sliding-window] window=20.0ms (2 bins), step=10.0ms (1 bins), native=10.0ms
[20231130][SFEF] wrote /project/bdoiron/dracoxu/rct-fsflow/paper_project_final/out/stim/20231130/axes/axes_peakbin_stimCR-stim-vertical-20mssw/axes_SFEF.npz
    → winC_selected: [0.27999999999999997, 0.42999999999999994], score: 0.8308, peak@280ms (cv_auc=0.9834)
[20231130][SLIP] wrote /project/bdoiron/dracoxu/rct-fsflow/paper_project_final/out/stim/20231130/axes/axes_peakbin_stimCR-stim-vertical-20mssw/axes_SLIP.npz
    → winC_selected: [0.4000000000000001, 0.5000000000000001], score: 0.8090, peak@490ms (cv_auc=0.8436)
[20231130][SSC] wrote /project/bdoiron/dracoxu/rct-fsflow/paper_project_final/out/stim/20231130/axes/axes_peakbin_stimCR-stim-vertical-20mssw/axes_SSC.npz
    → winC_selected: [0.38000000000000006, 0.43000000000000005], score: 0.9120, peak@400ms (cv_auc=0.9566)
[ok] axes_summary.json → /project/bdoiron/dracoxu/rct-fsflow/paper_project_final/out/stim/20231130/axes/axes_peakbin_stimCR-stim-vertical-20mssw/axes_summary.json
[ok] config.json → /project/bdoiron/dracoxu/rct-fsflow/paper_project_final/out/stim/20231130/axes/axes_peakbin_stimCR-stim-vertical-20mssw/config.json

========== STIM 20ms sliding: QC ==========

[RUN] python cli/qc_axes.py --out_root /project/bdoiron/dracoxu/rct-fsflow/paper_project_final/out --align stim --sid 20231130 --orientation vertical --tag axes_peakbin_stimCR-stim-vertical-20mssw --thr 0.60 --k 5 --pt_min_ms_stim 200 --norm auto --sliding_window_ms 20 --sliding_step_ms 10
[sliding-window] window=20.0ms (2 bins), step=10.0ms (1 bins), native=10.0ms
[20231130][SFEF] wrote /project/bdoiron/dracoxu/rct-fsflow/paper_project_final/out/stim/20231130/qc/axes_peakbin_stimCR-stim-vertical-20mssw/qc_axes_SFEF.pdf (+ .png, .json)   lat(ms): C=219.9999988079071, Sraw=None, Sinv=None, T=None
[20231130][SLIP] wrote /project/bdoiron/dracoxu/rct-fsflow/paper_project_final/out/stim/20231130/qc/axes_peakbin_stimCR-stim-vertical-20mssw/qc_axes_SLIP.pdf (+ .png, .json)   lat(ms): C=299.99999701976776, Sraw=None, Sinv=None, T=None
[20231130][SSC] wrote /project/bdoiron/dracoxu/rct-fsflow/paper_project_final/out/stim/20231130/qc/axes_peakbin_stimCR-stim-vertical-20mssw/qc_axes_SSC.pdf (+ .png, .json)   lat(ms): C=280.0000011920929, Sraw=None, Sinv=None, T=None

==================== STIM C: LAG 30ms ====================

========== STIM lag30ms: flow feature=C (save null) ==========

[RUN] python cli/flow_session.py --out_root /project/bdoiron/dracoxu/rct-fsflow/paper_project_final/out --align stim --sid 20231130 --feature C --orientation vertical --lags_ms 30 --ridge 1e-2 --perms 500 --perm-within CR --null_method trial_shuffle --standardize_mode none --pt_min_ms 200 --no_induced --evoked_subtract --evoked_sigma_ms 10 --axes_tag axes_peakbin_stimCR-stim-vertical-20mssw --tag evoked_peakbin_stimC_vertical_lag30ms_20mssw --flow_tag_base evoked_peakbin_stimC_vertical_lag30ms_20mssw --save_null_samples --norm auto --sliding_window_ms 20 --sliding_step_ms 10
[sliding-window] window=20.0ms (2 bins), step=10.0ms (1 bins), native=10.0ms
[20231130][SFEF->SLIP] [evoked_peakbin_stimC_vertical_lag30ms_20mssw-none-trial] wrote /project/bdoiron/dracoxu/rct-fsflow/paper_project_final/out/stim/20231130/flow/evoked_peakbin_stimC_vertical_lag30ms_20mssw-none-trial/C/flow_C_SFEFtoSLIP.npz
[20231130][SFEF->SSC] [evoked_peakbin_stimC_vertical_lag30ms_20mssw-none-trial] wrote /project/bdoiron/dracoxu/rct-fsflow/paper_project_final/out/stim/20231130/flow/evoked_peakbin_stimC_vertical_lag30ms_20mssw-none-trial/C/flow_C_SFEFtoSSC.npz
[20231130][SLIP->SFEF] [evoked_peakbin_stimC_vertical_lag30ms_20mssw-none-trial] wrote /project/bdoiron/dracoxu/rct-fsflow/paper_project_final/out/stim/20231130/flow/evoked_peakbin_stimC_vertical_lag30ms_20mssw-none-trial/C/flow_C_SLIPtoSFEF.npz
[20231130][SLIP->SSC] [evoked_peakbin_stimC_vertical_lag30ms_20mssw-none-trial] wrote /project/bdoiron/dracoxu/rct-fsflow/paper_project_final/out/stim/20231130/flow/evoked_peakbin_stimC_vertical_lag30ms_20mssw-none-trial/C/flow_C_SLIPtoSSC.npz
[20231130][SSC->SFEF] [evoked_peakbin_stimC_vertical_lag30ms_20mssw-none-trial] wrote /project/bdoiron/dracoxu/rct-fsflow/paper_project_final/out/stim/20231130/flow/evoked_peakbin_stimC_vertical_lag30ms_20mssw-none-trial/C/flow_C_SSCtoSFEF.npz
[20231130][SSC->SLIP] [evoked_peakbin_stimC_vertical_lag30ms_20mssw-none-trial] wrote /project/bdoiron/dracoxu/rct-fsflow/paper_project_final/out/stim/20231130/flow/evoked_peakbin_stimC_vertical_lag30ms_20mssw-none-trial/C/flow_C_SSCtoSLIP.npz

==================== STIM C: LAG 40ms ====================

========== STIM lag40ms: flow feature=C (save null) ==========

[RUN] python cli/flow_session.py --out_root /project/bdoiron/dracoxu/rct-fsflow/paper_project_final/out --align stim --sid 20231130 --feature C --orientation vertical --lags_ms 40 --ridge 1e-2 --perms 500 --perm-within CR --null_method trial_shuffle --standardize_mode none --pt_min_ms 200 --no_induced --evoked_subtract --evoked_sigma_ms 10 --axes_tag axes_peakbin_stimCR-stim-vertical-20mssw --tag evoked_peakbin_stimC_vertical_lag40ms_20mssw --flow_tag_base evoked_peakbin_stimC_vertical_lag40ms_20mssw --save_null_samples --norm auto --sliding_window_ms 20 --sliding_step_ms 10
[sliding-window] window=20.0ms (2 bins), step=10.0ms (1 bins), native=10.0ms
[20231130][SFEF->SLIP] [evoked_peakbin_stimC_vertical_lag40ms_20mssw-none-trial] wrote /project/bdoiron/dracoxu/rct-fsflow/paper_project_final/out/stim/20231130/flow/evoked_peakbin_stimC_vertical_lag40ms_20mssw-none-trial/C/flow_C_SFEFtoSLIP.npz
[20231130][SFEF->SSC] [evoked_peakbin_stimC_vertical_lag40ms_20mssw-none-trial] wrote /project/bdoiron/dracoxu/rct-fsflow/paper_project_final/out/stim/20231130/flow/evoked_peakbin_stimC_vertical_lag40ms_20mssw-none-trial/C/flow_C_SFEFtoSSC.npz
[20231130][SLIP->SFEF] [evoked_peakbin_stimC_vertical_lag40ms_20mssw-none-trial] wrote /project/bdoiron/dracoxu/rct-fsflow/paper_project_final/out/stim/20231130/flow/evoked_peakbin_stimC_vertical_lag40ms_20mssw-none-trial/C/flow_C_SLIPtoSFEF.npz
[20231130][SLIP->SSC] [evoked_peakbin_stimC_vertical_lag40ms_20mssw-none-trial] wrote /project/bdoiron/dracoxu/rct-fsflow/paper_project_final/out/stim/20231130/flow/evoked_peakbin_stimC_vertical_lag40ms_20mssw-none-trial/C/flow_C_SLIPtoSSC.npz
[20231130][SSC->SFEF] [evoked_peakbin_stimC_vertical_lag40ms_20mssw-none-trial] wrote /project/bdoiron/dracoxu/rct-fsflow/paper_project_final/out/stim/20231130/flow/evoked_peakbin_stimC_vertical_lag40ms_20mssw-none-trial/C/flow_C_SSCtoSFEF.npz
[20231130][SSC->SLIP] [evoked_peakbin_stimC_vertical_lag40ms_20mssw-none-trial] wrote /project/bdoiron/dracoxu/rct-fsflow/paper_project_final/out/stim/20231130/flow/evoked_peakbin_stimC_vertical_lag40ms_20mssw-none-trial/C/flow_C_SSCtoSLIP.npz

==================== STIM C: LAG 50ms ====================

========== STIM lag50ms: flow feature=C (save null) ==========

[RUN] python cli/flow_session.py --out_root /project/bdoiron/dracoxu/rct-fsflow/paper_project_final/out --align stim --sid 20231130 --feature C --orientation vertical --lags_ms 50 --ridge 1e-2 --perms 500 --perm-within CR --null_method trial_shuffle --standardize_mode none --pt_min_ms 200 --no_induced --evoked_subtract --evoked_sigma_ms 10 --axes_tag axes_peakbin_stimCR-stim-vertical-20mssw --tag evoked_peakbin_stimC_vertical_lag50ms_20mssw --flow_tag_base evoked_peakbin_stimC_vertical_lag50ms_20mssw --save_null_samples --norm auto --sliding_window_ms 20 --sliding_step_ms 10
[sliding-window] window=20.0ms (2 bins), step=10.0ms (1 bins), native=10.0ms
[20231130][SFEF->SLIP] [evoked_peakbin_stimC_vertical_lag50ms_20mssw-none-trial] wrote /project/bdoiron/dracoxu/rct-fsflow/paper_project_final/out/stim/20231130/flow/evoked_peakbin_stimC_vertical_lag50ms_20mssw-none-trial/C/flow_C_SFEFtoSLIP.npz
[20231130][SFEF->SSC] [evoked_peakbin_stimC_vertical_lag50ms_20mssw-none-trial] wrote /project/bdoiron/dracoxu/rct-fsflow/paper_project_final/out/stim/20231130/flow/evoked_peakbin_stimC_vertical_lag50ms_20mssw-none-trial/C/flow_C_SFEFtoSSC.npz
[20231130][SLIP->SFEF] [evoked_peakbin_stimC_vertical_lag50ms_20mssw-none-trial] wrote /project/bdoiron/dracoxu/rct-fsflow/paper_project_final/out/stim/20231130/flow/evoked_peakbin_stimC_vertical_lag50ms_20mssw-none-trial/C/flow_C_SLIPtoSFEF.npz
[20231130][SLIP->SSC] [evoked_peakbin_stimC_vertical_lag50ms_20mssw-none-trial] wrote /project/bdoiron/dracoxu/rct-fsflow/paper_project_final/out/stim/20231130/flow/evoked_peakbin_stimC_vertical_lag50ms_20mssw-none-trial/C/flow_C_SLIPtoSSC.npz
[20231130][SSC->SFEF] [evoked_peakbin_stimC_vertical_lag50ms_20mssw-none-trial] wrote /project/bdoiron/dracoxu/rct-fsflow/paper_project_final/out/stim/20231130/flow/evoked_peakbin_stimC_vertical_lag50ms_20mssw-none-trial/C/flow_C_SSCtoSFEF.npz
[20231130][SSC->SLIP] [evoked_peakbin_stimC_vertical_lag50ms_20mssw-none-trial] wrote /project/bdoiron/dracoxu/rct-fsflow/paper_project_final/out/stim/20231130/flow/evoked_peakbin_stimC_vertical_lag50ms_20mssw-none-trial/C/flow_C_SSCtoSLIP.npz

==================== STIM C: LAG 60ms ====================

========== STIM lag60ms: flow feature=C (save null) ==========

[RUN] python cli/flow_session.py --out_root /project/bdoiron/dracoxu/rct-fsflow/paper_project_final/out --align stim --sid 20231130 --feature C --orientation vertical --lags_ms 60 --ridge 1e-2 --perms 500 --perm-within CR --null_method trial_shuffle --standardize_mode none --pt_min_ms 200 --no_induced --evoked_subtract --evoked_sigma_ms 10 --axes_tag axes_peakbin_stimCR-stim-vertical-20mssw --tag evoked_peakbin_stimC_vertical_lag60ms_20mssw --flow_tag_base evoked_peakbin_stimC_vertical_lag60ms_20mssw --save_null_samples --norm auto --sliding_window_ms 20 --sliding_step_ms 10
[sliding-window] window=20.0ms (2 bins), step=10.0ms (1 bins), native=10.0ms
[20231130][SFEF->SLIP] [evoked_peakbin_stimC_vertical_lag60ms_20mssw-none-trial] wrote /project/bdoiron/dracoxu/rct-fsflow/paper_project_final/out/stim/20231130/flow/evoked_peakbin_stimC_vertical_lag60ms_20mssw-none-trial/C/flow_C_SFEFtoSLIP.npz
[20231130][SFEF->SSC] [evoked_peakbin_stimC_vertical_lag60ms_20mssw-none-trial] wrote /project/bdoiron/dracoxu/rct-fsflow/paper_project_final/out/stim/20231130/flow/evoked_peakbin_stimC_vertical_lag60ms_20mssw-none-trial/C/flow_C_SFEFtoSSC.npz
[20231130][SLIP->SFEF] [evoked_peakbin_stimC_vertical_lag60ms_20mssw-none-trial] wrote /project/bdoiron/dracoxu/rct-fsflow/paper_project_final/out/stim/20231130/flow/evoked_peakbin_stimC_vertical_lag60ms_20mssw-none-trial/C/flow_C_SLIPtoSFEF.npz
[20231130][SLIP->SSC] [evoked_peakbin_stimC_vertical_lag60ms_20mssw-none-trial] wrote /project/bdoiron/dracoxu/rct-fsflow/paper_project_final/out/stim/20231130/flow/evoked_peakbin_stimC_vertical_lag60ms_20mssw-none-trial/C/flow_C_SLIPtoSSC.npz
[20231130][SSC->SFEF] [evoked_peakbin_stimC_vertical_lag60ms_20mssw-none-trial] wrote /project/bdoiron/dracoxu/rct-fsflow/paper_project_final/out/stim/20231130/flow/evoked_peakbin_stimC_vertical_lag60ms_20mssw-none-trial/C/flow_C_SSCtoSFEF.npz
[20231130][SSC->SLIP] [evoked_peakbin_stimC_vertical_lag60ms_20mssw-none-trial] wrote /project/bdoiron/dracoxu/rct-fsflow/paper_project_final/out/stim/20231130/flow/evoked_peakbin_stimC_vertical_lag60ms_20mssw-none-trial/C/flow_C_SSCtoSLIP.npz

==================== STIM C: LAG 80ms ====================

========== STIM lag80ms: flow feature=C (save null) ==========

[RUN] python cli/flow_session.py --out_root /project/bdoiron/dracoxu/rct-fsflow/paper_project_final/out --align stim --sid 20231130 --feature C --orientation vertical --lags_ms 80 --ridge 1e-2 --perms 500 --perm-within CR --null_method trial_shuffle --standardize_mode none --pt_min_ms 200 --no_induced --evoked_subtract --evoked_sigma_ms 10 --axes_tag axes_peakbin_stimCR-stim-vertical-20mssw --tag evoked_peakbin_stimC_vertical_lag80ms_20mssw --flow_tag_base evoked_peakbin_stimC_vertical_lag80ms_20mssw --save_null_samples --norm auto --sliding_window_ms 20 --sliding_step_ms 10
[sliding-window] window=20.0ms (2 bins), step=10.0ms (1 bins), native=10.0ms
[20231130][SFEF->SLIP] [evoked_peakbin_stimC_vertical_lag80ms_20mssw-none-trial] wrote /project/bdoiron/dracoxu/rct-fsflow/paper_project_final/out/stim/20231130/flow/evoked_peakbin_stimC_vertical_lag80ms_20mssw-none-trial/C/flow_C_SFEFtoSLIP.npz
[20231130][SFEF->SSC] [evoked_peakbin_stimC_vertical_lag80ms_20mssw-none-trial] wrote /project/bdoiron/dracoxu/rct-fsflow/paper_project_final/out/stim/20231130/flow/evoked_peakbin_stimC_vertical_lag80ms_20mssw-none-trial/C/flow_C_SFEFtoSSC.npz
[20231130][SLIP->SFEF] [evoked_peakbin_stimC_vertical_lag80ms_20mssw-none-trial] wrote /project/bdoiron/dracoxu/rct-fsflow/paper_project_final/out/stim/20231130/flow/evoked_peakbin_stimC_vertical_lag80ms_20mssw-none-trial/C/flow_C_SLIPtoSFEF.npz
[20231130][SLIP->SSC] [evoked_peakbin_stimC_vertical_lag80ms_20mssw-none-trial] wrote /project/bdoiron/dracoxu/rct-fsflow/paper_project_final/out/stim/20231130/flow/evoked_peakbin_stimC_vertical_lag80ms_20mssw-none-trial/C/flow_C_SLIPtoSSC.npz
[20231130][SSC->SFEF] [evoked_peakbin_stimC_vertical_lag80ms_20mssw-none-trial] wrote /project/bdoiron/dracoxu/rct-fsflow/paper_project_final/out/stim/20231130/flow/evoked_peakbin_stimC_vertical_lag80ms_20mssw-none-trial/C/flow_C_SSCtoSFEF.npz
[20231130][SSC->SLIP] [evoked_peakbin_stimC_vertical_lag80ms_20mssw-none-trial] wrote /project/bdoiron/dracoxu/rct-fsflow/paper_project_final/out/stim/20231130/flow/evoked_peakbin_stimC_vertical_lag80ms_20mssw-none-trial/C/flow_C_SSCtoSLIP.npz

==================== STIM C: LAG 100ms ====================

========== STIM lag100ms: flow feature=C (save null) ==========

[RUN] python cli/flow_session.py --out_root /project/bdoiron/dracoxu/rct-fsflow/paper_project_final/out --align stim --sid 20231130 --feature C --orientation vertical --lags_ms 100 --ridge 1e-2 --perms 500 --perm-within CR --null_method trial_shuffle --standardize_mode none --pt_min_ms 200 --no_induced --evoked_subtract --evoked_sigma_ms 10 --axes_tag axes_peakbin_stimCR-stim-vertical-20mssw --tag evoked_peakbin_stimC_vertical_lag100ms_20mssw --flow_tag_base evoked_peakbin_stimC_vertical_lag100ms_20mssw --save_null_samples --norm auto --sliding_window_ms 20 --sliding_step_ms 10
[sliding-window] window=20.0ms (2 bins), step=10.0ms (1 bins), native=10.0ms
[20231130][SFEF->SLIP] [evoked_peakbin_stimC_vertical_lag100ms_20mssw-none-trial] wrote /project/bdoiron/dracoxu/rct-fsflow/paper_project_final/out/stim/20231130/flow/evoked_peakbin_stimC_vertical_lag100ms_20mssw-none-trial/C/flow_C_SFEFtoSLIP.npz
[20231130][SFEF->SSC] [evoked_peakbin_stimC_vertical_lag100ms_20mssw-none-trial] wrote /project/bdoiron/dracoxu/rct-fsflow/paper_project_final/out/stim/20231130/flow/evoked_peakbin_stimC_vertical_lag100ms_20mssw-none-trial/C/flow_C_SFEFtoSSC.npz
[20231130][SLIP->SFEF] [evoked_peakbin_stimC_vertical_lag100ms_20mssw-none-trial] wrote /project/bdoiron/dracoxu/rct-fsflow/paper_project_final/out/stim/20231130/flow/evoked_peakbin_stimC_vertical_lag100ms_20mssw-none-trial/C/flow_C_SLIPtoSFEF.npz
[20231130][SLIP->SSC] [evoked_peakbin_stimC_vertical_lag100ms_20mssw-none-trial] wrote /project/bdoiron/dracoxu/rct-fsflow/paper_project_final/out/stim/20231130/flow/evoked_peakbin_stimC_vertical_lag100ms_20mssw-none-trial/C/flow_C_SLIPtoSSC.npz
[20231130][SSC->SFEF] [evoked_peakbin_stimC_vertical_lag100ms_20mssw-none-trial] wrote /project/bdoiron/dracoxu/rct-fsflow/paper_project_final/out/stim/20231130/flow/evoked_peakbin_stimC_vertical_lag100ms_20mssw-none-trial/C/flow_C_SSCtoSFEF.npz
[20231130][SSC->SLIP] [evoked_peakbin_stimC_vertical_lag100ms_20mssw-none-trial] wrote /project/bdoiron/dracoxu/rct-fsflow/paper_project_final/out/stim/20231130/flow/evoked_peakbin_stimC_vertical_lag100ms_20mssw-none-trial/C/flow_C_SSCtoSLIP.npz

========== SACC 20ms sliding: train axes (S) peakbin ==========

[RUN] python cli/train_axes.py --out_root /project/bdoiron/dracoxu/rct-fsflow/paper_project_final/out --align sacc --sid 20231130 --orientation horizontal --features S --tag axes_peakbin_saccS-sacc-horizontal-20mssw --norm global --clf_binary logreg --C_grid 0.1 0.3 1 3 10 --lda_shrinkage auto --searchS --search_range_S=-0.20:0.05 --search_step_ms 20 --search_len_ms 50 100 150 200 250 --search_score_mode peak_bin_auc --search_tiebreak shortest_then_closest0 --search_tol 0.01 --pt_min_ms_sacc 200 --sliding_window_ms 20 --sliding_step_ms 10
[sliding-window] window=20.0ms (4 bins), step=10.0ms (2 bins), native=5.0ms
[20231130][SFEF] wrote /project/bdoiron/dracoxu/rct-fsflow/paper_project_final/out/sacc/20231130/axes/axes_peakbin_saccS-sacc-horizontal-20mssw/axes_SFEF.npz
[20231130][SLIP] wrote /project/bdoiron/dracoxu/rct-fsflow/paper_project_final/out/sacc/20231130/axes/axes_peakbin_saccS-sacc-horizontal-20mssw/axes_SLIP.npz
[20231130][SSC] wrote /project/bdoiron/dracoxu/rct-fsflow/paper_project_final/out/sacc/20231130/axes/axes_peakbin_saccS-sacc-horizontal-20mssw/axes_SSC.npz
[ok] axes_summary.json → /project/bdoiron/dracoxu/rct-fsflow/paper_project_final/out/sacc/20231130/axes/axes_peakbin_saccS-sacc-horizontal-20mssw/axes_summary.json
[ok] config.json → /project/bdoiron/dracoxu/rct-fsflow/paper_project_final/out/sacc/20231130/axes/axes_peakbin_saccS-sacc-horizontal-20mssw/config.json

========== SACC 20ms sliding: QC ==========

[RUN] python cli/qc_axes.py --out_root /project/bdoiron/dracoxu/rct-fsflow/paper_project_final/out --align sacc --sid 20231130 --orientation horizontal --tag axes_peakbin_saccS-sacc-horizontal-20mssw --thr 0.60 --k 5 --pt_min_ms_sacc 200 --norm auto --sliding_window_ms 20 --sliding_step_ms 10
[sliding-window] window=20.0ms (4 bins), step=10.0ms (2 bins), native=5.0ms
[20231130][SFEF] wrote /project/bdoiron/dracoxu/rct-fsflow/paper_project_final/out/sacc/20231130/qc/axes_peakbin_saccS-sacc-horizontal-20mssw/qc_axes_SFEF.pdf (+ .png, .json)   lat(ms): C=None, Sraw=None, Sinv=None, T=None
[20231130][SLIP] wrote /project/bdoiron/dracoxu/rct-fsflow/paper_project_final/out/sacc/20231130/qc/axes_peakbin_saccS-sacc-horizontal-20mssw/qc_axes_SLIP.pdf (+ .png, .json)   lat(ms): C=None, Sraw=None, Sinv=None, T=None
[20231130][SSC] wrote /project/bdoiron/dracoxu/rct-fsflow/paper_project_final/out/sacc/20231130/qc/axes_peakbin_saccS-sacc-horizontal-20mssw/qc_axes_SSC.pdf (+ .png, .json)   lat(ms): C=None, Sraw=None, Sinv=None, T=None

==================== SACC S: LAG 30ms ====================

========== SACC lag30ms: flow feature=S (save null) ==========

[RUN] python cli/flow_session.py --out_root /project/bdoiron/dracoxu/rct-fsflow/paper_project_final/out --align sacc --sid 20231130 --feature S --orientation horizontal --lags_ms 30 --ridge 1e-2 --perms 500 --perm-within CR --null_method trial_shuffle --standardize_mode none --pt_min_ms 200 --no_induced --evoked_subtract --evoked_sigma_ms 10 --axes_tag axes_peakbin_saccS-sacc-horizontal-20mssw --tag evoked_peakbin_saccS_horizontal_lag30ms_20mssw --flow_tag_base evoked_peakbin_saccS_horizontal_lag30ms_20mssw --save_null_samples --norm auto --sliding_window_ms 20 --sliding_step_ms 10
[sliding-window] window=20.0ms (4 bins), step=10.0ms (2 bins), native=5.0ms
[skip] SFEF->SLIP: Missing S axis in one of the areas.
[skip] SFEF->SSC: Missing S axis in one of the areas.
[skip] SLIP->SFEF: Missing S axis in one of the areas.
[skip] SLIP->SSC: Missing S axis in one of the areas.
[skip] SSC->SFEF: Missing S axis in one of the areas.
[skip] SSC->SLIP: Missing S axis in one of the areas.

==================== SACC S: LAG 50ms ====================

========== SACC lag50ms: flow feature=S (save null) ==========

[RUN] python cli/flow_session.py --out_root /project/bdoiron/dracoxu/rct-fsflow/paper_project_final/out --align sacc --sid 20231130 --feature S --orientation horizontal --lags_ms 50 --ridge 1e-2 --perms 500 --perm-within CR --null_method trial_shuffle --standardize_mode none --pt_min_ms 200 --no_induced --evoked_subtract --evoked_sigma_ms 10 --axes_tag axes_peakbin_saccS-sacc-horizontal-20mssw --tag evoked_peakbin_saccS_horizontal_lag50ms_20mssw --flow_tag_base evoked_peakbin_saccS_horizontal_lag50ms_20mssw --save_null_samples --norm auto --sliding_window_ms 20 --sliding_step_ms 10
[sliding-window] window=20.0ms (4 bins), step=10.0ms (2 bins), native=5.0ms
[skip] SFEF->SLIP: Missing S axis in one of the areas.
[skip] SFEF->SSC: Missing S axis in one of the areas.
[skip] SLIP->SFEF: Missing S axis in one of the areas.
[skip] SLIP->SSC: Missing S axis in one of the areas.
[skip] SSC->SFEF: Missing S axis in one of the areas.
[skip] SSC->SLIP: Missing S axis in one of the areas.

==================== SACC S: LAG 60ms ====================

========== SACC lag60ms: flow feature=S (save null) ==========

[RUN] python cli/flow_session.py --out_root /project/bdoiron/dracoxu/rct-fsflow/paper_project_final/out --align sacc --sid 20231130 --feature S --orientation horizontal --lags_ms 60 --ridge 1e-2 --perms 500 --perm-within CR --null_method trial_shuffle --standardize_mode none --pt_min_ms 200 --no_induced --evoked_subtract --evoked_sigma_ms 10 --axes_tag axes_peakbin_saccS-sacc-horizontal-20mssw --tag evoked_peakbin_saccS_horizontal_lag60ms_20mssw --flow_tag_base evoked_peakbin_saccS_horizontal_lag60ms_20mssw --save_null_samples --norm auto --sliding_window_ms 20 --sliding_step_ms 10
[sliding-window] window=20.0ms (4 bins), step=10.0ms (2 bins), native=5.0ms
[skip] SFEF->SLIP: Missing S axis in one of the areas.
[skip] SFEF->SSC: Missing S axis in one of the areas.
[skip] SLIP->SFEF: Missing S axis in one of the areas.
[skip] SLIP->SSC: Missing S axis in one of the areas.
[skip] SSC->SFEF: Missing S axis in one of the areas.
[skip] SSC->SLIP: Missing S axis in one of the areas.

==================== SACC S: LAG 80ms ====================

========== SACC lag80ms: flow feature=S (save null) ==========

[RUN] python cli/flow_session.py --out_root /project/bdoiron/dracoxu/rct-fsflow/paper_project_final/out --align sacc --sid 20231130 --feature S --orientation horizontal --lags_ms 80 --ridge 1e-2 --perms 500 --perm-within CR --null_method trial_shuffle --standardize_mode none --pt_min_ms 200 --no_induced --evoked_subtract --evoked_sigma_ms 10 --axes_tag axes_peakbin_saccS-sacc-horizontal-20mssw --tag evoked_peakbin_saccS_horizontal_lag80ms_20mssw --flow_tag_base evoked_peakbin_saccS_horizontal_lag80ms_20mssw --save_null_samples --norm auto --sliding_window_ms 20 --sliding_step_ms 10
[sliding-window] window=20.0ms (4 bins), step=10.0ms (2 bins), native=5.0ms
[skip] SFEF->SLIP: Missing S axis in one of the areas.
[skip] SFEF->SSC: Missing S axis in one of the areas.
[skip] SLIP->SFEF: Missing S axis in one of the areas.
[skip] SLIP->SSC: Missing S axis in one of the areas.
[skip] SSC->SFEF: Missing S axis in one of the areas.
[skip] SSC->SLIP: Missing S axis in one of the areas.

[done] 20ms sliding window peakbin MULTI-LAG complete for SID=20231130
============================================================
