[info] task=2 SID=20200328
[info] PAPER_HOME=/project/bdoiron/dracoxu/rct-fsflow/paper_project_final
[info] OUT_ROOT=/project/bdoiron/dracoxu/rct-fsflow/paper_project_final/out
[info] DRY_RUN=0 CONTINUE_ON_ERROR=0

========== STIM 20ms: train axes (C,R) peakbin ==========

[RUN] python cli/train_axes.py --out_root /project/bdoiron/dracoxu/rct-fsflow/paper_project_final/out --align stim --sid 20200328 --orientation vertical --features C R --tag axes_peakbin_stimCR-stim-vertical-20msbin --norm global --clf_binary logreg --C_grid 0.1 0.3 1 3 10 --lda_shrinkage auto --searchC --searchR --search_range_C=0.00:0.50 --search_range_R=0.00:0.50 --search_step_ms 20 --search_len_ms 60 100 140 200 240 --search_score_mode peak_bin_auc --search_tiebreak shortest_then_earliest --search_tol 0.01 --pt_min_ms_stim 200 --rebin_factor 2
[rebin] Combining 2 adjacent bins
[20200328][MFEF] wrote /project/bdoiron/dracoxu/rct-fsflow/paper_project_final/out/stim/20200328/axes/axes_peakbin_stimCR-stim-vertical-20msbin/axes_MFEF.npz
    → winC_selected: [0.23999999999999996, 0.29999999999999993], score: 0.9409, peak@280ms (cv_auc=0.9797)
[20200328][MLIP] wrote /project/bdoiron/dracoxu/rct-fsflow/paper_project_final/out/stim/20200328/axes/axes_peakbin_stimCR-stim-vertical-20msbin/axes_MLIP.npz
    → winC_selected: [0.4200000000000001, 0.4800000000000001], score: 0.9274, peak@420ms (cv_auc=0.9657)
[ok] axes_summary.json → /project/bdoiron/dracoxu/rct-fsflow/paper_project_final/out/stim/20200328/axes/axes_peakbin_stimCR-stim-vertical-20msbin/axes_summary.json
[ok] config.json → /project/bdoiron/dracoxu/rct-fsflow/paper_project_final/out/stim/20200328/axes/axes_peakbin_stimCR-stim-vertical-20msbin/config.json

========== STIM 20ms: QC ==========

[RUN] python cli/qc_axes.py --out_root /project/bdoiron/dracoxu/rct-fsflow/paper_project_final/out --align stim --sid 20200328 --orientation vertical --tag axes_peakbin_stimCR-stim-vertical-20msbin --thr 0.60 --k 5 --pt_min_ms_stim 200 --norm auto --rebin_factor 2
[rebin] Combining 2 adjacent bins
[20200328][MFEF] wrote /project/bdoiron/dracoxu/rct-fsflow/paper_project_final/out/stim/20200328/qc/axes_peakbin_stimCR-stim-vertical-20msbin/qc_axes_MFEF.pdf (+ .png, .json)   lat(ms): C=160.0000038743019, Sraw=None, Sinv=None, T=None
[20200328][MLIP] wrote /project/bdoiron/dracoxu/rct-fsflow/paper_project_final/out/stim/20200328/qc/axes_peakbin_stimCR-stim-vertical-20msbin/qc_axes_MLIP.pdf (+ .png, .json)   lat(ms): C=259.99999046325684, Sraw=None, Sinv=None, T=None

========== STIM 20ms: flow feature=C (save null) ==========

[RUN] python cli/flow_session.py --out_root /project/bdoiron/dracoxu/rct-fsflow/paper_project_final/out --align stim --sid 20200328 --feature C --orientation vertical --lags_ms 80 --ridge 1e-2 --perms 500 --perm-within CR --null_method trial_shuffle --standardize_mode none --pt_min_ms 200 --no_induced --evoked_subtract --evoked_sigma_ms 20 --axes_tag axes_peakbin_stimCR-stim-vertical-20msbin --tag evoked_peakbin_stimC_vertical_lag80ms_20msbin --flow_tag_base evoked_peakbin_stimC_vertical_lag80ms_20msbin --save_null_samples --norm auto --rebin_factor 2
[rebin] Combining 2 adjacent bins
[20200328][MFEF->MLIP] [evoked_peakbin_stimC_vertical_lag80ms_20msbin-none-trial] wrote /project/bdoiron/dracoxu/rct-fsflow/paper_project_final/out/stim/20200328/flow/evoked_peakbin_stimC_vertical_lag80ms_20msbin-none-trial/C/flow_C_MFEFtoMLIP.npz
[20200328][MLIP->MFEF] [evoked_peakbin_stimC_vertical_lag80ms_20msbin-none-trial] wrote /project/bdoiron/dracoxu/rct-fsflow/paper_project_final/out/stim/20200328/flow/evoked_peakbin_stimC_vertical_lag80ms_20msbin-none-trial/C/flow_C_MLIPtoMFEF.npz

========== STIM 20ms: flow feature=R (save null) ==========

[RUN] python cli/flow_session.py --out_root /project/bdoiron/dracoxu/rct-fsflow/paper_project_final/out --align stim --sid 20200328 --feature R --orientation vertical --lags_ms 80 --ridge 1e-2 --perms 500 --perm-within CR --null_method trial_shuffle --standardize_mode none --pt_min_ms 200 --no_induced --evoked_subtract --evoked_sigma_ms 20 --axes_tag axes_peakbin_stimCR-stim-vertical-20msbin --tag evoked_peakbin_stimR_vertical_lag80ms_20msbin --flow_tag_base evoked_peakbin_stimR_vertical_lag80ms_20msbin --save_null_samples --norm auto --rebin_factor 2
[rebin] Combining 2 adjacent bins
[20200328][MFEF->MLIP] [evoked_peakbin_stimR_vertical_lag80ms_20msbin-none-trial] wrote /project/bdoiron/dracoxu/rct-fsflow/paper_project_final/out/stim/20200328/flow/evoked_peakbin_stimR_vertical_lag80ms_20msbin-none-trial/R/flow_R_MFEFtoMLIP.npz
[20200328][MLIP->MFEF] [evoked_peakbin_stimR_vertical_lag80ms_20msbin-none-trial] wrote /project/bdoiron/dracoxu/rct-fsflow/paper_project_final/out/stim/20200328/flow/evoked_peakbin_stimR_vertical_lag80ms_20msbin-none-trial/R/flow_R_MLIPtoMFEF.npz

========== SACC 20ms: train axes (S) peakbin ==========

[RUN] python cli/train_axes.py --out_root /project/bdoiron/dracoxu/rct-fsflow/paper_project_final/out --align sacc --sid 20200328 --orientation horizontal --features S --tag axes_peakbin_saccS-sacc-horizontal-20msbin --norm global --clf_binary logreg --C_grid 0.1 0.3 1 3 10 --lda_shrinkage auto --searchS --search_range_S=-0.20:0.05 --search_step_ms 20 --search_len_ms 60 100 140 200 240 --search_score_mode peak_bin_auc --search_tiebreak shortest_then_closest0 --search_tol 0.01 --pt_min_ms_sacc 200 --rebin_factor 4
[rebin] Combining 4 adjacent bins
[20200328][MFEF] wrote /project/bdoiron/dracoxu/rct-fsflow/paper_project_final/out/sacc/20200328/axes/axes_peakbin_saccS-sacc-horizontal-20msbin/axes_MFEF.npz
[20200328][MLIP] wrote /project/bdoiron/dracoxu/rct-fsflow/paper_project_final/out/sacc/20200328/axes/axes_peakbin_saccS-sacc-horizontal-20msbin/axes_MLIP.npz
[ok] axes_summary.json → /project/bdoiron/dracoxu/rct-fsflow/paper_project_final/out/sacc/20200328/axes/axes_peakbin_saccS-sacc-horizontal-20msbin/axes_summary.json
[ok] config.json → /project/bdoiron/dracoxu/rct-fsflow/paper_project_final/out/sacc/20200328/axes/axes_peakbin_saccS-sacc-horizontal-20msbin/config.json

========== SACC 20ms: QC ==========

[RUN] python cli/qc_axes.py --out_root /project/bdoiron/dracoxu/rct-fsflow/paper_project_final/out --align sacc --sid 20200328 --orientation horizontal --tag axes_peakbin_saccS-sacc-horizontal-20msbin --thr 0.60 --k 5 --pt_min_ms_sacc 200 --norm auto --rebin_factor 4
[rebin] Combining 4 adjacent bins
[20200328][MFEF] wrote /project/bdoiron/dracoxu/rct-fsflow/paper_project_final/out/sacc/20200328/qc/axes_peakbin_saccS-sacc-horizontal-20msbin/qc_axes_MFEF.pdf (+ .png, .json)   lat(ms): C=None, Sraw=-169.99999806284904, Sinv=-169.99999806284904, T=None
[20200328][MLIP] wrote /project/bdoiron/dracoxu/rct-fsflow/paper_project_final/out/sacc/20200328/qc/axes_peakbin_saccS-sacc-horizontal-20msbin/qc_axes_MLIP.pdf (+ .png, .json)   lat(ms): C=None, Sraw=-89.99999985098839, Sinv=-89.99999985098839, T=None

========== SACC 20ms: flow feature=S (save null) ==========

[RUN] python cli/flow_session.py --out_root /project/bdoiron/dracoxu/rct-fsflow/paper_project_final/out --align sacc --sid 20200328 --feature S --orientation horizontal --lags_ms 60 --ridge 1e-2 --perms 500 --perm-within CR --null_method trial_shuffle --standardize_mode none --pt_min_ms 200 --no_induced --evoked_subtract --evoked_sigma_ms 20 --axes_tag axes_peakbin_saccS-sacc-horizontal-20msbin --tag evoked_peakbin_saccS_horizontal_lag60ms_20msbin --flow_tag_base evoked_peakbin_saccS_horizontal_lag60ms_20msbin --save_null_samples --norm auto --rebin_factor 4
[rebin] Combining 4 adjacent bins
[20200328][MFEF->MLIP] [evoked_peakbin_saccS_horizontal_lag60ms_20msbin-none-trial] wrote /project/bdoiron/dracoxu/rct-fsflow/paper_project_final/out/sacc/20200328/flow/evoked_peakbin_saccS_horizontal_lag60ms_20msbin-none-trial/S/flow_S_MFEFtoMLIP.npz
[20200328][MLIP->MFEF] [evoked_peakbin_saccS_horizontal_lag60ms_20msbin-none-trial] wrote /project/bdoiron/dracoxu/rct-fsflow/paper_project_final/out/sacc/20200328/flow/evoked_peakbin_saccS_horizontal_lag60ms_20msbin-none-trial/S/flow_S_MLIPtoMFEF.npz

[done] 20ms peakbin axes+QC+flow complete for SID=20200328

============================================================
20ms workflow completed. Next steps:
  1. Run trial_onset_comprehensive.py with --rebin_factor 2 (stim) or 4 (sacc)
     and use axes_tag: axes_peakbin_stimCR-stim-vertical-20msbin or axes_peakbin_saccS-sacc-horizontal-20msbin
  2. Run summarize_flow_across_sessions.py with:
     --tags evoked_peakbin_stimC_vertical_lag80ms_20msbin-none-trial
     --tags evoked_peakbin_saccS_horizontal_lag60ms_20msbin-none-trial
     --smooth_ms 40  (recommended for 20ms bins, was 30ms for 10ms bins)
  3. Run plot_qc_paper.py with 20ms QC subdirs
============================================================
