[info] task=6 SID=20200929
[info] PAPER_HOME=/project/bdoiron/dracoxu/rct-fsflow/paper_project_final
[info] OUT_ROOT=/project/bdoiron/dracoxu/rct-fsflow/paper_project_final/out
[info] DRY_RUN=0 CONTINUE_ON_ERROR=0

========== STIM: train axes (C,R) peakbin ==========

[RUN] python cli/train_axes.py --out_root /project/bdoiron/dracoxu/rct-fsflow/paper_project_final/out --align stim --sid 20200929 --orientation vertical --features C R --tag axes_peakbin_stimCR-stim-vertical --norm global --clf_binary logreg --C_grid 0.1 0.3 1 3 10 --lda_shrinkage auto --searchC --searchR --search_range_C=0.00:0.50 --search_range_R=0.00:0.50 --search_step_ms 20 --search_len_ms 50 100 150 200 250 --search_score_mode peak_bin_auc --search_tiebreak shortest_then_earliest --search_tol 0.01 --pt_min_ms_stim 200
[20200929][MFEF] wrote /project/bdoiron/dracoxu/rct-fsflow/paper_project_final/out/stim/20200929/axes/axes_peakbin_stimCR-stim-vertical/axes_MFEF.npz
    → winC_selected: [0.25999999999999995, 0.30999999999999994], score: 0.9287, peak@275ms (cv_auc=0.9806)
[20200929][MLIP] wrote /project/bdoiron/dracoxu/rct-fsflow/paper_project_final/out/stim/20200929/axes/axes_peakbin_stimCR-stim-vertical/axes_MLIP.npz
    → winC_selected: [0.38000000000000006, 0.43000000000000005], score: 0.7984, peak@415ms (cv_auc=0.8981)
[20200929][MSC] wrote /project/bdoiron/dracoxu/rct-fsflow/paper_project_final/out/stim/20200929/axes/axes_peakbin_stimCR-stim-vertical/axes_MSC.npz
    → winC_selected: [0.06, 0.31], score: 0.6094, peak@105ms (cv_auc=0.5490)
[ok] axes_summary.json → /project/bdoiron/dracoxu/rct-fsflow/paper_project_final/out/stim/20200929/axes/axes_peakbin_stimCR-stim-vertical/axes_summary.json
[ok] config.json → /project/bdoiron/dracoxu/rct-fsflow/paper_project_final/out/stim/20200929/axes/axes_peakbin_stimCR-stim-vertical/config.json

========== STIM: QC ==========

[RUN] python cli/qc_axes.py --out_root /project/bdoiron/dracoxu/rct-fsflow/paper_project_final/out --align stim --sid 20200929 --orientation vertical --tag axes_peakbin_stimCR-stim-vertical --thr 0.60 --k 5 --pt_min_ms_stim 200 --norm auto
[20200929][MFEF] wrote /project/bdoiron/dracoxu/rct-fsflow/paper_project_final/out/stim/20200929/qc/axes_peakbin_stimCR-stim-vertical/qc_axes_MFEF.pdf (+ .png, .json)   lat(ms): C=144.99999582767487, Sraw=None, Sinv=None, T=None
[20200929][MLIP] wrote /project/bdoiron/dracoxu/rct-fsflow/paper_project_final/out/stim/20200929/qc/axes_peakbin_stimCR-stim-vertical/qc_axes_MLIP.pdf (+ .png, .json)   lat(ms): C=314.9999976158142, Sraw=None, Sinv=None, T=None
[20200929][MSC] wrote /project/bdoiron/dracoxu/rct-fsflow/paper_project_final/out/stim/20200929/qc/axes_peakbin_stimCR-stim-vertical/qc_axes_MSC.pdf (+ .png, .json)   lat(ms): C=None, Sraw=None, Sinv=None, T=None

========== STIM: flow feature=C (save null) ==========

[RUN] python cli/flow_session.py --out_root /project/bdoiron/dracoxu/rct-fsflow/paper_project_final/out --align stim --sid 20200929 --feature C --orientation vertical --lags_ms 50 --ridge 1e-2 --perms 500 --perm-within CR --null_method trial_shuffle --standardize_mode none --pt_min_ms 200 --no_induced --evoked_subtract --evoked_sigma_ms 10 --axes_tag axes_peakbin_stimCR-stim-vertical --tag evoked_peakbin_stimC_vertical_lag50ms --flow_tag_base evoked_peakbin_stimC_vertical_lag50ms --save_null_samples --norm auto
[20200929][MFEF->MLIP] [evoked_peakbin_stimC_vertical_lag50ms-none-trial] wrote /project/bdoiron/dracoxu/rct-fsflow/paper_project_final/out/stim/20200929/flow/evoked_peakbin_stimC_vertical_lag50ms-none-trial/C/flow_C_MFEFtoMLIP.npz
[20200929][MFEF->MSC] [evoked_peakbin_stimC_vertical_lag50ms-none-trial] wrote /project/bdoiron/dracoxu/rct-fsflow/paper_project_final/out/stim/20200929/flow/evoked_peakbin_stimC_vertical_lag50ms-none-trial/C/flow_C_MFEFtoMSC.npz
[20200929][MLIP->MFEF] [evoked_peakbin_stimC_vertical_lag50ms-none-trial] wrote /project/bdoiron/dracoxu/rct-fsflow/paper_project_final/out/stim/20200929/flow/evoked_peakbin_stimC_vertical_lag50ms-none-trial/C/flow_C_MLIPtoMFEF.npz
[20200929][MLIP->MSC] [evoked_peakbin_stimC_vertical_lag50ms-none-trial] wrote /project/bdoiron/dracoxu/rct-fsflow/paper_project_final/out/stim/20200929/flow/evoked_peakbin_stimC_vertical_lag50ms-none-trial/C/flow_C_MLIPtoMSC.npz
[20200929][MSC->MFEF] [evoked_peakbin_stimC_vertical_lag50ms-none-trial] wrote /project/bdoiron/dracoxu/rct-fsflow/paper_project_final/out/stim/20200929/flow/evoked_peakbin_stimC_vertical_lag50ms-none-trial/C/flow_C_MSCtoMFEF.npz
[20200929][MSC->MLIP] [evoked_peakbin_stimC_vertical_lag50ms-none-trial] wrote /project/bdoiron/dracoxu/rct-fsflow/paper_project_final/out/stim/20200929/flow/evoked_peakbin_stimC_vertical_lag50ms-none-trial/C/flow_C_MSCtoMLIP.npz

========== STIM: flow feature=R (save null) ==========

[RUN] python cli/flow_session.py --out_root /project/bdoiron/dracoxu/rct-fsflow/paper_project_final/out --align stim --sid 20200929 --feature R --orientation vertical --lags_ms 50 --ridge 1e-2 --perms 500 --perm-within CR --null_method trial_shuffle --standardize_mode none --pt_min_ms 200 --no_induced --evoked_subtract --evoked_sigma_ms 10 --axes_tag axes_peakbin_stimCR-stim-vertical --tag evoked_peakbin_stimR_vertical_lag50ms --flow_tag_base evoked_peakbin_stimR_vertical_lag50ms --save_null_samples --norm auto
[20200929][MFEF->MLIP] [evoked_peakbin_stimR_vertical_lag50ms-none-trial] wrote /project/bdoiron/dracoxu/rct-fsflow/paper_project_final/out/stim/20200929/flow/evoked_peakbin_stimR_vertical_lag50ms-none-trial/R/flow_R_MFEFtoMLIP.npz
[20200929][MFEF->MSC] [evoked_peakbin_stimR_vertical_lag50ms-none-trial] wrote /project/bdoiron/dracoxu/rct-fsflow/paper_project_final/out/stim/20200929/flow/evoked_peakbin_stimR_vertical_lag50ms-none-trial/R/flow_R_MFEFtoMSC.npz
[20200929][MLIP->MFEF] [evoked_peakbin_stimR_vertical_lag50ms-none-trial] wrote /project/bdoiron/dracoxu/rct-fsflow/paper_project_final/out/stim/20200929/flow/evoked_peakbin_stimR_vertical_lag50ms-none-trial/R/flow_R_MLIPtoMFEF.npz
[20200929][MLIP->MSC] [evoked_peakbin_stimR_vertical_lag50ms-none-trial] wrote /project/bdoiron/dracoxu/rct-fsflow/paper_project_final/out/stim/20200929/flow/evoked_peakbin_stimR_vertical_lag50ms-none-trial/R/flow_R_MLIPtoMSC.npz
[20200929][MSC->MFEF] [evoked_peakbin_stimR_vertical_lag50ms-none-trial] wrote /project/bdoiron/dracoxu/rct-fsflow/paper_project_final/out/stim/20200929/flow/evoked_peakbin_stimR_vertical_lag50ms-none-trial/R/flow_R_MSCtoMFEF.npz
[20200929][MSC->MLIP] [evoked_peakbin_stimR_vertical_lag50ms-none-trial] wrote /project/bdoiron/dracoxu/rct-fsflow/paper_project_final/out/stim/20200929/flow/evoked_peakbin_stimR_vertical_lag50ms-none-trial/R/flow_R_MSCtoMLIP.npz

========== SACC: train axes (S) peakbin ==========

[RUN] python cli/train_axes.py --out_root /project/bdoiron/dracoxu/rct-fsflow/paper_project_final/out --align sacc --sid 20200929 --orientation vertical --features S --tag axes_peakbin_saccS-sacc-vertical --norm global --clf_binary logreg --C_grid 0.1 0.3 1 3 10 --lda_shrinkage auto --searchS --search_range_S=-0.20:0.05 --search_step_ms 20 --search_len_ms 50 100 150 200 250 --search_score_mode peak_bin_auc --search_tiebreak shortest_then_closest0 --search_tol 0.01 --pt_min_ms_sacc 200
[20200929][MFEF] wrote /project/bdoiron/dracoxu/rct-fsflow/paper_project_final/out/sacc/20200929/axes/axes_peakbin_saccS-sacc-vertical/axes_MFEF.npz
[20200929][MLIP] wrote /project/bdoiron/dracoxu/rct-fsflow/paper_project_final/out/sacc/20200929/axes/axes_peakbin_saccS-sacc-vertical/axes_MLIP.npz
[20200929][MSC] wrote /project/bdoiron/dracoxu/rct-fsflow/paper_project_final/out/sacc/20200929/axes/axes_peakbin_saccS-sacc-vertical/axes_MSC.npz
[ok] axes_summary.json → /project/bdoiron/dracoxu/rct-fsflow/paper_project_final/out/sacc/20200929/axes/axes_peakbin_saccS-sacc-vertical/axes_summary.json
[ok] config.json → /project/bdoiron/dracoxu/rct-fsflow/paper_project_final/out/sacc/20200929/axes/axes_peakbin_saccS-sacc-vertical/config.json

========== SACC: QC ==========

[RUN] python cli/qc_axes.py --out_root /project/bdoiron/dracoxu/rct-fsflow/paper_project_final/out --align sacc --sid 20200929 --orientation vertical --tag axes_peakbin_saccS-sacc-vertical --thr 0.60 --k 5 --pt_min_ms_sacc 200 --norm auto
[20200929][MFEF] wrote /project/bdoiron/dracoxu/rct-fsflow/paper_project_final/out/sacc/20200929/qc/axes_peakbin_saccS-sacc-vertical/qc_axes_MFEF.pdf (+ .png, .json)   lat(ms): C=None, Sraw=-62.5, Sinv=-62.5, T=None
[20200929][MLIP] wrote /project/bdoiron/dracoxu/rct-fsflow/paper_project_final/out/sacc/20200929/qc/axes_peakbin_saccS-sacc-vertical/qc_axes_MLIP.pdf (+ .png, .json)   lat(ms): C=None, Sraw=22.50000089406967, Sinv=22.50000089406967, T=None
[20200929][MSC] wrote /project/bdoiron/dracoxu/rct-fsflow/paper_project_final/out/sacc/20200929/qc/axes_peakbin_saccS-sacc-vertical/qc_axes_MSC.pdf (+ .png, .json)   lat(ms): C=None, Sraw=72.49999791383743, Sinv=72.49999791383743, T=None

========== SACC: flow feature=S (save null) ==========

[RUN] python cli/flow_session.py --out_root /project/bdoiron/dracoxu/rct-fsflow/paper_project_final/out --align sacc --sid 20200929 --feature S --orientation vertical --lags_ms 30 --ridge 1e-2 --perms 500 --perm-within CR --null_method trial_shuffle --standardize_mode none --pt_min_ms 200 --no_induced --evoked_subtract --evoked_sigma_ms 10 --axes_tag axes_peakbin_saccS-sacc-vertical --tag evoked_peakbin_saccS_vertical_lag30ms --flow_tag_base evoked_peakbin_saccS_vertical_lag30ms --save_null_samples --norm auto
[20200929][MFEF->MLIP] [evoked_peakbin_saccS_vertical_lag30ms-none-trial] wrote /project/bdoiron/dracoxu/rct-fsflow/paper_project_final/out/sacc/20200929/flow/evoked_peakbin_saccS_vertical_lag30ms-none-trial/S/flow_S_MFEFtoMLIP.npz
[20200929][MFEF->MSC] [evoked_peakbin_saccS_vertical_lag30ms-none-trial] wrote /project/bdoiron/dracoxu/rct-fsflow/paper_project_final/out/sacc/20200929/flow/evoked_peakbin_saccS_vertical_lag30ms-none-trial/S/flow_S_MFEFtoMSC.npz
[20200929][MLIP->MFEF] [evoked_peakbin_saccS_vertical_lag30ms-none-trial] wrote /project/bdoiron/dracoxu/rct-fsflow/paper_project_final/out/sacc/20200929/flow/evoked_peakbin_saccS_vertical_lag30ms-none-trial/S/flow_S_MLIPtoMFEF.npz
[20200929][MLIP->MSC] [evoked_peakbin_saccS_vertical_lag30ms-none-trial] wrote /project/bdoiron/dracoxu/rct-fsflow/paper_project_final/out/sacc/20200929/flow/evoked_peakbin_saccS_vertical_lag30ms-none-trial/S/flow_S_MLIPtoMSC.npz
[20200929][MSC->MFEF] [evoked_peakbin_saccS_vertical_lag30ms-none-trial] wrote /project/bdoiron/dracoxu/rct-fsflow/paper_project_final/out/sacc/20200929/flow/evoked_peakbin_saccS_vertical_lag30ms-none-trial/S/flow_S_MSCtoMFEF.npz
[20200929][MSC->MLIP] [evoked_peakbin_saccS_vertical_lag30ms-none-trial] wrote /project/bdoiron/dracoxu/rct-fsflow/paper_project_final/out/sacc/20200929/flow/evoked_peakbin_saccS_vertical_lag30ms-none-trial/S/flow_S_MSCtoMLIP.npz

[done] peakbin axes+QC+flow complete for SID=20200929
