[info] task=8 SID=20201004
[info] PAPER_HOME=/project/bdoiron/dracoxu/rct-fsflow/paper_project_final
[info] OUT_ROOT=/project/bdoiron/dracoxu/rct-fsflow/paper_project_final/out
[info] DRY_RUN=0 CONTINUE_ON_ERROR=0

========== STIM 20ms: train axes (C,R) peakbin ==========

[RUN] python cli/train_axes.py --out_root /project/bdoiron/dracoxu/rct-fsflow/paper_project_final/out --align stim --sid 20201004 --orientation vertical --features C R --tag axes_peakbin_stimCR-stim-vertical-20msbin --norm global --clf_binary logreg --C_grid 0.1 0.3 1 3 10 --lda_shrinkage auto --searchC --searchR --search_range_C=0.00:0.50 --search_range_R=0.00:0.50 --search_step_ms 20 --search_len_ms 60 100 140 200 240 --search_score_mode peak_bin_auc --search_tiebreak shortest_then_earliest --search_tol 0.01 --pt_min_ms_stim 200 --rebin_factor 2
[rebin] Combining 2 adjacent bins
[20201004][MFEF] wrote /project/bdoiron/dracoxu/rct-fsflow/paper_project_final/out/stim/20201004/axes/axes_peakbin_stimCR-stim-vertical-20msbin/axes_MFEF.npz
    → winC_selected: [0.23999999999999996, 0.29999999999999993], score: 0.9762, peak@280ms (cv_auc=0.9970)
[20201004][MLIP] wrote /project/bdoiron/dracoxu/rct-fsflow/paper_project_final/out/stim/20201004/axes/axes_peakbin_stimCR-stim-vertical-20msbin/axes_MLIP.npz
    → winC_selected: [0.3, 0.36], score: 0.9297, peak@340ms (cv_auc=0.9755)
[20201004][MSC] wrote /project/bdoiron/dracoxu/rct-fsflow/paper_project_final/out/stim/20201004/axes/axes_peakbin_stimCR-stim-vertical-20msbin/axes_MSC.npz
    → winC_selected: [0.36000000000000004, 0.4600000000000001], score: 0.6610, peak@380ms (cv_auc=0.6672)
[ok] axes_summary.json → /project/bdoiron/dracoxu/rct-fsflow/paper_project_final/out/stim/20201004/axes/axes_peakbin_stimCR-stim-vertical-20msbin/axes_summary.json
[ok] config.json → /project/bdoiron/dracoxu/rct-fsflow/paper_project_final/out/stim/20201004/axes/axes_peakbin_stimCR-stim-vertical-20msbin/config.json

========== STIM 20ms: QC ==========

[RUN] python cli/qc_axes.py --out_root /project/bdoiron/dracoxu/rct-fsflow/paper_project_final/out --align stim --sid 20201004 --orientation vertical --tag axes_peakbin_stimCR-stim-vertical-20msbin --thr 0.60 --k 5 --pt_min_ms_stim 200 --norm auto --rebin_factor 2
[rebin] Combining 2 adjacent bins
[20201004][MFEF] wrote /project/bdoiron/dracoxu/rct-fsflow/paper_project_final/out/stim/20201004/qc/axes_peakbin_stimCR-stim-vertical-20msbin/qc_axes_MFEF.pdf (+ .png, .json)   lat(ms): C=140.00000059604645, Sraw=None, Sinv=None, T=None
[20201004][MLIP] wrote /project/bdoiron/dracoxu/rct-fsflow/paper_project_final/out/stim/20201004/qc/axes_peakbin_stimCR-stim-vertical-20msbin/qc_axes_MLIP.pdf (+ .png, .json)   lat(ms): C=140.00000059604645, Sraw=None, Sinv=None, T=None
[20201004][MSC] wrote /project/bdoiron/dracoxu/rct-fsflow/paper_project_final/out/stim/20201004/qc/axes_peakbin_stimCR-stim-vertical-20msbin/qc_axes_MSC.pdf (+ .png, .json)   lat(ms): C=None, Sraw=None, Sinv=None, T=None

========== STIM 20ms: flow feature=C (save null) ==========

[RUN] python cli/flow_session.py --out_root /project/bdoiron/dracoxu/rct-fsflow/paper_project_final/out --align stim --sid 20201004 --feature C --orientation vertical --lags_ms 80 --ridge 1e-2 --perms 500 --perm-within CR --null_method trial_shuffle --standardize_mode none --pt_min_ms 200 --no_induced --evoked_subtract --evoked_sigma_ms 20 --axes_tag axes_peakbin_stimCR-stim-vertical-20msbin --tag evoked_peakbin_stimC_vertical_lag80ms_20msbin --flow_tag_base evoked_peakbin_stimC_vertical_lag80ms_20msbin --save_null_samples --norm auto --rebin_factor 2
[rebin] Combining 2 adjacent bins
[20201004][MFEF->MLIP] [evoked_peakbin_stimC_vertical_lag80ms_20msbin-none-trial] wrote /project/bdoiron/dracoxu/rct-fsflow/paper_project_final/out/stim/20201004/flow/evoked_peakbin_stimC_vertical_lag80ms_20msbin-none-trial/C/flow_C_MFEFtoMLIP.npz
[20201004][MFEF->MSC] [evoked_peakbin_stimC_vertical_lag80ms_20msbin-none-trial] wrote /project/bdoiron/dracoxu/rct-fsflow/paper_project_final/out/stim/20201004/flow/evoked_peakbin_stimC_vertical_lag80ms_20msbin-none-trial/C/flow_C_MFEFtoMSC.npz
[20201004][MLIP->MFEF] [evoked_peakbin_stimC_vertical_lag80ms_20msbin-none-trial] wrote /project/bdoiron/dracoxu/rct-fsflow/paper_project_final/out/stim/20201004/flow/evoked_peakbin_stimC_vertical_lag80ms_20msbin-none-trial/C/flow_C_MLIPtoMFEF.npz
[20201004][MLIP->MSC] [evoked_peakbin_stimC_vertical_lag80ms_20msbin-none-trial] wrote /project/bdoiron/dracoxu/rct-fsflow/paper_project_final/out/stim/20201004/flow/evoked_peakbin_stimC_vertical_lag80ms_20msbin-none-trial/C/flow_C_MLIPtoMSC.npz
[20201004][MSC->MFEF] [evoked_peakbin_stimC_vertical_lag80ms_20msbin-none-trial] wrote /project/bdoiron/dracoxu/rct-fsflow/paper_project_final/out/stim/20201004/flow/evoked_peakbin_stimC_vertical_lag80ms_20msbin-none-trial/C/flow_C_MSCtoMFEF.npz
[20201004][MSC->MLIP] [evoked_peakbin_stimC_vertical_lag80ms_20msbin-none-trial] wrote /project/bdoiron/dracoxu/rct-fsflow/paper_project_final/out/stim/20201004/flow/evoked_peakbin_stimC_vertical_lag80ms_20msbin-none-trial/C/flow_C_MSCtoMLIP.npz

========== STIM 20ms: flow feature=R (save null) ==========

[RUN] python cli/flow_session.py --out_root /project/bdoiron/dracoxu/rct-fsflow/paper_project_final/out --align stim --sid 20201004 --feature R --orientation vertical --lags_ms 80 --ridge 1e-2 --perms 500 --perm-within CR --null_method trial_shuffle --standardize_mode none --pt_min_ms 200 --no_induced --evoked_subtract --evoked_sigma_ms 20 --axes_tag axes_peakbin_stimCR-stim-vertical-20msbin --tag evoked_peakbin_stimR_vertical_lag80ms_20msbin --flow_tag_base evoked_peakbin_stimR_vertical_lag80ms_20msbin --save_null_samples --norm auto --rebin_factor 2
[rebin] Combining 2 adjacent bins
[20201004][MFEF->MLIP] [evoked_peakbin_stimR_vertical_lag80ms_20msbin-none-trial] wrote /project/bdoiron/dracoxu/rct-fsflow/paper_project_final/out/stim/20201004/flow/evoked_peakbin_stimR_vertical_lag80ms_20msbin-none-trial/R/flow_R_MFEFtoMLIP.npz
[20201004][MFEF->MSC] [evoked_peakbin_stimR_vertical_lag80ms_20msbin-none-trial] wrote /project/bdoiron/dracoxu/rct-fsflow/paper_project_final/out/stim/20201004/flow/evoked_peakbin_stimR_vertical_lag80ms_20msbin-none-trial/R/flow_R_MFEFtoMSC.npz
[20201004][MLIP->MFEF] [evoked_peakbin_stimR_vertical_lag80ms_20msbin-none-trial] wrote /project/bdoiron/dracoxu/rct-fsflow/paper_project_final/out/stim/20201004/flow/evoked_peakbin_stimR_vertical_lag80ms_20msbin-none-trial/R/flow_R_MLIPtoMFEF.npz
[20201004][MLIP->MSC] [evoked_peakbin_stimR_vertical_lag80ms_20msbin-none-trial] wrote /project/bdoiron/dracoxu/rct-fsflow/paper_project_final/out/stim/20201004/flow/evoked_peakbin_stimR_vertical_lag80ms_20msbin-none-trial/R/flow_R_MLIPtoMSC.npz
[20201004][MSC->MFEF] [evoked_peakbin_stimR_vertical_lag80ms_20msbin-none-trial] wrote /project/bdoiron/dracoxu/rct-fsflow/paper_project_final/out/stim/20201004/flow/evoked_peakbin_stimR_vertical_lag80ms_20msbin-none-trial/R/flow_R_MSCtoMFEF.npz
[20201004][MSC->MLIP] [evoked_peakbin_stimR_vertical_lag80ms_20msbin-none-trial] wrote /project/bdoiron/dracoxu/rct-fsflow/paper_project_final/out/stim/20201004/flow/evoked_peakbin_stimR_vertical_lag80ms_20msbin-none-trial/R/flow_R_MSCtoMLIP.npz

========== SACC 20ms: train axes (S) peakbin ==========

[RUN] python cli/train_axes.py --out_root /project/bdoiron/dracoxu/rct-fsflow/paper_project_final/out --align sacc --sid 20201004 --orientation horizontal --features S --tag axes_peakbin_saccS-sacc-horizontal-20msbin --norm global --clf_binary logreg --C_grid 0.1 0.3 1 3 10 --lda_shrinkage auto --searchS --search_range_S=-0.20:0.05 --search_step_ms 20 --search_len_ms 60 100 140 200 240 --search_score_mode peak_bin_auc --search_tiebreak shortest_then_closest0 --search_tol 0.01 --pt_min_ms_sacc 200 --rebin_factor 4
[rebin] Combining 4 adjacent bins
[20201004][MFEF] wrote /project/bdoiron/dracoxu/rct-fsflow/paper_project_final/out/sacc/20201004/axes/axes_peakbin_saccS-sacc-horizontal-20msbin/axes_MFEF.npz
[20201004][MLIP] wrote /project/bdoiron/dracoxu/rct-fsflow/paper_project_final/out/sacc/20201004/axes/axes_peakbin_saccS-sacc-horizontal-20msbin/axes_MLIP.npz
[20201004][MSC] wrote /project/bdoiron/dracoxu/rct-fsflow/paper_project_final/out/sacc/20201004/axes/axes_peakbin_saccS-sacc-horizontal-20msbin/axes_MSC.npz
[ok] axes_summary.json → /project/bdoiron/dracoxu/rct-fsflow/paper_project_final/out/sacc/20201004/axes/axes_peakbin_saccS-sacc-horizontal-20msbin/axes_summary.json
[ok] config.json → /project/bdoiron/dracoxu/rct-fsflow/paper_project_final/out/sacc/20201004/axes/axes_peakbin_saccS-sacc-horizontal-20msbin/config.json

========== SACC 20ms: QC ==========

[RUN] python cli/qc_axes.py --out_root /project/bdoiron/dracoxu/rct-fsflow/paper_project_final/out --align sacc --sid 20201004 --orientation horizontal --tag axes_peakbin_saccS-sacc-horizontal-20msbin --thr 0.60 --k 5 --pt_min_ms_sacc 200 --norm auto --rebin_factor 4
[rebin] Combining 4 adjacent bins
[20201004][MFEF] wrote /project/bdoiron/dracoxu/rct-fsflow/paper_project_final/out/sacc/20201004/qc/axes_peakbin_saccS-sacc-horizontal-20msbin/qc_axes_MFEF.pdf (+ .png, .json)   lat(ms): C=None, Sraw=-149.99999850988388, Sinv=-149.99999850988388, T=None
[20201004][MLIP] wrote /project/bdoiron/dracoxu/rct-fsflow/paper_project_final/out/sacc/20201004/qc/axes_peakbin_saccS-sacc-horizontal-20msbin/qc_axes_MLIP.pdf (+ .png, .json)   lat(ms): C=None, Sraw=-89.99999985098839, Sinv=-89.99999985098839, T=None
[20201004][MSC] wrote /project/bdoiron/dracoxu/rct-fsflow/paper_project_final/out/sacc/20201004/qc/axes_peakbin_saccS-sacc-horizontal-20msbin/qc_axes_MSC.pdf (+ .png, .json)   lat(ms): C=None, Sraw=None, Sinv=None, T=None

========== SACC 20ms: flow feature=S (save null) ==========

[RUN] python cli/flow_session.py --out_root /project/bdoiron/dracoxu/rct-fsflow/paper_project_final/out --align sacc --sid 20201004 --feature S --orientation horizontal --lags_ms 60 --ridge 1e-2 --perms 500 --perm-within CR --null_method trial_shuffle --standardize_mode none --pt_min_ms 200 --no_induced --evoked_subtract --evoked_sigma_ms 20 --axes_tag axes_peakbin_saccS-sacc-horizontal-20msbin --tag evoked_peakbin_saccS_horizontal_lag60ms_20msbin --flow_tag_base evoked_peakbin_saccS_horizontal_lag60ms_20msbin --save_null_samples --norm auto --rebin_factor 4
[rebin] Combining 4 adjacent bins
[20201004][MFEF->MLIP] [evoked_peakbin_saccS_horizontal_lag60ms_20msbin-none-trial] wrote /project/bdoiron/dracoxu/rct-fsflow/paper_project_final/out/sacc/20201004/flow/evoked_peakbin_saccS_horizontal_lag60ms_20msbin-none-trial/S/flow_S_MFEFtoMLIP.npz
[20201004][MFEF->MSC] [evoked_peakbin_saccS_horizontal_lag60ms_20msbin-none-trial] wrote /project/bdoiron/dracoxu/rct-fsflow/paper_project_final/out/sacc/20201004/flow/evoked_peakbin_saccS_horizontal_lag60ms_20msbin-none-trial/S/flow_S_MFEFtoMSC.npz
[20201004][MLIP->MFEF] [evoked_peakbin_saccS_horizontal_lag60ms_20msbin-none-trial] wrote /project/bdoiron/dracoxu/rct-fsflow/paper_project_final/out/sacc/20201004/flow/evoked_peakbin_saccS_horizontal_lag60ms_20msbin-none-trial/S/flow_S_MLIPtoMFEF.npz
[20201004][MLIP->MSC] [evoked_peakbin_saccS_horizontal_lag60ms_20msbin-none-trial] wrote /project/bdoiron/dracoxu/rct-fsflow/paper_project_final/out/sacc/20201004/flow/evoked_peakbin_saccS_horizontal_lag60ms_20msbin-none-trial/S/flow_S_MLIPtoMSC.npz
[20201004][MSC->MFEF] [evoked_peakbin_saccS_horizontal_lag60ms_20msbin-none-trial] wrote /project/bdoiron/dracoxu/rct-fsflow/paper_project_final/out/sacc/20201004/flow/evoked_peakbin_saccS_horizontal_lag60ms_20msbin-none-trial/S/flow_S_MSCtoMFEF.npz
[20201004][MSC->MLIP] [evoked_peakbin_saccS_horizontal_lag60ms_20msbin-none-trial] wrote /project/bdoiron/dracoxu/rct-fsflow/paper_project_final/out/sacc/20201004/flow/evoked_peakbin_saccS_horizontal_lag60ms_20msbin-none-trial/S/flow_S_MSCtoMLIP.npz

[done] 20ms peakbin axes+QC+flow complete for SID=20201004

============================================================
20ms workflow completed. Next steps:
  1. Run trial_onset_comprehensive.py with --rebin_factor 2 (stim) or 4 (sacc)
     and use axes_tag: axes_peakbin_stimCR-stim-vertical-20msbin or axes_peakbin_saccS-sacc-horizontal-20msbin
  2. Run summarize_flow_across_sessions.py with:
     --tags evoked_peakbin_stimC_vertical_lag80ms_20msbin-none-trial
     --tags evoked_peakbin_saccS_horizontal_lag60ms_20msbin-none-trial
     --smooth_ms 40  (recommended for 20ms bins, was 30ms for 10ms bins)
  3. Run plot_qc_paper.py with 20ms QC subdirs
============================================================
