[info] task=23 SID=20231205
[info] PAPER_HOME=/project/bdoiron/dracoxu/rct-fsflow/paper_project_final
[info] OUT_ROOT=/project/bdoiron/dracoxu/rct-fsflow/paper_project_final/out (CORRECT-ONLY for QC/flow)
[info] OUT_NOFILTER=/project/bdoiron/dracoxu/rct-fsflow/paper_project_final/out_nofilter (UNFILTERED for axes training)
[info] DRY_RUN=0 CONTINUE_ON_ERROR=0

==================== CHECK/BUILD UNFILTERED CACHES ====================

========== Build STIM caches (no correct filter) ==========

[RUN] python cli/build_cache.py --root /project/bdoiron/dracoxu/rct-fsflow/paper_project_final/RCT_02 --out_root /project/bdoiron/dracoxu/rct-fsflow/paper_project_final/out_nofilter --align stim --sid 20231205 --no_correct_filter
[ok] sid=20231205 (stim) wrote 3 caches (t0=-0.3, t1=0.8, bin_ms=5.0):
    /project/bdoiron/dracoxu/rct-fsflow/paper_project_final/out_nofilter/stim/20231205/caches/area_SFEF.npz
    /project/bdoiron/dracoxu/rct-fsflow/paper_project_final/out_nofilter/stim/20231205/caches/area_SLIP.npz
    /project/bdoiron/dracoxu/rct-fsflow/paper_project_final/out_nofilter/stim/20231205/caches/area_SSC.npz

========== Build SACC caches (no correct filter) ==========

[RUN] python cli/build_cache.py --root /project/bdoiron/dracoxu/rct-fsflow/paper_project_final/RCT_02 --out_root /project/bdoiron/dracoxu/rct-fsflow/paper_project_final/out_nofilter --align sacc --sid 20231205 --no_correct_filter
[ok] sid=20231205 (sacc) wrote 3 caches (t0=-0.4, t1=0.2, bin_ms=5.0):
    /project/bdoiron/dracoxu/rct-fsflow/paper_project_final/out_nofilter/sacc/20231205/caches/area_SFEF.npz
    /project/bdoiron/dracoxu/rct-fsflow/paper_project_final/out_nofilter/sacc/20231205/caches/area_SLIP.npz
    /project/bdoiron/dracoxu/rct-fsflow/paper_project_final/out_nofilter/sacc/20231205/caches/area_SSC.npz

========== STIM 20ms sliding: train axes (C,R) on UNFILTERED data ==========

[RUN] python cli/train_axes.py --out_root /project/bdoiron/dracoxu/rct-fsflow/paper_project_final/out_nofilter --align stim --sid 20231205 --orientation vertical --features C R --tag axes_peakbin_stimCR-stim-vertical-20mssw_nofilter --norm global --clf_binary logreg --C_grid 0.1 0.3 1 3 10 --lda_shrinkage auto --searchC --searchR --search_range_C=0.00:0.50 --search_range_R=0.00:0.50 --search_step_ms 20 --search_len_ms 50 100 150 200 250 --search_score_mode peak_bin_auc --search_tiebreak shortest_then_earliest --search_tol 0.01 --pt_min_ms_stim 200 --sliding_window_ms 20 --sliding_step_ms 10
[sliding-window] window=20.0ms (4 bins), step=10.0ms (2 bins), native=5.0ms
[20231205][SFEF] wrote /project/bdoiron/dracoxu/rct-fsflow/paper_project_final/out_nofilter/stim/20231205/axes/axes_peakbin_stimCR-stim-vertical-20mssw_nofilter/axes_SFEF.npz
    → winC_selected: [0.27999999999999997, 0.32999999999999996], score: 0.9829, peak@320ms (cv_auc=1.0000)
[20231205][SLIP] wrote /project/bdoiron/dracoxu/rct-fsflow/paper_project_final/out_nofilter/stim/20231205/axes/axes_peakbin_stimCR-stim-vertical-20mssw_nofilter/axes_SLIP.npz
    → winC_selected: [0.21999999999999997, 0.37], score: 0.8322, peak@360ms (cv_auc=0.7640)
[20231205][SSC] wrote /project/bdoiron/dracoxu/rct-fsflow/paper_project_final/out_nofilter/stim/20231205/axes/axes_peakbin_stimCR-stim-vertical-20mssw_nofilter/axes_SSC.npz
    → winC_selected: [0.4400000000000001, 0.4900000000000001], score: 0.8637, peak@460ms (cv_auc=0.8911)
[ok] axes_summary.json → /project/bdoiron/dracoxu/rct-fsflow/paper_project_final/out_nofilter/stim/20231205/axes/axes_peakbin_stimCR-stim-vertical-20mssw_nofilter/axes_summary.json
[ok] config.json → /project/bdoiron/dracoxu/rct-fsflow/paper_project_final/out_nofilter/stim/20231205/axes/axes_peakbin_stimCR-stim-vertical-20mssw_nofilter/config.json

========== Copy STIM axes to out/ with _mixedtrain tag ==========
'/project/bdoiron/dracoxu/rct-fsflow/paper_project_final/out_nofilter/stim/20231205/axes/axes_peakbin_stimCR-stim-vertical-20mssw_nofilter/axes_SFEF.npz' -> '/project/bdoiron/dracoxu/rct-fsflow/paper_project_final/out/stim/20231205/axes/axes_peakbin_stimCR-stim-vertical-20mssw_mixedtrain/axes_SFEF.npz'
'/project/bdoiron/dracoxu/rct-fsflow/paper_project_final/out_nofilter/stim/20231205/axes/axes_peakbin_stimCR-stim-vertical-20mssw_nofilter/axes_SLIP.npz' -> '/project/bdoiron/dracoxu/rct-fsflow/paper_project_final/out/stim/20231205/axes/axes_peakbin_stimCR-stim-vertical-20mssw_mixedtrain/axes_SLIP.npz'
'/project/bdoiron/dracoxu/rct-fsflow/paper_project_final/out_nofilter/stim/20231205/axes/axes_peakbin_stimCR-stim-vertical-20mssw_nofilter/axes_SSC.npz' -> '/project/bdoiron/dracoxu/rct-fsflow/paper_project_final/out/stim/20231205/axes/axes_peakbin_stimCR-stim-vertical-20mssw_mixedtrain/axes_SSC.npz'
'/project/bdoiron/dracoxu/rct-fsflow/paper_project_final/out_nofilter/stim/20231205/axes/axes_peakbin_stimCR-stim-vertical-20mssw_nofilter/axes_summary.json' -> '/project/bdoiron/dracoxu/rct-fsflow/paper_project_final/out/stim/20231205/axes/axes_peakbin_stimCR-stim-vertical-20mssw_mixedtrain/axes_summary.json'
'/project/bdoiron/dracoxu/rct-fsflow/paper_project_final/out_nofilter/stim/20231205/axes/axes_peakbin_stimCR-stim-vertical-20mssw_nofilter/config.json' -> '/project/bdoiron/dracoxu/rct-fsflow/paper_project_final/out/stim/20231205/axes/axes_peakbin_stimCR-stim-vertical-20mssw_mixedtrain/config.json'
[info] Copied axes from /project/bdoiron/dracoxu/rct-fsflow/paper_project_final/out_nofilter/stim/20231205/axes/axes_peakbin_stimCR-stim-vertical-20mssw_nofilter to /project/bdoiron/dracoxu/rct-fsflow/paper_project_final/out/stim/20231205/axes/axes_peakbin_stimCR-stim-vertical-20mssw_mixedtrain

========== STIM 20ms sliding: QC on CORRECT-ONLY (with MIXED-TRAINED axes) ==========

[RUN] python cli/qc_axes.py --out_root /project/bdoiron/dracoxu/rct-fsflow/paper_project_final/out --align stim --sid 20231205 --orientation vertical --tag axes_peakbin_stimCR-stim-vertical-20mssw_mixedtrain --thr 0.60 --k 5 --pt_min_ms_stim 200 --norm auto --sliding_window_ms 20 --sliding_step_ms 10
[sliding-window] window=20.0ms (2 bins), step=10.0ms (1 bins), native=10.0ms
[20231205][SFEF] wrote /project/bdoiron/dracoxu/rct-fsflow/paper_project_final/out/stim/20231205/qc/axes_peakbin_stimCR-stim-vertical-20mssw_mixedtrain/qc_axes_SFEF.pdf (+ .png, .json)   lat(ms): C=130.00000268220901, Sraw=None, Sinv=None, T=None
[20231205][SLIP] wrote /project/bdoiron/dracoxu/rct-fsflow/paper_project_final/out/stim/20231205/qc/axes_peakbin_stimCR-stim-vertical-20mssw_mixedtrain/qc_axes_SLIP.pdf (+ .png, .json)   lat(ms): C=210.00000089406967, Sraw=None, Sinv=None, T=None
[20231205][SSC] wrote /project/bdoiron/dracoxu/rct-fsflow/paper_project_final/out/stim/20231205/qc/axes_peakbin_stimCR-stim-vertical-20mssw_mixedtrain/qc_axes_SSC.pdf (+ .png, .json)   lat(ms): C=359.99999940395355, Sraw=None, Sinv=None, T=None

==================== STIM C: LAG 30ms [MIXEDTRAIN] ====================

========== STIM lag30ms: flow feature=C on CORRECT-ONLY (mixed-trained axes) ==========

[RUN] python cli/flow_session.py --out_root /project/bdoiron/dracoxu/rct-fsflow/paper_project_final/out --align stim --sid 20231205 --feature C --orientation vertical --lags_ms 30 --ridge 1e-2 --perms 500 --perm-within CR --null_method trial_shuffle --standardize_mode none --pt_min_ms 200 --no_induced --evoked_subtract --evoked_sigma_ms 10 --axes_tag axes_peakbin_stimCR-stim-vertical-20mssw_mixedtrain --tag evoked_peakbin_stimC_vertical_lag30ms_20mssw_mixedtrain --flow_tag_base evoked_peakbin_stimC_vertical_lag30ms_20mssw_mixedtrain --save_null_samples --norm auto --sliding_window_ms 20 --sliding_step_ms 10
[sliding-window] window=20.0ms (2 bins), step=10.0ms (1 bins), native=10.0ms
[20231205][SFEF->SLIP] [evoked_peakbin_stimC_vertical_lag30ms_20mssw_mixedtrain-none-trial] wrote /project/bdoiron/dracoxu/rct-fsflow/paper_project_final/out/stim/20231205/flow/evoked_peakbin_stimC_vertical_lag30ms_20mssw_mixedtrain-none-trial/C/flow_C_SFEFtoSLIP.npz
[20231205][SFEF->SSC] [evoked_peakbin_stimC_vertical_lag30ms_20mssw_mixedtrain-none-trial] wrote /project/bdoiron/dracoxu/rct-fsflow/paper_project_final/out/stim/20231205/flow/evoked_peakbin_stimC_vertical_lag30ms_20mssw_mixedtrain-none-trial/C/flow_C_SFEFtoSSC.npz
[20231205][SLIP->SFEF] [evoked_peakbin_stimC_vertical_lag30ms_20mssw_mixedtrain-none-trial] wrote /project/bdoiron/dracoxu/rct-fsflow/paper_project_final/out/stim/20231205/flow/evoked_peakbin_stimC_vertical_lag30ms_20mssw_mixedtrain-none-trial/C/flow_C_SLIPtoSFEF.npz
[20231205][SLIP->SSC] [evoked_peakbin_stimC_vertical_lag30ms_20mssw_mixedtrain-none-trial] wrote /project/bdoiron/dracoxu/rct-fsflow/paper_project_final/out/stim/20231205/flow/evoked_peakbin_stimC_vertical_lag30ms_20mssw_mixedtrain-none-trial/C/flow_C_SLIPtoSSC.npz
[20231205][SSC->SFEF] [evoked_peakbin_stimC_vertical_lag30ms_20mssw_mixedtrain-none-trial] wrote /project/bdoiron/dracoxu/rct-fsflow/paper_project_final/out/stim/20231205/flow/evoked_peakbin_stimC_vertical_lag30ms_20mssw_mixedtrain-none-trial/C/flow_C_SSCtoSFEF.npz
[20231205][SSC->SLIP] [evoked_peakbin_stimC_vertical_lag30ms_20mssw_mixedtrain-none-trial] wrote /project/bdoiron/dracoxu/rct-fsflow/paper_project_final/out/stim/20231205/flow/evoked_peakbin_stimC_vertical_lag30ms_20mssw_mixedtrain-none-trial/C/flow_C_SSCtoSLIP.npz

==================== STIM C: LAG 40ms [MIXEDTRAIN] ====================

========== STIM lag40ms: flow feature=C on CORRECT-ONLY (mixed-trained axes) ==========

[RUN] python cli/flow_session.py --out_root /project/bdoiron/dracoxu/rct-fsflow/paper_project_final/out --align stim --sid 20231205 --feature C --orientation vertical --lags_ms 40 --ridge 1e-2 --perms 500 --perm-within CR --null_method trial_shuffle --standardize_mode none --pt_min_ms 200 --no_induced --evoked_subtract --evoked_sigma_ms 10 --axes_tag axes_peakbin_stimCR-stim-vertical-20mssw_mixedtrain --tag evoked_peakbin_stimC_vertical_lag40ms_20mssw_mixedtrain --flow_tag_base evoked_peakbin_stimC_vertical_lag40ms_20mssw_mixedtrain --save_null_samples --norm auto --sliding_window_ms 20 --sliding_step_ms 10
[sliding-window] window=20.0ms (2 bins), step=10.0ms (1 bins), native=10.0ms
[20231205][SFEF->SLIP] [evoked_peakbin_stimC_vertical_lag40ms_20mssw_mixedtrain-none-trial] wrote /project/bdoiron/dracoxu/rct-fsflow/paper_project_final/out/stim/20231205/flow/evoked_peakbin_stimC_vertical_lag40ms_20mssw_mixedtrain-none-trial/C/flow_C_SFEFtoSLIP.npz
[20231205][SFEF->SSC] [evoked_peakbin_stimC_vertical_lag40ms_20mssw_mixedtrain-none-trial] wrote /project/bdoiron/dracoxu/rct-fsflow/paper_project_final/out/stim/20231205/flow/evoked_peakbin_stimC_vertical_lag40ms_20mssw_mixedtrain-none-trial/C/flow_C_SFEFtoSSC.npz
[20231205][SLIP->SFEF] [evoked_peakbin_stimC_vertical_lag40ms_20mssw_mixedtrain-none-trial] wrote /project/bdoiron/dracoxu/rct-fsflow/paper_project_final/out/stim/20231205/flow/evoked_peakbin_stimC_vertical_lag40ms_20mssw_mixedtrain-none-trial/C/flow_C_SLIPtoSFEF.npz
[20231205][SLIP->SSC] [evoked_peakbin_stimC_vertical_lag40ms_20mssw_mixedtrain-none-trial] wrote /project/bdoiron/dracoxu/rct-fsflow/paper_project_final/out/stim/20231205/flow/evoked_peakbin_stimC_vertical_lag40ms_20mssw_mixedtrain-none-trial/C/flow_C_SLIPtoSSC.npz
[20231205][SSC->SFEF] [evoked_peakbin_stimC_vertical_lag40ms_20mssw_mixedtrain-none-trial] wrote /project/bdoiron/dracoxu/rct-fsflow/paper_project_final/out/stim/20231205/flow/evoked_peakbin_stimC_vertical_lag40ms_20mssw_mixedtrain-none-trial/C/flow_C_SSCtoSFEF.npz
[20231205][SSC->SLIP] [evoked_peakbin_stimC_vertical_lag40ms_20mssw_mixedtrain-none-trial] wrote /project/bdoiron/dracoxu/rct-fsflow/paper_project_final/out/stim/20231205/flow/evoked_peakbin_stimC_vertical_lag40ms_20mssw_mixedtrain-none-trial/C/flow_C_SSCtoSLIP.npz

==================== STIM C: LAG 50ms [MIXEDTRAIN] ====================

========== STIM lag50ms: flow feature=C on CORRECT-ONLY (mixed-trained axes) ==========

[RUN] python cli/flow_session.py --out_root /project/bdoiron/dracoxu/rct-fsflow/paper_project_final/out --align stim --sid 20231205 --feature C --orientation vertical --lags_ms 50 --ridge 1e-2 --perms 500 --perm-within CR --null_method trial_shuffle --standardize_mode none --pt_min_ms 200 --no_induced --evoked_subtract --evoked_sigma_ms 10 --axes_tag axes_peakbin_stimCR-stim-vertical-20mssw_mixedtrain --tag evoked_peakbin_stimC_vertical_lag50ms_20mssw_mixedtrain --flow_tag_base evoked_peakbin_stimC_vertical_lag50ms_20mssw_mixedtrain --save_null_samples --norm auto --sliding_window_ms 20 --sliding_step_ms 10
[sliding-window] window=20.0ms (2 bins), step=10.0ms (1 bins), native=10.0ms
[20231205][SFEF->SLIP] [evoked_peakbin_stimC_vertical_lag50ms_20mssw_mixedtrain-none-trial] wrote /project/bdoiron/dracoxu/rct-fsflow/paper_project_final/out/stim/20231205/flow/evoked_peakbin_stimC_vertical_lag50ms_20mssw_mixedtrain-none-trial/C/flow_C_SFEFtoSLIP.npz
[20231205][SFEF->SSC] [evoked_peakbin_stimC_vertical_lag50ms_20mssw_mixedtrain-none-trial] wrote /project/bdoiron/dracoxu/rct-fsflow/paper_project_final/out/stim/20231205/flow/evoked_peakbin_stimC_vertical_lag50ms_20mssw_mixedtrain-none-trial/C/flow_C_SFEFtoSSC.npz
[20231205][SLIP->SFEF] [evoked_peakbin_stimC_vertical_lag50ms_20mssw_mixedtrain-none-trial] wrote /project/bdoiron/dracoxu/rct-fsflow/paper_project_final/out/stim/20231205/flow/evoked_peakbin_stimC_vertical_lag50ms_20mssw_mixedtrain-none-trial/C/flow_C_SLIPtoSFEF.npz
[20231205][SLIP->SSC] [evoked_peakbin_stimC_vertical_lag50ms_20mssw_mixedtrain-none-trial] wrote /project/bdoiron/dracoxu/rct-fsflow/paper_project_final/out/stim/20231205/flow/evoked_peakbin_stimC_vertical_lag50ms_20mssw_mixedtrain-none-trial/C/flow_C_SLIPtoSSC.npz
[20231205][SSC->SFEF] [evoked_peakbin_stimC_vertical_lag50ms_20mssw_mixedtrain-none-trial] wrote /project/bdoiron/dracoxu/rct-fsflow/paper_project_final/out/stim/20231205/flow/evoked_peakbin_stimC_vertical_lag50ms_20mssw_mixedtrain-none-trial/C/flow_C_SSCtoSFEF.npz
[20231205][SSC->SLIP] [evoked_peakbin_stimC_vertical_lag50ms_20mssw_mixedtrain-none-trial] wrote /project/bdoiron/dracoxu/rct-fsflow/paper_project_final/out/stim/20231205/flow/evoked_peakbin_stimC_vertical_lag50ms_20mssw_mixedtrain-none-trial/C/flow_C_SSCtoSLIP.npz

==================== STIM C: LAG 60ms [MIXEDTRAIN] ====================

========== STIM lag60ms: flow feature=C on CORRECT-ONLY (mixed-trained axes) ==========

[RUN] python cli/flow_session.py --out_root /project/bdoiron/dracoxu/rct-fsflow/paper_project_final/out --align stim --sid 20231205 --feature C --orientation vertical --lags_ms 60 --ridge 1e-2 --perms 500 --perm-within CR --null_method trial_shuffle --standardize_mode none --pt_min_ms 200 --no_induced --evoked_subtract --evoked_sigma_ms 10 --axes_tag axes_peakbin_stimCR-stim-vertical-20mssw_mixedtrain --tag evoked_peakbin_stimC_vertical_lag60ms_20mssw_mixedtrain --flow_tag_base evoked_peakbin_stimC_vertical_lag60ms_20mssw_mixedtrain --save_null_samples --norm auto --sliding_window_ms 20 --sliding_step_ms 10
[sliding-window] window=20.0ms (2 bins), step=10.0ms (1 bins), native=10.0ms
[20231205][SFEF->SLIP] [evoked_peakbin_stimC_vertical_lag60ms_20mssw_mixedtrain-none-trial] wrote /project/bdoiron/dracoxu/rct-fsflow/paper_project_final/out/stim/20231205/flow/evoked_peakbin_stimC_vertical_lag60ms_20mssw_mixedtrain-none-trial/C/flow_C_SFEFtoSLIP.npz
[20231205][SFEF->SSC] [evoked_peakbin_stimC_vertical_lag60ms_20mssw_mixedtrain-none-trial] wrote /project/bdoiron/dracoxu/rct-fsflow/paper_project_final/out/stim/20231205/flow/evoked_peakbin_stimC_vertical_lag60ms_20mssw_mixedtrain-none-trial/C/flow_C_SFEFtoSSC.npz
[20231205][SLIP->SFEF] [evoked_peakbin_stimC_vertical_lag60ms_20mssw_mixedtrain-none-trial] wrote /project/bdoiron/dracoxu/rct-fsflow/paper_project_final/out/stim/20231205/flow/evoked_peakbin_stimC_vertical_lag60ms_20mssw_mixedtrain-none-trial/C/flow_C_SLIPtoSFEF.npz
[20231205][SLIP->SSC] [evoked_peakbin_stimC_vertical_lag60ms_20mssw_mixedtrain-none-trial] wrote /project/bdoiron/dracoxu/rct-fsflow/paper_project_final/out/stim/20231205/flow/evoked_peakbin_stimC_vertical_lag60ms_20mssw_mixedtrain-none-trial/C/flow_C_SLIPtoSSC.npz
[20231205][SSC->SFEF] [evoked_peakbin_stimC_vertical_lag60ms_20mssw_mixedtrain-none-trial] wrote /project/bdoiron/dracoxu/rct-fsflow/paper_project_final/out/stim/20231205/flow/evoked_peakbin_stimC_vertical_lag60ms_20mssw_mixedtrain-none-trial/C/flow_C_SSCtoSFEF.npz
[20231205][SSC->SLIP] [evoked_peakbin_stimC_vertical_lag60ms_20mssw_mixedtrain-none-trial] wrote /project/bdoiron/dracoxu/rct-fsflow/paper_project_final/out/stim/20231205/flow/evoked_peakbin_stimC_vertical_lag60ms_20mssw_mixedtrain-none-trial/C/flow_C_SSCtoSLIP.npz

==================== STIM C: LAG 80ms [MIXEDTRAIN] ====================

========== STIM lag80ms: flow feature=C on CORRECT-ONLY (mixed-trained axes) ==========

[RUN] python cli/flow_session.py --out_root /project/bdoiron/dracoxu/rct-fsflow/paper_project_final/out --align stim --sid 20231205 --feature C --orientation vertical --lags_ms 80 --ridge 1e-2 --perms 500 --perm-within CR --null_method trial_shuffle --standardize_mode none --pt_min_ms 200 --no_induced --evoked_subtract --evoked_sigma_ms 10 --axes_tag axes_peakbin_stimCR-stim-vertical-20mssw_mixedtrain --tag evoked_peakbin_stimC_vertical_lag80ms_20mssw_mixedtrain --flow_tag_base evoked_peakbin_stimC_vertical_lag80ms_20mssw_mixedtrain --save_null_samples --norm auto --sliding_window_ms 20 --sliding_step_ms 10
[sliding-window] window=20.0ms (2 bins), step=10.0ms (1 bins), native=10.0ms
[20231205][SFEF->SLIP] [evoked_peakbin_stimC_vertical_lag80ms_20mssw_mixedtrain-none-trial] wrote /project/bdoiron/dracoxu/rct-fsflow/paper_project_final/out/stim/20231205/flow/evoked_peakbin_stimC_vertical_lag80ms_20mssw_mixedtrain-none-trial/C/flow_C_SFEFtoSLIP.npz
[20231205][SFEF->SSC] [evoked_peakbin_stimC_vertical_lag80ms_20mssw_mixedtrain-none-trial] wrote /project/bdoiron/dracoxu/rct-fsflow/paper_project_final/out/stim/20231205/flow/evoked_peakbin_stimC_vertical_lag80ms_20mssw_mixedtrain-none-trial/C/flow_C_SFEFtoSSC.npz
[20231205][SLIP->SFEF] [evoked_peakbin_stimC_vertical_lag80ms_20mssw_mixedtrain-none-trial] wrote /project/bdoiron/dracoxu/rct-fsflow/paper_project_final/out/stim/20231205/flow/evoked_peakbin_stimC_vertical_lag80ms_20mssw_mixedtrain-none-trial/C/flow_C_SLIPtoSFEF.npz
[20231205][SLIP->SSC] [evoked_peakbin_stimC_vertical_lag80ms_20mssw_mixedtrain-none-trial] wrote /project/bdoiron/dracoxu/rct-fsflow/paper_project_final/out/stim/20231205/flow/evoked_peakbin_stimC_vertical_lag80ms_20mssw_mixedtrain-none-trial/C/flow_C_SLIPtoSSC.npz
[20231205][SSC->SFEF] [evoked_peakbin_stimC_vertical_lag80ms_20mssw_mixedtrain-none-trial] wrote /project/bdoiron/dracoxu/rct-fsflow/paper_project_final/out/stim/20231205/flow/evoked_peakbin_stimC_vertical_lag80ms_20mssw_mixedtrain-none-trial/C/flow_C_SSCtoSFEF.npz
[20231205][SSC->SLIP] [evoked_peakbin_stimC_vertical_lag80ms_20mssw_mixedtrain-none-trial] wrote /project/bdoiron/dracoxu/rct-fsflow/paper_project_final/out/stim/20231205/flow/evoked_peakbin_stimC_vertical_lag80ms_20mssw_mixedtrain-none-trial/C/flow_C_SSCtoSLIP.npz

==================== STIM C: LAG 100ms [MIXEDTRAIN] ====================

========== STIM lag100ms: flow feature=C on CORRECT-ONLY (mixed-trained axes) ==========

[RUN] python cli/flow_session.py --out_root /project/bdoiron/dracoxu/rct-fsflow/paper_project_final/out --align stim --sid 20231205 --feature C --orientation vertical --lags_ms 100 --ridge 1e-2 --perms 500 --perm-within CR --null_method trial_shuffle --standardize_mode none --pt_min_ms 200 --no_induced --evoked_subtract --evoked_sigma_ms 10 --axes_tag axes_peakbin_stimCR-stim-vertical-20mssw_mixedtrain --tag evoked_peakbin_stimC_vertical_lag100ms_20mssw_mixedtrain --flow_tag_base evoked_peakbin_stimC_vertical_lag100ms_20mssw_mixedtrain --save_null_samples --norm auto --sliding_window_ms 20 --sliding_step_ms 10
[sliding-window] window=20.0ms (2 bins), step=10.0ms (1 bins), native=10.0ms
[20231205][SFEF->SLIP] [evoked_peakbin_stimC_vertical_lag100ms_20mssw_mixedtrain-none-trial] wrote /project/bdoiron/dracoxu/rct-fsflow/paper_project_final/out/stim/20231205/flow/evoked_peakbin_stimC_vertical_lag100ms_20mssw_mixedtrain-none-trial/C/flow_C_SFEFtoSLIP.npz
[20231205][SFEF->SSC] [evoked_peakbin_stimC_vertical_lag100ms_20mssw_mixedtrain-none-trial] wrote /project/bdoiron/dracoxu/rct-fsflow/paper_project_final/out/stim/20231205/flow/evoked_peakbin_stimC_vertical_lag100ms_20mssw_mixedtrain-none-trial/C/flow_C_SFEFtoSSC.npz
[20231205][SLIP->SFEF] [evoked_peakbin_stimC_vertical_lag100ms_20mssw_mixedtrain-none-trial] wrote /project/bdoiron/dracoxu/rct-fsflow/paper_project_final/out/stim/20231205/flow/evoked_peakbin_stimC_vertical_lag100ms_20mssw_mixedtrain-none-trial/C/flow_C_SLIPtoSFEF.npz
[20231205][SLIP->SSC] [evoked_peakbin_stimC_vertical_lag100ms_20mssw_mixedtrain-none-trial] wrote /project/bdoiron/dracoxu/rct-fsflow/paper_project_final/out/stim/20231205/flow/evoked_peakbin_stimC_vertical_lag100ms_20mssw_mixedtrain-none-trial/C/flow_C_SLIPtoSSC.npz
[20231205][SSC->SFEF] [evoked_peakbin_stimC_vertical_lag100ms_20mssw_mixedtrain-none-trial] wrote /project/bdoiron/dracoxu/rct-fsflow/paper_project_final/out/stim/20231205/flow/evoked_peakbin_stimC_vertical_lag100ms_20mssw_mixedtrain-none-trial/C/flow_C_SSCtoSFEF.npz
[20231205][SSC->SLIP] [evoked_peakbin_stimC_vertical_lag100ms_20mssw_mixedtrain-none-trial] wrote /project/bdoiron/dracoxu/rct-fsflow/paper_project_final/out/stim/20231205/flow/evoked_peakbin_stimC_vertical_lag100ms_20mssw_mixedtrain-none-trial/C/flow_C_SSCtoSLIP.npz

========== SACC 20ms sliding: train axes (S) on UNFILTERED data ==========

[RUN] python cli/train_axes.py --out_root /project/bdoiron/dracoxu/rct-fsflow/paper_project_final/out_nofilter --align sacc --sid 20231205 --orientation horizontal --features S --tag axes_peakbin_saccS-sacc-horizontal-20mssw_nofilter --norm global --clf_binary logreg --C_grid 0.1 0.3 1 3 10 --lda_shrinkage auto --searchS --search_range_S=-0.20:0.05 --search_step_ms 20 --search_len_ms 50 100 150 200 250 --search_score_mode peak_bin_auc --search_tiebreak shortest_then_closest0 --search_tol 0.01 --pt_min_ms_sacc 200 --sliding_window_ms 20 --sliding_step_ms 10
[sliding-window] window=20.0ms (4 bins), step=10.0ms (2 bins), native=5.0ms
[20231205][SFEF] wrote /project/bdoiron/dracoxu/rct-fsflow/paper_project_final/out_nofilter/sacc/20231205/axes/axes_peakbin_saccS-sacc-horizontal-20mssw_nofilter/axes_SFEF.npz
[20231205][SLIP] wrote /project/bdoiron/dracoxu/rct-fsflow/paper_project_final/out_nofilter/sacc/20231205/axes/axes_peakbin_saccS-sacc-horizontal-20mssw_nofilter/axes_SLIP.npz
[20231205][SSC] wrote /project/bdoiron/dracoxu/rct-fsflow/paper_project_final/out_nofilter/sacc/20231205/axes/axes_peakbin_saccS-sacc-horizontal-20mssw_nofilter/axes_SSC.npz
[ok] axes_summary.json → /project/bdoiron/dracoxu/rct-fsflow/paper_project_final/out_nofilter/sacc/20231205/axes/axes_peakbin_saccS-sacc-horizontal-20mssw_nofilter/axes_summary.json
[ok] config.json → /project/bdoiron/dracoxu/rct-fsflow/paper_project_final/out_nofilter/sacc/20231205/axes/axes_peakbin_saccS-sacc-horizontal-20mssw_nofilter/config.json

========== Copy SACC axes to out/ with _mixedtrain tag ==========
'/project/bdoiron/dracoxu/rct-fsflow/paper_project_final/out_nofilter/sacc/20231205/axes/axes_peakbin_saccS-sacc-horizontal-20mssw_nofilter/axes_SFEF.npz' -> '/project/bdoiron/dracoxu/rct-fsflow/paper_project_final/out/sacc/20231205/axes/axes_peakbin_saccS-sacc-horizontal-20mssw_mixedtrain/axes_SFEF.npz'
'/project/bdoiron/dracoxu/rct-fsflow/paper_project_final/out_nofilter/sacc/20231205/axes/axes_peakbin_saccS-sacc-horizontal-20mssw_nofilter/axes_SLIP.npz' -> '/project/bdoiron/dracoxu/rct-fsflow/paper_project_final/out/sacc/20231205/axes/axes_peakbin_saccS-sacc-horizontal-20mssw_mixedtrain/axes_SLIP.npz'
'/project/bdoiron/dracoxu/rct-fsflow/paper_project_final/out_nofilter/sacc/20231205/axes/axes_peakbin_saccS-sacc-horizontal-20mssw_nofilter/axes_SSC.npz' -> '/project/bdoiron/dracoxu/rct-fsflow/paper_project_final/out/sacc/20231205/axes/axes_peakbin_saccS-sacc-horizontal-20mssw_mixedtrain/axes_SSC.npz'
'/project/bdoiron/dracoxu/rct-fsflow/paper_project_final/out_nofilter/sacc/20231205/axes/axes_peakbin_saccS-sacc-horizontal-20mssw_nofilter/axes_summary.json' -> '/project/bdoiron/dracoxu/rct-fsflow/paper_project_final/out/sacc/20231205/axes/axes_peakbin_saccS-sacc-horizontal-20mssw_mixedtrain/axes_summary.json'
'/project/bdoiron/dracoxu/rct-fsflow/paper_project_final/out_nofilter/sacc/20231205/axes/axes_peakbin_saccS-sacc-horizontal-20mssw_nofilter/config.json' -> '/project/bdoiron/dracoxu/rct-fsflow/paper_project_final/out/sacc/20231205/axes/axes_peakbin_saccS-sacc-horizontal-20mssw_mixedtrain/config.json'
[info] Copied axes from /project/bdoiron/dracoxu/rct-fsflow/paper_project_final/out_nofilter/sacc/20231205/axes/axes_peakbin_saccS-sacc-horizontal-20mssw_nofilter to /project/bdoiron/dracoxu/rct-fsflow/paper_project_final/out/sacc/20231205/axes/axes_peakbin_saccS-sacc-horizontal-20mssw_mixedtrain

========== SACC 20ms sliding: QC on CORRECT-ONLY (with MIXED-TRAINED axes) ==========

[RUN] python cli/qc_axes.py --out_root /project/bdoiron/dracoxu/rct-fsflow/paper_project_final/out --align sacc --sid 20231205 --orientation horizontal --tag axes_peakbin_saccS-sacc-horizontal-20mssw_mixedtrain --thr 0.60 --k 5 --pt_min_ms_sacc 200 --norm auto --sliding_window_ms 20 --sliding_step_ms 10
[sliding-window] window=20.0ms (4 bins), step=10.0ms (2 bins), native=5.0ms
[20231205][SFEF] wrote /project/bdoiron/dracoxu/rct-fsflow/paper_project_final/out/sacc/20231205/qc/axes_peakbin_saccS-sacc-horizontal-20mssw_mixedtrain/qc_axes_SFEF.pdf (+ .png, .json)   lat(ms): C=None, Sraw=None, Sinv=None, T=None
[20231205][SLIP] wrote /project/bdoiron/dracoxu/rct-fsflow/paper_project_final/out/sacc/20231205/qc/axes_peakbin_saccS-sacc-horizontal-20mssw_mixedtrain/qc_axes_SLIP.pdf (+ .png, .json)   lat(ms): C=None, Sraw=None, Sinv=None, T=None
[20231205][SSC] wrote /project/bdoiron/dracoxu/rct-fsflow/paper_project_final/out/sacc/20231205/qc/axes_peakbin_saccS-sacc-horizontal-20mssw_mixedtrain/qc_axes_SSC.pdf (+ .png, .json)   lat(ms): C=None, Sraw=None, Sinv=None, T=None

==================== SACC S: LAG 30ms [MIXEDTRAIN] ====================

========== SACC lag30ms: flow feature=S on CORRECT-ONLY (mixed-trained axes) ==========

[RUN] python cli/flow_session.py --out_root /project/bdoiron/dracoxu/rct-fsflow/paper_project_final/out --align sacc --sid 20231205 --feature S --orientation horizontal --lags_ms 30 --ridge 1e-2 --perms 500 --perm-within CR --null_method trial_shuffle --standardize_mode none --pt_min_ms 200 --no_induced --evoked_subtract --evoked_sigma_ms 10 --axes_tag axes_peakbin_saccS-sacc-horizontal-20mssw_mixedtrain --tag evoked_peakbin_saccS_horizontal_lag30ms_20mssw_mixedtrain --flow_tag_base evoked_peakbin_saccS_horizontal_lag30ms_20mssw_mixedtrain --save_null_samples --norm auto --sliding_window_ms 20 --sliding_step_ms 10
[sliding-window] window=20.0ms (4 bins), step=10.0ms (2 bins), native=5.0ms
[skip] SFEF->SLIP: Missing S axis in one of the areas.
[skip] SFEF->SSC: Missing S axis in one of the areas.
[skip] SLIP->SFEF: Missing S axis in one of the areas.
[skip] SLIP->SSC: Missing S axis in one of the areas.
[skip] SSC->SFEF: Missing S axis in one of the areas.
[skip] SSC->SLIP: Missing S axis in one of the areas.

==================== SACC S: LAG 50ms [MIXEDTRAIN] ====================

========== SACC lag50ms: flow feature=S on CORRECT-ONLY (mixed-trained axes) ==========

[RUN] python cli/flow_session.py --out_root /project/bdoiron/dracoxu/rct-fsflow/paper_project_final/out --align sacc --sid 20231205 --feature S --orientation horizontal --lags_ms 50 --ridge 1e-2 --perms 500 --perm-within CR --null_method trial_shuffle --standardize_mode none --pt_min_ms 200 --no_induced --evoked_subtract --evoked_sigma_ms 10 --axes_tag axes_peakbin_saccS-sacc-horizontal-20mssw_mixedtrain --tag evoked_peakbin_saccS_horizontal_lag50ms_20mssw_mixedtrain --flow_tag_base evoked_peakbin_saccS_horizontal_lag50ms_20mssw_mixedtrain --save_null_samples --norm auto --sliding_window_ms 20 --sliding_step_ms 10
[sliding-window] window=20.0ms (4 bins), step=10.0ms (2 bins), native=5.0ms
[skip] SFEF->SLIP: Missing S axis in one of the areas.
[skip] SFEF->SSC: Missing S axis in one of the areas.
[skip] SLIP->SFEF: Missing S axis in one of the areas.
[skip] SLIP->SSC: Missing S axis in one of the areas.
[skip] SSC->SFEF: Missing S axis in one of the areas.
[skip] SSC->SLIP: Missing S axis in one of the areas.

==================== SACC S: LAG 60ms [MIXEDTRAIN] ====================

========== SACC lag60ms: flow feature=S on CORRECT-ONLY (mixed-trained axes) ==========

[RUN] python cli/flow_session.py --out_root /project/bdoiron/dracoxu/rct-fsflow/paper_project_final/out --align sacc --sid 20231205 --feature S --orientation horizontal --lags_ms 60 --ridge 1e-2 --perms 500 --perm-within CR --null_method trial_shuffle --standardize_mode none --pt_min_ms 200 --no_induced --evoked_subtract --evoked_sigma_ms 10 --axes_tag axes_peakbin_saccS-sacc-horizontal-20mssw_mixedtrain --tag evoked_peakbin_saccS_horizontal_lag60ms_20mssw_mixedtrain --flow_tag_base evoked_peakbin_saccS_horizontal_lag60ms_20mssw_mixedtrain --save_null_samples --norm auto --sliding_window_ms 20 --sliding_step_ms 10
[sliding-window] window=20.0ms (4 bins), step=10.0ms (2 bins), native=5.0ms
[skip] SFEF->SLIP: Missing S axis in one of the areas.
[skip] SFEF->SSC: Missing S axis in one of the areas.
[skip] SLIP->SFEF: Missing S axis in one of the areas.
[skip] SLIP->SSC: Missing S axis in one of the areas.
[skip] SSC->SFEF: Missing S axis in one of the areas.
[skip] SSC->SLIP: Missing S axis in one of the areas.

==================== SACC S: LAG 80ms [MIXEDTRAIN] ====================

========== SACC lag80ms: flow feature=S on CORRECT-ONLY (mixed-trained axes) ==========

[RUN] python cli/flow_session.py --out_root /project/bdoiron/dracoxu/rct-fsflow/paper_project_final/out --align sacc --sid 20231205 --feature S --orientation horizontal --lags_ms 80 --ridge 1e-2 --perms 500 --perm-within CR --null_method trial_shuffle --standardize_mode none --pt_min_ms 200 --no_induced --evoked_subtract --evoked_sigma_ms 10 --axes_tag axes_peakbin_saccS-sacc-horizontal-20mssw_mixedtrain --tag evoked_peakbin_saccS_horizontal_lag80ms_20mssw_mixedtrain --flow_tag_base evoked_peakbin_saccS_horizontal_lag80ms_20mssw_mixedtrain --save_null_samples --norm auto --sliding_window_ms 20 --sliding_step_ms 10
[sliding-window] window=20.0ms (4 bins), step=10.0ms (2 bins), native=5.0ms
[skip] SFEF->SLIP: Missing S axis in one of the areas.
[skip] SFEF->SSC: Missing S axis in one of the areas.
[skip] SLIP->SFEF: Missing S axis in one of the areas.
[skip] SLIP->SSC: Missing S axis in one of the areas.
[skip] SSC->SFEF: Missing S axis in one of the areas.
[skip] SSC->SLIP: Missing S axis in one of the areas.

[done] 20ms sliding window peakbin MULTI-LAG (MIXED TRAINING) complete for SID=20231205

============================================================
MIXED TRAINING workflow completed.

AXES TRAINED ON: /project/bdoiron/dracoxu/rct-fsflow/paper_project_final/out_nofilter (unfiltered, all trials)
QC/FLOW RUN ON:  /project/bdoiron/dracoxu/rct-fsflow/paper_project_final/out (correct-only caches)

Flow tags generated (with _mixedtrain suffix):

STIM C lags:
  - evoked_peakbin_stimC_vertical_lag30ms_20mssw_mixedtrain-none-trial
  - evoked_peakbin_stimC_vertical_lag40ms_20mssw_mixedtrain-none-trial
  - evoked_peakbin_stimC_vertical_lag50ms_20mssw_mixedtrain-none-trial
  - evoked_peakbin_stimC_vertical_lag60ms_20mssw_mixedtrain-none-trial
  - evoked_peakbin_stimC_vertical_lag80ms_20mssw_mixedtrain-none-trial
  - evoked_peakbin_stimC_vertical_lag100ms_20mssw_mixedtrain-none-trial

SACC S lags:
  - evoked_peakbin_saccS_horizontal_lag30ms_20mssw_mixedtrain-none-trial
  - evoked_peakbin_saccS_horizontal_lag50ms_20mssw_mixedtrain-none-trial
  - evoked_peakbin_saccS_horizontal_lag60ms_20mssw_mixedtrain-none-trial
  - evoked_peakbin_saccS_horizontal_lag80ms_20mssw_mixedtrain-none-trial

Compare with original correct-only results to assess impact of
training on contaminated data (~3% incorrect trials for Monkey M).
============================================================
