[info] task=3 SID=20200401
[info] PAPER_HOME=/project/bdoiron/dracoxu/rct-fsflow/paper_project_final
[info] OUT_ROOT=/project/bdoiron/dracoxu/rct-fsflow/paper_project_final/out
[info] DRY_RUN=0 CONTINUE_ON_ERROR=0

========== STIM: train axes (C,R) peakbin ==========

[RUN] python cli/train_axes.py --out_root /project/bdoiron/dracoxu/rct-fsflow/paper_project_final/out --align stim --sid 20200401 --orientation vertical --features C R --tag axes_peakbin_stimCR-stim-vertical --norm global --clf_binary logreg --C_grid 0.1 0.3 1 3 10 --lda_shrinkage auto --searchC --searchR --search_range_C=0.00:0.50 --search_range_R=0.00:0.50 --search_step_ms 20 --search_len_ms 50 100 150 200 250 --search_score_mode peak_bin_auc --search_tiebreak shortest_then_earliest --search_tol 0.01 --pt_min_ms_stim 200
[20200401][MFEF] wrote /project/bdoiron/dracoxu/rct-fsflow/paper_project_final/out/stim/20200401/axes/axes_peakbin_stimCR-stim-vertical/axes_MFEF.npz
    → winC_selected: [0.14, 0.19], score: 0.8476, peak@185ms (cv_auc=0.9535)
[20200401][MLIP] wrote /project/bdoiron/dracoxu/rct-fsflow/paper_project_final/out/stim/20200401/axes/axes_peakbin_stimCR-stim-vertical/axes_MLIP.npz
    → winC_selected: [0.4200000000000001, 0.4700000000000001], score: 0.8500, peak@445ms (cv_auc=0.9481)
[ok] axes_summary.json → /project/bdoiron/dracoxu/rct-fsflow/paper_project_final/out/stim/20200401/axes/axes_peakbin_stimCR-stim-vertical/axes_summary.json
[ok] config.json → /project/bdoiron/dracoxu/rct-fsflow/paper_project_final/out/stim/20200401/axes/axes_peakbin_stimCR-stim-vertical/config.json

========== STIM: QC ==========

[RUN] python cli/qc_axes.py --out_root /project/bdoiron/dracoxu/rct-fsflow/paper_project_final/out --align stim --sid 20200401 --orientation vertical --tag axes_peakbin_stimCR-stim-vertical --thr 0.60 --k 5 --pt_min_ms_stim 200 --norm auto
[20200401][MFEF] wrote /project/bdoiron/dracoxu/rct-fsflow/paper_project_final/out/stim/20200401/qc/axes_peakbin_stimCR-stim-vertical/qc_axes_MFEF.pdf (+ .png, .json)   lat(ms): C=104.99999672174454, Sraw=None, Sinv=None, T=None
[20200401][MLIP] wrote /project/bdoiron/dracoxu/rct-fsflow/paper_project_final/out/stim/20200401/qc/axes_peakbin_stimCR-stim-vertical/qc_axes_MLIP.pdf (+ .png, .json)   lat(ms): C=284.9999964237213, Sraw=None, Sinv=None, T=None

========== STIM: flow feature=C (save null) ==========

[RUN] python cli/flow_session.py --out_root /project/bdoiron/dracoxu/rct-fsflow/paper_project_final/out --align stim --sid 20200401 --feature C --orientation vertical --lags_ms 80 --ridge 1e-2 --perms 500 --perm-within CR --null_method trial_shuffle --standardize_mode none --pt_min_ms 200 --no_induced --evoked_subtract --evoked_sigma_ms 10 --axes_tag axes_peakbin_stimCR-stim-vertical --tag evoked_peakbin_stimC_vertical_lag80ms --flow_tag_base evoked_peakbin_stimC_vertical_lag80ms --save_null_samples --norm auto
[20200401][MFEF->MLIP] [evoked_peakbin_stimC_vertical_lag80ms-none-trial] wrote /project/bdoiron/dracoxu/rct-fsflow/paper_project_final/out/stim/20200401/flow/evoked_peakbin_stimC_vertical_lag80ms-none-trial/C/flow_C_MFEFtoMLIP.npz
[20200401][MLIP->MFEF] [evoked_peakbin_stimC_vertical_lag80ms-none-trial] wrote /project/bdoiron/dracoxu/rct-fsflow/paper_project_final/out/stim/20200401/flow/evoked_peakbin_stimC_vertical_lag80ms-none-trial/C/flow_C_MLIPtoMFEF.npz

========== STIM: flow feature=R (save null) ==========

[RUN] python cli/flow_session.py --out_root /project/bdoiron/dracoxu/rct-fsflow/paper_project_final/out --align stim --sid 20200401 --feature R --orientation vertical --lags_ms 80 --ridge 1e-2 --perms 500 --perm-within CR --null_method trial_shuffle --standardize_mode none --pt_min_ms 200 --no_induced --evoked_subtract --evoked_sigma_ms 10 --axes_tag axes_peakbin_stimCR-stim-vertical --tag evoked_peakbin_stimR_vertical_lag80ms --flow_tag_base evoked_peakbin_stimR_vertical_lag80ms --save_null_samples --norm auto
[20200401][MFEF->MLIP] [evoked_peakbin_stimR_vertical_lag80ms-none-trial] wrote /project/bdoiron/dracoxu/rct-fsflow/paper_project_final/out/stim/20200401/flow/evoked_peakbin_stimR_vertical_lag80ms-none-trial/R/flow_R_MFEFtoMLIP.npz
[20200401][MLIP->MFEF] [evoked_peakbin_stimR_vertical_lag80ms-none-trial] wrote /project/bdoiron/dracoxu/rct-fsflow/paper_project_final/out/stim/20200401/flow/evoked_peakbin_stimR_vertical_lag80ms-none-trial/R/flow_R_MLIPtoMFEF.npz

========== SACC: train axes (S) peakbin ==========

[RUN] python cli/train_axes.py --out_root /project/bdoiron/dracoxu/rct-fsflow/paper_project_final/out --align sacc --sid 20200401 --orientation horizontal --features S --tag axes_peakbin_saccS-sacc-horizontal --norm global --clf_binary logreg --C_grid 0.1 0.3 1 3 10 --lda_shrinkage auto --searchS --search_range_S=-0.20:0.05 --search_step_ms 20 --search_len_ms 50 100 150 200 250 --search_score_mode peak_bin_auc --search_tiebreak shortest_then_closest0 --search_tol 0.01 --pt_min_ms_sacc 200
[20200401][MFEF] wrote /project/bdoiron/dracoxu/rct-fsflow/paper_project_final/out/sacc/20200401/axes/axes_peakbin_saccS-sacc-horizontal/axes_MFEF.npz
[20200401][MLIP] wrote /project/bdoiron/dracoxu/rct-fsflow/paper_project_final/out/sacc/20200401/axes/axes_peakbin_saccS-sacc-horizontal/axes_MLIP.npz
[ok] axes_summary.json → /project/bdoiron/dracoxu/rct-fsflow/paper_project_final/out/sacc/20200401/axes/axes_peakbin_saccS-sacc-horizontal/axes_summary.json
[ok] config.json → /project/bdoiron/dracoxu/rct-fsflow/paper_project_final/out/sacc/20200401/axes/axes_peakbin_saccS-sacc-horizontal/config.json

========== SACC: QC ==========

[RUN] python cli/qc_axes.py --out_root /project/bdoiron/dracoxu/rct-fsflow/paper_project_final/out --align sacc --sid 20200401 --orientation horizontal --tag axes_peakbin_saccS-sacc-horizontal --thr 0.60 --k 5 --pt_min_ms_sacc 200 --norm auto
[20200401][MFEF] wrote /project/bdoiron/dracoxu/rct-fsflow/paper_project_final/out/sacc/20200401/qc/axes_peakbin_saccS-sacc-horizontal/qc_axes_MFEF.pdf (+ .png, .json)   lat(ms): C=None, Sraw=-92.5000011920929, Sinv=-92.5000011920929, T=None
[20200401][MLIP] wrote /project/bdoiron/dracoxu/rct-fsflow/paper_project_final/out/sacc/20200401/qc/axes_peakbin_saccS-sacc-horizontal/qc_axes_MLIP.pdf (+ .png, .json)   lat(ms): C=None, Sraw=-42.500000447034836, Sinv=-42.500000447034836, T=None

========== SACC: flow feature=S (save null) ==========

[RUN] python cli/flow_session.py --out_root /project/bdoiron/dracoxu/rct-fsflow/paper_project_final/out --align sacc --sid 20200401 --feature S --orientation horizontal --lags_ms 50 --ridge 1e-2 --perms 500 --perm-within CR --null_method trial_shuffle --standardize_mode none --pt_min_ms 200 --no_induced --evoked_subtract --evoked_sigma_ms 10 --axes_tag axes_peakbin_saccS-sacc-horizontal --tag evoked_peakbin_saccS_horizontal_lag50ms --flow_tag_base evoked_peakbin_saccS_horizontal_lag50ms --save_null_samples --norm auto
[20200401][MFEF->MLIP] [evoked_peakbin_saccS_horizontal_lag50ms-none-trial] wrote /project/bdoiron/dracoxu/rct-fsflow/paper_project_final/out/sacc/20200401/flow/evoked_peakbin_saccS_horizontal_lag50ms-none-trial/S/flow_S_MFEFtoMLIP.npz
[20200401][MLIP->MFEF] [evoked_peakbin_saccS_horizontal_lag50ms-none-trial] wrote /project/bdoiron/dracoxu/rct-fsflow/paper_project_final/out/sacc/20200401/flow/evoked_peakbin_saccS_horizontal_lag50ms-none-trial/S/flow_S_MLIPtoMFEF.npz

[done] peakbin axes+QC+flow complete for SID=20200401
