[info] task=6 SID=20200929
[info] PAPER_HOME=/project/bdoiron/dracoxu/rct-fsflow/paper_project_final
[info] OUT_ROOT=/project/bdoiron/dracoxu/rct-fsflow/paper_project_final/out
[info] DRY_RUN=0 CONTINUE_ON_ERROR=0

========== STIM 20ms sliding: train axes (C,R) peakbin ==========

[RUN] python cli/train_axes.py --out_root /project/bdoiron/dracoxu/rct-fsflow/paper_project_final/out --align stim --sid 20200929 --orientation vertical --features C R --tag axes_peakbin_stimCR-stim-vertical-20mssw --norm global --clf_binary logreg --C_grid 0.1 0.3 1 3 10 --lda_shrinkage auto --searchC --searchR --search_range_C=0.00:0.50 --search_range_R=0.00:0.50 --search_step_ms 20 --search_len_ms 50 100 150 200 250 --search_score_mode peak_bin_auc --search_tiebreak shortest_then_earliest --search_tol 0.01 --pt_min_ms_stim 200 --sliding_window_ms 20 --sliding_step_ms 10
[sliding-window] window=20.0ms (2 bins), step=10.0ms (1 bins), native=10.0ms
[20200929][MFEF] wrote /project/bdoiron/dracoxu/rct-fsflow/paper_project_final/out/stim/20200929/axes/axes_peakbin_stimCR-stim-vertical-20mssw/axes_MFEF.npz
    → winC_selected: [0.36000000000000004, 0.41000000000000003], score: 0.9645, peak@380ms (cv_auc=0.9892)
[20200929][MLIP] wrote /project/bdoiron/dracoxu/rct-fsflow/paper_project_final/out/stim/20200929/axes/axes_peakbin_stimCR-stim-vertical-20mssw/axes_MLIP.npz
    → winC_selected: [0.4000000000000001, 0.45000000000000007], score: 0.8430, peak@410ms (cv_auc=0.9147)
[20200929][MSC] wrote /project/bdoiron/dracoxu/rct-fsflow/paper_project_final/out/stim/20200929/axes/axes_peakbin_stimCR-stim-vertical-20mssw/axes_MSC.npz
    → winC_selected: [0.34, 0.39], score: 0.6037, peak@340ms (cv_auc=0.5980)
[ok] axes_summary.json → /project/bdoiron/dracoxu/rct-fsflow/paper_project_final/out/stim/20200929/axes/axes_peakbin_stimCR-stim-vertical-20mssw/axes_summary.json
[ok] config.json → /project/bdoiron/dracoxu/rct-fsflow/paper_project_final/out/stim/20200929/axes/axes_peakbin_stimCR-stim-vertical-20mssw/config.json

========== STIM 20ms sliding: QC ==========

[RUN] python cli/qc_axes.py --out_root /project/bdoiron/dracoxu/rct-fsflow/paper_project_final/out --align stim --sid 20200929 --orientation vertical --tag axes_peakbin_stimCR-stim-vertical-20mssw --thr 0.60 --k 5 --pt_min_ms_stim 200 --norm auto --sliding_window_ms 20 --sliding_step_ms 10
[sliding-window] window=20.0ms (2 bins), step=10.0ms (1 bins), native=10.0ms
[20200929][MFEF] wrote /project/bdoiron/dracoxu/rct-fsflow/paper_project_final/out/stim/20200929/qc/axes_peakbin_stimCR-stim-vertical-20mssw/qc_axes_MFEF.pdf (+ .png, .json)   lat(ms): C=179.99999970197678, Sraw=None, Sinv=None, T=None
[20200929][MLIP] wrote /project/bdoiron/dracoxu/rct-fsflow/paper_project_final/out/stim/20200929/qc/axes_peakbin_stimCR-stim-vertical-20mssw/qc_axes_MLIP.pdf (+ .png, .json)   lat(ms): C=310.0000023841858, Sraw=None, Sinv=None, T=None
[20200929][MSC] wrote /project/bdoiron/dracoxu/rct-fsflow/paper_project_final/out/stim/20200929/qc/axes_peakbin_stimCR-stim-vertical-20mssw/qc_axes_MSC.pdf (+ .png, .json)   lat(ms): C=None, Sraw=None, Sinv=None, T=None

==================== LAG 30ms ====================

========== STIM lag30ms: flow feature=C (save null) ==========

[RUN] python cli/flow_session.py --out_root /project/bdoiron/dracoxu/rct-fsflow/paper_project_final/out --align stim --sid 20200929 --feature C --orientation vertical --lags_ms 30 --ridge 1e-2 --perms 500 --perm-within CR --null_method trial_shuffle --standardize_mode none --pt_min_ms 200 --no_induced --evoked_subtract --evoked_sigma_ms 10 --axes_tag axes_peakbin_stimCR-stim-vertical-20mssw --tag evoked_peakbin_stimC_vertical_lag30ms_20mssw --flow_tag_base evoked_peakbin_stimC_vertical_lag30ms_20mssw --save_null_samples --norm auto --sliding_window_ms 20 --sliding_step_ms 10
[sliding-window] window=20.0ms (2 bins), step=10.0ms (1 bins), native=10.0ms
[20200929][MFEF->MLIP] [evoked_peakbin_stimC_vertical_lag30ms_20mssw-none-trial] wrote /project/bdoiron/dracoxu/rct-fsflow/paper_project_final/out/stim/20200929/flow/evoked_peakbin_stimC_vertical_lag30ms_20mssw-none-trial/C/flow_C_MFEFtoMLIP.npz
[20200929][MFEF->MSC] [evoked_peakbin_stimC_vertical_lag30ms_20mssw-none-trial] wrote /project/bdoiron/dracoxu/rct-fsflow/paper_project_final/out/stim/20200929/flow/evoked_peakbin_stimC_vertical_lag30ms_20mssw-none-trial/C/flow_C_MFEFtoMSC.npz
[20200929][MLIP->MFEF] [evoked_peakbin_stimC_vertical_lag30ms_20mssw-none-trial] wrote /project/bdoiron/dracoxu/rct-fsflow/paper_project_final/out/stim/20200929/flow/evoked_peakbin_stimC_vertical_lag30ms_20mssw-none-trial/C/flow_C_MLIPtoMFEF.npz
[20200929][MLIP->MSC] [evoked_peakbin_stimC_vertical_lag30ms_20mssw-none-trial] wrote /project/bdoiron/dracoxu/rct-fsflow/paper_project_final/out/stim/20200929/flow/evoked_peakbin_stimC_vertical_lag30ms_20mssw-none-trial/C/flow_C_MLIPtoMSC.npz
[20200929][MSC->MFEF] [evoked_peakbin_stimC_vertical_lag30ms_20mssw-none-trial] wrote /project/bdoiron/dracoxu/rct-fsflow/paper_project_final/out/stim/20200929/flow/evoked_peakbin_stimC_vertical_lag30ms_20mssw-none-trial/C/flow_C_MSCtoMFEF.npz
[20200929][MSC->MLIP] [evoked_peakbin_stimC_vertical_lag30ms_20mssw-none-trial] wrote /project/bdoiron/dracoxu/rct-fsflow/paper_project_final/out/stim/20200929/flow/evoked_peakbin_stimC_vertical_lag30ms_20mssw-none-trial/C/flow_C_MSCtoMLIP.npz

========== STIM lag30ms: flow feature=R (save null) ==========

[RUN] python cli/flow_session.py --out_root /project/bdoiron/dracoxu/rct-fsflow/paper_project_final/out --align stim --sid 20200929 --feature R --orientation vertical --lags_ms 30 --ridge 1e-2 --perms 500 --perm-within CR --null_method trial_shuffle --standardize_mode none --pt_min_ms 200 --no_induced --evoked_subtract --evoked_sigma_ms 10 --axes_tag axes_peakbin_stimCR-stim-vertical-20mssw --tag evoked_peakbin_stimR_vertical_lag30ms_20mssw --flow_tag_base evoked_peakbin_stimR_vertical_lag30ms_20mssw --save_null_samples --norm auto --sliding_window_ms 20 --sliding_step_ms 10
[sliding-window] window=20.0ms (2 bins), step=10.0ms (1 bins), native=10.0ms
[20200929][MFEF->MLIP] [evoked_peakbin_stimR_vertical_lag30ms_20mssw-none-trial] wrote /project/bdoiron/dracoxu/rct-fsflow/paper_project_final/out/stim/20200929/flow/evoked_peakbin_stimR_vertical_lag30ms_20mssw-none-trial/R/flow_R_MFEFtoMLIP.npz
[20200929][MFEF->MSC] [evoked_peakbin_stimR_vertical_lag30ms_20mssw-none-trial] wrote /project/bdoiron/dracoxu/rct-fsflow/paper_project_final/out/stim/20200929/flow/evoked_peakbin_stimR_vertical_lag30ms_20mssw-none-trial/R/flow_R_MFEFtoMSC.npz
[20200929][MLIP->MFEF] [evoked_peakbin_stimR_vertical_lag30ms_20mssw-none-trial] wrote /project/bdoiron/dracoxu/rct-fsflow/paper_project_final/out/stim/20200929/flow/evoked_peakbin_stimR_vertical_lag30ms_20mssw-none-trial/R/flow_R_MLIPtoMFEF.npz
[20200929][MLIP->MSC] [evoked_peakbin_stimR_vertical_lag30ms_20mssw-none-trial] wrote /project/bdoiron/dracoxu/rct-fsflow/paper_project_final/out/stim/20200929/flow/evoked_peakbin_stimR_vertical_lag30ms_20mssw-none-trial/R/flow_R_MLIPtoMSC.npz
[20200929][MSC->MFEF] [evoked_peakbin_stimR_vertical_lag30ms_20mssw-none-trial] wrote /project/bdoiron/dracoxu/rct-fsflow/paper_project_final/out/stim/20200929/flow/evoked_peakbin_stimR_vertical_lag30ms_20mssw-none-trial/R/flow_R_MSCtoMFEF.npz
[20200929][MSC->MLIP] [evoked_peakbin_stimR_vertical_lag30ms_20mssw-none-trial] wrote /project/bdoiron/dracoxu/rct-fsflow/paper_project_final/out/stim/20200929/flow/evoked_peakbin_stimR_vertical_lag30ms_20mssw-none-trial/R/flow_R_MSCtoMLIP.npz

==================== LAG 50ms ====================

========== STIM lag50ms: flow feature=C (save null) ==========

[RUN] python cli/flow_session.py --out_root /project/bdoiron/dracoxu/rct-fsflow/paper_project_final/out --align stim --sid 20200929 --feature C --orientation vertical --lags_ms 50 --ridge 1e-2 --perms 500 --perm-within CR --null_method trial_shuffle --standardize_mode none --pt_min_ms 200 --no_induced --evoked_subtract --evoked_sigma_ms 10 --axes_tag axes_peakbin_stimCR-stim-vertical-20mssw --tag evoked_peakbin_stimC_vertical_lag50ms_20mssw --flow_tag_base evoked_peakbin_stimC_vertical_lag50ms_20mssw --save_null_samples --norm auto --sliding_window_ms 20 --sliding_step_ms 10
[sliding-window] window=20.0ms (2 bins), step=10.0ms (1 bins), native=10.0ms
[20200929][MFEF->MLIP] [evoked_peakbin_stimC_vertical_lag50ms_20mssw-none-trial] wrote /project/bdoiron/dracoxu/rct-fsflow/paper_project_final/out/stim/20200929/flow/evoked_peakbin_stimC_vertical_lag50ms_20mssw-none-trial/C/flow_C_MFEFtoMLIP.npz
[20200929][MFEF->MSC] [evoked_peakbin_stimC_vertical_lag50ms_20mssw-none-trial] wrote /project/bdoiron/dracoxu/rct-fsflow/paper_project_final/out/stim/20200929/flow/evoked_peakbin_stimC_vertical_lag50ms_20mssw-none-trial/C/flow_C_MFEFtoMSC.npz
[20200929][MLIP->MFEF] [evoked_peakbin_stimC_vertical_lag50ms_20mssw-none-trial] wrote /project/bdoiron/dracoxu/rct-fsflow/paper_project_final/out/stim/20200929/flow/evoked_peakbin_stimC_vertical_lag50ms_20mssw-none-trial/C/flow_C_MLIPtoMFEF.npz
[20200929][MLIP->MSC] [evoked_peakbin_stimC_vertical_lag50ms_20mssw-none-trial] wrote /project/bdoiron/dracoxu/rct-fsflow/paper_project_final/out/stim/20200929/flow/evoked_peakbin_stimC_vertical_lag50ms_20mssw-none-trial/C/flow_C_MLIPtoMSC.npz
[20200929][MSC->MFEF] [evoked_peakbin_stimC_vertical_lag50ms_20mssw-none-trial] wrote /project/bdoiron/dracoxu/rct-fsflow/paper_project_final/out/stim/20200929/flow/evoked_peakbin_stimC_vertical_lag50ms_20mssw-none-trial/C/flow_C_MSCtoMFEF.npz
[20200929][MSC->MLIP] [evoked_peakbin_stimC_vertical_lag50ms_20mssw-none-trial] wrote /project/bdoiron/dracoxu/rct-fsflow/paper_project_final/out/stim/20200929/flow/evoked_peakbin_stimC_vertical_lag50ms_20mssw-none-trial/C/flow_C_MSCtoMLIP.npz

========== STIM lag50ms: flow feature=R (save null) ==========

[RUN] python cli/flow_session.py --out_root /project/bdoiron/dracoxu/rct-fsflow/paper_project_final/out --align stim --sid 20200929 --feature R --orientation vertical --lags_ms 50 --ridge 1e-2 --perms 500 --perm-within CR --null_method trial_shuffle --standardize_mode none --pt_min_ms 200 --no_induced --evoked_subtract --evoked_sigma_ms 10 --axes_tag axes_peakbin_stimCR-stim-vertical-20mssw --tag evoked_peakbin_stimR_vertical_lag50ms_20mssw --flow_tag_base evoked_peakbin_stimR_vertical_lag50ms_20mssw --save_null_samples --norm auto --sliding_window_ms 20 --sliding_step_ms 10
[sliding-window] window=20.0ms (2 bins), step=10.0ms (1 bins), native=10.0ms
[20200929][MFEF->MLIP] [evoked_peakbin_stimR_vertical_lag50ms_20mssw-none-trial] wrote /project/bdoiron/dracoxu/rct-fsflow/paper_project_final/out/stim/20200929/flow/evoked_peakbin_stimR_vertical_lag50ms_20mssw-none-trial/R/flow_R_MFEFtoMLIP.npz
[20200929][MFEF->MSC] [evoked_peakbin_stimR_vertical_lag50ms_20mssw-none-trial] wrote /project/bdoiron/dracoxu/rct-fsflow/paper_project_final/out/stim/20200929/flow/evoked_peakbin_stimR_vertical_lag50ms_20mssw-none-trial/R/flow_R_MFEFtoMSC.npz
[20200929][MLIP->MFEF] [evoked_peakbin_stimR_vertical_lag50ms_20mssw-none-trial] wrote /project/bdoiron/dracoxu/rct-fsflow/paper_project_final/out/stim/20200929/flow/evoked_peakbin_stimR_vertical_lag50ms_20mssw-none-trial/R/flow_R_MLIPtoMFEF.npz
[20200929][MLIP->MSC] [evoked_peakbin_stimR_vertical_lag50ms_20mssw-none-trial] wrote /project/bdoiron/dracoxu/rct-fsflow/paper_project_final/out/stim/20200929/flow/evoked_peakbin_stimR_vertical_lag50ms_20mssw-none-trial/R/flow_R_MLIPtoMSC.npz
[20200929][MSC->MFEF] [evoked_peakbin_stimR_vertical_lag50ms_20mssw-none-trial] wrote /project/bdoiron/dracoxu/rct-fsflow/paper_project_final/out/stim/20200929/flow/evoked_peakbin_stimR_vertical_lag50ms_20mssw-none-trial/R/flow_R_MSCtoMFEF.npz
[20200929][MSC->MLIP] [evoked_peakbin_stimR_vertical_lag50ms_20mssw-none-trial] wrote /project/bdoiron/dracoxu/rct-fsflow/paper_project_final/out/stim/20200929/flow/evoked_peakbin_stimR_vertical_lag50ms_20mssw-none-trial/R/flow_R_MSCtoMLIP.npz

[done] 20ms sliding window peakbin LAG30ms + LAG50ms complete for SID=20200929

============================================================
LAG VERIFICATION workflow completed. Next steps:
  1. Run summarize_flow_across_sessions.py with:
     --tags evoked_peakbin_stimC_vertical_lag30ms_20mssw-none-trial
     --tags evoked_peakbin_stimC_vertical_lag50ms_20mssw-none-trial
     --smooth_ms 30
  2. Compare the significance patterns at 310-320ms between lag30 and lag50
============================================================
