[info] task=23 SID=20231205
[info] PAPER_HOME=/project/bdoiron/dracoxu/rct-fsflow/paper_project_final
[info] OUT_ROOT=/project/bdoiron/dracoxu/rct-fsflow/paper_project_final/out
[info] DRY_RUN=0 CONTINUE_ON_ERROR=0

========== STIM: train axes (C,R) peakbin ==========

[RUN] python cli/train_axes.py --out_root /project/bdoiron/dracoxu/rct-fsflow/paper_project_final/out --align stim --sid 20231205 --orientation vertical --features C R --tag axes_peakbin_stimCR-stim-vertical --norm global --clf_binary logreg --C_grid 0.1 0.3 1 3 10 --lda_shrinkage auto --searchC --searchR --search_range_C=0.00:0.50 --search_range_R=0.00:0.50 --search_step_ms 20 --search_len_ms 50 100 150 200 250 --search_score_mode peak_bin_auc --search_tiebreak shortest_then_earliest --search_tol 0.01 --pt_min_ms_stim 200
[20231205][SFEF] wrote /project/bdoiron/dracoxu/rct-fsflow/paper_project_final/out/stim/20231205/axes/axes_peakbin_stimCR-stim-vertical/axes_SFEF.npz
    → winC_selected: [0.32, 0.37], score: 0.8340, peak@325ms (cv_auc=0.8624)
[20231205][SLIP] wrote /project/bdoiron/dracoxu/rct-fsflow/paper_project_final/out/stim/20231205/axes/axes_peakbin_stimCR-stim-vertical/axes_SLIP.npz
    → winC_selected: [0.34, 0.44000000000000006], score: 0.7138, peak@365ms (cv_auc=0.7456)
[20231205][SSC] wrote /project/bdoiron/dracoxu/rct-fsflow/paper_project_final/out/stim/20231205/axes/axes_peakbin_stimCR-stim-vertical/axes_SSC.npz
    → winC_selected: [0.3, 0.35], score: 0.7241, peak@305ms (cv_auc=0.6591)
[ok] axes_summary.json → /project/bdoiron/dracoxu/rct-fsflow/paper_project_final/out/stim/20231205/axes/axes_peakbin_stimCR-stim-vertical/axes_summary.json
[ok] config.json → /project/bdoiron/dracoxu/rct-fsflow/paper_project_final/out/stim/20231205/axes/axes_peakbin_stimCR-stim-vertical/config.json

========== STIM: QC ==========

[RUN] python cli/qc_axes.py --out_root /project/bdoiron/dracoxu/rct-fsflow/paper_project_final/out --align stim --sid 20231205 --orientation vertical --tag axes_peakbin_stimCR-stim-vertical --thr 0.60 --k 5 --pt_min_ms_stim 200 --norm auto
[20231205][SFEF] wrote /project/bdoiron/dracoxu/rct-fsflow/paper_project_final/out/stim/20231205/qc/axes_peakbin_stimCR-stim-vertical/qc_axes_SFEF.pdf (+ .png, .json)   lat(ms): C=135.00000536441803, Sraw=None, Sinv=None, T=None
[20231205][SLIP] wrote /project/bdoiron/dracoxu/rct-fsflow/paper_project_final/out/stim/20231205/qc/axes_peakbin_stimCR-stim-vertical/qc_axes_SLIP.pdf (+ .png, .json)   lat(ms): C=344.9999988079071, Sraw=None, Sinv=None, T=None
[20231205][SSC] wrote /project/bdoiron/dracoxu/rct-fsflow/paper_project_final/out/stim/20231205/qc/axes_peakbin_stimCR-stim-vertical/qc_axes_SSC.pdf (+ .png, .json)   lat(ms): C=None, Sraw=None, Sinv=None, T=None

========== STIM: flow feature=C (save null) ==========

[RUN] python cli/flow_session.py --out_root /project/bdoiron/dracoxu/rct-fsflow/paper_project_final/out --align stim --sid 20231205 --feature C --orientation vertical --lags_ms 50 --ridge 1e-2 --perms 500 --perm-within CR --null_method trial_shuffle --standardize_mode none --pt_min_ms 200 --no_induced --evoked_subtract --evoked_sigma_ms 10 --axes_tag axes_peakbin_stimCR-stim-vertical --tag evoked_peakbin_stimC_vertical_lag50ms --flow_tag_base evoked_peakbin_stimC_vertical_lag50ms --save_null_samples --norm auto
[20231205][SFEF->SLIP] [evoked_peakbin_stimC_vertical_lag50ms-none-trial] wrote /project/bdoiron/dracoxu/rct-fsflow/paper_project_final/out/stim/20231205/flow/evoked_peakbin_stimC_vertical_lag50ms-none-trial/C/flow_C_SFEFtoSLIP.npz
[20231205][SFEF->SSC] [evoked_peakbin_stimC_vertical_lag50ms-none-trial] wrote /project/bdoiron/dracoxu/rct-fsflow/paper_project_final/out/stim/20231205/flow/evoked_peakbin_stimC_vertical_lag50ms-none-trial/C/flow_C_SFEFtoSSC.npz
[20231205][SLIP->SFEF] [evoked_peakbin_stimC_vertical_lag50ms-none-trial] wrote /project/bdoiron/dracoxu/rct-fsflow/paper_project_final/out/stim/20231205/flow/evoked_peakbin_stimC_vertical_lag50ms-none-trial/C/flow_C_SLIPtoSFEF.npz
[20231205][SLIP->SSC] [evoked_peakbin_stimC_vertical_lag50ms-none-trial] wrote /project/bdoiron/dracoxu/rct-fsflow/paper_project_final/out/stim/20231205/flow/evoked_peakbin_stimC_vertical_lag50ms-none-trial/C/flow_C_SLIPtoSSC.npz
[20231205][SSC->SFEF] [evoked_peakbin_stimC_vertical_lag50ms-none-trial] wrote /project/bdoiron/dracoxu/rct-fsflow/paper_project_final/out/stim/20231205/flow/evoked_peakbin_stimC_vertical_lag50ms-none-trial/C/flow_C_SSCtoSFEF.npz
[20231205][SSC->SLIP] [evoked_peakbin_stimC_vertical_lag50ms-none-trial] wrote /project/bdoiron/dracoxu/rct-fsflow/paper_project_final/out/stim/20231205/flow/evoked_peakbin_stimC_vertical_lag50ms-none-trial/C/flow_C_SSCtoSLIP.npz

========== STIM: flow feature=R (save null) ==========

[RUN] python cli/flow_session.py --out_root /project/bdoiron/dracoxu/rct-fsflow/paper_project_final/out --align stim --sid 20231205 --feature R --orientation vertical --lags_ms 50 --ridge 1e-2 --perms 500 --perm-within CR --null_method trial_shuffle --standardize_mode none --pt_min_ms 200 --no_induced --evoked_subtract --evoked_sigma_ms 10 --axes_tag axes_peakbin_stimCR-stim-vertical --tag evoked_peakbin_stimR_vertical_lag50ms --flow_tag_base evoked_peakbin_stimR_vertical_lag50ms --save_null_samples --norm auto
[20231205][SFEF->SLIP] [evoked_peakbin_stimR_vertical_lag50ms-none-trial] wrote /project/bdoiron/dracoxu/rct-fsflow/paper_project_final/out/stim/20231205/flow/evoked_peakbin_stimR_vertical_lag50ms-none-trial/R/flow_R_SFEFtoSLIP.npz
[20231205][SFEF->SSC] [evoked_peakbin_stimR_vertical_lag50ms-none-trial] wrote /project/bdoiron/dracoxu/rct-fsflow/paper_project_final/out/stim/20231205/flow/evoked_peakbin_stimR_vertical_lag50ms-none-trial/R/flow_R_SFEFtoSSC.npz
[20231205][SLIP->SFEF] [evoked_peakbin_stimR_vertical_lag50ms-none-trial] wrote /project/bdoiron/dracoxu/rct-fsflow/paper_project_final/out/stim/20231205/flow/evoked_peakbin_stimR_vertical_lag50ms-none-trial/R/flow_R_SLIPtoSFEF.npz
[20231205][SLIP->SSC] [evoked_peakbin_stimR_vertical_lag50ms-none-trial] wrote /project/bdoiron/dracoxu/rct-fsflow/paper_project_final/out/stim/20231205/flow/evoked_peakbin_stimR_vertical_lag50ms-none-trial/R/flow_R_SLIPtoSSC.npz
[20231205][SSC->SFEF] [evoked_peakbin_stimR_vertical_lag50ms-none-trial] wrote /project/bdoiron/dracoxu/rct-fsflow/paper_project_final/out/stim/20231205/flow/evoked_peakbin_stimR_vertical_lag50ms-none-trial/R/flow_R_SSCtoSFEF.npz
[20231205][SSC->SLIP] [evoked_peakbin_stimR_vertical_lag50ms-none-trial] wrote /project/bdoiron/dracoxu/rct-fsflow/paper_project_final/out/stim/20231205/flow/evoked_peakbin_stimR_vertical_lag50ms-none-trial/R/flow_R_SSCtoSLIP.npz

========== SACC: train axes (S) peakbin ==========

[RUN] python cli/train_axes.py --out_root /project/bdoiron/dracoxu/rct-fsflow/paper_project_final/out --align sacc --sid 20231205 --orientation horizontal --features S --tag axes_peakbin_saccS-sacc-horizontal --norm global --clf_binary logreg --C_grid 0.1 0.3 1 3 10 --lda_shrinkage auto --searchS --search_range_S=-0.20:0.05 --search_step_ms 20 --search_len_ms 50 100 150 200 250 --search_score_mode peak_bin_auc --search_tiebreak shortest_then_closest0 --search_tol 0.01 --pt_min_ms_sacc 200
[20231205][SFEF] wrote /project/bdoiron/dracoxu/rct-fsflow/paper_project_final/out/sacc/20231205/axes/axes_peakbin_saccS-sacc-horizontal/axes_SFEF.npz
[20231205][SLIP] wrote /project/bdoiron/dracoxu/rct-fsflow/paper_project_final/out/sacc/20231205/axes/axes_peakbin_saccS-sacc-horizontal/axes_SLIP.npz
[20231205][SSC] wrote /project/bdoiron/dracoxu/rct-fsflow/paper_project_final/out/sacc/20231205/axes/axes_peakbin_saccS-sacc-horizontal/axes_SSC.npz
[ok] axes_summary.json → /project/bdoiron/dracoxu/rct-fsflow/paper_project_final/out/sacc/20231205/axes/axes_peakbin_saccS-sacc-horizontal/axes_summary.json
[ok] config.json → /project/bdoiron/dracoxu/rct-fsflow/paper_project_final/out/sacc/20231205/axes/axes_peakbin_saccS-sacc-horizontal/config.json

========== SACC: QC ==========

[RUN] python cli/qc_axes.py --out_root /project/bdoiron/dracoxu/rct-fsflow/paper_project_final/out --align sacc --sid 20231205 --orientation horizontal --tag axes_peakbin_saccS-sacc-horizontal --thr 0.60 --k 5 --pt_min_ms_sacc 200 --norm auto
[20231205][SFEF] wrote /project/bdoiron/dracoxu/rct-fsflow/paper_project_final/out/sacc/20231205/qc/axes_peakbin_saccS-sacc-horizontal/qc_axes_SFEF.pdf (+ .png, .json)   lat(ms): C=None, Sraw=-117.49999970197678, Sinv=-117.49999970197678, T=None
[20231205][SLIP] wrote /project/bdoiron/dracoxu/rct-fsflow/paper_project_final/out/sacc/20231205/qc/axes_peakbin_saccS-sacc-horizontal/qc_axes_SLIP.pdf (+ .png, .json)   lat(ms): C=None, Sraw=-77.50000059604645, Sinv=-77.50000059604645, T=None
[20231205][SSC] wrote /project/bdoiron/dracoxu/rct-fsflow/paper_project_final/out/sacc/20231205/qc/axes_peakbin_saccS-sacc-horizontal/qc_axes_SSC.pdf (+ .png, .json)   lat(ms): C=None, Sraw=-42.500000447034836, Sinv=-42.500000447034836, T=None

========== SACC: flow feature=S (save null) ==========

[RUN] python cli/flow_session.py --out_root /project/bdoiron/dracoxu/rct-fsflow/paper_project_final/out --align sacc --sid 20231205 --feature S --orientation horizontal --lags_ms 30 --ridge 1e-2 --perms 500 --perm-within CR --null_method trial_shuffle --standardize_mode none --pt_min_ms 200 --no_induced --evoked_subtract --evoked_sigma_ms 10 --axes_tag axes_peakbin_saccS-sacc-horizontal --tag evoked_peakbin_saccS_horizontal_lag30ms --flow_tag_base evoked_peakbin_saccS_horizontal_lag30ms --save_null_samples --norm auto
[20231205][SFEF->SLIP] [evoked_peakbin_saccS_horizontal_lag30ms-none-trial] wrote /project/bdoiron/dracoxu/rct-fsflow/paper_project_final/out/sacc/20231205/flow/evoked_peakbin_saccS_horizontal_lag30ms-none-trial/S/flow_S_SFEFtoSLIP.npz
[20231205][SFEF->SSC] [evoked_peakbin_saccS_horizontal_lag30ms-none-trial] wrote /project/bdoiron/dracoxu/rct-fsflow/paper_project_final/out/sacc/20231205/flow/evoked_peakbin_saccS_horizontal_lag30ms-none-trial/S/flow_S_SFEFtoSSC.npz
[20231205][SLIP->SFEF] [evoked_peakbin_saccS_horizontal_lag30ms-none-trial] wrote /project/bdoiron/dracoxu/rct-fsflow/paper_project_final/out/sacc/20231205/flow/evoked_peakbin_saccS_horizontal_lag30ms-none-trial/S/flow_S_SLIPtoSFEF.npz
[20231205][SLIP->SSC] [evoked_peakbin_saccS_horizontal_lag30ms-none-trial] wrote /project/bdoiron/dracoxu/rct-fsflow/paper_project_final/out/sacc/20231205/flow/evoked_peakbin_saccS_horizontal_lag30ms-none-trial/S/flow_S_SLIPtoSSC.npz
[20231205][SSC->SFEF] [evoked_peakbin_saccS_horizontal_lag30ms-none-trial] wrote /project/bdoiron/dracoxu/rct-fsflow/paper_project_final/out/sacc/20231205/flow/evoked_peakbin_saccS_horizontal_lag30ms-none-trial/S/flow_S_SSCtoSFEF.npz
[20231205][SSC->SLIP] [evoked_peakbin_saccS_horizontal_lag30ms-none-trial] wrote /project/bdoiron/dracoxu/rct-fsflow/paper_project_final/out/sacc/20231205/flow/evoked_peakbin_saccS_horizontal_lag30ms-none-trial/S/flow_S_SSCtoSLIP.npz

[done] peakbin axes+QC+flow complete for SID=20231205
