[info] task=22 SID=20231130
[info] PAPER_HOME=/project/bdoiron/dracoxu/rct-fsflow/paper_project_final
[info] OUT_ROOT=/project/bdoiron/dracoxu/rct-fsflow/paper_project_final/out
[info] DRY_RUN=0 CONTINUE_ON_ERROR=0

========== STIM 20ms: train axes (C,R) peakbin ==========

[RUN] python cli/train_axes.py --out_root /project/bdoiron/dracoxu/rct-fsflow/paper_project_final/out --align stim --sid 20231130 --orientation vertical --features C R --tag axes_peakbin_stimCR-stim-vertical-20msbin --norm global --clf_binary logreg --C_grid 0.1 0.3 1 3 10 --lda_shrinkage auto --searchC --searchR --search_range_C=0.00:0.50 --search_range_R=0.00:0.50 --search_step_ms 20 --search_len_ms 60 100 140 200 240 --search_score_mode peak_bin_auc --search_tiebreak shortest_then_earliest --search_tol 0.01 --pt_min_ms_stim 200 --rebin_factor 2
[rebin] Combining 2 adjacent bins
[20231130][SFEF] wrote /project/bdoiron/dracoxu/rct-fsflow/paper_project_final/out/stim/20231130/axes/axes_peakbin_stimCR-stim-vertical-20msbin/axes_SFEF.npz
    → winC_selected: [0.36000000000000004, 0.5], score: 0.7395, peak@500ms (cv_auc=0.8321)
[20231130][SLIP] wrote /project/bdoiron/dracoxu/rct-fsflow/paper_project_final/out/stim/20231130/axes/axes_peakbin_stimCR-stim-vertical-20msbin/axes_SLIP.npz
    → winC_selected: [0.4400000000000001, 0.5000000000000001], score: 0.6716, peak@480ms (cv_auc=0.6973)
[20231130][SSC] wrote /project/bdoiron/dracoxu/rct-fsflow/paper_project_final/out/stim/20231130/axes/axes_peakbin_stimCR-stim-vertical-20msbin/axes_SSC.npz
    → winC_selected: [0.3, 0.36], score: 0.7202, peak@360ms (cv_auc=0.7347)
[ok] axes_summary.json → /project/bdoiron/dracoxu/rct-fsflow/paper_project_final/out/stim/20231130/axes/axes_peakbin_stimCR-stim-vertical-20msbin/axes_summary.json
[ok] config.json → /project/bdoiron/dracoxu/rct-fsflow/paper_project_final/out/stim/20231130/axes/axes_peakbin_stimCR-stim-vertical-20msbin/config.json

========== STIM 20ms: QC ==========

[RUN] python cli/qc_axes.py --out_root /project/bdoiron/dracoxu/rct-fsflow/paper_project_final/out --align stim --sid 20231130 --orientation vertical --tag axes_peakbin_stimCR-stim-vertical-20msbin --thr 0.60 --k 5 --pt_min_ms_stim 200 --norm auto --rebin_factor 2
[rebin] Combining 2 adjacent bins
[20231130][SFEF] wrote /project/bdoiron/dracoxu/rct-fsflow/paper_project_final/out/stim/20231130/qc/axes_peakbin_stimCR-stim-vertical-20msbin/qc_axes_SFEF.pdf (+ .png, .json)   lat(ms): C=240.00000208616257, Sraw=None, Sinv=None, T=None
[20231130][SLIP] wrote /project/bdoiron/dracoxu/rct-fsflow/paper_project_final/out/stim/20231130/qc/axes_peakbin_stimCR-stim-vertical-20msbin/qc_axes_SLIP.pdf (+ .png, .json)   lat(ms): C=439.9999976158142, Sraw=None, Sinv=None, T=None
[20231130][SSC] wrote /project/bdoiron/dracoxu/rct-fsflow/paper_project_final/out/stim/20231130/qc/axes_peakbin_stimCR-stim-vertical-20msbin/qc_axes_SSC.pdf (+ .png, .json)   lat(ms): C=259.99999046325684, Sraw=None, Sinv=None, T=None

========== STIM 20ms: flow feature=C (save null) ==========

[RUN] python cli/flow_session.py --out_root /project/bdoiron/dracoxu/rct-fsflow/paper_project_final/out --align stim --sid 20231130 --feature C --orientation vertical --lags_ms 80 --ridge 1e-2 --perms 500 --perm-within CR --null_method trial_shuffle --standardize_mode none --pt_min_ms 200 --no_induced --evoked_subtract --evoked_sigma_ms 20 --axes_tag axes_peakbin_stimCR-stim-vertical-20msbin --tag evoked_peakbin_stimC_vertical_lag80ms_20msbin --flow_tag_base evoked_peakbin_stimC_vertical_lag80ms_20msbin --save_null_samples --norm auto --rebin_factor 2
[rebin] Combining 2 adjacent bins
[20231130][SFEF->SLIP] [evoked_peakbin_stimC_vertical_lag80ms_20msbin-none-trial] wrote /project/bdoiron/dracoxu/rct-fsflow/paper_project_final/out/stim/20231130/flow/evoked_peakbin_stimC_vertical_lag80ms_20msbin-none-trial/C/flow_C_SFEFtoSLIP.npz
[20231130][SFEF->SSC] [evoked_peakbin_stimC_vertical_lag80ms_20msbin-none-trial] wrote /project/bdoiron/dracoxu/rct-fsflow/paper_project_final/out/stim/20231130/flow/evoked_peakbin_stimC_vertical_lag80ms_20msbin-none-trial/C/flow_C_SFEFtoSSC.npz
[20231130][SLIP->SFEF] [evoked_peakbin_stimC_vertical_lag80ms_20msbin-none-trial] wrote /project/bdoiron/dracoxu/rct-fsflow/paper_project_final/out/stim/20231130/flow/evoked_peakbin_stimC_vertical_lag80ms_20msbin-none-trial/C/flow_C_SLIPtoSFEF.npz
[20231130][SLIP->SSC] [evoked_peakbin_stimC_vertical_lag80ms_20msbin-none-trial] wrote /project/bdoiron/dracoxu/rct-fsflow/paper_project_final/out/stim/20231130/flow/evoked_peakbin_stimC_vertical_lag80ms_20msbin-none-trial/C/flow_C_SLIPtoSSC.npz
[20231130][SSC->SFEF] [evoked_peakbin_stimC_vertical_lag80ms_20msbin-none-trial] wrote /project/bdoiron/dracoxu/rct-fsflow/paper_project_final/out/stim/20231130/flow/evoked_peakbin_stimC_vertical_lag80ms_20msbin-none-trial/C/flow_C_SSCtoSFEF.npz
[20231130][SSC->SLIP] [evoked_peakbin_stimC_vertical_lag80ms_20msbin-none-trial] wrote /project/bdoiron/dracoxu/rct-fsflow/paper_project_final/out/stim/20231130/flow/evoked_peakbin_stimC_vertical_lag80ms_20msbin-none-trial/C/flow_C_SSCtoSLIP.npz

========== STIM 20ms: flow feature=R (save null) ==========

[RUN] python cli/flow_session.py --out_root /project/bdoiron/dracoxu/rct-fsflow/paper_project_final/out --align stim --sid 20231130 --feature R --orientation vertical --lags_ms 80 --ridge 1e-2 --perms 500 --perm-within CR --null_method trial_shuffle --standardize_mode none --pt_min_ms 200 --no_induced --evoked_subtract --evoked_sigma_ms 20 --axes_tag axes_peakbin_stimCR-stim-vertical-20msbin --tag evoked_peakbin_stimR_vertical_lag80ms_20msbin --flow_tag_base evoked_peakbin_stimR_vertical_lag80ms_20msbin --save_null_samples --norm auto --rebin_factor 2
[rebin] Combining 2 adjacent bins
[20231130][SFEF->SLIP] [evoked_peakbin_stimR_vertical_lag80ms_20msbin-none-trial] wrote /project/bdoiron/dracoxu/rct-fsflow/paper_project_final/out/stim/20231130/flow/evoked_peakbin_stimR_vertical_lag80ms_20msbin-none-trial/R/flow_R_SFEFtoSLIP.npz
[20231130][SFEF->SSC] [evoked_peakbin_stimR_vertical_lag80ms_20msbin-none-trial] wrote /project/bdoiron/dracoxu/rct-fsflow/paper_project_final/out/stim/20231130/flow/evoked_peakbin_stimR_vertical_lag80ms_20msbin-none-trial/R/flow_R_SFEFtoSSC.npz
[20231130][SLIP->SFEF] [evoked_peakbin_stimR_vertical_lag80ms_20msbin-none-trial] wrote /project/bdoiron/dracoxu/rct-fsflow/paper_project_final/out/stim/20231130/flow/evoked_peakbin_stimR_vertical_lag80ms_20msbin-none-trial/R/flow_R_SLIPtoSFEF.npz
[20231130][SLIP->SSC] [evoked_peakbin_stimR_vertical_lag80ms_20msbin-none-trial] wrote /project/bdoiron/dracoxu/rct-fsflow/paper_project_final/out/stim/20231130/flow/evoked_peakbin_stimR_vertical_lag80ms_20msbin-none-trial/R/flow_R_SLIPtoSSC.npz
[20231130][SSC->SFEF] [evoked_peakbin_stimR_vertical_lag80ms_20msbin-none-trial] wrote /project/bdoiron/dracoxu/rct-fsflow/paper_project_final/out/stim/20231130/flow/evoked_peakbin_stimR_vertical_lag80ms_20msbin-none-trial/R/flow_R_SSCtoSFEF.npz
[20231130][SSC->SLIP] [evoked_peakbin_stimR_vertical_lag80ms_20msbin-none-trial] wrote /project/bdoiron/dracoxu/rct-fsflow/paper_project_final/out/stim/20231130/flow/evoked_peakbin_stimR_vertical_lag80ms_20msbin-none-trial/R/flow_R_SSCtoSLIP.npz

========== SACC 20ms: train axes (S) peakbin ==========

[RUN] python cli/train_axes.py --out_root /project/bdoiron/dracoxu/rct-fsflow/paper_project_final/out --align sacc --sid 20231130 --orientation horizontal --features S --tag axes_peakbin_saccS-sacc-horizontal-20msbin --norm global --clf_binary logreg --C_grid 0.1 0.3 1 3 10 --lda_shrinkage auto --searchS --search_range_S=-0.20:0.05 --search_step_ms 20 --search_len_ms 60 100 140 200 240 --search_score_mode peak_bin_auc --search_tiebreak shortest_then_closest0 --search_tol 0.01 --pt_min_ms_sacc 200 --rebin_factor 4
[rebin] Combining 4 adjacent bins
[20231130][SFEF] wrote /project/bdoiron/dracoxu/rct-fsflow/paper_project_final/out/sacc/20231130/axes/axes_peakbin_saccS-sacc-horizontal-20msbin/axes_SFEF.npz
[20231130][SLIP] wrote /project/bdoiron/dracoxu/rct-fsflow/paper_project_final/out/sacc/20231130/axes/axes_peakbin_saccS-sacc-horizontal-20msbin/axes_SLIP.npz
[20231130][SSC] wrote /project/bdoiron/dracoxu/rct-fsflow/paper_project_final/out/sacc/20231130/axes/axes_peakbin_saccS-sacc-horizontal-20msbin/axes_SSC.npz
[ok] axes_summary.json → /project/bdoiron/dracoxu/rct-fsflow/paper_project_final/out/sacc/20231130/axes/axes_peakbin_saccS-sacc-horizontal-20msbin/axes_summary.json
[ok] config.json → /project/bdoiron/dracoxu/rct-fsflow/paper_project_final/out/sacc/20231130/axes/axes_peakbin_saccS-sacc-horizontal-20msbin/config.json

========== SACC 20ms: QC ==========

[RUN] python cli/qc_axes.py --out_root /project/bdoiron/dracoxu/rct-fsflow/paper_project_final/out --align sacc --sid 20231130 --orientation horizontal --tag axes_peakbin_saccS-sacc-horizontal-20msbin --thr 0.60 --k 5 --pt_min_ms_sacc 200 --norm auto --rebin_factor 4
[rebin] Combining 4 adjacent bins
[20231130][SFEF] wrote /project/bdoiron/dracoxu/rct-fsflow/paper_project_final/out/sacc/20231130/qc/axes_peakbin_saccS-sacc-horizontal-20msbin/qc_axes_SFEF.pdf (+ .png, .json)   lat(ms): C=None, Sraw=None, Sinv=None, T=None
[20231130][SLIP] wrote /project/bdoiron/dracoxu/rct-fsflow/paper_project_final/out/sacc/20231130/qc/axes_peakbin_saccS-sacc-horizontal-20msbin/qc_axes_SLIP.pdf (+ .png, .json)   lat(ms): C=None, Sraw=None, Sinv=None, T=None
[20231130][SSC] wrote /project/bdoiron/dracoxu/rct-fsflow/paper_project_final/out/sacc/20231130/qc/axes_peakbin_saccS-sacc-horizontal-20msbin/qc_axes_SSC.pdf (+ .png, .json)   lat(ms): C=None, Sraw=None, Sinv=None, T=None

========== SACC 20ms: flow feature=S (save null) ==========

[RUN] python cli/flow_session.py --out_root /project/bdoiron/dracoxu/rct-fsflow/paper_project_final/out --align sacc --sid 20231130 --feature S --orientation horizontal --lags_ms 60 --ridge 1e-2 --perms 500 --perm-within CR --null_method trial_shuffle --standardize_mode none --pt_min_ms 200 --no_induced --evoked_subtract --evoked_sigma_ms 20 --axes_tag axes_peakbin_saccS-sacc-horizontal-20msbin --tag evoked_peakbin_saccS_horizontal_lag60ms_20msbin --flow_tag_base evoked_peakbin_saccS_horizontal_lag60ms_20msbin --save_null_samples --norm auto --rebin_factor 4
[rebin] Combining 4 adjacent bins
[skip] SFEF->SLIP: Missing S axis in one of the areas.
[skip] SFEF->SSC: Missing S axis in one of the areas.
[skip] SLIP->SFEF: Missing S axis in one of the areas.
[skip] SLIP->SSC: Missing S axis in one of the areas.
[skip] SSC->SFEF: Missing S axis in one of the areas.
[skip] SSC->SLIP: Missing S axis in one of the areas.

[done] 20ms peakbin axes+QC+flow complete for SID=20231130

============================================================
20ms workflow completed. Next steps:
  1. Run trial_onset_comprehensive.py with --rebin_factor 2 (stim) or 4 (sacc)
     and use axes_tag: axes_peakbin_stimCR-stim-vertical-20msbin or axes_peakbin_saccS-sacc-horizontal-20msbin
  2. Run summarize_flow_across_sessions.py with:
     --tags evoked_peakbin_stimC_vertical_lag80ms_20msbin-none-trial
     --tags evoked_peakbin_saccS_horizontal_lag60ms_20msbin-none-trial
     --smooth_ms 40  (recommended for 20ms bins, was 30ms for 10ms bins)
  3. Run plot_qc_paper.py with 20ms QC subdirs
============================================================
