[info] task=15 SID=20230707
[info] PAPER_HOME=/project/bdoiron/dracoxu/rct-fsflow/paper_project_final
[info] OUT_ROOT=/project/bdoiron/dracoxu/rct-fsflow/paper_project_final/out
[info] DRY_RUN=0 CONTINUE_ON_ERROR=0

========== STIM: train axes (C,R) peakbin ==========

[RUN] python cli/train_axes.py --out_root /project/bdoiron/dracoxu/rct-fsflow/paper_project_final/out --align stim --sid 20230707 --orientation vertical --features C R --tag axes_peakbin_stimCR-stim-vertical --norm global --clf_binary logreg --C_grid 0.1 0.3 1 3 10 --lda_shrinkage auto --searchC --searchR --search_range_C=0.00:0.50 --search_range_R=0.00:0.50 --search_step_ms 20 --search_len_ms 50 100 150 200 250 --search_score_mode peak_bin_auc --search_tiebreak shortest_then_earliest --search_tol 0.01 --pt_min_ms_stim 200
[20230707][SFEF] wrote /project/bdoiron/dracoxu/rct-fsflow/paper_project_final/out/stim/20230707/axes/axes_peakbin_stimCR-stim-vertical/axes_SFEF.npz
    → winC_selected: [0.25999999999999995, 0.30999999999999994], score: 0.7287, peak@285ms (cv_auc=0.8692)
[20230707][SLIP] wrote /project/bdoiron/dracoxu/rct-fsflow/paper_project_final/out/stim/20230707/axes/axes_peakbin_stimCR-stim-vertical/axes_SLIP.npz
    → winC_selected: [0.4200000000000001, 0.4700000000000001], score: 0.6280, peak@465ms (cv_auc=0.6843)
[ok] axes_summary.json → /project/bdoiron/dracoxu/rct-fsflow/paper_project_final/out/stim/20230707/axes/axes_peakbin_stimCR-stim-vertical/axes_summary.json
[ok] config.json → /project/bdoiron/dracoxu/rct-fsflow/paper_project_final/out/stim/20230707/axes/axes_peakbin_stimCR-stim-vertical/config.json

========== STIM: QC ==========

[RUN] python cli/qc_axes.py --out_root /project/bdoiron/dracoxu/rct-fsflow/paper_project_final/out --align stim --sid 20230707 --orientation vertical --tag axes_peakbin_stimCR-stim-vertical --thr 0.60 --k 5 --pt_min_ms_stim 200 --norm auto
[20230707][SFEF] wrote /project/bdoiron/dracoxu/rct-fsflow/paper_project_final/out/stim/20230707/qc/axes_peakbin_stimCR-stim-vertical/qc_axes_SFEF.pdf (+ .png, .json)   lat(ms): C=165.00000655651093, Sraw=None, Sinv=None, T=None
[20230707][SLIP] wrote /project/bdoiron/dracoxu/rct-fsflow/paper_project_final/out/stim/20230707/qc/axes_peakbin_stimCR-stim-vertical/qc_axes_SLIP.pdf (+ .png, .json)   lat(ms): C=425.00001192092896, Sraw=None, Sinv=None, T=None

========== STIM: flow feature=C (save null) ==========

[RUN] python cli/flow_session.py --out_root /project/bdoiron/dracoxu/rct-fsflow/paper_project_final/out --align stim --sid 20230707 --feature C --orientation vertical --lags_ms 80 --ridge 1e-2 --perms 500 --perm-within CR --null_method trial_shuffle --standardize_mode none --pt_min_ms 200 --no_induced --evoked_subtract --evoked_sigma_ms 10 --axes_tag axes_peakbin_stimCR-stim-vertical --tag evoked_peakbin_stimC_vertical_lag80ms --flow_tag_base evoked_peakbin_stimC_vertical_lag80ms --save_null_samples --norm auto
[20230707][SFEF->SLIP] [evoked_peakbin_stimC_vertical_lag80ms-none-trial] wrote /project/bdoiron/dracoxu/rct-fsflow/paper_project_final/out/stim/20230707/flow/evoked_peakbin_stimC_vertical_lag80ms-none-trial/C/flow_C_SFEFtoSLIP.npz
[20230707][SLIP->SFEF] [evoked_peakbin_stimC_vertical_lag80ms-none-trial] wrote /project/bdoiron/dracoxu/rct-fsflow/paper_project_final/out/stim/20230707/flow/evoked_peakbin_stimC_vertical_lag80ms-none-trial/C/flow_C_SLIPtoSFEF.npz

========== STIM: flow feature=R (save null) ==========

[RUN] python cli/flow_session.py --out_root /project/bdoiron/dracoxu/rct-fsflow/paper_project_final/out --align stim --sid 20230707 --feature R --orientation vertical --lags_ms 80 --ridge 1e-2 --perms 500 --perm-within CR --null_method trial_shuffle --standardize_mode none --pt_min_ms 200 --no_induced --evoked_subtract --evoked_sigma_ms 10 --axes_tag axes_peakbin_stimCR-stim-vertical --tag evoked_peakbin_stimR_vertical_lag80ms --flow_tag_base evoked_peakbin_stimR_vertical_lag80ms --save_null_samples --norm auto
[20230707][SFEF->SLIP] [evoked_peakbin_stimR_vertical_lag80ms-none-trial] wrote /project/bdoiron/dracoxu/rct-fsflow/paper_project_final/out/stim/20230707/flow/evoked_peakbin_stimR_vertical_lag80ms-none-trial/R/flow_R_SFEFtoSLIP.npz
[20230707][SLIP->SFEF] [evoked_peakbin_stimR_vertical_lag80ms-none-trial] wrote /project/bdoiron/dracoxu/rct-fsflow/paper_project_final/out/stim/20230707/flow/evoked_peakbin_stimR_vertical_lag80ms-none-trial/R/flow_R_SLIPtoSFEF.npz

========== SACC: train axes (S) peakbin ==========

[RUN] python cli/train_axes.py --out_root /project/bdoiron/dracoxu/rct-fsflow/paper_project_final/out --align sacc --sid 20230707 --orientation vertical --features S --tag axes_peakbin_saccS-sacc-vertical --norm global --clf_binary logreg --C_grid 0.1 0.3 1 3 10 --lda_shrinkage auto --searchS --search_range_S=-0.20:0.05 --search_step_ms 20 --search_len_ms 50 100 150 200 250 --search_score_mode peak_bin_auc --search_tiebreak shortest_then_closest0 --search_tol 0.01 --pt_min_ms_sacc 200
[20230707][SFEF] wrote /project/bdoiron/dracoxu/rct-fsflow/paper_project_final/out/sacc/20230707/axes/axes_peakbin_saccS-sacc-vertical/axes_SFEF.npz
[20230707][SLIP] wrote /project/bdoiron/dracoxu/rct-fsflow/paper_project_final/out/sacc/20230707/axes/axes_peakbin_saccS-sacc-vertical/axes_SLIP.npz
[ok] axes_summary.json → /project/bdoiron/dracoxu/rct-fsflow/paper_project_final/out/sacc/20230707/axes/axes_peakbin_saccS-sacc-vertical/axes_summary.json
[ok] config.json → /project/bdoiron/dracoxu/rct-fsflow/paper_project_final/out/sacc/20230707/axes/axes_peakbin_saccS-sacc-vertical/config.json

========== SACC: QC ==========

[RUN] python cli/qc_axes.py --out_root /project/bdoiron/dracoxu/rct-fsflow/paper_project_final/out --align sacc --sid 20230707 --orientation vertical --tag axes_peakbin_saccS-sacc-vertical --thr 0.60 --k 5 --pt_min_ms_sacc 200 --norm auto
[20230707][SFEF] wrote /project/bdoiron/dracoxu/rct-fsflow/paper_project_final/out/sacc/20230707/qc/axes_peakbin_saccS-sacc-vertical/qc_axes_SFEF.pdf (+ .png, .json)   lat(ms): C=None, Sraw=None, Sinv=None, T=None
[20230707][SLIP] wrote /project/bdoiron/dracoxu/rct-fsflow/paper_project_final/out/sacc/20230707/qc/axes_peakbin_saccS-sacc-vertical/qc_axes_SLIP.pdf (+ .png, .json)   lat(ms): C=None, Sraw=-37.50000149011612, Sinv=-37.50000149011612, T=None

========== SACC: flow feature=S (save null) ==========

[RUN] python cli/flow_session.py --out_root /project/bdoiron/dracoxu/rct-fsflow/paper_project_final/out --align sacc --sid 20230707 --feature S --orientation vertical --lags_ms 50 --ridge 1e-2 --perms 500 --perm-within CR --null_method trial_shuffle --standardize_mode none --pt_min_ms 200 --no_induced --evoked_subtract --evoked_sigma_ms 10 --axes_tag axes_peakbin_saccS-sacc-vertical --tag evoked_peakbin_saccS_vertical_lag50ms --flow_tag_base evoked_peakbin_saccS_vertical_lag50ms --save_null_samples --norm auto
[20230707][SFEF->SLIP] [evoked_peakbin_saccS_vertical_lag50ms-none-trial] wrote /project/bdoiron/dracoxu/rct-fsflow/paper_project_final/out/sacc/20230707/flow/evoked_peakbin_saccS_vertical_lag50ms-none-trial/S/flow_S_SFEFtoSLIP.npz
[20230707][SLIP->SFEF] [evoked_peakbin_saccS_vertical_lag50ms-none-trial] wrote /project/bdoiron/dracoxu/rct-fsflow/paper_project_final/out/sacc/20230707/flow/evoked_peakbin_saccS_vertical_lag50ms-none-trial/S/flow_S_SLIPtoSFEF.npz

[done] peakbin axes+QC+flow complete for SID=20230707
