[info] task=23 SID=20231205
[info] PAPER_HOME=/project/bdoiron/dracoxu/rct-fsflow/paper_project_final
[info] OUT_ROOT=/project/bdoiron/dracoxu/rct-fsflow/paper_project_final/out
[info] DRY_RUN=0 CONTINUE_ON_ERROR=0

========== STIM 20ms sliding: train axes (C,R) peakbin ==========

[RUN] python cli/train_axes.py --out_root /project/bdoiron/dracoxu/rct-fsflow/paper_project_final/out --align stim --sid 20231205 --orientation vertical --features C R --tag axes_peakbin_stimCR-stim-vertical-20mssw --norm global --clf_binary logreg --C_grid 0.1 0.3 1 3 10 --lda_shrinkage auto --searchC --searchR --search_range_C=0.00:0.50 --search_range_R=0.00:0.50 --search_step_ms 20 --search_len_ms 50 100 150 200 250 --search_score_mode peak_bin_auc --search_tiebreak shortest_then_earliest --search_tol 0.01 --pt_min_ms_stim 200 --sliding_window_ms 20 --sliding_step_ms 10
[sliding-window] window=20.0ms (2 bins), step=10.0ms (1 bins), native=10.0ms
[20231205][SFEF] wrote /project/bdoiron/dracoxu/rct-fsflow/paper_project_final/out/stim/20231205/axes/axes_peakbin_stimCR-stim-vertical-20mssw/axes_SFEF.npz
    → winC_selected: [0.27999999999999997, 0.32999999999999996], score: 0.9820, peak@320ms (cv_auc=1.0000)
[20231205][SLIP] wrote /project/bdoiron/dracoxu/rct-fsflow/paper_project_final/out/stim/20231205/axes/axes_peakbin_stimCR-stim-vertical-20mssw/axes_SLIP.npz
    → winC_selected: [0.19999999999999998, 0.44999999999999996], score: 0.8298, peak@360ms (cv_auc=0.8529)
[20231205][SSC] wrote /project/bdoiron/dracoxu/rct-fsflow/paper_project_final/out/stim/20231205/axes/axes_peakbin_stimCR-stim-vertical-20mssw/axes_SSC.npz
    → winC_selected: [0.4400000000000001, 0.4900000000000001], score: 0.8584, peak@460ms (cv_auc=0.8916)
[ok] axes_summary.json → /project/bdoiron/dracoxu/rct-fsflow/paper_project_final/out/stim/20231205/axes/axes_peakbin_stimCR-stim-vertical-20mssw/axes_summary.json
[ok] config.json → /project/bdoiron/dracoxu/rct-fsflow/paper_project_final/out/stim/20231205/axes/axes_peakbin_stimCR-stim-vertical-20mssw/config.json

========== STIM 20ms sliding: QC ==========

[RUN] python cli/qc_axes.py --out_root /project/bdoiron/dracoxu/rct-fsflow/paper_project_final/out --align stim --sid 20231205 --orientation vertical --tag axes_peakbin_stimCR-stim-vertical-20mssw --thr 0.60 --k 5 --pt_min_ms_stim 200 --norm auto --sliding_window_ms 20 --sliding_step_ms 10
[sliding-window] window=20.0ms (2 bins), step=10.0ms (1 bins), native=10.0ms
[20231205][SFEF] wrote /project/bdoiron/dracoxu/rct-fsflow/paper_project_final/out/stim/20231205/qc/axes_peakbin_stimCR-stim-vertical-20mssw/qc_axes_SFEF.pdf (+ .png, .json)   lat(ms): C=130.00000268220901, Sraw=None, Sinv=None, T=None
[20231205][SLIP] wrote /project/bdoiron/dracoxu/rct-fsflow/paper_project_final/out/stim/20231205/qc/axes_peakbin_stimCR-stim-vertical-20mssw/qc_axes_SLIP.pdf (+ .png, .json)   lat(ms): C=140.00000059604645, Sraw=None, Sinv=None, T=None
[20231205][SSC] wrote /project/bdoiron/dracoxu/rct-fsflow/paper_project_final/out/stim/20231205/qc/axes_peakbin_stimCR-stim-vertical-20mssw/qc_axes_SSC.pdf (+ .png, .json)   lat(ms): C=359.99999940395355, Sraw=None, Sinv=None, T=None

==================== STIM C: LAG 30ms ====================

========== STIM lag30ms: flow feature=C (save null) ==========

[RUN] python cli/flow_session.py --out_root /project/bdoiron/dracoxu/rct-fsflow/paper_project_final/out --align stim --sid 20231205 --feature C --orientation vertical --lags_ms 30 --ridge 1e-2 --perms 500 --perm-within CR --null_method trial_shuffle --standardize_mode none --pt_min_ms 200 --no_induced --evoked_subtract --evoked_sigma_ms 10 --axes_tag axes_peakbin_stimCR-stim-vertical-20mssw --tag evoked_peakbin_stimC_vertical_lag30ms_20mssw --flow_tag_base evoked_peakbin_stimC_vertical_lag30ms_20mssw --save_null_samples --norm auto --sliding_window_ms 20 --sliding_step_ms 10
[sliding-window] window=20.0ms (2 bins), step=10.0ms (1 bins), native=10.0ms
[20231205][SFEF->SLIP] [evoked_peakbin_stimC_vertical_lag30ms_20mssw-none-trial] wrote /project/bdoiron/dracoxu/rct-fsflow/paper_project_final/out/stim/20231205/flow/evoked_peakbin_stimC_vertical_lag30ms_20mssw-none-trial/C/flow_C_SFEFtoSLIP.npz
[20231205][SFEF->SSC] [evoked_peakbin_stimC_vertical_lag30ms_20mssw-none-trial] wrote /project/bdoiron/dracoxu/rct-fsflow/paper_project_final/out/stim/20231205/flow/evoked_peakbin_stimC_vertical_lag30ms_20mssw-none-trial/C/flow_C_SFEFtoSSC.npz
[20231205][SLIP->SFEF] [evoked_peakbin_stimC_vertical_lag30ms_20mssw-none-trial] wrote /project/bdoiron/dracoxu/rct-fsflow/paper_project_final/out/stim/20231205/flow/evoked_peakbin_stimC_vertical_lag30ms_20mssw-none-trial/C/flow_C_SLIPtoSFEF.npz
[20231205][SLIP->SSC] [evoked_peakbin_stimC_vertical_lag30ms_20mssw-none-trial] wrote /project/bdoiron/dracoxu/rct-fsflow/paper_project_final/out/stim/20231205/flow/evoked_peakbin_stimC_vertical_lag30ms_20mssw-none-trial/C/flow_C_SLIPtoSSC.npz
[20231205][SSC->SFEF] [evoked_peakbin_stimC_vertical_lag30ms_20mssw-none-trial] wrote /project/bdoiron/dracoxu/rct-fsflow/paper_project_final/out/stim/20231205/flow/evoked_peakbin_stimC_vertical_lag30ms_20mssw-none-trial/C/flow_C_SSCtoSFEF.npz
[20231205][SSC->SLIP] [evoked_peakbin_stimC_vertical_lag30ms_20mssw-none-trial] wrote /project/bdoiron/dracoxu/rct-fsflow/paper_project_final/out/stim/20231205/flow/evoked_peakbin_stimC_vertical_lag30ms_20mssw-none-trial/C/flow_C_SSCtoSLIP.npz

==================== STIM C: LAG 40ms ====================

========== STIM lag40ms: flow feature=C (save null) ==========

[RUN] python cli/flow_session.py --out_root /project/bdoiron/dracoxu/rct-fsflow/paper_project_final/out --align stim --sid 20231205 --feature C --orientation vertical --lags_ms 40 --ridge 1e-2 --perms 500 --perm-within CR --null_method trial_shuffle --standardize_mode none --pt_min_ms 200 --no_induced --evoked_subtract --evoked_sigma_ms 10 --axes_tag axes_peakbin_stimCR-stim-vertical-20mssw --tag evoked_peakbin_stimC_vertical_lag40ms_20mssw --flow_tag_base evoked_peakbin_stimC_vertical_lag40ms_20mssw --save_null_samples --norm auto --sliding_window_ms 20 --sliding_step_ms 10
[sliding-window] window=20.0ms (2 bins), step=10.0ms (1 bins), native=10.0ms
[20231205][SFEF->SLIP] [evoked_peakbin_stimC_vertical_lag40ms_20mssw-none-trial] wrote /project/bdoiron/dracoxu/rct-fsflow/paper_project_final/out/stim/20231205/flow/evoked_peakbin_stimC_vertical_lag40ms_20mssw-none-trial/C/flow_C_SFEFtoSLIP.npz
[20231205][SFEF->SSC] [evoked_peakbin_stimC_vertical_lag40ms_20mssw-none-trial] wrote /project/bdoiron/dracoxu/rct-fsflow/paper_project_final/out/stim/20231205/flow/evoked_peakbin_stimC_vertical_lag40ms_20mssw-none-trial/C/flow_C_SFEFtoSSC.npz
[20231205][SLIP->SFEF] [evoked_peakbin_stimC_vertical_lag40ms_20mssw-none-trial] wrote /project/bdoiron/dracoxu/rct-fsflow/paper_project_final/out/stim/20231205/flow/evoked_peakbin_stimC_vertical_lag40ms_20mssw-none-trial/C/flow_C_SLIPtoSFEF.npz
[20231205][SLIP->SSC] [evoked_peakbin_stimC_vertical_lag40ms_20mssw-none-trial] wrote /project/bdoiron/dracoxu/rct-fsflow/paper_project_final/out/stim/20231205/flow/evoked_peakbin_stimC_vertical_lag40ms_20mssw-none-trial/C/flow_C_SLIPtoSSC.npz
[20231205][SSC->SFEF] [evoked_peakbin_stimC_vertical_lag40ms_20mssw-none-trial] wrote /project/bdoiron/dracoxu/rct-fsflow/paper_project_final/out/stim/20231205/flow/evoked_peakbin_stimC_vertical_lag40ms_20mssw-none-trial/C/flow_C_SSCtoSFEF.npz
[20231205][SSC->SLIP] [evoked_peakbin_stimC_vertical_lag40ms_20mssw-none-trial] wrote /project/bdoiron/dracoxu/rct-fsflow/paper_project_final/out/stim/20231205/flow/evoked_peakbin_stimC_vertical_lag40ms_20mssw-none-trial/C/flow_C_SSCtoSLIP.npz

==================== STIM C: LAG 50ms ====================

========== STIM lag50ms: flow feature=C (save null) ==========

[RUN] python cli/flow_session.py --out_root /project/bdoiron/dracoxu/rct-fsflow/paper_project_final/out --align stim --sid 20231205 --feature C --orientation vertical --lags_ms 50 --ridge 1e-2 --perms 500 --perm-within CR --null_method trial_shuffle --standardize_mode none --pt_min_ms 200 --no_induced --evoked_subtract --evoked_sigma_ms 10 --axes_tag axes_peakbin_stimCR-stim-vertical-20mssw --tag evoked_peakbin_stimC_vertical_lag50ms_20mssw --flow_tag_base evoked_peakbin_stimC_vertical_lag50ms_20mssw --save_null_samples --norm auto --sliding_window_ms 20 --sliding_step_ms 10
[sliding-window] window=20.0ms (2 bins), step=10.0ms (1 bins), native=10.0ms
[20231205][SFEF->SLIP] [evoked_peakbin_stimC_vertical_lag50ms_20mssw-none-trial] wrote /project/bdoiron/dracoxu/rct-fsflow/paper_project_final/out/stim/20231205/flow/evoked_peakbin_stimC_vertical_lag50ms_20mssw-none-trial/C/flow_C_SFEFtoSLIP.npz
[20231205][SFEF->SSC] [evoked_peakbin_stimC_vertical_lag50ms_20mssw-none-trial] wrote /project/bdoiron/dracoxu/rct-fsflow/paper_project_final/out/stim/20231205/flow/evoked_peakbin_stimC_vertical_lag50ms_20mssw-none-trial/C/flow_C_SFEFtoSSC.npz
[20231205][SLIP->SFEF] [evoked_peakbin_stimC_vertical_lag50ms_20mssw-none-trial] wrote /project/bdoiron/dracoxu/rct-fsflow/paper_project_final/out/stim/20231205/flow/evoked_peakbin_stimC_vertical_lag50ms_20mssw-none-trial/C/flow_C_SLIPtoSFEF.npz
[20231205][SLIP->SSC] [evoked_peakbin_stimC_vertical_lag50ms_20mssw-none-trial] wrote /project/bdoiron/dracoxu/rct-fsflow/paper_project_final/out/stim/20231205/flow/evoked_peakbin_stimC_vertical_lag50ms_20mssw-none-trial/C/flow_C_SLIPtoSSC.npz
[20231205][SSC->SFEF] [evoked_peakbin_stimC_vertical_lag50ms_20mssw-none-trial] wrote /project/bdoiron/dracoxu/rct-fsflow/paper_project_final/out/stim/20231205/flow/evoked_peakbin_stimC_vertical_lag50ms_20mssw-none-trial/C/flow_C_SSCtoSFEF.npz
[20231205][SSC->SLIP] [evoked_peakbin_stimC_vertical_lag50ms_20mssw-none-trial] wrote /project/bdoiron/dracoxu/rct-fsflow/paper_project_final/out/stim/20231205/flow/evoked_peakbin_stimC_vertical_lag50ms_20mssw-none-trial/C/flow_C_SSCtoSLIP.npz

==================== STIM C: LAG 60ms ====================

========== STIM lag60ms: flow feature=C (save null) ==========

[RUN] python cli/flow_session.py --out_root /project/bdoiron/dracoxu/rct-fsflow/paper_project_final/out --align stim --sid 20231205 --feature C --orientation vertical --lags_ms 60 --ridge 1e-2 --perms 500 --perm-within CR --null_method trial_shuffle --standardize_mode none --pt_min_ms 200 --no_induced --evoked_subtract --evoked_sigma_ms 10 --axes_tag axes_peakbin_stimCR-stim-vertical-20mssw --tag evoked_peakbin_stimC_vertical_lag60ms_20mssw --flow_tag_base evoked_peakbin_stimC_vertical_lag60ms_20mssw --save_null_samples --norm auto --sliding_window_ms 20 --sliding_step_ms 10
[sliding-window] window=20.0ms (2 bins), step=10.0ms (1 bins), native=10.0ms
[20231205][SFEF->SLIP] [evoked_peakbin_stimC_vertical_lag60ms_20mssw-none-trial] wrote /project/bdoiron/dracoxu/rct-fsflow/paper_project_final/out/stim/20231205/flow/evoked_peakbin_stimC_vertical_lag60ms_20mssw-none-trial/C/flow_C_SFEFtoSLIP.npz
[20231205][SFEF->SSC] [evoked_peakbin_stimC_vertical_lag60ms_20mssw-none-trial] wrote /project/bdoiron/dracoxu/rct-fsflow/paper_project_final/out/stim/20231205/flow/evoked_peakbin_stimC_vertical_lag60ms_20mssw-none-trial/C/flow_C_SFEFtoSSC.npz
[20231205][SLIP->SFEF] [evoked_peakbin_stimC_vertical_lag60ms_20mssw-none-trial] wrote /project/bdoiron/dracoxu/rct-fsflow/paper_project_final/out/stim/20231205/flow/evoked_peakbin_stimC_vertical_lag60ms_20mssw-none-trial/C/flow_C_SLIPtoSFEF.npz
[20231205][SLIP->SSC] [evoked_peakbin_stimC_vertical_lag60ms_20mssw-none-trial] wrote /project/bdoiron/dracoxu/rct-fsflow/paper_project_final/out/stim/20231205/flow/evoked_peakbin_stimC_vertical_lag60ms_20mssw-none-trial/C/flow_C_SLIPtoSSC.npz
[20231205][SSC->SFEF] [evoked_peakbin_stimC_vertical_lag60ms_20mssw-none-trial] wrote /project/bdoiron/dracoxu/rct-fsflow/paper_project_final/out/stim/20231205/flow/evoked_peakbin_stimC_vertical_lag60ms_20mssw-none-trial/C/flow_C_SSCtoSFEF.npz
[20231205][SSC->SLIP] [evoked_peakbin_stimC_vertical_lag60ms_20mssw-none-trial] wrote /project/bdoiron/dracoxu/rct-fsflow/paper_project_final/out/stim/20231205/flow/evoked_peakbin_stimC_vertical_lag60ms_20mssw-none-trial/C/flow_C_SSCtoSLIP.npz

==================== STIM C: LAG 80ms ====================

========== STIM lag80ms: flow feature=C (save null) ==========

[RUN] python cli/flow_session.py --out_root /project/bdoiron/dracoxu/rct-fsflow/paper_project_final/out --align stim --sid 20231205 --feature C --orientation vertical --lags_ms 80 --ridge 1e-2 --perms 500 --perm-within CR --null_method trial_shuffle --standardize_mode none --pt_min_ms 200 --no_induced --evoked_subtract --evoked_sigma_ms 10 --axes_tag axes_peakbin_stimCR-stim-vertical-20mssw --tag evoked_peakbin_stimC_vertical_lag80ms_20mssw --flow_tag_base evoked_peakbin_stimC_vertical_lag80ms_20mssw --save_null_samples --norm auto --sliding_window_ms 20 --sliding_step_ms 10
[sliding-window] window=20.0ms (2 bins), step=10.0ms (1 bins), native=10.0ms
[20231205][SFEF->SLIP] [evoked_peakbin_stimC_vertical_lag80ms_20mssw-none-trial] wrote /project/bdoiron/dracoxu/rct-fsflow/paper_project_final/out/stim/20231205/flow/evoked_peakbin_stimC_vertical_lag80ms_20mssw-none-trial/C/flow_C_SFEFtoSLIP.npz
[20231205][SFEF->SSC] [evoked_peakbin_stimC_vertical_lag80ms_20mssw-none-trial] wrote /project/bdoiron/dracoxu/rct-fsflow/paper_project_final/out/stim/20231205/flow/evoked_peakbin_stimC_vertical_lag80ms_20mssw-none-trial/C/flow_C_SFEFtoSSC.npz
[20231205][SLIP->SFEF] [evoked_peakbin_stimC_vertical_lag80ms_20mssw-none-trial] wrote /project/bdoiron/dracoxu/rct-fsflow/paper_project_final/out/stim/20231205/flow/evoked_peakbin_stimC_vertical_lag80ms_20mssw-none-trial/C/flow_C_SLIPtoSFEF.npz
[20231205][SLIP->SSC] [evoked_peakbin_stimC_vertical_lag80ms_20mssw-none-trial] wrote /project/bdoiron/dracoxu/rct-fsflow/paper_project_final/out/stim/20231205/flow/evoked_peakbin_stimC_vertical_lag80ms_20mssw-none-trial/C/flow_C_SLIPtoSSC.npz
[20231205][SSC->SFEF] [evoked_peakbin_stimC_vertical_lag80ms_20mssw-none-trial] wrote /project/bdoiron/dracoxu/rct-fsflow/paper_project_final/out/stim/20231205/flow/evoked_peakbin_stimC_vertical_lag80ms_20mssw-none-trial/C/flow_C_SSCtoSFEF.npz
[20231205][SSC->SLIP] [evoked_peakbin_stimC_vertical_lag80ms_20mssw-none-trial] wrote /project/bdoiron/dracoxu/rct-fsflow/paper_project_final/out/stim/20231205/flow/evoked_peakbin_stimC_vertical_lag80ms_20mssw-none-trial/C/flow_C_SSCtoSLIP.npz

==================== STIM C: LAG 100ms ====================

========== STIM lag100ms: flow feature=C (save null) ==========

[RUN] python cli/flow_session.py --out_root /project/bdoiron/dracoxu/rct-fsflow/paper_project_final/out --align stim --sid 20231205 --feature C --orientation vertical --lags_ms 100 --ridge 1e-2 --perms 500 --perm-within CR --null_method trial_shuffle --standardize_mode none --pt_min_ms 200 --no_induced --evoked_subtract --evoked_sigma_ms 10 --axes_tag axes_peakbin_stimCR-stim-vertical-20mssw --tag evoked_peakbin_stimC_vertical_lag100ms_20mssw --flow_tag_base evoked_peakbin_stimC_vertical_lag100ms_20mssw --save_null_samples --norm auto --sliding_window_ms 20 --sliding_step_ms 10
[sliding-window] window=20.0ms (2 bins), step=10.0ms (1 bins), native=10.0ms
[20231205][SFEF->SLIP] [evoked_peakbin_stimC_vertical_lag100ms_20mssw-none-trial] wrote /project/bdoiron/dracoxu/rct-fsflow/paper_project_final/out/stim/20231205/flow/evoked_peakbin_stimC_vertical_lag100ms_20mssw-none-trial/C/flow_C_SFEFtoSLIP.npz
[20231205][SFEF->SSC] [evoked_peakbin_stimC_vertical_lag100ms_20mssw-none-trial] wrote /project/bdoiron/dracoxu/rct-fsflow/paper_project_final/out/stim/20231205/flow/evoked_peakbin_stimC_vertical_lag100ms_20mssw-none-trial/C/flow_C_SFEFtoSSC.npz
[20231205][SLIP->SFEF] [evoked_peakbin_stimC_vertical_lag100ms_20mssw-none-trial] wrote /project/bdoiron/dracoxu/rct-fsflow/paper_project_final/out/stim/20231205/flow/evoked_peakbin_stimC_vertical_lag100ms_20mssw-none-trial/C/flow_C_SLIPtoSFEF.npz
[20231205][SLIP->SSC] [evoked_peakbin_stimC_vertical_lag100ms_20mssw-none-trial] wrote /project/bdoiron/dracoxu/rct-fsflow/paper_project_final/out/stim/20231205/flow/evoked_peakbin_stimC_vertical_lag100ms_20mssw-none-trial/C/flow_C_SLIPtoSSC.npz
[20231205][SSC->SFEF] [evoked_peakbin_stimC_vertical_lag100ms_20mssw-none-trial] wrote /project/bdoiron/dracoxu/rct-fsflow/paper_project_final/out/stim/20231205/flow/evoked_peakbin_stimC_vertical_lag100ms_20mssw-none-trial/C/flow_C_SSCtoSFEF.npz
[20231205][SSC->SLIP] [evoked_peakbin_stimC_vertical_lag100ms_20mssw-none-trial] wrote /project/bdoiron/dracoxu/rct-fsflow/paper_project_final/out/stim/20231205/flow/evoked_peakbin_stimC_vertical_lag100ms_20mssw-none-trial/C/flow_C_SSCtoSLIP.npz
[WARN] No sacc caches for SID=20231205 → skipping sacc

[done] 20ms sliding window peakbin MULTI-LAG complete for SID=20231205

============================================================
Multi-lag workflow completed. Flow tags generated:

STIM C lags:
  - evoked_peakbin_stimC_vertical_lag30ms_20mssw-none-trial
  - evoked_peakbin_stimC_vertical_lag40ms_20mssw-none-trial
  - evoked_peakbin_stimC_vertical_lag50ms_20mssw-none-trial
  - evoked_peakbin_stimC_vertical_lag60ms_20mssw-none-trial
  - evoked_peakbin_stimC_vertical_lag80ms_20mssw-none-trial
  - evoked_peakbin_stimC_vertical_lag100ms_20mssw-none-trial

SACC S lags:
  - evoked_peakbin_saccS_horizontal_lag30ms_20mssw-none-trial
  - evoked_peakbin_saccS_horizontal_lag50ms_20mssw-none-trial
  - evoked_peakbin_saccS_horizontal_lag60ms_20mssw-none-trial
  - evoked_peakbin_saccS_horizontal_lag80ms_20mssw-none-trial

Next steps:
  Run summarize_flow_across_sessions.py for each tag
============================================================
