[info] task=21 SID=20231123
[info] PAPER_HOME=/project/bdoiron/dracoxu/rct-fsflow/paper_project_final
[info] OUT_ROOT=/project/bdoiron/dracoxu/rct-fsflow/paper_project_final/out
[info] DRY_RUN=0 CONTINUE_ON_ERROR=0

========== STIM 10ms native (small lag): train axes (C,R) peakbin ==========

[RUN] python cli/train_axes.py --out_root /project/bdoiron/dracoxu/rct-fsflow/paper_project_final/out --align stim --sid 20231123 --orientation vertical --features C R --tag axes_peakbin_stimCR-stim-vertical-10msnative --norm global --clf_binary logreg --C_grid 0.1 0.3 1 3 10 --lda_shrinkage auto --searchC --searchR --search_range_C=0.00:0.50 --search_range_R=0.00:0.50 --search_step_ms 20 --search_len_ms 50 100 150 200 250 --search_score_mode peak_bin_auc --search_tiebreak shortest_then_earliest --search_tol 0.01 --pt_min_ms_stim 200
[20231123][SFEF] wrote /project/bdoiron/dracoxu/rct-fsflow/paper_project_final/out/stim/20231123/axes/axes_peakbin_stimCR-stim-vertical-10msnative/axes_SFEF.npz
    → winC_selected: [0.25999999999999995, 0.30999999999999994], score: 0.8074, peak@275ms (cv_auc=0.9277)
[20231123][SLIP] wrote /project/bdoiron/dracoxu/rct-fsflow/paper_project_final/out/stim/20231123/axes/axes_peakbin_stimCR-stim-vertical-10msnative/axes_SLIP.npz
    → winC_selected: [0.36000000000000004, 0.41000000000000003], score: 0.6682, peak@385ms (cv_auc=0.6942)
[20231123][SSC] wrote /project/bdoiron/dracoxu/rct-fsflow/paper_project_final/out/stim/20231123/axes/axes_peakbin_stimCR-stim-vertical-10msnative/axes_SSC.npz
    → winC_selected: [0.16, 0.36], score: 0.6316, peak@315ms (cv_auc=0.7555)
[ok] axes_summary.json → /project/bdoiron/dracoxu/rct-fsflow/paper_project_final/out/stim/20231123/axes/axes_peakbin_stimCR-stim-vertical-10msnative/axes_summary.json
[ok] config.json → /project/bdoiron/dracoxu/rct-fsflow/paper_project_final/out/stim/20231123/axes/axes_peakbin_stimCR-stim-vertical-10msnative/config.json

========== STIM 10ms native (small lag): QC ==========

[RUN] python cli/qc_axes.py --out_root /project/bdoiron/dracoxu/rct-fsflow/paper_project_final/out --align stim --sid 20231123 --orientation vertical --tag axes_peakbin_stimCR-stim-vertical-10msnative --thr 0.60 --k 5 --pt_min_ms_stim 200 --norm auto
[20231123][SFEF] wrote /project/bdoiron/dracoxu/rct-fsflow/paper_project_final/out/stim/20231123/qc/axes_peakbin_stimCR-stim-vertical-10msnative/qc_axes_SFEF.pdf (+ .png, .json)   lat(ms): C=155.0000011920929, Sraw=None, Sinv=None, T=None
[20231123][SLIP] wrote /project/bdoiron/dracoxu/rct-fsflow/paper_project_final/out/stim/20231123/qc/axes_peakbin_stimCR-stim-vertical-10msnative/qc_axes_SLIP.pdf (+ .png, .json)   lat(ms): C=354.99998927116394, Sraw=None, Sinv=None, T=None
[20231123][SSC] wrote /project/bdoiron/dracoxu/rct-fsflow/paper_project_final/out/stim/20231123/qc/axes_peakbin_stimCR-stim-vertical-10msnative/qc_axes_SSC.pdf (+ .png, .json)   lat(ms): C=None, Sraw=None, Sinv=None, T=None

========== STIM 10ms native (small lag): flow feature=C (save null) ==========

[RUN] python cli/flow_session.py --out_root /project/bdoiron/dracoxu/rct-fsflow/paper_project_final/out --align stim --sid 20231123 --feature C --orientation vertical --lags_ms 30 --ridge 1e-2 --perms 500 --perm-within CR --null_method trial_shuffle --standardize_mode none --pt_min_ms 200 --no_induced --evoked_subtract --evoked_sigma_ms 10 --axes_tag axes_peakbin_stimCR-stim-vertical-10msnative --tag evoked_peakbin_stimC_vertical_lag30ms_10msnative --flow_tag_base evoked_peakbin_stimC_vertical_lag30ms_10msnative --save_null_samples --norm auto
[20231123][SFEF->SLIP] [evoked_peakbin_stimC_vertical_lag30ms_10msnative-none-trial] wrote /project/bdoiron/dracoxu/rct-fsflow/paper_project_final/out/stim/20231123/flow/evoked_peakbin_stimC_vertical_lag30ms_10msnative-none-trial/C/flow_C_SFEFtoSLIP.npz
[20231123][SFEF->SSC] [evoked_peakbin_stimC_vertical_lag30ms_10msnative-none-trial] wrote /project/bdoiron/dracoxu/rct-fsflow/paper_project_final/out/stim/20231123/flow/evoked_peakbin_stimC_vertical_lag30ms_10msnative-none-trial/C/flow_C_SFEFtoSSC.npz
[20231123][SLIP->SFEF] [evoked_peakbin_stimC_vertical_lag30ms_10msnative-none-trial] wrote /project/bdoiron/dracoxu/rct-fsflow/paper_project_final/out/stim/20231123/flow/evoked_peakbin_stimC_vertical_lag30ms_10msnative-none-trial/C/flow_C_SLIPtoSFEF.npz
[20231123][SLIP->SSC] [evoked_peakbin_stimC_vertical_lag30ms_10msnative-none-trial] wrote /project/bdoiron/dracoxu/rct-fsflow/paper_project_final/out/stim/20231123/flow/evoked_peakbin_stimC_vertical_lag30ms_10msnative-none-trial/C/flow_C_SLIPtoSSC.npz
[20231123][SSC->SFEF] [evoked_peakbin_stimC_vertical_lag30ms_10msnative-none-trial] wrote /project/bdoiron/dracoxu/rct-fsflow/paper_project_final/out/stim/20231123/flow/evoked_peakbin_stimC_vertical_lag30ms_10msnative-none-trial/C/flow_C_SSCtoSFEF.npz
[20231123][SSC->SLIP] [evoked_peakbin_stimC_vertical_lag30ms_10msnative-none-trial] wrote /project/bdoiron/dracoxu/rct-fsflow/paper_project_final/out/stim/20231123/flow/evoked_peakbin_stimC_vertical_lag30ms_10msnative-none-trial/C/flow_C_SSCtoSLIP.npz

========== STIM 10ms native (small lag): flow feature=R (save null) ==========

[RUN] python cli/flow_session.py --out_root /project/bdoiron/dracoxu/rct-fsflow/paper_project_final/out --align stim --sid 20231123 --feature R --orientation vertical --lags_ms 30 --ridge 1e-2 --perms 500 --perm-within CR --null_method trial_shuffle --standardize_mode none --pt_min_ms 200 --no_induced --evoked_subtract --evoked_sigma_ms 10 --axes_tag axes_peakbin_stimCR-stim-vertical-10msnative --tag evoked_peakbin_stimR_vertical_lag30ms_10msnative --flow_tag_base evoked_peakbin_stimR_vertical_lag30ms_10msnative --save_null_samples --norm auto
[20231123][SFEF->SLIP] [evoked_peakbin_stimR_vertical_lag30ms_10msnative-none-trial] wrote /project/bdoiron/dracoxu/rct-fsflow/paper_project_final/out/stim/20231123/flow/evoked_peakbin_stimR_vertical_lag30ms_10msnative-none-trial/R/flow_R_SFEFtoSLIP.npz
[20231123][SFEF->SSC] [evoked_peakbin_stimR_vertical_lag30ms_10msnative-none-trial] wrote /project/bdoiron/dracoxu/rct-fsflow/paper_project_final/out/stim/20231123/flow/evoked_peakbin_stimR_vertical_lag30ms_10msnative-none-trial/R/flow_R_SFEFtoSSC.npz
[20231123][SLIP->SFEF] [evoked_peakbin_stimR_vertical_lag30ms_10msnative-none-trial] wrote /project/bdoiron/dracoxu/rct-fsflow/paper_project_final/out/stim/20231123/flow/evoked_peakbin_stimR_vertical_lag30ms_10msnative-none-trial/R/flow_R_SLIPtoSFEF.npz
[20231123][SLIP->SSC] [evoked_peakbin_stimR_vertical_lag30ms_10msnative-none-trial] wrote /project/bdoiron/dracoxu/rct-fsflow/paper_project_final/out/stim/20231123/flow/evoked_peakbin_stimR_vertical_lag30ms_10msnative-none-trial/R/flow_R_SLIPtoSSC.npz
[20231123][SSC->SFEF] [evoked_peakbin_stimR_vertical_lag30ms_10msnative-none-trial] wrote /project/bdoiron/dracoxu/rct-fsflow/paper_project_final/out/stim/20231123/flow/evoked_peakbin_stimR_vertical_lag30ms_10msnative-none-trial/R/flow_R_SSCtoSFEF.npz
[20231123][SSC->SLIP] [evoked_peakbin_stimR_vertical_lag30ms_10msnative-none-trial] wrote /project/bdoiron/dracoxu/rct-fsflow/paper_project_final/out/stim/20231123/flow/evoked_peakbin_stimR_vertical_lag30ms_10msnative-none-trial/R/flow_R_SSCtoSLIP.npz

========== SACC 10ms (rebinned, small lag): train axes (S) peakbin ==========

[RUN] python cli/train_axes.py --out_root /project/bdoiron/dracoxu/rct-fsflow/paper_project_final/out --align sacc --sid 20231123 --orientation horizontal --features S --tag axes_peakbin_saccS-sacc-horizontal-10msnative --norm global --clf_binary logreg --C_grid 0.1 0.3 1 3 10 --lda_shrinkage auto --searchS --search_range_S=-0.20:0.05 --search_step_ms 20 --search_len_ms 50 100 150 200 250 --search_score_mode peak_bin_auc --search_tiebreak shortest_then_closest0 --search_tol 0.01 --pt_min_ms_sacc 200 --rebin_factor 2
[rebin] Combining 2 adjacent bins
[20231123][SFEF] wrote /project/bdoiron/dracoxu/rct-fsflow/paper_project_final/out/sacc/20231123/axes/axes_peakbin_saccS-sacc-horizontal-10msnative/axes_SFEF.npz
[20231123][SLIP] wrote /project/bdoiron/dracoxu/rct-fsflow/paper_project_final/out/sacc/20231123/axes/axes_peakbin_saccS-sacc-horizontal-10msnative/axes_SLIP.npz
[20231123][SSC] wrote /project/bdoiron/dracoxu/rct-fsflow/paper_project_final/out/sacc/20231123/axes/axes_peakbin_saccS-sacc-horizontal-10msnative/axes_SSC.npz
[ok] axes_summary.json → /project/bdoiron/dracoxu/rct-fsflow/paper_project_final/out/sacc/20231123/axes/axes_peakbin_saccS-sacc-horizontal-10msnative/axes_summary.json
[ok] config.json → /project/bdoiron/dracoxu/rct-fsflow/paper_project_final/out/sacc/20231123/axes/axes_peakbin_saccS-sacc-horizontal-10msnative/config.json

========== SACC 10ms (rebinned, small lag): QC ==========

[RUN] python cli/qc_axes.py --out_root /project/bdoiron/dracoxu/rct-fsflow/paper_project_final/out --align sacc --sid 20231123 --orientation horizontal --tag axes_peakbin_saccS-sacc-horizontal-10msnative --thr 0.60 --k 5 --pt_min_ms_sacc 200 --norm auto --rebin_factor 2
[rebin] Combining 2 adjacent bins
[20231123][SFEF] wrote /project/bdoiron/dracoxu/rct-fsflow/paper_project_final/out/sacc/20231123/qc/axes_peakbin_saccS-sacc-horizontal-10msnative/qc_axes_SFEF.pdf (+ .png, .json)   lat(ms): C=None, Sraw=-65.00000134110451, Sinv=-65.00000134110451, T=None
[20231123][SLIP] wrote /project/bdoiron/dracoxu/rct-fsflow/paper_project_final/out/sacc/20231123/qc/axes_peakbin_saccS-sacc-horizontal-10msnative/qc_axes_SLIP.pdf (+ .png, .json)   lat(ms): C=None, Sraw=-54.999999701976776, Sinv=-54.999999701976776, T=None
[20231123][SSC] wrote /project/bdoiron/dracoxu/rct-fsflow/paper_project_final/out/sacc/20231123/qc/axes_peakbin_saccS-sacc-horizontal-10msnative/qc_axes_SSC.pdf (+ .png, .json)   lat(ms): C=None, Sraw=-74.99999925494194, Sinv=-74.99999925494194, T=None

========== SACC 10ms (rebinned, small lag): flow feature=S (save null) ==========

[RUN] python cli/flow_session.py --out_root /project/bdoiron/dracoxu/rct-fsflow/paper_project_final/out --align sacc --sid 20231123 --feature S --orientation horizontal --lags_ms 30 --ridge 1e-2 --perms 500 --perm-within CR --null_method trial_shuffle --standardize_mode none --pt_min_ms 200 --no_induced --evoked_subtract --evoked_sigma_ms 10 --axes_tag axes_peakbin_saccS-sacc-horizontal-10msnative --tag evoked_peakbin_saccS_horizontal_lag30ms_10msnative --flow_tag_base evoked_peakbin_saccS_horizontal_lag30ms_10msnative --save_null_samples --norm auto --rebin_factor 2
[rebin] Combining 2 adjacent bins
[20231123][SFEF->SLIP] [evoked_peakbin_saccS_horizontal_lag30ms_10msnative-none-trial] wrote /project/bdoiron/dracoxu/rct-fsflow/paper_project_final/out/sacc/20231123/flow/evoked_peakbin_saccS_horizontal_lag30ms_10msnative-none-trial/S/flow_S_SFEFtoSLIP.npz
[20231123][SFEF->SSC] [evoked_peakbin_saccS_horizontal_lag30ms_10msnative-none-trial] wrote /project/bdoiron/dracoxu/rct-fsflow/paper_project_final/out/sacc/20231123/flow/evoked_peakbin_saccS_horizontal_lag30ms_10msnative-none-trial/S/flow_S_SFEFtoSSC.npz
[20231123][SLIP->SFEF] [evoked_peakbin_saccS_horizontal_lag30ms_10msnative-none-trial] wrote /project/bdoiron/dracoxu/rct-fsflow/paper_project_final/out/sacc/20231123/flow/evoked_peakbin_saccS_horizontal_lag30ms_10msnative-none-trial/S/flow_S_SLIPtoSFEF.npz
[20231123][SLIP->SSC] [evoked_peakbin_saccS_horizontal_lag30ms_10msnative-none-trial] wrote /project/bdoiron/dracoxu/rct-fsflow/paper_project_final/out/sacc/20231123/flow/evoked_peakbin_saccS_horizontal_lag30ms_10msnative-none-trial/S/flow_S_SLIPtoSSC.npz
[20231123][SSC->SFEF] [evoked_peakbin_saccS_horizontal_lag30ms_10msnative-none-trial] wrote /project/bdoiron/dracoxu/rct-fsflow/paper_project_final/out/sacc/20231123/flow/evoked_peakbin_saccS_horizontal_lag30ms_10msnative-none-trial/S/flow_S_SSCtoSFEF.npz
[20231123][SSC->SLIP] [evoked_peakbin_saccS_horizontal_lag30ms_10msnative-none-trial] wrote /project/bdoiron/dracoxu/rct-fsflow/paper_project_final/out/sacc/20231123/flow/evoked_peakbin_saccS_horizontal_lag30ms_10msnative-none-trial/S/flow_S_SSCtoSLIP.npz

[done] 10ms native (small lag) peakbin axes+QC+flow complete for SID=20231123

============================================================
10ms native (small lag) workflow completed. Next steps:
  1. Run trial_onset_comprehensive.py with appropriate settings
  2. Run summarize_flow_across_sessions.py with:
     --tags evoked_peakbin_stimC_vertical_lag30ms_10msnative-none-trial
     --tags evoked_peakbin_saccS_horizontal_lag30ms_10msnative-none-trial
     --smooth_ms 30
  3. Run plot_qc_paper.py with 10msnative QC subdirs
============================================================
