[info] task=10 SID=20201211
[info] PAPER_HOME=/project/bdoiron/dracoxu/rct-fsflow/paper_project_final
[info] OUT_ROOT=/project/bdoiron/dracoxu/rct-fsflow/paper_project_final/out
[info] DRY_RUN=0 CONTINUE_ON_ERROR=0

========== STIM 20ms sliding: train axes (C,R) peakbin ==========

[RUN] python cli/train_axes.py --out_root /project/bdoiron/dracoxu/rct-fsflow/paper_project_final/out --align stim --sid 20201211 --orientation vertical --features C R --tag axes_peakbin_stimCR-stim-vertical-20mssw --norm global --clf_binary logreg --C_grid 0.1 0.3 1 3 10 --lda_shrinkage auto --searchC --searchR --search_range_C=0.00:0.50 --search_range_R=0.00:0.50 --search_step_ms 20 --search_len_ms 50 100 150 200 250 --search_score_mode peak_bin_auc --search_tiebreak shortest_then_earliest --search_tol 0.01 --pt_min_ms_stim 200 --sliding_window_ms 20 --sliding_step_ms 10
[sliding-window] window=20.0ms (2 bins), step=10.0ms (1 bins), native=10.0ms
[20201211][MFEF] wrote /project/bdoiron/dracoxu/rct-fsflow/paper_project_final/out/stim/20201211/axes/axes_peakbin_stimCR-stim-vertical-20mssw/axes_MFEF.npz
    → winC_selected: [0.19999999999999998, 0.25], score: 0.9573, peak@220ms (cv_auc=0.9963)
[20201211][MLIP] wrote /project/bdoiron/dracoxu/rct-fsflow/paper_project_final/out/stim/20201211/axes/axes_peakbin_stimCR-stim-vertical-20mssw/axes_MLIP.npz
    → winC_selected: [0.4000000000000001, 0.5000000000000001], score: 0.9749, peak@490ms (cv_auc=0.9914)
[20201211][MSC] wrote /project/bdoiron/dracoxu/rct-fsflow/paper_project_final/out/stim/20201211/axes/axes_peakbin_stimCR-stim-vertical-20mssw/axes_MSC.npz
    → winC_selected: [0.4000000000000001, 0.5000000000000001], score: 0.9205, peak@500ms (cv_auc=0.9902)
[ok] axes_summary.json → /project/bdoiron/dracoxu/rct-fsflow/paper_project_final/out/stim/20201211/axes/axes_peakbin_stimCR-stim-vertical-20mssw/axes_summary.json
[ok] config.json → /project/bdoiron/dracoxu/rct-fsflow/paper_project_final/out/stim/20201211/axes/axes_peakbin_stimCR-stim-vertical-20mssw/config.json

========== STIM 20ms sliding: QC ==========

[RUN] python cli/qc_axes.py --out_root /project/bdoiron/dracoxu/rct-fsflow/paper_project_final/out --align stim --sid 20201211 --orientation vertical --tag axes_peakbin_stimCR-stim-vertical-20mssw --thr 0.60 --k 5 --pt_min_ms_stim 200 --norm auto --sliding_window_ms 20 --sliding_step_ms 10
[sliding-window] window=20.0ms (2 bins), step=10.0ms (1 bins), native=10.0ms
[20201211][MFEF] wrote /project/bdoiron/dracoxu/rct-fsflow/paper_project_final/out/stim/20201211/qc/axes_peakbin_stimCR-stim-vertical-20mssw/qc_axes_MFEF.pdf (+ .png, .json)   lat(ms): C=120.00000104308128, Sraw=None, Sinv=None, T=None
[20201211][MLIP] wrote /project/bdoiron/dracoxu/rct-fsflow/paper_project_final/out/stim/20201211/qc/axes_peakbin_stimCR-stim-vertical-20mssw/qc_axes_MLIP.pdf (+ .png, .json)   lat(ms): C=179.99999970197678, Sraw=None, Sinv=None, T=None
[20201211][MSC] wrote /project/bdoiron/dracoxu/rct-fsflow/paper_project_final/out/stim/20201211/qc/axes_peakbin_stimCR-stim-vertical-20mssw/qc_axes_MSC.pdf (+ .png, .json)   lat(ms): C=140.00000059604645, Sraw=None, Sinv=None, T=None

========== STIM 20ms sliding: flow feature=C (save null) ==========

[RUN] python cli/flow_session.py --out_root /project/bdoiron/dracoxu/rct-fsflow/paper_project_final/out --align stim --sid 20201211 --feature C --orientation vertical --lags_ms 30 --ridge 1e-2 --perms 500 --perm-within CR --null_method trial_shuffle --standardize_mode none --pt_min_ms 200 --no_induced --evoked_subtract --evoked_sigma_ms 10 --axes_tag axes_peakbin_stimCR-stim-vertical-20mssw --tag evoked_peakbin_stimC_vertical_lag30ms_20mssw --flow_tag_base evoked_peakbin_stimC_vertical_lag30ms_20mssw --save_null_samples --norm auto --sliding_window_ms 20 --sliding_step_ms 10
[sliding-window] window=20.0ms (2 bins), step=10.0ms (1 bins), native=10.0ms
[20201211][MFEF->MLIP] [evoked_peakbin_stimC_vertical_lag30ms_20mssw-none-trial] wrote /project/bdoiron/dracoxu/rct-fsflow/paper_project_final/out/stim/20201211/flow/evoked_peakbin_stimC_vertical_lag30ms_20mssw-none-trial/C/flow_C_MFEFtoMLIP.npz
[20201211][MFEF->MSC] [evoked_peakbin_stimC_vertical_lag30ms_20mssw-none-trial] wrote /project/bdoiron/dracoxu/rct-fsflow/paper_project_final/out/stim/20201211/flow/evoked_peakbin_stimC_vertical_lag30ms_20mssw-none-trial/C/flow_C_MFEFtoMSC.npz
[20201211][MLIP->MFEF] [evoked_peakbin_stimC_vertical_lag30ms_20mssw-none-trial] wrote /project/bdoiron/dracoxu/rct-fsflow/paper_project_final/out/stim/20201211/flow/evoked_peakbin_stimC_vertical_lag30ms_20mssw-none-trial/C/flow_C_MLIPtoMFEF.npz
[20201211][MLIP->MSC] [evoked_peakbin_stimC_vertical_lag30ms_20mssw-none-trial] wrote /project/bdoiron/dracoxu/rct-fsflow/paper_project_final/out/stim/20201211/flow/evoked_peakbin_stimC_vertical_lag30ms_20mssw-none-trial/C/flow_C_MLIPtoMSC.npz
[20201211][MSC->MFEF] [evoked_peakbin_stimC_vertical_lag30ms_20mssw-none-trial] wrote /project/bdoiron/dracoxu/rct-fsflow/paper_project_final/out/stim/20201211/flow/evoked_peakbin_stimC_vertical_lag30ms_20mssw-none-trial/C/flow_C_MSCtoMFEF.npz
[20201211][MSC->MLIP] [evoked_peakbin_stimC_vertical_lag30ms_20mssw-none-trial] wrote /project/bdoiron/dracoxu/rct-fsflow/paper_project_final/out/stim/20201211/flow/evoked_peakbin_stimC_vertical_lag30ms_20mssw-none-trial/C/flow_C_MSCtoMLIP.npz

========== STIM 20ms sliding: flow feature=R (save null) ==========

[RUN] python cli/flow_session.py --out_root /project/bdoiron/dracoxu/rct-fsflow/paper_project_final/out --align stim --sid 20201211 --feature R --orientation vertical --lags_ms 30 --ridge 1e-2 --perms 500 --perm-within CR --null_method trial_shuffle --standardize_mode none --pt_min_ms 200 --no_induced --evoked_subtract --evoked_sigma_ms 10 --axes_tag axes_peakbin_stimCR-stim-vertical-20mssw --tag evoked_peakbin_stimR_vertical_lag30ms_20mssw --flow_tag_base evoked_peakbin_stimR_vertical_lag30ms_20mssw --save_null_samples --norm auto --sliding_window_ms 20 --sliding_step_ms 10
[sliding-window] window=20.0ms (2 bins), step=10.0ms (1 bins), native=10.0ms
[20201211][MFEF->MLIP] [evoked_peakbin_stimR_vertical_lag30ms_20mssw-none-trial] wrote /project/bdoiron/dracoxu/rct-fsflow/paper_project_final/out/stim/20201211/flow/evoked_peakbin_stimR_vertical_lag30ms_20mssw-none-trial/R/flow_R_MFEFtoMLIP.npz
[20201211][MFEF->MSC] [evoked_peakbin_stimR_vertical_lag30ms_20mssw-none-trial] wrote /project/bdoiron/dracoxu/rct-fsflow/paper_project_final/out/stim/20201211/flow/evoked_peakbin_stimR_vertical_lag30ms_20mssw-none-trial/R/flow_R_MFEFtoMSC.npz
[20201211][MLIP->MFEF] [evoked_peakbin_stimR_vertical_lag30ms_20mssw-none-trial] wrote /project/bdoiron/dracoxu/rct-fsflow/paper_project_final/out/stim/20201211/flow/evoked_peakbin_stimR_vertical_lag30ms_20mssw-none-trial/R/flow_R_MLIPtoMFEF.npz
[20201211][MLIP->MSC] [evoked_peakbin_stimR_vertical_lag30ms_20mssw-none-trial] wrote /project/bdoiron/dracoxu/rct-fsflow/paper_project_final/out/stim/20201211/flow/evoked_peakbin_stimR_vertical_lag30ms_20mssw-none-trial/R/flow_R_MLIPtoMSC.npz
[20201211][MSC->MFEF] [evoked_peakbin_stimR_vertical_lag30ms_20mssw-none-trial] wrote /project/bdoiron/dracoxu/rct-fsflow/paper_project_final/out/stim/20201211/flow/evoked_peakbin_stimR_vertical_lag30ms_20mssw-none-trial/R/flow_R_MSCtoMFEF.npz
[20201211][MSC->MLIP] [evoked_peakbin_stimR_vertical_lag30ms_20mssw-none-trial] wrote /project/bdoiron/dracoxu/rct-fsflow/paper_project_final/out/stim/20201211/flow/evoked_peakbin_stimR_vertical_lag30ms_20mssw-none-trial/R/flow_R_MSCtoMLIP.npz

========== SACC 20ms sliding: train axes (S) peakbin ==========

[RUN] python cli/train_axes.py --out_root /project/bdoiron/dracoxu/rct-fsflow/paper_project_final/out --align sacc --sid 20201211 --orientation horizontal --features S --tag axes_peakbin_saccS-sacc-horizontal-20mssw --norm global --clf_binary logreg --C_grid 0.1 0.3 1 3 10 --lda_shrinkage auto --searchS --search_range_S=-0.20:0.05 --search_step_ms 20 --search_len_ms 50 100 150 200 250 --search_score_mode peak_bin_auc --search_tiebreak shortest_then_closest0 --search_tol 0.01 --pt_min_ms_sacc 200 --sliding_window_ms 20 --sliding_step_ms 10
[sliding-window] window=20.0ms (4 bins), step=10.0ms (2 bins), native=5.0ms
[20201211][MFEF] wrote /project/bdoiron/dracoxu/rct-fsflow/paper_project_final/out/sacc/20201211/axes/axes_peakbin_saccS-sacc-horizontal-20mssw/axes_MFEF.npz
[20201211][MLIP] wrote /project/bdoiron/dracoxu/rct-fsflow/paper_project_final/out/sacc/20201211/axes/axes_peakbin_saccS-sacc-horizontal-20mssw/axes_MLIP.npz
[20201211][MSC] wrote /project/bdoiron/dracoxu/rct-fsflow/paper_project_final/out/sacc/20201211/axes/axes_peakbin_saccS-sacc-horizontal-20mssw/axes_MSC.npz
[ok] axes_summary.json → /project/bdoiron/dracoxu/rct-fsflow/paper_project_final/out/sacc/20201211/axes/axes_peakbin_saccS-sacc-horizontal-20mssw/axes_summary.json
[ok] config.json → /project/bdoiron/dracoxu/rct-fsflow/paper_project_final/out/sacc/20201211/axes/axes_peakbin_saccS-sacc-horizontal-20mssw/config.json

========== SACC 20ms sliding: QC ==========

[RUN] python cli/qc_axes.py --out_root /project/bdoiron/dracoxu/rct-fsflow/paper_project_final/out --align sacc --sid 20201211 --orientation horizontal --tag axes_peakbin_saccS-sacc-horizontal-20mssw --thr 0.60 --k 5 --pt_min_ms_sacc 200 --norm auto --sliding_window_ms 20 --sliding_step_ms 10
[sliding-window] window=20.0ms (4 bins), step=10.0ms (2 bins), native=5.0ms
[20201211][MFEF] wrote /project/bdoiron/dracoxu/rct-fsflow/paper_project_final/out/sacc/20201211/qc/axes_peakbin_saccS-sacc-horizontal-20mssw/qc_axes_MFEF.pdf (+ .png, .json)   lat(ms): C=None, Sraw=-139.99999687075615, Sinv=-139.99999687075615, T=None
[20201211][MLIP] wrote /project/bdoiron/dracoxu/rct-fsflow/paper_project_final/out/sacc/20201211/qc/axes_peakbin_saccS-sacc-horizontal-20mssw/qc_axes_MLIP.pdf (+ .png, .json)   lat(ms): C=None, Sraw=-109.99999940395355, Sinv=-109.99999940395355, T=None
[20201211][MSC] wrote /project/bdoiron/dracoxu/rct-fsflow/paper_project_final/out/sacc/20201211/qc/axes_peakbin_saccS-sacc-horizontal-20mssw/qc_axes_MSC.pdf (+ .png, .json)   lat(ms): C=None, Sraw=-109.99999940395355, Sinv=-109.99999940395355, T=None

========== SACC 20ms sliding: flow feature=S (save null) ==========

[RUN] python cli/flow_session.py --out_root /project/bdoiron/dracoxu/rct-fsflow/paper_project_final/out --align sacc --sid 20201211 --feature S --orientation horizontal --lags_ms 30 --ridge 1e-2 --perms 500 --perm-within CR --null_method trial_shuffle --standardize_mode none --pt_min_ms 200 --no_induced --evoked_subtract --evoked_sigma_ms 10 --axes_tag axes_peakbin_saccS-sacc-horizontal-20mssw --tag evoked_peakbin_saccS_horizontal_lag30ms_20mssw --flow_tag_base evoked_peakbin_saccS_horizontal_lag30ms_20mssw --save_null_samples --norm auto --sliding_window_ms 20 --sliding_step_ms 10
[sliding-window] window=20.0ms (4 bins), step=10.0ms (2 bins), native=5.0ms
[20201211][MFEF->MLIP] [evoked_peakbin_saccS_horizontal_lag30ms_20mssw-none-trial] wrote /project/bdoiron/dracoxu/rct-fsflow/paper_project_final/out/sacc/20201211/flow/evoked_peakbin_saccS_horizontal_lag30ms_20mssw-none-trial/S/flow_S_MFEFtoMLIP.npz
[20201211][MFEF->MSC] [evoked_peakbin_saccS_horizontal_lag30ms_20mssw-none-trial] wrote /project/bdoiron/dracoxu/rct-fsflow/paper_project_final/out/sacc/20201211/flow/evoked_peakbin_saccS_horizontal_lag30ms_20mssw-none-trial/S/flow_S_MFEFtoMSC.npz
[20201211][MLIP->MFEF] [evoked_peakbin_saccS_horizontal_lag30ms_20mssw-none-trial] wrote /project/bdoiron/dracoxu/rct-fsflow/paper_project_final/out/sacc/20201211/flow/evoked_peakbin_saccS_horizontal_lag30ms_20mssw-none-trial/S/flow_S_MLIPtoMFEF.npz
[20201211][MLIP->MSC] [evoked_peakbin_saccS_horizontal_lag30ms_20mssw-none-trial] wrote /project/bdoiron/dracoxu/rct-fsflow/paper_project_final/out/sacc/20201211/flow/evoked_peakbin_saccS_horizontal_lag30ms_20mssw-none-trial/S/flow_S_MLIPtoMSC.npz
[20201211][MSC->MFEF] [evoked_peakbin_saccS_horizontal_lag30ms_20mssw-none-trial] wrote /project/bdoiron/dracoxu/rct-fsflow/paper_project_final/out/sacc/20201211/flow/evoked_peakbin_saccS_horizontal_lag30ms_20mssw-none-trial/S/flow_S_MSCtoMFEF.npz
[20201211][MSC->MLIP] [evoked_peakbin_saccS_horizontal_lag30ms_20mssw-none-trial] wrote /project/bdoiron/dracoxu/rct-fsflow/paper_project_final/out/sacc/20201211/flow/evoked_peakbin_saccS_horizontal_lag30ms_20mssw-none-trial/S/flow_S_MSCtoMLIP.npz

[done] 20ms sliding window peakbin axes+QC+flow (SMALL LAGS) complete for SID=20201211

============================================================
20ms sliding window workflow (SMALL LAGS) completed. Next steps:
  1. Run trial_onset_comprehensive.py with:
     --sliding_window_ms_stim 20 --sliding_step_ms_stim 10 (for stim)
     --sliding_window_ms_sacc 20 --sliding_step_ms_sacc 10 (for sacc)
     and use axes_tag: axes_peakbin_stimCR-stim-vertical-20mssw or axes_peakbin_saccS-sacc-horizontal-20mssw
  2. Run summarize_flow_across_sessions.py with:
     --tags evoked_peakbin_stimC_vertical_lag30ms_20mssw-none-trial
     --tags evoked_peakbin_saccS_horizontal_lag30ms_20mssw-none-trial
     --smooth_ms 30  (can use smaller smooth since output is 10ms spaced)
  3. Run plot_qc_paper.py with 20mssw QC subdirs
============================================================
