[info] task=11 SID=20201216
[info] PAPER_HOME=/project/bdoiron/dracoxu/rct-fsflow/paper_project_final
[info] OUT_ROOT=/project/bdoiron/dracoxu/rct-fsflow/paper_project_final/out
[info] DRY_RUN=0 CONTINUE_ON_ERROR=0

========== STIM 20ms sliding: train axes (C,R) peakbin ==========

[RUN] python cli/train_axes.py --out_root /project/bdoiron/dracoxu/rct-fsflow/paper_project_final/out --align stim --sid 20201216 --orientation vertical --features C R --tag axes_peakbin_stimCR-stim-vertical-20mssw --norm global --clf_binary logreg --C_grid 0.1 0.3 1 3 10 --lda_shrinkage auto --searchC --searchR --search_range_C=0.00:0.50 --search_range_R=0.00:0.50 --search_step_ms 20 --search_len_ms 50 100 150 200 250 --search_score_mode peak_bin_auc --search_tiebreak shortest_then_earliest --search_tol 0.01 --pt_min_ms_stim 200 --sliding_window_ms 20 --sliding_step_ms 10
[sliding-window] window=20.0ms (2 bins), step=10.0ms (1 bins), native=10.0ms
[20201216][MFEF] wrote /project/bdoiron/dracoxu/rct-fsflow/paper_project_final/out/stim/20201216/axes/axes_peakbin_stimCR-stim-vertical-20mssw/axes_MFEF.npz
    → winC_selected: [0.21999999999999997, 0.31999999999999995], score: 0.9555, peak@230ms (cv_auc=0.9935)
[20201216][MLIP] wrote /project/bdoiron/dracoxu/rct-fsflow/paper_project_final/out/stim/20201216/axes/axes_peakbin_stimCR-stim-vertical-20mssw/axes_MLIP.npz
    → winC_selected: [0.4400000000000001, 0.4900000000000001], score: 0.9781, peak@470ms (cv_auc=0.9979)
[20201216][MSC] wrote /project/bdoiron/dracoxu/rct-fsflow/paper_project_final/out/stim/20201216/axes/axes_peakbin_stimCR-stim-vertical-20mssw/axes_MSC.npz
    → winC_selected: [0.25999999999999995, 0.36], score: 0.6878, peak@340ms (cv_auc=0.8119)
[ok] axes_summary.json → /project/bdoiron/dracoxu/rct-fsflow/paper_project_final/out/stim/20201216/axes/axes_peakbin_stimCR-stim-vertical-20mssw/axes_summary.json
[ok] config.json → /project/bdoiron/dracoxu/rct-fsflow/paper_project_final/out/stim/20201216/axes/axes_peakbin_stimCR-stim-vertical-20mssw/config.json

========== STIM 20ms sliding: QC ==========

[RUN] python cli/qc_axes.py --out_root /project/bdoiron/dracoxu/rct-fsflow/paper_project_final/out --align stim --sid 20201216 --orientation vertical --tag axes_peakbin_stimCR-stim-vertical-20mssw --thr 0.60 --k 5 --pt_min_ms_stim 200 --norm auto --sliding_window_ms 20 --sliding_step_ms 10
[sliding-window] window=20.0ms (2 bins), step=10.0ms (1 bins), native=10.0ms
[20201216][MFEF] wrote /project/bdoiron/dracoxu/rct-fsflow/paper_project_final/out/stim/20201216/qc/axes_peakbin_stimCR-stim-vertical-20mssw/qc_axes_MFEF.pdf (+ .png, .json)   lat(ms): C=140.00000059604645, Sraw=None, Sinv=None, T=None
[20201216][MLIP] wrote /project/bdoiron/dracoxu/rct-fsflow/paper_project_final/out/stim/20201216/qc/axes_peakbin_stimCR-stim-vertical-20mssw/qc_axes_MLIP.pdf (+ .png, .json)   lat(ms): C=299.99999701976776, Sraw=None, Sinv=None, T=None
[20201216][MSC] wrote /project/bdoiron/dracoxu/rct-fsflow/paper_project_final/out/stim/20201216/qc/axes_peakbin_stimCR-stim-vertical-20mssw/qc_axes_MSC.pdf (+ .png, .json)   lat(ms): C=259.99999046325684, Sraw=None, Sinv=None, T=None

==================== STIM C: LAG 30ms ====================

========== STIM lag30ms: flow feature=C (save null) ==========

[RUN] python cli/flow_session.py --out_root /project/bdoiron/dracoxu/rct-fsflow/paper_project_final/out --align stim --sid 20201216 --feature C --orientation vertical --lags_ms 30 --ridge 1e-2 --perms 500 --perm-within CR --null_method trial_shuffle --standardize_mode none --pt_min_ms 200 --no_induced --evoked_subtract --evoked_sigma_ms 10 --axes_tag axes_peakbin_stimCR-stim-vertical-20mssw --tag evoked_peakbin_stimC_vertical_lag30ms_20mssw --flow_tag_base evoked_peakbin_stimC_vertical_lag30ms_20mssw --save_null_samples --norm auto --sliding_window_ms 20 --sliding_step_ms 10
[sliding-window] window=20.0ms (2 bins), step=10.0ms (1 bins), native=10.0ms
[20201216][MFEF->MLIP] [evoked_peakbin_stimC_vertical_lag30ms_20mssw-none-trial] wrote /project/bdoiron/dracoxu/rct-fsflow/paper_project_final/out/stim/20201216/flow/evoked_peakbin_stimC_vertical_lag30ms_20mssw-none-trial/C/flow_C_MFEFtoMLIP.npz
[20201216][MFEF->MSC] [evoked_peakbin_stimC_vertical_lag30ms_20mssw-none-trial] wrote /project/bdoiron/dracoxu/rct-fsflow/paper_project_final/out/stim/20201216/flow/evoked_peakbin_stimC_vertical_lag30ms_20mssw-none-trial/C/flow_C_MFEFtoMSC.npz
[20201216][MLIP->MFEF] [evoked_peakbin_stimC_vertical_lag30ms_20mssw-none-trial] wrote /project/bdoiron/dracoxu/rct-fsflow/paper_project_final/out/stim/20201216/flow/evoked_peakbin_stimC_vertical_lag30ms_20mssw-none-trial/C/flow_C_MLIPtoMFEF.npz
[20201216][MLIP->MSC] [evoked_peakbin_stimC_vertical_lag30ms_20mssw-none-trial] wrote /project/bdoiron/dracoxu/rct-fsflow/paper_project_final/out/stim/20201216/flow/evoked_peakbin_stimC_vertical_lag30ms_20mssw-none-trial/C/flow_C_MLIPtoMSC.npz
[20201216][MSC->MFEF] [evoked_peakbin_stimC_vertical_lag30ms_20mssw-none-trial] wrote /project/bdoiron/dracoxu/rct-fsflow/paper_project_final/out/stim/20201216/flow/evoked_peakbin_stimC_vertical_lag30ms_20mssw-none-trial/C/flow_C_MSCtoMFEF.npz
[20201216][MSC->MLIP] [evoked_peakbin_stimC_vertical_lag30ms_20mssw-none-trial] wrote /project/bdoiron/dracoxu/rct-fsflow/paper_project_final/out/stim/20201216/flow/evoked_peakbin_stimC_vertical_lag30ms_20mssw-none-trial/C/flow_C_MSCtoMLIP.npz

==================== STIM C: LAG 40ms ====================

========== STIM lag40ms: flow feature=C (save null) ==========

[RUN] python cli/flow_session.py --out_root /project/bdoiron/dracoxu/rct-fsflow/paper_project_final/out --align stim --sid 20201216 --feature C --orientation vertical --lags_ms 40 --ridge 1e-2 --perms 500 --perm-within CR --null_method trial_shuffle --standardize_mode none --pt_min_ms 200 --no_induced --evoked_subtract --evoked_sigma_ms 10 --axes_tag axes_peakbin_stimCR-stim-vertical-20mssw --tag evoked_peakbin_stimC_vertical_lag40ms_20mssw --flow_tag_base evoked_peakbin_stimC_vertical_lag40ms_20mssw --save_null_samples --norm auto --sliding_window_ms 20 --sliding_step_ms 10
[sliding-window] window=20.0ms (2 bins), step=10.0ms (1 bins), native=10.0ms
[20201216][MFEF->MLIP] [evoked_peakbin_stimC_vertical_lag40ms_20mssw-none-trial] wrote /project/bdoiron/dracoxu/rct-fsflow/paper_project_final/out/stim/20201216/flow/evoked_peakbin_stimC_vertical_lag40ms_20mssw-none-trial/C/flow_C_MFEFtoMLIP.npz
[20201216][MFEF->MSC] [evoked_peakbin_stimC_vertical_lag40ms_20mssw-none-trial] wrote /project/bdoiron/dracoxu/rct-fsflow/paper_project_final/out/stim/20201216/flow/evoked_peakbin_stimC_vertical_lag40ms_20mssw-none-trial/C/flow_C_MFEFtoMSC.npz
[20201216][MLIP->MFEF] [evoked_peakbin_stimC_vertical_lag40ms_20mssw-none-trial] wrote /project/bdoiron/dracoxu/rct-fsflow/paper_project_final/out/stim/20201216/flow/evoked_peakbin_stimC_vertical_lag40ms_20mssw-none-trial/C/flow_C_MLIPtoMFEF.npz
[20201216][MLIP->MSC] [evoked_peakbin_stimC_vertical_lag40ms_20mssw-none-trial] wrote /project/bdoiron/dracoxu/rct-fsflow/paper_project_final/out/stim/20201216/flow/evoked_peakbin_stimC_vertical_lag40ms_20mssw-none-trial/C/flow_C_MLIPtoMSC.npz
[20201216][MSC->MFEF] [evoked_peakbin_stimC_vertical_lag40ms_20mssw-none-trial] wrote /project/bdoiron/dracoxu/rct-fsflow/paper_project_final/out/stim/20201216/flow/evoked_peakbin_stimC_vertical_lag40ms_20mssw-none-trial/C/flow_C_MSCtoMFEF.npz
[20201216][MSC->MLIP] [evoked_peakbin_stimC_vertical_lag40ms_20mssw-none-trial] wrote /project/bdoiron/dracoxu/rct-fsflow/paper_project_final/out/stim/20201216/flow/evoked_peakbin_stimC_vertical_lag40ms_20mssw-none-trial/C/flow_C_MSCtoMLIP.npz

==================== STIM C: LAG 50ms ====================

========== STIM lag50ms: flow feature=C (save null) ==========

[RUN] python cli/flow_session.py --out_root /project/bdoiron/dracoxu/rct-fsflow/paper_project_final/out --align stim --sid 20201216 --feature C --orientation vertical --lags_ms 50 --ridge 1e-2 --perms 500 --perm-within CR --null_method trial_shuffle --standardize_mode none --pt_min_ms 200 --no_induced --evoked_subtract --evoked_sigma_ms 10 --axes_tag axes_peakbin_stimCR-stim-vertical-20mssw --tag evoked_peakbin_stimC_vertical_lag50ms_20mssw --flow_tag_base evoked_peakbin_stimC_vertical_lag50ms_20mssw --save_null_samples --norm auto --sliding_window_ms 20 --sliding_step_ms 10
[sliding-window] window=20.0ms (2 bins), step=10.0ms (1 bins), native=10.0ms
[20201216][MFEF->MLIP] [evoked_peakbin_stimC_vertical_lag50ms_20mssw-none-trial] wrote /project/bdoiron/dracoxu/rct-fsflow/paper_project_final/out/stim/20201216/flow/evoked_peakbin_stimC_vertical_lag50ms_20mssw-none-trial/C/flow_C_MFEFtoMLIP.npz
[20201216][MFEF->MSC] [evoked_peakbin_stimC_vertical_lag50ms_20mssw-none-trial] wrote /project/bdoiron/dracoxu/rct-fsflow/paper_project_final/out/stim/20201216/flow/evoked_peakbin_stimC_vertical_lag50ms_20mssw-none-trial/C/flow_C_MFEFtoMSC.npz
[20201216][MLIP->MFEF] [evoked_peakbin_stimC_vertical_lag50ms_20mssw-none-trial] wrote /project/bdoiron/dracoxu/rct-fsflow/paper_project_final/out/stim/20201216/flow/evoked_peakbin_stimC_vertical_lag50ms_20mssw-none-trial/C/flow_C_MLIPtoMFEF.npz
[20201216][MLIP->MSC] [evoked_peakbin_stimC_vertical_lag50ms_20mssw-none-trial] wrote /project/bdoiron/dracoxu/rct-fsflow/paper_project_final/out/stim/20201216/flow/evoked_peakbin_stimC_vertical_lag50ms_20mssw-none-trial/C/flow_C_MLIPtoMSC.npz
[20201216][MSC->MFEF] [evoked_peakbin_stimC_vertical_lag50ms_20mssw-none-trial] wrote /project/bdoiron/dracoxu/rct-fsflow/paper_project_final/out/stim/20201216/flow/evoked_peakbin_stimC_vertical_lag50ms_20mssw-none-trial/C/flow_C_MSCtoMFEF.npz
[20201216][MSC->MLIP] [evoked_peakbin_stimC_vertical_lag50ms_20mssw-none-trial] wrote /project/bdoiron/dracoxu/rct-fsflow/paper_project_final/out/stim/20201216/flow/evoked_peakbin_stimC_vertical_lag50ms_20mssw-none-trial/C/flow_C_MSCtoMLIP.npz

==================== STIM C: LAG 60ms ====================

========== STIM lag60ms: flow feature=C (save null) ==========

[RUN] python cli/flow_session.py --out_root /project/bdoiron/dracoxu/rct-fsflow/paper_project_final/out --align stim --sid 20201216 --feature C --orientation vertical --lags_ms 60 --ridge 1e-2 --perms 500 --perm-within CR --null_method trial_shuffle --standardize_mode none --pt_min_ms 200 --no_induced --evoked_subtract --evoked_sigma_ms 10 --axes_tag axes_peakbin_stimCR-stim-vertical-20mssw --tag evoked_peakbin_stimC_vertical_lag60ms_20mssw --flow_tag_base evoked_peakbin_stimC_vertical_lag60ms_20mssw --save_null_samples --norm auto --sliding_window_ms 20 --sliding_step_ms 10
[sliding-window] window=20.0ms (2 bins), step=10.0ms (1 bins), native=10.0ms
[20201216][MFEF->MLIP] [evoked_peakbin_stimC_vertical_lag60ms_20mssw-none-trial] wrote /project/bdoiron/dracoxu/rct-fsflow/paper_project_final/out/stim/20201216/flow/evoked_peakbin_stimC_vertical_lag60ms_20mssw-none-trial/C/flow_C_MFEFtoMLIP.npz
[20201216][MFEF->MSC] [evoked_peakbin_stimC_vertical_lag60ms_20mssw-none-trial] wrote /project/bdoiron/dracoxu/rct-fsflow/paper_project_final/out/stim/20201216/flow/evoked_peakbin_stimC_vertical_lag60ms_20mssw-none-trial/C/flow_C_MFEFtoMSC.npz
[20201216][MLIP->MFEF] [evoked_peakbin_stimC_vertical_lag60ms_20mssw-none-trial] wrote /project/bdoiron/dracoxu/rct-fsflow/paper_project_final/out/stim/20201216/flow/evoked_peakbin_stimC_vertical_lag60ms_20mssw-none-trial/C/flow_C_MLIPtoMFEF.npz
[20201216][MLIP->MSC] [evoked_peakbin_stimC_vertical_lag60ms_20mssw-none-trial] wrote /project/bdoiron/dracoxu/rct-fsflow/paper_project_final/out/stim/20201216/flow/evoked_peakbin_stimC_vertical_lag60ms_20mssw-none-trial/C/flow_C_MLIPtoMSC.npz
[20201216][MSC->MFEF] [evoked_peakbin_stimC_vertical_lag60ms_20mssw-none-trial] wrote /project/bdoiron/dracoxu/rct-fsflow/paper_project_final/out/stim/20201216/flow/evoked_peakbin_stimC_vertical_lag60ms_20mssw-none-trial/C/flow_C_MSCtoMFEF.npz
[20201216][MSC->MLIP] [evoked_peakbin_stimC_vertical_lag60ms_20mssw-none-trial] wrote /project/bdoiron/dracoxu/rct-fsflow/paper_project_final/out/stim/20201216/flow/evoked_peakbin_stimC_vertical_lag60ms_20mssw-none-trial/C/flow_C_MSCtoMLIP.npz

==================== STIM C: LAG 80ms ====================

========== STIM lag80ms: flow feature=C (save null) ==========

[RUN] python cli/flow_session.py --out_root /project/bdoiron/dracoxu/rct-fsflow/paper_project_final/out --align stim --sid 20201216 --feature C --orientation vertical --lags_ms 80 --ridge 1e-2 --perms 500 --perm-within CR --null_method trial_shuffle --standardize_mode none --pt_min_ms 200 --no_induced --evoked_subtract --evoked_sigma_ms 10 --axes_tag axes_peakbin_stimCR-stim-vertical-20mssw --tag evoked_peakbin_stimC_vertical_lag80ms_20mssw --flow_tag_base evoked_peakbin_stimC_vertical_lag80ms_20mssw --save_null_samples --norm auto --sliding_window_ms 20 --sliding_step_ms 10
[sliding-window] window=20.0ms (2 bins), step=10.0ms (1 bins), native=10.0ms
[20201216][MFEF->MLIP] [evoked_peakbin_stimC_vertical_lag80ms_20mssw-none-trial] wrote /project/bdoiron/dracoxu/rct-fsflow/paper_project_final/out/stim/20201216/flow/evoked_peakbin_stimC_vertical_lag80ms_20mssw-none-trial/C/flow_C_MFEFtoMLIP.npz
[20201216][MFEF->MSC] [evoked_peakbin_stimC_vertical_lag80ms_20mssw-none-trial] wrote /project/bdoiron/dracoxu/rct-fsflow/paper_project_final/out/stim/20201216/flow/evoked_peakbin_stimC_vertical_lag80ms_20mssw-none-trial/C/flow_C_MFEFtoMSC.npz
[20201216][MLIP->MFEF] [evoked_peakbin_stimC_vertical_lag80ms_20mssw-none-trial] wrote /project/bdoiron/dracoxu/rct-fsflow/paper_project_final/out/stim/20201216/flow/evoked_peakbin_stimC_vertical_lag80ms_20mssw-none-trial/C/flow_C_MLIPtoMFEF.npz
[20201216][MLIP->MSC] [evoked_peakbin_stimC_vertical_lag80ms_20mssw-none-trial] wrote /project/bdoiron/dracoxu/rct-fsflow/paper_project_final/out/stim/20201216/flow/evoked_peakbin_stimC_vertical_lag80ms_20mssw-none-trial/C/flow_C_MLIPtoMSC.npz
[20201216][MSC->MFEF] [evoked_peakbin_stimC_vertical_lag80ms_20mssw-none-trial] wrote /project/bdoiron/dracoxu/rct-fsflow/paper_project_final/out/stim/20201216/flow/evoked_peakbin_stimC_vertical_lag80ms_20mssw-none-trial/C/flow_C_MSCtoMFEF.npz
[20201216][MSC->MLIP] [evoked_peakbin_stimC_vertical_lag80ms_20mssw-none-trial] wrote /project/bdoiron/dracoxu/rct-fsflow/paper_project_final/out/stim/20201216/flow/evoked_peakbin_stimC_vertical_lag80ms_20mssw-none-trial/C/flow_C_MSCtoMLIP.npz

==================== STIM C: LAG 100ms ====================

========== STIM lag100ms: flow feature=C (save null) ==========

[RUN] python cli/flow_session.py --out_root /project/bdoiron/dracoxu/rct-fsflow/paper_project_final/out --align stim --sid 20201216 --feature C --orientation vertical --lags_ms 100 --ridge 1e-2 --perms 500 --perm-within CR --null_method trial_shuffle --standardize_mode none --pt_min_ms 200 --no_induced --evoked_subtract --evoked_sigma_ms 10 --axes_tag axes_peakbin_stimCR-stim-vertical-20mssw --tag evoked_peakbin_stimC_vertical_lag100ms_20mssw --flow_tag_base evoked_peakbin_stimC_vertical_lag100ms_20mssw --save_null_samples --norm auto --sliding_window_ms 20 --sliding_step_ms 10
[sliding-window] window=20.0ms (2 bins), step=10.0ms (1 bins), native=10.0ms
[20201216][MFEF->MLIP] [evoked_peakbin_stimC_vertical_lag100ms_20mssw-none-trial] wrote /project/bdoiron/dracoxu/rct-fsflow/paper_project_final/out/stim/20201216/flow/evoked_peakbin_stimC_vertical_lag100ms_20mssw-none-trial/C/flow_C_MFEFtoMLIP.npz
[20201216][MFEF->MSC] [evoked_peakbin_stimC_vertical_lag100ms_20mssw-none-trial] wrote /project/bdoiron/dracoxu/rct-fsflow/paper_project_final/out/stim/20201216/flow/evoked_peakbin_stimC_vertical_lag100ms_20mssw-none-trial/C/flow_C_MFEFtoMSC.npz
[20201216][MLIP->MFEF] [evoked_peakbin_stimC_vertical_lag100ms_20mssw-none-trial] wrote /project/bdoiron/dracoxu/rct-fsflow/paper_project_final/out/stim/20201216/flow/evoked_peakbin_stimC_vertical_lag100ms_20mssw-none-trial/C/flow_C_MLIPtoMFEF.npz
[20201216][MLIP->MSC] [evoked_peakbin_stimC_vertical_lag100ms_20mssw-none-trial] wrote /project/bdoiron/dracoxu/rct-fsflow/paper_project_final/out/stim/20201216/flow/evoked_peakbin_stimC_vertical_lag100ms_20mssw-none-trial/C/flow_C_MLIPtoMSC.npz
[20201216][MSC->MFEF] [evoked_peakbin_stimC_vertical_lag100ms_20mssw-none-trial] wrote /project/bdoiron/dracoxu/rct-fsflow/paper_project_final/out/stim/20201216/flow/evoked_peakbin_stimC_vertical_lag100ms_20mssw-none-trial/C/flow_C_MSCtoMFEF.npz
[20201216][MSC->MLIP] [evoked_peakbin_stimC_vertical_lag100ms_20mssw-none-trial] wrote /project/bdoiron/dracoxu/rct-fsflow/paper_project_final/out/stim/20201216/flow/evoked_peakbin_stimC_vertical_lag100ms_20mssw-none-trial/C/flow_C_MSCtoMLIP.npz
[WARN] No sacc caches for SID=20201216 → skipping sacc

[done] 20ms sliding window peakbin MULTI-LAG complete for SID=20201216

============================================================
Multi-lag workflow completed. Flow tags generated:

STIM C lags:
  - evoked_peakbin_stimC_vertical_lag30ms_20mssw-none-trial
  - evoked_peakbin_stimC_vertical_lag40ms_20mssw-none-trial
  - evoked_peakbin_stimC_vertical_lag50ms_20mssw-none-trial
  - evoked_peakbin_stimC_vertical_lag60ms_20mssw-none-trial
  - evoked_peakbin_stimC_vertical_lag80ms_20mssw-none-trial
  - evoked_peakbin_stimC_vertical_lag100ms_20mssw-none-trial

SACC S lags:
  - evoked_peakbin_saccS_horizontal_lag30ms_20mssw-none-trial
  - evoked_peakbin_saccS_horizontal_lag50ms_20mssw-none-trial
  - evoked_peakbin_saccS_horizontal_lag60ms_20mssw-none-trial
  - evoked_peakbin_saccS_horizontal_lag80ms_20mssw-none-trial

Next steps:
  Run summarize_flow_across_sessions.py for each tag
============================================================
