Traceback (most recent call last):
  File "/project/bdoiron/dracoxu/rct-fsflow/paper_project_final/cli/flow_session.py", line 249, in <module>
    main()
  File "/project/bdoiron/dracoxu/rct-fsflow/paper_project_final/cli/flow_session.py", line 174, in main
    cB = _load_cache(args.out_root, args.align, args.sid, B, 
         ^^^^^^^^^^^^^^^^^^^^^^^^^^^^^^^^^^^^^^^^^^^^^^^^^^^
  File "/project/bdoiron/dracoxu/rct-fsflow/paper_project_final/cli/flow_session.py", line 23, in _load_cache
    d = np.load(p, allow_pickle=True)
        ^^^^^^^^^^^^^^^^^^^^^^^^^^^^^
  File "/project/bdoiron/dracoxu/rct-fsflow/runtime/venv/lib/python3.11/site-packages/numpy/lib/_npyio_impl.py", line 468, in load
    ret = NpzFile(fid, own_fid=own_fid, allow_pickle=allow_pickle,
          ^^^^^^^^^^^^^^^^^^^^^^^^^^^^^^^^^^^^^^^^^^^^^^^^^^^^^^^^
  File "/project/bdoiron/dracoxu/rct-fsflow/runtime/venv/lib/python3.11/site-packages/numpy/lib/_npyio_impl.py", line 188, in __init__
    _zip = zipfile_factory(fid)
           ^^^^^^^^^^^^^^^^^^^^
  File "/project/bdoiron/dracoxu/rct-fsflow/runtime/venv/lib/python3.11/site-packages/numpy/lib/_npyio_impl.py", line 103, in zipfile_factory
    return zipfile.ZipFile(file, *args, **kwargs)
           ^^^^^^^^^^^^^^^^^^^^^^^^^^^^^^^^^^^^^^
  File "/software/python-3.11.9-el8-x86_64/lib/python3.11/zipfile.py", line 1312, in __init__
    self._RealGetContents()
  File "/software/python-3.11.9-el8-x86_64/lib/python3.11/zipfile.py", line 1379, in _RealGetContents
    raise BadZipFile("File is not a zip file")
zipfile.BadZipFile: File is not a zip file
[ERROR] step failed rc=1: STIM lag100ms: flow feature=C (save null)
