[info] task=19 SID=20231109
[info] PAPER_HOME=/project/bdoiron/dracoxu/rct-fsflow/paper_project_final
[info] OUT_ROOT=/project/bdoiron/dracoxu/rct-fsflow/paper_project_final/out
[info] DRY_RUN=0 CONTINUE_ON_ERROR=0

========== SACC 10ms: train axes (S) peakbin ==========

[RUN] python cli/train_axes.py --out_root /project/bdoiron/dracoxu/rct-fsflow/paper_project_final/out --align sacc --sid 20231109 --orientation horizontal --features S --tag axes_peakbin_saccS-sacc-horizontal-10msbin --norm global --clf_binary logreg --C_grid 0.1 0.3 1 3 10 --lda_shrinkage auto --searchS --search_range_S=-0.20:0.05 --search_step_ms 20 --search_len_ms 50 100 150 200 250 --search_score_mode peak_bin_auc --search_tiebreak shortest_then_closest0 --search_tol 0.01 --pt_min_ms_sacc 200 --rebin_factor 2
[rebin] Combining 2 adjacent bins (e.g., 5ms → 10ms)
[20231109][SFEF] wrote /project/bdoiron/dracoxu/rct-fsflow/paper_project_final/out/sacc/20231109/axes/axes_peakbin_saccS-sacc-horizontal-10msbin/axes_SFEF.npz
[20231109][SLIP] wrote /project/bdoiron/dracoxu/rct-fsflow/paper_project_final/out/sacc/20231109/axes/axes_peakbin_saccS-sacc-horizontal-10msbin/axes_SLIP.npz
[20231109][SSC] wrote /project/bdoiron/dracoxu/rct-fsflow/paper_project_final/out/sacc/20231109/axes/axes_peakbin_saccS-sacc-horizontal-10msbin/axes_SSC.npz
[ok] axes_summary.json → /project/bdoiron/dracoxu/rct-fsflow/paper_project_final/out/sacc/20231109/axes/axes_peakbin_saccS-sacc-horizontal-10msbin/axes_summary.json
[ok] config.json → /project/bdoiron/dracoxu/rct-fsflow/paper_project_final/out/sacc/20231109/axes/axes_peakbin_saccS-sacc-horizontal-10msbin/config.json

========== SACC 10ms: QC ==========

[RUN] python cli/qc_axes.py --out_root /project/bdoiron/dracoxu/rct-fsflow/paper_project_final/out --align sacc --sid 20231109 --orientation horizontal --tag axes_peakbin_saccS-sacc-horizontal-10msbin --thr 0.60 --k 5 --pt_min_ms_sacc 200 --norm auto --rebin_factor 2
[rebin] Combining 2 adjacent bins (e.g., 5ms → 10ms)
[20231109][SFEF] wrote /project/bdoiron/dracoxu/rct-fsflow/paper_project_final/out/sacc/20231109/qc/axes_peakbin_saccS-sacc-horizontal-10msbin/qc_axes_SFEF.pdf (+ .png, .json)   lat(ms): C=None, Sraw=-74.99999925494194, Sinv=-74.99999925494194, T=None
[20231109][SLIP] wrote /project/bdoiron/dracoxu/rct-fsflow/paper_project_final/out/sacc/20231109/qc/axes_peakbin_saccS-sacc-horizontal-10msbin/qc_axes_SLIP.pdf (+ .png, .json)   lat(ms): C=None, Sraw=-25.00000037252903, Sinv=-25.00000037252903, T=None
[20231109][SSC] wrote /project/bdoiron/dracoxu/rct-fsflow/paper_project_final/out/sacc/20231109/qc/axes_peakbin_saccS-sacc-horizontal-10msbin/qc_axes_SSC.pdf (+ .png, .json)   lat(ms): C=None, Sraw=-85.00000089406967, Sinv=-85.00000089406967, T=None

========== SACC 10ms: flow feature=S lag=50ms (save null) ==========

[RUN] python cli/flow_session.py --out_root /project/bdoiron/dracoxu/rct-fsflow/paper_project_final/out --align sacc --sid 20231109 --feature S --orientation horizontal --lags_ms 50 --ridge 1e-2 --perms 500 --perm-within CR --null_method trial_shuffle --standardize_mode none --pt_min_ms 200 --no_induced --evoked_subtract --evoked_sigma_ms 10 --axes_tag axes_peakbin_saccS-sacc-horizontal-10msbin --tag evoked_peakbin_saccS_horizontal_lag50ms_10msbin --flow_tag_base evoked_peakbin_saccS_horizontal_lag50ms_10msbin --save_null_samples --norm auto --rebin_factor 2
[rebin] Combining 2 adjacent bins (e.g., 5ms → 10ms)
[20231109][SFEF->SLIP] [evoked_peakbin_saccS_horizontal_lag50ms_10msbin-none-trial] wrote /project/bdoiron/dracoxu/rct-fsflow/paper_project_final/out/sacc/20231109/flow/evoked_peakbin_saccS_horizontal_lag50ms_10msbin-none-trial/S/flow_S_SFEFtoSLIP.npz
[20231109][SFEF->SSC] [evoked_peakbin_saccS_horizontal_lag50ms_10msbin-none-trial] wrote /project/bdoiron/dracoxu/rct-fsflow/paper_project_final/out/sacc/20231109/flow/evoked_peakbin_saccS_horizontal_lag50ms_10msbin-none-trial/S/flow_S_SFEFtoSSC.npz
[20231109][SLIP->SFEF] [evoked_peakbin_saccS_horizontal_lag50ms_10msbin-none-trial] wrote /project/bdoiron/dracoxu/rct-fsflow/paper_project_final/out/sacc/20231109/flow/evoked_peakbin_saccS_horizontal_lag50ms_10msbin-none-trial/S/flow_S_SLIPtoSFEF.npz
[20231109][SLIP->SSC] [evoked_peakbin_saccS_horizontal_lag50ms_10msbin-none-trial] wrote /project/bdoiron/dracoxu/rct-fsflow/paper_project_final/out/sacc/20231109/flow/evoked_peakbin_saccS_horizontal_lag50ms_10msbin-none-trial/S/flow_S_SLIPtoSSC.npz
[20231109][SSC->SFEF] [evoked_peakbin_saccS_horizontal_lag50ms_10msbin-none-trial] wrote /project/bdoiron/dracoxu/rct-fsflow/paper_project_final/out/sacc/20231109/flow/evoked_peakbin_saccS_horizontal_lag50ms_10msbin-none-trial/S/flow_S_SSCtoSFEF.npz
[20231109][SSC->SLIP] [evoked_peakbin_saccS_horizontal_lag50ms_10msbin-none-trial] wrote /project/bdoiron/dracoxu/rct-fsflow/paper_project_final/out/sacc/20231109/flow/evoked_peakbin_saccS_horizontal_lag50ms_10msbin-none-trial/S/flow_S_SSCtoSLIP.npz

[done] SACC 10ms peakbin axes+QC+flow (lag=50ms) complete for SID=20231109
