[info] task=9 SID=20201204
[info] PAPER_HOME=/project/bdoiron/dracoxu/rct-fsflow/paper_project_final
[info] OUT_ROOT=/project/bdoiron/dracoxu/rct-fsflow/paper_project_final/out_nofilter
[info] MODE: NO CORRECT FILTER + FORCE ALL CORRECT (replicates OLD bug)
[info] DRY_RUN=0 CONTINUE_ON_ERROR=0

==================== BUILD CACHES (REPLICATE OLD BUG) ====================
Using --no_correct_filter --force_all_correct
STIM: t0=-0.25, t1=0.80, bin_ms=10 (matching OLD)
SACC: t0=-0.40, t1=0.30, bin_ms=5 (matching OLD)

========== Build STIM caches (all trials, lab_is_correct=True, OLD params) ==========

[RUN] python cli/build_cache.py --root /project/bdoiron/dracoxu/rct-fsflow/paper_project_final/RCT_02 --out_root /project/bdoiron/dracoxu/rct-fsflow/paper_project_final/out_nofilter --align stim --sid 20201204 --stim_t0 -0.25 --stim_bin_ms 10 --no_correct_filter --force_all_correct
[ok] sid=20201204 (stim) wrote 3 caches (t0=-0.25, t1=0.8, bin_ms=10.0):
    /project/bdoiron/dracoxu/rct-fsflow/paper_project_final/out_nofilter/stim/20201204/caches/area_MFEF.npz
    /project/bdoiron/dracoxu/rct-fsflow/paper_project_final/out_nofilter/stim/20201204/caches/area_MLIP.npz
    /project/bdoiron/dracoxu/rct-fsflow/paper_project_final/out_nofilter/stim/20201204/caches/area_MSC.npz

========== Build SACC caches (all trials, lab_is_correct=True, OLD params) ==========

[RUN] python cli/build_cache.py --root /project/bdoiron/dracoxu/rct-fsflow/paper_project_final/RCT_02 --out_root /project/bdoiron/dracoxu/rct-fsflow/paper_project_final/out_nofilter --align sacc --sid 20201204 --sacc_t1 0.30 --no_correct_filter --force_all_correct
[ok] sid=20201204 (sacc) wrote 3 caches (t0=-0.4, t1=0.3, bin_ms=5.0):
    /project/bdoiron/dracoxu/rct-fsflow/paper_project_final/out_nofilter/sacc/20201204/caches/area_MFEF.npz
    /project/bdoiron/dracoxu/rct-fsflow/paper_project_final/out_nofilter/sacc/20201204/caches/area_MLIP.npz
    /project/bdoiron/dracoxu/rct-fsflow/paper_project_final/out_nofilter/sacc/20201204/caches/area_MSC.npz

========== STIM 20ms sliding: train axes (C,R) on ALL trials [NOFILTER] ==========

[RUN] python cli/train_axes.py --out_root /project/bdoiron/dracoxu/rct-fsflow/paper_project_final/out_nofilter --align stim --sid 20201204 --orientation vertical --features C R --tag axes_peakbin_stimCR-stim-vertical-20mssw_nofilter --norm global --clf_binary logreg --C_grid 0.1 0.3 1 3 10 --lda_shrinkage auto --searchC --searchR --search_range_C=0.00:0.50 --search_range_R=0.00:0.50 --search_step_ms 20 --search_len_ms 50 100 150 200 250 --search_score_mode peak_bin_auc --search_tiebreak shortest_then_earliest --search_tol 0.01 --pt_min_ms_stim 200 --sliding_window_ms 20 --sliding_step_ms 10
[sliding-window] window=20.0ms (2 bins), step=10.0ms (1 bins), native=10.0ms
[20201204][MFEF] wrote /project/bdoiron/dracoxu/rct-fsflow/paper_project_final/out_nofilter/stim/20201204/axes/axes_peakbin_stimCR-stim-vertical-20mssw_nofilter/axes_MFEF.npz
    → winC_selected: [0.19999999999999998, 0.25], score: 0.9771, peak@210ms (cv_auc=0.9915)
[20201204][MLIP] wrote /project/bdoiron/dracoxu/rct-fsflow/paper_project_final/out_nofilter/stim/20201204/axes/axes_peakbin_stimCR-stim-vertical-20mssw_nofilter/axes_MLIP.npz
    → winC_selected: [0.4000000000000001, 0.45000000000000007], score: 0.9496, peak@420ms (cv_auc=0.9797)
[20201204][MSC] wrote /project/bdoiron/dracoxu/rct-fsflow/paper_project_final/out_nofilter/stim/20201204/axes/axes_peakbin_stimCR-stim-vertical-20mssw_nofilter/axes_MSC.npz
    → winC_selected: [0.25999999999999995, 0.30999999999999994], score: 0.7354, peak@300ms (cv_auc=0.7980)
[ok] axes_summary.json → /project/bdoiron/dracoxu/rct-fsflow/paper_project_final/out_nofilter/stim/20201204/axes/axes_peakbin_stimCR-stim-vertical-20mssw_nofilter/axes_summary.json
[ok] config.json → /project/bdoiron/dracoxu/rct-fsflow/paper_project_final/out_nofilter/stim/20201204/axes/axes_peakbin_stimCR-stim-vertical-20mssw_nofilter/config.json

========== STIM 20ms sliding: QC on ALL trials [NOFILTER] ==========

[RUN] python cli/qc_axes.py --out_root /project/bdoiron/dracoxu/rct-fsflow/paper_project_final/out_nofilter --align stim --sid 20201204 --orientation vertical --tag axes_peakbin_stimCR-stim-vertical-20mssw_nofilter --thr 0.60 --k 5 --pt_min_ms_stim 200 --norm auto --sliding_window_ms 20 --sliding_step_ms 10
[sliding-window] window=20.0ms (2 bins), step=10.0ms (1 bins), native=10.0ms
[20201204][MFEF] wrote /project/bdoiron/dracoxu/rct-fsflow/paper_project_final/out_nofilter/stim/20201204/qc/axes_peakbin_stimCR-stim-vertical-20mssw_nofilter/qc_axes_MFEF.pdf (+ .png, .json)   lat(ms): C=120.00000104308128, Sraw=None, Sinv=None, T=None
[20201204][MLIP] wrote /project/bdoiron/dracoxu/rct-fsflow/paper_project_final/out_nofilter/stim/20201204/qc/axes_peakbin_stimCR-stim-vertical-20mssw_nofilter/qc_axes_MLIP.pdf (+ .png, .json)   lat(ms): C=130.00000268220901, Sraw=None, Sinv=None, T=None
[20201204][MSC] wrote /project/bdoiron/dracoxu/rct-fsflow/paper_project_final/out_nofilter/stim/20201204/qc/axes_peakbin_stimCR-stim-vertical-20mssw_nofilter/qc_axes_MSC.pdf (+ .png, .json)   lat(ms): C=229.99999672174454, Sraw=None, Sinv=None, T=None

==================== STIM C: LAG 30ms [ALL TRIALS] ====================

========== STIM lag30ms: flow feature=C on ALL trials [NOFILTER] ==========

[RUN] python cli/flow_session.py --out_root /project/bdoiron/dracoxu/rct-fsflow/paper_project_final/out_nofilter --align stim --sid 20201204 --feature C --orientation vertical --lags_ms 30 --ridge 1e-2 --perms 500 --perm-within CR --null_method trial_shuffle --standardize_mode none --pt_min_ms 200 --no_induced --evoked_subtract --evoked_sigma_ms 10 --axes_tag axes_peakbin_stimCR-stim-vertical-20mssw_nofilter --tag evoked_peakbin_stimC_vertical_lag30ms_20mssw_nofilter --flow_tag_base evoked_peakbin_stimC_vertical_lag30ms_20mssw_nofilter --save_null_samples --norm auto --sliding_window_ms 20 --sliding_step_ms 10
[sliding-window] window=20.0ms (2 bins), step=10.0ms (1 bins), native=10.0ms
[20201204][MFEF->MLIP] [evoked_peakbin_stimC_vertical_lag30ms_20mssw_nofilter-none-trial] wrote /project/bdoiron/dracoxu/rct-fsflow/paper_project_final/out_nofilter/stim/20201204/flow/evoked_peakbin_stimC_vertical_lag30ms_20mssw_nofilter-none-trial/C/flow_C_MFEFtoMLIP.npz
[20201204][MFEF->MSC] [evoked_peakbin_stimC_vertical_lag30ms_20mssw_nofilter-none-trial] wrote /project/bdoiron/dracoxu/rct-fsflow/paper_project_final/out_nofilter/stim/20201204/flow/evoked_peakbin_stimC_vertical_lag30ms_20mssw_nofilter-none-trial/C/flow_C_MFEFtoMSC.npz
[20201204][MLIP->MFEF] [evoked_peakbin_stimC_vertical_lag30ms_20mssw_nofilter-none-trial] wrote /project/bdoiron/dracoxu/rct-fsflow/paper_project_final/out_nofilter/stim/20201204/flow/evoked_peakbin_stimC_vertical_lag30ms_20mssw_nofilter-none-trial/C/flow_C_MLIPtoMFEF.npz
[20201204][MLIP->MSC] [evoked_peakbin_stimC_vertical_lag30ms_20mssw_nofilter-none-trial] wrote /project/bdoiron/dracoxu/rct-fsflow/paper_project_final/out_nofilter/stim/20201204/flow/evoked_peakbin_stimC_vertical_lag30ms_20mssw_nofilter-none-trial/C/flow_C_MLIPtoMSC.npz
[20201204][MSC->MFEF] [evoked_peakbin_stimC_vertical_lag30ms_20mssw_nofilter-none-trial] wrote /project/bdoiron/dracoxu/rct-fsflow/paper_project_final/out_nofilter/stim/20201204/flow/evoked_peakbin_stimC_vertical_lag30ms_20mssw_nofilter-none-trial/C/flow_C_MSCtoMFEF.npz
[20201204][MSC->MLIP] [evoked_peakbin_stimC_vertical_lag30ms_20mssw_nofilter-none-trial] wrote /project/bdoiron/dracoxu/rct-fsflow/paper_project_final/out_nofilter/stim/20201204/flow/evoked_peakbin_stimC_vertical_lag30ms_20mssw_nofilter-none-trial/C/flow_C_MSCtoMLIP.npz

==================== STIM C: LAG 40ms [ALL TRIALS] ====================

========== STIM lag40ms: flow feature=C on ALL trials [NOFILTER] ==========

[RUN] python cli/flow_session.py --out_root /project/bdoiron/dracoxu/rct-fsflow/paper_project_final/out_nofilter --align stim --sid 20201204 --feature C --orientation vertical --lags_ms 40 --ridge 1e-2 --perms 500 --perm-within CR --null_method trial_shuffle --standardize_mode none --pt_min_ms 200 --no_induced --evoked_subtract --evoked_sigma_ms 10 --axes_tag axes_peakbin_stimCR-stim-vertical-20mssw_nofilter --tag evoked_peakbin_stimC_vertical_lag40ms_20mssw_nofilter --flow_tag_base evoked_peakbin_stimC_vertical_lag40ms_20mssw_nofilter --save_null_samples --norm auto --sliding_window_ms 20 --sliding_step_ms 10
[sliding-window] window=20.0ms (2 bins), step=10.0ms (1 bins), native=10.0ms
[20201204][MFEF->MLIP] [evoked_peakbin_stimC_vertical_lag40ms_20mssw_nofilter-none-trial] wrote /project/bdoiron/dracoxu/rct-fsflow/paper_project_final/out_nofilter/stim/20201204/flow/evoked_peakbin_stimC_vertical_lag40ms_20mssw_nofilter-none-trial/C/flow_C_MFEFtoMLIP.npz
[20201204][MFEF->MSC] [evoked_peakbin_stimC_vertical_lag40ms_20mssw_nofilter-none-trial] wrote /project/bdoiron/dracoxu/rct-fsflow/paper_project_final/out_nofilter/stim/20201204/flow/evoked_peakbin_stimC_vertical_lag40ms_20mssw_nofilter-none-trial/C/flow_C_MFEFtoMSC.npz
[20201204][MLIP->MFEF] [evoked_peakbin_stimC_vertical_lag40ms_20mssw_nofilter-none-trial] wrote /project/bdoiron/dracoxu/rct-fsflow/paper_project_final/out_nofilter/stim/20201204/flow/evoked_peakbin_stimC_vertical_lag40ms_20mssw_nofilter-none-trial/C/flow_C_MLIPtoMFEF.npz
[20201204][MLIP->MSC] [evoked_peakbin_stimC_vertical_lag40ms_20mssw_nofilter-none-trial] wrote /project/bdoiron/dracoxu/rct-fsflow/paper_project_final/out_nofilter/stim/20201204/flow/evoked_peakbin_stimC_vertical_lag40ms_20mssw_nofilter-none-trial/C/flow_C_MLIPtoMSC.npz
[20201204][MSC->MFEF] [evoked_peakbin_stimC_vertical_lag40ms_20mssw_nofilter-none-trial] wrote /project/bdoiron/dracoxu/rct-fsflow/paper_project_final/out_nofilter/stim/20201204/flow/evoked_peakbin_stimC_vertical_lag40ms_20mssw_nofilter-none-trial/C/flow_C_MSCtoMFEF.npz
[20201204][MSC->MLIP] [evoked_peakbin_stimC_vertical_lag40ms_20mssw_nofilter-none-trial] wrote /project/bdoiron/dracoxu/rct-fsflow/paper_project_final/out_nofilter/stim/20201204/flow/evoked_peakbin_stimC_vertical_lag40ms_20mssw_nofilter-none-trial/C/flow_C_MSCtoMLIP.npz

==================== STIM C: LAG 50ms [ALL TRIALS] ====================

========== STIM lag50ms: flow feature=C on ALL trials [NOFILTER] ==========

[RUN] python cli/flow_session.py --out_root /project/bdoiron/dracoxu/rct-fsflow/paper_project_final/out_nofilter --align stim --sid 20201204 --feature C --orientation vertical --lags_ms 50 --ridge 1e-2 --perms 500 --perm-within CR --null_method trial_shuffle --standardize_mode none --pt_min_ms 200 --no_induced --evoked_subtract --evoked_sigma_ms 10 --axes_tag axes_peakbin_stimCR-stim-vertical-20mssw_nofilter --tag evoked_peakbin_stimC_vertical_lag50ms_20mssw_nofilter --flow_tag_base evoked_peakbin_stimC_vertical_lag50ms_20mssw_nofilter --save_null_samples --norm auto --sliding_window_ms 20 --sliding_step_ms 10
[sliding-window] window=20.0ms (2 bins), step=10.0ms (1 bins), native=10.0ms
[20201204][MFEF->MLIP] [evoked_peakbin_stimC_vertical_lag50ms_20mssw_nofilter-none-trial] wrote /project/bdoiron/dracoxu/rct-fsflow/paper_project_final/out_nofilter/stim/20201204/flow/evoked_peakbin_stimC_vertical_lag50ms_20mssw_nofilter-none-trial/C/flow_C_MFEFtoMLIP.npz
[20201204][MFEF->MSC] [evoked_peakbin_stimC_vertical_lag50ms_20mssw_nofilter-none-trial] wrote /project/bdoiron/dracoxu/rct-fsflow/paper_project_final/out_nofilter/stim/20201204/flow/evoked_peakbin_stimC_vertical_lag50ms_20mssw_nofilter-none-trial/C/flow_C_MFEFtoMSC.npz
[20201204][MLIP->MFEF] [evoked_peakbin_stimC_vertical_lag50ms_20mssw_nofilter-none-trial] wrote /project/bdoiron/dracoxu/rct-fsflow/paper_project_final/out_nofilter/stim/20201204/flow/evoked_peakbin_stimC_vertical_lag50ms_20mssw_nofilter-none-trial/C/flow_C_MLIPtoMFEF.npz
[20201204][MLIP->MSC] [evoked_peakbin_stimC_vertical_lag50ms_20mssw_nofilter-none-trial] wrote /project/bdoiron/dracoxu/rct-fsflow/paper_project_final/out_nofilter/stim/20201204/flow/evoked_peakbin_stimC_vertical_lag50ms_20mssw_nofilter-none-trial/C/flow_C_MLIPtoMSC.npz
[20201204][MSC->MFEF] [evoked_peakbin_stimC_vertical_lag50ms_20mssw_nofilter-none-trial] wrote /project/bdoiron/dracoxu/rct-fsflow/paper_project_final/out_nofilter/stim/20201204/flow/evoked_peakbin_stimC_vertical_lag50ms_20mssw_nofilter-none-trial/C/flow_C_MSCtoMFEF.npz
[20201204][MSC->MLIP] [evoked_peakbin_stimC_vertical_lag50ms_20mssw_nofilter-none-trial] wrote /project/bdoiron/dracoxu/rct-fsflow/paper_project_final/out_nofilter/stim/20201204/flow/evoked_peakbin_stimC_vertical_lag50ms_20mssw_nofilter-none-trial/C/flow_C_MSCtoMLIP.npz

==================== STIM C: LAG 60ms [ALL TRIALS] ====================

========== STIM lag60ms: flow feature=C on ALL trials [NOFILTER] ==========

[RUN] python cli/flow_session.py --out_root /project/bdoiron/dracoxu/rct-fsflow/paper_project_final/out_nofilter --align stim --sid 20201204 --feature C --orientation vertical --lags_ms 60 --ridge 1e-2 --perms 500 --perm-within CR --null_method trial_shuffle --standardize_mode none --pt_min_ms 200 --no_induced --evoked_subtract --evoked_sigma_ms 10 --axes_tag axes_peakbin_stimCR-stim-vertical-20mssw_nofilter --tag evoked_peakbin_stimC_vertical_lag60ms_20mssw_nofilter --flow_tag_base evoked_peakbin_stimC_vertical_lag60ms_20mssw_nofilter --save_null_samples --norm auto --sliding_window_ms 20 --sliding_step_ms 10
[sliding-window] window=20.0ms (2 bins), step=10.0ms (1 bins), native=10.0ms
[20201204][MFEF->MLIP] [evoked_peakbin_stimC_vertical_lag60ms_20mssw_nofilter-none-trial] wrote /project/bdoiron/dracoxu/rct-fsflow/paper_project_final/out_nofilter/stim/20201204/flow/evoked_peakbin_stimC_vertical_lag60ms_20mssw_nofilter-none-trial/C/flow_C_MFEFtoMLIP.npz
[20201204][MFEF->MSC] [evoked_peakbin_stimC_vertical_lag60ms_20mssw_nofilter-none-trial] wrote /project/bdoiron/dracoxu/rct-fsflow/paper_project_final/out_nofilter/stim/20201204/flow/evoked_peakbin_stimC_vertical_lag60ms_20mssw_nofilter-none-trial/C/flow_C_MFEFtoMSC.npz
[20201204][MLIP->MFEF] [evoked_peakbin_stimC_vertical_lag60ms_20mssw_nofilter-none-trial] wrote /project/bdoiron/dracoxu/rct-fsflow/paper_project_final/out_nofilter/stim/20201204/flow/evoked_peakbin_stimC_vertical_lag60ms_20mssw_nofilter-none-trial/C/flow_C_MLIPtoMFEF.npz
[20201204][MLIP->MSC] [evoked_peakbin_stimC_vertical_lag60ms_20mssw_nofilter-none-trial] wrote /project/bdoiron/dracoxu/rct-fsflow/paper_project_final/out_nofilter/stim/20201204/flow/evoked_peakbin_stimC_vertical_lag60ms_20mssw_nofilter-none-trial/C/flow_C_MLIPtoMSC.npz
[20201204][MSC->MFEF] [evoked_peakbin_stimC_vertical_lag60ms_20mssw_nofilter-none-trial] wrote /project/bdoiron/dracoxu/rct-fsflow/paper_project_final/out_nofilter/stim/20201204/flow/evoked_peakbin_stimC_vertical_lag60ms_20mssw_nofilter-none-trial/C/flow_C_MSCtoMFEF.npz
[20201204][MSC->MLIP] [evoked_peakbin_stimC_vertical_lag60ms_20mssw_nofilter-none-trial] wrote /project/bdoiron/dracoxu/rct-fsflow/paper_project_final/out_nofilter/stim/20201204/flow/evoked_peakbin_stimC_vertical_lag60ms_20mssw_nofilter-none-trial/C/flow_C_MSCtoMLIP.npz

==================== STIM C: LAG 80ms [ALL TRIALS] ====================

========== STIM lag80ms: flow feature=C on ALL trials [NOFILTER] ==========

[RUN] python cli/flow_session.py --out_root /project/bdoiron/dracoxu/rct-fsflow/paper_project_final/out_nofilter --align stim --sid 20201204 --feature C --orientation vertical --lags_ms 80 --ridge 1e-2 --perms 500 --perm-within CR --null_method trial_shuffle --standardize_mode none --pt_min_ms 200 --no_induced --evoked_subtract --evoked_sigma_ms 10 --axes_tag axes_peakbin_stimCR-stim-vertical-20mssw_nofilter --tag evoked_peakbin_stimC_vertical_lag80ms_20mssw_nofilter --flow_tag_base evoked_peakbin_stimC_vertical_lag80ms_20mssw_nofilter --save_null_samples --norm auto --sliding_window_ms 20 --sliding_step_ms 10
[sliding-window] window=20.0ms (2 bins), step=10.0ms (1 bins), native=10.0ms
[20201204][MFEF->MLIP] [evoked_peakbin_stimC_vertical_lag80ms_20mssw_nofilter-none-trial] wrote /project/bdoiron/dracoxu/rct-fsflow/paper_project_final/out_nofilter/stim/20201204/flow/evoked_peakbin_stimC_vertical_lag80ms_20mssw_nofilter-none-trial/C/flow_C_MFEFtoMLIP.npz
[20201204][MFEF->MSC] [evoked_peakbin_stimC_vertical_lag80ms_20mssw_nofilter-none-trial] wrote /project/bdoiron/dracoxu/rct-fsflow/paper_project_final/out_nofilter/stim/20201204/flow/evoked_peakbin_stimC_vertical_lag80ms_20mssw_nofilter-none-trial/C/flow_C_MFEFtoMSC.npz
[20201204][MLIP->MFEF] [evoked_peakbin_stimC_vertical_lag80ms_20mssw_nofilter-none-trial] wrote /project/bdoiron/dracoxu/rct-fsflow/paper_project_final/out_nofilter/stim/20201204/flow/evoked_peakbin_stimC_vertical_lag80ms_20mssw_nofilter-none-trial/C/flow_C_MLIPtoMFEF.npz
[20201204][MLIP->MSC] [evoked_peakbin_stimC_vertical_lag80ms_20mssw_nofilter-none-trial] wrote /project/bdoiron/dracoxu/rct-fsflow/paper_project_final/out_nofilter/stim/20201204/flow/evoked_peakbin_stimC_vertical_lag80ms_20mssw_nofilter-none-trial/C/flow_C_MLIPtoMSC.npz
[20201204][MSC->MFEF] [evoked_peakbin_stimC_vertical_lag80ms_20mssw_nofilter-none-trial] wrote /project/bdoiron/dracoxu/rct-fsflow/paper_project_final/out_nofilter/stim/20201204/flow/evoked_peakbin_stimC_vertical_lag80ms_20mssw_nofilter-none-trial/C/flow_C_MSCtoMFEF.npz
[20201204][MSC->MLIP] [evoked_peakbin_stimC_vertical_lag80ms_20mssw_nofilter-none-trial] wrote /project/bdoiron/dracoxu/rct-fsflow/paper_project_final/out_nofilter/stim/20201204/flow/evoked_peakbin_stimC_vertical_lag80ms_20mssw_nofilter-none-trial/C/flow_C_MSCtoMLIP.npz

==================== STIM C: LAG 100ms [ALL TRIALS] ====================

========== STIM lag100ms: flow feature=C on ALL trials [NOFILTER] ==========

[RUN] python cli/flow_session.py --out_root /project/bdoiron/dracoxu/rct-fsflow/paper_project_final/out_nofilter --align stim --sid 20201204 --feature C --orientation vertical --lags_ms 100 --ridge 1e-2 --perms 500 --perm-within CR --null_method trial_shuffle --standardize_mode none --pt_min_ms 200 --no_induced --evoked_subtract --evoked_sigma_ms 10 --axes_tag axes_peakbin_stimCR-stim-vertical-20mssw_nofilter --tag evoked_peakbin_stimC_vertical_lag100ms_20mssw_nofilter --flow_tag_base evoked_peakbin_stimC_vertical_lag100ms_20mssw_nofilter --save_null_samples --norm auto --sliding_window_ms 20 --sliding_step_ms 10
[sliding-window] window=20.0ms (2 bins), step=10.0ms (1 bins), native=10.0ms
[20201204][MFEF->MLIP] [evoked_peakbin_stimC_vertical_lag100ms_20mssw_nofilter-none-trial] wrote /project/bdoiron/dracoxu/rct-fsflow/paper_project_final/out_nofilter/stim/20201204/flow/evoked_peakbin_stimC_vertical_lag100ms_20mssw_nofilter-none-trial/C/flow_C_MFEFtoMLIP.npz
[20201204][MFEF->MSC] [evoked_peakbin_stimC_vertical_lag100ms_20mssw_nofilter-none-trial] wrote /project/bdoiron/dracoxu/rct-fsflow/paper_project_final/out_nofilter/stim/20201204/flow/evoked_peakbin_stimC_vertical_lag100ms_20mssw_nofilter-none-trial/C/flow_C_MFEFtoMSC.npz
[20201204][MLIP->MFEF] [evoked_peakbin_stimC_vertical_lag100ms_20mssw_nofilter-none-trial] wrote /project/bdoiron/dracoxu/rct-fsflow/paper_project_final/out_nofilter/stim/20201204/flow/evoked_peakbin_stimC_vertical_lag100ms_20mssw_nofilter-none-trial/C/flow_C_MLIPtoMFEF.npz
[20201204][MLIP->MSC] [evoked_peakbin_stimC_vertical_lag100ms_20mssw_nofilter-none-trial] wrote /project/bdoiron/dracoxu/rct-fsflow/paper_project_final/out_nofilter/stim/20201204/flow/evoked_peakbin_stimC_vertical_lag100ms_20mssw_nofilter-none-trial/C/flow_C_MLIPtoMSC.npz
[20201204][MSC->MFEF] [evoked_peakbin_stimC_vertical_lag100ms_20mssw_nofilter-none-trial] wrote /project/bdoiron/dracoxu/rct-fsflow/paper_project_final/out_nofilter/stim/20201204/flow/evoked_peakbin_stimC_vertical_lag100ms_20mssw_nofilter-none-trial/C/flow_C_MSCtoMFEF.npz
[20201204][MSC->MLIP] [evoked_peakbin_stimC_vertical_lag100ms_20mssw_nofilter-none-trial] wrote /project/bdoiron/dracoxu/rct-fsflow/paper_project_final/out_nofilter/stim/20201204/flow/evoked_peakbin_stimC_vertical_lag100ms_20mssw_nofilter-none-trial/C/flow_C_MSCtoMLIP.npz

========== SACC 20ms sliding: train axes (S) on ALL trials [NOFILTER] ==========

[RUN] python cli/train_axes.py --out_root /project/bdoiron/dracoxu/rct-fsflow/paper_project_final/out_nofilter --align sacc --sid 20201204 --orientation horizontal --features S --tag axes_peakbin_saccS-sacc-horizontal-20mssw_nofilter --norm global --clf_binary logreg --C_grid 0.1 0.3 1 3 10 --lda_shrinkage auto --searchS --search_range_S=-0.20:0.05 --search_step_ms 20 --search_len_ms 50 100 150 200 250 --search_score_mode peak_bin_auc --search_tiebreak shortest_then_closest0 --search_tol 0.01 --pt_min_ms_sacc 200 --sliding_window_ms 20 --sliding_step_ms 10
[sliding-window] window=20.0ms (4 bins), step=10.0ms (2 bins), native=5.0ms
[20201204][MFEF] wrote /project/bdoiron/dracoxu/rct-fsflow/paper_project_final/out_nofilter/sacc/20201204/axes/axes_peakbin_saccS-sacc-horizontal-20mssw_nofilter/axes_MFEF.npz
[20201204][MLIP] wrote /project/bdoiron/dracoxu/rct-fsflow/paper_project_final/out_nofilter/sacc/20201204/axes/axes_peakbin_saccS-sacc-horizontal-20mssw_nofilter/axes_MLIP.npz
[20201204][MSC] wrote /project/bdoiron/dracoxu/rct-fsflow/paper_project_final/out_nofilter/sacc/20201204/axes/axes_peakbin_saccS-sacc-horizontal-20mssw_nofilter/axes_MSC.npz
[ok] axes_summary.json → /project/bdoiron/dracoxu/rct-fsflow/paper_project_final/out_nofilter/sacc/20201204/axes/axes_peakbin_saccS-sacc-horizontal-20mssw_nofilter/axes_summary.json
[ok] config.json → /project/bdoiron/dracoxu/rct-fsflow/paper_project_final/out_nofilter/sacc/20201204/axes/axes_peakbin_saccS-sacc-horizontal-20mssw_nofilter/config.json

========== SACC 20ms sliding: QC on ALL trials [NOFILTER] ==========

[RUN] python cli/qc_axes.py --out_root /project/bdoiron/dracoxu/rct-fsflow/paper_project_final/out_nofilter --align sacc --sid 20201204 --orientation horizontal --tag axes_peakbin_saccS-sacc-horizontal-20mssw_nofilter --thr 0.60 --k 5 --pt_min_ms_sacc 200 --norm auto --sliding_window_ms 20 --sliding_step_ms 10
[sliding-window] window=20.0ms (4 bins), step=10.0ms (2 bins), native=5.0ms
[20201204][MFEF] wrote /project/bdoiron/dracoxu/rct-fsflow/paper_project_final/out_nofilter/sacc/20201204/qc/axes_peakbin_saccS-sacc-horizontal-20mssw_nofilter/qc_axes_MFEF.pdf (+ .png, .json)   lat(ms): C=None, Sraw=-160.0000001490116, Sinv=-160.0000001490116, T=None
[20201204][MLIP] wrote /project/bdoiron/dracoxu/rct-fsflow/paper_project_final/out_nofilter/sacc/20201204/qc/axes_peakbin_saccS-sacc-horizontal-20mssw_nofilter/qc_axes_MLIP.pdf (+ .png, .json)   lat(ms): C=None, Sraw=-99.99999962747097, Sinv=-99.99999962747097, T=None
[20201204][MSC] wrote /project/bdoiron/dracoxu/rct-fsflow/paper_project_final/out_nofilter/sacc/20201204/qc/axes_peakbin_saccS-sacc-horizontal-20mssw_nofilter/qc_axes_MSC.pdf (+ .png, .json)   lat(ms): C=None, Sraw=-210.00000089406967, Sinv=-210.00000089406967, T=None

==================== SACC S: LAG 30ms [ALL TRIALS] ====================

========== SACC lag30ms: flow feature=S on ALL trials [NOFILTER] ==========

[RUN] python cli/flow_session.py --out_root /project/bdoiron/dracoxu/rct-fsflow/paper_project_final/out_nofilter --align sacc --sid 20201204 --feature S --orientation horizontal --lags_ms 30 --ridge 1e-2 --perms 500 --perm-within CR --null_method trial_shuffle --standardize_mode none --pt_min_ms 200 --no_induced --evoked_subtract --evoked_sigma_ms 10 --axes_tag axes_peakbin_saccS-sacc-horizontal-20mssw_nofilter --tag evoked_peakbin_saccS_horizontal_lag30ms_20mssw_nofilter --flow_tag_base evoked_peakbin_saccS_horizontal_lag30ms_20mssw_nofilter --save_null_samples --norm auto --sliding_window_ms 20 --sliding_step_ms 10
[sliding-window] window=20.0ms (4 bins), step=10.0ms (2 bins), native=5.0ms
[20201204][MFEF->MLIP] [evoked_peakbin_saccS_horizontal_lag30ms_20mssw_nofilter-none-trial] wrote /project/bdoiron/dracoxu/rct-fsflow/paper_project_final/out_nofilter/sacc/20201204/flow/evoked_peakbin_saccS_horizontal_lag30ms_20mssw_nofilter-none-trial/S/flow_S_MFEFtoMLIP.npz
[20201204][MFEF->MSC] [evoked_peakbin_saccS_horizontal_lag30ms_20mssw_nofilter-none-trial] wrote /project/bdoiron/dracoxu/rct-fsflow/paper_project_final/out_nofilter/sacc/20201204/flow/evoked_peakbin_saccS_horizontal_lag30ms_20mssw_nofilter-none-trial/S/flow_S_MFEFtoMSC.npz
[20201204][MLIP->MFEF] [evoked_peakbin_saccS_horizontal_lag30ms_20mssw_nofilter-none-trial] wrote /project/bdoiron/dracoxu/rct-fsflow/paper_project_final/out_nofilter/sacc/20201204/flow/evoked_peakbin_saccS_horizontal_lag30ms_20mssw_nofilter-none-trial/S/flow_S_MLIPtoMFEF.npz
[20201204][MLIP->MSC] [evoked_peakbin_saccS_horizontal_lag30ms_20mssw_nofilter-none-trial] wrote /project/bdoiron/dracoxu/rct-fsflow/paper_project_final/out_nofilter/sacc/20201204/flow/evoked_peakbin_saccS_horizontal_lag30ms_20mssw_nofilter-none-trial/S/flow_S_MLIPtoMSC.npz
[20201204][MSC->MFEF] [evoked_peakbin_saccS_horizontal_lag30ms_20mssw_nofilter-none-trial] wrote /project/bdoiron/dracoxu/rct-fsflow/paper_project_final/out_nofilter/sacc/20201204/flow/evoked_peakbin_saccS_horizontal_lag30ms_20mssw_nofilter-none-trial/S/flow_S_MSCtoMFEF.npz
[20201204][MSC->MLIP] [evoked_peakbin_saccS_horizontal_lag30ms_20mssw_nofilter-none-trial] wrote /project/bdoiron/dracoxu/rct-fsflow/paper_project_final/out_nofilter/sacc/20201204/flow/evoked_peakbin_saccS_horizontal_lag30ms_20mssw_nofilter-none-trial/S/flow_S_MSCtoMLIP.npz

==================== SACC S: LAG 50ms [ALL TRIALS] ====================

========== SACC lag50ms: flow feature=S on ALL trials [NOFILTER] ==========

[RUN] python cli/flow_session.py --out_root /project/bdoiron/dracoxu/rct-fsflow/paper_project_final/out_nofilter --align sacc --sid 20201204 --feature S --orientation horizontal --lags_ms 50 --ridge 1e-2 --perms 500 --perm-within CR --null_method trial_shuffle --standardize_mode none --pt_min_ms 200 --no_induced --evoked_subtract --evoked_sigma_ms 10 --axes_tag axes_peakbin_saccS-sacc-horizontal-20mssw_nofilter --tag evoked_peakbin_saccS_horizontal_lag50ms_20mssw_nofilter --flow_tag_base evoked_peakbin_saccS_horizontal_lag50ms_20mssw_nofilter --save_null_samples --norm auto --sliding_window_ms 20 --sliding_step_ms 10
[sliding-window] window=20.0ms (4 bins), step=10.0ms (2 bins), native=5.0ms
[20201204][MFEF->MLIP] [evoked_peakbin_saccS_horizontal_lag50ms_20mssw_nofilter-none-trial] wrote /project/bdoiron/dracoxu/rct-fsflow/paper_project_final/out_nofilter/sacc/20201204/flow/evoked_peakbin_saccS_horizontal_lag50ms_20mssw_nofilter-none-trial/S/flow_S_MFEFtoMLIP.npz
[20201204][MFEF->MSC] [evoked_peakbin_saccS_horizontal_lag50ms_20mssw_nofilter-none-trial] wrote /project/bdoiron/dracoxu/rct-fsflow/paper_project_final/out_nofilter/sacc/20201204/flow/evoked_peakbin_saccS_horizontal_lag50ms_20mssw_nofilter-none-trial/S/flow_S_MFEFtoMSC.npz
[20201204][MLIP->MFEF] [evoked_peakbin_saccS_horizontal_lag50ms_20mssw_nofilter-none-trial] wrote /project/bdoiron/dracoxu/rct-fsflow/paper_project_final/out_nofilter/sacc/20201204/flow/evoked_peakbin_saccS_horizontal_lag50ms_20mssw_nofilter-none-trial/S/flow_S_MLIPtoMFEF.npz
[20201204][MLIP->MSC] [evoked_peakbin_saccS_horizontal_lag50ms_20mssw_nofilter-none-trial] wrote /project/bdoiron/dracoxu/rct-fsflow/paper_project_final/out_nofilter/sacc/20201204/flow/evoked_peakbin_saccS_horizontal_lag50ms_20mssw_nofilter-none-trial/S/flow_S_MLIPtoMSC.npz
[20201204][MSC->MFEF] [evoked_peakbin_saccS_horizontal_lag50ms_20mssw_nofilter-none-trial] wrote /project/bdoiron/dracoxu/rct-fsflow/paper_project_final/out_nofilter/sacc/20201204/flow/evoked_peakbin_saccS_horizontal_lag50ms_20mssw_nofilter-none-trial/S/flow_S_MSCtoMFEF.npz
[20201204][MSC->MLIP] [evoked_peakbin_saccS_horizontal_lag50ms_20mssw_nofilter-none-trial] wrote /project/bdoiron/dracoxu/rct-fsflow/paper_project_final/out_nofilter/sacc/20201204/flow/evoked_peakbin_saccS_horizontal_lag50ms_20mssw_nofilter-none-trial/S/flow_S_MSCtoMLIP.npz

==================== SACC S: LAG 60ms [ALL TRIALS] ====================

========== SACC lag60ms: flow feature=S on ALL trials [NOFILTER] ==========

[RUN] python cli/flow_session.py --out_root /project/bdoiron/dracoxu/rct-fsflow/paper_project_final/out_nofilter --align sacc --sid 20201204 --feature S --orientation horizontal --lags_ms 60 --ridge 1e-2 --perms 500 --perm-within CR --null_method trial_shuffle --standardize_mode none --pt_min_ms 200 --no_induced --evoked_subtract --evoked_sigma_ms 10 --axes_tag axes_peakbin_saccS-sacc-horizontal-20mssw_nofilter --tag evoked_peakbin_saccS_horizontal_lag60ms_20mssw_nofilter --flow_tag_base evoked_peakbin_saccS_horizontal_lag60ms_20mssw_nofilter --save_null_samples --norm auto --sliding_window_ms 20 --sliding_step_ms 10
[sliding-window] window=20.0ms (4 bins), step=10.0ms (2 bins), native=5.0ms
[20201204][MFEF->MLIP] [evoked_peakbin_saccS_horizontal_lag60ms_20mssw_nofilter-none-trial] wrote /project/bdoiron/dracoxu/rct-fsflow/paper_project_final/out_nofilter/sacc/20201204/flow/evoked_peakbin_saccS_horizontal_lag60ms_20mssw_nofilter-none-trial/S/flow_S_MFEFtoMLIP.npz
[20201204][MFEF->MSC] [evoked_peakbin_saccS_horizontal_lag60ms_20mssw_nofilter-none-trial] wrote /project/bdoiron/dracoxu/rct-fsflow/paper_project_final/out_nofilter/sacc/20201204/flow/evoked_peakbin_saccS_horizontal_lag60ms_20mssw_nofilter-none-trial/S/flow_S_MFEFtoMSC.npz
[20201204][MLIP->MFEF] [evoked_peakbin_saccS_horizontal_lag60ms_20mssw_nofilter-none-trial] wrote /project/bdoiron/dracoxu/rct-fsflow/paper_project_final/out_nofilter/sacc/20201204/flow/evoked_peakbin_saccS_horizontal_lag60ms_20mssw_nofilter-none-trial/S/flow_S_MLIPtoMFEF.npz
[20201204][MLIP->MSC] [evoked_peakbin_saccS_horizontal_lag60ms_20mssw_nofilter-none-trial] wrote /project/bdoiron/dracoxu/rct-fsflow/paper_project_final/out_nofilter/sacc/20201204/flow/evoked_peakbin_saccS_horizontal_lag60ms_20mssw_nofilter-none-trial/S/flow_S_MLIPtoMSC.npz
[20201204][MSC->MFEF] [evoked_peakbin_saccS_horizontal_lag60ms_20mssw_nofilter-none-trial] wrote /project/bdoiron/dracoxu/rct-fsflow/paper_project_final/out_nofilter/sacc/20201204/flow/evoked_peakbin_saccS_horizontal_lag60ms_20mssw_nofilter-none-trial/S/flow_S_MSCtoMFEF.npz
[20201204][MSC->MLIP] [evoked_peakbin_saccS_horizontal_lag60ms_20mssw_nofilter-none-trial] wrote /project/bdoiron/dracoxu/rct-fsflow/paper_project_final/out_nofilter/sacc/20201204/flow/evoked_peakbin_saccS_horizontal_lag60ms_20mssw_nofilter-none-trial/S/flow_S_MSCtoMLIP.npz

==================== SACC S: LAG 80ms [ALL TRIALS] ====================

========== SACC lag80ms: flow feature=S on ALL trials [NOFILTER] ==========

[RUN] python cli/flow_session.py --out_root /project/bdoiron/dracoxu/rct-fsflow/paper_project_final/out_nofilter --align sacc --sid 20201204 --feature S --orientation horizontal --lags_ms 80 --ridge 1e-2 --perms 500 --perm-within CR --null_method trial_shuffle --standardize_mode none --pt_min_ms 200 --no_induced --evoked_subtract --evoked_sigma_ms 10 --axes_tag axes_peakbin_saccS-sacc-horizontal-20mssw_nofilter --tag evoked_peakbin_saccS_horizontal_lag80ms_20mssw_nofilter --flow_tag_base evoked_peakbin_saccS_horizontal_lag80ms_20mssw_nofilter --save_null_samples --norm auto --sliding_window_ms 20 --sliding_step_ms 10
[sliding-window] window=20.0ms (4 bins), step=10.0ms (2 bins), native=5.0ms
[20201204][MFEF->MLIP] [evoked_peakbin_saccS_horizontal_lag80ms_20mssw_nofilter-none-trial] wrote /project/bdoiron/dracoxu/rct-fsflow/paper_project_final/out_nofilter/sacc/20201204/flow/evoked_peakbin_saccS_horizontal_lag80ms_20mssw_nofilter-none-trial/S/flow_S_MFEFtoMLIP.npz
[20201204][MFEF->MSC] [evoked_peakbin_saccS_horizontal_lag80ms_20mssw_nofilter-none-trial] wrote /project/bdoiron/dracoxu/rct-fsflow/paper_project_final/out_nofilter/sacc/20201204/flow/evoked_peakbin_saccS_horizontal_lag80ms_20mssw_nofilter-none-trial/S/flow_S_MFEFtoMSC.npz
[20201204][MLIP->MFEF] [evoked_peakbin_saccS_horizontal_lag80ms_20mssw_nofilter-none-trial] wrote /project/bdoiron/dracoxu/rct-fsflow/paper_project_final/out_nofilter/sacc/20201204/flow/evoked_peakbin_saccS_horizontal_lag80ms_20mssw_nofilter-none-trial/S/flow_S_MLIPtoMFEF.npz
[20201204][MLIP->MSC] [evoked_peakbin_saccS_horizontal_lag80ms_20mssw_nofilter-none-trial] wrote /project/bdoiron/dracoxu/rct-fsflow/paper_project_final/out_nofilter/sacc/20201204/flow/evoked_peakbin_saccS_horizontal_lag80ms_20mssw_nofilter-none-trial/S/flow_S_MLIPtoMSC.npz
[20201204][MSC->MFEF] [evoked_peakbin_saccS_horizontal_lag80ms_20mssw_nofilter-none-trial] wrote /project/bdoiron/dracoxu/rct-fsflow/paper_project_final/out_nofilter/sacc/20201204/flow/evoked_peakbin_saccS_horizontal_lag80ms_20mssw_nofilter-none-trial/S/flow_S_MSCtoMFEF.npz
[20201204][MSC->MLIP] [evoked_peakbin_saccS_horizontal_lag80ms_20mssw_nofilter-none-trial] wrote /project/bdoiron/dracoxu/rct-fsflow/paper_project_final/out_nofilter/sacc/20201204/flow/evoked_peakbin_saccS_horizontal_lag80ms_20mssw_nofilter-none-trial/S/flow_S_MSCtoMLIP.npz

[done] 20ms sliding window peakbin MULTI-LAG (NO CORRECT FILTER) complete for SID=20201204
============================================================
Results should MATCH paper_project_final_old/
============================================================
