[info] task=20 SID=20231121
[info] PAPER_HOME=/project/bdoiron/dracoxu/rct-fsflow/paper_project_final
[info] OUT_ROOT=/project/bdoiron/dracoxu/rct-fsflow/paper_project_final/out
[info] DRY_RUN=0 CONTINUE_ON_ERROR=0
[info] STIM axes already exist at /project/bdoiron/dracoxu/rct-fsflow/paper_project_final/out/stim/20231121/axes/axes_peakbin_stimCR-stim-vertical, reusing

========== STIM: flow feature=C perm-within=none (save null) ==========

[RUN] python cli/flow_session.py --out_root /project/bdoiron/dracoxu/rct-fsflow/paper_project_final/out --align stim --sid 20231121 --feature C --orientation vertical --lags_ms 80 --ridge 1e-2 --perms 500 --perm-within none --null_method trial_shuffle --standardize_mode none --pt_min_ms 200 --no_induced --evoked_subtract --evoked_sigma_ms 10 --axes_tag axes_peakbin_stimCR-stim-vertical --tag evoked_peakbin_stimC_vertical_lag80ms_permNone --flow_tag_base evoked_peakbin_stimC_vertical_lag80ms_permNone --save_null_samples --norm auto
[20231121][SFEF->SLIP] [evoked_peakbin_stimC_vertical_lag80ms_permNone-none-trial] wrote /project/bdoiron/dracoxu/rct-fsflow/paper_project_final/out/stim/20231121/flow/evoked_peakbin_stimC_vertical_lag80ms_permNone-none-trial/C/flow_C_SFEFtoSLIP.npz
[20231121][SFEF->SSC] [evoked_peakbin_stimC_vertical_lag80ms_permNone-none-trial] wrote /project/bdoiron/dracoxu/rct-fsflow/paper_project_final/out/stim/20231121/flow/evoked_peakbin_stimC_vertical_lag80ms_permNone-none-trial/C/flow_C_SFEFtoSSC.npz
[20231121][SLIP->SFEF] [evoked_peakbin_stimC_vertical_lag80ms_permNone-none-trial] wrote /project/bdoiron/dracoxu/rct-fsflow/paper_project_final/out/stim/20231121/flow/evoked_peakbin_stimC_vertical_lag80ms_permNone-none-trial/C/flow_C_SLIPtoSFEF.npz
[20231121][SLIP->SSC] [evoked_peakbin_stimC_vertical_lag80ms_permNone-none-trial] wrote /project/bdoiron/dracoxu/rct-fsflow/paper_project_final/out/stim/20231121/flow/evoked_peakbin_stimC_vertical_lag80ms_permNone-none-trial/C/flow_C_SLIPtoSSC.npz
[20231121][SSC->SFEF] [evoked_peakbin_stimC_vertical_lag80ms_permNone-none-trial] wrote /project/bdoiron/dracoxu/rct-fsflow/paper_project_final/out/stim/20231121/flow/evoked_peakbin_stimC_vertical_lag80ms_permNone-none-trial/C/flow_C_SSCtoSFEF.npz
[20231121][SSC->SLIP] [evoked_peakbin_stimC_vertical_lag80ms_permNone-none-trial] wrote /project/bdoiron/dracoxu/rct-fsflow/paper_project_final/out/stim/20231121/flow/evoked_peakbin_stimC_vertical_lag80ms_permNone-none-trial/C/flow_C_SSCtoSLIP.npz

========== STIM: flow feature=R perm-within=none (save null) ==========

[RUN] python cli/flow_session.py --out_root /project/bdoiron/dracoxu/rct-fsflow/paper_project_final/out --align stim --sid 20231121 --feature R --orientation vertical --lags_ms 80 --ridge 1e-2 --perms 500 --perm-within none --null_method trial_shuffle --standardize_mode none --pt_min_ms 200 --no_induced --evoked_subtract --evoked_sigma_ms 10 --axes_tag axes_peakbin_stimCR-stim-vertical --tag evoked_peakbin_stimR_vertical_lag80ms_permNone --flow_tag_base evoked_peakbin_stimR_vertical_lag80ms_permNone --save_null_samples --norm auto
[20231121][SFEF->SLIP] [evoked_peakbin_stimR_vertical_lag80ms_permNone-none-trial] wrote /project/bdoiron/dracoxu/rct-fsflow/paper_project_final/out/stim/20231121/flow/evoked_peakbin_stimR_vertical_lag80ms_permNone-none-trial/R/flow_R_SFEFtoSLIP.npz
[20231121][SFEF->SSC] [evoked_peakbin_stimR_vertical_lag80ms_permNone-none-trial] wrote /project/bdoiron/dracoxu/rct-fsflow/paper_project_final/out/stim/20231121/flow/evoked_peakbin_stimR_vertical_lag80ms_permNone-none-trial/R/flow_R_SFEFtoSSC.npz
[20231121][SLIP->SFEF] [evoked_peakbin_stimR_vertical_lag80ms_permNone-none-trial] wrote /project/bdoiron/dracoxu/rct-fsflow/paper_project_final/out/stim/20231121/flow/evoked_peakbin_stimR_vertical_lag80ms_permNone-none-trial/R/flow_R_SLIPtoSFEF.npz
[20231121][SLIP->SSC] [evoked_peakbin_stimR_vertical_lag80ms_permNone-none-trial] wrote /project/bdoiron/dracoxu/rct-fsflow/paper_project_final/out/stim/20231121/flow/evoked_peakbin_stimR_vertical_lag80ms_permNone-none-trial/R/flow_R_SLIPtoSSC.npz
[20231121][SSC->SFEF] [evoked_peakbin_stimR_vertical_lag80ms_permNone-none-trial] wrote /project/bdoiron/dracoxu/rct-fsflow/paper_project_final/out/stim/20231121/flow/evoked_peakbin_stimR_vertical_lag80ms_permNone-none-trial/R/flow_R_SSCtoSFEF.npz
[20231121][SSC->SLIP] [evoked_peakbin_stimR_vertical_lag80ms_permNone-none-trial] wrote /project/bdoiron/dracoxu/rct-fsflow/paper_project_final/out/stim/20231121/flow/evoked_peakbin_stimR_vertical_lag80ms_permNone-none-trial/R/flow_R_SSCtoSLIP.npz
[info] SACC 10ms axes already exist at /project/bdoiron/dracoxu/rct-fsflow/paper_project_final/out/sacc/20231121/axes/axes_peakbin_saccS-sacc-horizontal-10msbin, reusing

========== SACC 10ms: flow feature=S lag=50ms perm-within=none (save null) ==========

[RUN] python cli/flow_session.py --out_root /project/bdoiron/dracoxu/rct-fsflow/paper_project_final/out --align sacc --sid 20231121 --feature S --orientation horizontal --lags_ms 50 --ridge 1e-2 --perms 500 --perm-within none --null_method trial_shuffle --standardize_mode none --pt_min_ms 200 --no_induced --evoked_subtract --evoked_sigma_ms 10 --axes_tag axes_peakbin_saccS-sacc-horizontal-10msbin --tag evoked_peakbin_saccS_horizontal_lag50ms_10msbin_permNone --flow_tag_base evoked_peakbin_saccS_horizontal_lag50ms_10msbin_permNone --save_null_samples --norm auto --rebin_factor 2
[rebin] Combining 2 adjacent bins (e.g., 5ms → 10ms)
[20231121][SFEF->SLIP] [evoked_peakbin_saccS_horizontal_lag50ms_10msbin_permNone-none-trial] wrote /project/bdoiron/dracoxu/rct-fsflow/paper_project_final/out/sacc/20231121/flow/evoked_peakbin_saccS_horizontal_lag50ms_10msbin_permNone-none-trial/S/flow_S_SFEFtoSLIP.npz
[20231121][SFEF->SSC] [evoked_peakbin_saccS_horizontal_lag50ms_10msbin_permNone-none-trial] wrote /project/bdoiron/dracoxu/rct-fsflow/paper_project_final/out/sacc/20231121/flow/evoked_peakbin_saccS_horizontal_lag50ms_10msbin_permNone-none-trial/S/flow_S_SFEFtoSSC.npz
[20231121][SLIP->SFEF] [evoked_peakbin_saccS_horizontal_lag50ms_10msbin_permNone-none-trial] wrote /project/bdoiron/dracoxu/rct-fsflow/paper_project_final/out/sacc/20231121/flow/evoked_peakbin_saccS_horizontal_lag50ms_10msbin_permNone-none-trial/S/flow_S_SLIPtoSFEF.npz
[20231121][SLIP->SSC] [evoked_peakbin_saccS_horizontal_lag50ms_10msbin_permNone-none-trial] wrote /project/bdoiron/dracoxu/rct-fsflow/paper_project_final/out/sacc/20231121/flow/evoked_peakbin_saccS_horizontal_lag50ms_10msbin_permNone-none-trial/S/flow_S_SLIPtoSSC.npz
[20231121][SSC->SFEF] [evoked_peakbin_saccS_horizontal_lag50ms_10msbin_permNone-none-trial] wrote /project/bdoiron/dracoxu/rct-fsflow/paper_project_final/out/sacc/20231121/flow/evoked_peakbin_saccS_horizontal_lag50ms_10msbin_permNone-none-trial/S/flow_S_SSCtoSFEF.npz
[20231121][SSC->SLIP] [evoked_peakbin_saccS_horizontal_lag50ms_10msbin_permNone-none-trial] wrote /project/bdoiron/dracoxu/rct-fsflow/paper_project_final/out/sacc/20231121/flow/evoked_peakbin_saccS_horizontal_lag50ms_10msbin_permNone-none-trial/S/flow_S_SSCtoSLIP.npz

[done] STIM + SACC 10ms peakbin flow (perm-within=none) complete for SID=20231121
