[info] task=3 SID=20200401
[info] PAPER_HOME=/project/bdoiron/dracoxu/rct-fsflow/paper_project_final
[info] OUT_ROOT=/project/bdoiron/dracoxu/rct-fsflow/paper_project_final/out
[info] DRY_RUN=0 CONTINUE_ON_ERROR=0

========== STIM 20ms sliding: train axes (C,R) peakbin ==========

[RUN] python cli/train_axes.py --out_root /project/bdoiron/dracoxu/rct-fsflow/paper_project_final/out --align stim --sid 20200401 --orientation vertical --features C R --tag axes_peakbin_stimCR-stim-vertical-20mssw --norm global --clf_binary logreg --C_grid 0.1 0.3 1 3 10 --lda_shrinkage auto --searchC --searchR --search_range_C=0.00:0.50 --search_range_R=0.00:0.50 --search_step_ms 20 --search_len_ms 50 100 150 200 250 --search_score_mode peak_bin_auc --search_tiebreak shortest_then_earliest --search_tol 0.01 --pt_min_ms_stim 200 --sliding_window_ms 20 --sliding_step_ms 10
[sliding-window] window=20.0ms (2 bins), step=10.0ms (1 bins), native=10.0ms
[20200401][MFEF] wrote /project/bdoiron/dracoxu/rct-fsflow/paper_project_final/out/stim/20200401/axes/axes_peakbin_stimCR-stim-vertical-20mssw/axes_MFEF.npz
    → winC_selected: [0.34, 0.39], score: 0.9161, peak@350ms (cv_auc=0.9747)
[20200401][MLIP] wrote /project/bdoiron/dracoxu/rct-fsflow/paper_project_final/out/stim/20200401/axes/axes_peakbin_stimCR-stim-vertical-20mssw/axes_MLIP.npz
    → winC_selected: [0.4200000000000001, 0.4700000000000001], score: 0.8924, peak@450ms (cv_auc=0.9637)
[ok] axes_summary.json → /project/bdoiron/dracoxu/rct-fsflow/paper_project_final/out/stim/20200401/axes/axes_peakbin_stimCR-stim-vertical-20mssw/axes_summary.json
[ok] config.json → /project/bdoiron/dracoxu/rct-fsflow/paper_project_final/out/stim/20200401/axes/axes_peakbin_stimCR-stim-vertical-20mssw/config.json

========== STIM 20ms sliding: QC ==========

[RUN] python cli/qc_axes.py --out_root /project/bdoiron/dracoxu/rct-fsflow/paper_project_final/out --align stim --sid 20200401 --orientation vertical --tag axes_peakbin_stimCR-stim-vertical-20mssw --thr 0.60 --k 5 --pt_min_ms_stim 200 --norm auto --sliding_window_ms 20 --sliding_step_ms 10
[sliding-window] window=20.0ms (2 bins), step=10.0ms (1 bins), native=10.0ms
[20200401][MFEF] wrote /project/bdoiron/dracoxu/rct-fsflow/paper_project_final/out/stim/20200401/qc/axes_peakbin_stimCR-stim-vertical-20mssw/qc_axes_MFEF.pdf (+ .png, .json)   lat(ms): C=89.99999985098839, Sraw=None, Sinv=None, T=None
[20200401][MLIP] wrote /project/bdoiron/dracoxu/rct-fsflow/paper_project_final/out/stim/20200401/qc/axes_peakbin_stimCR-stim-vertical-20mssw/qc_axes_MLIP.pdf (+ .png, .json)   lat(ms): C=280.0000011920929, Sraw=None, Sinv=None, T=None

========== STIM 20ms sliding: flow feature=C (save null) ==========

[RUN] python cli/flow_session.py --out_root /project/bdoiron/dracoxu/rct-fsflow/paper_project_final/out --align stim --sid 20200401 --feature C --orientation vertical --lags_ms 30 --ridge 1e-2 --perms 500 --perm-within CR --null_method trial_shuffle --standardize_mode none --pt_min_ms 200 --no_induced --evoked_subtract --evoked_sigma_ms 10 --axes_tag axes_peakbin_stimCR-stim-vertical-20mssw --tag evoked_peakbin_stimC_vertical_lag30ms_20mssw --flow_tag_base evoked_peakbin_stimC_vertical_lag30ms_20mssw --save_null_samples --norm auto --sliding_window_ms 20 --sliding_step_ms 10
[sliding-window] window=20.0ms (2 bins), step=10.0ms (1 bins), native=10.0ms
[20200401][MFEF->MLIP] [evoked_peakbin_stimC_vertical_lag30ms_20mssw-none-trial] wrote /project/bdoiron/dracoxu/rct-fsflow/paper_project_final/out/stim/20200401/flow/evoked_peakbin_stimC_vertical_lag30ms_20mssw-none-trial/C/flow_C_MFEFtoMLIP.npz
[20200401][MLIP->MFEF] [evoked_peakbin_stimC_vertical_lag30ms_20mssw-none-trial] wrote /project/bdoiron/dracoxu/rct-fsflow/paper_project_final/out/stim/20200401/flow/evoked_peakbin_stimC_vertical_lag30ms_20mssw-none-trial/C/flow_C_MLIPtoMFEF.npz

========== STIM 20ms sliding: flow feature=R (save null) ==========

[RUN] python cli/flow_session.py --out_root /project/bdoiron/dracoxu/rct-fsflow/paper_project_final/out --align stim --sid 20200401 --feature R --orientation vertical --lags_ms 30 --ridge 1e-2 --perms 500 --perm-within CR --null_method trial_shuffle --standardize_mode none --pt_min_ms 200 --no_induced --evoked_subtract --evoked_sigma_ms 10 --axes_tag axes_peakbin_stimCR-stim-vertical-20mssw --tag evoked_peakbin_stimR_vertical_lag30ms_20mssw --flow_tag_base evoked_peakbin_stimR_vertical_lag30ms_20mssw --save_null_samples --norm auto --sliding_window_ms 20 --sliding_step_ms 10
[sliding-window] window=20.0ms (2 bins), step=10.0ms (1 bins), native=10.0ms
[20200401][MFEF->MLIP] [evoked_peakbin_stimR_vertical_lag30ms_20mssw-none-trial] wrote /project/bdoiron/dracoxu/rct-fsflow/paper_project_final/out/stim/20200401/flow/evoked_peakbin_stimR_vertical_lag30ms_20mssw-none-trial/R/flow_R_MFEFtoMLIP.npz
[20200401][MLIP->MFEF] [evoked_peakbin_stimR_vertical_lag30ms_20mssw-none-trial] wrote /project/bdoiron/dracoxu/rct-fsflow/paper_project_final/out/stim/20200401/flow/evoked_peakbin_stimR_vertical_lag30ms_20mssw-none-trial/R/flow_R_MLIPtoMFEF.npz

========== SACC 20ms sliding: train axes (S) peakbin ==========

[RUN] python cli/train_axes.py --out_root /project/bdoiron/dracoxu/rct-fsflow/paper_project_final/out --align sacc --sid 20200401 --orientation horizontal --features S --tag axes_peakbin_saccS-sacc-horizontal-20mssw --norm global --clf_binary logreg --C_grid 0.1 0.3 1 3 10 --lda_shrinkage auto --searchS --search_range_S=-0.20:0.05 --search_step_ms 20 --search_len_ms 50 100 150 200 250 --search_score_mode peak_bin_auc --search_tiebreak shortest_then_closest0 --search_tol 0.01 --pt_min_ms_sacc 200 --sliding_window_ms 20 --sliding_step_ms 10
[sliding-window] window=20.0ms (4 bins), step=10.0ms (2 bins), native=5.0ms
[20200401][MFEF] wrote /project/bdoiron/dracoxu/rct-fsflow/paper_project_final/out/sacc/20200401/axes/axes_peakbin_saccS-sacc-horizontal-20mssw/axes_MFEF.npz
[20200401][MLIP] wrote /project/bdoiron/dracoxu/rct-fsflow/paper_project_final/out/sacc/20200401/axes/axes_peakbin_saccS-sacc-horizontal-20mssw/axes_MLIP.npz
[ok] axes_summary.json → /project/bdoiron/dracoxu/rct-fsflow/paper_project_final/out/sacc/20200401/axes/axes_peakbin_saccS-sacc-horizontal-20mssw/axes_summary.json
[ok] config.json → /project/bdoiron/dracoxu/rct-fsflow/paper_project_final/out/sacc/20200401/axes/axes_peakbin_saccS-sacc-horizontal-20mssw/config.json

========== SACC 20ms sliding: QC ==========

[RUN] python cli/qc_axes.py --out_root /project/bdoiron/dracoxu/rct-fsflow/paper_project_final/out --align sacc --sid 20200401 --orientation horizontal --tag axes_peakbin_saccS-sacc-horizontal-20mssw --thr 0.60 --k 5 --pt_min_ms_sacc 200 --norm auto --sliding_window_ms 20 --sliding_step_ms 10
[sliding-window] window=20.0ms (4 bins), step=10.0ms (2 bins), native=5.0ms
[20200401][MFEF] wrote /project/bdoiron/dracoxu/rct-fsflow/paper_project_final/out/sacc/20200401/qc/axes_peakbin_saccS-sacc-horizontal-20mssw/qc_axes_MFEF.pdf (+ .png, .json)   lat(ms): C=None, Sraw=-149.99999850988388, Sinv=-149.99999850988388, T=None
[20200401][MLIP] wrote /project/bdoiron/dracoxu/rct-fsflow/paper_project_final/out/sacc/20200401/qc/axes_peakbin_saccS-sacc-horizontal-20mssw/qc_axes_MLIP.pdf (+ .png, .json)   lat(ms): C=None, Sraw=-89.99999985098839, Sinv=-89.99999985098839, T=None

========== SACC 20ms sliding: flow feature=S (save null) ==========

[RUN] python cli/flow_session.py --out_root /project/bdoiron/dracoxu/rct-fsflow/paper_project_final/out --align sacc --sid 20200401 --feature S --orientation horizontal --lags_ms 30 --ridge 1e-2 --perms 500 --perm-within CR --null_method trial_shuffle --standardize_mode none --pt_min_ms 200 --no_induced --evoked_subtract --evoked_sigma_ms 10 --axes_tag axes_peakbin_saccS-sacc-horizontal-20mssw --tag evoked_peakbin_saccS_horizontal_lag30ms_20mssw --flow_tag_base evoked_peakbin_saccS_horizontal_lag30ms_20mssw --save_null_samples --norm auto --sliding_window_ms 20 --sliding_step_ms 10
[sliding-window] window=20.0ms (4 bins), step=10.0ms (2 bins), native=5.0ms
[20200401][MFEF->MLIP] [evoked_peakbin_saccS_horizontal_lag30ms_20mssw-none-trial] wrote /project/bdoiron/dracoxu/rct-fsflow/paper_project_final/out/sacc/20200401/flow/evoked_peakbin_saccS_horizontal_lag30ms_20mssw-none-trial/S/flow_S_MFEFtoMLIP.npz
[20200401][MLIP->MFEF] [evoked_peakbin_saccS_horizontal_lag30ms_20mssw-none-trial] wrote /project/bdoiron/dracoxu/rct-fsflow/paper_project_final/out/sacc/20200401/flow/evoked_peakbin_saccS_horizontal_lag30ms_20mssw-none-trial/S/flow_S_MLIPtoMFEF.npz

[done] 20ms sliding window peakbin axes+QC+flow (SMALL LAGS) complete for SID=20200401

============================================================
20ms sliding window workflow (SMALL LAGS) completed. Next steps:
  1. Run trial_onset_comprehensive.py with:
     --sliding_window_ms_stim 20 --sliding_step_ms_stim 10 (for stim)
     --sliding_window_ms_sacc 20 --sliding_step_ms_sacc 10 (for sacc)
     and use axes_tag: axes_peakbin_stimCR-stim-vertical-20mssw or axes_peakbin_saccS-sacc-horizontal-20mssw
  2. Run summarize_flow_across_sessions.py with:
     --tags evoked_peakbin_stimC_vertical_lag30ms_20mssw-none-trial
     --tags evoked_peakbin_saccS_horizontal_lag30ms_20mssw-none-trial
     --smooth_ms 30  (can use smaller smooth since output is 10ms spaced)
  3. Run plot_qc_paper.py with 20mssw QC subdirs
============================================================
