[info] task=19 SID=20231109
[info] PAPER_HOME=/project/bdoiron/dracoxu/rct-fsflow/paper_project_final
[info] OUT_ROOT=/project/bdoiron/dracoxu/rct-fsflow/paper_project_final/out
[info] MODE: CORRECT TRIALS ONLY (fixed filtering)
[info] DRY_RUN=0 CONTINUE_ON_ERROR=0

==================== BUILD CACHES (CORRECT TRIALS ONLY) ====================
STIM: t0=-0.25, t1=0.80, bin_ms=10 (matching OLD)
SACC: t0=-0.40, t1=0.30, bin_ms=5 (matching OLD)

========== Build STIM caches (correct only, OLD params) ==========

[RUN] python cli/build_cache.py --root /project/bdoiron/dracoxu/rct-fsflow/paper_project_final/RCT_02 --out_root /project/bdoiron/dracoxu/rct-fsflow/paper_project_final/out --align stim --sid 20231109 --stim_t0 -0.25 --stim_bin_ms 10
[ok] sid=20231109 (stim) wrote 3 caches (t0=-0.25, t1=0.8, bin_ms=10.0):
    /project/bdoiron/dracoxu/rct-fsflow/paper_project_final/out/stim/20231109/caches/area_SFEF.npz
    /project/bdoiron/dracoxu/rct-fsflow/paper_project_final/out/stim/20231109/caches/area_SLIP.npz
    /project/bdoiron/dracoxu/rct-fsflow/paper_project_final/out/stim/20231109/caches/area_SSC.npz

========== Build SACC caches (correct only, OLD params) ==========

[RUN] python cli/build_cache.py --root /project/bdoiron/dracoxu/rct-fsflow/paper_project_final/RCT_02 --out_root /project/bdoiron/dracoxu/rct-fsflow/paper_project_final/out --align sacc --sid 20231109 --sacc_t1 0.30
[ok] sid=20231109 (sacc) wrote 3 caches (t0=-0.4, t1=0.3, bin_ms=5.0):
    /project/bdoiron/dracoxu/rct-fsflow/paper_project_final/out/sacc/20231109/caches/area_SFEF.npz
    /project/bdoiron/dracoxu/rct-fsflow/paper_project_final/out/sacc/20231109/caches/area_SLIP.npz
    /project/bdoiron/dracoxu/rct-fsflow/paper_project_final/out/sacc/20231109/caches/area_SSC.npz

========== STIM 20ms sliding: train axes (C,R) peakbin ==========

[RUN] python cli/train_axes.py --out_root /project/bdoiron/dracoxu/rct-fsflow/paper_project_final/out --align stim --sid 20231109 --orientation vertical --features C R --tag axes_peakbin_stimCR-stim-vertical-20mssw --norm global --clf_binary logreg --C_grid 0.1 0.3 1 3 10 --lda_shrinkage auto --searchC --searchR --search_range_C=0.00:0.50 --search_range_R=0.00:0.50 --search_step_ms 20 --search_len_ms 50 100 150 200 250 --search_score_mode peak_bin_auc --search_tiebreak shortest_then_earliest --search_tol 0.01 --pt_min_ms_stim 200 --sliding_window_ms 20 --sliding_step_ms 10
[sliding-window] window=20.0ms (2 bins), step=10.0ms (1 bins), native=10.0ms
[20231109][SFEF] wrote /project/bdoiron/dracoxu/rct-fsflow/paper_project_final/out/stim/20231109/axes/axes_peakbin_stimCR-stim-vertical-20mssw/axes_SFEF.npz
    → winC_selected: [0.27999999999999997, 0.32999999999999996], score: 0.8880, peak@280ms (cv_auc=0.9747)
[20231109][SLIP] wrote /project/bdoiron/dracoxu/rct-fsflow/paper_project_final/out/stim/20231109/axes/axes_peakbin_stimCR-stim-vertical-20mssw/axes_SLIP.npz
    → winC_selected: [0.27999999999999997, 0.32999999999999996], score: 0.7514, peak@320ms (cv_auc=0.7669)
[20231109][SSC] wrote /project/bdoiron/dracoxu/rct-fsflow/paper_project_final/out/stim/20231109/axes/axes_peakbin_stimCR-stim-vertical-20mssw/axes_SSC.npz
    → winC_selected: [0.21999999999999997, 0.26999999999999996], score: 0.7545, peak@260ms (cv_auc=0.8241)
[ok] axes_summary.json → /project/bdoiron/dracoxu/rct-fsflow/paper_project_final/out/stim/20231109/axes/axes_peakbin_stimCR-stim-vertical-20mssw/axes_summary.json
[ok] config.json → /project/bdoiron/dracoxu/rct-fsflow/paper_project_final/out/stim/20231109/axes/axes_peakbin_stimCR-stim-vertical-20mssw/config.json

========== STIM 20ms sliding: QC ==========

[RUN] python cli/qc_axes.py --out_root /project/bdoiron/dracoxu/rct-fsflow/paper_project_final/out --align stim --sid 20231109 --orientation vertical --tag axes_peakbin_stimCR-stim-vertical-20mssw --thr 0.60 --k 5 --pt_min_ms_stim 200 --norm auto --sliding_window_ms 20 --sliding_step_ms 10
[sliding-window] window=20.0ms (2 bins), step=10.0ms (1 bins), native=10.0ms
[20231109][SFEF] wrote /project/bdoiron/dracoxu/rct-fsflow/paper_project_final/out/stim/20231109/qc/axes_peakbin_stimCR-stim-vertical-20mssw/qc_axes_SFEF.pdf (+ .png, .json)   lat(ms): C=149.99999850988388, Sraw=None, Sinv=None, T=None
[20231109][SLIP] wrote /project/bdoiron/dracoxu/rct-fsflow/paper_project_final/out/stim/20231109/qc/axes_peakbin_stimCR-stim-vertical-20mssw/qc_axes_SLIP.pdf (+ .png, .json)   lat(ms): C=250.0, Sraw=None, Sinv=None, T=None
[20231109][SSC] wrote /project/bdoiron/dracoxu/rct-fsflow/paper_project_final/out/stim/20231109/qc/axes_peakbin_stimCR-stim-vertical-20mssw/qc_axes_SSC.pdf (+ .png, .json)   lat(ms): C=179.99999970197678, Sraw=None, Sinv=None, T=None

==================== STIM C: LAG 30ms ====================

========== STIM lag30ms: flow feature=C (save null) ==========

[RUN] python cli/flow_session.py --out_root /project/bdoiron/dracoxu/rct-fsflow/paper_project_final/out --align stim --sid 20231109 --feature C --orientation vertical --lags_ms 30 --ridge 1e-2 --perms 500 --perm-within CR --null_method trial_shuffle --standardize_mode none --pt_min_ms 200 --no_induced --evoked_subtract --evoked_sigma_ms 10 --axes_tag axes_peakbin_stimCR-stim-vertical-20mssw --tag evoked_peakbin_stimC_vertical_lag30ms_20mssw --flow_tag_base evoked_peakbin_stimC_vertical_lag30ms_20mssw --save_null_samples --norm auto --sliding_window_ms 20 --sliding_step_ms 10
[sliding-window] window=20.0ms (2 bins), step=10.0ms (1 bins), native=10.0ms
[20231109][SFEF->SLIP] [evoked_peakbin_stimC_vertical_lag30ms_20mssw-none-trial] wrote /project/bdoiron/dracoxu/rct-fsflow/paper_project_final/out/stim/20231109/flow/evoked_peakbin_stimC_vertical_lag30ms_20mssw-none-trial/C/flow_C_SFEFtoSLIP.npz
[20231109][SFEF->SSC] [evoked_peakbin_stimC_vertical_lag30ms_20mssw-none-trial] wrote /project/bdoiron/dracoxu/rct-fsflow/paper_project_final/out/stim/20231109/flow/evoked_peakbin_stimC_vertical_lag30ms_20mssw-none-trial/C/flow_C_SFEFtoSSC.npz
[20231109][SLIP->SFEF] [evoked_peakbin_stimC_vertical_lag30ms_20mssw-none-trial] wrote /project/bdoiron/dracoxu/rct-fsflow/paper_project_final/out/stim/20231109/flow/evoked_peakbin_stimC_vertical_lag30ms_20mssw-none-trial/C/flow_C_SLIPtoSFEF.npz
[20231109][SLIP->SSC] [evoked_peakbin_stimC_vertical_lag30ms_20mssw-none-trial] wrote /project/bdoiron/dracoxu/rct-fsflow/paper_project_final/out/stim/20231109/flow/evoked_peakbin_stimC_vertical_lag30ms_20mssw-none-trial/C/flow_C_SLIPtoSSC.npz
[20231109][SSC->SFEF] [evoked_peakbin_stimC_vertical_lag30ms_20mssw-none-trial] wrote /project/bdoiron/dracoxu/rct-fsflow/paper_project_final/out/stim/20231109/flow/evoked_peakbin_stimC_vertical_lag30ms_20mssw-none-trial/C/flow_C_SSCtoSFEF.npz
[20231109][SSC->SLIP] [evoked_peakbin_stimC_vertical_lag30ms_20mssw-none-trial] wrote /project/bdoiron/dracoxu/rct-fsflow/paper_project_final/out/stim/20231109/flow/evoked_peakbin_stimC_vertical_lag30ms_20mssw-none-trial/C/flow_C_SSCtoSLIP.npz

==================== STIM C: LAG 40ms ====================

========== STIM lag40ms: flow feature=C (save null) ==========

[RUN] python cli/flow_session.py --out_root /project/bdoiron/dracoxu/rct-fsflow/paper_project_final/out --align stim --sid 20231109 --feature C --orientation vertical --lags_ms 40 --ridge 1e-2 --perms 500 --perm-within CR --null_method trial_shuffle --standardize_mode none --pt_min_ms 200 --no_induced --evoked_subtract --evoked_sigma_ms 10 --axes_tag axes_peakbin_stimCR-stim-vertical-20mssw --tag evoked_peakbin_stimC_vertical_lag40ms_20mssw --flow_tag_base evoked_peakbin_stimC_vertical_lag40ms_20mssw --save_null_samples --norm auto --sliding_window_ms 20 --sliding_step_ms 10
[sliding-window] window=20.0ms (2 bins), step=10.0ms (1 bins), native=10.0ms
[20231109][SFEF->SLIP] [evoked_peakbin_stimC_vertical_lag40ms_20mssw-none-trial] wrote /project/bdoiron/dracoxu/rct-fsflow/paper_project_final/out/stim/20231109/flow/evoked_peakbin_stimC_vertical_lag40ms_20mssw-none-trial/C/flow_C_SFEFtoSLIP.npz
[20231109][SFEF->SSC] [evoked_peakbin_stimC_vertical_lag40ms_20mssw-none-trial] wrote /project/bdoiron/dracoxu/rct-fsflow/paper_project_final/out/stim/20231109/flow/evoked_peakbin_stimC_vertical_lag40ms_20mssw-none-trial/C/flow_C_SFEFtoSSC.npz
[20231109][SLIP->SFEF] [evoked_peakbin_stimC_vertical_lag40ms_20mssw-none-trial] wrote /project/bdoiron/dracoxu/rct-fsflow/paper_project_final/out/stim/20231109/flow/evoked_peakbin_stimC_vertical_lag40ms_20mssw-none-trial/C/flow_C_SLIPtoSFEF.npz
[20231109][SLIP->SSC] [evoked_peakbin_stimC_vertical_lag40ms_20mssw-none-trial] wrote /project/bdoiron/dracoxu/rct-fsflow/paper_project_final/out/stim/20231109/flow/evoked_peakbin_stimC_vertical_lag40ms_20mssw-none-trial/C/flow_C_SLIPtoSSC.npz
[20231109][SSC->SFEF] [evoked_peakbin_stimC_vertical_lag40ms_20mssw-none-trial] wrote /project/bdoiron/dracoxu/rct-fsflow/paper_project_final/out/stim/20231109/flow/evoked_peakbin_stimC_vertical_lag40ms_20mssw-none-trial/C/flow_C_SSCtoSFEF.npz
[20231109][SSC->SLIP] [evoked_peakbin_stimC_vertical_lag40ms_20mssw-none-trial] wrote /project/bdoiron/dracoxu/rct-fsflow/paper_project_final/out/stim/20231109/flow/evoked_peakbin_stimC_vertical_lag40ms_20mssw-none-trial/C/flow_C_SSCtoSLIP.npz

==================== STIM C: LAG 50ms ====================

========== STIM lag50ms: flow feature=C (save null) ==========

[RUN] python cli/flow_session.py --out_root /project/bdoiron/dracoxu/rct-fsflow/paper_project_final/out --align stim --sid 20231109 --feature C --orientation vertical --lags_ms 50 --ridge 1e-2 --perms 500 --perm-within CR --null_method trial_shuffle --standardize_mode none --pt_min_ms 200 --no_induced --evoked_subtract --evoked_sigma_ms 10 --axes_tag axes_peakbin_stimCR-stim-vertical-20mssw --tag evoked_peakbin_stimC_vertical_lag50ms_20mssw --flow_tag_base evoked_peakbin_stimC_vertical_lag50ms_20mssw --save_null_samples --norm auto --sliding_window_ms 20 --sliding_step_ms 10
[sliding-window] window=20.0ms (2 bins), step=10.0ms (1 bins), native=10.0ms
[20231109][SFEF->SLIP] [evoked_peakbin_stimC_vertical_lag50ms_20mssw-none-trial] wrote /project/bdoiron/dracoxu/rct-fsflow/paper_project_final/out/stim/20231109/flow/evoked_peakbin_stimC_vertical_lag50ms_20mssw-none-trial/C/flow_C_SFEFtoSLIP.npz
[20231109][SFEF->SSC] [evoked_peakbin_stimC_vertical_lag50ms_20mssw-none-trial] wrote /project/bdoiron/dracoxu/rct-fsflow/paper_project_final/out/stim/20231109/flow/evoked_peakbin_stimC_vertical_lag50ms_20mssw-none-trial/C/flow_C_SFEFtoSSC.npz
[20231109][SLIP->SFEF] [evoked_peakbin_stimC_vertical_lag50ms_20mssw-none-trial] wrote /project/bdoiron/dracoxu/rct-fsflow/paper_project_final/out/stim/20231109/flow/evoked_peakbin_stimC_vertical_lag50ms_20mssw-none-trial/C/flow_C_SLIPtoSFEF.npz
[20231109][SLIP->SSC] [evoked_peakbin_stimC_vertical_lag50ms_20mssw-none-trial] wrote /project/bdoiron/dracoxu/rct-fsflow/paper_project_final/out/stim/20231109/flow/evoked_peakbin_stimC_vertical_lag50ms_20mssw-none-trial/C/flow_C_SLIPtoSSC.npz
[20231109][SSC->SFEF] [evoked_peakbin_stimC_vertical_lag50ms_20mssw-none-trial] wrote /project/bdoiron/dracoxu/rct-fsflow/paper_project_final/out/stim/20231109/flow/evoked_peakbin_stimC_vertical_lag50ms_20mssw-none-trial/C/flow_C_SSCtoSFEF.npz
[20231109][SSC->SLIP] [evoked_peakbin_stimC_vertical_lag50ms_20mssw-none-trial] wrote /project/bdoiron/dracoxu/rct-fsflow/paper_project_final/out/stim/20231109/flow/evoked_peakbin_stimC_vertical_lag50ms_20mssw-none-trial/C/flow_C_SSCtoSLIP.npz

==================== STIM C: LAG 60ms ====================

========== STIM lag60ms: flow feature=C (save null) ==========

[RUN] python cli/flow_session.py --out_root /project/bdoiron/dracoxu/rct-fsflow/paper_project_final/out --align stim --sid 20231109 --feature C --orientation vertical --lags_ms 60 --ridge 1e-2 --perms 500 --perm-within CR --null_method trial_shuffle --standardize_mode none --pt_min_ms 200 --no_induced --evoked_subtract --evoked_sigma_ms 10 --axes_tag axes_peakbin_stimCR-stim-vertical-20mssw --tag evoked_peakbin_stimC_vertical_lag60ms_20mssw --flow_tag_base evoked_peakbin_stimC_vertical_lag60ms_20mssw --save_null_samples --norm auto --sliding_window_ms 20 --sliding_step_ms 10
[sliding-window] window=20.0ms (2 bins), step=10.0ms (1 bins), native=10.0ms
[20231109][SFEF->SLIP] [evoked_peakbin_stimC_vertical_lag60ms_20mssw-none-trial] wrote /project/bdoiron/dracoxu/rct-fsflow/paper_project_final/out/stim/20231109/flow/evoked_peakbin_stimC_vertical_lag60ms_20mssw-none-trial/C/flow_C_SFEFtoSLIP.npz
[20231109][SFEF->SSC] [evoked_peakbin_stimC_vertical_lag60ms_20mssw-none-trial] wrote /project/bdoiron/dracoxu/rct-fsflow/paper_project_final/out/stim/20231109/flow/evoked_peakbin_stimC_vertical_lag60ms_20mssw-none-trial/C/flow_C_SFEFtoSSC.npz
[20231109][SLIP->SFEF] [evoked_peakbin_stimC_vertical_lag60ms_20mssw-none-trial] wrote /project/bdoiron/dracoxu/rct-fsflow/paper_project_final/out/stim/20231109/flow/evoked_peakbin_stimC_vertical_lag60ms_20mssw-none-trial/C/flow_C_SLIPtoSFEF.npz
[20231109][SLIP->SSC] [evoked_peakbin_stimC_vertical_lag60ms_20mssw-none-trial] wrote /project/bdoiron/dracoxu/rct-fsflow/paper_project_final/out/stim/20231109/flow/evoked_peakbin_stimC_vertical_lag60ms_20mssw-none-trial/C/flow_C_SLIPtoSSC.npz
[20231109][SSC->SFEF] [evoked_peakbin_stimC_vertical_lag60ms_20mssw-none-trial] wrote /project/bdoiron/dracoxu/rct-fsflow/paper_project_final/out/stim/20231109/flow/evoked_peakbin_stimC_vertical_lag60ms_20mssw-none-trial/C/flow_C_SSCtoSFEF.npz
[20231109][SSC->SLIP] [evoked_peakbin_stimC_vertical_lag60ms_20mssw-none-trial] wrote /project/bdoiron/dracoxu/rct-fsflow/paper_project_final/out/stim/20231109/flow/evoked_peakbin_stimC_vertical_lag60ms_20mssw-none-trial/C/flow_C_SSCtoSLIP.npz

==================== STIM C: LAG 80ms ====================

========== STIM lag80ms: flow feature=C (save null) ==========

[RUN] python cli/flow_session.py --out_root /project/bdoiron/dracoxu/rct-fsflow/paper_project_final/out --align stim --sid 20231109 --feature C --orientation vertical --lags_ms 80 --ridge 1e-2 --perms 500 --perm-within CR --null_method trial_shuffle --standardize_mode none --pt_min_ms 200 --no_induced --evoked_subtract --evoked_sigma_ms 10 --axes_tag axes_peakbin_stimCR-stim-vertical-20mssw --tag evoked_peakbin_stimC_vertical_lag80ms_20mssw --flow_tag_base evoked_peakbin_stimC_vertical_lag80ms_20mssw --save_null_samples --norm auto --sliding_window_ms 20 --sliding_step_ms 10
[sliding-window] window=20.0ms (2 bins), step=10.0ms (1 bins), native=10.0ms
[20231109][SFEF->SLIP] [evoked_peakbin_stimC_vertical_lag80ms_20mssw-none-trial] wrote /project/bdoiron/dracoxu/rct-fsflow/paper_project_final/out/stim/20231109/flow/evoked_peakbin_stimC_vertical_lag80ms_20mssw-none-trial/C/flow_C_SFEFtoSLIP.npz
[20231109][SFEF->SSC] [evoked_peakbin_stimC_vertical_lag80ms_20mssw-none-trial] wrote /project/bdoiron/dracoxu/rct-fsflow/paper_project_final/out/stim/20231109/flow/evoked_peakbin_stimC_vertical_lag80ms_20mssw-none-trial/C/flow_C_SFEFtoSSC.npz
[20231109][SLIP->SFEF] [evoked_peakbin_stimC_vertical_lag80ms_20mssw-none-trial] wrote /project/bdoiron/dracoxu/rct-fsflow/paper_project_final/out/stim/20231109/flow/evoked_peakbin_stimC_vertical_lag80ms_20mssw-none-trial/C/flow_C_SLIPtoSFEF.npz
[20231109][SLIP->SSC] [evoked_peakbin_stimC_vertical_lag80ms_20mssw-none-trial] wrote /project/bdoiron/dracoxu/rct-fsflow/paper_project_final/out/stim/20231109/flow/evoked_peakbin_stimC_vertical_lag80ms_20mssw-none-trial/C/flow_C_SLIPtoSSC.npz
[20231109][SSC->SFEF] [evoked_peakbin_stimC_vertical_lag80ms_20mssw-none-trial] wrote /project/bdoiron/dracoxu/rct-fsflow/paper_project_final/out/stim/20231109/flow/evoked_peakbin_stimC_vertical_lag80ms_20mssw-none-trial/C/flow_C_SSCtoSFEF.npz
[20231109][SSC->SLIP] [evoked_peakbin_stimC_vertical_lag80ms_20mssw-none-trial] wrote /project/bdoiron/dracoxu/rct-fsflow/paper_project_final/out/stim/20231109/flow/evoked_peakbin_stimC_vertical_lag80ms_20mssw-none-trial/C/flow_C_SSCtoSLIP.npz

==================== STIM C: LAG 100ms ====================

========== STIM lag100ms: flow feature=C (save null) ==========

[RUN] python cli/flow_session.py --out_root /project/bdoiron/dracoxu/rct-fsflow/paper_project_final/out --align stim --sid 20231109 --feature C --orientation vertical --lags_ms 100 --ridge 1e-2 --perms 500 --perm-within CR --null_method trial_shuffle --standardize_mode none --pt_min_ms 200 --no_induced --evoked_subtract --evoked_sigma_ms 10 --axes_tag axes_peakbin_stimCR-stim-vertical-20mssw --tag evoked_peakbin_stimC_vertical_lag100ms_20mssw --flow_tag_base evoked_peakbin_stimC_vertical_lag100ms_20mssw --save_null_samples --norm auto --sliding_window_ms 20 --sliding_step_ms 10
[sliding-window] window=20.0ms (2 bins), step=10.0ms (1 bins), native=10.0ms
