[info] task=9 SID=20201204
[info] PAPER_HOME=/project/bdoiron/dracoxu/rct-fsflow/paper_project_final
[info] OUT_ROOT=/project/bdoiron/dracoxu/rct-fsflow/paper_project_final/out_nofilter (NO CORRECT FILTER)
[info] DRY_RUN=0 CONTINUE_ON_ERROR=0

==================== BUILD CACHES (NO CORRECT FILTER) ====================

========== Build STIM caches (no correct filter) ==========

[RUN] python cli/build_cache.py --root /project/bdoiron/dracoxu/rct-fsflow/paper_project_final/RCT_02 --out_root /project/bdoiron/dracoxu/rct-fsflow/paper_project_final/out_nofilter --align stim --sid 20201204 --no_correct_filter
[ok] sid=20201204 (stim) wrote 3 caches (t0=-0.3, t1=0.8, bin_ms=5.0):
    /project/bdoiron/dracoxu/rct-fsflow/paper_project_final/out_nofilter/stim/20201204/caches/area_MFEF.npz
    /project/bdoiron/dracoxu/rct-fsflow/paper_project_final/out_nofilter/stim/20201204/caches/area_MLIP.npz
    /project/bdoiron/dracoxu/rct-fsflow/paper_project_final/out_nofilter/stim/20201204/caches/area_MSC.npz

========== Build SACC caches (no correct filter) ==========

[RUN] python cli/build_cache.py --root /project/bdoiron/dracoxu/rct-fsflow/paper_project_final/RCT_02 --out_root /project/bdoiron/dracoxu/rct-fsflow/paper_project_final/out_nofilter --align sacc --sid 20201204 --no_correct_filter
[ok] sid=20201204 (sacc) wrote 3 caches (t0=-0.4, t1=0.2, bin_ms=5.0):
    /project/bdoiron/dracoxu/rct-fsflow/paper_project_final/out_nofilter/sacc/20201204/caches/area_MFEF.npz
    /project/bdoiron/dracoxu/rct-fsflow/paper_project_final/out_nofilter/sacc/20201204/caches/area_MLIP.npz
    /project/bdoiron/dracoxu/rct-fsflow/paper_project_final/out_nofilter/sacc/20201204/caches/area_MSC.npz

========== STIM 20ms sliding: train axes (C,R) peakbin [NOFILTER] ==========

[RUN] python cli/train_axes.py --out_root /project/bdoiron/dracoxu/rct-fsflow/paper_project_final/out_nofilter --align stim --sid 20201204 --orientation vertical --features C R --tag axes_peakbin_stimCR-stim-vertical-20mssw_nofilter --norm global --clf_binary logreg --C_grid 0.1 0.3 1 3 10 --lda_shrinkage auto --searchC --searchR --search_range_C=0.00:0.50 --search_range_R=0.00:0.50 --search_step_ms 20 --search_len_ms 50 100 150 200 250 --search_score_mode peak_bin_auc --search_tiebreak shortest_then_earliest --search_tol 0.01 --pt_min_ms_stim 200 --sliding_window_ms 20 --sliding_step_ms 10
[sliding-window] window=20.0ms (4 bins), step=10.0ms (2 bins), native=5.0ms
[20201204][MFEF] wrote /project/bdoiron/dracoxu/rct-fsflow/paper_project_final/out_nofilter/stim/20201204/axes/axes_peakbin_stimCR-stim-vertical-20mssw_nofilter/axes_MFEF.npz
    → winC_selected: [0.18, 0.22999999999999998], score: 0.9946, peak@200ms (cv_auc=1.0000)
[20201204][MLIP] wrote /project/bdoiron/dracoxu/rct-fsflow/paper_project_final/out_nofilter/stim/20201204/axes/axes_peakbin_stimCR-stim-vertical-20mssw_nofilter/axes_MLIP.npz
    → winC_selected: [0.4000000000000001, 0.45000000000000007], score: 0.9708, peak@450ms (cv_auc=0.9974)
[20201204][MSC] wrote /project/bdoiron/dracoxu/rct-fsflow/paper_project_final/out_nofilter/stim/20201204/axes/axes_peakbin_stimCR-stim-vertical-20mssw_nofilter/axes_MSC.npz
    → winC_selected: [0.25999999999999995, 0.30999999999999994], score: 0.7710, peak@300ms (cv_auc=0.8036)
[ok] axes_summary.json → /project/bdoiron/dracoxu/rct-fsflow/paper_project_final/out_nofilter/stim/20201204/axes/axes_peakbin_stimCR-stim-vertical-20mssw_nofilter/axes_summary.json
[ok] config.json → /project/bdoiron/dracoxu/rct-fsflow/paper_project_final/out_nofilter/stim/20201204/axes/axes_peakbin_stimCR-stim-vertical-20mssw_nofilter/config.json

========== STIM 20ms sliding: QC [NOFILTER] ==========

[RUN] python cli/qc_axes.py --out_root /project/bdoiron/dracoxu/rct-fsflow/paper_project_final/out_nofilter --align stim --sid 20201204 --orientation vertical --tag axes_peakbin_stimCR-stim-vertical-20mssw_nofilter --thr 0.60 --k 5 --pt_min_ms_stim 200 --norm auto --sliding_window_ms 20 --sliding_step_ms 10
[sliding-window] window=20.0ms (4 bins), step=10.0ms (2 bins), native=5.0ms
[20201204][MFEF] wrote /project/bdoiron/dracoxu/rct-fsflow/paper_project_final/out_nofilter/stim/20201204/qc/axes_peakbin_stimCR-stim-vertical-20mssw_nofilter/qc_axes_MFEF.pdf (+ .png, .json)   lat(ms): C=119.99999918043613, Sraw=None, Sinv=None, T=None
[20201204][MLIP] wrote /project/bdoiron/dracoxu/rct-fsflow/paper_project_final/out_nofilter/stim/20201204/qc/axes_peakbin_stimCR-stim-vertical-20mssw_nofilter/qc_axes_MLIP.pdf (+ .png, .json)   lat(ms): C=129.99999895691872, Sraw=None, Sinv=None, T=None
[20201204][MSC] wrote /project/bdoiron/dracoxu/rct-fsflow/paper_project_final/out_nofilter/stim/20201204/qc/axes_peakbin_stimCR-stim-vertical-20mssw_nofilter/qc_axes_MSC.pdf (+ .png, .json)   lat(ms): C=240.00000208616257, Sraw=None, Sinv=None, T=None

==================== STIM C: LAG 30ms [NOFILTER] ====================

========== STIM lag30ms: flow feature=C (save null) [NOFILTER] ==========

[RUN] python cli/flow_session.py --out_root /project/bdoiron/dracoxu/rct-fsflow/paper_project_final/out_nofilter --align stim --sid 20201204 --feature C --orientation vertical --lags_ms 30 --ridge 1e-2 --perms 500 --perm-within CR --null_method trial_shuffle --standardize_mode none --pt_min_ms 200 --no_induced --evoked_subtract --evoked_sigma_ms 10 --axes_tag axes_peakbin_stimCR-stim-vertical-20mssw_nofilter --tag evoked_peakbin_stimC_vertical_lag30ms_20mssw_nofilter --flow_tag_base evoked_peakbin_stimC_vertical_lag30ms_20mssw_nofilter --save_null_samples --norm auto --sliding_window_ms 20 --sliding_step_ms 10
[sliding-window] window=20.0ms (4 bins), step=10.0ms (2 bins), native=5.0ms
[20201204][MFEF->MLIP] [evoked_peakbin_stimC_vertical_lag30ms_20mssw_nofilter-none-trial] wrote /project/bdoiron/dracoxu/rct-fsflow/paper_project_final/out_nofilter/stim/20201204/flow/evoked_peakbin_stimC_vertical_lag30ms_20mssw_nofilter-none-trial/C/flow_C_MFEFtoMLIP.npz
[20201204][MFEF->MSC] [evoked_peakbin_stimC_vertical_lag30ms_20mssw_nofilter-none-trial] wrote /project/bdoiron/dracoxu/rct-fsflow/paper_project_final/out_nofilter/stim/20201204/flow/evoked_peakbin_stimC_vertical_lag30ms_20mssw_nofilter-none-trial/C/flow_C_MFEFtoMSC.npz
[20201204][MLIP->MFEF] [evoked_peakbin_stimC_vertical_lag30ms_20mssw_nofilter-none-trial] wrote /project/bdoiron/dracoxu/rct-fsflow/paper_project_final/out_nofilter/stim/20201204/flow/evoked_peakbin_stimC_vertical_lag30ms_20mssw_nofilter-none-trial/C/flow_C_MLIPtoMFEF.npz
[20201204][MLIP->MSC] [evoked_peakbin_stimC_vertical_lag30ms_20mssw_nofilter-none-trial] wrote /project/bdoiron/dracoxu/rct-fsflow/paper_project_final/out_nofilter/stim/20201204/flow/evoked_peakbin_stimC_vertical_lag30ms_20mssw_nofilter-none-trial/C/flow_C_MLIPtoMSC.npz
[20201204][MSC->MFEF] [evoked_peakbin_stimC_vertical_lag30ms_20mssw_nofilter-none-trial] wrote /project/bdoiron/dracoxu/rct-fsflow/paper_project_final/out_nofilter/stim/20201204/flow/evoked_peakbin_stimC_vertical_lag30ms_20mssw_nofilter-none-trial/C/flow_C_MSCtoMFEF.npz
[20201204][MSC->MLIP] [evoked_peakbin_stimC_vertical_lag30ms_20mssw_nofilter-none-trial] wrote /project/bdoiron/dracoxu/rct-fsflow/paper_project_final/out_nofilter/stim/20201204/flow/evoked_peakbin_stimC_vertical_lag30ms_20mssw_nofilter-none-trial/C/flow_C_MSCtoMLIP.npz

==================== STIM C: LAG 40ms [NOFILTER] ====================

========== STIM lag40ms: flow feature=C (save null) [NOFILTER] ==========

[RUN] python cli/flow_session.py --out_root /project/bdoiron/dracoxu/rct-fsflow/paper_project_final/out_nofilter --align stim --sid 20201204 --feature C --orientation vertical --lags_ms 40 --ridge 1e-2 --perms 500 --perm-within CR --null_method trial_shuffle --standardize_mode none --pt_min_ms 200 --no_induced --evoked_subtract --evoked_sigma_ms 10 --axes_tag axes_peakbin_stimCR-stim-vertical-20mssw_nofilter --tag evoked_peakbin_stimC_vertical_lag40ms_20mssw_nofilter --flow_tag_base evoked_peakbin_stimC_vertical_lag40ms_20mssw_nofilter --save_null_samples --norm auto --sliding_window_ms 20 --sliding_step_ms 10
[sliding-window] window=20.0ms (4 bins), step=10.0ms (2 bins), native=5.0ms
[20201204][MFEF->MLIP] [evoked_peakbin_stimC_vertical_lag40ms_20mssw_nofilter-none-trial] wrote /project/bdoiron/dracoxu/rct-fsflow/paper_project_final/out_nofilter/stim/20201204/flow/evoked_peakbin_stimC_vertical_lag40ms_20mssw_nofilter-none-trial/C/flow_C_MFEFtoMLIP.npz
[20201204][MFEF->MSC] [evoked_peakbin_stimC_vertical_lag40ms_20mssw_nofilter-none-trial] wrote /project/bdoiron/dracoxu/rct-fsflow/paper_project_final/out_nofilter/stim/20201204/flow/evoked_peakbin_stimC_vertical_lag40ms_20mssw_nofilter-none-trial/C/flow_C_MFEFtoMSC.npz
[20201204][MLIP->MFEF] [evoked_peakbin_stimC_vertical_lag40ms_20mssw_nofilter-none-trial] wrote /project/bdoiron/dracoxu/rct-fsflow/paper_project_final/out_nofilter/stim/20201204/flow/evoked_peakbin_stimC_vertical_lag40ms_20mssw_nofilter-none-trial/C/flow_C_MLIPtoMFEF.npz
[20201204][MLIP->MSC] [evoked_peakbin_stimC_vertical_lag40ms_20mssw_nofilter-none-trial] wrote /project/bdoiron/dracoxu/rct-fsflow/paper_project_final/out_nofilter/stim/20201204/flow/evoked_peakbin_stimC_vertical_lag40ms_20mssw_nofilter-none-trial/C/flow_C_MLIPtoMSC.npz
[20201204][MSC->MFEF] [evoked_peakbin_stimC_vertical_lag40ms_20mssw_nofilter-none-trial] wrote /project/bdoiron/dracoxu/rct-fsflow/paper_project_final/out_nofilter/stim/20201204/flow/evoked_peakbin_stimC_vertical_lag40ms_20mssw_nofilter-none-trial/C/flow_C_MSCtoMFEF.npz
[20201204][MSC->MLIP] [evoked_peakbin_stimC_vertical_lag40ms_20mssw_nofilter-none-trial] wrote /project/bdoiron/dracoxu/rct-fsflow/paper_project_final/out_nofilter/stim/20201204/flow/evoked_peakbin_stimC_vertical_lag40ms_20mssw_nofilter-none-trial/C/flow_C_MSCtoMLIP.npz

==================== STIM C: LAG 50ms [NOFILTER] ====================

========== STIM lag50ms: flow feature=C (save null) [NOFILTER] ==========

[RUN] python cli/flow_session.py --out_root /project/bdoiron/dracoxu/rct-fsflow/paper_project_final/out_nofilter --align stim --sid 20201204 --feature C --orientation vertical --lags_ms 50 --ridge 1e-2 --perms 500 --perm-within CR --null_method trial_shuffle --standardize_mode none --pt_min_ms 200 --no_induced --evoked_subtract --evoked_sigma_ms 10 --axes_tag axes_peakbin_stimCR-stim-vertical-20mssw_nofilter --tag evoked_peakbin_stimC_vertical_lag50ms_20mssw_nofilter --flow_tag_base evoked_peakbin_stimC_vertical_lag50ms_20mssw_nofilter --save_null_samples --norm auto --sliding_window_ms 20 --sliding_step_ms 10
[sliding-window] window=20.0ms (4 bins), step=10.0ms (2 bins), native=5.0ms
[20201204][MFEF->MLIP] [evoked_peakbin_stimC_vertical_lag50ms_20mssw_nofilter-none-trial] wrote /project/bdoiron/dracoxu/rct-fsflow/paper_project_final/out_nofilter/stim/20201204/flow/evoked_peakbin_stimC_vertical_lag50ms_20mssw_nofilter-none-trial/C/flow_C_MFEFtoMLIP.npz
[20201204][MFEF->MSC] [evoked_peakbin_stimC_vertical_lag50ms_20mssw_nofilter-none-trial] wrote /project/bdoiron/dracoxu/rct-fsflow/paper_project_final/out_nofilter/stim/20201204/flow/evoked_peakbin_stimC_vertical_lag50ms_20mssw_nofilter-none-trial/C/flow_C_MFEFtoMSC.npz
[20201204][MLIP->MFEF] [evoked_peakbin_stimC_vertical_lag50ms_20mssw_nofilter-none-trial] wrote /project/bdoiron/dracoxu/rct-fsflow/paper_project_final/out_nofilter/stim/20201204/flow/evoked_peakbin_stimC_vertical_lag50ms_20mssw_nofilter-none-trial/C/flow_C_MLIPtoMFEF.npz
[20201204][MLIP->MSC] [evoked_peakbin_stimC_vertical_lag50ms_20mssw_nofilter-none-trial] wrote /project/bdoiron/dracoxu/rct-fsflow/paper_project_final/out_nofilter/stim/20201204/flow/evoked_peakbin_stimC_vertical_lag50ms_20mssw_nofilter-none-trial/C/flow_C_MLIPtoMSC.npz
[20201204][MSC->MFEF] [evoked_peakbin_stimC_vertical_lag50ms_20mssw_nofilter-none-trial] wrote /project/bdoiron/dracoxu/rct-fsflow/paper_project_final/out_nofilter/stim/20201204/flow/evoked_peakbin_stimC_vertical_lag50ms_20mssw_nofilter-none-trial/C/flow_C_MSCtoMFEF.npz
[20201204][MSC->MLIP] [evoked_peakbin_stimC_vertical_lag50ms_20mssw_nofilter-none-trial] wrote /project/bdoiron/dracoxu/rct-fsflow/paper_project_final/out_nofilter/stim/20201204/flow/evoked_peakbin_stimC_vertical_lag50ms_20mssw_nofilter-none-trial/C/flow_C_MSCtoMLIP.npz

==================== STIM C: LAG 60ms [NOFILTER] ====================

========== STIM lag60ms: flow feature=C (save null) [NOFILTER] ==========

[RUN] python cli/flow_session.py --out_root /project/bdoiron/dracoxu/rct-fsflow/paper_project_final/out_nofilter --align stim --sid 20201204 --feature C --orientation vertical --lags_ms 60 --ridge 1e-2 --perms 500 --perm-within CR --null_method trial_shuffle --standardize_mode none --pt_min_ms 200 --no_induced --evoked_subtract --evoked_sigma_ms 10 --axes_tag axes_peakbin_stimCR-stim-vertical-20mssw_nofilter --tag evoked_peakbin_stimC_vertical_lag60ms_20mssw_nofilter --flow_tag_base evoked_peakbin_stimC_vertical_lag60ms_20mssw_nofilter --save_null_samples --norm auto --sliding_window_ms 20 --sliding_step_ms 10
[sliding-window] window=20.0ms (4 bins), step=10.0ms (2 bins), native=5.0ms
[20201204][MFEF->MLIP] [evoked_peakbin_stimC_vertical_lag60ms_20mssw_nofilter-none-trial] wrote /project/bdoiron/dracoxu/rct-fsflow/paper_project_final/out_nofilter/stim/20201204/flow/evoked_peakbin_stimC_vertical_lag60ms_20mssw_nofilter-none-trial/C/flow_C_MFEFtoMLIP.npz
[20201204][MFEF->MSC] [evoked_peakbin_stimC_vertical_lag60ms_20mssw_nofilter-none-trial] wrote /project/bdoiron/dracoxu/rct-fsflow/paper_project_final/out_nofilter/stim/20201204/flow/evoked_peakbin_stimC_vertical_lag60ms_20mssw_nofilter-none-trial/C/flow_C_MFEFtoMSC.npz
[20201204][MLIP->MFEF] [evoked_peakbin_stimC_vertical_lag60ms_20mssw_nofilter-none-trial] wrote /project/bdoiron/dracoxu/rct-fsflow/paper_project_final/out_nofilter/stim/20201204/flow/evoked_peakbin_stimC_vertical_lag60ms_20mssw_nofilter-none-trial/C/flow_C_MLIPtoMFEF.npz
[20201204][MLIP->MSC] [evoked_peakbin_stimC_vertical_lag60ms_20mssw_nofilter-none-trial] wrote /project/bdoiron/dracoxu/rct-fsflow/paper_project_final/out_nofilter/stim/20201204/flow/evoked_peakbin_stimC_vertical_lag60ms_20mssw_nofilter-none-trial/C/flow_C_MLIPtoMSC.npz
[20201204][MSC->MFEF] [evoked_peakbin_stimC_vertical_lag60ms_20mssw_nofilter-none-trial] wrote /project/bdoiron/dracoxu/rct-fsflow/paper_project_final/out_nofilter/stim/20201204/flow/evoked_peakbin_stimC_vertical_lag60ms_20mssw_nofilter-none-trial/C/flow_C_MSCtoMFEF.npz
[20201204][MSC->MLIP] [evoked_peakbin_stimC_vertical_lag60ms_20mssw_nofilter-none-trial] wrote /project/bdoiron/dracoxu/rct-fsflow/paper_project_final/out_nofilter/stim/20201204/flow/evoked_peakbin_stimC_vertical_lag60ms_20mssw_nofilter-none-trial/C/flow_C_MSCtoMLIP.npz

==================== STIM C: LAG 80ms [NOFILTER] ====================

========== STIM lag80ms: flow feature=C (save null) [NOFILTER] ==========

[RUN] python cli/flow_session.py --out_root /project/bdoiron/dracoxu/rct-fsflow/paper_project_final/out_nofilter --align stim --sid 20201204 --feature C --orientation vertical --lags_ms 80 --ridge 1e-2 --perms 500 --perm-within CR --null_method trial_shuffle --standardize_mode none --pt_min_ms 200 --no_induced --evoked_subtract --evoked_sigma_ms 10 --axes_tag axes_peakbin_stimCR-stim-vertical-20mssw_nofilter --tag evoked_peakbin_stimC_vertical_lag80ms_20mssw_nofilter --flow_tag_base evoked_peakbin_stimC_vertical_lag80ms_20mssw_nofilter --save_null_samples --norm auto --sliding_window_ms 20 --sliding_step_ms 10
[sliding-window] window=20.0ms (4 bins), step=10.0ms (2 bins), native=5.0ms
[20201204][MFEF->MLIP] [evoked_peakbin_stimC_vertical_lag80ms_20mssw_nofilter-none-trial] wrote /project/bdoiron/dracoxu/rct-fsflow/paper_project_final/out_nofilter/stim/20201204/flow/evoked_peakbin_stimC_vertical_lag80ms_20mssw_nofilter-none-trial/C/flow_C_MFEFtoMLIP.npz
[20201204][MFEF->MSC] [evoked_peakbin_stimC_vertical_lag80ms_20mssw_nofilter-none-trial] wrote /project/bdoiron/dracoxu/rct-fsflow/paper_project_final/out_nofilter/stim/20201204/flow/evoked_peakbin_stimC_vertical_lag80ms_20mssw_nofilter-none-trial/C/flow_C_MFEFtoMSC.npz
[20201204][MLIP->MFEF] [evoked_peakbin_stimC_vertical_lag80ms_20mssw_nofilter-none-trial] wrote /project/bdoiron/dracoxu/rct-fsflow/paper_project_final/out_nofilter/stim/20201204/flow/evoked_peakbin_stimC_vertical_lag80ms_20mssw_nofilter-none-trial/C/flow_C_MLIPtoMFEF.npz
[20201204][MLIP->MSC] [evoked_peakbin_stimC_vertical_lag80ms_20mssw_nofilter-none-trial] wrote /project/bdoiron/dracoxu/rct-fsflow/paper_project_final/out_nofilter/stim/20201204/flow/evoked_peakbin_stimC_vertical_lag80ms_20mssw_nofilter-none-trial/C/flow_C_MLIPtoMSC.npz
[20201204][MSC->MFEF] [evoked_peakbin_stimC_vertical_lag80ms_20mssw_nofilter-none-trial] wrote /project/bdoiron/dracoxu/rct-fsflow/paper_project_final/out_nofilter/stim/20201204/flow/evoked_peakbin_stimC_vertical_lag80ms_20mssw_nofilter-none-trial/C/flow_C_MSCtoMFEF.npz
[20201204][MSC->MLIP] [evoked_peakbin_stimC_vertical_lag80ms_20mssw_nofilter-none-trial] wrote /project/bdoiron/dracoxu/rct-fsflow/paper_project_final/out_nofilter/stim/20201204/flow/evoked_peakbin_stimC_vertical_lag80ms_20mssw_nofilter-none-trial/C/flow_C_MSCtoMLIP.npz

==================== STIM C: LAG 100ms [NOFILTER] ====================

========== STIM lag100ms: flow feature=C (save null) [NOFILTER] ==========

[RUN] python cli/flow_session.py --out_root /project/bdoiron/dracoxu/rct-fsflow/paper_project_final/out_nofilter --align stim --sid 20201204 --feature C --orientation vertical --lags_ms 100 --ridge 1e-2 --perms 500 --perm-within CR --null_method trial_shuffle --standardize_mode none --pt_min_ms 200 --no_induced --evoked_subtract --evoked_sigma_ms 10 --axes_tag axes_peakbin_stimCR-stim-vertical-20mssw_nofilter --tag evoked_peakbin_stimC_vertical_lag100ms_20mssw_nofilter --flow_tag_base evoked_peakbin_stimC_vertical_lag100ms_20mssw_nofilter --save_null_samples --norm auto --sliding_window_ms 20 --sliding_step_ms 10
[sliding-window] window=20.0ms (4 bins), step=10.0ms (2 bins), native=5.0ms
[20201204][MFEF->MLIP] [evoked_peakbin_stimC_vertical_lag100ms_20mssw_nofilter-none-trial] wrote /project/bdoiron/dracoxu/rct-fsflow/paper_project_final/out_nofilter/stim/20201204/flow/evoked_peakbin_stimC_vertical_lag100ms_20mssw_nofilter-none-trial/C/flow_C_MFEFtoMLIP.npz
[20201204][MFEF->MSC] [evoked_peakbin_stimC_vertical_lag100ms_20mssw_nofilter-none-trial] wrote /project/bdoiron/dracoxu/rct-fsflow/paper_project_final/out_nofilter/stim/20201204/flow/evoked_peakbin_stimC_vertical_lag100ms_20mssw_nofilter-none-trial/C/flow_C_MFEFtoMSC.npz
[20201204][MLIP->MFEF] [evoked_peakbin_stimC_vertical_lag100ms_20mssw_nofilter-none-trial] wrote /project/bdoiron/dracoxu/rct-fsflow/paper_project_final/out_nofilter/stim/20201204/flow/evoked_peakbin_stimC_vertical_lag100ms_20mssw_nofilter-none-trial/C/flow_C_MLIPtoMFEF.npz
[20201204][MLIP->MSC] [evoked_peakbin_stimC_vertical_lag100ms_20mssw_nofilter-none-trial] wrote /project/bdoiron/dracoxu/rct-fsflow/paper_project_final/out_nofilter/stim/20201204/flow/evoked_peakbin_stimC_vertical_lag100ms_20mssw_nofilter-none-trial/C/flow_C_MLIPtoMSC.npz
[20201204][MSC->MFEF] [evoked_peakbin_stimC_vertical_lag100ms_20mssw_nofilter-none-trial] wrote /project/bdoiron/dracoxu/rct-fsflow/paper_project_final/out_nofilter/stim/20201204/flow/evoked_peakbin_stimC_vertical_lag100ms_20mssw_nofilter-none-trial/C/flow_C_MSCtoMFEF.npz
[20201204][MSC->MLIP] [evoked_peakbin_stimC_vertical_lag100ms_20mssw_nofilter-none-trial] wrote /project/bdoiron/dracoxu/rct-fsflow/paper_project_final/out_nofilter/stim/20201204/flow/evoked_peakbin_stimC_vertical_lag100ms_20mssw_nofilter-none-trial/C/flow_C_MSCtoMLIP.npz

========== SACC 20ms sliding: train axes (S) peakbin [NOFILTER] ==========

[RUN] python cli/train_axes.py --out_root /project/bdoiron/dracoxu/rct-fsflow/paper_project_final/out_nofilter --align sacc --sid 20201204 --orientation horizontal --features S --tag axes_peakbin_saccS-sacc-horizontal-20mssw_nofilter --norm global --clf_binary logreg --C_grid 0.1 0.3 1 3 10 --lda_shrinkage auto --searchS --search_range_S=-0.20:0.05 --search_step_ms 20 --search_len_ms 50 100 150 200 250 --search_score_mode peak_bin_auc --search_tiebreak shortest_then_closest0 --search_tol 0.01 --pt_min_ms_sacc 200 --sliding_window_ms 20 --sliding_step_ms 10
[sliding-window] window=20.0ms (4 bins), step=10.0ms (2 bins), native=5.0ms
[20201204][MFEF] wrote /project/bdoiron/dracoxu/rct-fsflow/paper_project_final/out_nofilter/sacc/20201204/axes/axes_peakbin_saccS-sacc-horizontal-20mssw_nofilter/axes_MFEF.npz
[20201204][MLIP] wrote /project/bdoiron/dracoxu/rct-fsflow/paper_project_final/out_nofilter/sacc/20201204/axes/axes_peakbin_saccS-sacc-horizontal-20mssw_nofilter/axes_MLIP.npz
[20201204][MSC] wrote /project/bdoiron/dracoxu/rct-fsflow/paper_project_final/out_nofilter/sacc/20201204/axes/axes_peakbin_saccS-sacc-horizontal-20mssw_nofilter/axes_MSC.npz
[ok] axes_summary.json → /project/bdoiron/dracoxu/rct-fsflow/paper_project_final/out_nofilter/sacc/20201204/axes/axes_peakbin_saccS-sacc-horizontal-20mssw_nofilter/axes_summary.json
[ok] config.json → /project/bdoiron/dracoxu/rct-fsflow/paper_project_final/out_nofilter/sacc/20201204/axes/axes_peakbin_saccS-sacc-horizontal-20mssw_nofilter/config.json

========== SACC 20ms sliding: QC [NOFILTER] ==========

[RUN] python cli/qc_axes.py --out_root /project/bdoiron/dracoxu/rct-fsflow/paper_project_final/out_nofilter --align sacc --sid 20201204 --orientation horizontal --tag axes_peakbin_saccS-sacc-horizontal-20mssw_nofilter --thr 0.60 --k 5 --pt_min_ms_sacc 200 --norm auto --sliding_window_ms 20 --sliding_step_ms 10
[sliding-window] window=20.0ms (4 bins), step=10.0ms (2 bins), native=5.0ms
[20201204][MFEF] wrote /project/bdoiron/dracoxu/rct-fsflow/paper_project_final/out_nofilter/sacc/20201204/qc/axes_peakbin_saccS-sacc-horizontal-20mssw_nofilter/qc_axes_MFEF.pdf (+ .png, .json)   lat(ms): C=None, Sraw=-160.0000001490116, Sinv=-160.0000001490116, T=None
[20201204][MLIP] wrote /project/bdoiron/dracoxu/rct-fsflow/paper_project_final/out_nofilter/sacc/20201204/qc/axes_peakbin_saccS-sacc-horizontal-20mssw_nofilter/qc_axes_MLIP.pdf (+ .png, .json)   lat(ms): C=None, Sraw=-99.99999962747097, Sinv=-99.99999962747097, T=None
[20201204][MSC] wrote /project/bdoiron/dracoxu/rct-fsflow/paper_project_final/out_nofilter/sacc/20201204/qc/axes_peakbin_saccS-sacc-horizontal-20mssw_nofilter/qc_axes_MSC.pdf (+ .png, .json)   lat(ms): C=None, Sraw=-89.99999985098839, Sinv=-89.99999985098839, T=None

==================== SACC S: LAG 30ms [NOFILTER] ====================

========== SACC lag30ms: flow feature=S (save null) [NOFILTER] ==========

[RUN] python cli/flow_session.py --out_root /project/bdoiron/dracoxu/rct-fsflow/paper_project_final/out_nofilter --align sacc --sid 20201204 --feature S --orientation horizontal --lags_ms 30 --ridge 1e-2 --perms 500 --perm-within CR --null_method trial_shuffle --standardize_mode none --pt_min_ms 200 --no_induced --evoked_subtract --evoked_sigma_ms 10 --axes_tag axes_peakbin_saccS-sacc-horizontal-20mssw_nofilter --tag evoked_peakbin_saccS_horizontal_lag30ms_20mssw_nofilter --flow_tag_base evoked_peakbin_saccS_horizontal_lag30ms_20mssw_nofilter --save_null_samples --norm auto --sliding_window_ms 20 --sliding_step_ms 10
[sliding-window] window=20.0ms (4 bins), step=10.0ms (2 bins), native=5.0ms
[20201204][MFEF->MLIP] [evoked_peakbin_saccS_horizontal_lag30ms_20mssw_nofilter-none-trial] wrote /project/bdoiron/dracoxu/rct-fsflow/paper_project_final/out_nofilter/sacc/20201204/flow/evoked_peakbin_saccS_horizontal_lag30ms_20mssw_nofilter-none-trial/S/flow_S_MFEFtoMLIP.npz
[20201204][MFEF->MSC] [evoked_peakbin_saccS_horizontal_lag30ms_20mssw_nofilter-none-trial] wrote /project/bdoiron/dracoxu/rct-fsflow/paper_project_final/out_nofilter/sacc/20201204/flow/evoked_peakbin_saccS_horizontal_lag30ms_20mssw_nofilter-none-trial/S/flow_S_MFEFtoMSC.npz
[20201204][MLIP->MFEF] [evoked_peakbin_saccS_horizontal_lag30ms_20mssw_nofilter-none-trial] wrote /project/bdoiron/dracoxu/rct-fsflow/paper_project_final/out_nofilter/sacc/20201204/flow/evoked_peakbin_saccS_horizontal_lag30ms_20mssw_nofilter-none-trial/S/flow_S_MLIPtoMFEF.npz
[20201204][MLIP->MSC] [evoked_peakbin_saccS_horizontal_lag30ms_20mssw_nofilter-none-trial] wrote /project/bdoiron/dracoxu/rct-fsflow/paper_project_final/out_nofilter/sacc/20201204/flow/evoked_peakbin_saccS_horizontal_lag30ms_20mssw_nofilter-none-trial/S/flow_S_MLIPtoMSC.npz
[20201204][MSC->MFEF] [evoked_peakbin_saccS_horizontal_lag30ms_20mssw_nofilter-none-trial] wrote /project/bdoiron/dracoxu/rct-fsflow/paper_project_final/out_nofilter/sacc/20201204/flow/evoked_peakbin_saccS_horizontal_lag30ms_20mssw_nofilter-none-trial/S/flow_S_MSCtoMFEF.npz
[20201204][MSC->MLIP] [evoked_peakbin_saccS_horizontal_lag30ms_20mssw_nofilter-none-trial] wrote /project/bdoiron/dracoxu/rct-fsflow/paper_project_final/out_nofilter/sacc/20201204/flow/evoked_peakbin_saccS_horizontal_lag30ms_20mssw_nofilter-none-trial/S/flow_S_MSCtoMLIP.npz

==================== SACC S: LAG 50ms [NOFILTER] ====================

========== SACC lag50ms: flow feature=S (save null) [NOFILTER] ==========

[RUN] python cli/flow_session.py --out_root /project/bdoiron/dracoxu/rct-fsflow/paper_project_final/out_nofilter --align sacc --sid 20201204 --feature S --orientation horizontal --lags_ms 50 --ridge 1e-2 --perms 500 --perm-within CR --null_method trial_shuffle --standardize_mode none --pt_min_ms 200 --no_induced --evoked_subtract --evoked_sigma_ms 10 --axes_tag axes_peakbin_saccS-sacc-horizontal-20mssw_nofilter --tag evoked_peakbin_saccS_horizontal_lag50ms_20mssw_nofilter --flow_tag_base evoked_peakbin_saccS_horizontal_lag50ms_20mssw_nofilter --save_null_samples --norm auto --sliding_window_ms 20 --sliding_step_ms 10
[sliding-window] window=20.0ms (4 bins), step=10.0ms (2 bins), native=5.0ms
[20201204][MFEF->MLIP] [evoked_peakbin_saccS_horizontal_lag50ms_20mssw_nofilter-none-trial] wrote /project/bdoiron/dracoxu/rct-fsflow/paper_project_final/out_nofilter/sacc/20201204/flow/evoked_peakbin_saccS_horizontal_lag50ms_20mssw_nofilter-none-trial/S/flow_S_MFEFtoMLIP.npz
[20201204][MFEF->MSC] [evoked_peakbin_saccS_horizontal_lag50ms_20mssw_nofilter-none-trial] wrote /project/bdoiron/dracoxu/rct-fsflow/paper_project_final/out_nofilter/sacc/20201204/flow/evoked_peakbin_saccS_horizontal_lag50ms_20mssw_nofilter-none-trial/S/flow_S_MFEFtoMSC.npz
[20201204][MLIP->MFEF] [evoked_peakbin_saccS_horizontal_lag50ms_20mssw_nofilter-none-trial] wrote /project/bdoiron/dracoxu/rct-fsflow/paper_project_final/out_nofilter/sacc/20201204/flow/evoked_peakbin_saccS_horizontal_lag50ms_20mssw_nofilter-none-trial/S/flow_S_MLIPtoMFEF.npz
[20201204][MLIP->MSC] [evoked_peakbin_saccS_horizontal_lag50ms_20mssw_nofilter-none-trial] wrote /project/bdoiron/dracoxu/rct-fsflow/paper_project_final/out_nofilter/sacc/20201204/flow/evoked_peakbin_saccS_horizontal_lag50ms_20mssw_nofilter-none-trial/S/flow_S_MLIPtoMSC.npz
[20201204][MSC->MFEF] [evoked_peakbin_saccS_horizontal_lag50ms_20mssw_nofilter-none-trial] wrote /project/bdoiron/dracoxu/rct-fsflow/paper_project_final/out_nofilter/sacc/20201204/flow/evoked_peakbin_saccS_horizontal_lag50ms_20mssw_nofilter-none-trial/S/flow_S_MSCtoMFEF.npz
[20201204][MSC->MLIP] [evoked_peakbin_saccS_horizontal_lag50ms_20mssw_nofilter-none-trial] wrote /project/bdoiron/dracoxu/rct-fsflow/paper_project_final/out_nofilter/sacc/20201204/flow/evoked_peakbin_saccS_horizontal_lag50ms_20mssw_nofilter-none-trial/S/flow_S_MSCtoMLIP.npz

==================== SACC S: LAG 60ms [NOFILTER] ====================

========== SACC lag60ms: flow feature=S (save null) [NOFILTER] ==========

[RUN] python cli/flow_session.py --out_root /project/bdoiron/dracoxu/rct-fsflow/paper_project_final/out_nofilter --align sacc --sid 20201204 --feature S --orientation horizontal --lags_ms 60 --ridge 1e-2 --perms 500 --perm-within CR --null_method trial_shuffle --standardize_mode none --pt_min_ms 200 --no_induced --evoked_subtract --evoked_sigma_ms 10 --axes_tag axes_peakbin_saccS-sacc-horizontal-20mssw_nofilter --tag evoked_peakbin_saccS_horizontal_lag60ms_20mssw_nofilter --flow_tag_base evoked_peakbin_saccS_horizontal_lag60ms_20mssw_nofilter --save_null_samples --norm auto --sliding_window_ms 20 --sliding_step_ms 10
[sliding-window] window=20.0ms (4 bins), step=10.0ms (2 bins), native=5.0ms
[20201204][MFEF->MLIP] [evoked_peakbin_saccS_horizontal_lag60ms_20mssw_nofilter-none-trial] wrote /project/bdoiron/dracoxu/rct-fsflow/paper_project_final/out_nofilter/sacc/20201204/flow/evoked_peakbin_saccS_horizontal_lag60ms_20mssw_nofilter-none-trial/S/flow_S_MFEFtoMLIP.npz
[20201204][MFEF->MSC] [evoked_peakbin_saccS_horizontal_lag60ms_20mssw_nofilter-none-trial] wrote /project/bdoiron/dracoxu/rct-fsflow/paper_project_final/out_nofilter/sacc/20201204/flow/evoked_peakbin_saccS_horizontal_lag60ms_20mssw_nofilter-none-trial/S/flow_S_MFEFtoMSC.npz
[20201204][MLIP->MFEF] [evoked_peakbin_saccS_horizontal_lag60ms_20mssw_nofilter-none-trial] wrote /project/bdoiron/dracoxu/rct-fsflow/paper_project_final/out_nofilter/sacc/20201204/flow/evoked_peakbin_saccS_horizontal_lag60ms_20mssw_nofilter-none-trial/S/flow_S_MLIPtoMFEF.npz
[20201204][MLIP->MSC] [evoked_peakbin_saccS_horizontal_lag60ms_20mssw_nofilter-none-trial] wrote /project/bdoiron/dracoxu/rct-fsflow/paper_project_final/out_nofilter/sacc/20201204/flow/evoked_peakbin_saccS_horizontal_lag60ms_20mssw_nofilter-none-trial/S/flow_S_MLIPtoMSC.npz
[20201204][MSC->MFEF] [evoked_peakbin_saccS_horizontal_lag60ms_20mssw_nofilter-none-trial] wrote /project/bdoiron/dracoxu/rct-fsflow/paper_project_final/out_nofilter/sacc/20201204/flow/evoked_peakbin_saccS_horizontal_lag60ms_20mssw_nofilter-none-trial/S/flow_S_MSCtoMFEF.npz
[20201204][MSC->MLIP] [evoked_peakbin_saccS_horizontal_lag60ms_20mssw_nofilter-none-trial] wrote /project/bdoiron/dracoxu/rct-fsflow/paper_project_final/out_nofilter/sacc/20201204/flow/evoked_peakbin_saccS_horizontal_lag60ms_20mssw_nofilter-none-trial/S/flow_S_MSCtoMLIP.npz

==================== SACC S: LAG 80ms [NOFILTER] ====================

========== SACC lag80ms: flow feature=S (save null) [NOFILTER] ==========

[RUN] python cli/flow_session.py --out_root /project/bdoiron/dracoxu/rct-fsflow/paper_project_final/out_nofilter --align sacc --sid 20201204 --feature S --orientation horizontal --lags_ms 80 --ridge 1e-2 --perms 500 --perm-within CR --null_method trial_shuffle --standardize_mode none --pt_min_ms 200 --no_induced --evoked_subtract --evoked_sigma_ms 10 --axes_tag axes_peakbin_saccS-sacc-horizontal-20mssw_nofilter --tag evoked_peakbin_saccS_horizontal_lag80ms_20mssw_nofilter --flow_tag_base evoked_peakbin_saccS_horizontal_lag80ms_20mssw_nofilter --save_null_samples --norm auto --sliding_window_ms 20 --sliding_step_ms 10
[sliding-window] window=20.0ms (4 bins), step=10.0ms (2 bins), native=5.0ms
[20201204][MFEF->MLIP] [evoked_peakbin_saccS_horizontal_lag80ms_20mssw_nofilter-none-trial] wrote /project/bdoiron/dracoxu/rct-fsflow/paper_project_final/out_nofilter/sacc/20201204/flow/evoked_peakbin_saccS_horizontal_lag80ms_20mssw_nofilter-none-trial/S/flow_S_MFEFtoMLIP.npz
[20201204][MFEF->MSC] [evoked_peakbin_saccS_horizontal_lag80ms_20mssw_nofilter-none-trial] wrote /project/bdoiron/dracoxu/rct-fsflow/paper_project_final/out_nofilter/sacc/20201204/flow/evoked_peakbin_saccS_horizontal_lag80ms_20mssw_nofilter-none-trial/S/flow_S_MFEFtoMSC.npz
[20201204][MLIP->MFEF] [evoked_peakbin_saccS_horizontal_lag80ms_20mssw_nofilter-none-trial] wrote /project/bdoiron/dracoxu/rct-fsflow/paper_project_final/out_nofilter/sacc/20201204/flow/evoked_peakbin_saccS_horizontal_lag80ms_20mssw_nofilter-none-trial/S/flow_S_MLIPtoMFEF.npz
[20201204][MLIP->MSC] [evoked_peakbin_saccS_horizontal_lag80ms_20mssw_nofilter-none-trial] wrote /project/bdoiron/dracoxu/rct-fsflow/paper_project_final/out_nofilter/sacc/20201204/flow/evoked_peakbin_saccS_horizontal_lag80ms_20mssw_nofilter-none-trial/S/flow_S_MLIPtoMSC.npz
[20201204][MSC->MFEF] [evoked_peakbin_saccS_horizontal_lag80ms_20mssw_nofilter-none-trial] wrote /project/bdoiron/dracoxu/rct-fsflow/paper_project_final/out_nofilter/sacc/20201204/flow/evoked_peakbin_saccS_horizontal_lag80ms_20mssw_nofilter-none-trial/S/flow_S_MSCtoMFEF.npz
[20201204][MSC->MLIP] [evoked_peakbin_saccS_horizontal_lag80ms_20mssw_nofilter-none-trial] wrote /project/bdoiron/dracoxu/rct-fsflow/paper_project_final/out_nofilter/sacc/20201204/flow/evoked_peakbin_saccS_horizontal_lag80ms_20mssw_nofilter-none-trial/S/flow_S_MSCtoMLIP.npz

[done] 20ms sliding window peakbin MULTI-LAG (NO CORRECT FILTER) complete for SID=20201204

============================================================
Multi-lag workflow (NO CORRECT FILTER) completed.

Results stored in: /project/bdoiron/dracoxu/rct-fsflow/paper_project_final/out_nofilter

Flow tags generated (with _nofilter suffix):

STIM C lags:
  - evoked_peakbin_stimC_vertical_lag30ms_20mssw_nofilter-none-trial
  - evoked_peakbin_stimC_vertical_lag40ms_20mssw_nofilter-none-trial
  - evoked_peakbin_stimC_vertical_lag50ms_20mssw_nofilter-none-trial
  - evoked_peakbin_stimC_vertical_lag60ms_20mssw_nofilter-none-trial
  - evoked_peakbin_stimC_vertical_lag80ms_20mssw_nofilter-none-trial
  - evoked_peakbin_stimC_vertical_lag100ms_20mssw_nofilter-none-trial

SACC S lags:
  - evoked_peakbin_saccS_horizontal_lag30ms_20mssw_nofilter-none-trial
  - evoked_peakbin_saccS_horizontal_lag50ms_20mssw_nofilter-none-trial
  - evoked_peakbin_saccS_horizontal_lag60ms_20mssw_nofilter-none-trial
  - evoked_peakbin_saccS_horizontal_lag80ms_20mssw_nofilter-none-trial

To compare with filtered results, run summarize_flow_across_sessions.py
with --out_root out_nofilter
============================================================
