============================================================
NOFILTER SUMMARIES (REPLICATES OLD BUG)
Caches: all trials with lab_is_correct=True for all
Axes trained on: ALL trials (correct + incorrect)
QC/Flow run on:  ALL trials (correct + incorrect)
Results in:      out_nofilter/
============================================================

============================================================
Step 1: Trial onset comprehensive analysis (STIM, nofilter)
============================================================
[info] Processing 23 sessions
[info] Alignments: ['stim']

============================================================
[align=stim] Processing alignment
============================================================
[align=stim] sliding window=20.0ms (2 bins), step=10.0ms (1 bins)
[align=stim] pt_min_ms=200.0, axes_tag=axes_peakbin_stimCR-stim-vertical-20mssw_nofilter
[align=stim] baseline=(-0.2, 0.0), search=(0.0, 0.5)
[align=stim] orientation=vertical
[align=stim] features=['C', 'R']
[align=stim] category (C) qc_threshold=0.65
[align=stim] direction (R) qc_threshold=0.6
[20200926] SC-LIP C: 16 trials
[qc-filter] 20200929: MSC fails QC for category (metric=auc_C, threshold=0.65), skipping MSC-MLIP pair
[20201001] SC-LIP C: 44 trials
[20201004] SC-LIP C: 27 trials
[20201204] SC-LIP C: 32 trials
[20201211] SC-LIP C: 103 trials
[20201216] SC-LIP C: 24 trials
[20231025] SC-LIP C: 20 trials
[20231109] SC-LIP C: 21 trials
[20231121] SC-LIP C: 19 trials
[20231123] SC-LIP C: 33 trials
[20200926] SC-FEF C: 22 trials
[qc-filter] 20200929: MSC fails QC for category (metric=auc_C, threshold=0.65), skipping MSC-MFEF pair
[20201001] SC-FEF C: 117 trials
[20201004] SC-FEF C: 41 trials
[20201204] SC-FEF C: 54 trials
[20201211] SC-FEF C: 108 trials
[20201216] SC-FEF C: 24 trials
[20231025] SC-FEF C: 23 trials
[20231109] SC-FEF C: 33 trials
[20231121] SC-FEF C: 36 trials
[20231123] SC-FEF C: 36 trials
[20231205] SC-FEF C: 29 trials
[20200328] FEF-LIP C: 67 trials
[20200401] FEF-LIP C: 49 trials
[20200402] FEF-LIP C: 72 trials
[20200926] FEF-LIP C: 96 trials
[20200929] FEF-LIP C: 96 trials
[20201001] FEF-LIP C: 99 trials
[20201004] FEF-LIP C: 106 trials
[20201204] FEF-LIP C: 101 trials
[20201211] FEF-LIP C: 96 trials
[20201216] FEF-LIP C: 110 trials
[20230622] FEF-LIP C: 26 trials
[20230627] FEF-LIP C: 38 trials
[20230705] FEF-LIP C: 42 trials
[20230707] FEF-LIP C: 17 trials
[20230710] FEF-LIP C: 68 trials
[20231025] FEF-LIP C: 13 trials
[20231109] FEF-LIP C: 57 trials
[20231121] FEF-LIP C: 31 trials
[20231123] FEF-LIP C: 66 trials
[20231205] FEF-LIP C: 11 trials
[qc-filter] 20200926: MSC, MLIP fails QC for direction (metric=acc_R_macro, threshold=0.6), skipping MSC-MLIP pair
[qc-filter] 20200929: MSC, MLIP fails QC for direction (metric=acc_R_macro, threshold=0.6), skipping MSC-MLIP pair
[qc-filter] 20201001: MSC fails QC for direction (metric=acc_R_macro, threshold=0.6), skipping MSC-MLIP pair
[qc-filter] 20201004: MSC fails QC for direction (metric=acc_R_macro, threshold=0.6), skipping MSC-MLIP pair
[qc-filter] 20201204: MSC fails QC for direction (metric=acc_R_macro, threshold=0.6), skipping MSC-MLIP pair
[qc-filter] 20201211: MSC fails QC for direction (metric=acc_R_macro, threshold=0.6), skipping MSC-MLIP pair
[qc-filter] 20201216: MSC fails QC for direction (metric=acc_R_macro, threshold=0.6), skipping MSC-MLIP pair
[qc-filter] 20231025: SSC, SLIP fails QC for direction (metric=acc_R_macro, threshold=0.6), skipping SSC-SLIP pair
[qc-filter] 20231109: SSC, SLIP fails QC for direction (metric=acc_R_macro, threshold=0.6), skipping SSC-SLIP pair
[qc-filter] 20231121: SSC, SLIP fails QC for direction (metric=acc_R_macro, threshold=0.6), skipping SSC-SLIP pair
[qc-filter] 20231123: SSC, SLIP fails QC for direction (metric=acc_R_macro, threshold=0.6), skipping SSC-SLIP pair
[qc-filter] 20200926: MSC fails QC for direction (metric=acc_R_macro, threshold=0.6), skipping MSC-MFEF pair
[qc-filter] 20200929: MSC, MFEF fails QC for direction (metric=acc_R_macro, threshold=0.6), skipping MSC-MFEF pair
[qc-filter] 20201001: MSC fails QC for direction (metric=acc_R_macro, threshold=0.6), skipping MSC-MFEF pair
[qc-filter] 20201004: MSC fails QC for direction (metric=acc_R_macro, threshold=0.6), skipping MSC-MFEF pair
[qc-filter] 20201204: MSC fails QC for direction (metric=acc_R_macro, threshold=0.6), skipping MSC-MFEF pair
[qc-filter] 20201211: MSC fails QC for direction (metric=acc_R_macro, threshold=0.6), skipping MSC-MFEF pair
[qc-filter] 20201216: MSC, MFEF fails QC for direction (metric=acc_R_macro, threshold=0.6), skipping MSC-MFEF pair
[qc-filter] 20231025: SSC, SFEF fails QC for direction (metric=acc_R_macro, threshold=0.6), skipping SSC-SFEF pair
[qc-filter] 20231109: SSC, SFEF fails QC for direction (metric=acc_R_macro, threshold=0.6), skipping SSC-SFEF pair
[qc-filter] 20231121: SSC, SFEF fails QC for direction (metric=acc_R_macro, threshold=0.6), skipping SSC-SFEF pair
[qc-filter] 20231123: SSC, SFEF fails QC for direction (metric=acc_R_macro, threshold=0.6), skipping SSC-SFEF pair
[qc-filter] 20200327: MFEF fails QC for direction (metric=acc_R_macro, threshold=0.6), skipping MFEF-MLIP pair
[qc-filter] 20200328: MFEF fails QC for direction (metric=acc_R_macro, threshold=0.6), skipping MFEF-MLIP pair
[qc-filter] 20200401: MLIP fails QC for direction (metric=acc_R_macro, threshold=0.6), skipping MFEF-MLIP pair
[qc-filter] 20200402: MLIP fails QC for direction (metric=acc_R_macro, threshold=0.6), skipping MFEF-MLIP pair
[qc-filter] 20200926: MLIP fails QC for direction (metric=acc_R_macro, threshold=0.6), skipping MFEF-MLIP pair
[qc-filter] 20200929: MFEF, MLIP fails QC for direction (metric=acc_R_macro, threshold=0.6), skipping MFEF-MLIP pair
[20201001] FEF-LIP R: 32 trials
[20201204] FEF-LIP R: 25 trials
[20201211] FEF-LIP R: 26 trials
[qc-filter] 20201216: MFEF fails QC for direction (metric=acc_R_macro, threshold=0.6), skipping MFEF-MLIP pair
[qc-filter] 20230622: SFEF, SLIP fails QC for direction (metric=acc_R_macro, threshold=0.6), skipping SFEF-SLIP pair
[qc-filter] 20230627: SFEF, SLIP fails QC for direction (metric=acc_R_macro, threshold=0.6), skipping SFEF-SLIP pair
[qc-filter] 20230705: SFEF, SLIP fails QC for direction (metric=acc_R_macro, threshold=0.6), skipping SFEF-SLIP pair
[qc-filter] 20230707: SFEF, SLIP fails QC for direction (metric=acc_R_macro, threshold=0.6), skipping SFEF-SLIP pair
[qc-filter] 20230710: SFEF, SLIP fails QC for direction (metric=acc_R_macro, threshold=0.6), skipping SFEF-SLIP pair
[qc-filter] 20231025: SFEF, SLIP fails QC for direction (metric=acc_R_macro, threshold=0.6), skipping SFEF-SLIP pair
[qc-filter] 20231109: SFEF, SLIP fails QC for direction (metric=acc_R_macro, threshold=0.6), skipping SFEF-SLIP pair
[qc-filter] 20231121: SFEF, SLIP fails QC for direction (metric=acc_R_macro, threshold=0.6), skipping SFEF-SLIP pair
[qc-filter] 20231123: SFEF, SLIP fails QC for direction (metric=acc_R_macro, threshold=0.6), skipping SFEF-SLIP pair
[ok] wrote out_nofilter/stim/trialtiming/trialonset_comprehensive_20mssw_nofilter/config.json
[M] SC-LIP category: pooled mean(dt)=-7.52 ms (N_trials=246), p(two)=0.4123, p(later)=0.7947
[ok] wrote out_nofilter/stim/trialtiming/trialonset_comprehensive_20mssw_nofilter/monkey_M_SC_vs_LIP_category_summary.png, out_nofilter/stim/trialtiming/trialonset_comprehensive_20mssw_nofilter/monkey_M_SC_vs_LIP_category_summary.pdf, out_nofilter/stim/trialtiming/trialonset_comprehensive_20mssw_nofilter/monkey_M_SC_vs_LIP_category_summary.svg
[ok] wrote out_nofilter/stim/trialtiming/trialonset_comprehensive_20mssw_nofilter/monkey_M_SC_vs_LIP_category_summary.npz
[S] SC-LIP category: pooled mean(dt)=-1.61 ms (N_trials=93), p(two)=0.9265, p(later)=0.5388
[ok] wrote out_nofilter/stim/trialtiming/trialonset_comprehensive_20mssw_nofilter/monkey_S_SC_vs_LIP_category_summary.png, out_nofilter/stim/trialtiming/trialonset_comprehensive_20mssw_nofilter/monkey_S_SC_vs_LIP_category_summary.pdf, out_nofilter/stim/trialtiming/trialonset_comprehensive_20mssw_nofilter/monkey_S_SC_vs_LIP_category_summary.svg
[ok] wrote out_nofilter/stim/trialtiming/trialonset_comprehensive_20mssw_nofilter/monkey_S_SC_vs_LIP_category_summary.npz
[M] SC-FEF category: pooled mean(dt)=-83.17 ms (N_trials=366), p(two)=5e-05, p(later)=1
[ok] wrote out_nofilter/stim/trialtiming/trialonset_comprehensive_20mssw_nofilter/monkey_M_SC_vs_FEF_category_summary.png, out_nofilter/stim/trialtiming/trialonset_comprehensive_20mssw_nofilter/monkey_M_SC_vs_FEF_category_summary.pdf, out_nofilter/stim/trialtiming/trialonset_comprehensive_20mssw_nofilter/monkey_M_SC_vs_FEF_category_summary.svg
[ok] wrote out_nofilter/stim/trialtiming/trialonset_comprehensive_20mssw_nofilter/monkey_M_SC_vs_FEF_category_summary.npz
[S] SC-FEF category: pooled mean(dt)=-42.80 ms (N_trials=157), p(two)=0.0001, p(later)=1
[ok] wrote out_nofilter/stim/trialtiming/trialonset_comprehensive_20mssw_nofilter/monkey_S_SC_vs_FEF_category_summary.png, out_nofilter/stim/trialtiming/trialonset_comprehensive_20mssw_nofilter/monkey_S_SC_vs_FEF_category_summary.pdf, out_nofilter/stim/trialtiming/trialonset_comprehensive_20mssw_nofilter/monkey_S_SC_vs_FEF_category_summary.svg
[ok] wrote out_nofilter/stim/trialtiming/trialonset_comprehensive_20mssw_nofilter/monkey_S_SC_vs_FEF_category_summary.npz
[M] FEF-LIP category: pooled mean(dt)=75.58 ms (N_trials=892), p(two)=5e-05, p(later)=5e-05
[ok] wrote out_nofilter/stim/trialtiming/trialonset_comprehensive_20mssw_nofilter/monkey_M_FEF_vs_LIP_category_summary.png, out_nofilter/stim/trialtiming/trialonset_comprehensive_20mssw_nofilter/monkey_M_FEF_vs_LIP_category_summary.pdf, out_nofilter/stim/trialtiming/trialonset_comprehensive_20mssw_nofilter/monkey_M_FEF_vs_LIP_category_summary.svg
[ok] wrote out_nofilter/stim/trialtiming/trialonset_comprehensive_20mssw_nofilter/monkey_M_FEF_vs_LIP_category_summary.npz
[S] FEF-LIP category: pooled mean(dt)=36.64 ms (N_trials=369), p(two)=5e-05, p(later)=5e-05
[ok] wrote out_nofilter/stim/trialtiming/trialonset_comprehensive_20mssw_nofilter/monkey_S_FEF_vs_LIP_category_summary.png, out_nofilter/stim/trialtiming/trialonset_comprehensive_20mssw_nofilter/monkey_S_FEF_vs_LIP_category_summary.pdf, out_nofilter/stim/trialtiming/trialonset_comprehensive_20mssw_nofilter/monkey_S_FEF_vs_LIP_category_summary.svg
[ok] wrote out_nofilter/stim/trialtiming/trialonset_comprehensive_20mssw_nofilter/monkey_S_FEF_vs_LIP_category_summary.npz
[ok] wrote combined out_nofilter/stim/trialtiming/trialonset_comprehensive_20mssw_nofilter/monkey_M_FEF_vs_LIP_SC_combined_category_summary.png
[ok] wrote combined out_nofilter/stim/trialtiming/trialonset_comprehensive_20mssw_nofilter/monkey_M_FEF_vs_LIP_SC_combined_category_summary.npz
[ok] wrote combined out_nofilter/stim/trialtiming/trialonset_comprehensive_20mssw_nofilter/monkey_S_FEF_vs_LIP_SC_combined_category_summary.png
[ok] wrote combined out_nofilter/stim/trialtiming/trialonset_comprehensive_20mssw_nofilter/monkey_S_FEF_vs_LIP_SC_combined_category_summary.npz
[M] FEF-LIP direction: pooled mean(dt)=24.58 ms (N_trials=83), p(two)=0.1995, p(later)=0.0993
[ok] wrote out_nofilter/stim/trialtiming/trialonset_comprehensive_20mssw_nofilter/monkey_M_FEF_vs_LIP_direction_summary.png, out_nofilter/stim/trialtiming/trialonset_comprehensive_20mssw_nofilter/monkey_M_FEF_vs_LIP_direction_summary.pdf, out_nofilter/stim/trialtiming/trialonset_comprehensive_20mssw_nofilter/monkey_M_FEF_vs_LIP_direction_summary.svg
[ok] wrote out_nofilter/stim/trialtiming/trialonset_comprehensive_20mssw_nofilter/monkey_M_FEF_vs_LIP_direction_summary.npz
[ok] wrote combined out_nofilter/stim/trialtiming/trialonset_comprehensive_20mssw_nofilter/monkey_M_FEF_vs_LIP_SC_combined_direction_summary.png
[ok] wrote combined out_nofilter/stim/trialtiming/trialonset_comprehensive_20mssw_nofilter/monkey_M_FEF_vs_LIP_SC_combined_direction_summary.npz

============================================================
Step 2: Trial onset comprehensive analysis (SACC, nofilter)
============================================================
[info] Processing 23 sessions
[info] Alignments: ['sacc']

============================================================
[align=sacc] Processing alignment
============================================================
[align=sacc] sliding window=20.0ms (4 bins), step=10.0ms (2 bins)
[align=sacc] pt_min_ms=200.0, axes_tag=axes_peakbin_saccS-sacc-horizontal-20mssw_nofilter
[align=sacc] baseline=(-0.35, -0.2), search=(-0.2, 0.2)
[align=sacc] orientation=horizontal
[align=sacc] features=['S']
[align=sacc] saccade (S) qc_threshold=0.65
[20200926] SC-LIP S: 29 trials
[20200929] SC-LIP S: 26 trials
[20201001] SC-LIP S: 21 trials
[20201004] SC-LIP S: 30 trials
[20201204] SC-LIP S: 66 trials
[20201211] SC-LIP S: 138 trials
[20201216] SC-LIP S: 22 trials
[20231025] SC-LIP S: 121 trials
[20231109] SC-LIP S: 76 trials
[20231123] SC-LIP S: 99 trials
[qc-filter] 20231130: SSC, SLIP fails QC for saccade (metric=auc_S_inv, threshold=0.65), skipping SSC-SLIP pair
[20200926] SC-FEF S: 46 trials
[20200929] SC-FEF S: 49 trials
[20201001] SC-FEF S: 35 trials
[20201004] SC-FEF S: 45 trials
[20201204] SC-FEF S: 68 trials
[20201211] SC-FEF S: 159 trials
[20201216] SC-FEF S: 37 trials
[20231025] SC-FEF S: 21 trials
[20231109] SC-FEF S: 43 trials
[20231121] SC-FEF S: 31 trials
[20231123] SC-FEF S: 55 trials
[qc-filter] 20231130: SSC, SFEF fails QC for saccade (metric=auc_S_inv, threshold=0.65), skipping SSC-SFEF pair
[20200327] FEF-LIP S: 12 trials
[20200328] FEF-LIP S: 66 trials
[20200401] FEF-LIP S: 67 trials
[20200402] FEF-LIP S: 81 trials
[20200926] FEF-LIP S: 128 trials
[20200929] FEF-LIP S: 143 trials
[20201001] FEF-LIP S: 110 trials
[20201004] FEF-LIP S: 169 trials
[20201204] FEF-LIP S: 191 trials
[20201211] FEF-LIP S: 152 trials
[20201216] FEF-LIP S: 123 trials
[20230622] FEF-LIP S: 84 trials
[20230627] FEF-LIP S: 42 trials
[20230705] FEF-LIP S: 79 trials
[20230707] FEF-LIP S: 94 trials
[20230710] FEF-LIP S: 114 trials
[20231025] FEF-LIP S: 20 trials
[20231103] FEF-LIP S: 12 trials
[20231109] FEF-LIP S: 16 trials
[20231121] FEF-LIP S: 21 trials
[20231123] FEF-LIP S: 55 trials
[qc-filter] 20231130: SFEF, SLIP fails QC for saccade (metric=auc_S_inv, threshold=0.65), skipping SFEF-SLIP pair
[ok] wrote out_nofilter/sacc/trialtiming/trialonset_comprehensive_20mssw_nofilter/config.json
[M] SC-LIP saccade: pooled mean(dt)=-2.65 ms (N_trials=332), p(two)=0.6693, p(later)=0.6646
[ok] wrote out_nofilter/sacc/trialtiming/trialonset_comprehensive_20mssw_nofilter/monkey_M_SC_vs_LIP_saccade_summary.png, out_nofilter/sacc/trialtiming/trialonset_comprehensive_20mssw_nofilter/monkey_M_SC_vs_LIP_saccade_summary.pdf, out_nofilter/sacc/trialtiming/trialonset_comprehensive_20mssw_nofilter/monkey_M_SC_vs_LIP_saccade_summary.svg
[ok] wrote out_nofilter/sacc/trialtiming/trialonset_comprehensive_20mssw_nofilter/monkey_M_SC_vs_LIP_saccade_summary.npz
[S] SC-LIP saccade: pooled mean(dt)=58.85 ms (N_trials=296), p(two)=5e-05, p(later)=5e-05
[ok] wrote out_nofilter/sacc/trialtiming/trialonset_comprehensive_20mssw_nofilter/monkey_S_SC_vs_LIP_saccade_summary.png, out_nofilter/sacc/trialtiming/trialonset_comprehensive_20mssw_nofilter/monkey_S_SC_vs_LIP_saccade_summary.pdf, out_nofilter/sacc/trialtiming/trialonset_comprehensive_20mssw_nofilter/monkey_S_SC_vs_LIP_saccade_summary.svg
[ok] wrote out_nofilter/sacc/trialtiming/trialonset_comprehensive_20mssw_nofilter/monkey_S_SC_vs_LIP_saccade_summary.npz
[M] SC-FEF saccade: pooled mean(dt)=-50.09 ms (N_trials=439), p(two)=5e-05, p(later)=1
[ok] wrote out_nofilter/sacc/trialtiming/trialonset_comprehensive_20mssw_nofilter/monkey_M_SC_vs_FEF_saccade_summary.png, out_nofilter/sacc/trialtiming/trialonset_comprehensive_20mssw_nofilter/monkey_M_SC_vs_FEF_saccade_summary.pdf, out_nofilter/sacc/trialtiming/trialonset_comprehensive_20mssw_nofilter/monkey_M_SC_vs_FEF_saccade_summary.svg
[ok] wrote out_nofilter/sacc/trialtiming/trialonset_comprehensive_20mssw_nofilter/monkey_M_SC_vs_FEF_saccade_summary.npz
[S] SC-FEF saccade: pooled mean(dt)=33.07 ms (N_trials=150), p(two)=5e-05, p(later)=5e-05
[ok] wrote out_nofilter/sacc/trialtiming/trialonset_comprehensive_20mssw_nofilter/monkey_S_SC_vs_FEF_saccade_summary.png, out_nofilter/sacc/trialtiming/trialonset_comprehensive_20mssw_nofilter/monkey_S_SC_vs_FEF_saccade_summary.pdf, out_nofilter/sacc/trialtiming/trialonset_comprehensive_20mssw_nofilter/monkey_S_SC_vs_FEF_saccade_summary.svg
[ok] wrote out_nofilter/sacc/trialtiming/trialonset_comprehensive_20mssw_nofilter/monkey_S_SC_vs_FEF_saccade_summary.npz
[M] FEF-LIP saccade: pooled mean(dt)=61.80 ms (N_trials=1242), p(two)=5e-05, p(later)=5e-05
[ok] wrote out_nofilter/sacc/trialtiming/trialonset_comprehensive_20mssw_nofilter/monkey_M_FEF_vs_LIP_saccade_summary.png, out_nofilter/sacc/trialtiming/trialonset_comprehensive_20mssw_nofilter/monkey_M_FEF_vs_LIP_saccade_summary.pdf, out_nofilter/sacc/trialtiming/trialonset_comprehensive_20mssw_nofilter/monkey_M_FEF_vs_LIP_saccade_summary.svg
[ok] wrote out_nofilter/sacc/trialtiming/trialonset_comprehensive_20mssw_nofilter/monkey_M_FEF_vs_LIP_saccade_summary.npz
[S] FEF-LIP saccade: pooled mean(dt)=34.00 ms (N_trials=537), p(two)=5e-05, p(later)=5e-05
[ok] wrote out_nofilter/sacc/trialtiming/trialonset_comprehensive_20mssw_nofilter/monkey_S_FEF_vs_LIP_saccade_summary.png, out_nofilter/sacc/trialtiming/trialonset_comprehensive_20mssw_nofilter/monkey_S_FEF_vs_LIP_saccade_summary.pdf, out_nofilter/sacc/trialtiming/trialonset_comprehensive_20mssw_nofilter/monkey_S_FEF_vs_LIP_saccade_summary.svg
[ok] wrote out_nofilter/sacc/trialtiming/trialonset_comprehensive_20mssw_nofilter/monkey_S_FEF_vs_LIP_saccade_summary.npz
[ok] wrote combined out_nofilter/sacc/trialtiming/trialonset_comprehensive_20mssw_nofilter/monkey_M_FEF_vs_LIP_SC_combined_saccade_summary.png
[ok] wrote combined out_nofilter/sacc/trialtiming/trialonset_comprehensive_20mssw_nofilter/monkey_M_FEF_vs_LIP_SC_combined_saccade_summary.npz
[ok] wrote combined out_nofilter/sacc/trialtiming/trialonset_comprehensive_20mssw_nofilter/monkey_S_FEF_vs_LIP_SC_combined_saccade_summary.png
[ok] wrote combined out_nofilter/sacc/trialtiming/trialonset_comprehensive_20mssw_nofilter/monkey_S_FEF_vs_LIP_SC_combined_saccade_summary.npz

============================================================
Step 3: Summarize flow across sessions for ALL STIM lags (nofilter)
============================================================

[STIM] Summarizing tag: evoked_peakbin_stimC_vertical_lag30ms_20mssw_nofilter-none-trial
[info] align=stim, sessions=23, tags=['evoked_peakbin_stimC_vertical_lag30ms_20mssw_nofilter-none-trial']
[tag=evoked_peakbin_stimC_vertical_lag30ms_20mssw_nofilter-none-trial] features: ['C']

[tag=evoked_peakbin_stimC_vertical_lag30ms_20mssw_nofilter-none-trial] align=stim, feature=C
[qc] Using explicit QC tag: axes_peakbin_stimCR-stim-vertical-20mssw_nofilter
  [smooth] 20.0ms -> 2 bins (bin_size=10.0ms)
  [Panel D] Per-session normalized, then averaged. Median stats: N=267, K_A=1, K_B=1, L=3, smooth=2 bins (20.0ms)
  [Panel D IV] Inverse-variance weighted (by N). N range: 224-303, sum(N)=2948, smooth=2 bins (20.0ms)
  [Panel D IV p-value] Computed for 11/11 sessions with null samples, smooth=2 bins
[summary] align=stim, tag=evoked_peakbin_stimC_vertical_lag30ms_20mssw_nofilter-none-trial, feature=C, pair=MFEF-MLIP, monkey=M, N=11
[qc-filter] 20200929: MSC fails QC (threshold=0.65), skipping MFEF-MSC pair
  [smooth] 20.0ms -> 2 bins (bin_size=10.0ms)
  [Panel D] Per-session normalized, then averaged. Median stats: N=262, K_A=1, K_B=1, L=3, smooth=2 bins (20.0ms)
  [Panel D IV] Inverse-variance weighted (by N). N range: 238-299, sum(N)=1597, smooth=2 bins (20.0ms)
  [Panel D IV p-value] Computed for 6/6 sessions with null samples, smooth=2 bins
[summary] align=stim, tag=evoked_peakbin_stimC_vertical_lag30ms_20mssw_nofilter-none-trial, feature=C, pair=MFEF-MSC, monkey=M, N=6
[qc-filter] 20200929: MSC fails QC (threshold=0.65), skipping MLIP-MSC pair
  [smooth] 20.0ms -> 2 bins (bin_size=10.0ms)
  [Panel D] Per-session normalized, then averaged. Median stats: N=262, K_A=1, K_B=1, L=3, smooth=2 bins (20.0ms)
  [Panel D IV] Inverse-variance weighted (by N). N range: 238-299, sum(N)=1597, smooth=2 bins (20.0ms)
  [Panel D IV p-value] Computed for 6/6 sessions with null samples, smooth=2 bins
[summary] align=stim, tag=evoked_peakbin_stimC_vertical_lag30ms_20mssw_nofilter-none-trial, feature=C, pair=MLIP-MSC, monkey=M, N=6
  [smooth] 20.0ms -> 2 bins (bin_size=10.0ms)
  [Panel D] Per-session normalized, then averaged. Median stats: N=516, K_A=1, K_B=1, L=3, smooth=2 bins (20.0ms)
  [Panel D IV] Inverse-variance weighted (by N). N range: 89-582, sum(N)=5013, smooth=2 bins (20.0ms)
  [Panel D IV p-value] Computed for 12/12 sessions with null samples, smooth=2 bins
[summary] align=stim, tag=evoked_peakbin_stimC_vertical_lag30ms_20mssw_nofilter-none-trial, feature=C, pair=SFEF-SLIP, monkey=S, N=12
  [smooth] 20.0ms -> 2 bins (bin_size=10.0ms)
  [Panel D] Per-session normalized, then averaged. Median stats: N=416, K_A=1, K_B=1, L=3, smooth=2 bins (20.0ms)
  [Panel D IV] Inverse-variance weighted (by N). N range: 89-571, sum(N)=2286, smooth=2 bins (20.0ms)
  [Panel D IV p-value] Computed for 7/7 sessions with null samples, smooth=2 bins
[summary] align=stim, tag=evoked_peakbin_stimC_vertical_lag30ms_20mssw_nofilter-none-trial, feature=C, pair=SFEF-SSC, monkey=S, N=7
  [smooth] 20.0ms -> 2 bins (bin_size=10.0ms)
  [Panel D] Per-session normalized, then averaged. Median stats: N=416, K_A=1, K_B=1, L=3, smooth=2 bins (20.0ms)
  [Panel D IV] Inverse-variance weighted (by N). N range: 89-571, sum(N)=2286, smooth=2 bins (20.0ms)
  [Panel D IV p-value] Computed for 7/7 sessions with null samples, smooth=2 bins
[summary] align=stim, tag=evoked_peakbin_stimC_vertical_lag30ms_20mssw_nofilter-none-trial, feature=C, pair=SLIP-SSC, monkey=S, N=7

[done] summary + figures completed.

[STIM] Summarizing tag: evoked_peakbin_stimC_vertical_lag40ms_20mssw_nofilter-none-trial
[info] align=stim, sessions=23, tags=['evoked_peakbin_stimC_vertical_lag40ms_20mssw_nofilter-none-trial']
[tag=evoked_peakbin_stimC_vertical_lag40ms_20mssw_nofilter-none-trial] features: ['C']

[tag=evoked_peakbin_stimC_vertical_lag40ms_20mssw_nofilter-none-trial] align=stim, feature=C
[qc] Using explicit QC tag: axes_peakbin_stimCR-stim-vertical-20mssw_nofilter
  [smooth] 20.0ms -> 2 bins (bin_size=10.0ms)
  [Panel D] Per-session normalized, then averaged. Median stats: N=267, K_A=1, K_B=1, L=4, smooth=2 bins (20.0ms)
  [Panel D IV] Inverse-variance weighted (by N). N range: 224-303, sum(N)=2948, smooth=2 bins (20.0ms)
  [Panel D IV p-value] Computed for 11/11 sessions with null samples, smooth=2 bins
[summary] align=stim, tag=evoked_peakbin_stimC_vertical_lag40ms_20mssw_nofilter-none-trial, feature=C, pair=MFEF-MLIP, monkey=M, N=11
[qc-filter] 20200929: MSC fails QC (threshold=0.65), skipping MFEF-MSC pair
  [smooth] 20.0ms -> 2 bins (bin_size=10.0ms)
  [Panel D] Per-session normalized, then averaged. Median stats: N=262, K_A=1, K_B=1, L=4, smooth=2 bins (20.0ms)
  [Panel D IV] Inverse-variance weighted (by N). N range: 238-299, sum(N)=1597, smooth=2 bins (20.0ms)
  [Panel D IV p-value] Computed for 6/6 sessions with null samples, smooth=2 bins
[summary] align=stim, tag=evoked_peakbin_stimC_vertical_lag40ms_20mssw_nofilter-none-trial, feature=C, pair=MFEF-MSC, monkey=M, N=6
[qc-filter] 20200929: MSC fails QC (threshold=0.65), skipping MLIP-MSC pair
  [smooth] 20.0ms -> 2 bins (bin_size=10.0ms)
  [Panel D] Per-session normalized, then averaged. Median stats: N=262, K_A=1, K_B=1, L=4, smooth=2 bins (20.0ms)
  [Panel D IV] Inverse-variance weighted (by N). N range: 238-299, sum(N)=1597, smooth=2 bins (20.0ms)
  [Panel D IV p-value] Computed for 6/6 sessions with null samples, smooth=2 bins
[summary] align=stim, tag=evoked_peakbin_stimC_vertical_lag40ms_20mssw_nofilter-none-trial, feature=C, pair=MLIP-MSC, monkey=M, N=6
  [smooth] 20.0ms -> 2 bins (bin_size=10.0ms)
  [Panel D] Per-session normalized, then averaged. Median stats: N=516, K_A=1, K_B=1, L=4, smooth=2 bins (20.0ms)
  [Panel D IV] Inverse-variance weighted (by N). N range: 89-582, sum(N)=5013, smooth=2 bins (20.0ms)
  [Panel D IV p-value] Computed for 12/12 sessions with null samples, smooth=2 bins
[summary] align=stim, tag=evoked_peakbin_stimC_vertical_lag40ms_20mssw_nofilter-none-trial, feature=C, pair=SFEF-SLIP, monkey=S, N=12
  [smooth] 20.0ms -> 2 bins (bin_size=10.0ms)
  [Panel D] Per-session normalized, then averaged. Median stats: N=416, K_A=1, K_B=1, L=4, smooth=2 bins (20.0ms)
  [Panel D IV] Inverse-variance weighted (by N). N range: 89-571, sum(N)=2286, smooth=2 bins (20.0ms)
  [Panel D IV p-value] Computed for 7/7 sessions with null samples, smooth=2 bins
[summary] align=stim, tag=evoked_peakbin_stimC_vertical_lag40ms_20mssw_nofilter-none-trial, feature=C, pair=SFEF-SSC, monkey=S, N=7
  [smooth] 20.0ms -> 2 bins (bin_size=10.0ms)
  [Panel D] Per-session normalized, then averaged. Median stats: N=416, K_A=1, K_B=1, L=4, smooth=2 bins (20.0ms)
  [Panel D IV] Inverse-variance weighted (by N). N range: 89-571, sum(N)=2286, smooth=2 bins (20.0ms)
  [Panel D IV p-value] Computed for 7/7 sessions with null samples, smooth=2 bins
[summary] align=stim, tag=evoked_peakbin_stimC_vertical_lag40ms_20mssw_nofilter-none-trial, feature=C, pair=SLIP-SSC, monkey=S, N=7

[done] summary + figures completed.

[STIM] Summarizing tag: evoked_peakbin_stimC_vertical_lag50ms_20mssw_nofilter-none-trial
[info] align=stim, sessions=23, tags=['evoked_peakbin_stimC_vertical_lag50ms_20mssw_nofilter-none-trial']
[tag=evoked_peakbin_stimC_vertical_lag50ms_20mssw_nofilter-none-trial] features: ['C']

[tag=evoked_peakbin_stimC_vertical_lag50ms_20mssw_nofilter-none-trial] align=stim, feature=C
[qc] Using explicit QC tag: axes_peakbin_stimCR-stim-vertical-20mssw_nofilter
  [smooth] 20.0ms -> 2 bins (bin_size=10.0ms)
  [Panel D] Per-session normalized, then averaged. Median stats: N=267, K_A=1, K_B=1, L=5, smooth=2 bins (20.0ms)
  [Panel D IV] Inverse-variance weighted (by N). N range: 224-303, sum(N)=2948, smooth=2 bins (20.0ms)
  [Panel D IV p-value] Computed for 11/11 sessions with null samples, smooth=2 bins
[summary] align=stim, tag=evoked_peakbin_stimC_vertical_lag50ms_20mssw_nofilter-none-trial, feature=C, pair=MFEF-MLIP, monkey=M, N=11
[qc-filter] 20200929: MSC fails QC (threshold=0.65), skipping MFEF-MSC pair
  [smooth] 20.0ms -> 2 bins (bin_size=10.0ms)
  [Panel D] Per-session normalized, then averaged. Median stats: N=262, K_A=1, K_B=1, L=5, smooth=2 bins (20.0ms)
  [Panel D IV] Inverse-variance weighted (by N). N range: 238-299, sum(N)=1597, smooth=2 bins (20.0ms)
  [Panel D IV p-value] Computed for 6/6 sessions with null samples, smooth=2 bins
[summary] align=stim, tag=evoked_peakbin_stimC_vertical_lag50ms_20mssw_nofilter-none-trial, feature=C, pair=MFEF-MSC, monkey=M, N=6
[qc-filter] 20200929: MSC fails QC (threshold=0.65), skipping MLIP-MSC pair
  [smooth] 20.0ms -> 2 bins (bin_size=10.0ms)
  [Panel D] Per-session normalized, then averaged. Median stats: N=262, K_A=1, K_B=1, L=5, smooth=2 bins (20.0ms)
  [Panel D IV] Inverse-variance weighted (by N). N range: 238-299, sum(N)=1597, smooth=2 bins (20.0ms)
  [Panel D IV p-value] Computed for 6/6 sessions with null samples, smooth=2 bins
[summary] align=stim, tag=evoked_peakbin_stimC_vertical_lag50ms_20mssw_nofilter-none-trial, feature=C, pair=MLIP-MSC, monkey=M, N=6
  [smooth] 20.0ms -> 2 bins (bin_size=10.0ms)
  [Panel D] Per-session normalized, then averaged. Median stats: N=516, K_A=1, K_B=1, L=5, smooth=2 bins (20.0ms)
  [Panel D IV] Inverse-variance weighted (by N). N range: 89-582, sum(N)=5013, smooth=2 bins (20.0ms)
  [Panel D IV p-value] Computed for 12/12 sessions with null samples, smooth=2 bins
[summary] align=stim, tag=evoked_peakbin_stimC_vertical_lag50ms_20mssw_nofilter-none-trial, feature=C, pair=SFEF-SLIP, monkey=S, N=12
  [smooth] 20.0ms -> 2 bins (bin_size=10.0ms)
  [Panel D] Per-session normalized, then averaged. Median stats: N=416, K_A=1, K_B=1, L=5, smooth=2 bins (20.0ms)
  [Panel D IV] Inverse-variance weighted (by N). N range: 89-571, sum(N)=2286, smooth=2 bins (20.0ms)
  [Panel D IV p-value] Computed for 7/7 sessions with null samples, smooth=2 bins
[summary] align=stim, tag=evoked_peakbin_stimC_vertical_lag50ms_20mssw_nofilter-none-trial, feature=C, pair=SFEF-SSC, monkey=S, N=7
  [smooth] 20.0ms -> 2 bins (bin_size=10.0ms)
  [Panel D] Per-session normalized, then averaged. Median stats: N=416, K_A=1, K_B=1, L=5, smooth=2 bins (20.0ms)
  [Panel D IV] Inverse-variance weighted (by N). N range: 89-571, sum(N)=2286, smooth=2 bins (20.0ms)
  [Panel D IV p-value] Computed for 7/7 sessions with null samples, smooth=2 bins
[summary] align=stim, tag=evoked_peakbin_stimC_vertical_lag50ms_20mssw_nofilter-none-trial, feature=C, pair=SLIP-SSC, monkey=S, N=7

[done] summary + figures completed.

[STIM] Summarizing tag: evoked_peakbin_stimC_vertical_lag60ms_20mssw_nofilter-none-trial
[info] align=stim, sessions=23, tags=['evoked_peakbin_stimC_vertical_lag60ms_20mssw_nofilter-none-trial']
[tag=evoked_peakbin_stimC_vertical_lag60ms_20mssw_nofilter-none-trial] features: ['C']

[tag=evoked_peakbin_stimC_vertical_lag60ms_20mssw_nofilter-none-trial] align=stim, feature=C
[qc] Using explicit QC tag: axes_peakbin_stimCR-stim-vertical-20mssw_nofilter
  [smooth] 20.0ms -> 2 bins (bin_size=10.0ms)
  [Panel D] Per-session normalized, then averaged. Median stats: N=267, K_A=1, K_B=1, L=6, smooth=2 bins (20.0ms)
  [Panel D IV] Inverse-variance weighted (by N). N range: 224-303, sum(N)=2948, smooth=2 bins (20.0ms)
  [Panel D IV p-value] Computed for 11/11 sessions with null samples, smooth=2 bins
[summary] align=stim, tag=evoked_peakbin_stimC_vertical_lag60ms_20mssw_nofilter-none-trial, feature=C, pair=MFEF-MLIP, monkey=M, N=11
[qc-filter] 20200929: MSC fails QC (threshold=0.65), skipping MFEF-MSC pair
  [smooth] 20.0ms -> 2 bins (bin_size=10.0ms)
  [Panel D] Per-session normalized, then averaged. Median stats: N=262, K_A=1, K_B=1, L=6, smooth=2 bins (20.0ms)
  [Panel D IV] Inverse-variance weighted (by N). N range: 238-299, sum(N)=1597, smooth=2 bins (20.0ms)
  [Panel D IV p-value] Computed for 6/6 sessions with null samples, smooth=2 bins
[summary] align=stim, tag=evoked_peakbin_stimC_vertical_lag60ms_20mssw_nofilter-none-trial, feature=C, pair=MFEF-MSC, monkey=M, N=6
[qc-filter] 20200929: MSC fails QC (threshold=0.65), skipping MLIP-MSC pair
  [smooth] 20.0ms -> 2 bins (bin_size=10.0ms)
  [Panel D] Per-session normalized, then averaged. Median stats: N=262, K_A=1, K_B=1, L=6, smooth=2 bins (20.0ms)
  [Panel D IV] Inverse-variance weighted (by N). N range: 238-299, sum(N)=1597, smooth=2 bins (20.0ms)
  [Panel D IV p-value] Computed for 6/6 sessions with null samples, smooth=2 bins
[summary] align=stim, tag=evoked_peakbin_stimC_vertical_lag60ms_20mssw_nofilter-none-trial, feature=C, pair=MLIP-MSC, monkey=M, N=6
  [smooth] 20.0ms -> 2 bins (bin_size=10.0ms)
  [Panel D] Per-session normalized, then averaged. Median stats: N=516, K_A=1, K_B=1, L=6, smooth=2 bins (20.0ms)
  [Panel D IV] Inverse-variance weighted (by N). N range: 89-582, sum(N)=5013, smooth=2 bins (20.0ms)
  [Panel D IV p-value] Computed for 12/12 sessions with null samples, smooth=2 bins
[summary] align=stim, tag=evoked_peakbin_stimC_vertical_lag60ms_20mssw_nofilter-none-trial, feature=C, pair=SFEF-SLIP, monkey=S, N=12
  [smooth] 20.0ms -> 2 bins (bin_size=10.0ms)
  [Panel D] Per-session normalized, then averaged. Median stats: N=416, K_A=1, K_B=1, L=6, smooth=2 bins (20.0ms)
  [Panel D IV] Inverse-variance weighted (by N). N range: 89-571, sum(N)=2286, smooth=2 bins (20.0ms)
  [Panel D IV p-value] Computed for 7/7 sessions with null samples, smooth=2 bins
[summary] align=stim, tag=evoked_peakbin_stimC_vertical_lag60ms_20mssw_nofilter-none-trial, feature=C, pair=SFEF-SSC, monkey=S, N=7
  [smooth] 20.0ms -> 2 bins (bin_size=10.0ms)
  [Panel D] Per-session normalized, then averaged. Median stats: N=416, K_A=1, K_B=1, L=6, smooth=2 bins (20.0ms)
  [Panel D IV] Inverse-variance weighted (by N). N range: 89-571, sum(N)=2286, smooth=2 bins (20.0ms)
  [Panel D IV p-value] Computed for 7/7 sessions with null samples, smooth=2 bins
[summary] align=stim, tag=evoked_peakbin_stimC_vertical_lag60ms_20mssw_nofilter-none-trial, feature=C, pair=SLIP-SSC, monkey=S, N=7

[done] summary + figures completed.

[STIM] Summarizing tag: evoked_peakbin_stimC_vertical_lag80ms_20mssw_nofilter-none-trial
[info] align=stim, sessions=23, tags=['evoked_peakbin_stimC_vertical_lag80ms_20mssw_nofilter-none-trial']
[tag=evoked_peakbin_stimC_vertical_lag80ms_20mssw_nofilter-none-trial] features: ['C']

[tag=evoked_peakbin_stimC_vertical_lag80ms_20mssw_nofilter-none-trial] align=stim, feature=C
[qc] Using explicit QC tag: axes_peakbin_stimCR-stim-vertical-20mssw_nofilter
  [smooth] 20.0ms -> 2 bins (bin_size=10.0ms)
  [Panel D] Per-session normalized, then averaged. Median stats: N=267, K_A=1, K_B=1, L=8, smooth=2 bins (20.0ms)
  [Panel D IV] Inverse-variance weighted (by N). N range: 224-303, sum(N)=2948, smooth=2 bins (20.0ms)
  [Panel D IV p-value] Computed for 11/11 sessions with null samples, smooth=2 bins
[summary] align=stim, tag=evoked_peakbin_stimC_vertical_lag80ms_20mssw_nofilter-none-trial, feature=C, pair=MFEF-MLIP, monkey=M, N=11
[qc-filter] 20200929: MSC fails QC (threshold=0.65), skipping MFEF-MSC pair
  [smooth] 20.0ms -> 2 bins (bin_size=10.0ms)
  [Panel D] Per-session normalized, then averaged. Median stats: N=262, K_A=1, K_B=1, L=8, smooth=2 bins (20.0ms)
  [Panel D IV] Inverse-variance weighted (by N). N range: 238-299, sum(N)=1597, smooth=2 bins (20.0ms)
  [Panel D IV p-value] Computed for 6/6 sessions with null samples, smooth=2 bins
[summary] align=stim, tag=evoked_peakbin_stimC_vertical_lag80ms_20mssw_nofilter-none-trial, feature=C, pair=MFEF-MSC, monkey=M, N=6
[qc-filter] 20200929: MSC fails QC (threshold=0.65), skipping MLIP-MSC pair
  [smooth] 20.0ms -> 2 bins (bin_size=10.0ms)
  [Panel D] Per-session normalized, then averaged. Median stats: N=262, K_A=1, K_B=1, L=8, smooth=2 bins (20.0ms)
  [Panel D IV] Inverse-variance weighted (by N). N range: 238-299, sum(N)=1597, smooth=2 bins (20.0ms)
  [Panel D IV p-value] Computed for 6/6 sessions with null samples, smooth=2 bins
[summary] align=stim, tag=evoked_peakbin_stimC_vertical_lag80ms_20mssw_nofilter-none-trial, feature=C, pair=MLIP-MSC, monkey=M, N=6
  [smooth] 20.0ms -> 2 bins (bin_size=10.0ms)
  [Panel D] Per-session normalized, then averaged. Median stats: N=516, K_A=1, K_B=1, L=8, smooth=2 bins (20.0ms)
  [Panel D IV] Inverse-variance weighted (by N). N range: 89-582, sum(N)=5013, smooth=2 bins (20.0ms)
  [Panel D IV p-value] Computed for 12/12 sessions with null samples, smooth=2 bins
[summary] align=stim, tag=evoked_peakbin_stimC_vertical_lag80ms_20mssw_nofilter-none-trial, feature=C, pair=SFEF-SLIP, monkey=S, N=12
  [smooth] 20.0ms -> 2 bins (bin_size=10.0ms)
  [Panel D] Per-session normalized, then averaged. Median stats: N=416, K_A=1, K_B=1, L=8, smooth=2 bins (20.0ms)
  [Panel D IV] Inverse-variance weighted (by N). N range: 89-571, sum(N)=2286, smooth=2 bins (20.0ms)
  [Panel D IV p-value] Computed for 7/7 sessions with null samples, smooth=2 bins
[summary] align=stim, tag=evoked_peakbin_stimC_vertical_lag80ms_20mssw_nofilter-none-trial, feature=C, pair=SFEF-SSC, monkey=S, N=7
  [smooth] 20.0ms -> 2 bins (bin_size=10.0ms)
  [Panel D] Per-session normalized, then averaged. Median stats: N=416, K_A=1, K_B=1, L=8, smooth=2 bins (20.0ms)
  [Panel D IV] Inverse-variance weighted (by N). N range: 89-571, sum(N)=2286, smooth=2 bins (20.0ms)
  [Panel D IV p-value] Computed for 7/7 sessions with null samples, smooth=2 bins
[summary] align=stim, tag=evoked_peakbin_stimC_vertical_lag80ms_20mssw_nofilter-none-trial, feature=C, pair=SLIP-SSC, monkey=S, N=7

[done] summary + figures completed.

[STIM] Summarizing tag: evoked_peakbin_stimC_vertical_lag100ms_20mssw_nofilter-none-trial
[info] align=stim, sessions=23, tags=['evoked_peakbin_stimC_vertical_lag100ms_20mssw_nofilter-none-trial']
[tag=evoked_peakbin_stimC_vertical_lag100ms_20mssw_nofilter-none-trial] features: ['C']

[tag=evoked_peakbin_stimC_vertical_lag100ms_20mssw_nofilter-none-trial] align=stim, feature=C
[qc] Using explicit QC tag: axes_peakbin_stimCR-stim-vertical-20mssw_nofilter
  [smooth] 20.0ms -> 2 bins (bin_size=10.0ms)
  [Panel D] Per-session normalized, then averaged. Median stats: N=267, K_A=1, K_B=1, L=10, smooth=2 bins (20.0ms)
  [Panel D IV] Inverse-variance weighted (by N). N range: 224-303, sum(N)=2948, smooth=2 bins (20.0ms)
  [Panel D IV p-value] Computed for 11/11 sessions with null samples, smooth=2 bins
[summary] align=stim, tag=evoked_peakbin_stimC_vertical_lag100ms_20mssw_nofilter-none-trial, feature=C, pair=MFEF-MLIP, monkey=M, N=11
[qc-filter] 20200929: MSC fails QC (threshold=0.65), skipping MFEF-MSC pair
  [smooth] 20.0ms -> 2 bins (bin_size=10.0ms)
  [Panel D] Per-session normalized, then averaged. Median stats: N=262, K_A=1, K_B=1, L=10, smooth=2 bins (20.0ms)
  [Panel D IV] Inverse-variance weighted (by N). N range: 238-299, sum(N)=1597, smooth=2 bins (20.0ms)
  [Panel D IV p-value] Computed for 6/6 sessions with null samples, smooth=2 bins
[summary] align=stim, tag=evoked_peakbin_stimC_vertical_lag100ms_20mssw_nofilter-none-trial, feature=C, pair=MFEF-MSC, monkey=M, N=6
[qc-filter] 20200929: MSC fails QC (threshold=0.65), skipping MLIP-MSC pair
  [smooth] 20.0ms -> 2 bins (bin_size=10.0ms)
  [Panel D] Per-session normalized, then averaged. Median stats: N=262, K_A=1, K_B=1, L=10, smooth=2 bins (20.0ms)
  [Panel D IV] Inverse-variance weighted (by N). N range: 238-299, sum(N)=1597, smooth=2 bins (20.0ms)
  [Panel D IV p-value] Computed for 6/6 sessions with null samples, smooth=2 bins
[summary] align=stim, tag=evoked_peakbin_stimC_vertical_lag100ms_20mssw_nofilter-none-trial, feature=C, pair=MLIP-MSC, monkey=M, N=6
  [smooth] 20.0ms -> 2 bins (bin_size=10.0ms)
  [Panel D] Per-session normalized, then averaged. Median stats: N=516, K_A=1, K_B=1, L=10, smooth=2 bins (20.0ms)
  [Panel D IV] Inverse-variance weighted (by N). N range: 89-582, sum(N)=5013, smooth=2 bins (20.0ms)
  [Panel D IV p-value] Computed for 12/12 sessions with null samples, smooth=2 bins
[summary] align=stim, tag=evoked_peakbin_stimC_vertical_lag100ms_20mssw_nofilter-none-trial, feature=C, pair=SFEF-SLIP, monkey=S, N=12
  [smooth] 20.0ms -> 2 bins (bin_size=10.0ms)
  [Panel D] Per-session normalized, then averaged. Median stats: N=416, K_A=1, K_B=1, L=10, smooth=2 bins (20.0ms)
  [Panel D IV] Inverse-variance weighted (by N). N range: 89-571, sum(N)=2286, smooth=2 bins (20.0ms)
  [Panel D IV p-value] Computed for 7/7 sessions with null samples, smooth=2 bins
[summary] align=stim, tag=evoked_peakbin_stimC_vertical_lag100ms_20mssw_nofilter-none-trial, feature=C, pair=SFEF-SSC, monkey=S, N=7
  [smooth] 20.0ms -> 2 bins (bin_size=10.0ms)
  [Panel D] Per-session normalized, then averaged. Median stats: N=416, K_A=1, K_B=1, L=10, smooth=2 bins (20.0ms)
  [Panel D IV] Inverse-variance weighted (by N). N range: 89-571, sum(N)=2286, smooth=2 bins (20.0ms)
  [Panel D IV p-value] Computed for 7/7 sessions with null samples, smooth=2 bins
[summary] align=stim, tag=evoked_peakbin_stimC_vertical_lag100ms_20mssw_nofilter-none-trial, feature=C, pair=SLIP-SSC, monkey=S, N=7

[done] summary + figures completed.

============================================================
Step 4: Summarize flow across sessions for ALL SACC lags (nofilter)
============================================================

[SACC] Summarizing tag: evoked_peakbin_saccS_horizontal_lag30ms_20mssw_nofilter-none-trial
[info] align=sacc, sessions=23, tags=['evoked_peakbin_saccS_horizontal_lag30ms_20mssw_nofilter-none-trial']
[tag=evoked_peakbin_saccS_horizontal_lag30ms_20mssw_nofilter-none-trial] features: ['S']

[tag=evoked_peakbin_saccS_horizontal_lag30ms_20mssw_nofilter-none-trial] align=sacc, feature=S
[qc] Using explicit QC tag: axes_peakbin_saccS-sacc-horizontal-20mssw_nofilter
  [smooth] 20.0ms -> 2 bins (bin_size=10.0ms)
  [Panel D] Per-session normalized, then averaged. Median stats: N=268, K_A=1, K_B=1, L=3, smooth=2 bins (20.0ms)
  [Panel D IV] Inverse-variance weighted (by N). N range: 242-306, sum(N)=3010, smooth=2 bins (20.0ms)
  [Panel D IV p-value] Computed for 11/11 sessions with null samples, smooth=2 bins
[summary] align=sacc, tag=evoked_peakbin_saccS_horizontal_lag30ms_20mssw_nofilter-none-trial, feature=S, pair=MFEF-MLIP, monkey=M, N=11
  [smooth] 20.0ms -> 2 bins (bin_size=10.0ms)
  [Panel D] Per-session normalized, then averaged. Median stats: N=287, K_A=1, K_B=1, L=3, smooth=2 bins (20.0ms)
  [Panel D IV] Inverse-variance weighted (by N). N range: 252-306, sum(N)=1965, smooth=2 bins (20.0ms)
  [Panel D IV p-value] Computed for 7/7 sessions with null samples, smooth=2 bins
[summary] align=sacc, tag=evoked_peakbin_saccS_horizontal_lag30ms_20mssw_nofilter-none-trial, feature=S, pair=MFEF-MSC, monkey=M, N=7
  [smooth] 20.0ms -> 2 bins (bin_size=10.0ms)
  [Panel D] Per-session normalized, then averaged. Median stats: N=287, K_A=1, K_B=1, L=3, smooth=2 bins (20.0ms)
  [Panel D IV] Inverse-variance weighted (by N). N range: 252-306, sum(N)=1965, smooth=2 bins (20.0ms)
  [Panel D IV p-value] Computed for 7/7 sessions with null samples, smooth=2 bins
[summary] align=sacc, tag=evoked_peakbin_saccS_horizontal_lag30ms_20mssw_nofilter-none-trial, feature=S, pair=MLIP-MSC, monkey=M, N=7
  [smooth] 20.0ms -> 2 bins (bin_size=10.0ms)
  [Panel D] Per-session normalized, then averaged. Median stats: N=350, K_A=1, K_B=1, L=3, smooth=2 bins (20.0ms)
  [Panel D IV] Inverse-variance weighted (by N). N range: 26-570, sum(N)=3817, smooth=2 bins (20.0ms)
  [Panel D IV p-value] Computed for 11/11 sessions with null samples, smooth=2 bins
[summary] align=sacc, tag=evoked_peakbin_saccS_horizontal_lag30ms_20mssw_nofilter-none-trial, feature=S, pair=SFEF-SLIP, monkey=S, N=11
  [smooth] 20.0ms -> 2 bins (bin_size=10.0ms)
  [Panel D] Per-session normalized, then averaged. Median stats: N=262, K_A=1, K_B=1, L=3, smooth=2 bins (20.0ms)
  [Panel D IV] Inverse-variance weighted (by N). N range: 26-350, sum(N)=1268, smooth=2 bins (20.0ms)
  [Panel D IV p-value] Computed for 6/6 sessions with null samples, smooth=2 bins
[summary] align=sacc, tag=evoked_peakbin_saccS_horizontal_lag30ms_20mssw_nofilter-none-trial, feature=S, pair=SFEF-SSC, monkey=S, N=6
  [smooth] 20.0ms -> 2 bins (bin_size=10.0ms)
  [Panel D] Per-session normalized, then averaged. Median stats: N=262, K_A=1, K_B=1, L=3, smooth=2 bins (20.0ms)
  [Panel D IV] Inverse-variance weighted (by N). N range: 26-350, sum(N)=1268, smooth=2 bins (20.0ms)
  [Panel D IV p-value] Computed for 6/6 sessions with null samples, smooth=2 bins
[summary] align=sacc, tag=evoked_peakbin_saccS_horizontal_lag30ms_20mssw_nofilter-none-trial, feature=S, pair=SLIP-SSC, monkey=S, N=6

[done] summary + figures completed.

[SACC] Summarizing tag: evoked_peakbin_saccS_horizontal_lag50ms_20mssw_nofilter-none-trial
[info] align=sacc, sessions=23, tags=['evoked_peakbin_saccS_horizontal_lag50ms_20mssw_nofilter-none-trial']
[tag=evoked_peakbin_saccS_horizontal_lag50ms_20mssw_nofilter-none-trial] features: ['S']

[tag=evoked_peakbin_saccS_horizontal_lag50ms_20mssw_nofilter-none-trial] align=sacc, feature=S
[qc] Using explicit QC tag: axes_peakbin_saccS-sacc-horizontal-20mssw_nofilter
  [smooth] 20.0ms -> 2 bins (bin_size=10.0ms)
  [Panel D] Per-session normalized, then averaged. Median stats: N=268, K_A=1, K_B=1, L=5, smooth=2 bins (20.0ms)
  [Panel D IV] Inverse-variance weighted (by N). N range: 242-306, sum(N)=3010, smooth=2 bins (20.0ms)
  [Panel D IV p-value] Computed for 11/11 sessions with null samples, smooth=2 bins
[summary] align=sacc, tag=evoked_peakbin_saccS_horizontal_lag50ms_20mssw_nofilter-none-trial, feature=S, pair=MFEF-MLIP, monkey=M, N=11
  [smooth] 20.0ms -> 2 bins (bin_size=10.0ms)
  [Panel D] Per-session normalized, then averaged. Median stats: N=287, K_A=1, K_B=1, L=5, smooth=2 bins (20.0ms)
  [Panel D IV] Inverse-variance weighted (by N). N range: 252-306, sum(N)=1965, smooth=2 bins (20.0ms)
  [Panel D IV p-value] Computed for 7/7 sessions with null samples, smooth=2 bins
[summary] align=sacc, tag=evoked_peakbin_saccS_horizontal_lag50ms_20mssw_nofilter-none-trial, feature=S, pair=MFEF-MSC, monkey=M, N=7
  [smooth] 20.0ms -> 2 bins (bin_size=10.0ms)
  [Panel D] Per-session normalized, then averaged. Median stats: N=287, K_A=1, K_B=1, L=5, smooth=2 bins (20.0ms)
  [Panel D IV] Inverse-variance weighted (by N). N range: 252-306, sum(N)=1965, smooth=2 bins (20.0ms)
  [Panel D IV p-value] Computed for 7/7 sessions with null samples, smooth=2 bins
[summary] align=sacc, tag=evoked_peakbin_saccS_horizontal_lag50ms_20mssw_nofilter-none-trial, feature=S, pair=MLIP-MSC, monkey=M, N=7
  [smooth] 20.0ms -> 2 bins (bin_size=10.0ms)
  [Panel D] Per-session normalized, then averaged. Median stats: N=350, K_A=1, K_B=1, L=5, smooth=2 bins (20.0ms)
  [Panel D IV] Inverse-variance weighted (by N). N range: 26-570, sum(N)=3817, smooth=2 bins (20.0ms)
  [Panel D IV p-value] Computed for 11/11 sessions with null samples, smooth=2 bins
[summary] align=sacc, tag=evoked_peakbin_saccS_horizontal_lag50ms_20mssw_nofilter-none-trial, feature=S, pair=SFEF-SLIP, monkey=S, N=11
  [smooth] 20.0ms -> 2 bins (bin_size=10.0ms)
  [Panel D] Per-session normalized, then averaged. Median stats: N=262, K_A=1, K_B=1, L=5, smooth=2 bins (20.0ms)
  [Panel D IV] Inverse-variance weighted (by N). N range: 26-350, sum(N)=1268, smooth=2 bins (20.0ms)
  [Panel D IV p-value] Computed for 6/6 sessions with null samples, smooth=2 bins
[summary] align=sacc, tag=evoked_peakbin_saccS_horizontal_lag50ms_20mssw_nofilter-none-trial, feature=S, pair=SFEF-SSC, monkey=S, N=6
  [smooth] 20.0ms -> 2 bins (bin_size=10.0ms)
  [Panel D] Per-session normalized, then averaged. Median stats: N=262, K_A=1, K_B=1, L=5, smooth=2 bins (20.0ms)
  [Panel D IV] Inverse-variance weighted (by N). N range: 26-350, sum(N)=1268, smooth=2 bins (20.0ms)
  [Panel D IV p-value] Computed for 6/6 sessions with null samples, smooth=2 bins
[summary] align=sacc, tag=evoked_peakbin_saccS_horizontal_lag50ms_20mssw_nofilter-none-trial, feature=S, pair=SLIP-SSC, monkey=S, N=6

[done] summary + figures completed.

[SACC] Summarizing tag: evoked_peakbin_saccS_horizontal_lag60ms_20mssw_nofilter-none-trial
[info] align=sacc, sessions=23, tags=['evoked_peakbin_saccS_horizontal_lag60ms_20mssw_nofilter-none-trial']
[tag=evoked_peakbin_saccS_horizontal_lag60ms_20mssw_nofilter-none-trial] features: ['S']

[tag=evoked_peakbin_saccS_horizontal_lag60ms_20mssw_nofilter-none-trial] align=sacc, feature=S
[qc] Using explicit QC tag: axes_peakbin_saccS-sacc-horizontal-20mssw_nofilter
  [smooth] 20.0ms -> 2 bins (bin_size=10.0ms)
  [Panel D] Per-session normalized, then averaged. Median stats: N=268, K_A=1, K_B=1, L=6, smooth=2 bins (20.0ms)
  [Panel D IV] Inverse-variance weighted (by N). N range: 242-306, sum(N)=3010, smooth=2 bins (20.0ms)
  [Panel D IV p-value] Computed for 11/11 sessions with null samples, smooth=2 bins
[summary] align=sacc, tag=evoked_peakbin_saccS_horizontal_lag60ms_20mssw_nofilter-none-trial, feature=S, pair=MFEF-MLIP, monkey=M, N=11
  [smooth] 20.0ms -> 2 bins (bin_size=10.0ms)
  [Panel D] Per-session normalized, then averaged. Median stats: N=287, K_A=1, K_B=1, L=6, smooth=2 bins (20.0ms)
  [Panel D IV] Inverse-variance weighted (by N). N range: 252-306, sum(N)=1965, smooth=2 bins (20.0ms)
  [Panel D IV p-value] Computed for 7/7 sessions with null samples, smooth=2 bins
[summary] align=sacc, tag=evoked_peakbin_saccS_horizontal_lag60ms_20mssw_nofilter-none-trial, feature=S, pair=MFEF-MSC, monkey=M, N=7
  [smooth] 20.0ms -> 2 bins (bin_size=10.0ms)
  [Panel D] Per-session normalized, then averaged. Median stats: N=287, K_A=1, K_B=1, L=6, smooth=2 bins (20.0ms)
  [Panel D IV] Inverse-variance weighted (by N). N range: 252-306, sum(N)=1965, smooth=2 bins (20.0ms)
  [Panel D IV p-value] Computed for 7/7 sessions with null samples, smooth=2 bins
[summary] align=sacc, tag=evoked_peakbin_saccS_horizontal_lag60ms_20mssw_nofilter-none-trial, feature=S, pair=MLIP-MSC, monkey=M, N=7
  [smooth] 20.0ms -> 2 bins (bin_size=10.0ms)
  [Panel D] Per-session normalized, then averaged. Median stats: N=350, K_A=1, K_B=1, L=6, smooth=2 bins (20.0ms)
  [Panel D IV] Inverse-variance weighted (by N). N range: 26-570, sum(N)=3817, smooth=2 bins (20.0ms)
  [Panel D IV p-value] Computed for 11/11 sessions with null samples, smooth=2 bins
[summary] align=sacc, tag=evoked_peakbin_saccS_horizontal_lag60ms_20mssw_nofilter-none-trial, feature=S, pair=SFEF-SLIP, monkey=S, N=11
  [smooth] 20.0ms -> 2 bins (bin_size=10.0ms)
  [Panel D] Per-session normalized, then averaged. Median stats: N=262, K_A=1, K_B=1, L=6, smooth=2 bins (20.0ms)
  [Panel D IV] Inverse-variance weighted (by N). N range: 26-350, sum(N)=1268, smooth=2 bins (20.0ms)
  [Panel D IV p-value] Computed for 6/6 sessions with null samples, smooth=2 bins
[summary] align=sacc, tag=evoked_peakbin_saccS_horizontal_lag60ms_20mssw_nofilter-none-trial, feature=S, pair=SFEF-SSC, monkey=S, N=6
  [smooth] 20.0ms -> 2 bins (bin_size=10.0ms)
  [Panel D] Per-session normalized, then averaged. Median stats: N=262, K_A=1, K_B=1, L=6, smooth=2 bins (20.0ms)
  [Panel D IV] Inverse-variance weighted (by N). N range: 26-350, sum(N)=1268, smooth=2 bins (20.0ms)
  [Panel D IV p-value] Computed for 6/6 sessions with null samples, smooth=2 bins
[summary] align=sacc, tag=evoked_peakbin_saccS_horizontal_lag60ms_20mssw_nofilter-none-trial, feature=S, pair=SLIP-SSC, monkey=S, N=6

[done] summary + figures completed.

[SACC] Summarizing tag: evoked_peakbin_saccS_horizontal_lag80ms_20mssw_nofilter-none-trial
[info] align=sacc, sessions=23, tags=['evoked_peakbin_saccS_horizontal_lag80ms_20mssw_nofilter-none-trial']
[tag=evoked_peakbin_saccS_horizontal_lag80ms_20mssw_nofilter-none-trial] features: ['S']

[tag=evoked_peakbin_saccS_horizontal_lag80ms_20mssw_nofilter-none-trial] align=sacc, feature=S
[qc] Using explicit QC tag: axes_peakbin_saccS-sacc-horizontal-20mssw_nofilter
  [smooth] 20.0ms -> 2 bins (bin_size=10.0ms)
  [Panel D] Per-session normalized, then averaged. Median stats: N=268, K_A=1, K_B=1, L=8, smooth=2 bins (20.0ms)
  [Panel D IV] Inverse-variance weighted (by N). N range: 242-306, sum(N)=3010, smooth=2 bins (20.0ms)
  [Panel D IV p-value] Computed for 11/11 sessions with null samples, smooth=2 bins
[summary] align=sacc, tag=evoked_peakbin_saccS_horizontal_lag80ms_20mssw_nofilter-none-trial, feature=S, pair=MFEF-MLIP, monkey=M, N=11
  [smooth] 20.0ms -> 2 bins (bin_size=10.0ms)
  [Panel D] Per-session normalized, then averaged. Median stats: N=287, K_A=1, K_B=1, L=8, smooth=2 bins (20.0ms)
  [Panel D IV] Inverse-variance weighted (by N). N range: 252-306, sum(N)=1965, smooth=2 bins (20.0ms)
  [Panel D IV p-value] Computed for 7/7 sessions with null samples, smooth=2 bins
[summary] align=sacc, tag=evoked_peakbin_saccS_horizontal_lag80ms_20mssw_nofilter-none-trial, feature=S, pair=MFEF-MSC, monkey=M, N=7
  [smooth] 20.0ms -> 2 bins (bin_size=10.0ms)
  [Panel D] Per-session normalized, then averaged. Median stats: N=287, K_A=1, K_B=1, L=8, smooth=2 bins (20.0ms)
  [Panel D IV] Inverse-variance weighted (by N). N range: 252-306, sum(N)=1965, smooth=2 bins (20.0ms)
  [Panel D IV p-value] Computed for 7/7 sessions with null samples, smooth=2 bins
[summary] align=sacc, tag=evoked_peakbin_saccS_horizontal_lag80ms_20mssw_nofilter-none-trial, feature=S, pair=MLIP-MSC, monkey=M, N=7
  [smooth] 20.0ms -> 2 bins (bin_size=10.0ms)
  [Panel D] Per-session normalized, then averaged. Median stats: N=350, K_A=1, K_B=1, L=8, smooth=2 bins (20.0ms)
  [Panel D IV] Inverse-variance weighted (by N). N range: 26-570, sum(N)=3817, smooth=2 bins (20.0ms)
  [Panel D IV p-value] Computed for 11/11 sessions with null samples, smooth=2 bins
[summary] align=sacc, tag=evoked_peakbin_saccS_horizontal_lag80ms_20mssw_nofilter-none-trial, feature=S, pair=SFEF-SLIP, monkey=S, N=11
  [smooth] 20.0ms -> 2 bins (bin_size=10.0ms)
  [Panel D] Per-session normalized, then averaged. Median stats: N=262, K_A=1, K_B=1, L=8, smooth=2 bins (20.0ms)
  [Panel D IV] Inverse-variance weighted (by N). N range: 26-350, sum(N)=1268, smooth=2 bins (20.0ms)
  [Panel D IV p-value] Computed for 6/6 sessions with null samples, smooth=2 bins
[summary] align=sacc, tag=evoked_peakbin_saccS_horizontal_lag80ms_20mssw_nofilter-none-trial, feature=S, pair=SFEF-SSC, monkey=S, N=6
  [smooth] 20.0ms -> 2 bins (bin_size=10.0ms)
  [Panel D] Per-session normalized, then averaged. Median stats: N=262, K_A=1, K_B=1, L=8, smooth=2 bins (20.0ms)
  [Panel D IV] Inverse-variance weighted (by N). N range: 26-350, sum(N)=1268, smooth=2 bins (20.0ms)
  [Panel D IV p-value] Computed for 6/6 sessions with null samples, smooth=2 bins
[summary] align=sacc, tag=evoked_peakbin_saccS_horizontal_lag80ms_20mssw_nofilter-none-trial, feature=S, pair=SLIP-SSC, monkey=S, N=6

[done] summary + figures completed.

============================================================
Step 5: Plot QC paper figures (nofilter)
============================================================
[config] out_root: out_nofilter
[config] stim_qc_subdir: axes_peakbin_stimCR-stim-vertical-20mssw_nofilter
[config] sacc_qc_subdir: axes_peakbin_saccS-sacc-horizontal-20mssw_nofilter
[config] suffix: '_20mssw_nofilter'
[config] smooth_ms: 20.0
[config] qc_threshold: 0.65

============================================================
Monkey M: Stim Category AUC (Summary)
============================================================
  Found 11 sessions for monkey M
  Loaded QC data from 11 sessions (after QC filter)
    20200327: ['MFEF', 'MLIP']
    20200328: ['MFEF', 'MLIP']
    20200401: ['MFEF', 'MLIP']
    20200402: ['MFEF', 'MLIP']
    20200926: ['MFEF', 'MLIP']
    20200929: ['MFEF', 'MLIP']
    20201001: ['MFEF', 'MLIP']
    20201004: ['MFEF', 'MLIP']
    20201204: ['MFEF', 'MLIP']
    20201211: ['MFEF', 'MLIP']
    20201216: ['MFEF', 'MLIP']
  Session ranking by peak auc_C:
    20201001: peak=0.997, alpha=1.00
    20201004: peak=0.993, alpha=0.93
    20201204: peak=0.985, alpha=0.86
    20201211: peak=0.983, alpha=0.79
    20200929: peak=0.982, alpha=0.72
    20200402: peak=0.980, alpha=0.65
    20200926: peak=0.968, alpha=0.58
    20201216: peak=0.968, alpha=0.51
    20200328: peak=0.967, alpha=0.44
    20200401: peak=0.952, alpha=0.37
    20200327: peak=0.747, alpha=0.30
Saved: out_nofilter/paper_figures/qc/qc_stim_category_M_20mssw_nofilter_summary.pdf
       out_nofilter/paper_figures/qc/qc_stim_category_M_20mssw_nofilter_summary.png
       out_nofilter/paper_figures/qc/qc_stim_category_M_20mssw_nofilter_summary.svg
       (11 sessions plotted)

============================================================
Monkey M: Stim Category AUC - FEF vs SC (Summary)
============================================================
    [qc-filter] 20200929/MSC: peak auc_C < 0.65, excluded
  [qc-filter] Excluded 1 session-area pairs (threshold=0.65)
  Loaded QC data from 11 sessions (FEF-SC, after QC filter)
    20200327: ['MFEF']
    20200328: ['MFEF']
    20200401: ['MFEF']
    20200402: ['MFEF']
    20200926: ['MFEF', 'MSC']
    20200929: ['MFEF']
    20201001: ['MFEF', 'MSC']
    20201004: ['MFEF', 'MSC']
    20201204: ['MFEF', 'MSC']
    20201211: ['MFEF', 'MSC']
    20201216: ['MFEF', 'MSC']
  Session ranking by peak auc_C:
    20201001: peak=0.997, alpha=1.00
    20201004: peak=0.993, alpha=0.93
    20201204: peak=0.985, alpha=0.86
    20200929: peak=0.982, alpha=0.79
    20200402: peak=0.980, alpha=0.72
    20201211: peak=0.976, alpha=0.65
    20200926: peak=0.968, alpha=0.58
    20201216: peak=0.966, alpha=0.51
    20200328: peak=0.958, alpha=0.44
    20200401: peak=0.952, alpha=0.37
    20200327: peak=0.659, alpha=0.30
Saved: out_nofilter/paper_figures/qc/qc_stim_category_M_20mssw_nofilter_FEF_SC_summary.pdf
       out_nofilter/paper_figures/qc/qc_stim_category_M_20mssw_nofilter_FEF_SC_summary.png
       out_nofilter/paper_figures/qc/qc_stim_category_M_20mssw_nofilter_FEF_SC_summary.svg
       (11 sessions plotted)

============================================================
Monkey M: Stim Category AUC - FEF-LIP-SC (Summary)
============================================================
    [qc-filter] 20200929/MSC: peak auc_C < 0.65, excluded
  [qc-filter] Excluded 1 session-area pairs (threshold=0.65)
  Loaded QC data from 11 sessions (FEF-LIP-SC, after QC filter)
    20200327: ['MFEF', 'MLIP']
    20200328: ['MFEF', 'MLIP']
    20200401: ['MFEF', 'MLIP']
    20200402: ['MFEF', 'MLIP']
    20200926: ['MFEF', 'MLIP', 'MSC']
    20200929: ['MFEF', 'MLIP']
    20201001: ['MFEF', 'MLIP', 'MSC']
    20201004: ['MFEF', 'MLIP', 'MSC']
    20201204: ['MFEF', 'MLIP', 'MSC']
    20201211: ['MFEF', 'MLIP', 'MSC']
    20201216: ['MFEF', 'MLIP', 'MSC']
  Session ranking by peak auc_C:
    20201001: peak=0.997, alpha=1.00
    20201004: peak=0.993, alpha=0.93
    20201204: peak=0.985, alpha=0.86
    20201211: peak=0.983, alpha=0.79
    20200929: peak=0.982, alpha=0.72
    20200402: peak=0.980, alpha=0.65
    20200926: peak=0.968, alpha=0.58
    20201216: peak=0.968, alpha=0.51
    20200328: peak=0.967, alpha=0.44
    20200401: peak=0.952, alpha=0.37
    20200327: peak=0.747, alpha=0.30
Saved: out_nofilter/paper_figures/qc/qc_stim_category_M_20mssw_nofilter_FEF_LIP_SC_summary.pdf
       out_nofilter/paper_figures/qc/qc_stim_category_M_20mssw_nofilter_FEF_LIP_SC_summary.png
       out_nofilter/paper_figures/qc/qc_stim_category_M_20mssw_nofilter_FEF_LIP_SC_summary.svg
       (11 sessions plotted)

============================================================
Monkey M: Saccade AUC (Summary)
============================================================
  Found 11 sessions for monkey M
  Loaded QC data from 11 sessions (after QC filter)
    20200327: ['MFEF', 'MLIP']
    20200328: ['MFEF', 'MLIP']
    20200401: ['MFEF', 'MLIP']
    20200402: ['MFEF', 'MLIP']
    20200926: ['MFEF', 'MLIP']
    20200929: ['MFEF', 'MLIP']
    20201001: ['MFEF', 'MLIP']
    20201004: ['MFEF', 'MLIP']
    20201204: ['MFEF', 'MLIP']
    20201211: ['MFEF', 'MLIP']
    20201216: ['MFEF', 'MLIP']
  Using auc_S_inv (preferred for flow analysis)
  Session ranking by peak auc_S_inv:
    20200328: peak=1.000, alpha=0.72
    20200929: peak=1.000, alpha=0.79
    20201001: peak=1.000, alpha=0.86
    20201004: peak=1.000, alpha=0.93
    20201204: peak=1.000, alpha=1.00
    20201211: peak=1.000, alpha=0.65
    20201216: peak=0.994, alpha=0.58
    20200401: peak=0.993, alpha=0.51
    20200402: peak=0.990, alpha=0.44
    20200926: peak=0.989, alpha=0.37
    20200327: peak=0.699, alpha=0.30
Saved: out_nofilter/paper_figures/qc/qc_sacc_M_20mssw_nofilter_summary.pdf
       out_nofilter/paper_figures/qc/qc_sacc_M_20mssw_nofilter_summary.png
       out_nofilter/paper_figures/qc/qc_sacc_M_20mssw_nofilter_summary.svg
       (11 sessions plotted)

============================================================
Monkey M: Saccade AUC - FEF-LIP-SC (Summary)
============================================================
  Loaded QC data from 11 sessions (FEF-LIP-SC, after QC filter)
    20200327: ['MFEF', 'MLIP']
    20200328: ['MFEF', 'MLIP']
    20200401: ['MFEF', 'MLIP']
    20200402: ['MFEF', 'MLIP']
    20200926: ['MFEF', 'MLIP', 'MSC']
    20200929: ['MFEF', 'MLIP', 'MSC']
    20201001: ['MFEF', 'MLIP', 'MSC']
    20201004: ['MFEF', 'MLIP', 'MSC']
    20201204: ['MFEF', 'MLIP', 'MSC']
    20201211: ['MFEF', 'MLIP', 'MSC']
    20201216: ['MFEF', 'MLIP', 'MSC']
  Using auc_S_inv (preferred for flow analysis)
  Session ranking by peak auc_S_inv:
    20200328: peak=1.000, alpha=0.72
    20200929: peak=1.000, alpha=0.79
    20201001: peak=1.000, alpha=0.86
    20201004: peak=1.000, alpha=0.93
    20201204: peak=1.000, alpha=1.00
    20201211: peak=1.000, alpha=0.65
    20201216: peak=0.994, alpha=0.58
    20200401: peak=0.993, alpha=0.51
    20200402: peak=0.990, alpha=0.44
    20200926: peak=0.989, alpha=0.37
    20200327: peak=0.699, alpha=0.30
Saved: out_nofilter/paper_figures/qc/qc_sacc_M_20mssw_nofilter_FEF_LIP_SC_summary.pdf
       out_nofilter/paper_figures/qc/qc_sacc_M_20mssw_nofilter_FEF_LIP_SC_summary.png
       out_nofilter/paper_figures/qc/qc_sacc_M_20mssw_nofilter_FEF_LIP_SC_summary.svg
       (11 sessions plotted)

============================================================
Monkey S: Stim Category AUC (Summary)
============================================================
  Found 12 sessions for monkey S
  Loaded QC data from 12 sessions (after QC filter)
    20230622: ['SFEF', 'SLIP']
    20230627: ['SFEF', 'SLIP']
    20230705: ['SFEF', 'SLIP']
    20230707: ['SFEF', 'SLIP']
    20230710: ['SFEF', 'SLIP']
    20231025: ['SFEF', 'SLIP']
    20231103: ['SFEF', 'SLIP']
    20231109: ['SFEF', 'SLIP']
    20231121: ['SFEF', 'SLIP']
    20231123: ['SFEF', 'SLIP']
    20231130: ['SFEF', 'SLIP']
    20231205: ['SFEF', 'SLIP']
  Session ranking by peak auc_C:
    20231103: peak=0.950, alpha=1.00
    20231205: peak=0.923, alpha=0.94
    20230627: peak=0.911, alpha=0.87
    20230705: peak=0.905, alpha=0.81
    20231123: peak=0.901, alpha=0.75
    20231109: peak=0.880, alpha=0.68
    20231121: peak=0.868, alpha=0.62
    20230707: peak=0.818, alpha=0.55
    20231130: peak=0.809, alpha=0.49
    20230622: peak=0.804, alpha=0.43
    20230710: peak=0.793, alpha=0.36
    20231025: peak=0.756, alpha=0.30
Saved: out_nofilter/paper_figures/qc/qc_stim_category_S_20mssw_nofilter_summary.pdf
       out_nofilter/paper_figures/qc/qc_stim_category_S_20mssw_nofilter_summary.png
       out_nofilter/paper_figures/qc/qc_stim_category_S_20mssw_nofilter_summary.svg
       (12 sessions plotted)

============================================================
Monkey S: Stim Category AUC - FEF vs SC (Summary)
============================================================
  Loaded QC data from 12 sessions (FEF-SC, after QC filter)
    20230622: ['SFEF']
    20230627: ['SFEF']
    20230705: ['SFEF']
    20230707: ['SFEF']
    20230710: ['SFEF']
    20231025: ['SFEF', 'SSC']
    20231103: ['SFEF', 'SSC']
    20231109: ['SFEF', 'SSC']
    20231121: ['SFEF', 'SSC']
    20231123: ['SFEF', 'SSC']
    20231130: ['SFEF', 'SSC']
    20231205: ['SFEF', 'SSC']
  Session ranking by peak auc_C:
    20231103: peak=0.950, alpha=1.00
    20231205: peak=0.923, alpha=0.94
    20230627: peak=0.911, alpha=0.87
    20231123: peak=0.901, alpha=0.81
    20231109: peak=0.880, alpha=0.75
    20231121: peak=0.868, alpha=0.68
    20231130: peak=0.822, alpha=0.62
    20230707: peak=0.818, alpha=0.55
    20230705: peak=0.815, alpha=0.49
    20230622: peak=0.804, alpha=0.43
    20231025: peak=0.764, alpha=0.36
    20230710: peak=0.737, alpha=0.30
Saved: out_nofilter/paper_figures/qc/qc_stim_category_S_20mssw_nofilter_FEF_SC_summary.pdf
       out_nofilter/paper_figures/qc/qc_stim_category_S_20mssw_nofilter_FEF_SC_summary.png
       out_nofilter/paper_figures/qc/qc_stim_category_S_20mssw_nofilter_FEF_SC_summary.svg
       (12 sessions plotted)

============================================================
Monkey S: Stim Category AUC - FEF-LIP-SC (Summary)
============================================================
  Loaded QC data from 12 sessions (FEF-LIP-SC, after QC filter)
    20230622: ['SFEF', 'SLIP']
    20230627: ['SFEF', 'SLIP']
    20230705: ['SFEF', 'SLIP']
    20230707: ['SFEF', 'SLIP']
    20230710: ['SFEF', 'SLIP']
    20231025: ['SFEF', 'SLIP', 'SSC']
    20231103: ['SFEF', 'SLIP', 'SSC']
    20231109: ['SFEF', 'SLIP', 'SSC']
    20231121: ['SFEF', 'SLIP', 'SSC']
    20231123: ['SFEF', 'SLIP', 'SSC']
    20231130: ['SFEF', 'SLIP', 'SSC']
    20231205: ['SFEF', 'SLIP', 'SSC']
  Session ranking by peak auc_C:
    20231103: peak=0.950, alpha=1.00
    20231205: peak=0.923, alpha=0.94
    20230627: peak=0.911, alpha=0.87
    20230705: peak=0.905, alpha=0.81
    20231123: peak=0.901, alpha=0.75
    20231109: peak=0.880, alpha=0.68
    20231121: peak=0.868, alpha=0.62
    20231130: peak=0.822, alpha=0.55
    20230707: peak=0.818, alpha=0.49
    20230622: peak=0.804, alpha=0.43
    20230710: peak=0.793, alpha=0.36
    20231025: peak=0.764, alpha=0.30
Saved: out_nofilter/paper_figures/qc/qc_stim_category_S_20mssw_nofilter_FEF_LIP_SC_summary.pdf
       out_nofilter/paper_figures/qc/qc_stim_category_S_20mssw_nofilter_FEF_LIP_SC_summary.png
       out_nofilter/paper_figures/qc/qc_stim_category_S_20mssw_nofilter_FEF_LIP_SC_summary.svg
       (12 sessions plotted)

============================================================
Monkey S: Saccade AUC (Summary)
============================================================
  Found 12 sessions for monkey S
    [qc-filter] 20231130/SFEF: peak auc_S_inv < 0.65, excluded
    [qc-filter] 20231130/SLIP: peak auc_S_inv < 0.65, excluded
  [qc-filter] Excluded 2 session-area pairs (threshold=0.65)
  Loaded QC data from 11 sessions (after QC filter)
    20230622: ['SFEF', 'SLIP']
    20230627: ['SFEF', 'SLIP']
    20230705: ['SFEF', 'SLIP']
    20230707: ['SFEF', 'SLIP']
    20230710: ['SFEF', 'SLIP']
    20231025: ['SFEF', 'SLIP']
    20231103: ['SFEF', 'SLIP']
    20231109: ['SFEF', 'SLIP']
    20231121: ['SFEF', 'SLIP']
    20231123: ['SFEF', 'SLIP']
    20231205: ['SFEF', 'SLIP']
  Using auc_S_inv (preferred for flow analysis)
  Session ranking by peak auc_S_inv:
    20231205: peak=1.000, alpha=1.00
    20231025: peak=0.998, alpha=0.93
    20230707: peak=0.968, alpha=0.86
    20231123: peak=0.965, alpha=0.79
    20231103: peak=0.957, alpha=0.72
    20230705: peak=0.954, alpha=0.65
    20230622: peak=0.888, alpha=0.58
    20230710: peak=0.887, alpha=0.51
    20230627: peak=0.882, alpha=0.44
    20231109: peak=0.864, alpha=0.37
    20231121: peak=0.826, alpha=0.30
Saved: out_nofilter/paper_figures/qc/qc_sacc_S_20mssw_nofilter_summary.pdf
       out_nofilter/paper_figures/qc/qc_sacc_S_20mssw_nofilter_summary.png
       out_nofilter/paper_figures/qc/qc_sacc_S_20mssw_nofilter_summary.svg
       (11 sessions plotted)

============================================================
Monkey S: Saccade AUC - FEF-LIP-SC (Summary)
============================================================
    [qc-filter] 20231130/SFEF: peak auc_S_inv < 0.65, excluded
    [qc-filter] 20231130/SLIP: peak auc_S_inv < 0.65, excluded
    [qc-filter] 20231130/SSC: peak auc_S_inv < 0.65, excluded
  [qc-filter] Excluded 3 session-area pairs (threshold=0.65)
  Loaded QC data from 11 sessions (FEF-LIP-SC, after QC filter)
    20230622: ['SFEF', 'SLIP']
    20230627: ['SFEF', 'SLIP']
    20230705: ['SFEF', 'SLIP']
    20230707: ['SFEF', 'SLIP']
    20230710: ['SFEF', 'SLIP']
    20231025: ['SFEF', 'SLIP', 'SSC']
    20231103: ['SFEF', 'SLIP', 'SSC']
    20231109: ['SFEF', 'SLIP', 'SSC']
    20231121: ['SFEF', 'SLIP', 'SSC']
    20231123: ['SFEF', 'SLIP', 'SSC']
    20231205: ['SFEF', 'SLIP', 'SSC']
  Using auc_S_inv (preferred for flow analysis)
  Session ranking by peak auc_S_inv:
    20231025: peak=1.000, alpha=0.86
    20231123: peak=1.000, alpha=0.93
    20231205: peak=1.000, alpha=1.00
    20231109: peak=0.998, alpha=0.79
    20230707: peak=0.968, alpha=0.72
    20231103: peak=0.957, alpha=0.65
    20230705: peak=0.954, alpha=0.58
    20230622: peak=0.888, alpha=0.51
    20230710: peak=0.887, alpha=0.44
    20230627: peak=0.882, alpha=0.37
    20231121: peak=0.826, alpha=0.30
Saved: out_nofilter/paper_figures/qc/qc_sacc_S_20mssw_nofilter_FEF_LIP_SC_summary.pdf
       out_nofilter/paper_figures/qc/qc_sacc_S_20mssw_nofilter_FEF_LIP_SC_summary.png
       out_nofilter/paper_figures/qc/qc_sacc_S_20mssw_nofilter_FEF_LIP_SC_summary.svg
       (11 sessions plotted)

============================================================
[done] QC paper figures (summary) completed.
============================================================

============================================================
[DONE] NOFILTER summaries complete!
============================================================
