[info] PAPER_HOME=/project/bdoiron/dracoxu/rct-fsflow/paper_project_final
[info] OUT_ROOT=/project/bdoiron/dracoxu/rct-fsflow/paper_project_final/out
[info] align=stim, sessions=23, tags=['cr-none-trial', 'crhorizTrainPooled-stim-pooled-none-circ', 'crhorizTrainPooled-stim-pooled-none-trial', 'crhorizTrainPooled-stim-pooled-zreg-circ', 'crhorizTrainPooled-stim-pooled-zreg-trial', 'crnull', 'crnull-horizontal', 'crnull-vertical', 'crsweep-horizontal-none-circ', 'crsweep-horizontal-none-trial', 'crsweep-horizontal-zreg-circ', 'crsweep-horizontal-zreg-trial', 'crsweep-none-circ', 'crsweep-none-trial', 'crsweep-pooled-none-circ', 'crsweep-pooled-none-trial', 'crsweep-pooled-zreg-circ', 'crsweep-pooled-zreg-trial', 'crsweep-stim-horizontal-none-circ', 'crsweep-stim-horizontal-none-trial', 'crsweep-stim-horizontal-zreg-circ', 'crsweep-stim-horizontal-zreg-trial', 'crsweep-stim-pooled-none-circ', 'crsweep-stim-pooled-none-trial', 'crsweep-stim-pooled-zreg-circ', 'crsweep-stim-pooled-zreg-trial', 'crsweep-stim-vertical-none-circ', 'crsweep-stim-vertical-none-trial', 'crsweep-stim-vertical-zreg-circ', 'crsweep-stim-vertical-zreg-trial', 'crsweep-vertical-none-circ', 'crsweep-vertical-none-trial', 'crsweep-vertical-zreg-circ', 'crsweep-vertical-zreg-trial', 'crsweep-zreg-circ', 'crsweep-zreg-trial', 'crvertTrain-stim-horizontal-none-trial', 'crvertTrainPooled-stim-pooled-none-circ', 'crvertTrainPooled-stim-pooled-none-trial', 'crvertTrainPooled-stim-pooled-zreg-circ', 'crvertTrainPooled-stim-pooled-zreg-trial', 'flow_v1']
[tag=cr-none-trial] features: ['C']

[tag=cr-none-trial] align=stim, feature=C
[summary] align=stim, tag=cr-none-trial, feature=C, pair=MFEF-MLIP, monkey=M, N=1
[tag=crhorizTrainPooled-stim-pooled-none-circ] features: ['C', 'R']

[tag=crhorizTrainPooled-stim-pooled-none-circ] align=stim, feature=C
[summary] align=stim, tag=crhorizTrainPooled-stim-pooled-none-circ, feature=C, pair=MFEF-MLIP, monkey=M, N=11
[summary] align=stim, tag=crhorizTrainPooled-stim-pooled-none-circ, feature=C, pair=MFEF-MSC, monkey=M, N=7
[summary] align=stim, tag=crhorizTrainPooled-stim-pooled-none-circ, feature=C, pair=MLIP-MSC, monkey=M, N=7
[summary] align=stim, tag=crhorizTrainPooled-stim-pooled-none-circ, feature=C, pair=SFEF-SLIP, monkey=S, N=10
[summary] align=stim, tag=crhorizTrainPooled-stim-pooled-none-circ, feature=C, pair=SFEF-SSC, monkey=S, N=5
[summary] align=stim, tag=crhorizTrainPooled-stim-pooled-none-circ, feature=C, pair=SLIP-SSC, monkey=S, N=5

[tag=crhorizTrainPooled-stim-pooled-none-circ] align=stim, feature=R
[summary] align=stim, tag=crhorizTrainPooled-stim-pooled-none-circ, feature=R, pair=MFEF-MLIP, monkey=M, N=11
[summary] align=stim, tag=crhorizTrainPooled-stim-pooled-none-circ, feature=R, pair=MFEF-MSC, monkey=M, N=7
[summary] align=stim, tag=crhorizTrainPooled-stim-pooled-none-circ, feature=R, pair=MLIP-MSC, monkey=M, N=7
[summary] align=stim, tag=crhorizTrainPooled-stim-pooled-none-circ, feature=R, pair=SFEF-SLIP, monkey=S, N=9
[summary] align=stim, tag=crhorizTrainPooled-stim-pooled-none-circ, feature=R, pair=SFEF-SSC, monkey=S, N=4
[summary] align=stim, tag=crhorizTrainPooled-stim-pooled-none-circ, feature=R, pair=SLIP-SSC, monkey=S, N=4
[tag=crhorizTrainPooled-stim-pooled-none-trial] features: ['C', 'R']

[tag=crhorizTrainPooled-stim-pooled-none-trial] align=stim, feature=C
[summary] align=stim, tag=crhorizTrainPooled-stim-pooled-none-trial, feature=C, pair=MFEF-MLIP, monkey=M, N=11
[summary] align=stim, tag=crhorizTrainPooled-stim-pooled-none-trial, feature=C, pair=MFEF-MSC, monkey=M, N=7
[summary] align=stim, tag=crhorizTrainPooled-stim-pooled-none-trial, feature=C, pair=MLIP-MSC, monkey=M, N=7
[summary] align=stim, tag=crhorizTrainPooled-stim-pooled-none-trial, feature=C, pair=SFEF-SLIP, monkey=S, N=10
[summary] align=stim, tag=crhorizTrainPooled-stim-pooled-none-trial, feature=C, pair=SFEF-SSC, monkey=S, N=5
[summary] align=stim, tag=crhorizTrainPooled-stim-pooled-none-trial, feature=C, pair=SLIP-SSC, monkey=S, N=5

[tag=crhorizTrainPooled-stim-pooled-none-trial] align=stim, feature=R
[summary] align=stim, tag=crhorizTrainPooled-stim-pooled-none-trial, feature=R, pair=MFEF-MLIP, monkey=M, N=11
[summary] align=stim, tag=crhorizTrainPooled-stim-pooled-none-trial, feature=R, pair=MFEF-MSC, monkey=M, N=7
[summary] align=stim, tag=crhorizTrainPooled-stim-pooled-none-trial, feature=R, pair=MLIP-MSC, monkey=M, N=7
[summary] align=stim, tag=crhorizTrainPooled-stim-pooled-none-trial, feature=R, pair=SFEF-SLIP, monkey=S, N=9
[summary] align=stim, tag=crhorizTrainPooled-stim-pooled-none-trial, feature=R, pair=SFEF-SSC, monkey=S, N=4
[summary] align=stim, tag=crhorizTrainPooled-stim-pooled-none-trial, feature=R, pair=SLIP-SSC, monkey=S, N=4
[tag=crhorizTrainPooled-stim-pooled-zreg-circ] features: ['C', 'R']

[tag=crhorizTrainPooled-stim-pooled-zreg-circ] align=stim, feature=C
[summary] align=stim, tag=crhorizTrainPooled-stim-pooled-zreg-circ, feature=C, pair=MFEF-MLIP, monkey=M, N=11
[summary] align=stim, tag=crhorizTrainPooled-stim-pooled-zreg-circ, feature=C, pair=MFEF-MSC, monkey=M, N=7
[summary] align=stim, tag=crhorizTrainPooled-stim-pooled-zreg-circ, feature=C, pair=MLIP-MSC, monkey=M, N=7
[summary] align=stim, tag=crhorizTrainPooled-stim-pooled-zreg-circ, feature=C, pair=SFEF-SLIP, monkey=S, N=10
[summary] align=stim, tag=crhorizTrainPooled-stim-pooled-zreg-circ, feature=C, pair=SFEF-SSC, monkey=S, N=5
[summary] align=stim, tag=crhorizTrainPooled-stim-pooled-zreg-circ, feature=C, pair=SLIP-SSC, monkey=S, N=5

[tag=crhorizTrainPooled-stim-pooled-zreg-circ] align=stim, feature=R
[summary] align=stim, tag=crhorizTrainPooled-stim-pooled-zreg-circ, feature=R, pair=MFEF-MLIP, monkey=M, N=11
[summary] align=stim, tag=crhorizTrainPooled-stim-pooled-zreg-circ, feature=R, pair=MFEF-MSC, monkey=M, N=7
[summary] align=stim, tag=crhorizTrainPooled-stim-pooled-zreg-circ, feature=R, pair=MLIP-MSC, monkey=M, N=7
[summary] align=stim, tag=crhorizTrainPooled-stim-pooled-zreg-circ, feature=R, pair=SFEF-SLIP, monkey=S, N=9
[summary] align=stim, tag=crhorizTrainPooled-stim-pooled-zreg-circ, feature=R, pair=SFEF-SSC, monkey=S, N=4
[summary] align=stim, tag=crhorizTrainPooled-stim-pooled-zreg-circ, feature=R, pair=SLIP-SSC, monkey=S, N=4
[tag=crhorizTrainPooled-stim-pooled-zreg-trial] features: ['C', 'R']

[tag=crhorizTrainPooled-stim-pooled-zreg-trial] align=stim, feature=C
[summary] align=stim, tag=crhorizTrainPooled-stim-pooled-zreg-trial, feature=C, pair=MFEF-MLIP, monkey=M, N=11
[summary] align=stim, tag=crhorizTrainPooled-stim-pooled-zreg-trial, feature=C, pair=MFEF-MSC, monkey=M, N=7
[summary] align=stim, tag=crhorizTrainPooled-stim-pooled-zreg-trial, feature=C, pair=MLIP-MSC, monkey=M, N=7
[summary] align=stim, tag=crhorizTrainPooled-stim-pooled-zreg-trial, feature=C, pair=SFEF-SLIP, monkey=S, N=10
[summary] align=stim, tag=crhorizTrainPooled-stim-pooled-zreg-trial, feature=C, pair=SFEF-SSC, monkey=S, N=5
[summary] align=stim, tag=crhorizTrainPooled-stim-pooled-zreg-trial, feature=C, pair=SLIP-SSC, monkey=S, N=5

[tag=crhorizTrainPooled-stim-pooled-zreg-trial] align=stim, feature=R
[summary] align=stim, tag=crhorizTrainPooled-stim-pooled-zreg-trial, feature=R, pair=MFEF-MLIP, monkey=M, N=11
[summary] align=stim, tag=crhorizTrainPooled-stim-pooled-zreg-trial, feature=R, pair=MFEF-MSC, monkey=M, N=7
[summary] align=stim, tag=crhorizTrainPooled-stim-pooled-zreg-trial, feature=R, pair=MLIP-MSC, monkey=M, N=7
[summary] align=stim, tag=crhorizTrainPooled-stim-pooled-zreg-trial, feature=R, pair=SFEF-SLIP, monkey=S, N=9
[summary] align=stim, tag=crhorizTrainPooled-stim-pooled-zreg-trial, feature=R, pair=SFEF-SSC, monkey=S, N=4
[summary] align=stim, tag=crhorizTrainPooled-stim-pooled-zreg-trial, feature=R, pair=SLIP-SSC, monkey=S, N=4
[tag=crnull] features: ['C', 'R']

[tag=crnull] align=stim, feature=C
[summary] align=stim, tag=crnull, feature=C, pair=MFEF-MLIP, monkey=M, N=11
[summary] align=stim, tag=crnull, feature=C, pair=MFEF-MSC, monkey=M, N=7
[summary] align=stim, tag=crnull, feature=C, pair=MLIP-MSC, monkey=M, N=7
[summary] align=stim, tag=crnull, feature=C, pair=SFEF-SLIP, monkey=S, N=12
[summary] align=stim, tag=crnull, feature=C, pair=SFEF-SSC, monkey=S, N=7
[summary] align=stim, tag=crnull, feature=C, pair=SLIP-SSC, monkey=S, N=7

[tag=crnull] align=stim, feature=R
[summary] align=stim, tag=crnull, feature=R, pair=MFEF-MLIP, monkey=M, N=11
[summary] align=stim, tag=crnull, feature=R, pair=MFEF-MSC, monkey=M, N=7
[summary] align=stim, tag=crnull, feature=R, pair=MLIP-MSC, monkey=M, N=7
[summary] align=stim, tag=crnull, feature=R, pair=SFEF-SLIP, monkey=S, N=12
[summary] align=stim, tag=crnull, feature=R, pair=SFEF-SSC, monkey=S, N=7
[summary] align=stim, tag=crnull, feature=R, pair=SLIP-SSC, monkey=S, N=7
[tag=crnull-horizontal] features: ['C', 'R']

[tag=crnull-horizontal] align=stim, feature=C
[summary] align=stim, tag=crnull-horizontal, feature=C, pair=MFEF-MLIP, monkey=M, N=11
[summary] align=stim, tag=crnull-horizontal, feature=C, pair=MFEF-MSC, monkey=M, N=7
[summary] align=stim, tag=crnull-horizontal, feature=C, pair=MLIP-MSC, monkey=M, N=7
[summary] align=stim, tag=crnull-horizontal, feature=C, pair=SFEF-SLIP, monkey=S, N=6
[summary] align=stim, tag=crnull-horizontal, feature=C, pair=SFEF-SSC, monkey=S, N=1
[summary] align=stim, tag=crnull-horizontal, feature=C, pair=SLIP-SSC, monkey=S, N=1

[tag=crnull-horizontal] align=stim, feature=R
[summary] align=stim, tag=crnull-horizontal, feature=R, pair=MFEF-MLIP, monkey=M, N=11
[summary] align=stim, tag=crnull-horizontal, feature=R, pair=MFEF-MSC, monkey=M, N=7
[summary] align=stim, tag=crnull-horizontal, feature=R, pair=MLIP-MSC, monkey=M, N=7
[summary] align=stim, tag=crnull-horizontal, feature=R, pair=SFEF-SLIP, monkey=S, N=6
[summary] align=stim, tag=crnull-horizontal, feature=R, pair=SFEF-SSC, monkey=S, N=1
[summary] align=stim, tag=crnull-horizontal, feature=R, pair=SLIP-SSC, monkey=S, N=1
[tag=crnull-vertical] features: ['C', 'R']

[tag=crnull-vertical] align=stim, feature=C
[summary] align=stim, tag=crnull-vertical, feature=C, pair=MFEF-MLIP, monkey=M, N=11
[summary] align=stim, tag=crnull-vertical, feature=C, pair=MFEF-MSC, monkey=M, N=7
[summary] align=stim, tag=crnull-vertical, feature=C, pair=MLIP-MSC, monkey=M, N=7
[summary] align=stim, tag=crnull-vertical, feature=C, pair=SFEF-SLIP, monkey=S, N=12
[summary] align=stim, tag=crnull-vertical, feature=C, pair=SFEF-SSC, monkey=S, N=7
[summary] align=stim, tag=crnull-vertical, feature=C, pair=SLIP-SSC, monkey=S, N=7

[tag=crnull-vertical] align=stim, feature=R
[summary] align=stim, tag=crnull-vertical, feature=R, pair=MFEF-MLIP, monkey=M, N=11
[summary] align=stim, tag=crnull-vertical, feature=R, pair=MFEF-MSC, monkey=M, N=7
[summary] align=stim, tag=crnull-vertical, feature=R, pair=MLIP-MSC, monkey=M, N=7
[summary] align=stim, tag=crnull-vertical, feature=R, pair=SFEF-SLIP, monkey=S, N=12
[summary] align=stim, tag=crnull-vertical, feature=R, pair=SFEF-SSC, monkey=S, N=7
[summary] align=stim, tag=crnull-vertical, feature=R, pair=SLIP-SSC, monkey=S, N=7
[tag=crsweep-horizontal-none-circ] features: ['C']

[tag=crsweep-horizontal-none-circ] align=stim, feature=C
[summary] align=stim, tag=crsweep-horizontal-none-circ, feature=C, pair=MFEF-MLIP, monkey=M, N=1
[summary] align=stim, tag=crsweep-horizontal-none-circ, feature=C, pair=MFEF-MSC, monkey=M, N=1
[summary] align=stim, tag=crsweep-horizontal-none-circ, feature=C, pair=MLIP-MSC, monkey=M, N=1
[tag=crsweep-horizontal-none-trial] features: ['C']

[tag=crsweep-horizontal-none-trial] align=stim, feature=C
[summary] align=stim, tag=crsweep-horizontal-none-trial, feature=C, pair=MFEF-MLIP, monkey=M, N=1
[summary] align=stim, tag=crsweep-horizontal-none-trial, feature=C, pair=MFEF-MSC, monkey=M, N=1
[summary] align=stim, tag=crsweep-horizontal-none-trial, feature=C, pair=MLIP-MSC, monkey=M, N=1
[tag=crsweep-horizontal-zreg-circ] features: ['C']

[tag=crsweep-horizontal-zreg-circ] align=stim, feature=C
[summary] align=stim, tag=crsweep-horizontal-zreg-circ, feature=C, pair=MFEF-MLIP, monkey=M, N=1
[summary] align=stim, tag=crsweep-horizontal-zreg-circ, feature=C, pair=MFEF-MSC, monkey=M, N=1
[summary] align=stim, tag=crsweep-horizontal-zreg-circ, feature=C, pair=MLIP-MSC, monkey=M, N=1
[tag=crsweep-horizontal-zreg-trial] features: ['C']

[tag=crsweep-horizontal-zreg-trial] align=stim, feature=C
[summary] align=stim, tag=crsweep-horizontal-zreg-trial, feature=C, pair=MFEF-MLIP, monkey=M, N=1
[summary] align=stim, tag=crsweep-horizontal-zreg-trial, feature=C, pair=MFEF-MSC, monkey=M, N=1
[summary] align=stim, tag=crsweep-horizontal-zreg-trial, feature=C, pair=MLIP-MSC, monkey=M, N=1
[tag=crsweep-none-circ] features: ['C']

[tag=crsweep-none-circ] align=stim, feature=C
[summary] align=stim, tag=crsweep-none-circ, feature=C, pair=MFEF-MLIP, monkey=M, N=1
[summary] align=stim, tag=crsweep-none-circ, feature=C, pair=MFEF-MSC, monkey=M, N=1
[summary] align=stim, tag=crsweep-none-circ, feature=C, pair=MLIP-MSC, monkey=M, N=1
[tag=crsweep-none-trial] features: ['C']

[tag=crsweep-none-trial] align=stim, feature=C
[summary] align=stim, tag=crsweep-none-trial, feature=C, pair=MFEF-MLIP, monkey=M, N=1
[summary] align=stim, tag=crsweep-none-trial, feature=C, pair=MFEF-MSC, monkey=M, N=1
[summary] align=stim, tag=crsweep-none-trial, feature=C, pair=MLIP-MSC, monkey=M, N=1
[tag=crsweep-pooled-none-circ] features: ['C']

[tag=crsweep-pooled-none-circ] align=stim, feature=C
[summary] align=stim, tag=crsweep-pooled-none-circ, feature=C, pair=MFEF-MLIP, monkey=M, N=1
[summary] align=stim, tag=crsweep-pooled-none-circ, feature=C, pair=MFEF-MSC, monkey=M, N=1
[summary] align=stim, tag=crsweep-pooled-none-circ, feature=C, pair=MLIP-MSC, monkey=M, N=1
[tag=crsweep-pooled-none-trial] features: ['C']

[tag=crsweep-pooled-none-trial] align=stim, feature=C
[summary] align=stim, tag=crsweep-pooled-none-trial, feature=C, pair=MFEF-MLIP, monkey=M, N=1
[summary] align=stim, tag=crsweep-pooled-none-trial, feature=C, pair=MFEF-MSC, monkey=M, N=1
[summary] align=stim, tag=crsweep-pooled-none-trial, feature=C, pair=MLIP-MSC, monkey=M, N=1
[tag=crsweep-pooled-zreg-circ] features: ['C']

[tag=crsweep-pooled-zreg-circ] align=stim, feature=C
[summary] align=stim, tag=crsweep-pooled-zreg-circ, feature=C, pair=MFEF-MLIP, monkey=M, N=1
[summary] align=stim, tag=crsweep-pooled-zreg-circ, feature=C, pair=MFEF-MSC, monkey=M, N=1
[summary] align=stim, tag=crsweep-pooled-zreg-circ, feature=C, pair=MLIP-MSC, monkey=M, N=1
[tag=crsweep-pooled-zreg-trial] features: ['C']

[tag=crsweep-pooled-zreg-trial] align=stim, feature=C
[summary] align=stim, tag=crsweep-pooled-zreg-trial, feature=C, pair=MFEF-MLIP, monkey=M, N=1
[summary] align=stim, tag=crsweep-pooled-zreg-trial, feature=C, pair=MFEF-MSC, monkey=M, N=1
[summary] align=stim, tag=crsweep-pooled-zreg-trial, feature=C, pair=MLIP-MSC, monkey=M, N=1
[tag=crsweep-stim-horizontal-none-circ] features: ['C', 'O', 'R']

[tag=crsweep-stim-horizontal-none-circ] align=stim, feature=C
[summary] align=stim, tag=crsweep-stim-horizontal-none-circ, feature=C, pair=MFEF-MLIP, monkey=M, N=11
[summary] align=stim, tag=crsweep-stim-horizontal-none-circ, feature=C, pair=MFEF-MSC, monkey=M, N=7
[summary] align=stim, tag=crsweep-stim-horizontal-none-circ, feature=C, pair=MLIP-MSC, monkey=M, N=7
[summary] align=stim, tag=crsweep-stim-horizontal-none-circ, feature=C, pair=SFEF-SLIP, monkey=S, N=10
[summary] align=stim, tag=crsweep-stim-horizontal-none-circ, feature=C, pair=SFEF-SSC, monkey=S, N=5
[summary] align=stim, tag=crsweep-stim-horizontal-none-circ, feature=C, pair=SLIP-SSC, monkey=S, N=5

[tag=crsweep-stim-horizontal-none-circ] align=stim, feature=O

[tag=crsweep-stim-horizontal-none-circ] align=stim, feature=R
[summary] align=stim, tag=crsweep-stim-horizontal-none-circ, feature=R, pair=MFEF-MLIP, monkey=M, N=11
[summary] align=stim, tag=crsweep-stim-horizontal-none-circ, feature=R, pair=MFEF-MSC, monkey=M, N=7
[summary] align=stim, tag=crsweep-stim-horizontal-none-circ, feature=R, pair=MLIP-MSC, monkey=M, N=7
[summary] align=stim, tag=crsweep-stim-horizontal-none-circ, feature=R, pair=SFEF-SLIP, monkey=S, N=9
[summary] align=stim, tag=crsweep-stim-horizontal-none-circ, feature=R, pair=SFEF-SSC, monkey=S, N=4
[summary] align=stim, tag=crsweep-stim-horizontal-none-circ, feature=R, pair=SLIP-SSC, monkey=S, N=4
[tag=crsweep-stim-horizontal-none-trial] features: ['C', 'O', 'R']

[tag=crsweep-stim-horizontal-none-trial] align=stim, feature=C
[summary] align=stim, tag=crsweep-stim-horizontal-none-trial, feature=C, pair=MFEF-MLIP, monkey=M, N=11
[summary] align=stim, tag=crsweep-stim-horizontal-none-trial, feature=C, pair=MFEF-MSC, monkey=M, N=7
[summary] align=stim, tag=crsweep-stim-horizontal-none-trial, feature=C, pair=MLIP-MSC, monkey=M, N=7
[summary] align=stim, tag=crsweep-stim-horizontal-none-trial, feature=C, pair=SFEF-SLIP, monkey=S, N=10
[summary] align=stim, tag=crsweep-stim-horizontal-none-trial, feature=C, pair=SFEF-SSC, monkey=S, N=5
[summary] align=stim, tag=crsweep-stim-horizontal-none-trial, feature=C, pair=SLIP-SSC, monkey=S, N=5

[tag=crsweep-stim-horizontal-none-trial] align=stim, feature=O

[tag=crsweep-stim-horizontal-none-trial] align=stim, feature=R
[summary] align=stim, tag=crsweep-stim-horizontal-none-trial, feature=R, pair=MFEF-MLIP, monkey=M, N=11
[summary] align=stim, tag=crsweep-stim-horizontal-none-trial, feature=R, pair=MFEF-MSC, monkey=M, N=7
[summary] align=stim, tag=crsweep-stim-horizontal-none-trial, feature=R, pair=MLIP-MSC, monkey=M, N=7
[summary] align=stim, tag=crsweep-stim-horizontal-none-trial, feature=R, pair=SFEF-SLIP, monkey=S, N=9
[summary] align=stim, tag=crsweep-stim-horizontal-none-trial, feature=R, pair=SFEF-SSC, monkey=S, N=4
[summary] align=stim, tag=crsweep-stim-horizontal-none-trial, feature=R, pair=SLIP-SSC, monkey=S, N=4
[tag=crsweep-stim-horizontal-zreg-circ] features: ['C', 'O', 'R']

[tag=crsweep-stim-horizontal-zreg-circ] align=stim, feature=C
[summary] align=stim, tag=crsweep-stim-horizontal-zreg-circ, feature=C, pair=MFEF-MLIP, monkey=M, N=11
[summary] align=stim, tag=crsweep-stim-horizontal-zreg-circ, feature=C, pair=MFEF-MSC, monkey=M, N=7
[summary] align=stim, tag=crsweep-stim-horizontal-zreg-circ, feature=C, pair=MLIP-MSC, monkey=M, N=7
[summary] align=stim, tag=crsweep-stim-horizontal-zreg-circ, feature=C, pair=SFEF-SLIP, monkey=S, N=10
[summary] align=stim, tag=crsweep-stim-horizontal-zreg-circ, feature=C, pair=SFEF-SSC, monkey=S, N=5
[summary] align=stim, tag=crsweep-stim-horizontal-zreg-circ, feature=C, pair=SLIP-SSC, monkey=S, N=5

[tag=crsweep-stim-horizontal-zreg-circ] align=stim, feature=O

[tag=crsweep-stim-horizontal-zreg-circ] align=stim, feature=R
[summary] align=stim, tag=crsweep-stim-horizontal-zreg-circ, feature=R, pair=MFEF-MLIP, monkey=M, N=11
[summary] align=stim, tag=crsweep-stim-horizontal-zreg-circ, feature=R, pair=MFEF-MSC, monkey=M, N=7
[summary] align=stim, tag=crsweep-stim-horizontal-zreg-circ, feature=R, pair=MLIP-MSC, monkey=M, N=7
[summary] align=stim, tag=crsweep-stim-horizontal-zreg-circ, feature=R, pair=SFEF-SLIP, monkey=S, N=9
[summary] align=stim, tag=crsweep-stim-horizontal-zreg-circ, feature=R, pair=SFEF-SSC, monkey=S, N=4
[summary] align=stim, tag=crsweep-stim-horizontal-zreg-circ, feature=R, pair=SLIP-SSC, monkey=S, N=4
[tag=crsweep-stim-horizontal-zreg-trial] features: ['C', 'O', 'R']

[tag=crsweep-stim-horizontal-zreg-trial] align=stim, feature=C
[summary] align=stim, tag=crsweep-stim-horizontal-zreg-trial, feature=C, pair=MFEF-MLIP, monkey=M, N=11
[summary] align=stim, tag=crsweep-stim-horizontal-zreg-trial, feature=C, pair=MFEF-MSC, monkey=M, N=7
[summary] align=stim, tag=crsweep-stim-horizontal-zreg-trial, feature=C, pair=MLIP-MSC, monkey=M, N=7
[summary] align=stim, tag=crsweep-stim-horizontal-zreg-trial, feature=C, pair=SFEF-SLIP, monkey=S, N=10
[summary] align=stim, tag=crsweep-stim-horizontal-zreg-trial, feature=C, pair=SFEF-SSC, monkey=S, N=5
[summary] align=stim, tag=crsweep-stim-horizontal-zreg-trial, feature=C, pair=SLIP-SSC, monkey=S, N=5

[tag=crsweep-stim-horizontal-zreg-trial] align=stim, feature=O

[tag=crsweep-stim-horizontal-zreg-trial] align=stim, feature=R
[summary] align=stim, tag=crsweep-stim-horizontal-zreg-trial, feature=R, pair=MFEF-MLIP, monkey=M, N=11
[summary] align=stim, tag=crsweep-stim-horizontal-zreg-trial, feature=R, pair=MFEF-MSC, monkey=M, N=7
[summary] align=stim, tag=crsweep-stim-horizontal-zreg-trial, feature=R, pair=MLIP-MSC, monkey=M, N=7
[summary] align=stim, tag=crsweep-stim-horizontal-zreg-trial, feature=R, pair=SFEF-SLIP, monkey=S, N=9
[summary] align=stim, tag=crsweep-stim-horizontal-zreg-trial, feature=R, pair=SFEF-SSC, monkey=S, N=4
[summary] align=stim, tag=crsweep-stim-horizontal-zreg-trial, feature=R, pair=SLIP-SSC, monkey=S, N=4
[tag=crsweep-stim-pooled-none-circ] features: ['C', 'O', 'R']

[tag=crsweep-stim-pooled-none-circ] align=stim, feature=C
[summary] align=stim, tag=crsweep-stim-pooled-none-circ, feature=C, pair=MFEF-MLIP, monkey=M, N=11
[summary] align=stim, tag=crsweep-stim-pooled-none-circ, feature=C, pair=MFEF-MSC, monkey=M, N=7
[summary] align=stim, tag=crsweep-stim-pooled-none-circ, feature=C, pair=MLIP-MSC, monkey=M, N=7
[summary] align=stim, tag=crsweep-stim-pooled-none-circ, feature=C, pair=SFEF-SLIP, monkey=S, N=11
[summary] align=stim, tag=crsweep-stim-pooled-none-circ, feature=C, pair=SFEF-SSC, monkey=S, N=6
[summary] align=stim, tag=crsweep-stim-pooled-none-circ, feature=C, pair=SLIP-SSC, monkey=S, N=6

[tag=crsweep-stim-pooled-none-circ] align=stim, feature=O
[summary] align=stim, tag=crsweep-stim-pooled-none-circ, feature=O, pair=MFEF-MLIP, monkey=M, N=11
[summary] align=stim, tag=crsweep-stim-pooled-none-circ, feature=O, pair=MFEF-MSC, monkey=M, N=7
[summary] align=stim, tag=crsweep-stim-pooled-none-circ, feature=O, pair=MLIP-MSC, monkey=M, N=7
[summary] align=stim, tag=crsweep-stim-pooled-none-circ, feature=O, pair=SFEF-SLIP, monkey=S, N=11
[summary] align=stim, tag=crsweep-stim-pooled-none-circ, feature=O, pair=SFEF-SSC, monkey=S, N=6
[summary] align=stim, tag=crsweep-stim-pooled-none-circ, feature=O, pair=SLIP-SSC, monkey=S, N=6

[tag=crsweep-stim-pooled-none-circ] align=stim, feature=R
[summary] align=stim, tag=crsweep-stim-pooled-none-circ, feature=R, pair=MFEF-MLIP, monkey=M, N=11
[summary] align=stim, tag=crsweep-stim-pooled-none-circ, feature=R, pair=MFEF-MSC, monkey=M, N=7
[summary] align=stim, tag=crsweep-stim-pooled-none-circ, feature=R, pair=MLIP-MSC, monkey=M, N=7
[summary] align=stim, tag=crsweep-stim-pooled-none-circ, feature=R, pair=SFEF-SLIP, monkey=S, N=11
[summary] align=stim, tag=crsweep-stim-pooled-none-circ, feature=R, pair=SFEF-SSC, monkey=S, N=6
[summary] align=stim, tag=crsweep-stim-pooled-none-circ, feature=R, pair=SLIP-SSC, monkey=S, N=6
[tag=crsweep-stim-pooled-none-trial] features: ['C', 'O', 'R']

[tag=crsweep-stim-pooled-none-trial] align=stim, feature=C
[summary] align=stim, tag=crsweep-stim-pooled-none-trial, feature=C, pair=MFEF-MLIP, monkey=M, N=11
[summary] align=stim, tag=crsweep-stim-pooled-none-trial, feature=C, pair=MFEF-MSC, monkey=M, N=7
[summary] align=stim, tag=crsweep-stim-pooled-none-trial, feature=C, pair=MLIP-MSC, monkey=M, N=7
[summary] align=stim, tag=crsweep-stim-pooled-none-trial, feature=C, pair=SFEF-SLIP, monkey=S, N=11
[summary] align=stim, tag=crsweep-stim-pooled-none-trial, feature=C, pair=SFEF-SSC, monkey=S, N=6
[summary] align=stim, tag=crsweep-stim-pooled-none-trial, feature=C, pair=SLIP-SSC, monkey=S, N=6

[tag=crsweep-stim-pooled-none-trial] align=stim, feature=O
[summary] align=stim, tag=crsweep-stim-pooled-none-trial, feature=O, pair=MFEF-MLIP, monkey=M, N=11
[summary] align=stim, tag=crsweep-stim-pooled-none-trial, feature=O, pair=MFEF-MSC, monkey=M, N=7
[summary] align=stim, tag=crsweep-stim-pooled-none-trial, feature=O, pair=MLIP-MSC, monkey=M, N=7
[summary] align=stim, tag=crsweep-stim-pooled-none-trial, feature=O, pair=SFEF-SLIP, monkey=S, N=11
[summary] align=stim, tag=crsweep-stim-pooled-none-trial, feature=O, pair=SFEF-SSC, monkey=S, N=6
[summary] align=stim, tag=crsweep-stim-pooled-none-trial, feature=O, pair=SLIP-SSC, monkey=S, N=6

[tag=crsweep-stim-pooled-none-trial] align=stim, feature=R
[summary] align=stim, tag=crsweep-stim-pooled-none-trial, feature=R, pair=MFEF-MLIP, monkey=M, N=11
[summary] align=stim, tag=crsweep-stim-pooled-none-trial, feature=R, pair=MFEF-MSC, monkey=M, N=7
[summary] align=stim, tag=crsweep-stim-pooled-none-trial, feature=R, pair=MLIP-MSC, monkey=M, N=7
[summary] align=stim, tag=crsweep-stim-pooled-none-trial, feature=R, pair=SFEF-SLIP, monkey=S, N=11
[summary] align=stim, tag=crsweep-stim-pooled-none-trial, feature=R, pair=SFEF-SSC, monkey=S, N=6
[summary] align=stim, tag=crsweep-stim-pooled-none-trial, feature=R, pair=SLIP-SSC, monkey=S, N=6
[tag=crsweep-stim-pooled-zreg-circ] features: ['C', 'O', 'R']

[tag=crsweep-stim-pooled-zreg-circ] align=stim, feature=C
[summary] align=stim, tag=crsweep-stim-pooled-zreg-circ, feature=C, pair=MFEF-MLIP, monkey=M, N=11
[summary] align=stim, tag=crsweep-stim-pooled-zreg-circ, feature=C, pair=MFEF-MSC, monkey=M, N=7
[summary] align=stim, tag=crsweep-stim-pooled-zreg-circ, feature=C, pair=MLIP-MSC, monkey=M, N=7
[summary] align=stim, tag=crsweep-stim-pooled-zreg-circ, feature=C, pair=SFEF-SLIP, monkey=S, N=11
[summary] align=stim, tag=crsweep-stim-pooled-zreg-circ, feature=C, pair=SFEF-SSC, monkey=S, N=6
[summary] align=stim, tag=crsweep-stim-pooled-zreg-circ, feature=C, pair=SLIP-SSC, monkey=S, N=6

[tag=crsweep-stim-pooled-zreg-circ] align=stim, feature=O
[summary] align=stim, tag=crsweep-stim-pooled-zreg-circ, feature=O, pair=MFEF-MLIP, monkey=M, N=11
[summary] align=stim, tag=crsweep-stim-pooled-zreg-circ, feature=O, pair=MFEF-MSC, monkey=M, N=7
[summary] align=stim, tag=crsweep-stim-pooled-zreg-circ, feature=O, pair=MLIP-MSC, monkey=M, N=7
[summary] align=stim, tag=crsweep-stim-pooled-zreg-circ, feature=O, pair=SFEF-SLIP, monkey=S, N=11
[summary] align=stim, tag=crsweep-stim-pooled-zreg-circ, feature=O, pair=SFEF-SSC, monkey=S, N=6
[summary] align=stim, tag=crsweep-stim-pooled-zreg-circ, feature=O, pair=SLIP-SSC, monkey=S, N=6

[tag=crsweep-stim-pooled-zreg-circ] align=stim, feature=R
[summary] align=stim, tag=crsweep-stim-pooled-zreg-circ, feature=R, pair=MFEF-MLIP, monkey=M, N=11
[summary] align=stim, tag=crsweep-stim-pooled-zreg-circ, feature=R, pair=MFEF-MSC, monkey=M, N=7
[summary] align=stim, tag=crsweep-stim-pooled-zreg-circ, feature=R, pair=MLIP-MSC, monkey=M, N=7
[summary] align=stim, tag=crsweep-stim-pooled-zreg-circ, feature=R, pair=SFEF-SLIP, monkey=S, N=11
[summary] align=stim, tag=crsweep-stim-pooled-zreg-circ, feature=R, pair=SFEF-SSC, monkey=S, N=6
[summary] align=stim, tag=crsweep-stim-pooled-zreg-circ, feature=R, pair=SLIP-SSC, monkey=S, N=6
[tag=crsweep-stim-pooled-zreg-trial] features: ['C', 'O', 'R']

[tag=crsweep-stim-pooled-zreg-trial] align=stim, feature=C
[summary] align=stim, tag=crsweep-stim-pooled-zreg-trial, feature=C, pair=MFEF-MLIP, monkey=M, N=11
[summary] align=stim, tag=crsweep-stim-pooled-zreg-trial, feature=C, pair=MFEF-MSC, monkey=M, N=7
[summary] align=stim, tag=crsweep-stim-pooled-zreg-trial, feature=C, pair=MLIP-MSC, monkey=M, N=7
[summary] align=stim, tag=crsweep-stim-pooled-zreg-trial, feature=C, pair=SFEF-SLIP, monkey=S, N=11
[summary] align=stim, tag=crsweep-stim-pooled-zreg-trial, feature=C, pair=SFEF-SSC, monkey=S, N=6
[summary] align=stim, tag=crsweep-stim-pooled-zreg-trial, feature=C, pair=SLIP-SSC, monkey=S, N=6

[tag=crsweep-stim-pooled-zreg-trial] align=stim, feature=O
[summary] align=stim, tag=crsweep-stim-pooled-zreg-trial, feature=O, pair=MFEF-MLIP, monkey=M, N=11
[summary] align=stim, tag=crsweep-stim-pooled-zreg-trial, feature=O, pair=MFEF-MSC, monkey=M, N=7
[summary] align=stim, tag=crsweep-stim-pooled-zreg-trial, feature=O, pair=MLIP-MSC, monkey=M, N=7
[summary] align=stim, tag=crsweep-stim-pooled-zreg-trial, feature=O, pair=SFEF-SLIP, monkey=S, N=11
[summary] align=stim, tag=crsweep-stim-pooled-zreg-trial, feature=O, pair=SFEF-SSC, monkey=S, N=6
[summary] align=stim, tag=crsweep-stim-pooled-zreg-trial, feature=O, pair=SLIP-SSC, monkey=S, N=6

[tag=crsweep-stim-pooled-zreg-trial] align=stim, feature=R
[summary] align=stim, tag=crsweep-stim-pooled-zreg-trial, feature=R, pair=MFEF-MLIP, monkey=M, N=11
[summary] align=stim, tag=crsweep-stim-pooled-zreg-trial, feature=R, pair=MFEF-MSC, monkey=M, N=7
[summary] align=stim, tag=crsweep-stim-pooled-zreg-trial, feature=R, pair=MLIP-MSC, monkey=M, N=7
[summary] align=stim, tag=crsweep-stim-pooled-zreg-trial, feature=R, pair=SFEF-SLIP, monkey=S, N=11
[summary] align=stim, tag=crsweep-stim-pooled-zreg-trial, feature=R, pair=SFEF-SSC, monkey=S, N=6
[summary] align=stim, tag=crsweep-stim-pooled-zreg-trial, feature=R, pair=SLIP-SSC, monkey=S, N=6
[tag=crsweep-stim-vertical-none-circ] features: ['C', 'O', 'R']

[tag=crsweep-stim-vertical-none-circ] align=stim, feature=C
[summary] align=stim, tag=crsweep-stim-vertical-none-circ, feature=C, pair=MFEF-MLIP, monkey=M, N=11
[summary] align=stim, tag=crsweep-stim-vertical-none-circ, feature=C, pair=MFEF-MSC, monkey=M, N=7
[summary] align=stim, tag=crsweep-stim-vertical-none-circ, feature=C, pair=MLIP-MSC, monkey=M, N=7
[summary] align=stim, tag=crsweep-stim-vertical-none-circ, feature=C, pair=SFEF-SLIP, monkey=S, N=12
[summary] align=stim, tag=crsweep-stim-vertical-none-circ, feature=C, pair=SFEF-SSC, monkey=S, N=7
[summary] align=stim, tag=crsweep-stim-vertical-none-circ, feature=C, pair=SLIP-SSC, monkey=S, N=7

[tag=crsweep-stim-vertical-none-circ] align=stim, feature=O

[tag=crsweep-stim-vertical-none-circ] align=stim, feature=R
[summary] align=stim, tag=crsweep-stim-vertical-none-circ, feature=R, pair=MFEF-MLIP, monkey=M, N=11
[summary] align=stim, tag=crsweep-stim-vertical-none-circ, feature=R, pair=MFEF-MSC, monkey=M, N=7
[summary] align=stim, tag=crsweep-stim-vertical-none-circ, feature=R, pair=MLIP-MSC, monkey=M, N=7
[summary] align=stim, tag=crsweep-stim-vertical-none-circ, feature=R, pair=SFEF-SLIP, monkey=S, N=12
[summary] align=stim, tag=crsweep-stim-vertical-none-circ, feature=R, pair=SFEF-SSC, monkey=S, N=7
[summary] align=stim, tag=crsweep-stim-vertical-none-circ, feature=R, pair=SLIP-SSC, monkey=S, N=7
[tag=crsweep-stim-vertical-none-trial] features: ['C', 'O', 'R']

[tag=crsweep-stim-vertical-none-trial] align=stim, feature=C
[summary] align=stim, tag=crsweep-stim-vertical-none-trial, feature=C, pair=MFEF-MLIP, monkey=M, N=11
[summary] align=stim, tag=crsweep-stim-vertical-none-trial, feature=C, pair=MFEF-MSC, monkey=M, N=7
[summary] align=stim, tag=crsweep-stim-vertical-none-trial, feature=C, pair=MLIP-MSC, monkey=M, N=7
[summary] align=stim, tag=crsweep-stim-vertical-none-trial, feature=C, pair=SFEF-SLIP, monkey=S, N=12
[summary] align=stim, tag=crsweep-stim-vertical-none-trial, feature=C, pair=SFEF-SSC, monkey=S, N=7
[summary] align=stim, tag=crsweep-stim-vertical-none-trial, feature=C, pair=SLIP-SSC, monkey=S, N=7

[tag=crsweep-stim-vertical-none-trial] align=stim, feature=O

[tag=crsweep-stim-vertical-none-trial] align=stim, feature=R
[summary] align=stim, tag=crsweep-stim-vertical-none-trial, feature=R, pair=MFEF-MLIP, monkey=M, N=11
[summary] align=stim, tag=crsweep-stim-vertical-none-trial, feature=R, pair=MFEF-MSC, monkey=M, N=7
[summary] align=stim, tag=crsweep-stim-vertical-none-trial, feature=R, pair=MLIP-MSC, monkey=M, N=7
[summary] align=stim, tag=crsweep-stim-vertical-none-trial, feature=R, pair=SFEF-SLIP, monkey=S, N=12
[summary] align=stim, tag=crsweep-stim-vertical-none-trial, feature=R, pair=SFEF-SSC, monkey=S, N=7
[summary] align=stim, tag=crsweep-stim-vertical-none-trial, feature=R, pair=SLIP-SSC, monkey=S, N=7
[tag=crsweep-stim-vertical-zreg-circ] features: ['C', 'O', 'R']

[tag=crsweep-stim-vertical-zreg-circ] align=stim, feature=C
[summary] align=stim, tag=crsweep-stim-vertical-zreg-circ, feature=C, pair=MFEF-MLIP, monkey=M, N=11
[summary] align=stim, tag=crsweep-stim-vertical-zreg-circ, feature=C, pair=MFEF-MSC, monkey=M, N=7
[summary] align=stim, tag=crsweep-stim-vertical-zreg-circ, feature=C, pair=MLIP-MSC, monkey=M, N=7
[summary] align=stim, tag=crsweep-stim-vertical-zreg-circ, feature=C, pair=SFEF-SLIP, monkey=S, N=12
[summary] align=stim, tag=crsweep-stim-vertical-zreg-circ, feature=C, pair=SFEF-SSC, monkey=S, N=7
[summary] align=stim, tag=crsweep-stim-vertical-zreg-circ, feature=C, pair=SLIP-SSC, monkey=S, N=7

[tag=crsweep-stim-vertical-zreg-circ] align=stim, feature=O

[tag=crsweep-stim-vertical-zreg-circ] align=stim, feature=R
[summary] align=stim, tag=crsweep-stim-vertical-zreg-circ, feature=R, pair=MFEF-MLIP, monkey=M, N=11
[summary] align=stim, tag=crsweep-stim-vertical-zreg-circ, feature=R, pair=MFEF-MSC, monkey=M, N=7
[summary] align=stim, tag=crsweep-stim-vertical-zreg-circ, feature=R, pair=MLIP-MSC, monkey=M, N=7
[summary] align=stim, tag=crsweep-stim-vertical-zreg-circ, feature=R, pair=SFEF-SLIP, monkey=S, N=12
[summary] align=stim, tag=crsweep-stim-vertical-zreg-circ, feature=R, pair=SFEF-SSC, monkey=S, N=7
[summary] align=stim, tag=crsweep-stim-vertical-zreg-circ, feature=R, pair=SLIP-SSC, monkey=S, N=7
[tag=crsweep-stim-vertical-zreg-trial] features: ['C', 'O', 'R']

[tag=crsweep-stim-vertical-zreg-trial] align=stim, feature=C
[summary] align=stim, tag=crsweep-stim-vertical-zreg-trial, feature=C, pair=MFEF-MLIP, monkey=M, N=11
[summary] align=stim, tag=crsweep-stim-vertical-zreg-trial, feature=C, pair=MFEF-MSC, monkey=M, N=7
[summary] align=stim, tag=crsweep-stim-vertical-zreg-trial, feature=C, pair=MLIP-MSC, monkey=M, N=7
[summary] align=stim, tag=crsweep-stim-vertical-zreg-trial, feature=C, pair=SFEF-SLIP, monkey=S, N=12
[summary] align=stim, tag=crsweep-stim-vertical-zreg-trial, feature=C, pair=SFEF-SSC, monkey=S, N=7
[summary] align=stim, tag=crsweep-stim-vertical-zreg-trial, feature=C, pair=SLIP-SSC, monkey=S, N=7

[tag=crsweep-stim-vertical-zreg-trial] align=stim, feature=O

[tag=crsweep-stim-vertical-zreg-trial] align=stim, feature=R
[summary] align=stim, tag=crsweep-stim-vertical-zreg-trial, feature=R, pair=MFEF-MLIP, monkey=M, N=11
[summary] align=stim, tag=crsweep-stim-vertical-zreg-trial, feature=R, pair=MFEF-MSC, monkey=M, N=7
[summary] align=stim, tag=crsweep-stim-vertical-zreg-trial, feature=R, pair=MLIP-MSC, monkey=M, N=7
[summary] align=stim, tag=crsweep-stim-vertical-zreg-trial, feature=R, pair=SFEF-SLIP, monkey=S, N=12
[summary] align=stim, tag=crsweep-stim-vertical-zreg-trial, feature=R, pair=SFEF-SSC, monkey=S, N=7
[summary] align=stim, tag=crsweep-stim-vertical-zreg-trial, feature=R, pair=SLIP-SSC, monkey=S, N=7
[tag=crsweep-vertical-none-circ] features: ['C']

[tag=crsweep-vertical-none-circ] align=stim, feature=C
[summary] align=stim, tag=crsweep-vertical-none-circ, feature=C, pair=MFEF-MLIP, monkey=M, N=1
[summary] align=stim, tag=crsweep-vertical-none-circ, feature=C, pair=MFEF-MSC, monkey=M, N=1
[summary] align=stim, tag=crsweep-vertical-none-circ, feature=C, pair=MLIP-MSC, monkey=M, N=1
[tag=crsweep-vertical-none-trial] features: ['C']

[tag=crsweep-vertical-none-trial] align=stim, feature=C
[summary] align=stim, tag=crsweep-vertical-none-trial, feature=C, pair=MFEF-MLIP, monkey=M, N=1
[summary] align=stim, tag=crsweep-vertical-none-trial, feature=C, pair=MFEF-MSC, monkey=M, N=1
[summary] align=stim, tag=crsweep-vertical-none-trial, feature=C, pair=MLIP-MSC, monkey=M, N=1
[tag=crsweep-vertical-zreg-circ] features: ['C']

[tag=crsweep-vertical-zreg-circ] align=stim, feature=C
[summary] align=stim, tag=crsweep-vertical-zreg-circ, feature=C, pair=MFEF-MLIP, monkey=M, N=1
[summary] align=stim, tag=crsweep-vertical-zreg-circ, feature=C, pair=MFEF-MSC, monkey=M, N=1
[summary] align=stim, tag=crsweep-vertical-zreg-circ, feature=C, pair=MLIP-MSC, monkey=M, N=1
[tag=crsweep-vertical-zreg-trial] features: ['C']

[tag=crsweep-vertical-zreg-trial] align=stim, feature=C
[summary] align=stim, tag=crsweep-vertical-zreg-trial, feature=C, pair=MFEF-MLIP, monkey=M, N=1
[summary] align=stim, tag=crsweep-vertical-zreg-trial, feature=C, pair=MFEF-MSC, monkey=M, N=1
[summary] align=stim, tag=crsweep-vertical-zreg-trial, feature=C, pair=MLIP-MSC, monkey=M, N=1
[tag=crsweep-zreg-circ] features: ['C']

[tag=crsweep-zreg-circ] align=stim, feature=C
[summary] align=stim, tag=crsweep-zreg-circ, feature=C, pair=MFEF-MLIP, monkey=M, N=1
[summary] align=stim, tag=crsweep-zreg-circ, feature=C, pair=MFEF-MSC, monkey=M, N=1
[summary] align=stim, tag=crsweep-zreg-circ, feature=C, pair=MLIP-MSC, monkey=M, N=1
[tag=crsweep-zreg-trial] features: ['C']

[tag=crsweep-zreg-trial] align=stim, feature=C
[summary] align=stim, tag=crsweep-zreg-trial, feature=C, pair=MFEF-MLIP, monkey=M, N=1
[summary] align=stim, tag=crsweep-zreg-trial, feature=C, pair=MFEF-MSC, monkey=M, N=1
[summary] align=stim, tag=crsweep-zreg-trial, feature=C, pair=MLIP-MSC, monkey=M, N=1
[tag=crvertTrain-stim-horizontal-none-trial] features: ['C']

[tag=crvertTrain-stim-horizontal-none-trial] align=stim, feature=C
[summary] align=stim, tag=crvertTrain-stim-horizontal-none-trial, feature=C, pair=MFEF-MLIP, monkey=M, N=1
[summary] align=stim, tag=crvertTrain-stim-horizontal-none-trial, feature=C, pair=MFEF-MSC, monkey=M, N=1
[summary] align=stim, tag=crvertTrain-stim-horizontal-none-trial, feature=C, pair=MLIP-MSC, monkey=M, N=1
[tag=crvertTrainPooled-stim-pooled-none-circ] features: ['C', 'R']

[tag=crvertTrainPooled-stim-pooled-none-circ] align=stim, feature=C
[summary] align=stim, tag=crvertTrainPooled-stim-pooled-none-circ, feature=C, pair=MFEF-MLIP, monkey=M, N=11
[summary] align=stim, tag=crvertTrainPooled-stim-pooled-none-circ, feature=C, pair=MFEF-MSC, monkey=M, N=7
[summary] align=stim, tag=crvertTrainPooled-stim-pooled-none-circ, feature=C, pair=MLIP-MSC, monkey=M, N=7
[summary] align=stim, tag=crvertTrainPooled-stim-pooled-none-circ, feature=C, pair=SFEF-SLIP, monkey=S, N=12
[summary] align=stim, tag=crvertTrainPooled-stim-pooled-none-circ, feature=C, pair=SFEF-SSC, monkey=S, N=7
[summary] align=stim, tag=crvertTrainPooled-stim-pooled-none-circ, feature=C, pair=SLIP-SSC, monkey=S, N=7

[tag=crvertTrainPooled-stim-pooled-none-circ] align=stim, feature=R
[summary] align=stim, tag=crvertTrainPooled-stim-pooled-none-circ, feature=R, pair=MFEF-MLIP, monkey=M, N=11
[summary] align=stim, tag=crvertTrainPooled-stim-pooled-none-circ, feature=R, pair=MFEF-MSC, monkey=M, N=7
[summary] align=stim, tag=crvertTrainPooled-stim-pooled-none-circ, feature=R, pair=MLIP-MSC, monkey=M, N=7
[summary] align=stim, tag=crvertTrainPooled-stim-pooled-none-circ, feature=R, pair=SFEF-SLIP, monkey=S, N=12
[summary] align=stim, tag=crvertTrainPooled-stim-pooled-none-circ, feature=R, pair=SFEF-SSC, monkey=S, N=7
[summary] align=stim, tag=crvertTrainPooled-stim-pooled-none-circ, feature=R, pair=SLIP-SSC, monkey=S, N=7
[tag=crvertTrainPooled-stim-pooled-none-trial] features: ['C', 'R']

[tag=crvertTrainPooled-stim-pooled-none-trial] align=stim, feature=C
[summary] align=stim, tag=crvertTrainPooled-stim-pooled-none-trial, feature=C, pair=MFEF-MLIP, monkey=M, N=11
[summary] align=stim, tag=crvertTrainPooled-stim-pooled-none-trial, feature=C, pair=MFEF-MSC, monkey=M, N=7
[summary] align=stim, tag=crvertTrainPooled-stim-pooled-none-trial, feature=C, pair=MLIP-MSC, monkey=M, N=7
[summary] align=stim, tag=crvertTrainPooled-stim-pooled-none-trial, feature=C, pair=SFEF-SLIP, monkey=S, N=12
[summary] align=stim, tag=crvertTrainPooled-stim-pooled-none-trial, feature=C, pair=SFEF-SSC, monkey=S, N=7
[summary] align=stim, tag=crvertTrainPooled-stim-pooled-none-trial, feature=C, pair=SLIP-SSC, monkey=S, N=7

[tag=crvertTrainPooled-stim-pooled-none-trial] align=stim, feature=R
[summary] align=stim, tag=crvertTrainPooled-stim-pooled-none-trial, feature=R, pair=MFEF-MLIP, monkey=M, N=11
[summary] align=stim, tag=crvertTrainPooled-stim-pooled-none-trial, feature=R, pair=MFEF-MSC, monkey=M, N=7
[summary] align=stim, tag=crvertTrainPooled-stim-pooled-none-trial, feature=R, pair=MLIP-MSC, monkey=M, N=7
[summary] align=stim, tag=crvertTrainPooled-stim-pooled-none-trial, feature=R, pair=SFEF-SLIP, monkey=S, N=12
[summary] align=stim, tag=crvertTrainPooled-stim-pooled-none-trial, feature=R, pair=SFEF-SSC, monkey=S, N=7
[summary] align=stim, tag=crvertTrainPooled-stim-pooled-none-trial, feature=R, pair=SLIP-SSC, monkey=S, N=7
[tag=crvertTrainPooled-stim-pooled-zreg-circ] features: ['C', 'R']

[tag=crvertTrainPooled-stim-pooled-zreg-circ] align=stim, feature=C
[summary] align=stim, tag=crvertTrainPooled-stim-pooled-zreg-circ, feature=C, pair=MFEF-MLIP, monkey=M, N=11
[summary] align=stim, tag=crvertTrainPooled-stim-pooled-zreg-circ, feature=C, pair=MFEF-MSC, monkey=M, N=7
[summary] align=stim, tag=crvertTrainPooled-stim-pooled-zreg-circ, feature=C, pair=MLIP-MSC, monkey=M, N=7
[summary] align=stim, tag=crvertTrainPooled-stim-pooled-zreg-circ, feature=C, pair=SFEF-SLIP, monkey=S, N=12
[summary] align=stim, tag=crvertTrainPooled-stim-pooled-zreg-circ, feature=C, pair=SFEF-SSC, monkey=S, N=7
[summary] align=stim, tag=crvertTrainPooled-stim-pooled-zreg-circ, feature=C, pair=SLIP-SSC, monkey=S, N=7

[tag=crvertTrainPooled-stim-pooled-zreg-circ] align=stim, feature=R
[summary] align=stim, tag=crvertTrainPooled-stim-pooled-zreg-circ, feature=R, pair=MFEF-MLIP, monkey=M, N=11
[summary] align=stim, tag=crvertTrainPooled-stim-pooled-zreg-circ, feature=R, pair=MFEF-MSC, monkey=M, N=7
[summary] align=stim, tag=crvertTrainPooled-stim-pooled-zreg-circ, feature=R, pair=MLIP-MSC, monkey=M, N=7
[summary] align=stim, tag=crvertTrainPooled-stim-pooled-zreg-circ, feature=R, pair=SFEF-SLIP, monkey=S, N=12
[summary] align=stim, tag=crvertTrainPooled-stim-pooled-zreg-circ, feature=R, pair=SFEF-SSC, monkey=S, N=7
[summary] align=stim, tag=crvertTrainPooled-stim-pooled-zreg-circ, feature=R, pair=SLIP-SSC, monkey=S, N=7
[tag=crvertTrainPooled-stim-pooled-zreg-trial] features: ['C', 'R']

[tag=crvertTrainPooled-stim-pooled-zreg-trial] align=stim, feature=C
[summary] align=stim, tag=crvertTrainPooled-stim-pooled-zreg-trial, feature=C, pair=MFEF-MLIP, monkey=M, N=11
[summary] align=stim, tag=crvertTrainPooled-stim-pooled-zreg-trial, feature=C, pair=MFEF-MSC, monkey=M, N=7
[summary] align=stim, tag=crvertTrainPooled-stim-pooled-zreg-trial, feature=C, pair=MLIP-MSC, monkey=M, N=7
[summary] align=stim, tag=crvertTrainPooled-stim-pooled-zreg-trial, feature=C, pair=SFEF-SLIP, monkey=S, N=12
[summary] align=stim, tag=crvertTrainPooled-stim-pooled-zreg-trial, feature=C, pair=SFEF-SSC, monkey=S, N=7
[summary] align=stim, tag=crvertTrainPooled-stim-pooled-zreg-trial, feature=C, pair=SLIP-SSC, monkey=S, N=7

[tag=crvertTrainPooled-stim-pooled-zreg-trial] align=stim, feature=R
[summary] align=stim, tag=crvertTrainPooled-stim-pooled-zreg-trial, feature=R, pair=MFEF-MLIP, monkey=M, N=11
[summary] align=stim, tag=crvertTrainPooled-stim-pooled-zreg-trial, feature=R, pair=MFEF-MSC, monkey=M, N=7
[summary] align=stim, tag=crvertTrainPooled-stim-pooled-zreg-trial, feature=R, pair=MLIP-MSC, monkey=M, N=7
[summary] align=stim, tag=crvertTrainPooled-stim-pooled-zreg-trial, feature=R, pair=SFEF-SLIP, monkey=S, N=12
[summary] align=stim, tag=crvertTrainPooled-stim-pooled-zreg-trial, feature=R, pair=SFEF-SSC, monkey=S, N=7
[summary] align=stim, tag=crvertTrainPooled-stim-pooled-zreg-trial, feature=R, pair=SLIP-SSC, monkey=S, N=7
[tag=flow_v1] features: ['C', 'R']

[tag=flow_v1] align=stim, feature=C
[summary] align=stim, tag=flow_v1, feature=C, pair=MFEF-MLIP, monkey=M, N=1
[summary] align=stim, tag=flow_v1, feature=C, pair=MFEF-MSC, monkey=M, N=1
[summary] align=stim, tag=flow_v1, feature=C, pair=MLIP-MSC, monkey=M, N=1

[tag=flow_v1] align=stim, feature=R
[summary] align=stim, tag=flow_v1, feature=R, pair=MFEF-MLIP, monkey=M, N=1
[summary] align=stim, tag=flow_v1, feature=R, pair=MFEF-MSC, monkey=M, N=1
[summary] align=stim, tag=flow_v1, feature=R, pair=MLIP-MSC, monkey=M, N=1
[info] align=sacc, sessions=23, tags=['crhorizTrainPooled-sacc-pooled-none-circ', 'crhorizTrainPooled-sacc-pooled-none-trial', 'crhorizTrainPooled-sacc-pooled-zreg-circ', 'crhorizTrainPooled-sacc-pooled-zreg-trial', 'crnull', 'crnull-vertical', 'crsweep-sacc-horizontal-none-circ', 'crsweep-sacc-horizontal-none-trial', 'crsweep-sacc-horizontal-zreg-circ', 'crsweep-sacc-horizontal-zreg-trial', 'crsweep-sacc-pooled-none-circ', 'crsweep-sacc-pooled-none-trial', 'crsweep-sacc-pooled-zreg-circ', 'crsweep-sacc-pooled-zreg-trial', 'crsweep-sacc-vertical-none-circ', 'crsweep-sacc-vertical-none-trial', 'crsweep-sacc-vertical-zreg-circ', 'crsweep-sacc-vertical-zreg-trial', 'crvertTrainPooled-sacc-pooled-none-circ', 'crvertTrainPooled-sacc-pooled-none-trial', 'crvertTrainPooled-sacc-pooled-zreg-circ', 'crvertTrainPooled-sacc-pooled-zreg-trial']
[tag=crhorizTrainPooled-sacc-pooled-none-circ] features: ['S']

[tag=crhorizTrainPooled-sacc-pooled-none-circ] align=sacc, feature=S
[summary] align=sacc, tag=crhorizTrainPooled-sacc-pooled-none-circ, feature=S, pair=MFEF-MLIP, monkey=M, N=11
[summary] align=sacc, tag=crhorizTrainPooled-sacc-pooled-none-circ, feature=S, pair=MFEF-MSC, monkey=M, N=7
[summary] align=sacc, tag=crhorizTrainPooled-sacc-pooled-none-circ, feature=S, pair=MLIP-MSC, monkey=M, N=7
[summary] align=sacc, tag=crhorizTrainPooled-sacc-pooled-none-circ, feature=S, pair=SFEF-SLIP, monkey=S, N=10
[summary] align=sacc, tag=crhorizTrainPooled-sacc-pooled-none-circ, feature=S, pair=SFEF-SSC, monkey=S, N=5
[summary] align=sacc, tag=crhorizTrainPooled-sacc-pooled-none-circ, feature=S, pair=SLIP-SSC, monkey=S, N=5
[tag=crhorizTrainPooled-sacc-pooled-none-trial] features: ['S']

[tag=crhorizTrainPooled-sacc-pooled-none-trial] align=sacc, feature=S
[summary] align=sacc, tag=crhorizTrainPooled-sacc-pooled-none-trial, feature=S, pair=MFEF-MLIP, monkey=M, N=11
[summary] align=sacc, tag=crhorizTrainPooled-sacc-pooled-none-trial, feature=S, pair=MFEF-MSC, monkey=M, N=7
[summary] align=sacc, tag=crhorizTrainPooled-sacc-pooled-none-trial, feature=S, pair=MLIP-MSC, monkey=M, N=7
[summary] align=sacc, tag=crhorizTrainPooled-sacc-pooled-none-trial, feature=S, pair=SFEF-SLIP, monkey=S, N=10
[summary] align=sacc, tag=crhorizTrainPooled-sacc-pooled-none-trial, feature=S, pair=SFEF-SSC, monkey=S, N=5
[summary] align=sacc, tag=crhorizTrainPooled-sacc-pooled-none-trial, feature=S, pair=SLIP-SSC, monkey=S, N=5
[tag=crhorizTrainPooled-sacc-pooled-zreg-circ] features: ['S']

[tag=crhorizTrainPooled-sacc-pooled-zreg-circ] align=sacc, feature=S
[summary] align=sacc, tag=crhorizTrainPooled-sacc-pooled-zreg-circ, feature=S, pair=MFEF-MLIP, monkey=M, N=11
[summary] align=sacc, tag=crhorizTrainPooled-sacc-pooled-zreg-circ, feature=S, pair=MFEF-MSC, monkey=M, N=7
[summary] align=sacc, tag=crhorizTrainPooled-sacc-pooled-zreg-circ, feature=S, pair=MLIP-MSC, monkey=M, N=7
[summary] align=sacc, tag=crhorizTrainPooled-sacc-pooled-zreg-circ, feature=S, pair=SFEF-SLIP, monkey=S, N=10
[summary] align=sacc, tag=crhorizTrainPooled-sacc-pooled-zreg-circ, feature=S, pair=SFEF-SSC, monkey=S, N=5
[summary] align=sacc, tag=crhorizTrainPooled-sacc-pooled-zreg-circ, feature=S, pair=SLIP-SSC, monkey=S, N=5
[tag=crhorizTrainPooled-sacc-pooled-zreg-trial] features: ['S']

[tag=crhorizTrainPooled-sacc-pooled-zreg-trial] align=sacc, feature=S
[summary] align=sacc, tag=crhorizTrainPooled-sacc-pooled-zreg-trial, feature=S, pair=MFEF-MLIP, monkey=M, N=11
[summary] align=sacc, tag=crhorizTrainPooled-sacc-pooled-zreg-trial, feature=S, pair=MFEF-MSC, monkey=M, N=7
[summary] align=sacc, tag=crhorizTrainPooled-sacc-pooled-zreg-trial, feature=S, pair=MLIP-MSC, monkey=M, N=7
[summary] align=sacc, tag=crhorizTrainPooled-sacc-pooled-zreg-trial, feature=S, pair=SFEF-SLIP, monkey=S, N=10
[summary] align=sacc, tag=crhorizTrainPooled-sacc-pooled-zreg-trial, feature=S, pair=SFEF-SSC, monkey=S, N=5
[summary] align=sacc, tag=crhorizTrainPooled-sacc-pooled-zreg-trial, feature=S, pair=SLIP-SSC, monkey=S, N=5
[tag=crnull] features: ['S']

[tag=crnull] align=sacc, feature=S
[summary] align=sacc, tag=crnull, feature=S, pair=MFEF-MLIP, monkey=M, N=11
[summary] align=sacc, tag=crnull, feature=S, pair=MFEF-MSC, monkey=M, N=7
[summary] align=sacc, tag=crnull, feature=S, pair=MLIP-MSC, monkey=M, N=7
[summary] align=sacc, tag=crnull, feature=S, pair=SFEF-SLIP, monkey=S, N=12
[summary] align=sacc, tag=crnull, feature=S, pair=SFEF-SSC, monkey=S, N=7
[summary] align=sacc, tag=crnull, feature=S, pair=SLIP-SSC, monkey=S, N=7
[tag=crnull-vertical] features: ['S']

[tag=crnull-vertical] align=sacc, feature=S
[summary] align=sacc, tag=crnull-vertical, feature=S, pair=MFEF-MLIP, monkey=M, N=11
[summary] align=sacc, tag=crnull-vertical, feature=S, pair=MFEF-MSC, monkey=M, N=7
[summary] align=sacc, tag=crnull-vertical, feature=S, pair=MLIP-MSC, monkey=M, N=7
[summary] align=sacc, tag=crnull-vertical, feature=S, pair=SFEF-SLIP, monkey=S, N=12
[summary] align=sacc, tag=crnull-vertical, feature=S, pair=SFEF-SSC, monkey=S, N=7
[summary] align=sacc, tag=crnull-vertical, feature=S, pair=SLIP-SSC, monkey=S, N=7
[tag=crsweep-sacc-horizontal-none-circ] features: ['S']

[tag=crsweep-sacc-horizontal-none-circ] align=sacc, feature=S
[summary] align=sacc, tag=crsweep-sacc-horizontal-none-circ, feature=S, pair=MFEF-MLIP, monkey=M, N=11
[summary] align=sacc, tag=crsweep-sacc-horizontal-none-circ, feature=S, pair=MFEF-MSC, monkey=M, N=7
[summary] align=sacc, tag=crsweep-sacc-horizontal-none-circ, feature=S, pair=MLIP-MSC, monkey=M, N=7
[summary] align=sacc, tag=crsweep-sacc-horizontal-none-circ, feature=S, pair=SFEF-SLIP, monkey=S, N=10
[summary] align=sacc, tag=crsweep-sacc-horizontal-none-circ, feature=S, pair=SFEF-SSC, monkey=S, N=5
[summary] align=sacc, tag=crsweep-sacc-horizontal-none-circ, feature=S, pair=SLIP-SSC, monkey=S, N=5
[tag=crsweep-sacc-horizontal-none-trial] features: ['S']

[tag=crsweep-sacc-horizontal-none-trial] align=sacc, feature=S
[summary] align=sacc, tag=crsweep-sacc-horizontal-none-trial, feature=S, pair=MFEF-MLIP, monkey=M, N=11
[summary] align=sacc, tag=crsweep-sacc-horizontal-none-trial, feature=S, pair=MFEF-MSC, monkey=M, N=7
[summary] align=sacc, tag=crsweep-sacc-horizontal-none-trial, feature=S, pair=MLIP-MSC, monkey=M, N=7
[summary] align=sacc, tag=crsweep-sacc-horizontal-none-trial, feature=S, pair=SFEF-SLIP, monkey=S, N=10
[summary] align=sacc, tag=crsweep-sacc-horizontal-none-trial, feature=S, pair=SFEF-SSC, monkey=S, N=5
[summary] align=sacc, tag=crsweep-sacc-horizontal-none-trial, feature=S, pair=SLIP-SSC, monkey=S, N=5
[tag=crsweep-sacc-horizontal-zreg-circ] features: ['S']

[tag=crsweep-sacc-horizontal-zreg-circ] align=sacc, feature=S
[summary] align=sacc, tag=crsweep-sacc-horizontal-zreg-circ, feature=S, pair=MFEF-MLIP, monkey=M, N=11
[summary] align=sacc, tag=crsweep-sacc-horizontal-zreg-circ, feature=S, pair=MFEF-MSC, monkey=M, N=7
[summary] align=sacc, tag=crsweep-sacc-horizontal-zreg-circ, feature=S, pair=MLIP-MSC, monkey=M, N=7
[summary] align=sacc, tag=crsweep-sacc-horizontal-zreg-circ, feature=S, pair=SFEF-SLIP, monkey=S, N=10
[summary] align=sacc, tag=crsweep-sacc-horizontal-zreg-circ, feature=S, pair=SFEF-SSC, monkey=S, N=5
[summary] align=sacc, tag=crsweep-sacc-horizontal-zreg-circ, feature=S, pair=SLIP-SSC, monkey=S, N=5
[tag=crsweep-sacc-horizontal-zreg-trial] features: ['S']

[tag=crsweep-sacc-horizontal-zreg-trial] align=sacc, feature=S
[summary] align=sacc, tag=crsweep-sacc-horizontal-zreg-trial, feature=S, pair=MFEF-MLIP, monkey=M, N=11
[summary] align=sacc, tag=crsweep-sacc-horizontal-zreg-trial, feature=S, pair=MFEF-MSC, monkey=M, N=7
[summary] align=sacc, tag=crsweep-sacc-horizontal-zreg-trial, feature=S, pair=MLIP-MSC, monkey=M, N=7
[summary] align=sacc, tag=crsweep-sacc-horizontal-zreg-trial, feature=S, pair=SFEF-SLIP, monkey=S, N=10
[summary] align=sacc, tag=crsweep-sacc-horizontal-zreg-trial, feature=S, pair=SFEF-SSC, monkey=S, N=5
[summary] align=sacc, tag=crsweep-sacc-horizontal-zreg-trial, feature=S, pair=SLIP-SSC, monkey=S, N=5
[tag=crsweep-sacc-pooled-none-circ] features: ['S']

[tag=crsweep-sacc-pooled-none-circ] align=sacc, feature=S
[summary] align=sacc, tag=crsweep-sacc-pooled-none-circ, feature=S, pair=MFEF-MLIP, monkey=M, N=11
[summary] align=sacc, tag=crsweep-sacc-pooled-none-circ, feature=S, pair=MFEF-MSC, monkey=M, N=7
[summary] align=sacc, tag=crsweep-sacc-pooled-none-circ, feature=S, pair=MLIP-MSC, monkey=M, N=7
[summary] align=sacc, tag=crsweep-sacc-pooled-none-circ, feature=S, pair=SFEF-SLIP, monkey=S, N=11
[summary] align=sacc, tag=crsweep-sacc-pooled-none-circ, feature=S, pair=SFEF-SSC, monkey=S, N=6
[summary] align=sacc, tag=crsweep-sacc-pooled-none-circ, feature=S, pair=SLIP-SSC, monkey=S, N=6
[tag=crsweep-sacc-pooled-none-trial] features: ['S']

[tag=crsweep-sacc-pooled-none-trial] align=sacc, feature=S
[summary] align=sacc, tag=crsweep-sacc-pooled-none-trial, feature=S, pair=MFEF-MLIP, monkey=M, N=11
[summary] align=sacc, tag=crsweep-sacc-pooled-none-trial, feature=S, pair=MFEF-MSC, monkey=M, N=7
[summary] align=sacc, tag=crsweep-sacc-pooled-none-trial, feature=S, pair=MLIP-MSC, monkey=M, N=7
[summary] align=sacc, tag=crsweep-sacc-pooled-none-trial, feature=S, pair=SFEF-SLIP, monkey=S, N=11
[summary] align=sacc, tag=crsweep-sacc-pooled-none-trial, feature=S, pair=SFEF-SSC, monkey=S, N=6
[summary] align=sacc, tag=crsweep-sacc-pooled-none-trial, feature=S, pair=SLIP-SSC, monkey=S, N=6
[tag=crsweep-sacc-pooled-zreg-circ] features: ['S']

[tag=crsweep-sacc-pooled-zreg-circ] align=sacc, feature=S
[summary] align=sacc, tag=crsweep-sacc-pooled-zreg-circ, feature=S, pair=MFEF-MLIP, monkey=M, N=11
[summary] align=sacc, tag=crsweep-sacc-pooled-zreg-circ, feature=S, pair=MFEF-MSC, monkey=M, N=7
[summary] align=sacc, tag=crsweep-sacc-pooled-zreg-circ, feature=S, pair=MLIP-MSC, monkey=M, N=7
[summary] align=sacc, tag=crsweep-sacc-pooled-zreg-circ, feature=S, pair=SFEF-SLIP, monkey=S, N=11
[summary] align=sacc, tag=crsweep-sacc-pooled-zreg-circ, feature=S, pair=SFEF-SSC, monkey=S, N=6
[summary] align=sacc, tag=crsweep-sacc-pooled-zreg-circ, feature=S, pair=SLIP-SSC, monkey=S, N=6
[tag=crsweep-sacc-pooled-zreg-trial] features: ['S']

[tag=crsweep-sacc-pooled-zreg-trial] align=sacc, feature=S
[summary] align=sacc, tag=crsweep-sacc-pooled-zreg-trial, feature=S, pair=MFEF-MLIP, monkey=M, N=11
[summary] align=sacc, tag=crsweep-sacc-pooled-zreg-trial, feature=S, pair=MFEF-MSC, monkey=M, N=7
[summary] align=sacc, tag=crsweep-sacc-pooled-zreg-trial, feature=S, pair=MLIP-MSC, monkey=M, N=7
[summary] align=sacc, tag=crsweep-sacc-pooled-zreg-trial, feature=S, pair=SFEF-SLIP, monkey=S, N=11
[summary] align=sacc, tag=crsweep-sacc-pooled-zreg-trial, feature=S, pair=SFEF-SSC, monkey=S, N=6
[summary] align=sacc, tag=crsweep-sacc-pooled-zreg-trial, feature=S, pair=SLIP-SSC, monkey=S, N=6
[tag=crsweep-sacc-vertical-none-circ] features: ['S']

[tag=crsweep-sacc-vertical-none-circ] align=sacc, feature=S
[summary] align=sacc, tag=crsweep-sacc-vertical-none-circ, feature=S, pair=MFEF-MLIP, monkey=M, N=11
[summary] align=sacc, tag=crsweep-sacc-vertical-none-circ, feature=S, pair=MFEF-MSC, monkey=M, N=7
[summary] align=sacc, tag=crsweep-sacc-vertical-none-circ, feature=S, pair=MLIP-MSC, monkey=M, N=7
[summary] align=sacc, tag=crsweep-sacc-vertical-none-circ, feature=S, pair=SFEF-SLIP, monkey=S, N=11
[summary] align=sacc, tag=crsweep-sacc-vertical-none-circ, feature=S, pair=SFEF-SSC, monkey=S, N=6
[summary] align=sacc, tag=crsweep-sacc-vertical-none-circ, feature=S, pair=SLIP-SSC, monkey=S, N=6
[tag=crsweep-sacc-vertical-none-trial] features: ['S']

[tag=crsweep-sacc-vertical-none-trial] align=sacc, feature=S
[summary] align=sacc, tag=crsweep-sacc-vertical-none-trial, feature=S, pair=MFEF-MLIP, monkey=M, N=11
[summary] align=sacc, tag=crsweep-sacc-vertical-none-trial, feature=S, pair=MFEF-MSC, monkey=M, N=7
[summary] align=sacc, tag=crsweep-sacc-vertical-none-trial, feature=S, pair=MLIP-MSC, monkey=M, N=7
[summary] align=sacc, tag=crsweep-sacc-vertical-none-trial, feature=S, pair=SFEF-SLIP, monkey=S, N=11
[summary] align=sacc, tag=crsweep-sacc-vertical-none-trial, feature=S, pair=SFEF-SSC, monkey=S, N=6
[summary] align=sacc, tag=crsweep-sacc-vertical-none-trial, feature=S, pair=SLIP-SSC, monkey=S, N=6
[tag=crsweep-sacc-vertical-zreg-circ] features: ['S']

[tag=crsweep-sacc-vertical-zreg-circ] align=sacc, feature=S
[summary] align=sacc, tag=crsweep-sacc-vertical-zreg-circ, feature=S, pair=MFEF-MLIP, monkey=M, N=11
[summary] align=sacc, tag=crsweep-sacc-vertical-zreg-circ, feature=S, pair=MFEF-MSC, monkey=M, N=7
[summary] align=sacc, tag=crsweep-sacc-vertical-zreg-circ, feature=S, pair=MLIP-MSC, monkey=M, N=7
[summary] align=sacc, tag=crsweep-sacc-vertical-zreg-circ, feature=S, pair=SFEF-SLIP, monkey=S, N=11
[summary] align=sacc, tag=crsweep-sacc-vertical-zreg-circ, feature=S, pair=SFEF-SSC, monkey=S, N=6
[summary] align=sacc, tag=crsweep-sacc-vertical-zreg-circ, feature=S, pair=SLIP-SSC, monkey=S, N=6
[tag=crsweep-sacc-vertical-zreg-trial] features: ['S']

[tag=crsweep-sacc-vertical-zreg-trial] align=sacc, feature=S
[summary] align=sacc, tag=crsweep-sacc-vertical-zreg-trial, feature=S, pair=MFEF-MLIP, monkey=M, N=11
[summary] align=sacc, tag=crsweep-sacc-vertical-zreg-trial, feature=S, pair=MFEF-MSC, monkey=M, N=7
[summary] align=sacc, tag=crsweep-sacc-vertical-zreg-trial, feature=S, pair=MLIP-MSC, monkey=M, N=7
[summary] align=sacc, tag=crsweep-sacc-vertical-zreg-trial, feature=S, pair=SFEF-SLIP, monkey=S, N=11
[summary] align=sacc, tag=crsweep-sacc-vertical-zreg-trial, feature=S, pair=SFEF-SSC, monkey=S, N=6
[summary] align=sacc, tag=crsweep-sacc-vertical-zreg-trial, feature=S, pair=SLIP-SSC, monkey=S, N=6
[tag=crvertTrainPooled-sacc-pooled-none-circ] features: ['S']

[tag=crvertTrainPooled-sacc-pooled-none-circ] align=sacc, feature=S
[summary] align=sacc, tag=crvertTrainPooled-sacc-pooled-none-circ, feature=S, pair=MFEF-MLIP, monkey=M, N=11
[summary] align=sacc, tag=crvertTrainPooled-sacc-pooled-none-circ, feature=S, pair=MFEF-MSC, monkey=M, N=7
[summary] align=sacc, tag=crvertTrainPooled-sacc-pooled-none-circ, feature=S, pair=MLIP-MSC, monkey=M, N=7
[summary] align=sacc, tag=crvertTrainPooled-sacc-pooled-none-circ, feature=S, pair=SFEF-SLIP, monkey=S, N=12
[summary] align=sacc, tag=crvertTrainPooled-sacc-pooled-none-circ, feature=S, pair=SFEF-SSC, monkey=S, N=7
[summary] align=sacc, tag=crvertTrainPooled-sacc-pooled-none-circ, feature=S, pair=SLIP-SSC, monkey=S, N=7
[tag=crvertTrainPooled-sacc-pooled-none-trial] features: ['S']

[tag=crvertTrainPooled-sacc-pooled-none-trial] align=sacc, feature=S
[summary] align=sacc, tag=crvertTrainPooled-sacc-pooled-none-trial, feature=S, pair=MFEF-MLIP, monkey=M, N=11
[summary] align=sacc, tag=crvertTrainPooled-sacc-pooled-none-trial, feature=S, pair=MFEF-MSC, monkey=M, N=7
[summary] align=sacc, tag=crvertTrainPooled-sacc-pooled-none-trial, feature=S, pair=MLIP-MSC, monkey=M, N=7
[summary] align=sacc, tag=crvertTrainPooled-sacc-pooled-none-trial, feature=S, pair=SFEF-SLIP, monkey=S, N=12
[summary] align=sacc, tag=crvertTrainPooled-sacc-pooled-none-trial, feature=S, pair=SFEF-SSC, monkey=S, N=7
[summary] align=sacc, tag=crvertTrainPooled-sacc-pooled-none-trial, feature=S, pair=SLIP-SSC, monkey=S, N=7
[tag=crvertTrainPooled-sacc-pooled-zreg-circ] features: ['S']

[tag=crvertTrainPooled-sacc-pooled-zreg-circ] align=sacc, feature=S
[summary] align=sacc, tag=crvertTrainPooled-sacc-pooled-zreg-circ, feature=S, pair=MFEF-MLIP, monkey=M, N=11
[summary] align=sacc, tag=crvertTrainPooled-sacc-pooled-zreg-circ, feature=S, pair=MFEF-MSC, monkey=M, N=7
[summary] align=sacc, tag=crvertTrainPooled-sacc-pooled-zreg-circ, feature=S, pair=MLIP-MSC, monkey=M, N=7
[summary] align=sacc, tag=crvertTrainPooled-sacc-pooled-zreg-circ, feature=S, pair=SFEF-SLIP, monkey=S, N=12
[summary] align=sacc, tag=crvertTrainPooled-sacc-pooled-zreg-circ, feature=S, pair=SFEF-SSC, monkey=S, N=7
[summary] align=sacc, tag=crvertTrainPooled-sacc-pooled-zreg-circ, feature=S, pair=SLIP-SSC, monkey=S, N=7
[tag=crvertTrainPooled-sacc-pooled-zreg-trial] features: ['S']

[tag=crvertTrainPooled-sacc-pooled-zreg-trial] align=sacc, feature=S
[summary] align=sacc, tag=crvertTrainPooled-sacc-pooled-zreg-trial, feature=S, pair=MFEF-MLIP, monkey=M, N=11
[summary] align=sacc, tag=crvertTrainPooled-sacc-pooled-zreg-trial, feature=S, pair=MFEF-MSC, monkey=M, N=7
[summary] align=sacc, tag=crvertTrainPooled-sacc-pooled-zreg-trial, feature=S, pair=MLIP-MSC, monkey=M, N=7
[summary] align=sacc, tag=crvertTrainPooled-sacc-pooled-zreg-trial, feature=S, pair=SFEF-SLIP, monkey=S, N=12
[summary] align=sacc, tag=crvertTrainPooled-sacc-pooled-zreg-trial, feature=S, pair=SFEF-SSC, monkey=S, N=7
[summary] align=sacc, tag=crvertTrainPooled-sacc-pooled-zreg-trial, feature=S, pair=SLIP-SSC, monkey=S, N=7

[done] summary + figures completed.
