==============================================================
TEMPORAL C-S ALIGNMENT ANALYSIS
Session: 20231025 (task 17)
==============================================================

==============================================================
CORRECT-ONLY TRIALS (out/)
==============================================================

------------------------------------------------------------
Orientation: horizontal, Filter: correctonly
Axes tag: axes_peakbin_saccCS-sacc-horizontal-20mssw
------------------------------------------------------------
======================================================================
TEMPORAL C-S ALIGNMENT ANALYSIS
======================================================================
Session: 20231025
Orientation: horizontal
Filter mode: alltrials
Axes tag: axes_peakbin_saccCS-sacc-horizontal-20mssw
======================================================================
[auto] Using C window length from axes: 50ms

[temporal] Session 20231025, orientation=horizontal, area=SFEF
  [S axis] Window: [-140, 10] ms
  [trials] 230 trials (orientation=horizontal, PT>=200.0ms)
  [sliding] 28 window positions from -350ms to 200ms
  [window] Length=50ms, Step=20ms
  [result] 28 valid windows
  [result] Alignment range: [0.005, 0.390]
  [result] Peak alignment: 0.390 at 110ms
  [null] Computing covariance-constrained null...
  [null] D_eff=2.6, expected |cos|=0.499
  [null] null_mean=0.074 ± 0.057

[temporal] Session 20231025, orientation=horizontal, area=SLIP
  [S axis] Window: [-0, 50] ms
  [trials] 230 trials (orientation=horizontal, PT>=200.0ms)
  [sliding] 28 window positions from -350ms to 200ms
  [window] Length=50ms, Step=20ms
  [result] 28 valid windows
  [result] Alignment range: [0.007, 0.153]
  [result] Peak alignment: 0.153 at -150ms
  [null] Computing covariance-constrained null...
  [null] D_eff=4.5, expected |cos|=0.374
  [null] null_mean=0.363 ± 0.209
[saved] /project/bdoiron/dracoxu/rct-fsflow/paper_project_final/out/temporal_alignment/temporal_alignment_horizontal_correctonly/temporal_20231025_SFEF.json
[saved] /project/bdoiron/dracoxu/rct-fsflow/paper_project_final/out/temporal_alignment/temporal_alignment_horizontal_correctonly/temporal_20231025_SLIP.json

[done] Temporal alignment analysis complete

------------------------------------------------------------
Orientation: pooled, Filter: correctonly
Axes tag: axes_peakbin_saccCS-sacc-pooled-20mssw
------------------------------------------------------------
======================================================================
TEMPORAL C-S ALIGNMENT ANALYSIS
======================================================================
Session: 20231025
Orientation: pooled
Filter mode: alltrials
Axes tag: axes_peakbin_saccCS-sacc-pooled-20mssw
======================================================================
[auto] Using C window length from axes: 50ms

[temporal] Session 20231025, orientation=pooled, area=SFEF
  [S axis] Window: [-100, 50] ms
  [trials] 595 trials (orientation=pooled, PT>=200.0ms)
  [sliding] 28 window positions from -350ms to 200ms
  [window] Length=50ms, Step=20ms
  [result] 28 valid windows
  [result] Alignment range: [0.013, 0.281]
  [result] Peak alignment: 0.281 at -130ms
  [null] Computing covariance-constrained null...
  [null] D_eff=2.2, expected |cos|=0.544
  [null] null_mean=0.299 ± 0.157

[temporal] Session 20231025, orientation=pooled, area=SLIP
  [S axis] Window: [-0, 50] ms
  [trials] 595 trials (orientation=pooled, PT>=200.0ms)
  [sliding] 28 window positions from -350ms to 200ms
  [window] Length=50ms, Step=20ms
  [result] 28 valid windows
  [result] Alignment range: [0.003, 0.195]
  [result] Peak alignment: 0.195 at -290ms
  [null] Computing covariance-constrained null...
  [null] D_eff=1.2, expected |cos|=0.731
  [null] null_mean=0.151 ± 0.093
[saved] /project/bdoiron/dracoxu/rct-fsflow/paper_project_final/out/temporal_alignment/temporal_alignment_pooled_correctonly/temporal_20231025_SFEF.json
[saved] /project/bdoiron/dracoxu/rct-fsflow/paper_project_final/out/temporal_alignment/temporal_alignment_pooled_correctonly/temporal_20231025_SLIP.json

[done] Temporal alignment analysis complete

------------------------------------------------------------
Orientation: vertical, Filter: correctonly
Axes tag: axes_peakbin_saccCS-sacc-vertical-20mssw
------------------------------------------------------------
======================================================================
TEMPORAL C-S ALIGNMENT ANALYSIS
======================================================================
Session: 20231025
Orientation: vertical
Filter mode: alltrials
Axes tag: axes_peakbin_saccCS-sacc-vertical-20mssw
======================================================================
[auto] Using C window length from axes: 50ms

[temporal] Session 20231025, orientation=vertical, area=SFEF
  [S axis] Window: [-100, 50] ms
  [trials] 365 trials (orientation=vertical, PT>=200.0ms)
  [sliding] 28 window positions from -350ms to 200ms
  [window] Length=50ms, Step=20ms
  [result] 28 valid windows
  [result] Alignment range: [0.009, 0.258]
  [result] Peak alignment: 0.258 at 150ms
  [null] Computing covariance-constrained null...
  [null] D_eff=3.1, expected |cos|=0.456
  [null] null_mean=0.325 ± 0.178

[temporal] Session 20231025, orientation=vertical, area=SLIP
  [S axis] Window: [-0, 50] ms
  [trials] 365 trials (orientation=vertical, PT>=200.0ms)
  [sliding] 28 window positions from -350ms to 200ms
  [window] Length=50ms, Step=20ms
  [result] 28 valid windows
  [result] Alignment range: [0.002, 0.198]
  [result] Peak alignment: 0.198 at -250ms
  [null] Computing covariance-constrained null...
  [null] D_eff=3.4, expected |cos|=0.432
  [null] null_mean=0.225 ± 0.159
[saved] /project/bdoiron/dracoxu/rct-fsflow/paper_project_final/out/temporal_alignment/temporal_alignment_vertical_correctonly/temporal_20231025_SFEF.json
[saved] /project/bdoiron/dracoxu/rct-fsflow/paper_project_final/out/temporal_alignment/temporal_alignment_vertical_correctonly/temporal_20231025_SLIP.json

[done] Temporal alignment analysis complete

==============================================================
ALL TRIALS (out_nofilter/)
==============================================================

------------------------------------------------------------
Orientation: horizontal, Filter: alltrials
Axes tag: axes_peakbin_saccCS-sacc-horizontal-20mssw_nofilter
------------------------------------------------------------
======================================================================
TEMPORAL C-S ALIGNMENT ANALYSIS
======================================================================
Session: 20231025
Orientation: horizontal
Filter mode: alltrials
Axes tag: axes_peakbin_saccCS-sacc-horizontal-20mssw_nofilter
======================================================================
[auto] Using C window length from axes: 150ms

[temporal] Session 20231025, orientation=horizontal, area=SFEF
  [S axis] Window: [-160, -60] ms
  [trials] 250 trials (orientation=horizontal, PT>=200.0ms)
  [sliding] 28 window positions from -350ms to 200ms
  [window] Length=150ms, Step=20ms
  [result] 28 valid windows
  [result] Alignment range: [0.008, 0.322]
  [result] Peak alignment: 0.322 at 90ms
  [null] Computing covariance-constrained null...
  [null] D_eff=2.6, expected |cos|=0.496
  [null] null_mean=0.056 ± 0.043

[temporal] Session 20231025, orientation=horizontal, area=SLIP
  [S axis] Window: [-0, 50] ms
  [trials] 250 trials (orientation=horizontal, PT>=200.0ms)
  [sliding] 28 window positions from -350ms to 200ms
  [window] Length=150ms, Step=20ms
  [result] 28 valid windows
  [result] Alignment range: [0.001, 0.157]
  [result] Peak alignment: 0.157 at -170ms
  [null] Computing covariance-constrained null...
  [null] D_eff=4.6, expected |cos|=0.372
  [null] null_mean=0.355 ± 0.206
[saved] /project/bdoiron/dracoxu/rct-fsflow/paper_project_final/out_nofilter/temporal_alignment/temporal_alignment_horizontal_alltrials/temporal_20231025_SFEF.json
[saved] /project/bdoiron/dracoxu/rct-fsflow/paper_project_final/out_nofilter/temporal_alignment/temporal_alignment_horizontal_alltrials/temporal_20231025_SLIP.json

[done] Temporal alignment analysis complete

------------------------------------------------------------
Orientation: pooled, Filter: alltrials
Axes tag: axes_peakbin_saccCS-sacc-pooled-20mssw_nofilter
------------------------------------------------------------
======================================================================
TEMPORAL C-S ALIGNMENT ANALYSIS
======================================================================
Session: 20231025
Orientation: pooled
Filter mode: alltrials
Axes tag: axes_peakbin_saccCS-sacc-pooled-20mssw_nofilter
======================================================================
[auto] Using C window length from axes: 50ms

[temporal] Session 20231025, orientation=pooled, area=SFEF
  [S axis] Window: [-0, 50] ms
  [trials] 666 trials (orientation=pooled, PT>=200.0ms)
  [sliding] 28 window positions from -350ms to 200ms
  [window] Length=50ms, Step=20ms
  [result] 28 valid windows
  [result] Alignment range: [0.004, 0.373]
  [result] Peak alignment: 0.373 at -130ms
  [null] Computing covariance-constrained null...
  [null] D_eff=2.2, expected |cos|=0.543
  [null] null_mean=0.157 ± 0.091

[temporal] Session 20231025, orientation=pooled, area=SLIP
  [S axis] Window: [-0, 50] ms
  [trials] 666 trials (orientation=pooled, PT>=200.0ms)
  [sliding] 28 window positions from -350ms to 200ms
  [window] Length=50ms, Step=20ms
  [result] 28 valid windows
  [result] Alignment range: [0.004, 0.179]
  [result] Peak alignment: 0.179 at -190ms
  [null] Computing covariance-constrained null...
  [null] D_eff=1.2, expected |cos|=0.731
  [null] null_mean=0.161 ± 0.099
[saved] /project/bdoiron/dracoxu/rct-fsflow/paper_project_final/out_nofilter/temporal_alignment/temporal_alignment_pooled_alltrials/temporal_20231025_SFEF.json
[saved] /project/bdoiron/dracoxu/rct-fsflow/paper_project_final/out_nofilter/temporal_alignment/temporal_alignment_pooled_alltrials/temporal_20231025_SLIP.json

[done] Temporal alignment analysis complete

------------------------------------------------------------
Orientation: vertical, Filter: alltrials
Axes tag: axes_peakbin_saccCS-sacc-vertical-20mssw_nofilter
------------------------------------------------------------
======================================================================
TEMPORAL C-S ALIGNMENT ANALYSIS
======================================================================
Session: 20231025
Orientation: vertical
Filter mode: alltrials
Axes tag: axes_peakbin_saccCS-sacc-vertical-20mssw_nofilter
======================================================================
[auto] Using C window length from axes: 50ms

[temporal] Session 20231025, orientation=vertical, area=SFEF
  [S axis] Window: [-0, 50] ms
  [trials] 416 trials (orientation=vertical, PT>=200.0ms)
  [sliding] 28 window positions from -350ms to 200ms
  [window] Length=50ms, Step=20ms
  [result] 28 valid windows
  [result] Alignment range: [0.015, 0.239]
  [result] Peak alignment: 0.239 at -150ms
  [null] Computing covariance-constrained null...
  [null] D_eff=3.1, expected |cos|=0.452
  [null] null_mean=0.286 ± 0.160

[temporal] Session 20231025, orientation=vertical, area=SLIP
  [S axis] Window: [-0, 50] ms
  [trials] 416 trials (orientation=vertical, PT>=200.0ms)
  [sliding] 28 window positions from -350ms to 200ms
  [window] Length=50ms, Step=20ms
  [result] 28 valid windows
  [result] Alignment range: [0.006, 0.180]
  [result] Peak alignment: 0.180 at -250ms
  [null] Computing covariance-constrained null...
  [null] D_eff=4.7, expected |cos|=0.369
  [null] null_mean=0.236 ± 0.163
[saved] /project/bdoiron/dracoxu/rct-fsflow/paper_project_final/out_nofilter/temporal_alignment/temporal_alignment_vertical_alltrials/temporal_20231025_SFEF.json
[saved] /project/bdoiron/dracoxu/rct-fsflow/paper_project_final/out_nofilter/temporal_alignment/temporal_alignment_vertical_alltrials/temporal_20231025_SLIP.json

[done] Temporal alignment analysis complete

==============================================================
[done] Temporal alignment analysis complete for SID=20231025
==============================================================
