==============================================================
TEMPORAL C-S ALIGNMENT ANALYSIS
Session: 20231121 (task 20)
==============================================================

==============================================================
CORRECT-ONLY TRIALS (out/)
==============================================================

------------------------------------------------------------
Orientation: horizontal, Filter: correctonly
Axes tag: axes_peakbin_saccCS-sacc-horizontal-20mssw
------------------------------------------------------------
======================================================================
TEMPORAL C-S ALIGNMENT ANALYSIS
======================================================================
Session: 20231121
Orientation: horizontal
Filter mode: alltrials
Axes tag: axes_peakbin_saccCS-sacc-horizontal-20mssw
======================================================================
[auto] Using C window length from axes: 50ms

[temporal] Session 20231121, orientation=horizontal, area=SFEF
  [S axis] Window: [-100, 50] ms
  [trials] 308 trials (orientation=horizontal, PT>=200.0ms)
  [sliding] 28 window positions from -350ms to 200ms
  [window] Length=50ms, Step=20ms
  [result] 28 valid windows
  [result] Alignment range: [0.044, 0.341]
  [result] Peak alignment: 0.341 at 110ms
  [null] Computing covariance-constrained null...
  [null] D_eff=1.8, expected |cos|=0.590
  [null] null_mean=0.182 ± 0.136

[temporal] Session 20231121, orientation=horizontal, area=SLIP
  [S axis] Window: [-160, -60] ms
  [trials] 308 trials (orientation=horizontal, PT>=200.0ms)
  [sliding] 28 window positions from -350ms to 200ms
  [window] Length=50ms, Step=20ms
  [result] 28 valid windows
  [result] Alignment range: [0.007, 0.275]
  [result] Peak alignment: 0.275 at -190ms
  [null] Computing covariance-constrained null...
  [null] D_eff=2.5, expected |cos|=0.504
  [null] null_mean=0.188 ± 0.111
[saved] /project/bdoiron/dracoxu/rct-fsflow/paper_project_final/out/temporal_alignment/temporal_alignment_horizontal_correctonly/temporal_20231121_SFEF.json
[saved] /project/bdoiron/dracoxu/rct-fsflow/paper_project_final/out/temporal_alignment/temporal_alignment_horizontal_correctonly/temporal_20231121_SLIP.json

[done] Temporal alignment analysis complete

------------------------------------------------------------
Orientation: pooled, Filter: correctonly
Axes tag: axes_peakbin_saccCS-sacc-pooled-20mssw
------------------------------------------------------------
======================================================================
TEMPORAL C-S ALIGNMENT ANALYSIS
======================================================================
Session: 20231121
Orientation: pooled
Filter mode: alltrials
Axes tag: axes_peakbin_saccCS-sacc-pooled-20mssw
======================================================================
[auto] Using C window length from axes: 50ms

[temporal] Session 20231121, orientation=pooled, area=SFEF
  [S axis] Window: [-20, 30] ms
  [trials] 749 trials (orientation=pooled, PT>=200.0ms)
  [sliding] 28 window positions from -350ms to 200ms
  [window] Length=50ms, Step=20ms
  [result] 28 valid windows
  [result] Alignment range: [0.005, 0.277]
  [result] Peak alignment: 0.277 at -310ms
  [null] Computing covariance-constrained null...
  [null] D_eff=2.5, expected |cos|=0.505
  [null] null_mean=0.158 ± 0.084

[temporal] Session 20231121, orientation=pooled, area=SLIP
  [S axis] Window: [-60, 40] ms
  [trials] 749 trials (orientation=pooled, PT>=200.0ms)
  [sliding] 28 window positions from -350ms to 200ms
  [window] Length=50ms, Step=20ms
  [result] 28 valid windows
  [result] Alignment range: [0.000, 0.319]
  [result] Peak alignment: 0.319 at -310ms
  [null] Computing covariance-constrained null...
  [null] D_eff=1.5, expected |cos|=0.651
  [null] null_mean=0.148 ± 0.088
[saved] /project/bdoiron/dracoxu/rct-fsflow/paper_project_final/out/temporal_alignment/temporal_alignment_pooled_correctonly/temporal_20231121_SFEF.json
[saved] /project/bdoiron/dracoxu/rct-fsflow/paper_project_final/out/temporal_alignment/temporal_alignment_pooled_correctonly/temporal_20231121_SLIP.json

[done] Temporal alignment analysis complete

------------------------------------------------------------
Orientation: vertical, Filter: correctonly
Axes tag: axes_peakbin_saccCS-sacc-vertical-20mssw
------------------------------------------------------------
======================================================================
TEMPORAL C-S ALIGNMENT ANALYSIS
======================================================================
Session: 20231121
Orientation: vertical
Filter mode: alltrials
Axes tag: axes_peakbin_saccCS-sacc-vertical-20mssw
======================================================================
[auto] Using C window length from axes: 50ms

[temporal] Session 20231121, orientation=vertical, area=SFEF
  [S axis] Window: [-20, 30] ms
  [trials] 441 trials (orientation=vertical, PT>=200.0ms)
  [sliding] 28 window positions from -350ms to 200ms
  [window] Length=50ms, Step=20ms
  [result] 28 valid windows
  [result] Alignment range: [0.008, 0.311]
  [result] Peak alignment: 0.311 at -70ms
  [null] Computing covariance-constrained null...
  [null] D_eff=5.1, expected |cos|=0.353
  [null] null_mean=0.142 ± 0.090

[temporal] Session 20231121, orientation=vertical, area=SLIP
  [S axis] Window: [-40, 10] ms
  [trials] 441 trials (orientation=vertical, PT>=200.0ms)
  [sliding] 28 window positions from -350ms to 200ms
  [window] Length=50ms, Step=20ms
  [result] 28 valid windows
  [result] Alignment range: [0.018, 0.479]
  [result] Peak alignment: 0.479 at -290ms
  [null] Computing covariance-constrained null...
  [null] D_eff=1.2, expected |cos|=0.729
  [null] null_mean=0.186 ± 0.075
[saved] /project/bdoiron/dracoxu/rct-fsflow/paper_project_final/out/temporal_alignment/temporal_alignment_vertical_correctonly/temporal_20231121_SFEF.json
[saved] /project/bdoiron/dracoxu/rct-fsflow/paper_project_final/out/temporal_alignment/temporal_alignment_vertical_correctonly/temporal_20231121_SLIP.json

[done] Temporal alignment analysis complete

==============================================================
ALL TRIALS (out_nofilter/)
==============================================================

------------------------------------------------------------
Orientation: horizontal, Filter: alltrials
Axes tag: axes_peakbin_saccCS-sacc-horizontal-20mssw_nofilter
------------------------------------------------------------
======================================================================
TEMPORAL C-S ALIGNMENT ANALYSIS
======================================================================
Session: 20231121
Orientation: horizontal
Filter mode: alltrials
Axes tag: axes_peakbin_saccCS-sacc-horizontal-20mssw_nofilter
======================================================================
[auto] Using C window length from axes: 50ms

[temporal] Session 20231121, orientation=horizontal, area=SFEF
  [S axis] Window: [-0, 50] ms
  [trials] 350 trials (orientation=horizontal, PT>=200.0ms)
  [sliding] 28 window positions from -350ms to 200ms
  [window] Length=50ms, Step=20ms
  [result] 28 valid windows
  [result] Alignment range: [0.008, 0.366]
  [result] Peak alignment: 0.366 at -190ms
  [null] Computing covariance-constrained null...
  [null] D_eff=1.7, expected |cos|=0.606
  [null] null_mean=0.189 ± 0.153

[temporal] Session 20231121, orientation=horizontal, area=SLIP
  [S axis] Window: [-140, -90] ms
  [trials] 350 trials (orientation=horizontal, PT>=200.0ms)
  [sliding] 28 window positions from -350ms to 200ms
  [window] Length=50ms, Step=20ms
  [result] 28 valid windows
  [result] Alignment range: [0.006, 0.343]
  [result] Peak alignment: 0.343 at 110ms
  [null] Computing covariance-constrained null...
  [null] D_eff=2.4, expected |cos|=0.515
  [null] null_mean=0.289 ± 0.148
[saved] /project/bdoiron/dracoxu/rct-fsflow/paper_project_final/out_nofilter/temporal_alignment/temporal_alignment_horizontal_alltrials/temporal_20231121_SFEF.json
[saved] /project/bdoiron/dracoxu/rct-fsflow/paper_project_final/out_nofilter/temporal_alignment/temporal_alignment_horizontal_alltrials/temporal_20231121_SLIP.json

[done] Temporal alignment analysis complete

------------------------------------------------------------
Orientation: pooled, Filter: alltrials
Axes tag: axes_peakbin_saccCS-sacc-pooled-20mssw_nofilter
------------------------------------------------------------
======================================================================
TEMPORAL C-S ALIGNMENT ANALYSIS
======================================================================
Session: 20231121
Orientation: pooled
Filter mode: alltrials
Axes tag: axes_peakbin_saccCS-sacc-pooled-20mssw_nofilter
======================================================================
[auto] Using C window length from axes: 50ms

[temporal] Session 20231121, orientation=pooled, area=SFEF
  [S axis] Window: [-20, 30] ms
  [trials] 866 trials (orientation=pooled, PT>=200.0ms)
  [sliding] 28 window positions from -350ms to 200ms
  [window] Length=50ms, Step=20ms
  [result] 28 valid windows
  [result] Alignment range: [0.002, 0.266]
  [result] Peak alignment: 0.266 at 110ms
  [null] Computing covariance-constrained null...
  [null] D_eff=2.5, expected |cos|=0.507
  [null] null_mean=0.146 ± 0.078

[temporal] Session 20231121, orientation=pooled, area=SLIP
  [S axis] Window: [-140, -90] ms
  [trials] 866 trials (orientation=pooled, PT>=200.0ms)
  [sliding] 28 window positions from -350ms to 200ms
  [window] Length=50ms, Step=20ms
  [result] 28 valid windows
  [result] Alignment range: [0.005, 0.430]
  [result] Peak alignment: 0.430 at -250ms
  [null] Computing covariance-constrained null...
  [null] D_eff=1.6, expected |cos|=0.635
  [null] null_mean=0.104 ± 0.070
[saved] /project/bdoiron/dracoxu/rct-fsflow/paper_project_final/out_nofilter/temporal_alignment/temporal_alignment_pooled_alltrials/temporal_20231121_SFEF.json
[saved] /project/bdoiron/dracoxu/rct-fsflow/paper_project_final/out_nofilter/temporal_alignment/temporal_alignment_pooled_alltrials/temporal_20231121_SLIP.json

[done] Temporal alignment analysis complete

------------------------------------------------------------
Orientation: vertical, Filter: alltrials
Axes tag: axes_peakbin_saccCS-sacc-vertical-20mssw_nofilter
------------------------------------------------------------
======================================================================
TEMPORAL C-S ALIGNMENT ANALYSIS
======================================================================
Session: 20231121
Orientation: vertical
Filter mode: alltrials
Axes tag: axes_peakbin_saccCS-sacc-vertical-20mssw_nofilter
======================================================================
[auto] Using C window length from axes: 50ms

[temporal] Session 20231121, orientation=vertical, area=SFEF
  [S axis] Window: [-20, 30] ms
  [trials] 516 trials (orientation=vertical, PT>=200.0ms)
  [sliding] 28 window positions from -350ms to 200ms
  [window] Length=50ms, Step=20ms
  [result] 28 valid windows
  [result] Alignment range: [0.002, 0.295]
  [result] Peak alignment: 0.295 at -70ms
  [null] Computing covariance-constrained null...
  [null] D_eff=4.9, expected |cos|=0.361
  [null] null_mean=0.114 ± 0.074

[temporal] Session 20231121, orientation=vertical, area=SLIP
  [S axis] Window: [-0, 50] ms
  [trials] 516 trials (orientation=vertical, PT>=200.0ms)
  [sliding] 28 window positions from -350ms to 200ms
  [window] Length=50ms, Step=20ms
  [result] 28 valid windows
  [result] Alignment range: [0.001, 0.335]
  [result] Peak alignment: 0.335 at -330ms
  [null] Computing covariance-constrained null...
  [null] D_eff=1.2, expected |cos|=0.724
  [null] null_mean=0.203 ± 0.070
[saved] /project/bdoiron/dracoxu/rct-fsflow/paper_project_final/out_nofilter/temporal_alignment/temporal_alignment_vertical_alltrials/temporal_20231121_SFEF.json
[saved] /project/bdoiron/dracoxu/rct-fsflow/paper_project_final/out_nofilter/temporal_alignment/temporal_alignment_vertical_alltrials/temporal_20231121_SLIP.json

[done] Temporal alignment analysis complete

==============================================================
[done] Temporal alignment analysis complete for SID=20231121
==============================================================
