==============================================================
TEMPORAL C-S ALIGNMENT ANALYSIS
Session: 20200401 (task 3)
==============================================================

==============================================================
CORRECT-ONLY TRIALS (out/)
==============================================================

------------------------------------------------------------
Orientation: horizontal, Filter: correctonly
Axes tag: axes_peakbin_saccCS-sacc-horizontal-20mssw
------------------------------------------------------------
======================================================================
TEMPORAL C-S ALIGNMENT ANALYSIS
======================================================================
Session: 20200401
Orientation: horizontal
Filter mode: alltrials
Axes tag: axes_peakbin_saccCS-sacc-horizontal-20mssw
======================================================================
[auto] Using C window length from axes: 100ms

[temporal] Session 20200401, orientation=horizontal, area=MFEF
  [S axis] Window: [-20, 30] ms
  [trials] 250 trials (orientation=horizontal, PT>=200.0ms)
  [sliding] 28 window positions from -350ms to 200ms
  [window] Length=100ms, Step=20ms
  [result] 28 valid windows
  [result] Alignment range: [0.051, 0.307]
  [result] Peak alignment: 0.307 at 190ms

[temporal] Session 20200401, orientation=horizontal, area=MLIP
  [S axis] Window: [-0, 50] ms
  [trials] 250 trials (orientation=horizontal, PT>=200.0ms)
  [sliding] 28 window positions from -350ms to 200ms
  [window] Length=100ms, Step=20ms
  [result] 28 valid windows
  [result] Alignment range: [0.002, 0.180]
  [result] Peak alignment: 0.180 at -170ms
[saved] /project/bdoiron/dracoxu/rct-fsflow/paper_project_final/out/temporal_alignment/temporal_alignment_horizontal_correctonly/temporal_20200401_MFEF.json
[saved] /project/bdoiron/dracoxu/rct-fsflow/paper_project_final/out/temporal_alignment/temporal_alignment_horizontal_correctonly/temporal_20200401_MLIP.json

[done] Temporal alignment analysis complete

------------------------------------------------------------
Orientation: pooled, Filter: correctonly
Axes tag: axes_peakbin_saccCS-sacc-pooled-20mssw
------------------------------------------------------------
======================================================================
TEMPORAL C-S ALIGNMENT ANALYSIS
======================================================================
Session: 20200401
Orientation: pooled
Filter mode: alltrials
Axes tag: axes_peakbin_saccCS-sacc-pooled-20mssw
======================================================================
[auto] Using C window length from axes: 50ms

[temporal] Session 20200401, orientation=pooled, area=MFEF
  [S axis] Window: [-0, 50] ms
  [trials] 503 trials (orientation=pooled, PT>=200.0ms)
  [sliding] 28 window positions from -350ms to 200ms
  [window] Length=50ms, Step=20ms
  [result] 28 valid windows
  [result] Alignment range: [0.019, 0.361]
  [result] Peak alignment: 0.361 at 190ms

[temporal] Session 20200401, orientation=pooled, area=MLIP
  [S axis] Window: [-0, 50] ms
  [trials] 503 trials (orientation=pooled, PT>=200.0ms)
  [sliding] 28 window positions from -350ms to 200ms
  [window] Length=50ms, Step=20ms
  [result] 28 valid windows
  [result] Alignment range: [0.002, 0.225]
  [result] Peak alignment: 0.225 at -290ms
[saved] /project/bdoiron/dracoxu/rct-fsflow/paper_project_final/out/temporal_alignment/temporal_alignment_pooled_correctonly/temporal_20200401_MFEF.json
[saved] /project/bdoiron/dracoxu/rct-fsflow/paper_project_final/out/temporal_alignment/temporal_alignment_pooled_correctonly/temporal_20200401_MLIP.json

[done] Temporal alignment analysis complete

------------------------------------------------------------
Orientation: vertical, Filter: correctonly
Axes tag: axes_peakbin_saccCS-sacc-vertical-20mssw
------------------------------------------------------------
======================================================================
TEMPORAL C-S ALIGNMENT ANALYSIS
======================================================================
Session: 20200401
Orientation: vertical
Filter mode: alltrials
Axes tag: axes_peakbin_saccCS-sacc-vertical-20mssw
======================================================================
[auto] Using C window length from axes: 50ms

[temporal] Session 20200401, orientation=vertical, area=MFEF
  [S axis] Window: [-0, 50] ms
  [trials] 253 trials (orientation=vertical, PT>=200.0ms)
  [sliding] 28 window positions from -350ms to 200ms
  [window] Length=50ms, Step=20ms
  [result] 28 valid windows
  [result] Alignment range: [0.004, 0.175]
  [result] Peak alignment: 0.175 at 130ms

[temporal] Session 20200401, orientation=vertical, area=MLIP
  [S axis] Window: [-0, 50] ms
  [trials] 253 trials (orientation=vertical, PT>=200.0ms)
  [sliding] 28 window positions from -350ms to 200ms
  [window] Length=50ms, Step=20ms
  [result] 28 valid windows
  [result] Alignment range: [0.001, 0.138]
  [result] Peak alignment: 0.138 at -90ms
[saved] /project/bdoiron/dracoxu/rct-fsflow/paper_project_final/out/temporal_alignment/temporal_alignment_vertical_correctonly/temporal_20200401_MFEF.json
[saved] /project/bdoiron/dracoxu/rct-fsflow/paper_project_final/out/temporal_alignment/temporal_alignment_vertical_correctonly/temporal_20200401_MLIP.json

[done] Temporal alignment analysis complete

==============================================================
ALL TRIALS (out_nofilter/)
==============================================================

------------------------------------------------------------
Orientation: horizontal, Filter: alltrials
Axes tag: axes_peakbin_saccCS-sacc-horizontal-20mssw_nofilter
------------------------------------------------------------
======================================================================
TEMPORAL C-S ALIGNMENT ANALYSIS
======================================================================
Session: 20200401
Orientation: horizontal
Filter mode: alltrials
Axes tag: axes_peakbin_saccCS-sacc-horizontal-20mssw_nofilter
======================================================================
[auto] Using C window length from axes: 100ms

[temporal] Session 20200401, orientation=horizontal, area=MFEF
  [S axis] Window: [-20, 30] ms
  [trials] 257 trials (orientation=horizontal, PT>=200.0ms)
  [sliding] 28 window positions from -350ms to 200ms
  [window] Length=100ms, Step=20ms
  [result] 28 valid windows
  [result] Alignment range: [0.044, 0.299]
  [result] Peak alignment: 0.299 at 190ms

[temporal] Session 20200401, orientation=horizontal, area=MLIP
  [S axis] Window: [-0, 50] ms
  [trials] 257 trials (orientation=horizontal, PT>=200.0ms)
  [sliding] 28 window positions from -350ms to 200ms
  [window] Length=100ms, Step=20ms
  [result] 28 valid windows
  [result] Alignment range: [0.000, 0.182]
  [result] Peak alignment: 0.182 at -170ms
[saved] /project/bdoiron/dracoxu/rct-fsflow/paper_project_final/out_nofilter/temporal_alignment/temporal_alignment_horizontal_alltrials/temporal_20200401_MFEF.json
[saved] /project/bdoiron/dracoxu/rct-fsflow/paper_project_final/out_nofilter/temporal_alignment/temporal_alignment_horizontal_alltrials/temporal_20200401_MLIP.json

[done] Temporal alignment analysis complete

------------------------------------------------------------
Orientation: pooled, Filter: alltrials
Axes tag: axes_peakbin_saccCS-sacc-pooled-20mssw_nofilter
------------------------------------------------------------
======================================================================
TEMPORAL C-S ALIGNMENT ANALYSIS
======================================================================
Session: 20200401
Orientation: pooled
Filter mode: alltrials
Axes tag: axes_peakbin_saccCS-sacc-pooled-20mssw_nofilter
======================================================================
[auto] Using C window length from axes: 100ms

[temporal] Session 20200401, orientation=pooled, area=MFEF
  [S axis] Window: [-0, 50] ms
  [trials] 518 trials (orientation=pooled, PT>=200.0ms)
  [sliding] 28 window positions from -350ms to 200ms
  [window] Length=100ms, Step=20ms
  [result] 28 valid windows
  [result] Alignment range: [0.002, 0.353]
  [result] Peak alignment: 0.353 at 190ms

[temporal] Session 20200401, orientation=pooled, area=MLIP
  [S axis] Window: [-0, 50] ms
  [trials] 518 trials (orientation=pooled, PT>=200.0ms)
  [sliding] 28 window positions from -350ms to 200ms
  [window] Length=100ms, Step=20ms
  [result] 28 valid windows
  [result] Alignment range: [0.002, 0.196]
  [result] Peak alignment: 0.196 at -290ms
[saved] /project/bdoiron/dracoxu/rct-fsflow/paper_project_final/out_nofilter/temporal_alignment/temporal_alignment_pooled_alltrials/temporal_20200401_MFEF.json
[saved] /project/bdoiron/dracoxu/rct-fsflow/paper_project_final/out_nofilter/temporal_alignment/temporal_alignment_pooled_alltrials/temporal_20200401_MLIP.json

[done] Temporal alignment analysis complete

------------------------------------------------------------
Orientation: vertical, Filter: alltrials
Axes tag: axes_peakbin_saccCS-sacc-vertical-20mssw_nofilter
------------------------------------------------------------
======================================================================
TEMPORAL C-S ALIGNMENT ANALYSIS
======================================================================
Session: 20200401
Orientation: vertical
Filter mode: alltrials
Axes tag: axes_peakbin_saccCS-sacc-vertical-20mssw_nofilter
======================================================================
[auto] Using C window length from axes: 50ms

[temporal] Session 20200401, orientation=vertical, area=MFEF
  [S axis] Window: [-0, 50] ms
  [trials] 261 trials (orientation=vertical, PT>=200.0ms)
  [sliding] 28 window positions from -350ms to 200ms
  [window] Length=50ms, Step=20ms
  [result] 28 valid windows
  [result] Alignment range: [0.000, 0.121]
  [result] Peak alignment: 0.121 at -250ms

[temporal] Session 20200401, orientation=vertical, area=MLIP
  [S axis] Window: [-0, 50] ms
  [trials] 261 trials (orientation=vertical, PT>=200.0ms)
  [sliding] 28 window positions from -350ms to 200ms
  [window] Length=50ms, Step=20ms
  [result] 28 valid windows
  [result] Alignment range: [0.000, 0.138]
  [result] Peak alignment: 0.138 at -90ms
[saved] /project/bdoiron/dracoxu/rct-fsflow/paper_project_final/out_nofilter/temporal_alignment/temporal_alignment_vertical_alltrials/temporal_20200401_MFEF.json
[saved] /project/bdoiron/dracoxu/rct-fsflow/paper_project_final/out_nofilter/temporal_alignment/temporal_alignment_vertical_alltrials/temporal_20200401_MLIP.json

[done] Temporal alignment analysis complete

==============================================================
[done] Temporal alignment analysis complete for SID=20200401
==============================================================
