==============================================================
TEMPORAL C-S ALIGNMENT ANALYSIS
Session: 20200327 (task 1)
==============================================================

==============================================================
CORRECT-ONLY TRIALS (out/)
==============================================================

------------------------------------------------------------
Orientation: horizontal, Filter: correctonly
Axes tag: axes_peakbin_saccCS-sacc-horizontal-20mssw
------------------------------------------------------------
======================================================================
TEMPORAL C-S ALIGNMENT ANALYSIS
======================================================================
Session: 20200327
Orientation: horizontal
Filter mode: alltrials
Axes tag: axes_peakbin_saccCS-sacc-horizontal-20mssw
======================================================================
[auto] Using C window length from axes: 150ms

[temporal] Session 20200327, orientation=horizontal, area=MFEF
  [S axis] Window: [-0, 50] ms
  [trials] 284 trials (orientation=horizontal, PT>=200.0ms)
  [sliding] 28 window positions from -350ms to 200ms
  [window] Length=150ms, Step=20ms
  [result] 28 valid windows
  [result] Alignment range: [0.006, 0.273]
  [result] Peak alignment: 0.273 at 30ms
  [null] Computing covariance-constrained null...
  [null] D_eff=2.2, expected |cos|=0.541
  [null] null_mean=0.067 ± 0.052

[temporal] Session 20200327, orientation=horizontal, area=MLIP
  [S axis] Window: [-0, 50] ms
  [trials] 284 trials (orientation=horizontal, PT>=200.0ms)
  [sliding] 28 window positions from -350ms to 200ms
  [window] Length=150ms, Step=20ms
  [result] 28 valid windows
  [result] Alignment range: [0.003, 0.129]
  [result] Peak alignment: 0.129 at -290ms
  [null] Computing covariance-constrained null...
  [null] D_eff=3.3, expected |cos|=0.441
  [null] null_mean=0.177 ± 0.099
[saved] /project/bdoiron/dracoxu/rct-fsflow/paper_project_final/out/temporal_alignment/temporal_alignment_horizontal_correctonly/temporal_20200327_MFEF.json
[saved] /project/bdoiron/dracoxu/rct-fsflow/paper_project_final/out/temporal_alignment/temporal_alignment_horizontal_correctonly/temporal_20200327_MLIP.json

[done] Temporal alignment analysis complete

------------------------------------------------------------
Orientation: pooled, Filter: correctonly
Axes tag: axes_peakbin_saccCS-sacc-pooled-20mssw
------------------------------------------------------------
======================================================================
TEMPORAL C-S ALIGNMENT ANALYSIS
======================================================================
Session: 20200327
Orientation: pooled
Filter mode: alltrials
Axes tag: axes_peakbin_saccCS-sacc-pooled-20mssw
======================================================================
[auto] Using C window length from axes: 50ms

[temporal] Session 20200327, orientation=pooled, area=MFEF
  [S axis] Window: [-200, -100] ms
  [trials] 545 trials (orientation=pooled, PT>=200.0ms)
  [sliding] 28 window positions from -350ms to 200ms
  [window] Length=50ms, Step=20ms
  [result] 28 valid windows
  [result] Alignment range: [0.003, 0.270]
  [result] Peak alignment: 0.270 at -350ms
  [null] Computing covariance-constrained null...
  [null] D_eff=3.2, expected |cos|=0.448
  [null] null_mean=0.248 ± 0.154

[temporal] Session 20200327, orientation=pooled, area=MLIP
  [S axis] Window: [-60, -10] ms
  [trials] 545 trials (orientation=pooled, PT>=200.0ms)
  [sliding] 28 window positions from -350ms to 200ms
  [window] Length=50ms, Step=20ms
  [result] 28 valid windows
  [result] Alignment range: [0.011, 0.168]
  [result] Peak alignment: 0.168 at -350ms
  [null] Computing covariance-constrained null...
  [null] D_eff=3.2, expected |cos|=0.448
  [null] null_mean=0.121 ± 0.070
[saved] /project/bdoiron/dracoxu/rct-fsflow/paper_project_final/out/temporal_alignment/temporal_alignment_pooled_correctonly/temporal_20200327_MFEF.json
[saved] /project/bdoiron/dracoxu/rct-fsflow/paper_project_final/out/temporal_alignment/temporal_alignment_pooled_correctonly/temporal_20200327_MLIP.json

[done] Temporal alignment analysis complete

------------------------------------------------------------
Orientation: vertical, Filter: correctonly
Axes tag: axes_peakbin_saccCS-sacc-vertical-20mssw
------------------------------------------------------------
======================================================================
TEMPORAL C-S ALIGNMENT ANALYSIS
======================================================================
Session: 20200327
Orientation: vertical
Filter mode: alltrials
Axes tag: axes_peakbin_saccCS-sacc-vertical-20mssw
======================================================================
[auto] Using C window length from axes: 100ms

[temporal] Session 20200327, orientation=vertical, area=MFEF
  [S axis] Window: [-100, 50] ms
  [trials] 261 trials (orientation=vertical, PT>=200.0ms)
  [sliding] 28 window positions from -350ms to 200ms
  [window] Length=100ms, Step=20ms
  [result] 28 valid windows
  [result] Alignment range: [0.013, 0.337]
  [result] Peak alignment: 0.337 at 130ms
  [null] Computing covariance-constrained null...
  [null] D_eff=2.8, expected |cos|=0.477
  [null] null_mean=0.206 ± 0.110

[temporal] Session 20200327, orientation=vertical, area=MLIP
  [S axis] Window: [-60, -10] ms
  [trials] 261 trials (orientation=vertical, PT>=200.0ms)
  [sliding] 28 window positions from -350ms to 200ms
  [window] Length=100ms, Step=20ms
  [result] 28 valid windows
  [result] Alignment range: [0.010, 0.134]
  [result] Peak alignment: 0.134 at -330ms
  [null] Computing covariance-constrained null...
  [null] D_eff=2.9, expected |cos|=0.467
  [null] null_mean=0.191 ± 0.099
[saved] /project/bdoiron/dracoxu/rct-fsflow/paper_project_final/out/temporal_alignment/temporal_alignment_vertical_correctonly/temporal_20200327_MFEF.json
[saved] /project/bdoiron/dracoxu/rct-fsflow/paper_project_final/out/temporal_alignment/temporal_alignment_vertical_correctonly/temporal_20200327_MLIP.json

[done] Temporal alignment analysis complete

==============================================================
ALL TRIALS (out_nofilter/)
==============================================================

------------------------------------------------------------
Orientation: horizontal, Filter: alltrials
Axes tag: axes_peakbin_saccCS-sacc-horizontal-20mssw_nofilter
------------------------------------------------------------
======================================================================
TEMPORAL C-S ALIGNMENT ANALYSIS
======================================================================
Session: 20200327
Orientation: horizontal
Filter mode: alltrials
Axes tag: axes_peakbin_saccCS-sacc-horizontal-20mssw_nofilter
======================================================================
[auto] Using C window length from axes: 150ms

[temporal] Session 20200327, orientation=horizontal, area=MFEF
  [S axis] Window: [-120, -20] ms
  [trials] 291 trials (orientation=horizontal, PT>=200.0ms)
  [sliding] 28 window positions from -350ms to 200ms
  [window] Length=150ms, Step=20ms
  [result] 28 valid windows
  [result] Alignment range: [0.006, 0.307]
  [result] Peak alignment: 0.307 at -330ms
  [null] Computing covariance-constrained null...
  [null] D_eff=2.1, expected |cos|=0.547
  [null] null_mean=0.079 ± 0.062

[temporal] Session 20200327, orientation=horizontal, area=MLIP
  [S axis] Window: [-0, 50] ms
  [trials] 291 trials (orientation=horizontal, PT>=200.0ms)
  [sliding] 28 window positions from -350ms to 200ms
  [window] Length=150ms, Step=20ms
  [result] 28 valid windows
  [result] Alignment range: [0.025, 0.157]
  [result] Peak alignment: 0.157 at -290ms
  [null] Computing covariance-constrained null...
  [null] D_eff=3.4, expected |cos|=0.435
  [null] null_mean=0.161 ± 0.094
[saved] /project/bdoiron/dracoxu/rct-fsflow/paper_project_final/out_nofilter/temporal_alignment/temporal_alignment_horizontal_alltrials/temporal_20200327_MFEF.json
[saved] /project/bdoiron/dracoxu/rct-fsflow/paper_project_final/out_nofilter/temporal_alignment/temporal_alignment_horizontal_alltrials/temporal_20200327_MLIP.json

[done] Temporal alignment analysis complete

------------------------------------------------------------
Orientation: pooled, Filter: alltrials
Axes tag: axes_peakbin_saccCS-sacc-pooled-20mssw_nofilter
------------------------------------------------------------
======================================================================
TEMPORAL C-S ALIGNMENT ANALYSIS
======================================================================
Session: 20200327
Orientation: pooled
Filter mode: alltrials
Axes tag: axes_peakbin_saccCS-sacc-pooled-20mssw_nofilter
======================================================================
[auto] Using C window length from axes: 50ms

[temporal] Session 20200327, orientation=pooled, area=MFEF
  [S axis] Window: [-100, -50] ms
  [trials] 567 trials (orientation=pooled, PT>=200.0ms)
  [sliding] 28 window positions from -350ms to 200ms
  [window] Length=50ms, Step=20ms
  [result] 28 valid windows
  [result] Alignment range: [0.007, 0.337]
  [result] Peak alignment: 0.337 at -270ms
  [null] Computing covariance-constrained null...
  [null] D_eff=3.1, expected |cos|=0.454
  [null] null_mean=0.116 ± 0.080

[temporal] Session 20200327, orientation=pooled, area=MLIP
  [S axis] Window: [-160, -10] ms
  [trials] 567 trials (orientation=pooled, PT>=200.0ms)
  [sliding] 28 window positions from -350ms to 200ms
  [window] Length=50ms, Step=20ms
  [result] 28 valid windows
  [result] Alignment range: [0.003, 0.202]
  [result] Peak alignment: 0.202 at -50ms
  [null] Computing covariance-constrained null...
  [null] D_eff=3.2, expected |cos|=0.445
  [null] null_mean=0.075 ± 0.050
[saved] /project/bdoiron/dracoxu/rct-fsflow/paper_project_final/out_nofilter/temporal_alignment/temporal_alignment_pooled_alltrials/temporal_20200327_MFEF.json
[saved] /project/bdoiron/dracoxu/rct-fsflow/paper_project_final/out_nofilter/temporal_alignment/temporal_alignment_pooled_alltrials/temporal_20200327_MLIP.json

[done] Temporal alignment analysis complete

------------------------------------------------------------
Orientation: vertical, Filter: alltrials
Axes tag: axes_peakbin_saccCS-sacc-vertical-20mssw_nofilter
------------------------------------------------------------
======================================================================
TEMPORAL C-S ALIGNMENT ANALYSIS
======================================================================
Session: 20200327
Orientation: vertical
Filter mode: alltrials
Axes tag: axes_peakbin_saccCS-sacc-vertical-20mssw_nofilter
======================================================================
[auto] Using C window length from axes: 100ms

[temporal] Session 20200327, orientation=vertical, area=MFEF
  [S axis] Window: [-60, -10] ms
  [trials] 276 trials (orientation=vertical, PT>=200.0ms)
  [sliding] 28 window positions from -350ms to 200ms
  [window] Length=100ms, Step=20ms
  [result] 28 valid windows
  [result] Alignment range: [0.011, 0.323]
  [result] Peak alignment: 0.323 at -330ms
  [null] Computing covariance-constrained null...
  [null] D_eff=2.7, expected |cos|=0.482
  [null] null_mean=0.191 ± 0.105

[temporal] Session 20200327, orientation=vertical, area=MLIP
  [S axis] Window: [-60, -10] ms
  [trials] 276 trials (orientation=vertical, PT>=200.0ms)
  [sliding] 28 window positions from -350ms to 200ms
  [window] Length=100ms, Step=20ms
  [result] 28 valid windows
  [result] Alignment range: [0.005, 0.128]
  [result] Peak alignment: 0.128 at -150ms
  [null] Computing covariance-constrained null...
  [null] D_eff=2.9, expected |cos|=0.466
  [null] null_mean=0.142 ± 0.077
[saved] /project/bdoiron/dracoxu/rct-fsflow/paper_project_final/out_nofilter/temporal_alignment/temporal_alignment_vertical_alltrials/temporal_20200327_MFEF.json
[saved] /project/bdoiron/dracoxu/rct-fsflow/paper_project_final/out_nofilter/temporal_alignment/temporal_alignment_vertical_alltrials/temporal_20200327_MLIP.json

[done] Temporal alignment analysis complete

==============================================================
[done] Temporal alignment analysis complete for SID=20200327
==============================================================
