==============================================================
TEMPORAL C-S ALIGNMENT ANALYSIS
Session: 20200402 (task 4)
==============================================================

==============================================================
CORRECT-ONLY TRIALS (out/)
==============================================================

------------------------------------------------------------
Orientation: horizontal, Filter: correctonly
Axes tag: axes_peakbin_saccCS-sacc-horizontal-20mssw
------------------------------------------------------------
======================================================================
TEMPORAL C-S ALIGNMENT ANALYSIS
======================================================================
Session: 20200402
Orientation: horizontal
Filter mode: alltrials
Axes tag: axes_peakbin_saccCS-sacc-horizontal-20mssw
======================================================================
[auto] Using C window length from axes: 50ms

[temporal] Session 20200402, orientation=horizontal, area=MFEF
  [S axis] Window: [-60, 40] ms
  [trials] 237 trials (orientation=horizontal, PT>=200.0ms)
  [sliding] 20 window positions from -300ms to 100ms
  [window] Length=50ms, Step=20ms
  [result] 20 valid windows
  [result] Alignment range: [0.009, 0.442]
  [result] Peak alignment: 0.442 at -280ms

[temporal] Session 20200402, orientation=horizontal, area=MLIP
  [S axis] Window: [-0, 50] ms
  [trials] 237 trials (orientation=horizontal, PT>=200.0ms)
  [sliding] 20 window positions from -300ms to 100ms
  [window] Length=50ms, Step=20ms
  [result] 20 valid windows
  [result] Alignment range: [0.000, 0.373]
  [result] Peak alignment: 0.373 at -100ms
[saved] /project/bdoiron/dracoxu/rct-fsflow/paper_project_final/out/temporal_alignment/temporal_alignment_horizontal_correctonly/temporal_20200402_MFEF.json
[saved] /project/bdoiron/dracoxu/rct-fsflow/paper_project_final/out/temporal_alignment/temporal_alignment_horizontal_correctonly/temporal_20200402_MLIP.json

[done] Temporal alignment analysis complete

------------------------------------------------------------
Orientation: pooled, Filter: correctonly
Axes tag: axes_peakbin_saccCS-sacc-pooled-20mssw
------------------------------------------------------------
======================================================================
TEMPORAL C-S ALIGNMENT ANALYSIS
======================================================================
Session: 20200402
Orientation: pooled
Filter mode: alltrials
Axes tag: axes_peakbin_saccCS-sacc-pooled-20mssw
======================================================================
[auto] Using C window length from axes: 50ms

[temporal] Session 20200402, orientation=pooled, area=MFEF
  [S axis] Window: [-0, 50] ms
  [trials] 454 trials (orientation=pooled, PT>=200.0ms)
  [sliding] 20 window positions from -300ms to 100ms
  [window] Length=50ms, Step=20ms
  [result] 20 valid windows
  [result] Alignment range: [0.018, 0.254]
  [result] Peak alignment: 0.254 at -220ms

[temporal] Session 20200402, orientation=pooled, area=MLIP
  [S axis] Window: [-0, 50] ms
  [trials] 454 trials (orientation=pooled, PT>=200.0ms)
  [sliding] 20 window positions from -300ms to 100ms
  [window] Length=50ms, Step=20ms
  [result] 20 valid windows
  [result] Alignment range: [0.002, 0.305]
  [result] Peak alignment: 0.305 at -100ms
[saved] /project/bdoiron/dracoxu/rct-fsflow/paper_project_final/out/temporal_alignment/temporal_alignment_pooled_correctonly/temporal_20200402_MFEF.json
[saved] /project/bdoiron/dracoxu/rct-fsflow/paper_project_final/out/temporal_alignment/temporal_alignment_pooled_correctonly/temporal_20200402_MLIP.json

[done] Temporal alignment analysis complete

------------------------------------------------------------
Orientation: vertical, Filter: correctonly
Axes tag: axes_peakbin_saccCS-sacc-vertical-20mssw
------------------------------------------------------------
======================================================================
TEMPORAL C-S ALIGNMENT ANALYSIS
======================================================================
Session: 20200402
Orientation: vertical
Filter mode: alltrials
Axes tag: axes_peakbin_saccCS-sacc-vertical-20mssw
======================================================================
[auto] Using C window length from axes: 50ms

[temporal] Session 20200402, orientation=vertical, area=MFEF
  [S axis] Window: [-20, 30] ms
  [trials] 217 trials (orientation=vertical, PT>=200.0ms)
  [sliding] 20 window positions from -300ms to 100ms
  [window] Length=50ms, Step=20ms
  [result] 20 valid windows
  [result] Alignment range: [0.017, 0.211]
  [result] Peak alignment: 0.211 at 80ms

[temporal] Session 20200402, orientation=vertical, area=MLIP
  [S axis] Window: [-0, 50] ms
  [trials] 217 trials (orientation=vertical, PT>=200.0ms)
  [sliding] 20 window positions from -300ms to 100ms
  [window] Length=50ms, Step=20ms
  [result] 20 valid windows
  [result] Alignment range: [0.008, 0.274]
  [result] Peak alignment: 0.274 at -180ms
[saved] /project/bdoiron/dracoxu/rct-fsflow/paper_project_final/out/temporal_alignment/temporal_alignment_vertical_correctonly/temporal_20200402_MFEF.json
[saved] /project/bdoiron/dracoxu/rct-fsflow/paper_project_final/out/temporal_alignment/temporal_alignment_vertical_correctonly/temporal_20200402_MLIP.json

[done] Temporal alignment analysis complete

==============================================================
ALL TRIALS (out_nofilter/)
==============================================================

------------------------------------------------------------
Orientation: horizontal, Filter: alltrials
Axes tag: axes_peakbin_saccCS-sacc-horizontal-20mssw_nofilter
------------------------------------------------------------
