==============================================================
TEMPORAL C-S ALIGNMENT ANALYSIS
Session: 20200327 (task 1)
==============================================================

==============================================================
CORRECT-ONLY TRIALS (out/)
==============================================================

------------------------------------------------------------
Orientation: horizontal, Filter: correctonly
Axes tag: axes_peakbin_saccCS-sacc-horizontal-20mssw
------------------------------------------------------------
======================================================================
TEMPORAL C-S ALIGNMENT ANALYSIS
======================================================================
Session: 20200327
Orientation: horizontal
Filter mode: alltrials
Axes tag: axes_peakbin_saccCS-sacc-horizontal-20mssw
======================================================================
[auto] Using C window length from axes: 150ms

[temporal] Session 20200327, orientation=horizontal, area=MFEF
  [S axis] Window: [-0, 50] ms
Traceback (most recent call last):
  File "/project/bdoiron/dracoxu/rct-fsflow/paper_project_final/cli/temporal_alignment_analysis.py", line 458, in <module>
    main()
  File "/project/bdoiron/dracoxu/rct-fsflow/paper_project_final/cli/temporal_alignment_analysis.py", line 421, in main
    result = run_temporal_alignment_analysis(
             ^^^^^^^^^^^^^^^^^^^^^^^^^^^^^^^^
  File "/project/bdoiron/dracoxu/rct-fsflow/paper_project_final/cli/temporal_alignment_analysis.py", line 228, in run_temporal_alignment_analysis
    keep = trial_mask(cache, orientation, pt_min_ms)
           ^^^^^^^^^^^^^^^^^^^^^^^^^^^^^^^^^^^^^^^^^
  File "/project/bdoiron/dracoxu/rct-fsflow/paper_project_final/cli/temporal_alignment_analysis.py", line 54, in trial_mask
    rf_pos = cache["lab_RF_position"]
             ~~~~~^^^^^^^^^^^^^^^^^^^
KeyError: 'lab_RF_position'
[WARN] Failed for horizontal (correctonly)

------------------------------------------------------------
Orientation: pooled, Filter: correctonly
Axes tag: axes_peakbin_saccCS-sacc-pooled-20mssw
------------------------------------------------------------
======================================================================
TEMPORAL C-S ALIGNMENT ANALYSIS
======================================================================
Session: 20200327
Orientation: pooled
Filter mode: alltrials
Axes tag: axes_peakbin_saccCS-sacc-pooled-20mssw
======================================================================
[auto] Using C window length from axes: 50ms

[temporal] Session 20200327, orientation=pooled, area=MFEF
  [S axis] Window: [-200, -100] ms
  [trials] 545 trials (orientation=pooled, PT>=200.0ms)
  [sliding] 20 window positions from -300ms to 100ms
  [window] Length=50ms, Step=20ms
Traceback (most recent call last):
  File "/project/bdoiron/dracoxu/rct-fsflow/paper_project_final/cli/temporal_alignment_analysis.py", line 458, in <module>
    main()
  File "/project/bdoiron/dracoxu/rct-fsflow/paper_project_final/cli/temporal_alignment_analysis.py", line 421, in main
    result = run_temporal_alignment_analysis(
             ^^^^^^^^^^^^^^^^^^^^^^^^^^^^^^^^
  File "/project/bdoiron/dracoxu/rct-fsflow/paper_project_final/cli/temporal_alignment_analysis.py", line 262, in run_temporal_alignment_analysis
    sC = train_C_axis_for_window(
         ^^^^^^^^^^^^^^^^^^^^^^^^
  File "/project/bdoiron/dracoxu/rct-fsflow/paper_project_final/cli/temporal_alignment_analysis.py", line 109, in train_C_axis_for_window
    y_cat = cache["lab_category"].astype(int)
            ~~~~~^^^^^^^^^^^^^^^^
KeyError: 'lab_category'
[WARN] Failed for pooled (correctonly)

------------------------------------------------------------
Orientation: vertical, Filter: correctonly
Axes tag: axes_peakbin_saccCS-sacc-vertical-20mssw
------------------------------------------------------------
======================================================================
TEMPORAL C-S ALIGNMENT ANALYSIS
======================================================================
Session: 20200327
Orientation: vertical
Filter mode: alltrials
Axes tag: axes_peakbin_saccCS-sacc-vertical-20mssw
======================================================================
[auto] Using C window length from axes: 100ms

[temporal] Session 20200327, orientation=vertical, area=MFEF
  [S axis] Window: [-100, 50] ms
Traceback (most recent call last):
  File "/project/bdoiron/dracoxu/rct-fsflow/paper_project_final/cli/temporal_alignment_analysis.py", line 458, in <module>
    main()
  File "/project/bdoiron/dracoxu/rct-fsflow/paper_project_final/cli/temporal_alignment_analysis.py", line 421, in main
    result = run_temporal_alignment_analysis(
             ^^^^^^^^^^^^^^^^^^^^^^^^^^^^^^^^
  File "/project/bdoiron/dracoxu/rct-fsflow/paper_project_final/cli/temporal_alignment_analysis.py", line 228, in run_temporal_alignment_analysis
    keep = trial_mask(cache, orientation, pt_min_ms)
           ^^^^^^^^^^^^^^^^^^^^^^^^^^^^^^^^^^^^^^^^^
  File "/project/bdoiron/dracoxu/rct-fsflow/paper_project_final/cli/temporal_alignment_analysis.py", line 57, in trial_mask
    rf_pos = cache["lab_RF_position"]
             ~~~~~^^^^^^^^^^^^^^^^^^^
KeyError: 'lab_RF_position'
[WARN] Failed for vertical (correctonly)

==============================================================
ALL TRIALS (out_nofilter/)
==============================================================

------------------------------------------------------------
Orientation: horizontal, Filter: alltrials
Axes tag: axes_peakbin_saccCS-sacc-horizontal-20mssw_nofilter
------------------------------------------------------------
======================================================================
TEMPORAL C-S ALIGNMENT ANALYSIS
======================================================================
Session: 20200327
Orientation: horizontal
Filter mode: alltrials
Axes tag: axes_peakbin_saccCS-sacc-horizontal-20mssw_nofilter
======================================================================
[auto] Using C window length from axes: 150ms

[temporal] Session 20200327, orientation=horizontal, area=MFEF
  [S axis] Window: [-120, -20] ms
Traceback (most recent call last):
  File "/project/bdoiron/dracoxu/rct-fsflow/paper_project_final/cli/temporal_alignment_analysis.py", line 458, in <module>
    main()
  File "/project/bdoiron/dracoxu/rct-fsflow/paper_project_final/cli/temporal_alignment_analysis.py", line 421, in main
    result = run_temporal_alignment_analysis(
             ^^^^^^^^^^^^^^^^^^^^^^^^^^^^^^^^
  File "/project/bdoiron/dracoxu/rct-fsflow/paper_project_final/cli/temporal_alignment_analysis.py", line 228, in run_temporal_alignment_analysis
    keep = trial_mask(cache, orientation, pt_min_ms)
           ^^^^^^^^^^^^^^^^^^^^^^^^^^^^^^^^^^^^^^^^^
  File "/project/bdoiron/dracoxu/rct-fsflow/paper_project_final/cli/temporal_alignment_analysis.py", line 54, in trial_mask
    rf_pos = cache["lab_RF_position"]
             ~~~~~^^^^^^^^^^^^^^^^^^^
KeyError: 'lab_RF_position'
[WARN] Failed for horizontal (alltrials)

------------------------------------------------------------
Orientation: pooled, Filter: alltrials
Axes tag: axes_peakbin_saccCS-sacc-pooled-20mssw_nofilter
------------------------------------------------------------
======================================================================
TEMPORAL C-S ALIGNMENT ANALYSIS
======================================================================
Session: 20200327
Orientation: pooled
Filter mode: alltrials
Axes tag: axes_peakbin_saccCS-sacc-pooled-20mssw_nofilter
======================================================================
[auto] Using C window length from axes: 50ms

[temporal] Session 20200327, orientation=pooled, area=MFEF
  [S axis] Window: [-100, -50] ms
  [trials] 567 trials (orientation=pooled, PT>=200.0ms)
  [sliding] 20 window positions from -300ms to 100ms
  [window] Length=50ms, Step=20ms
Traceback (most recent call last):
  File "/project/bdoiron/dracoxu/rct-fsflow/paper_project_final/cli/temporal_alignment_analysis.py", line 458, in <module>
    main()
  File "/project/bdoiron/dracoxu/rct-fsflow/paper_project_final/cli/temporal_alignment_analysis.py", line 421, in main
    result = run_temporal_alignment_analysis(
             ^^^^^^^^^^^^^^^^^^^^^^^^^^^^^^^^
  File "/project/bdoiron/dracoxu/rct-fsflow/paper_project_final/cli/temporal_alignment_analysis.py", line 262, in run_temporal_alignment_analysis
    sC = train_C_axis_for_window(
         ^^^^^^^^^^^^^^^^^^^^^^^^
  File "/project/bdoiron/dracoxu/rct-fsflow/paper_project_final/cli/temporal_alignment_analysis.py", line 109, in train_C_axis_for_window
    y_cat = cache["lab_category"].astype(int)
            ~~~~~^^^^^^^^^^^^^^^^
KeyError: 'lab_category'
[WARN] Failed for pooled (alltrials)

------------------------------------------------------------
Orientation: vertical, Filter: alltrials
Axes tag: axes_peakbin_saccCS-sacc-vertical-20mssw_nofilter
------------------------------------------------------------
======================================================================
TEMPORAL C-S ALIGNMENT ANALYSIS
======================================================================
Session: 20200327
Orientation: vertical
Filter mode: alltrials
Axes tag: axes_peakbin_saccCS-sacc-vertical-20mssw_nofilter
======================================================================
[auto] Using C window length from axes: 100ms

[temporal] Session 20200327, orientation=vertical, area=MFEF
  [S axis] Window: [-60, -10] ms
Traceback (most recent call last):
  File "/project/bdoiron/dracoxu/rct-fsflow/paper_project_final/cli/temporal_alignment_analysis.py", line 458, in <module>
    main()
  File "/project/bdoiron/dracoxu/rct-fsflow/paper_project_final/cli/temporal_alignment_analysis.py", line 421, in main
    result = run_temporal_alignment_analysis(
             ^^^^^^^^^^^^^^^^^^^^^^^^^^^^^^^^
  File "/project/bdoiron/dracoxu/rct-fsflow/paper_project_final/cli/temporal_alignment_analysis.py", line 228, in run_temporal_alignment_analysis
    keep = trial_mask(cache, orientation, pt_min_ms)
           ^^^^^^^^^^^^^^^^^^^^^^^^^^^^^^^^^^^^^^^^^
  File "/project/bdoiron/dracoxu/rct-fsflow/paper_project_final/cli/temporal_alignment_analysis.py", line 57, in trial_mask
    rf_pos = cache["lab_RF_position"]
             ~~~~~^^^^^^^^^^^^^^^^^^^
KeyError: 'lab_RF_position'
[WARN] Failed for vertical (alltrials)

==============================================================
[done] Temporal alignment analysis complete for SID=20200327
==============================================================
