==============================================================
TEMPORAL C-S ALIGNMENT ANALYSIS
Session: 20231123 (task 21)
==============================================================

==============================================================
CORRECT-ONLY TRIALS (out/)
==============================================================

------------------------------------------------------------
Orientation: horizontal, Filter: correctonly
Axes tag: axes_peakbin_saccCS-sacc-horizontal-20mssw
------------------------------------------------------------
======================================================================
TEMPORAL C-S ALIGNMENT ANALYSIS
======================================================================
Session: 20231123
Orientation: horizontal
Filter mode: alltrials
Axes tag: axes_peakbin_saccCS-sacc-horizontal-20mssw
======================================================================
[auto] Using C window length from axes: 50ms

[temporal] Session 20231123, orientation=horizontal, area=SFEF
  [S axis] Window: [-0, 50] ms
  [trials] 248 trials (orientation=horizontal, PT>=200.0ms)
  [sliding] 28 window positions from -350ms to 200ms
  [window] Length=50ms, Step=20ms
  [result] 28 valid windows
  [result] Alignment range: [0.004, 0.183]
  [result] Peak alignment: 0.183 at 170ms
  [null] Computing covariance-constrained null...
  [null] D_eff=1.2, expected |cos|=0.722
  [null] null_mean=0.095 ± 0.068

[temporal] Session 20231123, orientation=horizontal, area=SLIP
  [S axis] Window: [-0, 50] ms
  [trials] 248 trials (orientation=horizontal, PT>=200.0ms)
  [sliding] 28 window positions from -350ms to 200ms
  [window] Length=50ms, Step=20ms
  [result] 28 valid windows
  [result] Alignment range: [0.001, 0.368]
  [result] Peak alignment: 0.368 at 130ms
  [null] Computing covariance-constrained null...
  [null] D_eff=4.7, expected |cos|=0.370
  [null] null_mean=0.198 ± 0.135
[saved] /project/bdoiron/dracoxu/rct-fsflow/paper_project_final/out/temporal_alignment/temporal_alignment_horizontal_correctonly/temporal_20231123_SFEF.json
[saved] /project/bdoiron/dracoxu/rct-fsflow/paper_project_final/out/temporal_alignment/temporal_alignment_horizontal_correctonly/temporal_20231123_SLIP.json

[done] Temporal alignment analysis complete

------------------------------------------------------------
Orientation: pooled, Filter: correctonly
Axes tag: axes_peakbin_saccCS-sacc-pooled-20mssw
------------------------------------------------------------
======================================================================
TEMPORAL C-S ALIGNMENT ANALYSIS
======================================================================
Session: 20231123
Orientation: pooled
Filter mode: alltrials
Axes tag: axes_peakbin_saccCS-sacc-pooled-20mssw
======================================================================
[auto] Using C window length from axes: 50ms

[temporal] Session 20231123, orientation=pooled, area=SFEF
  [S axis] Window: [-20, 30] ms
  [trials] 736 trials (orientation=pooled, PT>=200.0ms)
  [sliding] 28 window positions from -350ms to 200ms
  [window] Length=50ms, Step=20ms
  [result] 28 valid windows
  [result] Alignment range: [0.003, 0.259]
  [result] Peak alignment: 0.259 at 170ms
  [null] Computing covariance-constrained null...
  [null] D_eff=1.5, expected |cos|=0.647
  [null] null_mean=0.040 ± 0.037

[temporal] Session 20231123, orientation=pooled, area=SLIP
  [S axis] Window: [-0, 50] ms
  [trials] 736 trials (orientation=pooled, PT>=200.0ms)
  [sliding] 28 window positions from -350ms to 200ms
  [window] Length=50ms, Step=20ms
  [result] 28 valid windows
  [result] Alignment range: [0.007, 0.460]
  [result] Peak alignment: 0.460 at -50ms
  [null] Computing covariance-constrained null...
  [null] D_eff=1.9, expected |cos|=0.586
  [null] null_mean=0.111 ± 0.084
[saved] /project/bdoiron/dracoxu/rct-fsflow/paper_project_final/out/temporal_alignment/temporal_alignment_pooled_correctonly/temporal_20231123_SFEF.json
[saved] /project/bdoiron/dracoxu/rct-fsflow/paper_project_final/out/temporal_alignment/temporal_alignment_pooled_correctonly/temporal_20231123_SLIP.json

[done] Temporal alignment analysis complete

------------------------------------------------------------
Orientation: vertical, Filter: correctonly
Axes tag: axes_peakbin_saccCS-sacc-vertical-20mssw
------------------------------------------------------------
======================================================================
TEMPORAL C-S ALIGNMENT ANALYSIS
======================================================================
Session: 20231123
Orientation: vertical
Filter mode: alltrials
Axes tag: axes_peakbin_saccCS-sacc-vertical-20mssw
======================================================================
[auto] Using C window length from axes: 50ms

[temporal] Session 20231123, orientation=vertical, area=SFEF
  [S axis] Window: [-20, 30] ms
  [trials] 488 trials (orientation=vertical, PT>=200.0ms)
  [sliding] 28 window positions from -350ms to 200ms
  [window] Length=50ms, Step=20ms
  [result] 28 valid windows
  [result] Alignment range: [0.001, 0.271]
  [result] Peak alignment: 0.271 at 110ms
  [null] Computing covariance-constrained null...
  [null] D_eff=2.1, expected |cos|=0.557
  [null] null_mean=0.082 ± 0.065

[temporal] Session 20231123, orientation=vertical, area=SLIP
  [S axis] Window: [-0, 50] ms
  [trials] 488 trials (orientation=vertical, PT>=200.0ms)
  [sliding] 28 window positions from -350ms to 200ms
  [window] Length=50ms, Step=20ms
  [result] 28 valid windows
  [result] Alignment range: [0.004, 0.580]
  [result] Peak alignment: 0.580 at -50ms
  [null] Computing covariance-constrained null...
  [null] D_eff=3.4, expected |cos|=0.435
  [null] null_mean=0.130 ± 0.094
[saved] /project/bdoiron/dracoxu/rct-fsflow/paper_project_final/out/temporal_alignment/temporal_alignment_vertical_correctonly/temporal_20231123_SFEF.json
[saved] /project/bdoiron/dracoxu/rct-fsflow/paper_project_final/out/temporal_alignment/temporal_alignment_vertical_correctonly/temporal_20231123_SLIP.json

[done] Temporal alignment analysis complete

==============================================================
ALL TRIALS (out_nofilter/)
==============================================================

------------------------------------------------------------
Orientation: horizontal, Filter: alltrials
Axes tag: axes_peakbin_saccCS-sacc-horizontal-20mssw_nofilter
------------------------------------------------------------
======================================================================
TEMPORAL C-S ALIGNMENT ANALYSIS
======================================================================
Session: 20231123
Orientation: horizontal
Filter mode: alltrials
Axes tag: axes_peakbin_saccCS-sacc-horizontal-20mssw_nofilter
======================================================================
[auto] Using C window length from axes: 50ms

[temporal] Session 20231123, orientation=horizontal, area=SFEF
  [S axis] Window: [-20, 30] ms
  [trials] 303 trials (orientation=horizontal, PT>=200.0ms)
  [sliding] 28 window positions from -350ms to 200ms
  [window] Length=50ms, Step=20ms
  [result] 28 valid windows
  [result] Alignment range: [0.018, 0.227]
  [result] Peak alignment: 0.227 at 110ms
  [null] Computing covariance-constrained null...
  [null] D_eff=1.3, expected |cos|=0.705
  [null] null_mean=0.071 ± 0.065

[temporal] Session 20231123, orientation=horizontal, area=SLIP
  [S axis] Window: [-0, 50] ms
  [trials] 303 trials (orientation=horizontal, PT>=200.0ms)
  [sliding] 28 window positions from -350ms to 200ms
  [window] Length=50ms, Step=20ms
  [result] 28 valid windows
  [result] Alignment range: [0.007, 0.396]
  [result] Peak alignment: 0.396 at -310ms
  [null] Computing covariance-constrained null...
  [null] D_eff=4.8, expected |cos|=0.366
  [null] null_mean=0.209 ± 0.146
[saved] /project/bdoiron/dracoxu/rct-fsflow/paper_project_final/out_nofilter/temporal_alignment/temporal_alignment_horizontal_alltrials/temporal_20231123_SFEF.json
[saved] /project/bdoiron/dracoxu/rct-fsflow/paper_project_final/out_nofilter/temporal_alignment/temporal_alignment_horizontal_alltrials/temporal_20231123_SLIP.json

[done] Temporal alignment analysis complete

------------------------------------------------------------
Orientation: pooled, Filter: alltrials
Axes tag: axes_peakbin_saccCS-sacc-pooled-20mssw_nofilter
------------------------------------------------------------
======================================================================
TEMPORAL C-S ALIGNMENT ANALYSIS
======================================================================
Session: 20231123
Orientation: pooled
Filter mode: alltrials
Axes tag: axes_peakbin_saccCS-sacc-pooled-20mssw_nofilter
======================================================================
[auto] Using C window length from axes: 50ms

[temporal] Session 20231123, orientation=pooled, area=SFEF
  [S axis] Window: [-0, 50] ms
  [trials] 874 trials (orientation=pooled, PT>=200.0ms)
  [sliding] 28 window positions from -350ms to 200ms
  [window] Length=50ms, Step=20ms
  [result] 28 valid windows
  [result] Alignment range: [0.011, 0.289]
  [result] Peak alignment: 0.289 at 170ms
  [null] Computing covariance-constrained null...
  [null] D_eff=1.6, expected |cos|=0.631
  [null] null_mean=0.041 ± 0.036

[temporal] Session 20231123, orientation=pooled, area=SLIP
  [S axis] Window: [-0, 50] ms
  [trials] 874 trials (orientation=pooled, PT>=200.0ms)
  [sliding] 28 window positions from -350ms to 200ms
  [window] Length=50ms, Step=20ms
  [result] 28 valid windows
  [result] Alignment range: [0.003, 0.428]
  [result] Peak alignment: 0.428 at -30ms
  [null] Computing covariance-constrained null...
  [null] D_eff=1.8, expected |cos|=0.599
  [null] null_mean=0.102 ± 0.081
[saved] /project/bdoiron/dracoxu/rct-fsflow/paper_project_final/out_nofilter/temporal_alignment/temporal_alignment_pooled_alltrials/temporal_20231123_SFEF.json
[saved] /project/bdoiron/dracoxu/rct-fsflow/paper_project_final/out_nofilter/temporal_alignment/temporal_alignment_pooled_alltrials/temporal_20231123_SLIP.json

[done] Temporal alignment analysis complete

------------------------------------------------------------
Orientation: vertical, Filter: alltrials
Axes tag: axes_peakbin_saccCS-sacc-vertical-20mssw_nofilter
------------------------------------------------------------
======================================================================
TEMPORAL C-S ALIGNMENT ANALYSIS
======================================================================
Session: 20231123
Orientation: vertical
Filter mode: alltrials
Axes tag: axes_peakbin_saccCS-sacc-vertical-20mssw_nofilter
======================================================================
[auto] Using C window length from axes: 50ms

[temporal] Session 20231123, orientation=vertical, area=SFEF
  [S axis] Window: [-0, 50] ms
  [trials] 571 trials (orientation=vertical, PT>=200.0ms)
  [sliding] 28 window positions from -350ms to 200ms
  [window] Length=50ms, Step=20ms
  [result] 28 valid windows
  [result] Alignment range: [0.025, 0.269]
  [result] Peak alignment: 0.269 at -90ms
  [null] Computing covariance-constrained null...
  [null] D_eff=2.1, expected |cos|=0.550
  [null] null_mean=0.083 ± 0.068

[temporal] Session 20231123, orientation=vertical, area=SLIP
  [S axis] Window: [-0, 50] ms
  [trials] 571 trials (orientation=vertical, PT>=200.0ms)
  [sliding] 28 window positions from -350ms to 200ms
  [window] Length=50ms, Step=20ms
  [result] 28 valid windows
  [result] Alignment range: [0.012, 0.494]
  [result] Peak alignment: 0.494 at -50ms
  [null] Computing covariance-constrained null...
  [null] D_eff=3.3, expected |cos|=0.439
  [null] null_mean=0.123 ± 0.089
[saved] /project/bdoiron/dracoxu/rct-fsflow/paper_project_final/out_nofilter/temporal_alignment/temporal_alignment_vertical_alltrials/temporal_20231123_SFEF.json
[saved] /project/bdoiron/dracoxu/rct-fsflow/paper_project_final/out_nofilter/temporal_alignment/temporal_alignment_vertical_alltrials/temporal_20231123_SLIP.json

[done] Temporal alignment analysis complete

==============================================================
[done] Temporal alignment analysis complete for SID=20231123
==============================================================
