==============================================================
TEMPORAL C-S ALIGNMENT ANALYSIS
Session: 20200929 (task 6)
==============================================================

==============================================================
CORRECT-ONLY TRIALS (out/)
==============================================================

------------------------------------------------------------
Orientation: horizontal, Filter: correctonly
Axes tag: axes_peakbin_saccCS-sacc-horizontal-20mssw
------------------------------------------------------------
======================================================================
TEMPORAL C-S ALIGNMENT ANALYSIS
======================================================================
Session: 20200929
Orientation: horizontal
Filter mode: alltrials
Axes tag: axes_peakbin_saccCS-sacc-horizontal-20mssw
======================================================================
[auto] Using C window length from axes: 50ms

[temporal] Session 20200929, orientation=horizontal, area=MFEF
  [S axis] Window: [-20, 30] ms
  [trials] 264 trials (orientation=horizontal, PT>=200.0ms)
  [sliding] 28 window positions from -350ms to 200ms
  [window] Length=50ms, Step=20ms
  [result] 28 valid windows
  [result] Alignment range: [0.004, 0.141]
  [result] Peak alignment: 0.141 at -190ms
  [null] Computing covariance-constrained null...
  [null] D_eff=3.0, expected |cos|=0.458
  [null] null_mean=0.405 ± 0.223

[temporal] Session 20200929, orientation=horizontal, area=MLIP
  [S axis] Window: [-0, 50] ms
  [trials] 264 trials (orientation=horizontal, PT>=200.0ms)
  [sliding] 28 window positions from -350ms to 200ms
  [window] Length=50ms, Step=20ms
  [result] 28 valid windows
  [result] Alignment range: [0.013, 0.334]
  [result] Peak alignment: 0.334 at 190ms
  [null] Computing covariance-constrained null...
  [null] D_eff=2.9, expected |cos|=0.469
  [null] null_mean=0.286 ± 0.169
[saved] /project/bdoiron/dracoxu/rct-fsflow/paper_project_final/out/temporal_alignment/temporal_alignment_horizontal_correctonly/temporal_20200929_MFEF.json
[saved] /project/bdoiron/dracoxu/rct-fsflow/paper_project_final/out/temporal_alignment/temporal_alignment_horizontal_correctonly/temporal_20200929_MLIP.json

[done] Temporal alignment analysis complete

------------------------------------------------------------
Orientation: pooled, Filter: correctonly
Axes tag: axes_peakbin_saccCS-sacc-pooled-20mssw
------------------------------------------------------------
======================================================================
TEMPORAL C-S ALIGNMENT ANALYSIS
======================================================================
Session: 20200929
Orientation: pooled
Filter mode: alltrials
Axes tag: axes_peakbin_saccCS-sacc-pooled-20mssw
======================================================================
[auto] Using C window length from axes: 50ms

[temporal] Session 20200929, orientation=pooled, area=MFEF
  [S axis] Window: [-0, 50] ms
  [trials] 548 trials (orientation=pooled, PT>=200.0ms)
  [sliding] 28 window positions from -350ms to 200ms
  [window] Length=50ms, Step=20ms
  [result] 28 valid windows
  [result] Alignment range: [0.005, 0.193]
  [result] Peak alignment: 0.193 at -210ms
  [null] Computing covariance-constrained null...
  [null] D_eff=2.7, expected |cos|=0.488
  [null] null_mean=0.273 ± 0.156

[temporal] Session 20200929, orientation=pooled, area=MLIP
  [S axis] Window: [-0, 50] ms
  [trials] 548 trials (orientation=pooled, PT>=200.0ms)
  [sliding] 28 window positions from -350ms to 200ms
  [window] Length=50ms, Step=20ms
  [result] 28 valid windows
  [result] Alignment range: [0.002, 0.313]
  [result] Peak alignment: 0.313 at -90ms
  [null] Computing covariance-constrained null...
  [null] D_eff=2.4, expected |cos|=0.514
  [null] null_mean=0.107 ± 0.084
[saved] /project/bdoiron/dracoxu/rct-fsflow/paper_project_final/out/temporal_alignment/temporal_alignment_pooled_correctonly/temporal_20200929_MFEF.json
[saved] /project/bdoiron/dracoxu/rct-fsflow/paper_project_final/out/temporal_alignment/temporal_alignment_pooled_correctonly/temporal_20200929_MLIP.json

[done] Temporal alignment analysis complete

------------------------------------------------------------
Orientation: vertical, Filter: correctonly
Axes tag: axes_peakbin_saccCS-sacc-vertical-20mssw
------------------------------------------------------------
======================================================================
TEMPORAL C-S ALIGNMENT ANALYSIS
======================================================================
Session: 20200929
Orientation: vertical
Filter mode: alltrials
Axes tag: axes_peakbin_saccCS-sacc-vertical-20mssw
======================================================================
[auto] Using C window length from axes: 50ms

[temporal] Session 20200929, orientation=vertical, area=MFEF
  [S axis] Window: [-0, 50] ms
  [trials] 284 trials (orientation=vertical, PT>=200.0ms)
  [sliding] 28 window positions from -350ms to 200ms
  [window] Length=50ms, Step=20ms
  [result] 28 valid windows
  [result] Alignment range: [0.007, 0.130]
  [result] Peak alignment: 0.130 at -250ms
  [null] Computing covariance-constrained null...
  [null] D_eff=3.1, expected |cos|=0.456
  [null] null_mean=0.366 ± 0.193

[temporal] Session 20200929, orientation=vertical, area=MLIP
  [S axis] Window: [-0, 50] ms
  [trials] 284 trials (orientation=vertical, PT>=200.0ms)
  [sliding] 28 window positions from -350ms to 200ms
  [window] Length=50ms, Step=20ms
  [result] 28 valid windows
  [result] Alignment range: [0.002, 0.220]
  [result] Peak alignment: 0.220 at -30ms
  [null] Computing covariance-constrained null...
  [null] D_eff=1.9, expected |cos|=0.581
  [null] null_mean=0.424 ± 0.186
[saved] /project/bdoiron/dracoxu/rct-fsflow/paper_project_final/out/temporal_alignment/temporal_alignment_vertical_correctonly/temporal_20200929_MFEF.json
[saved] /project/bdoiron/dracoxu/rct-fsflow/paper_project_final/out/temporal_alignment/temporal_alignment_vertical_correctonly/temporal_20200929_MLIP.json

[done] Temporal alignment analysis complete

==============================================================
ALL TRIALS (out_nofilter/)
==============================================================

------------------------------------------------------------
Orientation: horizontal, Filter: alltrials
Axes tag: axes_peakbin_saccCS-sacc-horizontal-20mssw_nofilter
------------------------------------------------------------
======================================================================
TEMPORAL C-S ALIGNMENT ANALYSIS
======================================================================
Session: 20200929
Orientation: horizontal
Filter mode: alltrials
Axes tag: axes_peakbin_saccCS-sacc-horizontal-20mssw_nofilter
======================================================================
[auto] Using C window length from axes: 50ms

[temporal] Session 20200929, orientation=horizontal, area=MFEF
  [S axis] Window: [-20, 30] ms
  [trials] 268 trials (orientation=horizontal, PT>=200.0ms)
  [sliding] 28 window positions from -350ms to 200ms
  [window] Length=50ms, Step=20ms
  [result] 28 valid windows
  [result] Alignment range: [0.008, 0.159]
  [result] Peak alignment: 0.159 at -190ms
  [null] Computing covariance-constrained null...
  [null] D_eff=3.0, expected |cos|=0.459
  [null] null_mean=0.406 ± 0.226

[temporal] Session 20200929, orientation=horizontal, area=MLIP
  [S axis] Window: [-0, 50] ms
  [trials] 268 trials (orientation=horizontal, PT>=200.0ms)
  [sliding] 28 window positions from -350ms to 200ms
  [window] Length=50ms, Step=20ms
  [result] 28 valid windows
  [result] Alignment range: [0.008, 0.334]
  [result] Peak alignment: 0.334 at 190ms
  [null] Computing covariance-constrained null...
  [null] D_eff=2.9, expected |cos|=0.469
  [null] null_mean=0.287 ± 0.167
[saved] /project/bdoiron/dracoxu/rct-fsflow/paper_project_final/out_nofilter/temporal_alignment/temporal_alignment_horizontal_alltrials/temporal_20200929_MFEF.json
[saved] /project/bdoiron/dracoxu/rct-fsflow/paper_project_final/out_nofilter/temporal_alignment/temporal_alignment_horizontal_alltrials/temporal_20200929_MLIP.json

[done] Temporal alignment analysis complete

------------------------------------------------------------
Orientation: pooled, Filter: alltrials
Axes tag: axes_peakbin_saccCS-sacc-pooled-20mssw_nofilter
------------------------------------------------------------
======================================================================
TEMPORAL C-S ALIGNMENT ANALYSIS
======================================================================
Session: 20200929
Orientation: pooled
Filter mode: alltrials
Axes tag: axes_peakbin_saccCS-sacc-pooled-20mssw_nofilter
======================================================================
[auto] Using C window length from axes: 50ms

[temporal] Session 20200929, orientation=pooled, area=MFEF
  [S axis] Window: [-0, 50] ms
  [trials] 571 trials (orientation=pooled, PT>=200.0ms)
  [sliding] 28 window positions from -350ms to 200ms
  [window] Length=50ms, Step=20ms
  [result] 28 valid windows
  [result] Alignment range: [0.006, 0.176]
  [result] Peak alignment: 0.176 at -210ms
  [null] Computing covariance-constrained null...
  [null] D_eff=2.6, expected |cos|=0.493
  [null] null_mean=0.275 ± 0.158

[temporal] Session 20200929, orientation=pooled, area=MLIP
  [S axis] Window: [-0, 50] ms
  [trials] 571 trials (orientation=pooled, PT>=200.0ms)
  [sliding] 28 window positions from -350ms to 200ms
  [window] Length=50ms, Step=20ms
  [result] 28 valid windows
  [result] Alignment range: [0.003, 0.312]
  [result] Peak alignment: 0.312 at -90ms
  [null] Computing covariance-constrained null...
  [null] D_eff=2.5, expected |cos|=0.508
  [null] null_mean=0.112 ± 0.087
[saved] /project/bdoiron/dracoxu/rct-fsflow/paper_project_final/out_nofilter/temporal_alignment/temporal_alignment_pooled_alltrials/temporal_20200929_MFEF.json
[saved] /project/bdoiron/dracoxu/rct-fsflow/paper_project_final/out_nofilter/temporal_alignment/temporal_alignment_pooled_alltrials/temporal_20200929_MLIP.json

[done] Temporal alignment analysis complete

------------------------------------------------------------
Orientation: vertical, Filter: alltrials
Axes tag: axes_peakbin_saccCS-sacc-vertical-20mssw_nofilter
------------------------------------------------------------
======================================================================
TEMPORAL C-S ALIGNMENT ANALYSIS
======================================================================
Session: 20200929
Orientation: vertical
Filter mode: alltrials
Axes tag: axes_peakbin_saccCS-sacc-vertical-20mssw_nofilter
======================================================================
[auto] Using C window length from axes: 50ms

[temporal] Session 20200929, orientation=vertical, area=MFEF
  [S axis] Window: [-20, 30] ms
  [trials] 303 trials (orientation=vertical, PT>=200.0ms)
  [sliding] 28 window positions from -350ms to 200ms
  [window] Length=50ms, Step=20ms
  [result] 28 valid windows
  [result] Alignment range: [0.003, 0.228]
  [result] Peak alignment: 0.228 at 50ms
  [null] Computing covariance-constrained null...
  [null] D_eff=3.2, expected |cos|=0.449
  [null] null_mean=0.250 ± 0.148

[temporal] Session 20200929, orientation=vertical, area=MLIP
  [S axis] Window: [-0, 50] ms
  [trials] 303 trials (orientation=vertical, PT>=200.0ms)
  [sliding] 28 window positions from -350ms to 200ms
  [window] Length=50ms, Step=20ms
  [result] 28 valid windows
  [result] Alignment range: [0.005, 0.187]
  [result] Peak alignment: 0.187 at -30ms
  [null] Computing covariance-constrained null...
  [null] D_eff=2.0, expected |cos|=0.560
  [null] null_mean=0.426 ± 0.192
[saved] /project/bdoiron/dracoxu/rct-fsflow/paper_project_final/out_nofilter/temporal_alignment/temporal_alignment_vertical_alltrials/temporal_20200929_MFEF.json
[saved] /project/bdoiron/dracoxu/rct-fsflow/paper_project_final/out_nofilter/temporal_alignment/temporal_alignment_vertical_alltrials/temporal_20200929_MLIP.json

[done] Temporal alignment analysis complete

==============================================================
[done] Temporal alignment analysis complete for SID=20200929
==============================================================
