==============================================================
TEMPORAL C-S ALIGNMENT ANALYSIS
Session: 20231025 (task 17)
==============================================================

==============================================================
CORRECT-ONLY TRIALS (out/)
==============================================================

------------------------------------------------------------
Orientation: horizontal, Filter: correctonly
Axes tag: axes_peakbin_saccCS-sacc-horizontal-20mssw
------------------------------------------------------------
======================================================================
TEMPORAL C-S ALIGNMENT ANALYSIS
======================================================================
Session: 20231025
Orientation: horizontal
Filter mode: alltrials
Axes tag: axes_peakbin_saccCS-sacc-horizontal-20mssw
======================================================================
[auto] Using C window length from axes: 50ms

[temporal] Session 20231025, orientation=horizontal, area=SFEF
  [S axis] Window: [-140, 10] ms
  [trials] 230 trials (orientation=horizontal, PT>=200.0ms)
  [sliding] 28 window positions from -350ms to 200ms
  [window] Length=50ms, Step=20ms
  [result] 28 valid windows
  [result] Alignment range: [0.005, 0.390]
  [result] Peak alignment: 0.390 at 110ms
  [null] Computing covariance-constrained null...
  [null] D_eff=2.5, expected |cos|=0.504
  [null] null_mean=0.073 ± 0.054

[temporal] Session 20231025, orientation=horizontal, area=SLIP
  [S axis] Window: [-0, 50] ms
  [trials] 230 trials (orientation=horizontal, PT>=200.0ms)
  [sliding] 28 window positions from -350ms to 200ms
  [window] Length=50ms, Step=20ms
  [result] 28 valid windows
  [result] Alignment range: [0.007, 0.153]
  [result] Peak alignment: 0.153 at -150ms
  [null] Computing covariance-constrained null...
  [null] D_eff=4.6, expected |cos|=0.373
  [null] null_mean=0.362 ± 0.208
[saved] /project/bdoiron/dracoxu/rct-fsflow/paper_project_final/out/temporal_alignment/temporal_alignment_horizontal_correctonly/temporal_20231025_SFEF.json
[saved] /project/bdoiron/dracoxu/rct-fsflow/paper_project_final/out/temporal_alignment/temporal_alignment_horizontal_correctonly/temporal_20231025_SLIP.json

[done] Temporal alignment analysis complete

------------------------------------------------------------
Orientation: pooled, Filter: correctonly
Axes tag: axes_peakbin_saccCS-sacc-pooled-20mssw
------------------------------------------------------------
======================================================================
TEMPORAL C-S ALIGNMENT ANALYSIS
======================================================================
Session: 20231025
Orientation: pooled
Filter mode: alltrials
Axes tag: axes_peakbin_saccCS-sacc-pooled-20mssw
======================================================================
[auto] Using C window length from axes: 50ms

[temporal] Session 20231025, orientation=pooled, area=SFEF
  [S axis] Window: [-100, 50] ms
  [trials] 595 trials (orientation=pooled, PT>=200.0ms)
  [sliding] 28 window positions from -350ms to 200ms
  [window] Length=50ms, Step=20ms
  [result] 28 valid windows
  [result] Alignment range: [0.013, 0.281]
  [result] Peak alignment: 0.281 at -130ms
  [null] Computing covariance-constrained null...
  [null] D_eff=2.1, expected |cos|=0.545
  [null] null_mean=0.309 ± 0.158

[temporal] Session 20231025, orientation=pooled, area=SLIP
  [S axis] Window: [-0, 50] ms
  [trials] 595 trials (orientation=pooled, PT>=200.0ms)
  [sliding] 28 window positions from -350ms to 200ms
  [window] Length=50ms, Step=20ms
  [result] 28 valid windows
  [result] Alignment range: [0.003, 0.195]
  [result] Peak alignment: 0.195 at -290ms
  [null] Computing covariance-constrained null...
  [null] D_eff=1.2, expected |cos|=0.732
  [null] null_mean=0.152 ± 0.094
[saved] /project/bdoiron/dracoxu/rct-fsflow/paper_project_final/out/temporal_alignment/temporal_alignment_pooled_correctonly/temporal_20231025_SFEF.json
[saved] /project/bdoiron/dracoxu/rct-fsflow/paper_project_final/out/temporal_alignment/temporal_alignment_pooled_correctonly/temporal_20231025_SLIP.json

[done] Temporal alignment analysis complete

------------------------------------------------------------
Orientation: vertical, Filter: correctonly
Axes tag: axes_peakbin_saccCS-sacc-vertical-20mssw
------------------------------------------------------------
======================================================================
TEMPORAL C-S ALIGNMENT ANALYSIS
======================================================================
Session: 20231025
Orientation: vertical
Filter mode: alltrials
Axes tag: axes_peakbin_saccCS-sacc-vertical-20mssw
======================================================================
[auto] Using C window length from axes: 50ms

[temporal] Session 20231025, orientation=vertical, area=SFEF
  [S axis] Window: [-100, 50] ms
  [trials] 365 trials (orientation=vertical, PT>=200.0ms)
  [sliding] 28 window positions from -350ms to 200ms
  [window] Length=50ms, Step=20ms
  [result] 28 valid windows
  [result] Alignment range: [0.009, 0.258]
  [result] Peak alignment: 0.258 at 150ms
  [null] Computing covariance-constrained null...
  [null] D_eff=3.1, expected |cos|=0.457
  [null] null_mean=0.324 ± 0.180

[temporal] Session 20231025, orientation=vertical, area=SLIP
  [S axis] Window: [-0, 50] ms
  [trials] 365 trials (orientation=vertical, PT>=200.0ms)
  [sliding] 28 window positions from -350ms to 200ms
  [window] Length=50ms, Step=20ms
  [result] 28 valid windows
  [result] Alignment range: [0.002, 0.198]
  [result] Peak alignment: 0.198 at -250ms
  [null] Computing covariance-constrained null...
  [null] D_eff=3.5, expected |cos|=0.428
  [null] null_mean=0.226 ± 0.159
[saved] /project/bdoiron/dracoxu/rct-fsflow/paper_project_final/out/temporal_alignment/temporal_alignment_vertical_correctonly/temporal_20231025_SFEF.json
[saved] /project/bdoiron/dracoxu/rct-fsflow/paper_project_final/out/temporal_alignment/temporal_alignment_vertical_correctonly/temporal_20231025_SLIP.json

[done] Temporal alignment analysis complete

==============================================================
ALL TRIALS (out_nofilter/)
==============================================================

------------------------------------------------------------
Orientation: horizontal, Filter: alltrials
Axes tag: axes_peakbin_saccCS-sacc-horizontal-20mssw_nofilter
------------------------------------------------------------
======================================================================
TEMPORAL C-S ALIGNMENT ANALYSIS
======================================================================
Session: 20231025
Orientation: horizontal
Filter mode: alltrials
Axes tag: axes_peakbin_saccCS-sacc-horizontal-20mssw_nofilter
======================================================================
[auto] Using C window length from axes: 150ms

[temporal] Session 20231025, orientation=horizontal, area=SFEF
  [S axis] Window: [-160, -60] ms
  [trials] 250 trials (orientation=horizontal, PT>=200.0ms)
  [sliding] 28 window positions from -350ms to 200ms
  [window] Length=150ms, Step=20ms
  [result] 28 valid windows
  [result] Alignment range: [0.008, 0.322]
  [result] Peak alignment: 0.322 at 90ms
  [null] Computing covariance-constrained null...
  [null] D_eff=2.5, expected |cos|=0.500
  [null] null_mean=0.056 ± 0.045

[temporal] Session 20231025, orientation=horizontal, area=SLIP
  [S axis] Window: [-0, 50] ms
  [trials] 250 trials (orientation=horizontal, PT>=200.0ms)
  [sliding] 28 window positions from -350ms to 200ms
  [window] Length=150ms, Step=20ms
  [result] 28 valid windows
  [result] Alignment range: [0.001, 0.157]
  [result] Peak alignment: 0.157 at -170ms
  [null] Computing covariance-constrained null...
  [null] D_eff=4.6, expected |cos|=0.370
  [null] null_mean=0.353 ± 0.204
[saved] /project/bdoiron/dracoxu/rct-fsflow/paper_project_final/out_nofilter/temporal_alignment/temporal_alignment_horizontal_alltrials/temporal_20231025_SFEF.json
[saved] /project/bdoiron/dracoxu/rct-fsflow/paper_project_final/out_nofilter/temporal_alignment/temporal_alignment_horizontal_alltrials/temporal_20231025_SLIP.json

[done] Temporal alignment analysis complete

------------------------------------------------------------
Orientation: pooled, Filter: alltrials
Axes tag: axes_peakbin_saccCS-sacc-pooled-20mssw_nofilter
------------------------------------------------------------
======================================================================
TEMPORAL C-S ALIGNMENT ANALYSIS
======================================================================
Session: 20231025
Orientation: pooled
Filter mode: alltrials
Axes tag: axes_peakbin_saccCS-sacc-pooled-20mssw_nofilter
======================================================================
[auto] Using C window length from axes: 50ms

[temporal] Session 20231025, orientation=pooled, area=SFEF
  [S axis] Window: [-0, 50] ms
  [trials] 666 trials (orientation=pooled, PT>=200.0ms)
  [sliding] 28 window positions from -350ms to 200ms
  [window] Length=50ms, Step=20ms
  [result] 28 valid windows
  [result] Alignment range: [0.004, 0.373]
  [result] Peak alignment: 0.373 at -130ms
  [null] Computing covariance-constrained null...
  [null] D_eff=2.1, expected |cos|=0.544
  [null] null_mean=0.155 ± 0.094

[temporal] Session 20231025, orientation=pooled, area=SLIP
  [S axis] Window: [-0, 50] ms
  [trials] 666 trials (orientation=pooled, PT>=200.0ms)
  [sliding] 28 window positions from -350ms to 200ms
  [window] Length=50ms, Step=20ms
  [result] 28 valid windows
  [result] Alignment range: [0.004, 0.179]
  [result] Peak alignment: 0.179 at -190ms
  [null] Computing covariance-constrained null...
  [null] D_eff=1.2, expected |cos|=0.732
  [null] null_mean=0.156 ± 0.093
[saved] /project/bdoiron/dracoxu/rct-fsflow/paper_project_final/out_nofilter/temporal_alignment/temporal_alignment_pooled_alltrials/temporal_20231025_SFEF.json
[saved] /project/bdoiron/dracoxu/rct-fsflow/paper_project_final/out_nofilter/temporal_alignment/temporal_alignment_pooled_alltrials/temporal_20231025_SLIP.json

[done] Temporal alignment analysis complete

------------------------------------------------------------
Orientation: vertical, Filter: alltrials
Axes tag: axes_peakbin_saccCS-sacc-vertical-20mssw_nofilter
------------------------------------------------------------
======================================================================
TEMPORAL C-S ALIGNMENT ANALYSIS
======================================================================
Session: 20231025
Orientation: vertical
Filter mode: alltrials
Axes tag: axes_peakbin_saccCS-sacc-vertical-20mssw_nofilter
======================================================================
[auto] Using C window length from axes: 50ms

[temporal] Session 20231025, orientation=vertical, area=SFEF
  [S axis] Window: [-0, 50] ms
  [trials] 416 trials (orientation=vertical, PT>=200.0ms)
  [sliding] 28 window positions from -350ms to 200ms
  [window] Length=50ms, Step=20ms
  [result] 28 valid windows
  [result] Alignment range: [0.015, 0.239]
  [result] Peak alignment: 0.239 at -150ms
  [null] Computing covariance-constrained null...
  [null] D_eff=3.1, expected |cos|=0.454
  [null] null_mean=0.286 ± 0.160

[temporal] Session 20231025, orientation=vertical, area=SLIP
  [S axis] Window: [-0, 50] ms
  [trials] 416 trials (orientation=vertical, PT>=200.0ms)
  [sliding] 28 window positions from -350ms to 200ms
  [window] Length=50ms, Step=20ms
  [result] 28 valid windows
  [result] Alignment range: [0.006, 0.180]
  [result] Peak alignment: 0.180 at -250ms
  [null] Computing covariance-constrained null...
  [null] D_eff=4.8, expected |cos|=0.365
  [null] null_mean=0.230 ± 0.162
[saved] /project/bdoiron/dracoxu/rct-fsflow/paper_project_final/out_nofilter/temporal_alignment/temporal_alignment_vertical_alltrials/temporal_20231025_SFEF.json
[saved] /project/bdoiron/dracoxu/rct-fsflow/paper_project_final/out_nofilter/temporal_alignment/temporal_alignment_vertical_alltrials/temporal_20231025_SLIP.json

[done] Temporal alignment analysis complete

==============================================================
[done] Temporal alignment analysis complete for SID=20231025
==============================================================
