==============================================================
TEMPORAL C-S ALIGNMENT ANALYSIS
Session: 20230622 (task 12)
==============================================================

==============================================================
CORRECT-ONLY TRIALS (out/)
==============================================================

------------------------------------------------------------
Orientation: horizontal, Filter: correctonly
Axes tag: axes_peakbin_saccCS-sacc-horizontal-20mssw
------------------------------------------------------------
======================================================================
TEMPORAL C-S ALIGNMENT ANALYSIS
======================================================================
Session: 20230622
Orientation: horizontal
Filter mode: alltrials
Axes tag: axes_peakbin_saccCS-sacc-horizontal-20mssw
======================================================================
[auto] Using C window length from axes: 50ms

[temporal] Session 20230622, orientation=horizontal, area=SFEF
  [S axis] Window: [-0, 50] ms
  [trials] 465 trials (orientation=horizontal, PT>=200.0ms)
  [sliding] 28 window positions from -350ms to 200ms
  [window] Length=50ms, Step=20ms
  [result] 28 valid windows
  [result] Alignment range: [0.004, 0.247]
  [result] Peak alignment: 0.247 at -270ms
  [null] Computing covariance-constrained null...
  [null] D_eff=5.7, expected |cos|=0.335
  [null] null_mean=0.103 ± 0.083

[temporal] Session 20230622, orientation=horizontal, area=SLIP
  [S axis] Window: [-0, 50] ms
  [trials] 465 trials (orientation=horizontal, PT>=200.0ms)
  [sliding] 28 window positions from -350ms to 200ms
  [window] Length=50ms, Step=20ms
  [result] 28 valid windows
  [result] Alignment range: [0.020, 0.296]
  [result] Peak alignment: 0.296 at -230ms
  [null] Computing covariance-constrained null...
  [null] D_eff=5.2, expected |cos|=0.350
  [null] null_mean=0.189 ± 0.126
[saved] /project/bdoiron/dracoxu/rct-fsflow/paper_project_final/out/temporal_alignment/temporal_alignment_horizontal_correctonly/temporal_20230622_SFEF.json
[saved] /project/bdoiron/dracoxu/rct-fsflow/paper_project_final/out/temporal_alignment/temporal_alignment_horizontal_correctonly/temporal_20230622_SLIP.json

[done] Temporal alignment analysis complete

------------------------------------------------------------
Orientation: pooled, Filter: correctonly
Axes tag: axes_peakbin_saccCS-sacc-pooled-20mssw
------------------------------------------------------------
======================================================================
TEMPORAL C-S ALIGNMENT ANALYSIS
======================================================================
Session: 20230622
Orientation: pooled
Filter mode: alltrials
Axes tag: axes_peakbin_saccCS-sacc-pooled-20mssw
======================================================================
[auto] Using C window length from axes: 50ms

[temporal] Session 20230622, orientation=pooled, area=SFEF
  [S axis] Window: [-60, 40] ms
  [trials] 866 trials (orientation=pooled, PT>=200.0ms)
  [sliding] 28 window positions from -350ms to 200ms
  [window] Length=50ms, Step=20ms
  [result] 28 valid windows
  [result] Alignment range: [0.007, 0.206]
  [result] Peak alignment: 0.206 at 190ms
  [null] Computing covariance-constrained null...
  [null] D_eff=2.5, expected |cos|=0.508
  [null] null_mean=0.088 ± 0.072

[temporal] Session 20230622, orientation=pooled, area=SLIP
  [S axis] Window: [-40, 10] ms
  [trials] 866 trials (orientation=pooled, PT>=200.0ms)
  [sliding] 28 window positions from -350ms to 200ms
  [window] Length=50ms, Step=20ms
  [result] 28 valid windows
  [result] Alignment range: [0.020, 0.519]
  [result] Peak alignment: 0.519 at -230ms
  [null] Computing covariance-constrained null...
  [null] D_eff=3.9, expected |cos|=0.404
  [null] null_mean=0.188 ± 0.127
[saved] /project/bdoiron/dracoxu/rct-fsflow/paper_project_final/out/temporal_alignment/temporal_alignment_pooled_correctonly/temporal_20230622_SFEF.json
[saved] /project/bdoiron/dracoxu/rct-fsflow/paper_project_final/out/temporal_alignment/temporal_alignment_pooled_correctonly/temporal_20230622_SLIP.json

[done] Temporal alignment analysis complete

------------------------------------------------------------
Orientation: vertical, Filter: correctonly
Axes tag: axes_peakbin_saccCS-sacc-vertical-20mssw
------------------------------------------------------------
======================================================================
TEMPORAL C-S ALIGNMENT ANALYSIS
======================================================================
Session: 20230622
Orientation: vertical
Filter mode: alltrials
Axes tag: axes_peakbin_saccCS-sacc-vertical-20mssw
======================================================================
[auto] Using C window length from axes: 50ms

[temporal] Session 20230622, orientation=vertical, area=SFEF
  [S axis] Window: [-20, 30] ms
  [trials] 401 trials (orientation=vertical, PT>=200.0ms)
  [sliding] 28 window positions from -350ms to 200ms
  [window] Length=50ms, Step=20ms
  [result] 28 valid windows
  [result] Alignment range: [0.003, 0.319]
  [result] Peak alignment: 0.319 at 190ms
  [null] Computing covariance-constrained null...
  [null] D_eff=2.0, expected |cos|=0.559
  [null] null_mean=0.112 ± 0.085

[temporal] Session 20230622, orientation=vertical, area=SLIP
  [S axis] Window: [-0, 50] ms
  [trials] 401 trials (orientation=vertical, PT>=200.0ms)
  [sliding] 28 window positions from -350ms to 200ms
  [window] Length=50ms, Step=20ms
  [result] 28 valid windows
  [result] Alignment range: [0.002, 0.260]
  [result] Peak alignment: 0.260 at -310ms
  [null] Computing covariance-constrained null...
  [null] D_eff=1.9, expected |cos|=0.574
  [null] null_mean=0.132 ± 0.082
[saved] /project/bdoiron/dracoxu/rct-fsflow/paper_project_final/out/temporal_alignment/temporal_alignment_vertical_correctonly/temporal_20230622_SFEF.json
[saved] /project/bdoiron/dracoxu/rct-fsflow/paper_project_final/out/temporal_alignment/temporal_alignment_vertical_correctonly/temporal_20230622_SLIP.json

[done] Temporal alignment analysis complete

==============================================================
ALL TRIALS (out_nofilter/)
==============================================================

------------------------------------------------------------
Orientation: horizontal, Filter: alltrials
Axes tag: axes_peakbin_saccCS-sacc-horizontal-20mssw_nofilter
------------------------------------------------------------
======================================================================
TEMPORAL C-S ALIGNMENT ANALYSIS
======================================================================
Session: 20230622
Orientation: horizontal
Filter mode: alltrials
Axes tag: axes_peakbin_saccCS-sacc-horizontal-20mssw_nofilter
======================================================================
[auto] Using C window length from axes: 50ms

[temporal] Session 20230622, orientation=horizontal, area=SFEF
  [S axis] Window: [-20, 30] ms
  [trials] 553 trials (orientation=horizontal, PT>=200.0ms)
  [sliding] 28 window positions from -350ms to 200ms
  [window] Length=50ms, Step=20ms
  [result] 28 valid windows
  [result] Alignment range: [0.005, 0.139]
  [result] Peak alignment: 0.139 at -270ms
  [null] Computing covariance-constrained null...
  [null] D_eff=5.7, expected |cos|=0.335
  [null] null_mean=0.100 ± 0.073

[temporal] Session 20230622, orientation=horizontal, area=SLIP
  [S axis] Window: [-0, 50] ms
  [trials] 553 trials (orientation=horizontal, PT>=200.0ms)
  [sliding] 28 window positions from -350ms to 200ms
  [window] Length=50ms, Step=20ms
  [result] 28 valid windows
  [result] Alignment range: [0.015, 0.391]
  [result] Peak alignment: 0.391 at -230ms
  [null] Computing covariance-constrained null...
  [null] D_eff=5.5, expected |cos|=0.341
  [null] null_mean=0.185 ± 0.138
[saved] /project/bdoiron/dracoxu/rct-fsflow/paper_project_final/out_nofilter/temporal_alignment/temporal_alignment_horizontal_alltrials/temporal_20230622_SFEF.json
[saved] /project/bdoiron/dracoxu/rct-fsflow/paper_project_final/out_nofilter/temporal_alignment/temporal_alignment_horizontal_alltrials/temporal_20230622_SLIP.json

[done] Temporal alignment analysis complete

------------------------------------------------------------
Orientation: pooled, Filter: alltrials
Axes tag: axes_peakbin_saccCS-sacc-pooled-20mssw_nofilter
------------------------------------------------------------
======================================================================
TEMPORAL C-S ALIGNMENT ANALYSIS
======================================================================
Session: 20230622
Orientation: pooled
Filter mode: alltrials
Axes tag: axes_peakbin_saccCS-sacc-pooled-20mssw_nofilter
======================================================================
[auto] Using C window length from axes: 50ms

[temporal] Session 20230622, orientation=pooled, area=SFEF
  [S axis] Window: [-20, 30] ms
  [trials] 1095 trials (orientation=pooled, PT>=200.0ms)
  [sliding] 28 window positions from -350ms to 200ms
  [window] Length=50ms, Step=20ms
  [result] 28 valid windows
  [result] Alignment range: [0.005, 0.217]
  [result] Peak alignment: 0.217 at -210ms
  [null] Computing covariance-constrained null...
  [null] D_eff=2.5, expected |cos|=0.506
  [null] null_mean=0.090 ± 0.071

[temporal] Session 20230622, orientation=pooled, area=SLIP
  [S axis] Window: [-20, 30] ms
  [trials] 1095 trials (orientation=pooled, PT>=200.0ms)
  [sliding] 28 window positions from -350ms to 200ms
  [window] Length=50ms, Step=20ms
  [result] 28 valid windows
  [result] Alignment range: [0.009, 0.381]
  [result] Peak alignment: 0.381 at -230ms
  [null] Computing covariance-constrained null...
  [null] D_eff=4.1, expected |cos|=0.394
  [null] null_mean=0.165 ± 0.121
[saved] /project/bdoiron/dracoxu/rct-fsflow/paper_project_final/out_nofilter/temporal_alignment/temporal_alignment_pooled_alltrials/temporal_20230622_SFEF.json
[saved] /project/bdoiron/dracoxu/rct-fsflow/paper_project_final/out_nofilter/temporal_alignment/temporal_alignment_pooled_alltrials/temporal_20230622_SLIP.json

[done] Temporal alignment analysis complete

------------------------------------------------------------
Orientation: vertical, Filter: alltrials
Axes tag: axes_peakbin_saccCS-sacc-vertical-20mssw_nofilter
------------------------------------------------------------
======================================================================
TEMPORAL C-S ALIGNMENT ANALYSIS
======================================================================
Session: 20230622
Orientation: vertical
Filter mode: alltrials
Axes tag: axes_peakbin_saccCS-sacc-vertical-20mssw_nofilter
======================================================================
[auto] Using C window length from axes: 50ms

[temporal] Session 20230622, orientation=vertical, area=SFEF
  [S axis] Window: [-0, 50] ms
  [trials] 542 trials (orientation=vertical, PT>=200.0ms)
  [sliding] 28 window positions from -350ms to 200ms
  [window] Length=50ms, Step=20ms
  [result] 28 valid windows
  [result] Alignment range: [0.014, 0.291]
  [result] Peak alignment: 0.291 at 150ms
  [null] Computing covariance-constrained null...
  [null] D_eff=2.2, expected |cos|=0.542
  [null] null_mean=0.111 ± 0.084

[temporal] Session 20230622, orientation=vertical, area=SLIP
  [S axis] Window: [-0, 50] ms
  [trials] 542 trials (orientation=vertical, PT>=200.0ms)
  [sliding] 28 window positions from -350ms to 200ms
  [window] Length=50ms, Step=20ms
  [result] 28 valid windows
  [result] Alignment range: [0.009, 0.278]
  [result] Peak alignment: 0.278 at -310ms
  [null] Computing covariance-constrained null...
  [null] D_eff=2.1, expected |cos|=0.554
  [null] null_mean=0.112 ± 0.084
[saved] /project/bdoiron/dracoxu/rct-fsflow/paper_project_final/out_nofilter/temporal_alignment/temporal_alignment_vertical_alltrials/temporal_20230622_SFEF.json
[saved] /project/bdoiron/dracoxu/rct-fsflow/paper_project_final/out_nofilter/temporal_alignment/temporal_alignment_vertical_alltrials/temporal_20230622_SLIP.json

[done] Temporal alignment analysis complete

==============================================================
[done] Temporal alignment analysis complete for SID=20230622
==============================================================
