==============================================================
TEMPORAL ALIGNMENT SUMMARY
==============================================================

======================================================================
GENERATING TEMPORAL ALIGNMENT FIGURES
======================================================================

--- CORRECTONLY ---
  horizontal: 42 results from 21 sessions
[saved] /project/bdoiron/dracoxu/rct-fsflow/paper_project_final/out/axis_alignment_all_cases_figs/temporal_alignment_horizontal_correctonly.pdf
  pooled: 46 results from 23 sessions
[saved] /project/bdoiron/dracoxu/rct-fsflow/paper_project_final/out/axis_alignment_all_cases_figs/temporal_alignment_pooled_correctonly.pdf
  vertical: 46 results from 23 sessions
[saved] /project/bdoiron/dracoxu/rct-fsflow/paper_project_final/out/axis_alignment_all_cases_figs/temporal_alignment_vertical_correctonly.pdf
[saved] /project/bdoiron/dracoxu/rct-fsflow/paper_project_final/out/axis_alignment_all_cases_figs/temporal_alignment_comparison_correctonly.pdf

--- ALLTRIALS ---
  horizontal: 44 results from 22 sessions
[saved] /project/bdoiron/dracoxu/rct-fsflow/paper_project_final/out/axis_alignment_all_cases_figs/temporal_alignment_horizontal_alltrials.pdf
  pooled: 46 results from 23 sessions
[saved] /project/bdoiron/dracoxu/rct-fsflow/paper_project_final/out/axis_alignment_all_cases_figs/temporal_alignment_pooled_alltrials.pdf
  vertical: 46 results from 23 sessions
[saved] /project/bdoiron/dracoxu/rct-fsflow/paper_project_final/out/axis_alignment_all_cases_figs/temporal_alignment_vertical_alltrials.pdf
[saved] /project/bdoiron/dracoxu/rct-fsflow/paper_project_final/out/axis_alignment_all_cases_figs/temporal_alignment_comparison_alltrials.pdf

======================================================================
[done] Temporal alignment summary complete
======================================================================
[done] Summary complete
