==============================================================
TEMPORAL C-S ALIGNMENT ANALYSIS
Session: 20201001 (task 7)
==============================================================

==============================================================
CORRECT-ONLY TRIALS (out/)
==============================================================

------------------------------------------------------------
Orientation: horizontal, Filter: correctonly
Axes tag: axes_peakbin_saccCS-sacc-horizontal-20mssw
------------------------------------------------------------
======================================================================
TEMPORAL C-S ALIGNMENT ANALYSIS
======================================================================
Session: 20201001
Orientation: horizontal
Filter mode: alltrials
Axes tag: axes_peakbin_saccCS-sacc-horizontal-20mssw
======================================================================
[auto] Using C window length from axes: 50ms

[temporal] Session 20201001, orientation=horizontal, area=MFEF
  [S axis] Window: [-20, 30] ms
  [trials] 256 trials (orientation=horizontal, PT>=200.0ms)
  [sliding] 20 window positions from -300ms to 100ms
  [window] Length=50ms, Step=20ms
  [result] 20 valid windows
  [result] Alignment range: [0.001, 0.160]
  [result] Peak alignment: 0.160 at -180ms

[temporal] Session 20201001, orientation=horizontal, area=MLIP
  [S axis] Window: [-0, 50] ms
  [trials] 256 trials (orientation=horizontal, PT>=200.0ms)
  [sliding] 20 window positions from -300ms to 100ms
  [window] Length=50ms, Step=20ms
  [result] 20 valid windows
  [result] Alignment range: [0.016, 0.318]
  [result] Peak alignment: 0.318 at -220ms
[saved] /project/bdoiron/dracoxu/rct-fsflow/paper_project_final/out/temporal_alignment/temporal_alignment_horizontal_correctonly/temporal_20201001_MFEF.json
[saved] /project/bdoiron/dracoxu/rct-fsflow/paper_project_final/out/temporal_alignment/temporal_alignment_horizontal_correctonly/temporal_20201001_MLIP.json

[done] Temporal alignment analysis complete

------------------------------------------------------------
Orientation: pooled, Filter: correctonly
Axes tag: axes_peakbin_saccCS-sacc-pooled-20mssw
------------------------------------------------------------
======================================================================
TEMPORAL C-S ALIGNMENT ANALYSIS
======================================================================
Session: 20201001
Orientation: pooled
Filter mode: alltrials
Axes tag: axes_peakbin_saccCS-sacc-pooled-20mssw
======================================================================
[auto] Using C window length from axes: 50ms

[temporal] Session 20201001, orientation=pooled, area=MFEF
  [S axis] Window: [-20, 30] ms
  [trials] 548 trials (orientation=pooled, PT>=200.0ms)
  [sliding] 20 window positions from -300ms to 100ms
  [window] Length=50ms, Step=20ms
  [result] 20 valid windows
  [result] Alignment range: [0.006, 0.222]
  [result] Peak alignment: 0.222 at -120ms

[temporal] Session 20201001, orientation=pooled, area=MLIP
  [S axis] Window: [-0, 50] ms
  [trials] 548 trials (orientation=pooled, PT>=200.0ms)
  [sliding] 20 window positions from -300ms to 100ms
  [window] Length=50ms, Step=20ms
  [result] 20 valid windows
  [result] Alignment range: [0.000, 0.218]
  [result] Peak alignment: 0.218 at -260ms
[saved] /project/bdoiron/dracoxu/rct-fsflow/paper_project_final/out/temporal_alignment/temporal_alignment_pooled_correctonly/temporal_20201001_MFEF.json
[saved] /project/bdoiron/dracoxu/rct-fsflow/paper_project_final/out/temporal_alignment/temporal_alignment_pooled_correctonly/temporal_20201001_MLIP.json

[done] Temporal alignment analysis complete

------------------------------------------------------------
Orientation: vertical, Filter: correctonly
Axes tag: axes_peakbin_saccCS-sacc-vertical-20mssw
------------------------------------------------------------
