==============================================================
TEMPORAL C-S ALIGNMENT ANALYSIS
Session: 20200328 (task 2)
==============================================================

==============================================================
CORRECT-ONLY TRIALS (out/)
==============================================================

------------------------------------------------------------
Orientation: horizontal, Filter: correctonly
Axes tag: axes_peakbin_saccCS-sacc-horizontal-20mssw
------------------------------------------------------------
======================================================================
TEMPORAL C-S ALIGNMENT ANALYSIS
======================================================================
Session: 20200328
Orientation: horizontal
Filter mode: alltrials
Axes tag: axes_peakbin_saccCS-sacc-horizontal-20mssw
======================================================================
[auto] Using C window length from axes: 50ms

[temporal] Session 20200328, orientation=horizontal, area=MFEF
  [S axis] Window: [-20, 30] ms
  [trials] 247 trials (orientation=horizontal, PT>=200.0ms)
  [sliding] 28 window positions from -350ms to 200ms
  [window] Length=50ms, Step=20ms
  [result] 28 valid windows
  [result] Alignment range: [0.002, 0.148]
  [result] Peak alignment: 0.148 at -310ms
  [null] Computing covariance-constrained null...
  [null] D_eff=2.5, expected |cos|=0.500
  [null] null_mean=0.495 ± 0.256

[temporal] Session 20200328, orientation=horizontal, area=MLIP
  [S axis] Window: [-0, 50] ms
  [trials] 247 trials (orientation=horizontal, PT>=200.0ms)
  [sliding] 28 window positions from -350ms to 200ms
  [window] Length=50ms, Step=20ms
  [result] 28 valid windows
  [result] Alignment range: [0.003, 0.146]
  [result] Peak alignment: 0.146 at 150ms
  [null] Computing covariance-constrained null...
  [null] D_eff=1.9, expected |cos|=0.583
  [null] null_mean=0.141 ± 0.111
[saved] /project/bdoiron/dracoxu/rct-fsflow/paper_project_final/out/temporal_alignment/temporal_alignment_horizontal_correctonly/temporal_20200328_MFEF.json
[saved] /project/bdoiron/dracoxu/rct-fsflow/paper_project_final/out/temporal_alignment/temporal_alignment_horizontal_correctonly/temporal_20200328_MLIP.json

[done] Temporal alignment analysis complete

------------------------------------------------------------
Orientation: pooled, Filter: correctonly
Axes tag: axes_peakbin_saccCS-sacc-pooled-20mssw
------------------------------------------------------------
======================================================================
TEMPORAL C-S ALIGNMENT ANALYSIS
======================================================================
Session: 20200328
Orientation: pooled
Filter mode: alltrials
Axes tag: axes_peakbin_saccCS-sacc-pooled-20mssw
======================================================================
[auto] Using C window length from axes: 50ms

[temporal] Session 20200328, orientation=pooled, area=MFEF
  [S axis] Window: [-20, 30] ms
  [trials] 524 trials (orientation=pooled, PT>=200.0ms)
  [sliding] 28 window positions from -350ms to 200ms
  [window] Length=50ms, Step=20ms
  [result] 28 valid windows
  [result] Alignment range: [0.006, 0.316]
  [result] Peak alignment: 0.316 at -330ms
  [null] Computing covariance-constrained null...
  [null] D_eff=1.8, expected |cos|=0.591
  [null] null_mean=0.159 ± 0.109

[temporal] Session 20200328, orientation=pooled, area=MLIP
  [S axis] Window: [-0, 50] ms
  [trials] 524 trials (orientation=pooled, PT>=200.0ms)
  [sliding] 28 window positions from -350ms to 200ms
  [window] Length=50ms, Step=20ms
  [result] 28 valid windows
  [result] Alignment range: [0.008, 0.218]
  [result] Peak alignment: 0.218 at -270ms
  [null] Computing covariance-constrained null...
  [null] D_eff=2.1, expected |cos|=0.548
  [null] null_mean=0.069 ± 0.049
[saved] /project/bdoiron/dracoxu/rct-fsflow/paper_project_final/out/temporal_alignment/temporal_alignment_pooled_correctonly/temporal_20200328_MFEF.json
[saved] /project/bdoiron/dracoxu/rct-fsflow/paper_project_final/out/temporal_alignment/temporal_alignment_pooled_correctonly/temporal_20200328_MLIP.json

[done] Temporal alignment analysis complete

------------------------------------------------------------
Orientation: vertical, Filter: correctonly
Axes tag: axes_peakbin_saccCS-sacc-vertical-20mssw
------------------------------------------------------------
======================================================================
TEMPORAL C-S ALIGNMENT ANALYSIS
======================================================================
Session: 20200328
Orientation: vertical
Filter mode: alltrials
Axes tag: axes_peakbin_saccCS-sacc-vertical-20mssw
======================================================================
[auto] Using C window length from axes: 50ms

[temporal] Session 20200328, orientation=vertical, area=MFEF
  [S axis] Window: [-20, 30] ms
  [trials] 277 trials (orientation=vertical, PT>=200.0ms)
  [sliding] 28 window positions from -350ms to 200ms
  [window] Length=50ms, Step=20ms
  [result] 28 valid windows
  [result] Alignment range: [0.008, 0.309]
  [result] Peak alignment: 0.309 at -190ms
  [null] Computing covariance-constrained null...
  [null] D_eff=3.3, expected |cos|=0.441
  [null] null_mean=0.091 ± 0.072

[temporal] Session 20200328, orientation=vertical, area=MLIP
  [S axis] Window: [-0, 50] ms
  [trials] 277 trials (orientation=vertical, PT>=200.0ms)
  [sliding] 28 window positions from -350ms to 200ms
  [window] Length=50ms, Step=20ms
  [result] 28 valid windows
  [result] Alignment range: [0.006, 0.231]
  [result] Peak alignment: 0.231 at 110ms
  [null] Computing covariance-constrained null...
  [null] D_eff=1.9, expected |cos|=0.583
  [null] null_mean=0.081 ± 0.063
[saved] /project/bdoiron/dracoxu/rct-fsflow/paper_project_final/out/temporal_alignment/temporal_alignment_vertical_correctonly/temporal_20200328_MFEF.json
[saved] /project/bdoiron/dracoxu/rct-fsflow/paper_project_final/out/temporal_alignment/temporal_alignment_vertical_correctonly/temporal_20200328_MLIP.json

[done] Temporal alignment analysis complete

==============================================================
ALL TRIALS (out_nofilter/)
==============================================================

------------------------------------------------------------
Orientation: horizontal, Filter: alltrials
Axes tag: axes_peakbin_saccCS-sacc-horizontal-20mssw_nofilter
------------------------------------------------------------
======================================================================
TEMPORAL C-S ALIGNMENT ANALYSIS
======================================================================
Session: 20200328
Orientation: horizontal
Filter mode: alltrials
Axes tag: axes_peakbin_saccCS-sacc-horizontal-20mssw_nofilter
======================================================================
[auto] Using C window length from axes: 50ms

[temporal] Session 20200328, orientation=horizontal, area=MFEF
  [S axis] Window: [-20, 30] ms
  [trials] 255 trials (orientation=horizontal, PT>=200.0ms)
  [sliding] 28 window positions from -350ms to 200ms
  [window] Length=50ms, Step=20ms
  [result] 28 valid windows
  [result] Alignment range: [0.006, 0.133]
  [result] Peak alignment: 0.133 at 190ms
  [null] Computing covariance-constrained null...
  [null] D_eff=2.6, expected |cos|=0.496
  [null] null_mean=0.490 ± 0.253

[temporal] Session 20200328, orientation=horizontal, area=MLIP
  [S axis] Window: [-0, 50] ms
  [trials] 255 trials (orientation=horizontal, PT>=200.0ms)
  [sliding] 28 window positions from -350ms to 200ms
  [window] Length=50ms, Step=20ms
  [result] 28 valid windows
  [result] Alignment range: [0.001, 0.133]
  [result] Peak alignment: 0.133 at 150ms
  [null] Computing covariance-constrained null...
  [null] D_eff=1.9, expected |cos|=0.583
  [null] null_mean=0.144 ± 0.116
[saved] /project/bdoiron/dracoxu/rct-fsflow/paper_project_final/out_nofilter/temporal_alignment/temporal_alignment_horizontal_alltrials/temporal_20200328_MFEF.json
[saved] /project/bdoiron/dracoxu/rct-fsflow/paper_project_final/out_nofilter/temporal_alignment/temporal_alignment_horizontal_alltrials/temporal_20200328_MLIP.json

[done] Temporal alignment analysis complete

------------------------------------------------------------
Orientation: pooled, Filter: alltrials
Axes tag: axes_peakbin_saccCS-sacc-pooled-20mssw_nofilter
------------------------------------------------------------
======================================================================
TEMPORAL C-S ALIGNMENT ANALYSIS
======================================================================
Session: 20200328
Orientation: pooled
Filter mode: alltrials
Axes tag: axes_peakbin_saccCS-sacc-pooled-20mssw_nofilter
======================================================================
[auto] Using C window length from axes: 50ms

[temporal] Session 20200328, orientation=pooled, area=MFEF
  [S axis] Window: [-20, 30] ms
  [trials] 542 trials (orientation=pooled, PT>=200.0ms)
  [sliding] 28 window positions from -350ms to 200ms
  [window] Length=50ms, Step=20ms
  [result] 28 valid windows
  [result] Alignment range: [0.014, 0.275]
  [result] Peak alignment: 0.275 at -330ms
  [null] Computing covariance-constrained null...
  [null] D_eff=1.8, expected |cos|=0.595
  [null] null_mean=0.148 ± 0.106

[temporal] Session 20200328, orientation=pooled, area=MLIP
  [S axis] Window: [-0, 50] ms
  [trials] 542 trials (orientation=pooled, PT>=200.0ms)
  [sliding] 28 window positions from -350ms to 200ms
  [window] Length=50ms, Step=20ms
  [result] 28 valid windows
  [result] Alignment range: [0.012, 0.199]
  [result] Peak alignment: 0.199 at -270ms
  [null] Computing covariance-constrained null...
  [null] D_eff=2.2, expected |cos|=0.543
  [null] null_mean=0.069 ± 0.049
[saved] /project/bdoiron/dracoxu/rct-fsflow/paper_project_final/out_nofilter/temporal_alignment/temporal_alignment_pooled_alltrials/temporal_20200328_MFEF.json
[saved] /project/bdoiron/dracoxu/rct-fsflow/paper_project_final/out_nofilter/temporal_alignment/temporal_alignment_pooled_alltrials/temporal_20200328_MLIP.json

[done] Temporal alignment analysis complete

------------------------------------------------------------
Orientation: vertical, Filter: alltrials
Axes tag: axes_peakbin_saccCS-sacc-vertical-20mssw_nofilter
------------------------------------------------------------
======================================================================
TEMPORAL C-S ALIGNMENT ANALYSIS
======================================================================
Session: 20200328
Orientation: vertical
Filter mode: alltrials
Axes tag: axes_peakbin_saccCS-sacc-vertical-20mssw_nofilter
======================================================================
[auto] Using C window length from axes: 50ms

[temporal] Session 20200328, orientation=vertical, area=MFEF
  [S axis] Window: [-20, 30] ms
  [trials] 287 trials (orientation=vertical, PT>=200.0ms)
  [sliding] 28 window positions from -350ms to 200ms
  [window] Length=50ms, Step=20ms
  [result] 28 valid windows
  [result] Alignment range: [0.001, 0.363]
  [result] Peak alignment: 0.363 at -190ms
  [null] Computing covariance-constrained null...
  [null] D_eff=3.2, expected |cos|=0.446
  [null] null_mean=0.097 ± 0.073

[temporal] Session 20200328, orientation=vertical, area=MLIP
  [S axis] Window: [-0, 50] ms
  [trials] 287 trials (orientation=vertical, PT>=200.0ms)
  [sliding] 28 window positions from -350ms to 200ms
  [window] Length=50ms, Step=20ms
  [result] 28 valid windows
  [result] Alignment range: [0.007, 0.272]
  [result] Peak alignment: 0.272 at 110ms
  [null] Computing covariance-constrained null...
  [null] D_eff=1.9, expected |cos|=0.578
  [null] null_mean=0.079 ± 0.061
[saved] /project/bdoiron/dracoxu/rct-fsflow/paper_project_final/out_nofilter/temporal_alignment/temporal_alignment_vertical_alltrials/temporal_20200328_MFEF.json
[saved] /project/bdoiron/dracoxu/rct-fsflow/paper_project_final/out_nofilter/temporal_alignment/temporal_alignment_vertical_alltrials/temporal_20200328_MLIP.json

[done] Temporal alignment analysis complete

==============================================================
[done] Temporal alignment analysis complete for SID=20200328
==============================================================
