==============================================================
TEMPORAL C-S ALIGNMENT ANALYSIS
Session: 20201004 (task 8)
==============================================================

==============================================================
CORRECT-ONLY TRIALS (out/)
==============================================================

------------------------------------------------------------
Orientation: horizontal, Filter: correctonly
Axes tag: axes_peakbin_saccCS-sacc-horizontal-20mssw
------------------------------------------------------------
======================================================================
TEMPORAL C-S ALIGNMENT ANALYSIS
======================================================================
Session: 20201004
Orientation: horizontal
Filter mode: alltrials
Axes tag: axes_peakbin_saccCS-sacc-horizontal-20mssw
======================================================================
[auto] Using C window length from axes: 50ms

[temporal] Session 20201004, orientation=horizontal, area=MFEF
  [S axis] Window: [-20, 30] ms
  [trials] 291 trials (orientation=horizontal, PT>=200.0ms)
  [sliding] 28 window positions from -350ms to 200ms
  [window] Length=50ms, Step=20ms
  [result] 28 valid windows
  [result] Alignment range: [0.004, 0.111]
  [result] Peak alignment: 0.111 at -170ms
  [null] Computing covariance-constrained null...
  [null] D_eff=2.7, expected |cos|=0.484
  [null] null_mean=0.507 ± 0.246

[temporal] Session 20201004, orientation=horizontal, area=MLIP
  [S axis] Window: [-0, 50] ms
  [trials] 291 trials (orientation=horizontal, PT>=200.0ms)
  [sliding] 28 window positions from -350ms to 200ms
  [window] Length=50ms, Step=20ms
  [result] 28 valid windows
  [result] Alignment range: [0.005, 0.364]
  [result] Peak alignment: 0.364 at 170ms
  [null] Computing covariance-constrained null...
  [null] D_eff=2.7, expected |cos|=0.490
  [null] null_mean=0.239 ± 0.152
[saved] /project/bdoiron/dracoxu/rct-fsflow/paper_project_final/out/temporal_alignment/temporal_alignment_horizontal_correctonly/temporal_20201004_MFEF.json
[saved] /project/bdoiron/dracoxu/rct-fsflow/paper_project_final/out/temporal_alignment/temporal_alignment_horizontal_correctonly/temporal_20201004_MLIP.json

[done] Temporal alignment analysis complete

------------------------------------------------------------
Orientation: pooled, Filter: correctonly
Axes tag: axes_peakbin_saccCS-sacc-pooled-20mssw
------------------------------------------------------------
======================================================================
TEMPORAL C-S ALIGNMENT ANALYSIS
======================================================================
Session: 20201004
Orientation: pooled
Filter mode: alltrials
Axes tag: axes_peakbin_saccCS-sacc-pooled-20mssw
======================================================================
[auto] Using C window length from axes: 50ms

[temporal] Session 20201004, orientation=pooled, area=MFEF
  [S axis] Window: [-20, 30] ms
  [trials] 528 trials (orientation=pooled, PT>=200.0ms)
  [sliding] 28 window positions from -350ms to 200ms
  [window] Length=50ms, Step=20ms
  [result] 28 valid windows
  [result] Alignment range: [0.005, 0.315]
  [result] Peak alignment: 0.315 at -90ms
  [null] Computing covariance-constrained null...
  [null] D_eff=2.9, expected |cos|=0.469
  [null] null_mean=0.202 ± 0.118

[temporal] Session 20201004, orientation=pooled, area=MLIP
  [S axis] Window: [-0, 50] ms
  [trials] 528 trials (orientation=pooled, PT>=200.0ms)
  [sliding] 28 window positions from -350ms to 200ms
  [window] Length=50ms, Step=20ms
  [result] 28 valid windows
  [result] Alignment range: [0.008, 0.239]
  [result] Peak alignment: 0.239 at -290ms
  [null] Computing covariance-constrained null...
  [null] D_eff=3.6, expected |cos|=0.418
  [null] null_mean=0.101 ± 0.075
[saved] /project/bdoiron/dracoxu/rct-fsflow/paper_project_final/out/temporal_alignment/temporal_alignment_pooled_correctonly/temporal_20201004_MFEF.json
[saved] /project/bdoiron/dracoxu/rct-fsflow/paper_project_final/out/temporal_alignment/temporal_alignment_pooled_correctonly/temporal_20201004_MLIP.json

[done] Temporal alignment analysis complete

------------------------------------------------------------
Orientation: vertical, Filter: correctonly
Axes tag: axes_peakbin_saccCS-sacc-vertical-20mssw
------------------------------------------------------------
======================================================================
TEMPORAL C-S ALIGNMENT ANALYSIS
======================================================================
Session: 20201004
Orientation: vertical
Filter mode: alltrials
Axes tag: axes_peakbin_saccCS-sacc-vertical-20mssw
======================================================================
[auto] Using C window length from axes: 50ms

[temporal] Session 20201004, orientation=vertical, area=MFEF
  [S axis] Window: [-20, 30] ms
  [trials] 237 trials (orientation=vertical, PT>=200.0ms)
  [sliding] 28 window positions from -350ms to 200ms
  [window] Length=50ms, Step=20ms
  [result] 28 valid windows
  [result] Alignment range: [0.002, 0.257]
  [result] Peak alignment: 0.257 at -350ms
  [null] Computing covariance-constrained null...
  [null] D_eff=4.0, expected |cos|=0.399
  [null] null_mean=0.165 ± 0.104

[temporal] Session 20201004, orientation=vertical, area=MLIP
  [S axis] Window: [-0, 50] ms
  [trials] 237 trials (orientation=vertical, PT>=200.0ms)
  [sliding] 28 window positions from -350ms to 200ms
  [window] Length=50ms, Step=20ms
  [result] 28 valid windows
  [result] Alignment range: [0.008, 0.281]
  [result] Peak alignment: 0.281 at 190ms
  [null] Computing covariance-constrained null...
  [null] D_eff=1.6, expected |cos|=0.627
  [null] null_mean=0.100 ± 0.074
[saved] /project/bdoiron/dracoxu/rct-fsflow/paper_project_final/out/temporal_alignment/temporal_alignment_vertical_correctonly/temporal_20201004_MFEF.json
[saved] /project/bdoiron/dracoxu/rct-fsflow/paper_project_final/out/temporal_alignment/temporal_alignment_vertical_correctonly/temporal_20201004_MLIP.json

[done] Temporal alignment analysis complete

==============================================================
ALL TRIALS (out_nofilter/)
==============================================================

------------------------------------------------------------
Orientation: horizontal, Filter: alltrials
Axes tag: axes_peakbin_saccCS-sacc-horizontal-20mssw_nofilter
------------------------------------------------------------
======================================================================
TEMPORAL C-S ALIGNMENT ANALYSIS
======================================================================
Session: 20201004
Orientation: horizontal
Filter mode: alltrials
Axes tag: axes_peakbin_saccCS-sacc-horizontal-20mssw_nofilter
======================================================================
[auto] Using C window length from axes: 50ms

[temporal] Session 20201004, orientation=horizontal, area=MFEF
  [S axis] Window: [-20, 30] ms
  [trials] 297 trials (orientation=horizontal, PT>=200.0ms)
  [sliding] 28 window positions from -350ms to 200ms
  [window] Length=50ms, Step=20ms
  [result] 28 valid windows
  [result] Alignment range: [0.000, 0.101]
  [result] Peak alignment: 0.101 at 90ms
  [null] Computing covariance-constrained null...
  [null] D_eff=2.8, expected |cos|=0.480
  [null] null_mean=0.501 ± 0.245

[temporal] Session 20201004, orientation=horizontal, area=MLIP
  [S axis] Window: [-0, 50] ms
  [trials] 297 trials (orientation=horizontal, PT>=200.0ms)
  [sliding] 28 window positions from -350ms to 200ms
  [window] Length=50ms, Step=20ms
  [result] 28 valid windows
  [result] Alignment range: [0.006, 0.383]
  [result] Peak alignment: 0.383 at 170ms
  [null] Computing covariance-constrained null...
  [null] D_eff=2.6, expected |cos|=0.492
  [null] null_mean=0.206 ± 0.135
[saved] /project/bdoiron/dracoxu/rct-fsflow/paper_project_final/out_nofilter/temporal_alignment/temporal_alignment_horizontal_alltrials/temporal_20201004_MFEF.json
[saved] /project/bdoiron/dracoxu/rct-fsflow/paper_project_final/out_nofilter/temporal_alignment/temporal_alignment_horizontal_alltrials/temporal_20201004_MLIP.json

[done] Temporal alignment analysis complete

------------------------------------------------------------
Orientation: pooled, Filter: alltrials
Axes tag: axes_peakbin_saccCS-sacc-pooled-20mssw_nofilter
------------------------------------------------------------
======================================================================
TEMPORAL C-S ALIGNMENT ANALYSIS
======================================================================
Session: 20201004
Orientation: pooled
Filter mode: alltrials
Axes tag: axes_peakbin_saccCS-sacc-pooled-20mssw_nofilter
======================================================================
[auto] Using C window length from axes: 50ms

[temporal] Session 20201004, orientation=pooled, area=MFEF
  [S axis] Window: [-20, 30] ms
  [trials] 548 trials (orientation=pooled, PT>=200.0ms)
  [sliding] 28 window positions from -350ms to 200ms
  [window] Length=50ms, Step=20ms
  [result] 28 valid windows
  [result] Alignment range: [0.000, 0.272]
  [result] Peak alignment: 0.272 at -90ms
  [null] Computing covariance-constrained null...
  [null] D_eff=2.9, expected |cos|=0.466
  [null] null_mean=0.195 ± 0.112

[temporal] Session 20201004, orientation=pooled, area=MLIP
  [S axis] Window: [-0, 50] ms
  [trials] 548 trials (orientation=pooled, PT>=200.0ms)
  [sliding] 28 window positions from -350ms to 200ms
  [window] Length=50ms, Step=20ms
  [result] 28 valid windows
  [result] Alignment range: [0.005, 0.233]
  [result] Peak alignment: 0.233 at -290ms
  [null] Computing covariance-constrained null...
  [null] D_eff=3.6, expected |cos|=0.420
  [null] null_mean=0.107 ± 0.080
[saved] /project/bdoiron/dracoxu/rct-fsflow/paper_project_final/out_nofilter/temporal_alignment/temporal_alignment_pooled_alltrials/temporal_20201004_MFEF.json
[saved] /project/bdoiron/dracoxu/rct-fsflow/paper_project_final/out_nofilter/temporal_alignment/temporal_alignment_pooled_alltrials/temporal_20201004_MLIP.json

[done] Temporal alignment analysis complete

------------------------------------------------------------
Orientation: vertical, Filter: alltrials
Axes tag: axes_peakbin_saccCS-sacc-vertical-20mssw_nofilter
------------------------------------------------------------
======================================================================
TEMPORAL C-S ALIGNMENT ANALYSIS
======================================================================
Session: 20201004
Orientation: vertical
Filter mode: alltrials
Axes tag: axes_peakbin_saccCS-sacc-vertical-20mssw_nofilter
======================================================================
[auto] Using C window length from axes: 50ms

[temporal] Session 20201004, orientation=vertical, area=MFEF
  [S axis] Window: [-20, 30] ms
  [trials] 251 trials (orientation=vertical, PT>=200.0ms)
  [sliding] 28 window positions from -350ms to 200ms
  [window] Length=50ms, Step=20ms
  [result] 28 valid windows
  [result] Alignment range: [0.010, 0.249]
  [result] Peak alignment: 0.249 at -350ms
  [null] Computing covariance-constrained null...
  [null] D_eff=4.2, expected |cos|=0.391
  [null] null_mean=0.135 ± 0.097

[temporal] Session 20201004, orientation=vertical, area=MLIP
  [S axis] Window: [-0, 50] ms
  [trials] 251 trials (orientation=vertical, PT>=200.0ms)
  [sliding] 28 window positions from -350ms to 200ms
  [window] Length=50ms, Step=20ms
  [result] 28 valid windows
  [result] Alignment range: [0.011, 0.269]
  [result] Peak alignment: 0.269 at 190ms
  [null] Computing covariance-constrained null...
  [null] D_eff=1.7, expected |cos|=0.621
  [null] null_mean=0.098 ± 0.081
[saved] /project/bdoiron/dracoxu/rct-fsflow/paper_project_final/out_nofilter/temporal_alignment/temporal_alignment_vertical_alltrials/temporal_20201004_MFEF.json
[saved] /project/bdoiron/dracoxu/rct-fsflow/paper_project_final/out_nofilter/temporal_alignment/temporal_alignment_vertical_alltrials/temporal_20201004_MLIP.json

[done] Temporal alignment analysis complete

==============================================================
[done] Temporal alignment analysis complete for SID=20201004
==============================================================
