==============================================================
TEMPORAL C-S ALIGNMENT ANALYSIS
Session: 20230627 (task 13)
==============================================================

==============================================================
CORRECT-ONLY TRIALS (out/)
==============================================================

------------------------------------------------------------
Orientation: horizontal, Filter: correctonly
Axes tag: axes_peakbin_saccCS-sacc-horizontal-20mssw
------------------------------------------------------------
======================================================================
TEMPORAL C-S ALIGNMENT ANALYSIS
======================================================================
Session: 20230627
Orientation: horizontal
Filter mode: alltrials
Axes tag: axes_peakbin_saccCS-sacc-horizontal-20mssw
======================================================================
[auto] Using C window length from axes: 50ms

[temporal] Session 20230627, orientation=horizontal, area=SFEF
  [S axis] Window: [-20, 30] ms
  [trials] 432 trials (orientation=horizontal, PT>=200.0ms)
  [sliding] 20 window positions from -300ms to 100ms
  [window] Length=50ms, Step=20ms
  [result] 20 valid windows
  [result] Alignment range: [0.003, 0.265]
  [result] Peak alignment: 0.265 at -280ms

[temporal] Session 20230627, orientation=horizontal, area=SLIP
  [S axis] Window: [-0, 50] ms
  [trials] 432 trials (orientation=horizontal, PT>=200.0ms)
  [sliding] 20 window positions from -300ms to 100ms
  [window] Length=50ms, Step=20ms
  [result] 20 valid windows
  [result] Alignment range: [0.000, 0.273]
  [result] Peak alignment: 0.273 at -40ms
[saved] /project/bdoiron/dracoxu/rct-fsflow/paper_project_final/out/temporal_alignment/temporal_alignment_horizontal_correctonly/temporal_20230627_SFEF.json
[saved] /project/bdoiron/dracoxu/rct-fsflow/paper_project_final/out/temporal_alignment/temporal_alignment_horizontal_correctonly/temporal_20230627_SLIP.json

[done] Temporal alignment analysis complete

------------------------------------------------------------
Orientation: pooled, Filter: correctonly
Axes tag: axes_peakbin_saccCS-sacc-pooled-20mssw
------------------------------------------------------------
======================================================================
TEMPORAL C-S ALIGNMENT ANALYSIS
======================================================================
Session: 20230627
Orientation: pooled
Filter mode: alltrials
Axes tag: axes_peakbin_saccCS-sacc-pooled-20mssw
======================================================================
[auto] Using C window length from axes: 50ms

[temporal] Session 20230627, orientation=pooled, area=SFEF
  [S axis] Window: [-40, 10] ms
  [trials] 867 trials (orientation=pooled, PT>=200.0ms)
  [sliding] 20 window positions from -300ms to 100ms
  [window] Length=50ms, Step=20ms
  [result] 20 valid windows
  [result] Alignment range: [0.011, 0.208]
  [result] Peak alignment: 0.208 at -300ms

[temporal] Session 20230627, orientation=pooled, area=SLIP
  [S axis] Window: [-0, 50] ms
  [trials] 867 trials (orientation=pooled, PT>=200.0ms)
  [sliding] 20 window positions from -300ms to 100ms
  [window] Length=50ms, Step=20ms
  [result] 20 valid windows
  [result] Alignment range: [0.003, 0.300]
  [result] Peak alignment: 0.300 at -300ms
[saved] /project/bdoiron/dracoxu/rct-fsflow/paper_project_final/out/temporal_alignment/temporal_alignment_pooled_correctonly/temporal_20230627_SFEF.json
[saved] /project/bdoiron/dracoxu/rct-fsflow/paper_project_final/out/temporal_alignment/temporal_alignment_pooled_correctonly/temporal_20230627_SLIP.json

[done] Temporal alignment analysis complete

------------------------------------------------------------
Orientation: vertical, Filter: correctonly
Axes tag: axes_peakbin_saccCS-sacc-vertical-20mssw
------------------------------------------------------------
