==============================================================
TEMPORAL C-S ALIGNMENT ANALYSIS
Session: 20200926 (task 5)
==============================================================

==============================================================
CORRECT-ONLY TRIALS (out/)
==============================================================

------------------------------------------------------------
Orientation: horizontal, Filter: correctonly
Axes tag: axes_peakbin_saccCS-sacc-horizontal-20mssw
------------------------------------------------------------
======================================================================
TEMPORAL C-S ALIGNMENT ANALYSIS
======================================================================
Session: 20200926
Orientation: horizontal
Filter mode: alltrials
Axes tag: axes_peakbin_saccCS-sacc-horizontal-20mssw
======================================================================
[auto] Using C window length from axes: 50ms

[temporal] Session 20200926, orientation=horizontal, area=MFEF
  [S axis] Window: [-20, 30] ms
  [trials] 290 trials (orientation=horizontal, PT>=200.0ms)
  [sliding] 28 window positions from -350ms to 200ms
  [window] Length=50ms, Step=20ms
  [result] 28 valid windows
  [result] Alignment range: [0.001, 0.177]
  [result] Peak alignment: 0.177 at -250ms
  [null] Computing covariance-constrained null...
  [null] D_eff=3.6, expected |cos|=0.423
  [null] null_mean=0.209 ± 0.135

[temporal] Session 20200926, orientation=horizontal, area=MLIP
  [S axis] Window: [-0, 50] ms
  [trials] 290 trials (orientation=horizontal, PT>=200.0ms)
  [sliding] 28 window positions from -350ms to 200ms
  [window] Length=50ms, Step=20ms
  [result] 28 valid windows
  [result] Alignment range: [0.002, 0.330]
  [result] Peak alignment: 0.330 at -110ms
  [null] Computing covariance-constrained null...
  [null] D_eff=2.8, expected |cos|=0.473
  [null] null_mean=0.136 ± 0.099
[saved] /project/bdoiron/dracoxu/rct-fsflow/paper_project_final/out/temporal_alignment/temporal_alignment_horizontal_correctonly/temporal_20200926_MFEF.json
[saved] /project/bdoiron/dracoxu/rct-fsflow/paper_project_final/out/temporal_alignment/temporal_alignment_horizontal_correctonly/temporal_20200926_MLIP.json

[done] Temporal alignment analysis complete

------------------------------------------------------------
Orientation: pooled, Filter: correctonly
Axes tag: axes_peakbin_saccCS-sacc-pooled-20mssw
------------------------------------------------------------
======================================================================
TEMPORAL C-S ALIGNMENT ANALYSIS
======================================================================
Session: 20200926
Orientation: pooled
Filter mode: alltrials
Axes tag: axes_peakbin_saccCS-sacc-pooled-20mssw
======================================================================
[auto] Using C window length from axes: 50ms

[temporal] Session 20200926, orientation=pooled, area=MFEF
  [S axis] Window: [-0, 50] ms
  [trials] 569 trials (orientation=pooled, PT>=200.0ms)
  [sliding] 28 window positions from -350ms to 200ms
  [window] Length=50ms, Step=20ms
  [result] 28 valid windows
  [result] Alignment range: [0.006, 0.238]
  [result] Peak alignment: 0.238 at -290ms
  [null] Computing covariance-constrained null...
  [null] D_eff=6.5, expected |cos|=0.312
  [null] null_mean=0.162 ± 0.101

[temporal] Session 20200926, orientation=pooled, area=MLIP
  [S axis] Window: [-20, 30] ms
  [trials] 569 trials (orientation=pooled, PT>=200.0ms)
  [sliding] 28 window positions from -350ms to 200ms
  [window] Length=50ms, Step=20ms
  [result] 28 valid windows
  [result] Alignment range: [0.008, 0.270]
  [result] Peak alignment: 0.270 at -310ms
  [null] Computing covariance-constrained null...
  [null] D_eff=3.3, expected |cos|=0.438
  [null] null_mean=0.073 ± 0.055
[saved] /project/bdoiron/dracoxu/rct-fsflow/paper_project_final/out/temporal_alignment/temporal_alignment_pooled_correctonly/temporal_20200926_MFEF.json
[saved] /project/bdoiron/dracoxu/rct-fsflow/paper_project_final/out/temporal_alignment/temporal_alignment_pooled_correctonly/temporal_20200926_MLIP.json

[done] Temporal alignment analysis complete

------------------------------------------------------------
Orientation: vertical, Filter: correctonly
Axes tag: axes_peakbin_saccCS-sacc-vertical-20mssw
------------------------------------------------------------
======================================================================
TEMPORAL C-S ALIGNMENT ANALYSIS
======================================================================
Session: 20200926
Orientation: vertical
Filter mode: alltrials
Axes tag: axes_peakbin_saccCS-sacc-vertical-20mssw
======================================================================
[auto] Using C window length from axes: 50ms

[temporal] Session 20200926, orientation=vertical, area=MFEF
  [S axis] Window: [-60, 40] ms
  [trials] 279 trials (orientation=vertical, PT>=200.0ms)
  [sliding] 28 window positions from -350ms to 200ms
  [window] Length=50ms, Step=20ms
  [result] 28 valid windows
  [result] Alignment range: [0.005, 0.332]
  [result] Peak alignment: 0.332 at -190ms
  [null] Computing covariance-constrained null...
  [null] D_eff=4.7, expected |cos|=0.369
  [null] null_mean=0.228 ± 0.138

[temporal] Session 20200926, orientation=vertical, area=MLIP
  [S axis] Window: [-20, 30] ms
  [trials] 279 trials (orientation=vertical, PT>=200.0ms)
  [sliding] 28 window positions from -350ms to 200ms
  [window] Length=50ms, Step=20ms
  [result] 28 valid windows
  [result] Alignment range: [0.001, 0.193]
  [result] Peak alignment: 0.193 at 30ms
  [null] Computing covariance-constrained null...
  [null] D_eff=1.3, expected |cos|=0.692
  [null] null_mean=0.054 ± 0.033
[saved] /project/bdoiron/dracoxu/rct-fsflow/paper_project_final/out/temporal_alignment/temporal_alignment_vertical_correctonly/temporal_20200926_MFEF.json
[saved] /project/bdoiron/dracoxu/rct-fsflow/paper_project_final/out/temporal_alignment/temporal_alignment_vertical_correctonly/temporal_20200926_MLIP.json

[done] Temporal alignment analysis complete

==============================================================
ALL TRIALS (out_nofilter/)
==============================================================

------------------------------------------------------------
Orientation: horizontal, Filter: alltrials
Axes tag: axes_peakbin_saccCS-sacc-horizontal-20mssw_nofilter
------------------------------------------------------------
======================================================================
TEMPORAL C-S ALIGNMENT ANALYSIS
======================================================================
Session: 20200926
Orientation: horizontal
Filter mode: alltrials
Axes tag: axes_peakbin_saccCS-sacc-horizontal-20mssw_nofilter
======================================================================
[auto] Using C window length from axes: 50ms

[temporal] Session 20200926, orientation=horizontal, area=MFEF
  [S axis] Window: [-60, 40] ms
  [trials] 295 trials (orientation=horizontal, PT>=200.0ms)
  [sliding] 28 window positions from -350ms to 200ms
  [window] Length=50ms, Step=20ms
  [result] 28 valid windows
  [result] Alignment range: [0.003, 0.165]
  [result] Peak alignment: 0.165 at -250ms
  [null] Computing covariance-constrained null...
  [null] D_eff=3.5, expected |cos|=0.425
  [null] null_mean=0.202 ± 0.134

[temporal] Session 20200926, orientation=horizontal, area=MLIP
  [S axis] Window: [-0, 50] ms
  [trials] 295 trials (orientation=horizontal, PT>=200.0ms)
  [sliding] 28 window positions from -350ms to 200ms
  [window] Length=50ms, Step=20ms
  [result] 28 valid windows
  [result] Alignment range: [0.001, 0.327]
  [result] Peak alignment: 0.327 at -110ms
  [null] Computing covariance-constrained null...
  [null] D_eff=2.8, expected |cos|=0.473
  [null] null_mean=0.160 ± 0.115
[saved] /project/bdoiron/dracoxu/rct-fsflow/paper_project_final/out_nofilter/temporal_alignment/temporal_alignment_horizontal_alltrials/temporal_20200926_MFEF.json
[saved] /project/bdoiron/dracoxu/rct-fsflow/paper_project_final/out_nofilter/temporal_alignment/temporal_alignment_horizontal_alltrials/temporal_20200926_MLIP.json

[done] Temporal alignment analysis complete

------------------------------------------------------------
Orientation: pooled, Filter: alltrials
Axes tag: axes_peakbin_saccCS-sacc-pooled-20mssw_nofilter
------------------------------------------------------------
======================================================================
TEMPORAL C-S ALIGNMENT ANALYSIS
======================================================================
Session: 20200926
Orientation: pooled
Filter mode: alltrials
Axes tag: axes_peakbin_saccCS-sacc-pooled-20mssw_nofilter
======================================================================
[auto] Using C window length from axes: 50ms

[temporal] Session 20200926, orientation=pooled, area=MFEF
  [S axis] Window: [-0, 50] ms
  [trials] 581 trials (orientation=pooled, PT>=200.0ms)
  [sliding] 28 window positions from -350ms to 200ms
  [window] Length=50ms, Step=20ms
  [result] 28 valid windows
  [result] Alignment range: [0.001, 0.235]
  [result] Peak alignment: 0.235 at -290ms
  [null] Computing covariance-constrained null...
  [null] D_eff=6.6, expected |cos|=0.310
  [null] null_mean=0.165 ± 0.109

[temporal] Session 20200926, orientation=pooled, area=MLIP
  [S axis] Window: [-20, 30] ms
  [trials] 581 trials (orientation=pooled, PT>=200.0ms)
  [sliding] 28 window positions from -350ms to 200ms
  [window] Length=50ms, Step=20ms
  [result] 28 valid windows
  [result] Alignment range: [0.011, 0.257]
  [result] Peak alignment: 0.257 at 70ms
  [null] Computing covariance-constrained null...
  [null] D_eff=4.1, expected |cos|=0.395
  [null] null_mean=0.080 ± 0.059
[saved] /project/bdoiron/dracoxu/rct-fsflow/paper_project_final/out_nofilter/temporal_alignment/temporal_alignment_pooled_alltrials/temporal_20200926_MFEF.json
[saved] /project/bdoiron/dracoxu/rct-fsflow/paper_project_final/out_nofilter/temporal_alignment/temporal_alignment_pooled_alltrials/temporal_20200926_MLIP.json

[done] Temporal alignment analysis complete

------------------------------------------------------------
Orientation: vertical, Filter: alltrials
Axes tag: axes_peakbin_saccCS-sacc-vertical-20mssw_nofilter
------------------------------------------------------------
======================================================================
TEMPORAL C-S ALIGNMENT ANALYSIS
======================================================================
Session: 20200926
Orientation: vertical
Filter mode: alltrials
Axes tag: axes_peakbin_saccCS-sacc-vertical-20mssw_nofilter
======================================================================
[auto] Using C window length from axes: 50ms

[temporal] Session 20200926, orientation=vertical, area=MFEF
  [S axis] Window: [-20, 30] ms
  [trials] 286 trials (orientation=vertical, PT>=200.0ms)
  [sliding] 28 window positions from -350ms to 200ms
  [window] Length=50ms, Step=20ms
  [result] 28 valid windows
  [result] Alignment range: [0.002, 0.281]
  [result] Peak alignment: 0.281 at -190ms
  [null] Computing covariance-constrained null...
  [null] D_eff=4.5, expected |cos|=0.375
  [null] null_mean=0.225 ± 0.137

[temporal] Session 20200926, orientation=vertical, area=MLIP
  [S axis] Window: [-20, 30] ms
  [trials] 286 trials (orientation=vertical, PT>=200.0ms)
  [sliding] 28 window positions from -350ms to 200ms
  [window] Length=50ms, Step=20ms
  [result] 28 valid windows
  [result] Alignment range: [0.000, 0.233]
  [result] Peak alignment: 0.233 at 30ms
  [null] Computing covariance-constrained null...
  [null] D_eff=1.6, expected |cos|=0.640
  [null] null_mean=0.053 ± 0.039
[saved] /project/bdoiron/dracoxu/rct-fsflow/paper_project_final/out_nofilter/temporal_alignment/temporal_alignment_vertical_alltrials/temporal_20200926_MFEF.json
[saved] /project/bdoiron/dracoxu/rct-fsflow/paper_project_final/out_nofilter/temporal_alignment/temporal_alignment_vertical_alltrials/temporal_20200926_MLIP.json

[done] Temporal alignment analysis complete

==============================================================
[done] Temporal alignment analysis complete for SID=20200926
==============================================================
