==============================================================
TEMPORAL C-S ALIGNMENT ANALYSIS
Session: 20230707 (task 15)
==============================================================

==============================================================
CORRECT-ONLY TRIALS (out/)
==============================================================

------------------------------------------------------------
Orientation: horizontal, Filter: correctonly
Axes tag: axes_peakbin_saccCS-sacc-horizontal-20mssw
------------------------------------------------------------
======================================================================
TEMPORAL C-S ALIGNMENT ANALYSIS
======================================================================
Session: 20230707
Orientation: horizontal
Filter mode: alltrials
Axes tag: axes_peakbin_saccCS-sacc-horizontal-20mssw
======================================================================
[auto] Using C window length from axes: 50ms

[temporal] Session 20230707, orientation=horizontal, area=SFEF
  [S axis] Window: [-0, 50] ms
  [trials] 386 trials (orientation=horizontal, PT>=200.0ms)
  [sliding] 28 window positions from -350ms to 200ms
  [window] Length=50ms, Step=20ms
  [result] 28 valid windows
  [result] Alignment range: [0.005, 0.287]
  [result] Peak alignment: 0.287 at -330ms
  [null] Computing covariance-constrained null...
  [null] D_eff=3.6, expected |cos|=0.420
  [null] null_mean=0.294 ± 0.190

[temporal] Session 20230707, orientation=horizontal, area=SLIP
  [S axis] Window: [-0, 50] ms
  [trials] 386 trials (orientation=horizontal, PT>=200.0ms)
  [sliding] 28 window positions from -350ms to 200ms
  [window] Length=50ms, Step=20ms
  [result] 28 valid windows
  [result] Alignment range: [0.001, 0.160]
  [result] Peak alignment: 0.160 at -310ms
  [null] Computing covariance-constrained null...
  [null] D_eff=8.3, expected |cos|=0.277
  [null] null_mean=0.288 ± 0.176
[saved] /project/bdoiron/dracoxu/rct-fsflow/paper_project_final/out/temporal_alignment/temporal_alignment_horizontal_correctonly/temporal_20230707_SFEF.json
[saved] /project/bdoiron/dracoxu/rct-fsflow/paper_project_final/out/temporal_alignment/temporal_alignment_horizontal_correctonly/temporal_20230707_SLIP.json

[done] Temporal alignment analysis complete

------------------------------------------------------------
Orientation: pooled, Filter: correctonly
Axes tag: axes_peakbin_saccCS-sacc-pooled-20mssw
------------------------------------------------------------
======================================================================
TEMPORAL C-S ALIGNMENT ANALYSIS
======================================================================
Session: 20230707
Orientation: pooled
Filter mode: alltrials
Axes tag: axes_peakbin_saccCS-sacc-pooled-20mssw
======================================================================
[auto] Using C window length from axes: 50ms

[temporal] Session 20230707, orientation=pooled, area=SFEF
  [S axis] Window: [-0, 50] ms
  [trials] 785 trials (orientation=pooled, PT>=200.0ms)
  [sliding] 28 window positions from -350ms to 200ms
  [window] Length=50ms, Step=20ms
  [result] 28 valid windows
  [result] Alignment range: [0.001, 0.305]
  [result] Peak alignment: 0.305 at -270ms
  [null] Computing covariance-constrained null...
  [null] D_eff=4.5, expected |cos|=0.377
  [null] null_mean=0.195 ± 0.139

[temporal] Session 20230707, orientation=pooled, area=SLIP
  [S axis] Window: [-0, 50] ms
  [trials] 785 trials (orientation=pooled, PT>=200.0ms)
  [sliding] 28 window positions from -350ms to 200ms
  [window] Length=50ms, Step=20ms
  [result] 28 valid windows
  [result] Alignment range: [0.001, 0.232]
  [result] Peak alignment: 0.232 at 190ms
  [null] Computing covariance-constrained null...
  [null] D_eff=1.6, expected |cos|=0.633
  [null] null_mean=0.145 ± 0.125
[saved] /project/bdoiron/dracoxu/rct-fsflow/paper_project_final/out/temporal_alignment/temporal_alignment_pooled_correctonly/temporal_20230707_SFEF.json
[saved] /project/bdoiron/dracoxu/rct-fsflow/paper_project_final/out/temporal_alignment/temporal_alignment_pooled_correctonly/temporal_20230707_SLIP.json

[done] Temporal alignment analysis complete

------------------------------------------------------------
Orientation: vertical, Filter: correctonly
Axes tag: axes_peakbin_saccCS-sacc-vertical-20mssw
------------------------------------------------------------
======================================================================
TEMPORAL C-S ALIGNMENT ANALYSIS
======================================================================
Session: 20230707
Orientation: vertical
Filter mode: alltrials
Axes tag: axes_peakbin_saccCS-sacc-vertical-20mssw
======================================================================
[auto] Using C window length from axes: 50ms

[temporal] Session 20230707, orientation=vertical, area=SFEF
  [S axis] Window: [-40, 10] ms
  [trials] 399 trials (orientation=vertical, PT>=200.0ms)
  [sliding] 28 window positions from -350ms to 200ms
  [window] Length=50ms, Step=20ms
  [result] 28 valid windows
  [result] Alignment range: [0.001, 0.321]
  [result] Peak alignment: 0.321 at -310ms
  [null] Computing covariance-constrained null...
  [null] D_eff=3.5, expected |cos|=0.426
  [null] null_mean=0.163 ± 0.117

[temporal] Session 20230707, orientation=vertical, area=SLIP
  [S axis] Window: [-0, 50] ms
  [trials] 399 trials (orientation=vertical, PT>=200.0ms)
  [sliding] 28 window positions from -350ms to 200ms
  [window] Length=50ms, Step=20ms
  [result] 28 valid windows
  [result] Alignment range: [0.010, 0.263]
  [result] Peak alignment: 0.263 at 190ms
  [null] Computing covariance-constrained null...
  [null] D_eff=3.3, expected |cos|=0.439
  [null] null_mean=0.295 ± 0.196
[saved] /project/bdoiron/dracoxu/rct-fsflow/paper_project_final/out/temporal_alignment/temporal_alignment_vertical_correctonly/temporal_20230707_SFEF.json
[saved] /project/bdoiron/dracoxu/rct-fsflow/paper_project_final/out/temporal_alignment/temporal_alignment_vertical_correctonly/temporal_20230707_SLIP.json

[done] Temporal alignment analysis complete

==============================================================
ALL TRIALS (out_nofilter/)
==============================================================

------------------------------------------------------------
Orientation: horizontal, Filter: alltrials
Axes tag: axes_peakbin_saccCS-sacc-horizontal-20mssw_nofilter
------------------------------------------------------------
======================================================================
TEMPORAL C-S ALIGNMENT ANALYSIS
======================================================================
Session: 20230707
Orientation: horizontal
Filter mode: alltrials
Axes tag: axes_peakbin_saccCS-sacc-horizontal-20mssw_nofilter
======================================================================
[auto] Using C window length from axes: 50ms

[temporal] Session 20230707, orientation=horizontal, area=SFEF
  [S axis] Window: [-0, 50] ms
  [trials] 464 trials (orientation=horizontal, PT>=200.0ms)
  [sliding] 28 window positions from -350ms to 200ms
  [window] Length=50ms, Step=20ms
  [result] 28 valid windows
  [result] Alignment range: [0.001, 0.360]
  [result] Peak alignment: 0.360 at -330ms
  [null] Computing covariance-constrained null...
  [null] D_eff=3.5, expected |cos|=0.426
  [null] null_mean=0.275 ± 0.183

[temporal] Session 20230707, orientation=horizontal, area=SLIP
  [S axis] Window: [-0, 50] ms
  [trials] 464 trials (orientation=horizontal, PT>=200.0ms)
  [sliding] 28 window positions from -350ms to 200ms
  [window] Length=50ms, Step=20ms
  [result] 28 valid windows
  [result] Alignment range: [0.001, 0.170]
  [result] Peak alignment: 0.170 at 190ms
  [null] Computing covariance-constrained null...
  [null] D_eff=8.6, expected |cos|=0.272
  [null] null_mean=0.290 ± 0.177
[saved] /project/bdoiron/dracoxu/rct-fsflow/paper_project_final/out_nofilter/temporal_alignment/temporal_alignment_horizontal_alltrials/temporal_20230707_SFEF.json
[saved] /project/bdoiron/dracoxu/rct-fsflow/paper_project_final/out_nofilter/temporal_alignment/temporal_alignment_horizontal_alltrials/temporal_20230707_SLIP.json

[done] Temporal alignment analysis complete

------------------------------------------------------------
Orientation: pooled, Filter: alltrials
Axes tag: axes_peakbin_saccCS-sacc-pooled-20mssw_nofilter
------------------------------------------------------------
======================================================================
TEMPORAL C-S ALIGNMENT ANALYSIS
======================================================================
Session: 20230707
Orientation: pooled
Filter mode: alltrials
Axes tag: axes_peakbin_saccCS-sacc-pooled-20mssw_nofilter
======================================================================
[auto] Using C window length from axes: 50ms

[temporal] Session 20230707, orientation=pooled, area=SFEF
  [S axis] Window: [-0, 50] ms
  [trials] 1018 trials (orientation=pooled, PT>=200.0ms)
  [sliding] 28 window positions from -350ms to 200ms
  [window] Length=50ms, Step=20ms
  [result] 28 valid windows
  [result] Alignment range: [0.001, 0.293]
  [result] Peak alignment: 0.293 at -250ms
  [null] Computing covariance-constrained null...
  [null] D_eff=4.1, expected |cos|=0.396
  [null] null_mean=0.194 ± 0.139

[temporal] Session 20230707, orientation=pooled, area=SLIP
  [S axis] Window: [-0, 50] ms
  [trials] 1018 trials (orientation=pooled, PT>=200.0ms)
  [sliding] 28 window positions from -350ms to 200ms
  [window] Length=50ms, Step=20ms
  [result] 28 valid windows
  [result] Alignment range: [0.003, 0.234]
  [result] Peak alignment: 0.234 at 190ms
  [null] Computing covariance-constrained null...
  [null] D_eff=1.6, expected |cos|=0.627
  [null] null_mean=0.153 ± 0.125
[saved] /project/bdoiron/dracoxu/rct-fsflow/paper_project_final/out_nofilter/temporal_alignment/temporal_alignment_pooled_alltrials/temporal_20230707_SFEF.json
[saved] /project/bdoiron/dracoxu/rct-fsflow/paper_project_final/out_nofilter/temporal_alignment/temporal_alignment_pooled_alltrials/temporal_20230707_SLIP.json

[done] Temporal alignment analysis complete

------------------------------------------------------------
Orientation: vertical, Filter: alltrials
Axes tag: axes_peakbin_saccCS-sacc-vertical-20mssw_nofilter
------------------------------------------------------------
======================================================================
TEMPORAL C-S ALIGNMENT ANALYSIS
======================================================================
Session: 20230707
Orientation: vertical
Filter mode: alltrials
Axes tag: axes_peakbin_saccCS-sacc-vertical-20mssw_nofilter
======================================================================
[auto] Using C window length from axes: 50ms

[temporal] Session 20230707, orientation=vertical, area=SFEF
  [S axis] Window: [-40, 10] ms
  [trials] 554 trials (orientation=vertical, PT>=200.0ms)
  [sliding] 28 window positions from -350ms to 200ms
  [window] Length=50ms, Step=20ms
  [result] 28 valid windows
  [result] Alignment range: [0.001, 0.317]
  [result] Peak alignment: 0.317 at -150ms
  [null] Computing covariance-constrained null...
  [null] D_eff=3.3, expected |cos|=0.439
  [null] null_mean=0.174 ± 0.122

[temporal] Session 20230707, orientation=vertical, area=SLIP
  [S axis] Window: [-0, 50] ms
  [trials] 554 trials (orientation=vertical, PT>=200.0ms)
  [sliding] 28 window positions from -350ms to 200ms
  [window] Length=50ms, Step=20ms
  [result] 28 valid windows
  [result] Alignment range: [0.003, 0.144]
  [result] Peak alignment: 0.144 at -250ms
  [null] Computing covariance-constrained null...
  [null] D_eff=3.3, expected |cos|=0.441
  [null] null_mean=0.293 ± 0.194
[saved] /project/bdoiron/dracoxu/rct-fsflow/paper_project_final/out_nofilter/temporal_alignment/temporal_alignment_vertical_alltrials/temporal_20230707_SFEF.json
[saved] /project/bdoiron/dracoxu/rct-fsflow/paper_project_final/out_nofilter/temporal_alignment/temporal_alignment_vertical_alltrials/temporal_20230707_SLIP.json

[done] Temporal alignment analysis complete

==============================================================
[done] Temporal alignment analysis complete for SID=20230707
==============================================================
