==============================================================
TEMPORAL C-S ALIGNMENT ANALYSIS
Session: 20231130 (task 22)
==============================================================

==============================================================
CORRECT-ONLY TRIALS (out/)
==============================================================

------------------------------------------------------------
Orientation: horizontal, Filter: correctonly
Axes tag: axes_peakbin_saccCS-sacc-horizontal-20mssw
------------------------------------------------------------
======================================================================
TEMPORAL C-S ALIGNMENT ANALYSIS
======================================================================
Session: 20231130
Orientation: horizontal
Filter mode: alltrials
Axes tag: axes_peakbin_saccCS-sacc-horizontal-20mssw
======================================================================
[default] Using default C window length: 50ms

[temporal] Session 20231130, orientation=horizontal, area=SFEF
  [skip] No S axis in axes

[temporal] Session 20231130, orientation=horizontal, area=SLIP
  [skip] No S axis in axes

[WARN] No results generated

------------------------------------------------------------
Orientation: pooled, Filter: correctonly
Axes tag: axes_peakbin_saccCS-sacc-pooled-20mssw
------------------------------------------------------------
======================================================================
TEMPORAL C-S ALIGNMENT ANALYSIS
======================================================================
Session: 20231130
Orientation: pooled
Filter mode: alltrials
Axes tag: axes_peakbin_saccCS-sacc-pooled-20mssw
======================================================================
[auto] Using C window length from axes: 100ms

[temporal] Session 20231130, orientation=pooled, area=SFEF
  [S axis] Window: [-100, 50] ms
  [trials] 99 trials (orientation=pooled, PT>=200.0ms)
  [sliding] 28 window positions from -350ms to 200ms
  [window] Length=100ms, Step=20ms
  [result] 28 valid windows
  [result] Alignment range: [0.039, 0.458]
  [result] Peak alignment: 0.458 at -90ms
  [null] Computing covariance-constrained null...
  [null] D_eff=6.6, expected |cos|=0.310
  [null] null_mean=0.120 ± 0.086

[temporal] Session 20231130, orientation=pooled, area=SLIP
  [S axis] Window: [-200, 50] ms
  [trials] 99 trials (orientation=pooled, PT>=200.0ms)
  [sliding] 28 window positions from -350ms to 200ms
  [window] Length=100ms, Step=20ms
  [result] 28 valid windows
  [result] Alignment range: [0.013, 0.394]
  [result] Peak alignment: 0.394 at 90ms
  [null] Computing covariance-constrained null...
  [null] D_eff=1.7, expected |cos|=0.620
  [null] null_mean=0.211 ± 0.138
[saved] /project/bdoiron/dracoxu/rct-fsflow/paper_project_final/out/temporal_alignment/temporal_alignment_pooled_correctonly/temporal_20231130_SFEF.json
[saved] /project/bdoiron/dracoxu/rct-fsflow/paper_project_final/out/temporal_alignment/temporal_alignment_pooled_correctonly/temporal_20231130_SLIP.json

[done] Temporal alignment analysis complete

------------------------------------------------------------
Orientation: vertical, Filter: correctonly
Axes tag: axes_peakbin_saccCS-sacc-vertical-20mssw
------------------------------------------------------------
======================================================================
TEMPORAL C-S ALIGNMENT ANALYSIS
======================================================================
Session: 20231130
Orientation: vertical
Filter mode: alltrials
Axes tag: axes_peakbin_saccCS-sacc-vertical-20mssw
======================================================================
[auto] Using C window length from axes: 100ms

[temporal] Session 20231130, orientation=vertical, area=SFEF
  [S axis] Window: [-60, 40] ms
  [trials] 86 trials (orientation=vertical, PT>=200.0ms)
  [sliding] 28 window positions from -350ms to 200ms
  [window] Length=100ms, Step=20ms
  [result] 28 valid windows
  [result] Alignment range: [0.009, 0.460]
  [result] Peak alignment: 0.460 at 70ms
  [null] Computing covariance-constrained null...
  [null] D_eff=9.2, expected |cos|=0.263
  [null] null_mean=0.120 ± 0.085

[temporal] Session 20231130, orientation=vertical, area=SLIP
  [S axis] Window: [-100, 50] ms
  [trials] 86 trials (orientation=vertical, PT>=200.0ms)
  [sliding] 28 window positions from -350ms to 200ms
  [window] Length=100ms, Step=20ms
  [result] 28 valid windows
  [result] Alignment range: [0.003, 0.187]
  [result] Peak alignment: 0.187 at -290ms
  [null] Computing covariance-constrained null...
  [null] D_eff=5.8, expected |cos|=0.331
  [null] null_mean=0.182 ± 0.121
[saved] /project/bdoiron/dracoxu/rct-fsflow/paper_project_final/out/temporal_alignment/temporal_alignment_vertical_correctonly/temporal_20231130_SFEF.json
[saved] /project/bdoiron/dracoxu/rct-fsflow/paper_project_final/out/temporal_alignment/temporal_alignment_vertical_correctonly/temporal_20231130_SLIP.json

[done] Temporal alignment analysis complete

==============================================================
ALL TRIALS (out_nofilter/)
==============================================================

------------------------------------------------------------
Orientation: horizontal, Filter: alltrials
Axes tag: axes_peakbin_saccCS-sacc-horizontal-20mssw_nofilter
------------------------------------------------------------
======================================================================
TEMPORAL C-S ALIGNMENT ANALYSIS
======================================================================
Session: 20231130
Orientation: horizontal
Filter mode: alltrials
Axes tag: axes_peakbin_saccCS-sacc-horizontal-20mssw_nofilter
======================================================================
[default] Using default C window length: 50ms

[temporal] Session 20231130, orientation=horizontal, area=SFEF
  [skip] No S axis in axes

[temporal] Session 20231130, orientation=horizontal, area=SLIP
  [skip] No S axis in axes

[WARN] No results generated

------------------------------------------------------------
Orientation: pooled, Filter: alltrials
Axes tag: axes_peakbin_saccCS-sacc-pooled-20mssw_nofilter
------------------------------------------------------------
======================================================================
TEMPORAL C-S ALIGNMENT ANALYSIS
======================================================================
Session: 20231130
Orientation: pooled
Filter mode: alltrials
Axes tag: axes_peakbin_saccCS-sacc-pooled-20mssw_nofilter
======================================================================
[auto] Using C window length from axes: 50ms

[temporal] Session 20231130, orientation=pooled, area=SFEF
  [S axis] Window: [-60, 40] ms
  [trials] 125 trials (orientation=pooled, PT>=200.0ms)
  [sliding] 28 window positions from -350ms to 200ms
  [window] Length=50ms, Step=20ms
  [result] 28 valid windows
  [result] Alignment range: [0.020, 0.398]
  [result] Peak alignment: 0.398 at 50ms
  [null] Computing covariance-constrained null...
  [null] D_eff=5.7, expected |cos|=0.335
  [null] null_mean=0.160 ± 0.106

[temporal] Session 20231130, orientation=pooled, area=SLIP
  [S axis] Window: [-120, 30] ms
  [trials] 125 trials (orientation=pooled, PT>=200.0ms)
  [sliding] 28 window positions from -350ms to 200ms
  [window] Length=50ms, Step=20ms
  [result] 28 valid windows
  [result] Alignment range: [0.008, 0.343]
  [result] Peak alignment: 0.343 at -210ms
  [null] Computing covariance-constrained null...
  [null] D_eff=1.6, expected |cos|=0.626
  [null] null_mean=0.172 ± 0.139
[saved] /project/bdoiron/dracoxu/rct-fsflow/paper_project_final/out_nofilter/temporal_alignment/temporal_alignment_pooled_alltrials/temporal_20231130_SFEF.json
[saved] /project/bdoiron/dracoxu/rct-fsflow/paper_project_final/out_nofilter/temporal_alignment/temporal_alignment_pooled_alltrials/temporal_20231130_SLIP.json

[done] Temporal alignment analysis complete

------------------------------------------------------------
Orientation: vertical, Filter: alltrials
Axes tag: axes_peakbin_saccCS-sacc-vertical-20mssw_nofilter
------------------------------------------------------------
======================================================================
TEMPORAL C-S ALIGNMENT ANALYSIS
======================================================================
Session: 20231130
Orientation: vertical
Filter mode: alltrials
Axes tag: axes_peakbin_saccCS-sacc-vertical-20mssw_nofilter
======================================================================
[auto] Using C window length from axes: 50ms

[temporal] Session 20231130, orientation=vertical, area=SFEF
  [S axis] Window: [-100, -50] ms
  [trials] 107 trials (orientation=vertical, PT>=200.0ms)
  [sliding] 28 window positions from -350ms to 200ms
  [window] Length=50ms, Step=20ms
  [result] 28 valid windows
  [result] Alignment range: [0.000, 0.393]
  [result] Peak alignment: 0.393 at 50ms
  [null] Computing covariance-constrained null...
  [null] D_eff=7.4, expected |cos|=0.294
  [null] null_mean=0.133 ± 0.093

[temporal] Session 20231130, orientation=vertical, area=SLIP
  [S axis] Window: [-0, 50] ms
  [trials] 107 trials (orientation=vertical, PT>=200.0ms)
  [sliding] 28 window positions from -350ms to 200ms
  [window] Length=50ms, Step=20ms
  [result] 28 valid windows
  [result] Alignment range: [0.012, 0.256]
  [result] Peak alignment: 0.256 at 110ms
  [null] Computing covariance-constrained null...
  [null] D_eff=6.0, expected |cos|=0.325
  [null] null_mean=0.236 ± 0.151
[saved] /project/bdoiron/dracoxu/rct-fsflow/paper_project_final/out_nofilter/temporal_alignment/temporal_alignment_vertical_alltrials/temporal_20231130_SFEF.json
[saved] /project/bdoiron/dracoxu/rct-fsflow/paper_project_final/out_nofilter/temporal_alignment/temporal_alignment_vertical_alltrials/temporal_20231130_SLIP.json

[done] Temporal alignment analysis complete

==============================================================
[done] Temporal alignment analysis complete for SID=20231130
==============================================================
