==============================================================
TEMPORAL C-S ALIGNMENT ANALYSIS
Session: 20230710 (task 16)
==============================================================

==============================================================
CORRECT-ONLY TRIALS (out/)
==============================================================

------------------------------------------------------------
Orientation: horizontal, Filter: correctonly
Axes tag: axes_peakbin_saccCS-sacc-horizontal-20mssw
------------------------------------------------------------
======================================================================
TEMPORAL C-S ALIGNMENT ANALYSIS
======================================================================
Session: 20230710
Orientation: horizontal
Filter mode: alltrials
Axes tag: axes_peakbin_saccCS-sacc-horizontal-20mssw
======================================================================
[auto] Using C window length from axes: 50ms

[temporal] Session 20230710, orientation=horizontal, area=SFEF
  [S axis] Window: [-20, 30] ms
  [trials] 493 trials (orientation=horizontal, PT>=200.0ms)
  [sliding] 28 window positions from -350ms to 200ms
  [window] Length=50ms, Step=20ms
  [result] 28 valid windows
  [result] Alignment range: [0.007, 0.333]
  [result] Peak alignment: 0.333 at -70ms
  [null] Computing covariance-constrained null...
  [null] D_eff=2.5, expected |cos|=0.501
  [null] null_mean=0.075 ± 0.055

[temporal] Session 20230710, orientation=horizontal, area=SLIP
  [S axis] Window: [-0, 50] ms
  [trials] 493 trials (orientation=horizontal, PT>=200.0ms)
  [sliding] 28 window positions from -350ms to 200ms
  [window] Length=50ms, Step=20ms
  [result] 28 valid windows
  [result] Alignment range: [0.002, 0.251]
  [result] Peak alignment: 0.251 at -290ms
  [null] Computing covariance-constrained null...
  [null] D_eff=6.0, expected |cos|=0.325
  [null] null_mean=0.209 ± 0.118
[saved] /project/bdoiron/dracoxu/rct-fsflow/paper_project_final/out/temporal_alignment/temporal_alignment_horizontal_correctonly/temporal_20230710_SFEF.json
[saved] /project/bdoiron/dracoxu/rct-fsflow/paper_project_final/out/temporal_alignment/temporal_alignment_horizontal_correctonly/temporal_20230710_SLIP.json

[done] Temporal alignment analysis complete

------------------------------------------------------------
Orientation: pooled, Filter: correctonly
Axes tag: axes_peakbin_saccCS-sacc-pooled-20mssw
------------------------------------------------------------
======================================================================
TEMPORAL C-S ALIGNMENT ANALYSIS
======================================================================
Session: 20230710
Orientation: pooled
Filter mode: alltrials
Axes tag: axes_peakbin_saccCS-sacc-pooled-20mssw
======================================================================
[auto] Using C window length from axes: 50ms

[temporal] Session 20230710, orientation=pooled, area=SFEF
  [S axis] Window: [-20, 30] ms
  [trials] 906 trials (orientation=pooled, PT>=200.0ms)
  [sliding] 28 window positions from -350ms to 200ms
  [window] Length=50ms, Step=20ms
  [result] 28 valid windows
  [result] Alignment range: [0.019, 0.249]
  [result] Peak alignment: 0.249 at 30ms
  [null] Computing covariance-constrained null...
  [null] D_eff=3.6, expected |cos|=0.422
  [null] null_mean=0.077 ± 0.056

[temporal] Session 20230710, orientation=pooled, area=SLIP
  [S axis] Window: [-0, 50] ms
  [trials] 906 trials (orientation=pooled, PT>=200.0ms)
  [sliding] 28 window positions from -350ms to 200ms
  [window] Length=50ms, Step=20ms
  [result] 28 valid windows
  [result] Alignment range: [0.003, 0.343]
  [result] Peak alignment: 0.343 at -270ms
  [null] Computing covariance-constrained null...
  [null] D_eff=1.3, expected |cos|=0.689
  [null] null_mean=0.141 ± 0.093
[saved] /project/bdoiron/dracoxu/rct-fsflow/paper_project_final/out/temporal_alignment/temporal_alignment_pooled_correctonly/temporal_20230710_SFEF.json
[saved] /project/bdoiron/dracoxu/rct-fsflow/paper_project_final/out/temporal_alignment/temporal_alignment_pooled_correctonly/temporal_20230710_SLIP.json

[done] Temporal alignment analysis complete

------------------------------------------------------------
Orientation: vertical, Filter: correctonly
Axes tag: axes_peakbin_saccCS-sacc-vertical-20mssw
------------------------------------------------------------
======================================================================
TEMPORAL C-S ALIGNMENT ANALYSIS
======================================================================
Session: 20230710
Orientation: vertical
Filter mode: alltrials
Axes tag: axes_peakbin_saccCS-sacc-vertical-20mssw
======================================================================
[auto] Using C window length from axes: 50ms

[temporal] Session 20230710, orientation=vertical, area=SFEF
  [S axis] Window: [-20, 30] ms
  [trials] 413 trials (orientation=vertical, PT>=200.0ms)
  [sliding] 28 window positions from -350ms to 200ms
  [window] Length=50ms, Step=20ms
  [result] 28 valid windows
  [result] Alignment range: [0.017, 0.295]
  [result] Peak alignment: 0.295 at -190ms
  [null] Computing covariance-constrained null...
  [null] D_eff=4.4, expected |cos|=0.382
  [null] null_mean=0.106 ± 0.073

[temporal] Session 20230710, orientation=vertical, area=SLIP
  [S axis] Window: [-0, 50] ms
  [trials] 413 trials (orientation=vertical, PT>=200.0ms)
  [sliding] 28 window positions from -350ms to 200ms
  [window] Length=50ms, Step=20ms
  [result] 28 valid windows
  [result] Alignment range: [0.005, 0.419]
  [result] Peak alignment: 0.419 at 150ms
  [null] Computing covariance-constrained null...
  [null] D_eff=3.5, expected |cos|=0.424
  [null] null_mean=0.226 ± 0.142
[saved] /project/bdoiron/dracoxu/rct-fsflow/paper_project_final/out/temporal_alignment/temporal_alignment_vertical_correctonly/temporal_20230710_SFEF.json
[saved] /project/bdoiron/dracoxu/rct-fsflow/paper_project_final/out/temporal_alignment/temporal_alignment_vertical_correctonly/temporal_20230710_SLIP.json

[done] Temporal alignment analysis complete

==============================================================
ALL TRIALS (out_nofilter/)
==============================================================

------------------------------------------------------------
Orientation: horizontal, Filter: alltrials
Axes tag: axes_peakbin_saccCS-sacc-horizontal-20mssw_nofilter
------------------------------------------------------------
======================================================================
TEMPORAL C-S ALIGNMENT ANALYSIS
======================================================================
Session: 20230710
Orientation: horizontal
Filter mode: alltrials
Axes tag: axes_peakbin_saccCS-sacc-horizontal-20mssw_nofilter
======================================================================
[auto] Using C window length from axes: 50ms

[temporal] Session 20230710, orientation=horizontal, area=SFEF
  [S axis] Window: [-20, 30] ms
  [trials] 570 trials (orientation=horizontal, PT>=200.0ms)
  [sliding] 28 window positions from -350ms to 200ms
  [window] Length=50ms, Step=20ms
  [result] 28 valid windows
  [result] Alignment range: [0.005, 0.308]
  [result] Peak alignment: 0.308 at -190ms
  [null] Computing covariance-constrained null...
  [null] D_eff=1.7, expected |cos|=0.613
  [null] null_mean=0.048 ± 0.041

[temporal] Session 20230710, orientation=horizontal, area=SLIP
  [S axis] Window: [-0, 50] ms
  [trials] 570 trials (orientation=horizontal, PT>=200.0ms)
  [sliding] 28 window positions from -350ms to 200ms
  [window] Length=50ms, Step=20ms
  [result] 28 valid windows
  [result] Alignment range: [0.008, 0.209]
  [result] Peak alignment: 0.209 at -290ms
  [null] Computing covariance-constrained null...
  [null] D_eff=7.3, expected |cos|=0.295
  [null] null_mean=0.161 ± 0.099
[saved] /project/bdoiron/dracoxu/rct-fsflow/paper_project_final/out_nofilter/temporal_alignment/temporal_alignment_horizontal_alltrials/temporal_20230710_SFEF.json
[saved] /project/bdoiron/dracoxu/rct-fsflow/paper_project_final/out_nofilter/temporal_alignment/temporal_alignment_horizontal_alltrials/temporal_20230710_SLIP.json

[done] Temporal alignment analysis complete

------------------------------------------------------------
Orientation: pooled, Filter: alltrials
Axes tag: axes_peakbin_saccCS-sacc-pooled-20mssw_nofilter
------------------------------------------------------------
======================================================================
TEMPORAL C-S ALIGNMENT ANALYSIS
======================================================================
Session: 20230710
Orientation: pooled
Filter mode: alltrials
Axes tag: axes_peakbin_saccCS-sacc-pooled-20mssw_nofilter
======================================================================
[auto] Using C window length from axes: 50ms

[temporal] Session 20230710, orientation=pooled, area=SFEF
  [S axis] Window: [-20, 30] ms
  [trials] 1085 trials (orientation=pooled, PT>=200.0ms)
  [sliding] 28 window positions from -350ms to 200ms
  [window] Length=50ms, Step=20ms
  [result] 28 valid windows
  [result] Alignment range: [0.030, 0.261]
  [result] Peak alignment: 0.261 at 30ms
  [null] Computing covariance-constrained null...
  [null] D_eff=2.6, expected |cos|=0.497
  [null] null_mean=0.049 ± 0.036

[temporal] Session 20230710, orientation=pooled, area=SLIP
  [S axis] Window: [-0, 50] ms
  [trials] 1085 trials (orientation=pooled, PT>=200.0ms)
  [sliding] 28 window positions from -350ms to 200ms
  [window] Length=50ms, Step=20ms
  [result] 28 valid windows
  [result] Alignment range: [0.015, 0.258]
  [result] Peak alignment: 0.258 at -270ms
  [null] Computing covariance-constrained null...
  [null] D_eff=1.4, expected |cos|=0.676
  [null] null_mean=0.125 ± 0.088
[saved] /project/bdoiron/dracoxu/rct-fsflow/paper_project_final/out_nofilter/temporal_alignment/temporal_alignment_pooled_alltrials/temporal_20230710_SFEF.json
[saved] /project/bdoiron/dracoxu/rct-fsflow/paper_project_final/out_nofilter/temporal_alignment/temporal_alignment_pooled_alltrials/temporal_20230710_SLIP.json

[done] Temporal alignment analysis complete

------------------------------------------------------------
Orientation: vertical, Filter: alltrials
Axes tag: axes_peakbin_saccCS-sacc-vertical-20mssw_nofilter
------------------------------------------------------------
======================================================================
TEMPORAL C-S ALIGNMENT ANALYSIS
======================================================================
Session: 20230710
Orientation: vertical
Filter mode: alltrials
Axes tag: axes_peakbin_saccCS-sacc-vertical-20mssw_nofilter
======================================================================
[auto] Using C window length from axes: 50ms

[temporal] Session 20230710, orientation=vertical, area=SFEF
  [S axis] Window: [-0, 50] ms
  [trials] 515 trials (orientation=vertical, PT>=200.0ms)
  [sliding] 28 window positions from -350ms to 200ms
  [window] Length=50ms, Step=20ms
  [result] 28 valid windows
  [result] Alignment range: [0.040, 0.217]
  [result] Peak alignment: 0.217 at -330ms
  [null] Computing covariance-constrained null...
  [null] D_eff=4.0, expected |cos|=0.397
  [null] null_mean=0.068 ± 0.049

[temporal] Session 20230710, orientation=vertical, area=SLIP
  [S axis] Window: [-0, 50] ms
  [trials] 515 trials (orientation=vertical, PT>=200.0ms)
  [sliding] 28 window positions from -350ms to 200ms
  [window] Length=50ms, Step=20ms
  [result] 28 valid windows
  [result] Alignment range: [0.015, 0.351]
  [result] Peak alignment: 0.351 at 150ms
  [null] Computing covariance-constrained null...
  [null] D_eff=3.5, expected |cos|=0.426
  [null] null_mean=0.222 ± 0.137
[saved] /project/bdoiron/dracoxu/rct-fsflow/paper_project_final/out_nofilter/temporal_alignment/temporal_alignment_vertical_alltrials/temporal_20230710_SFEF.json
[saved] /project/bdoiron/dracoxu/rct-fsflow/paper_project_final/out_nofilter/temporal_alignment/temporal_alignment_vertical_alltrials/temporal_20230710_SLIP.json

[done] Temporal alignment analysis complete

==============================================================
[done] Temporal alignment analysis complete for SID=20230710
==============================================================
