==============================================================
TEMPORAL C-S ALIGNMENT ANALYSIS
Session: 20200402 (task 4)
==============================================================

==============================================================
CORRECT-ONLY TRIALS (out/)
==============================================================

------------------------------------------------------------
Orientation: horizontal, Filter: correctonly
Axes tag: axes_peakbin_saccCS-sacc-horizontal-20mssw
------------------------------------------------------------
======================================================================
TEMPORAL C-S ALIGNMENT ANALYSIS
======================================================================
Session: 20200402
Orientation: horizontal
Filter mode: alltrials
Axes tag: axes_peakbin_saccCS-sacc-horizontal-20mssw
======================================================================
[auto] Using C window length from axes: 50ms

[temporal] Session 20200402, orientation=horizontal, area=MFEF
  [S axis] Window: [-60, 40] ms
  [trials] 237 trials (orientation=horizontal, PT>=200.0ms)
  [sliding] 28 window positions from -350ms to 200ms
  [window] Length=50ms, Step=20ms
  [result] 28 valid windows
  [result] Alignment range: [0.005, 0.403]
  [result] Peak alignment: 0.403 at -290ms
  [null] Computing covariance-constrained null...
  [null] D_eff=2.8, expected |cos|=0.478
  [null] null_mean=0.204 ± 0.141

[temporal] Session 20200402, orientation=horizontal, area=MLIP
  [S axis] Window: [-0, 50] ms
  [trials] 237 trials (orientation=horizontal, PT>=200.0ms)
  [sliding] 28 window positions from -350ms to 200ms
  [window] Length=50ms, Step=20ms
  [result] 28 valid windows
  [result] Alignment range: [0.003, 0.348]
  [result] Peak alignment: 0.348 at -110ms
  [null] Computing covariance-constrained null...
  [null] D_eff=3.9, expected |cos|=0.403
  [null] null_mean=0.204 ± 0.141
[saved] /project/bdoiron/dracoxu/rct-fsflow/paper_project_final/out/temporal_alignment/temporal_alignment_horizontal_correctonly/temporal_20200402_MFEF.json
[saved] /project/bdoiron/dracoxu/rct-fsflow/paper_project_final/out/temporal_alignment/temporal_alignment_horizontal_correctonly/temporal_20200402_MLIP.json

[done] Temporal alignment analysis complete

------------------------------------------------------------
Orientation: pooled, Filter: correctonly
Axes tag: axes_peakbin_saccCS-sacc-pooled-20mssw
------------------------------------------------------------
======================================================================
TEMPORAL C-S ALIGNMENT ANALYSIS
======================================================================
Session: 20200402
Orientation: pooled
Filter mode: alltrials
Axes tag: axes_peakbin_saccCS-sacc-pooled-20mssw
======================================================================
[auto] Using C window length from axes: 50ms

[temporal] Session 20200402, orientation=pooled, area=MFEF
  [S axis] Window: [-0, 50] ms
  [trials] 454 trials (orientation=pooled, PT>=200.0ms)
  [sliding] 28 window positions from -350ms to 200ms
  [window] Length=50ms, Step=20ms
  [result] 28 valid windows
  [result] Alignment range: [0.002, 0.220]
  [result] Peak alignment: 0.220 at -30ms
  [null] Computing covariance-constrained null...
  [null] D_eff=3.3, expected |cos|=0.437
  [null] null_mean=0.197 ± 0.118

[temporal] Session 20200402, orientation=pooled, area=MLIP
  [S axis] Window: [-0, 50] ms
  [trials] 454 trials (orientation=pooled, PT>=200.0ms)
  [sliding] 28 window positions from -350ms to 200ms
  [window] Length=50ms, Step=20ms
  [result] 28 valid windows
  [result] Alignment range: [0.003, 0.265]
  [result] Peak alignment: 0.265 at -110ms
  [null] Computing covariance-constrained null...
  [null] D_eff=1.4, expected |cos|=0.681
  [null] null_mean=0.140 ± 0.073
[saved] /project/bdoiron/dracoxu/rct-fsflow/paper_project_final/out/temporal_alignment/temporal_alignment_pooled_correctonly/temporal_20200402_MFEF.json
[saved] /project/bdoiron/dracoxu/rct-fsflow/paper_project_final/out/temporal_alignment/temporal_alignment_pooled_correctonly/temporal_20200402_MLIP.json

[done] Temporal alignment analysis complete

------------------------------------------------------------
Orientation: vertical, Filter: correctonly
Axes tag: axes_peakbin_saccCS-sacc-vertical-20mssw
------------------------------------------------------------
======================================================================
TEMPORAL C-S ALIGNMENT ANALYSIS
======================================================================
Session: 20200402
Orientation: vertical
Filter mode: alltrials
Axes tag: axes_peakbin_saccCS-sacc-vertical-20mssw
======================================================================
[auto] Using C window length from axes: 50ms

[temporal] Session 20200402, orientation=vertical, area=MFEF
  [S axis] Window: [-20, 30] ms
  [trials] 217 trials (orientation=vertical, PT>=200.0ms)
  [sliding] 28 window positions from -350ms to 200ms
  [window] Length=50ms, Step=20ms
  [result] 28 valid windows
  [result] Alignment range: [0.002, 0.198]
  [result] Peak alignment: 0.198 at 110ms
  [null] Computing covariance-constrained null...
  [null] D_eff=4.6, expected |cos|=0.370
  [null] null_mean=0.143 ± 0.101

[temporal] Session 20200402, orientation=vertical, area=MLIP
  [S axis] Window: [-0, 50] ms
  [trials] 217 trials (orientation=vertical, PT>=200.0ms)
  [sliding] 28 window positions from -350ms to 200ms
  [window] Length=50ms, Step=20ms
  [result] 28 valid windows
  [result] Alignment range: [0.003, 0.242]
  [result] Peak alignment: 0.242 at -190ms
  [null] Computing covariance-constrained null...
  [null] D_eff=5.8, expected |cos|=0.333
  [null] null_mean=0.133 ± 0.079
[saved] /project/bdoiron/dracoxu/rct-fsflow/paper_project_final/out/temporal_alignment/temporal_alignment_vertical_correctonly/temporal_20200402_MFEF.json
[saved] /project/bdoiron/dracoxu/rct-fsflow/paper_project_final/out/temporal_alignment/temporal_alignment_vertical_correctonly/temporal_20200402_MLIP.json

[done] Temporal alignment analysis complete

==============================================================
ALL TRIALS (out_nofilter/)
==============================================================

------------------------------------------------------------
Orientation: horizontal, Filter: alltrials
Axes tag: axes_peakbin_saccCS-sacc-horizontal-20mssw_nofilter
------------------------------------------------------------
======================================================================
TEMPORAL C-S ALIGNMENT ANALYSIS
======================================================================
Session: 20200402
Orientation: horizontal
Filter mode: alltrials
Axes tag: axes_peakbin_saccCS-sacc-horizontal-20mssw_nofilter
======================================================================
[auto] Using C window length from axes: 100ms

[temporal] Session 20200402, orientation=horizontal, area=MFEF
  [S axis] Window: [-20, 30] ms
  [trials] 242 trials (orientation=horizontal, PT>=200.0ms)
  [sliding] 28 window positions from -350ms to 200ms
  [window] Length=100ms, Step=20ms
  [result] 28 valid windows
  [result] Alignment range: [0.001, 0.308]
  [result] Peak alignment: 0.308 at -310ms
  [null] Computing covariance-constrained null...
  [null] D_eff=2.8, expected |cos|=0.478
  [null] null_mean=0.200 ± 0.139

[temporal] Session 20200402, orientation=horizontal, area=MLIP
  [S axis] Window: [-0, 50] ms
  [trials] 242 trials (orientation=horizontal, PT>=200.0ms)
  [sliding] 28 window positions from -350ms to 200ms
  [window] Length=100ms, Step=20ms
  [result] 28 valid windows
  [result] Alignment range: [0.006, 0.273]
  [result] Peak alignment: 0.273 at -110ms
  [null] Computing covariance-constrained null...
  [null] D_eff=3.8, expected |cos|=0.407
  [null] null_mean=0.197 ± 0.136
[saved] /project/bdoiron/dracoxu/rct-fsflow/paper_project_final/out_nofilter/temporal_alignment/temporal_alignment_horizontal_alltrials/temporal_20200402_MFEF.json
[saved] /project/bdoiron/dracoxu/rct-fsflow/paper_project_final/out_nofilter/temporal_alignment/temporal_alignment_horizontal_alltrials/temporal_20200402_MLIP.json

[done] Temporal alignment analysis complete

------------------------------------------------------------
Orientation: pooled, Filter: alltrials
Axes tag: axes_peakbin_saccCS-sacc-pooled-20mssw_nofilter
------------------------------------------------------------
======================================================================
TEMPORAL C-S ALIGNMENT ANALYSIS
======================================================================
Session: 20200402
Orientation: pooled
Filter mode: alltrials
Axes tag: axes_peakbin_saccCS-sacc-pooled-20mssw_nofilter
======================================================================
[auto] Using C window length from axes: 50ms

[temporal] Session 20200402, orientation=pooled, area=MFEF
  [S axis] Window: [-0, 50] ms
  [trials] 466 trials (orientation=pooled, PT>=200.0ms)
  [sliding] 28 window positions from -350ms to 200ms
  [window] Length=50ms, Step=20ms
  [result] 28 valid windows
  [result] Alignment range: [0.004, 0.255]
  [result] Peak alignment: 0.255 at -230ms
  [null] Computing covariance-constrained null...
  [null] D_eff=3.3, expected |cos|=0.438
  [null] null_mean=0.189 ± 0.112

[temporal] Session 20200402, orientation=pooled, area=MLIP
  [S axis] Window: [-0, 50] ms
  [trials] 466 trials (orientation=pooled, PT>=200.0ms)
  [sliding] 28 window positions from -350ms to 200ms
  [window] Length=50ms, Step=20ms
  [result] 28 valid windows
  [result] Alignment range: [0.005, 0.280]
  [result] Peak alignment: 0.280 at -110ms
  [null] Computing covariance-constrained null...
  [null] D_eff=1.4, expected |cos|=0.675
  [null] null_mean=0.143 ± 0.077
[saved] /project/bdoiron/dracoxu/rct-fsflow/paper_project_final/out_nofilter/temporal_alignment/temporal_alignment_pooled_alltrials/temporal_20200402_MFEF.json
[saved] /project/bdoiron/dracoxu/rct-fsflow/paper_project_final/out_nofilter/temporal_alignment/temporal_alignment_pooled_alltrials/temporal_20200402_MLIP.json

[done] Temporal alignment analysis complete

------------------------------------------------------------
Orientation: vertical, Filter: alltrials
Axes tag: axes_peakbin_saccCS-sacc-vertical-20mssw_nofilter
------------------------------------------------------------
======================================================================
TEMPORAL C-S ALIGNMENT ANALYSIS
======================================================================
Session: 20200402
Orientation: vertical
Filter mode: alltrials
Axes tag: axes_peakbin_saccCS-sacc-vertical-20mssw_nofilter
======================================================================
[auto] Using C window length from axes: 50ms

[temporal] Session 20200402, orientation=vertical, area=MFEF
  [S axis] Window: [-0, 50] ms
  [trials] 224 trials (orientation=vertical, PT>=200.0ms)
  [sliding] 28 window positions from -350ms to 200ms
  [window] Length=50ms, Step=20ms
  [result] 28 valid windows
  [result] Alignment range: [0.033, 0.257]
  [result] Peak alignment: 0.257 at 110ms
  [null] Computing covariance-constrained null...
  [null] D_eff=4.4, expected |cos|=0.381
  [null] null_mean=0.187 ± 0.116

[temporal] Session 20200402, orientation=vertical, area=MLIP
  [S axis] Window: [-0, 50] ms
  [trials] 224 trials (orientation=vertical, PT>=200.0ms)
  [sliding] 28 window positions from -350ms to 200ms
  [window] Length=50ms, Step=20ms
  [result] 28 valid windows
  [result] Alignment range: [0.006, 0.239]
  [result] Peak alignment: 0.239 at -190ms
  [null] Computing covariance-constrained null...
  [null] D_eff=5.6, expected |cos|=0.337
  [null] null_mean=0.138 ± 0.086
[saved] /project/bdoiron/dracoxu/rct-fsflow/paper_project_final/out_nofilter/temporal_alignment/temporal_alignment_vertical_alltrials/temporal_20200402_MFEF.json
[saved] /project/bdoiron/dracoxu/rct-fsflow/paper_project_final/out_nofilter/temporal_alignment/temporal_alignment_vertical_alltrials/temporal_20200402_MLIP.json

[done] Temporal alignment analysis complete

==============================================================
[done] Temporal alignment analysis complete for SID=20200402
==============================================================
