==============================================================
TEMPORAL C-S ALIGNMENT ANALYSIS
Session: 20231205 (task 23)
==============================================================

==============================================================
CORRECT-ONLY TRIALS (out/)
==============================================================

------------------------------------------------------------
Orientation: horizontal, Filter: correctonly
Axes tag: axes_peakbin_saccCS-sacc-horizontal-20mssw
------------------------------------------------------------
======================================================================
TEMPORAL C-S ALIGNMENT ANALYSIS
======================================================================
Session: 20231205
Orientation: horizontal
Filter mode: alltrials
Axes tag: axes_peakbin_saccCS-sacc-horizontal-20mssw
======================================================================
[default] Using default C window length: 50ms

[temporal] Session 20231205, orientation=horizontal, area=SFEF
  [skip] No S axis in axes

[temporal] Session 20231205, orientation=horizontal, area=SLIP
  [skip] No S axis in axes

[WARN] No results generated

------------------------------------------------------------
Orientation: pooled, Filter: correctonly
Axes tag: axes_peakbin_saccCS-sacc-pooled-20mssw
------------------------------------------------------------
======================================================================
TEMPORAL C-S ALIGNMENT ANALYSIS
======================================================================
Session: 20231205
Orientation: pooled
Filter mode: alltrials
Axes tag: axes_peakbin_saccCS-sacc-pooled-20mssw
======================================================================
[auto] Using C window length from axes: 50ms

[temporal] Session 20231205, orientation=pooled, area=SFEF
  [S axis] Window: [-20, 30] ms
  [trials] 115 trials (orientation=pooled, PT>=200.0ms)
  [sliding] 28 window positions from -350ms to 200ms
  [window] Length=50ms, Step=20ms
  [result] 28 valid windows
  [result] Alignment range: [0.014, 0.406]
  [result] Peak alignment: 0.406 at 130ms
  [null] Computing covariance-constrained null...
  [null] D_eff=4.0, expected |cos|=0.399
  [null] null_mean=0.254 ± 0.159

[temporal] Session 20231205, orientation=pooled, area=SLIP
  [S axis] Window: [-0, 50] ms
  [trials] 115 trials (orientation=pooled, PT>=200.0ms)
  [sliding] 28 window positions from -350ms to 200ms
  [window] Length=50ms, Step=20ms
  [result] 28 valid windows
  [result] Alignment range: [0.033, 0.433]
  [result] Peak alignment: 0.433 at -10ms
  [null] Computing covariance-constrained null...
  [null] D_eff=1.5, expected |cos|=0.660
  [null] null_mean=0.082 ± 0.064
[saved] /project/bdoiron/dracoxu/rct-fsflow/paper_project_final/out/temporal_alignment/temporal_alignment_pooled_correctonly/temporal_20231205_SFEF.json
[saved] /project/bdoiron/dracoxu/rct-fsflow/paper_project_final/out/temporal_alignment/temporal_alignment_pooled_correctonly/temporal_20231205_SLIP.json

[done] Temporal alignment analysis complete

------------------------------------------------------------
Orientation: vertical, Filter: correctonly
Axes tag: axes_peakbin_saccCS-sacc-vertical-20mssw
------------------------------------------------------------
======================================================================
TEMPORAL C-S ALIGNMENT ANALYSIS
======================================================================
Session: 20231205
Orientation: vertical
Filter mode: alltrials
Axes tag: axes_peakbin_saccCS-sacc-vertical-20mssw
======================================================================
[auto] Using C window length from axes: 50ms

[temporal] Session 20231205, orientation=vertical, area=SFEF
  [S axis] Window: [-20, 30] ms
  [trials] 99 trials (orientation=vertical, PT>=200.0ms)
  [sliding] 28 window positions from -350ms to 200ms
  [window] Length=50ms, Step=20ms
  [result] 28 valid windows
  [result] Alignment range: [0.032, 0.446]
  [result] Peak alignment: 0.446 at 10ms
  [null] Computing covariance-constrained null...
  [null] D_eff=3.4, expected |cos|=0.432
  [null] null_mean=0.243 ± 0.158

[temporal] Session 20231205, orientation=vertical, area=SLIP
  [S axis] Window: [-0, 50] ms
  [trials] 99 trials (orientation=vertical, PT>=200.0ms)
  [sliding] 28 window positions from -350ms to 200ms
  [window] Length=50ms, Step=20ms
  [result] 28 valid windows
  [result] Alignment range: [0.016, 0.471]
  [result] Peak alignment: 0.471 at 10ms
  [null] Computing covariance-constrained null...
  [null] D_eff=2.8, expected |cos|=0.479
  [null] null_mean=0.109 ± 0.086
[saved] /project/bdoiron/dracoxu/rct-fsflow/paper_project_final/out/temporal_alignment/temporal_alignment_vertical_correctonly/temporal_20231205_SFEF.json
[saved] /project/bdoiron/dracoxu/rct-fsflow/paper_project_final/out/temporal_alignment/temporal_alignment_vertical_correctonly/temporal_20231205_SLIP.json

[done] Temporal alignment analysis complete

==============================================================
ALL TRIALS (out_nofilter/)
==============================================================

------------------------------------------------------------
Orientation: horizontal, Filter: alltrials
Axes tag: axes_peakbin_saccCS-sacc-horizontal-20mssw_nofilter
------------------------------------------------------------
======================================================================
TEMPORAL C-S ALIGNMENT ANALYSIS
======================================================================
Session: 20231205
Orientation: horizontal
Filter mode: alltrials
Axes tag: axes_peakbin_saccCS-sacc-horizontal-20mssw_nofilter
======================================================================
[auto] Using C window length from axes: 50ms

[temporal] Session 20231205, orientation=horizontal, area=SFEF
  [S axis] Window: [-60, -10] ms
  [trials] 26 trials (orientation=horizontal, PT>=200.0ms)
  [sliding] 28 window positions from -350ms to 200ms
  [window] Length=50ms, Step=20ms
  [result] 28 valid windows
  [result] Alignment range: [0.002, 0.286]
  [result] Peak alignment: 0.286 at 110ms
  [null] Computing covariance-constrained null...
  [null] D_eff=3.2, expected |cos|=0.444
  [null] null_mean=0.393 ± 0.196

[temporal] Session 20231205, orientation=horizontal, area=SLIP
  [S axis] Window: [-100, -0] ms
  [trials] 26 trials (orientation=horizontal, PT>=200.0ms)
  [sliding] 28 window positions from -350ms to 200ms
  [window] Length=50ms, Step=20ms
  [result] 28 valid windows
  [result] Alignment range: [0.003, 0.263]
  [result] Peak alignment: 0.263 at -290ms
  [null] Computing covariance-constrained null...
  [null] D_eff=2.4, expected |cos|=0.517
  [null] null_mean=0.173 ± 0.113
[saved] /project/bdoiron/dracoxu/rct-fsflow/paper_project_final/out_nofilter/temporal_alignment/temporal_alignment_horizontal_alltrials/temporal_20231205_SFEF.json
[saved] /project/bdoiron/dracoxu/rct-fsflow/paper_project_final/out_nofilter/temporal_alignment/temporal_alignment_horizontal_alltrials/temporal_20231205_SLIP.json

[done] Temporal alignment analysis complete

------------------------------------------------------------
Orientation: pooled, Filter: alltrials
Axes tag: axes_peakbin_saccCS-sacc-pooled-20mssw_nofilter
------------------------------------------------------------
======================================================================
TEMPORAL C-S ALIGNMENT ANALYSIS
======================================================================
Session: 20231205
Orientation: pooled
Filter mode: alltrials
Axes tag: axes_peakbin_saccCS-sacc-pooled-20mssw_nofilter
======================================================================
[auto] Using C window length from axes: 150ms

[temporal] Session 20231205, orientation=pooled, area=SFEF
  [S axis] Window: [-0, 50] ms
  [trials] 159 trials (orientation=pooled, PT>=200.0ms)
  [sliding] 28 window positions from -350ms to 200ms
  [window] Length=150ms, Step=20ms
  [result] 28 valid windows
  [result] Alignment range: [0.004, 0.289]
  [result] Peak alignment: 0.289 at 90ms
  [null] Computing covariance-constrained null...
  [null] D_eff=4.2, expected |cos|=0.387
  [null] null_mean=0.218 ± 0.148

[temporal] Session 20231205, orientation=pooled, area=SLIP
  [S axis] Window: [-0, 50] ms
  [trials] 159 trials (orientation=pooled, PT>=200.0ms)
  [sliding] 28 window positions from -350ms to 200ms
  [window] Length=150ms, Step=20ms
  [result] 28 valid windows
  [result] Alignment range: [0.023, 0.366]
  [result] Peak alignment: 0.366 at -230ms
  [null] Computing covariance-constrained null...
  [null] D_eff=1.4, expected |cos|=0.675
  [null] null_mean=0.081 ± 0.071
[saved] /project/bdoiron/dracoxu/rct-fsflow/paper_project_final/out_nofilter/temporal_alignment/temporal_alignment_pooled_alltrials/temporal_20231205_SFEF.json
[saved] /project/bdoiron/dracoxu/rct-fsflow/paper_project_final/out_nofilter/temporal_alignment/temporal_alignment_pooled_alltrials/temporal_20231205_SLIP.json

[done] Temporal alignment analysis complete

------------------------------------------------------------
Orientation: vertical, Filter: alltrials
Axes tag: axes_peakbin_saccCS-sacc-vertical-20mssw_nofilter
------------------------------------------------------------
======================================================================
TEMPORAL C-S ALIGNMENT ANALYSIS
======================================================================
Session: 20231205
Orientation: vertical
Filter mode: alltrials
Axes tag: axes_peakbin_saccCS-sacc-vertical-20mssw_nofilter
======================================================================
[auto] Using C window length from axes: 50ms

[temporal] Session 20231205, orientation=vertical, area=SFEF
  [S axis] Window: [-0, 50] ms
  [trials] 133 trials (orientation=vertical, PT>=200.0ms)
  [sliding] 28 window positions from -350ms to 200ms
  [window] Length=50ms, Step=20ms
  [result] 28 valid windows
  [result] Alignment range: [0.010, 0.285]
  [result] Peak alignment: 0.285 at 90ms
  [null] Computing covariance-constrained null...
  [null] D_eff=3.7, expected |cos|=0.415
  [null] null_mean=0.204 ± 0.140

[temporal] Session 20231205, orientation=vertical, area=SLIP
  [S axis] Window: [-0, 50] ms
  [trials] 133 trials (orientation=vertical, PT>=200.0ms)
  [sliding] 28 window positions from -350ms to 200ms
  [window] Length=50ms, Step=20ms
  [result] 28 valid windows
  [result] Alignment range: [0.004, 0.356]
  [result] Peak alignment: 0.356 at -10ms
  [null] Computing covariance-constrained null...
  [null] D_eff=2.9, expected |cos|=0.466
  [null] null_mean=0.131 ± 0.097
[saved] /project/bdoiron/dracoxu/rct-fsflow/paper_project_final/out_nofilter/temporal_alignment/temporal_alignment_vertical_alltrials/temporal_20231205_SFEF.json
[saved] /project/bdoiron/dracoxu/rct-fsflow/paper_project_final/out_nofilter/temporal_alignment/temporal_alignment_vertical_alltrials/temporal_20231205_SLIP.json

[done] Temporal alignment analysis complete

==============================================================
[done] Temporal alignment analysis complete for SID=20231205
==============================================================
