==============================================================
TEMPORAL C-S ALIGNMENT ANALYSIS
Session: 20230627 (task 13)
==============================================================

==============================================================
CORRECT-ONLY TRIALS (out/)
==============================================================

------------------------------------------------------------
Orientation: horizontal, Filter: correctonly
Axes tag: axes_peakbin_saccCS-sacc-horizontal-20mssw
------------------------------------------------------------
======================================================================
TEMPORAL C-S ALIGNMENT ANALYSIS
======================================================================
Session: 20230627
Orientation: horizontal
Filter mode: alltrials
Axes tag: axes_peakbin_saccCS-sacc-horizontal-20mssw
======================================================================
[auto] Using C window length from axes: 50ms

[temporal] Session 20230627, orientation=horizontal, area=SFEF
  [S axis] Window: [-20, 30] ms
  [trials] 432 trials (orientation=horizontal, PT>=200.0ms)
  [sliding] 28 window positions from -350ms to 200ms
  [window] Length=50ms, Step=20ms
  [result] 28 valid windows
  [result] Alignment range: [0.002, 0.261]
  [result] Peak alignment: 0.261 at -170ms
  [null] Computing covariance-constrained null...
  [null] D_eff=6.0, expected |cos|=0.325
  [null] null_mean=0.126 ± 0.095

[temporal] Session 20230627, orientation=horizontal, area=SLIP
  [S axis] Window: [-0, 50] ms
  [trials] 432 trials (orientation=horizontal, PT>=200.0ms)
  [sliding] 28 window positions from -350ms to 200ms
  [window] Length=50ms, Step=20ms
  [result] 28 valid windows
  [result] Alignment range: [0.001, 0.290]
  [result] Peak alignment: 0.290 at -30ms
  [null] Computing covariance-constrained null...
  [null] D_eff=3.6, expected |cos|=0.423
  [null] null_mean=0.184 ± 0.130
[saved] /project/bdoiron/dracoxu/rct-fsflow/paper_project_final/out/temporal_alignment/temporal_alignment_horizontal_correctonly/temporal_20230627_SFEF.json
[saved] /project/bdoiron/dracoxu/rct-fsflow/paper_project_final/out/temporal_alignment/temporal_alignment_horizontal_correctonly/temporal_20230627_SLIP.json

[done] Temporal alignment analysis complete

------------------------------------------------------------
Orientation: pooled, Filter: correctonly
Axes tag: axes_peakbin_saccCS-sacc-pooled-20mssw
------------------------------------------------------------
======================================================================
TEMPORAL C-S ALIGNMENT ANALYSIS
======================================================================
Session: 20230627
Orientation: pooled
Filter mode: alltrials
Axes tag: axes_peakbin_saccCS-sacc-pooled-20mssw
======================================================================
[auto] Using C window length from axes: 50ms

[temporal] Session 20230627, orientation=pooled, area=SFEF
  [S axis] Window: [-40, 10] ms
  [trials] 867 trials (orientation=pooled, PT>=200.0ms)
  [sliding] 28 window positions from -350ms to 200ms
  [window] Length=50ms, Step=20ms
  [result] 28 valid windows
  [result] Alignment range: [0.026, 0.264]
  [result] Peak alignment: 0.264 at 190ms
  [null] Computing covariance-constrained null...
  [null] D_eff=1.8, expected |cos|=0.601
  [null] null_mean=0.062 ± 0.048

[temporal] Session 20230627, orientation=pooled, area=SLIP
  [S axis] Window: [-0, 50] ms
  [trials] 867 trials (orientation=pooled, PT>=200.0ms)
  [sliding] 28 window positions from -350ms to 200ms
  [window] Length=50ms, Step=20ms
  [result] 28 valid windows
  [result] Alignment range: [0.003, 0.354]
  [result] Peak alignment: 0.354 at 90ms
  [null] Computing covariance-constrained null...
  [null] D_eff=2.1, expected |cos|=0.544
  [null] null_mean=0.097 ± 0.073
[saved] /project/bdoiron/dracoxu/rct-fsflow/paper_project_final/out/temporal_alignment/temporal_alignment_pooled_correctonly/temporal_20230627_SFEF.json
[saved] /project/bdoiron/dracoxu/rct-fsflow/paper_project_final/out/temporal_alignment/temporal_alignment_pooled_correctonly/temporal_20230627_SLIP.json

[done] Temporal alignment analysis complete

------------------------------------------------------------
Orientation: vertical, Filter: correctonly
Axes tag: axes_peakbin_saccCS-sacc-vertical-20mssw
------------------------------------------------------------
======================================================================
TEMPORAL C-S ALIGNMENT ANALYSIS
======================================================================
Session: 20230627
Orientation: vertical
Filter mode: alltrials
Axes tag: axes_peakbin_saccCS-sacc-vertical-20mssw
======================================================================
[auto] Using C window length from axes: 50ms

[temporal] Session 20230627, orientation=vertical, area=SFEF
  [S axis] Window: [-60, -10] ms
  [trials] 435 trials (orientation=vertical, PT>=200.0ms)
  [sliding] 28 window positions from -350ms to 200ms
  [window] Length=50ms, Step=20ms
  [result] 28 valid windows
  [result] Alignment range: [0.002, 0.232]
  [result] Peak alignment: 0.232 at -330ms
  [null] Computing covariance-constrained null...
  [null] D_eff=2.6, expected |cos|=0.492
  [null] null_mean=0.054 ± 0.043

[temporal] Session 20230627, orientation=vertical, area=SLIP
  [S axis] Window: [-0, 50] ms
  [trials] 435 trials (orientation=vertical, PT>=200.0ms)
  [sliding] 28 window positions from -350ms to 200ms
  [window] Length=50ms, Step=20ms
  [result] 28 valid windows
  [result] Alignment range: [0.001, 0.249]
  [result] Peak alignment: 0.249 at -350ms
  [null] Computing covariance-constrained null...
  [null] D_eff=5.1, expected |cos|=0.355
  [null] null_mean=0.129 ± 0.091
[saved] /project/bdoiron/dracoxu/rct-fsflow/paper_project_final/out/temporal_alignment/temporal_alignment_vertical_correctonly/temporal_20230627_SFEF.json
[saved] /project/bdoiron/dracoxu/rct-fsflow/paper_project_final/out/temporal_alignment/temporal_alignment_vertical_correctonly/temporal_20230627_SLIP.json

[done] Temporal alignment analysis complete

==============================================================
ALL TRIALS (out_nofilter/)
==============================================================

------------------------------------------------------------
Orientation: horizontal, Filter: alltrials
Axes tag: axes_peakbin_saccCS-sacc-horizontal-20mssw_nofilter
------------------------------------------------------------
======================================================================
TEMPORAL C-S ALIGNMENT ANALYSIS
======================================================================
Session: 20230627
Orientation: horizontal
Filter mode: alltrials
Axes tag: axes_peakbin_saccCS-sacc-horizontal-20mssw_nofilter
======================================================================
[auto] Using C window length from axes: 50ms

[temporal] Session 20230627, orientation=horizontal, area=SFEF
  [S axis] Window: [-20, 30] ms
  [trials] 520 trials (orientation=horizontal, PT>=200.0ms)
  [sliding] 28 window positions from -350ms to 200ms
  [window] Length=50ms, Step=20ms
  [result] 28 valid windows
  [result] Alignment range: [0.002, 0.313]
  [result] Peak alignment: 0.313 at 190ms
  [null] Computing covariance-constrained null...
  [null] D_eff=7.4, expected |cos|=0.294
  [null] null_mean=0.130 ± 0.102

[temporal] Session 20230627, orientation=horizontal, area=SLIP
  [S axis] Window: [-0, 50] ms
  [trials] 520 trials (orientation=horizontal, PT>=200.0ms)
  [sliding] 28 window positions from -350ms to 200ms
  [window] Length=50ms, Step=20ms
  [result] 28 valid windows
  [result] Alignment range: [0.003, 0.251]
  [result] Peak alignment: 0.251 at -30ms
  [null] Computing covariance-constrained null...
  [null] D_eff=3.4, expected |cos|=0.435
  [null] null_mean=0.189 ± 0.132
[saved] /project/bdoiron/dracoxu/rct-fsflow/paper_project_final/out_nofilter/temporal_alignment/temporal_alignment_horizontal_alltrials/temporal_20230627_SFEF.json
[saved] /project/bdoiron/dracoxu/rct-fsflow/paper_project_final/out_nofilter/temporal_alignment/temporal_alignment_horizontal_alltrials/temporal_20230627_SLIP.json

[done] Temporal alignment analysis complete

------------------------------------------------------------
Orientation: pooled, Filter: alltrials
Axes tag: axes_peakbin_saccCS-sacc-pooled-20mssw_nofilter
------------------------------------------------------------
======================================================================
TEMPORAL C-S ALIGNMENT ANALYSIS
======================================================================
Session: 20230627
Orientation: pooled
Filter mode: alltrials
Axes tag: axes_peakbin_saccCS-sacc-pooled-20mssw_nofilter
======================================================================
[auto] Using C window length from axes: 50ms

[temporal] Session 20230627, orientation=pooled, area=SFEF
  [S axis] Window: [-40, 10] ms
  [trials] 1102 trials (orientation=pooled, PT>=200.0ms)
  [sliding] 28 window positions from -350ms to 200ms
  [window] Length=50ms, Step=20ms
  [result] 28 valid windows
  [result] Alignment range: [0.014, 0.279]
  [result] Peak alignment: 0.279 at -330ms
  [null] Computing covariance-constrained null...
  [null] D_eff=1.8, expected |cos|=0.600
  [null] null_mean=0.071 ± 0.054

[temporal] Session 20230627, orientation=pooled, area=SLIP
  [S axis] Window: [-0, 50] ms
  [trials] 1102 trials (orientation=pooled, PT>=200.0ms)
  [sliding] 28 window positions from -350ms to 200ms
  [window] Length=50ms, Step=20ms
  [result] 28 valid windows
  [result] Alignment range: [0.002, 0.380]
  [result] Peak alignment: 0.380 at 90ms
  [null] Computing covariance-constrained null...
  [null] D_eff=2.1, expected |cos|=0.548
  [null] null_mean=0.100 ± 0.072
[saved] /project/bdoiron/dracoxu/rct-fsflow/paper_project_final/out_nofilter/temporal_alignment/temporal_alignment_pooled_alltrials/temporal_20230627_SFEF.json
[saved] /project/bdoiron/dracoxu/rct-fsflow/paper_project_final/out_nofilter/temporal_alignment/temporal_alignment_pooled_alltrials/temporal_20230627_SLIP.json

[done] Temporal alignment analysis complete

------------------------------------------------------------
Orientation: vertical, Filter: alltrials
Axes tag: axes_peakbin_saccCS-sacc-vertical-20mssw_nofilter
------------------------------------------------------------
======================================================================
TEMPORAL C-S ALIGNMENT ANALYSIS
======================================================================
Session: 20230627
Orientation: vertical
Filter mode: alltrials
Axes tag: axes_peakbin_saccCS-sacc-vertical-20mssw_nofilter
======================================================================
[auto] Using C window length from axes: 50ms

[temporal] Session 20230627, orientation=vertical, area=SFEF
  [S axis] Window: [-60, -10] ms
  [trials] 582 trials (orientation=vertical, PT>=200.0ms)
  [sliding] 28 window positions from -350ms to 200ms
  [window] Length=50ms, Step=20ms
  [result] 28 valid windows
  [result] Alignment range: [0.001, 0.205]
  [result] Peak alignment: 0.205 at -330ms
  [null] Computing covariance-constrained null...
  [null] D_eff=2.6, expected |cos|=0.496
  [null] null_mean=0.059 ± 0.049

[temporal] Session 20230627, orientation=vertical, area=SLIP
  [S axis] Window: [-0, 50] ms
  [trials] 582 trials (orientation=vertical, PT>=200.0ms)
  [sliding] 28 window positions from -350ms to 200ms
  [window] Length=50ms, Step=20ms
  [result] 28 valid windows
  [result] Alignment range: [0.005, 0.277]
  [result] Peak alignment: 0.277 at -270ms
  [null] Computing covariance-constrained null...
  [null] D_eff=5.3, expected |cos|=0.346
  [null] null_mean=0.137 ± 0.097
[saved] /project/bdoiron/dracoxu/rct-fsflow/paper_project_final/out_nofilter/temporal_alignment/temporal_alignment_vertical_alltrials/temporal_20230627_SFEF.json
[saved] /project/bdoiron/dracoxu/rct-fsflow/paper_project_final/out_nofilter/temporal_alignment/temporal_alignment_vertical_alltrials/temporal_20230627_SLIP.json

[done] Temporal alignment analysis complete

==============================================================
[done] Temporal alignment analysis complete for SID=20230627
==============================================================
