==============================================================
TEMPORAL C-S ALIGNMENT ANALYSIS
Session: 20201204 (task 9)
==============================================================

==============================================================
CORRECT-ONLY TRIALS (out/)
==============================================================

------------------------------------------------------------
Orientation: horizontal, Filter: correctonly
Axes tag: axes_peakbin_saccCS-sacc-horizontal-20mssw
------------------------------------------------------------
======================================================================
TEMPORAL C-S ALIGNMENT ANALYSIS
======================================================================
Session: 20201204
Orientation: horizontal
Filter mode: alltrials
Axes tag: axes_peakbin_saccCS-sacc-horizontal-20mssw
======================================================================
[auto] Using C window length from axes: 50ms

[temporal] Session 20201204, orientation=horizontal, area=MFEF
  [S axis] Window: [-20, 30] ms
  [trials] 285 trials (orientation=horizontal, PT>=200.0ms)
  [sliding] 20 window positions from -300ms to 100ms
  [window] Length=50ms, Step=20ms
  [result] 20 valid windows
  [result] Alignment range: [0.008, 0.210]
  [result] Peak alignment: 0.210 at -140ms

[temporal] Session 20201204, orientation=horizontal, area=MLIP
  [S axis] Window: [-0, 50] ms
  [trials] 285 trials (orientation=horizontal, PT>=200.0ms)
  [sliding] 20 window positions from -300ms to 100ms
  [window] Length=50ms, Step=20ms
  [result] 20 valid windows
  [result] Alignment range: [0.000, 0.211]
  [result] Peak alignment: 0.211 at -300ms
[saved] /project/bdoiron/dracoxu/rct-fsflow/paper_project_final/out/temporal_alignment/temporal_alignment_horizontal_correctonly/temporal_20201204_MFEF.json
[saved] /project/bdoiron/dracoxu/rct-fsflow/paper_project_final/out/temporal_alignment/temporal_alignment_horizontal_correctonly/temporal_20201204_MLIP.json

[done] Temporal alignment analysis complete

------------------------------------------------------------
Orientation: pooled, Filter: correctonly
Axes tag: axes_peakbin_saccCS-sacc-pooled-20mssw
------------------------------------------------------------
======================================================================
TEMPORAL C-S ALIGNMENT ANALYSIS
======================================================================
Session: 20201204
Orientation: pooled
Filter mode: alltrials
Axes tag: axes_peakbin_saccCS-sacc-pooled-20mssw
======================================================================
[auto] Using C window length from axes: 50ms

[temporal] Session 20201204, orientation=pooled, area=MFEF
  [S axis] Window: [-20, 30] ms
  [trials] 514 trials (orientation=pooled, PT>=200.0ms)
  [sliding] 20 window positions from -300ms to 100ms
  [window] Length=50ms, Step=20ms
  [result] 20 valid windows
  [result] Alignment range: [0.006, 0.198]
  [result] Peak alignment: 0.198 at 80ms

[temporal] Session 20201204, orientation=pooled, area=MLIP
  [S axis] Window: [-0, 50] ms
  [trials] 514 trials (orientation=pooled, PT>=200.0ms)
  [sliding] 20 window positions from -300ms to 100ms
  [window] Length=50ms, Step=20ms
  [result] 20 valid windows
  [result] Alignment range: [0.001, 0.239]
  [result] Peak alignment: 0.239 at -260ms
[saved] /project/bdoiron/dracoxu/rct-fsflow/paper_project_final/out/temporal_alignment/temporal_alignment_pooled_correctonly/temporal_20201204_MFEF.json
[saved] /project/bdoiron/dracoxu/rct-fsflow/paper_project_final/out/temporal_alignment/temporal_alignment_pooled_correctonly/temporal_20201204_MLIP.json

[done] Temporal alignment analysis complete

------------------------------------------------------------
Orientation: vertical, Filter: correctonly
Axes tag: axes_peakbin_saccCS-sacc-vertical-20mssw
------------------------------------------------------------
======================================================================
TEMPORAL C-S ALIGNMENT ANALYSIS
======================================================================
Session: 20201204
Orientation: vertical
Filter mode: alltrials
Axes tag: axes_peakbin_saccCS-sacc-vertical-20mssw
======================================================================
[auto] Using C window length from axes: 50ms

[temporal] Session 20201204, orientation=vertical, area=MFEF
  [S axis] Window: [-20, 30] ms
  [trials] 229 trials (orientation=vertical, PT>=200.0ms)
  [sliding] 20 window positions from -300ms to 100ms
  [window] Length=50ms, Step=20ms
  [result] 20 valid windows
  [result] Alignment range: [0.013, 0.223]
  [result] Peak alignment: 0.223 at -100ms

[temporal] Session 20201204, orientation=vertical, area=MLIP
  [S axis] Window: [-0, 50] ms
  [trials] 229 trials (orientation=vertical, PT>=200.0ms)
  [sliding] 20 window positions from -300ms to 100ms
  [window] Length=50ms, Step=20ms
  [result] 20 valid windows
  [result] Alignment range: [0.000, 0.272]
  [result] Peak alignment: 0.272 at -240ms
[saved] /project/bdoiron/dracoxu/rct-fsflow/paper_project_final/out/temporal_alignment/temporal_alignment_vertical_correctonly/temporal_20201204_MFEF.json
[saved] /project/bdoiron/dracoxu/rct-fsflow/paper_project_final/out/temporal_alignment/temporal_alignment_vertical_correctonly/temporal_20201204_MLIP.json

[done] Temporal alignment analysis complete

==============================================================
ALL TRIALS (out_nofilter/)
==============================================================

------------------------------------------------------------
Orientation: horizontal, Filter: alltrials
Axes tag: axes_peakbin_saccCS-sacc-horizontal-20mssw_nofilter
------------------------------------------------------------
