==============================================================
TRAIN AXES FOR ALL FOUR CASES - Session 20200929
Filter mode: both
==============================================================

==============================================================
TRAINING AXES - CORRECT-ONLY (out/)
==============================================================
[skip] Case i: Sacc C+S, horizontal (correct-only) - already exists
[skip] Case ii: Sacc C+S, pooled (correct-only) - already exists
[skip] Case iii: Stim C, vertical (correct-only) - already exists
[skip] Case iv: Stim C, pooled (correct-only) - already exists

==============================================================
TRAINING AXES - ALL-TRIALS (out_nofilter/)
==============================================================
[skip] Case i: Sacc C+S, horizontal (all-trials) - already exists

------------------------------------------------------------
[train] Case ii: Sacc C+S, pooled (all-trials)
  Align: sacc, Features: C S, Orientation: pooled
  Tag: axes_peakbin_saccCS-sacc-pooled-20mssw_nofilter
  OUT_ROOT: /project/bdoiron/dracoxu/rct-fsflow/paper_project_final/out_nofilter
------------------------------------------------------------
[sliding-window] window=20.0ms (4 bins), step=10.0ms (2 bins), native=5.0ms
[20200929][MFEF] wrote /project/bdoiron/dracoxu/rct-fsflow/paper_project_final/out_nofilter/sacc/20200929/axes/axes_peakbin_saccCS-sacc-pooled-20mssw_nofilter/axes_MFEF.npz
    → winC_selected: [-0.08, -0.05], score: 0.8442, peak@-60ms (cv_auc=0.8656)
[20200929][MLIP] wrote /project/bdoiron/dracoxu/rct-fsflow/paper_project_final/out_nofilter/sacc/20200929/axes/axes_peakbin_saccCS-sacc-pooled-20mssw_nofilter/axes_MLIP.npz
    → winC_selected: [-0.1, -0.07], score: 0.6044, peak@-80ms (cv_auc=0.6304)
[20200929][MSC] wrote /project/bdoiron/dracoxu/rct-fsflow/paper_project_final/out_nofilter/sacc/20200929/axes/axes_peakbin_saccCS-sacc-pooled-20mssw_nofilter/axes_MSC.npz
    → winC_selected: [-0.27999999999999997, -0.17999999999999997], score: 0.5683, peak@-210ms (cv_auc=0.5699)
[ok] axes_summary.json → /project/bdoiron/dracoxu/rct-fsflow/paper_project_final/out_nofilter/sacc/20200929/axes/axes_peakbin_saccCS-sacc-pooled-20mssw_nofilter/axes_summary.json
[ok] config.json → /project/bdoiron/dracoxu/rct-fsflow/paper_project_final/out_nofilter/sacc/20200929/axes/axes_peakbin_saccCS-sacc-pooled-20mssw_nofilter/config.json
[done] axes_peakbin_saccCS-sacc-pooled-20mssw_nofilter

------------------------------------------------------------
[train] Case iii: Stim C, vertical (all-trials)
  Align: stim, Features: C, Orientation: vertical
  Tag: axes_peakbin_stimC-stim-vertical-20mssw_nofilter
  OUT_ROOT: /project/bdoiron/dracoxu/rct-fsflow/paper_project_final/out_nofilter
------------------------------------------------------------
[sliding-window] window=20.0ms (2 bins), step=10.0ms (1 bins), native=10.0ms
[20200929][MFEF] wrote /project/bdoiron/dracoxu/rct-fsflow/paper_project_final/out_nofilter/stim/20200929/axes/axes_peakbin_stimC-stim-vertical-20mssw_nofilter/axes_MFEF.npz
    → winC_selected: [0.32, 0.35], score: 0.9584, peak@340ms (cv_auc=0.9709)
[20200929][MLIP] wrote /project/bdoiron/dracoxu/rct-fsflow/paper_project_final/out_nofilter/stim/20200929/axes/axes_peakbin_stimC-stim-vertical-20mssw_nofilter/axes_MLIP.npz
    → winC_selected: [0.46000000000000013, 0.4900000000000001], score: 0.8523, peak@480ms (cv_auc=0.9012)
[20200929][MSC] wrote /project/bdoiron/dracoxu/rct-fsflow/paper_project_final/out_nofilter/stim/20200929/axes/axes_peakbin_stimC-stim-vertical-20mssw_nofilter/axes_MSC.npz
    → winC_selected: [0.34, 0.37], score: 0.6128, peak@340ms (cv_auc=0.5928)
[ok] axes_summary.json → /project/bdoiron/dracoxu/rct-fsflow/paper_project_final/out_nofilter/stim/20200929/axes/axes_peakbin_stimC-stim-vertical-20mssw_nofilter/axes_summary.json
[ok] config.json → /project/bdoiron/dracoxu/rct-fsflow/paper_project_final/out_nofilter/stim/20200929/axes/axes_peakbin_stimC-stim-vertical-20mssw_nofilter/config.json
[done] axes_peakbin_stimC-stim-vertical-20mssw_nofilter

------------------------------------------------------------
[train] Case iv: Stim C, pooled (all-trials)
  Align: stim, Features: C, Orientation: pooled
  Tag: axes_peakbin_stimC-stim-pooled-20mssw_nofilter
  OUT_ROOT: /project/bdoiron/dracoxu/rct-fsflow/paper_project_final/out_nofilter
------------------------------------------------------------
[sliding-window] window=20.0ms (2 bins), step=10.0ms (1 bins), native=10.0ms
[20200929][MFEF] wrote /project/bdoiron/dracoxu/rct-fsflow/paper_project_final/out_nofilter/stim/20200929/axes/axes_peakbin_stimC-stim-pooled-20mssw_nofilter/axes_MFEF.npz
    → winC_selected: [0.3, 0.32999999999999996], score: 0.8942, peak@310ms (cv_auc=0.9325)
[20200929][MLIP] wrote /project/bdoiron/dracoxu/rct-fsflow/paper_project_final/out_nofilter/stim/20200929/axes/axes_peakbin_stimC-stim-pooled-20mssw_nofilter/axes_MLIP.npz
    → winC_selected: [0.4200000000000001, 0.45000000000000007], score: 0.8260, peak@420ms (cv_auc=0.8759)
[20200929][MSC] wrote /project/bdoiron/dracoxu/rct-fsflow/paper_project_final/out_nofilter/stim/20200929/axes/axes_peakbin_stimC-stim-pooled-20mssw_nofilter/axes_MSC.npz
    → winC_selected: [0.25999999999999995, 0.36], score: 0.6160, peak@340ms (cv_auc=0.6275)
[ok] axes_summary.json → /project/bdoiron/dracoxu/rct-fsflow/paper_project_final/out_nofilter/stim/20200929/axes/axes_peakbin_stimC-stim-pooled-20mssw_nofilter/axes_summary.json
[ok] config.json → /project/bdoiron/dracoxu/rct-fsflow/paper_project_final/out_nofilter/stim/20200929/axes/axes_peakbin_stimC-stim-pooled-20mssw_nofilter/config.json
[done] axes_peakbin_stimC-stim-pooled-20mssw_nofilter

==============================================================
[done] All axes training complete for SID=20200929
==============================================================
