[info] task=14 SID=20230705
[info] Training C+S on sacc-aligned data for axis alignment analysis

==================== CORRECT-ONLY: Train C+S on sacc-aligned ====================

========== Train C+S axes on sacc-aligned (correct-only) ==========

[RUN] python cli/train_axes.py --out_root /project/bdoiron/dracoxu/rct-fsflow/paper_project_final/out --align sacc --sid 20230705 --orientation horizontal --features C S --tag axes_peakbin_saccCS-sacc-horizontal-20mssw --norm global --clf_binary logreg --C_grid 0.1 0.3 1 3 10 --lda_shrinkage auto --searchC --searchS --search_range_C=-0.30:-0.05 --search_range_S=-0.20:0.05 --search_step_ms 20 --search_len_ms 50 100 150 200 250 --search_score_mode peak_bin_auc --search_tiebreak shortest_then_closest0 --search_tol 0.01 --pt_min_ms_sacc 200 --sliding_window_ms 20 --sliding_step_ms 10
[sliding-window] window=20.0ms (4 bins), step=10.0ms (2 bins), native=5.0ms
[20230705][SFEF] wrote /project/bdoiron/dracoxu/rct-fsflow/paper_project_final/out/sacc/20230705/axes/axes_peakbin_saccCS-sacc-horizontal-20mssw/axes_SFEF.npz
    → winC_selected: [-0.1, -0.05], score: 0.7336, peak@-60ms (cv_auc=0.7969)
[20230705][SLIP] wrote /project/bdoiron/dracoxu/rct-fsflow/paper_project_final/out/sacc/20230705/axes/axes_peakbin_saccCS-sacc-horizontal-20mssw/axes_SLIP.npz
    → winC_selected: [-0.16, -0.06], score: 0.6660, peak@-120ms (cv_auc=0.6864)
[ok] axes_summary.json → /project/bdoiron/dracoxu/rct-fsflow/paper_project_final/out/sacc/20230705/axes/axes_peakbin_saccCS-sacc-horizontal-20mssw/axes_summary.json
[ok] config.json → /project/bdoiron/dracoxu/rct-fsflow/paper_project_final/out/sacc/20230705/axes/axes_peakbin_saccCS-sacc-horizontal-20mssw/config.json

========== QC for C+S axes (correct-only) ==========

[RUN] python cli/qc_axes.py --out_root /project/bdoiron/dracoxu/rct-fsflow/paper_project_final/out --align sacc --sid 20230705 --orientation horizontal --tag axes_peakbin_saccCS-sacc-horizontal-20mssw --thr 0.60 --k 5 --pt_min_ms_sacc 200 --norm auto --sliding_window_ms 20 --sliding_step_ms 10
[sliding-window] window=20.0ms (4 bins), step=10.0ms (2 bins), native=5.0ms
[20230705][SFEF] wrote /project/bdoiron/dracoxu/rct-fsflow/paper_project_final/out/sacc/20230705/qc/axes_peakbin_saccCS-sacc-horizontal-20mssw/qc_axes_SFEF.pdf (+ .png, .json)   lat(ms): C=-160.0000001490116, Sraw=-89.99999985098839, Sinv=-89.99999985098839, T=None
[20230705][SLIP] wrote /project/bdoiron/dracoxu/rct-fsflow/paper_project_final/out/sacc/20230705/qc/axes_peakbin_saccCS-sacc-horizontal-20mssw/qc_axes_SLIP.pdf (+ .png, .json)   lat(ms): C=-149.99999850988388, Sraw=-70.00000029802322, Sinv=-70.00000029802322, T=None

==================== NOFILTER: Train C+S on sacc-aligned ====================

========== Train C+S axes on sacc-aligned (nofilter) ==========

[RUN] python cli/train_axes.py --out_root /project/bdoiron/dracoxu/rct-fsflow/paper_project_final/out_nofilter --align sacc --sid 20230705 --orientation horizontal --features C S --tag axes_peakbin_saccCS-sacc-horizontal-20mssw_nofilter --norm global --clf_binary logreg --C_grid 0.1 0.3 1 3 10 --lda_shrinkage auto --searchC --searchS --search_range_C=-0.30:-0.05 --search_range_S=-0.20:0.05 --search_step_ms 20 --search_len_ms 50 100 150 200 250 --search_score_mode peak_bin_auc --search_tiebreak shortest_then_closest0 --search_tol 0.01 --pt_min_ms_sacc 200 --sliding_window_ms 20 --sliding_step_ms 10
[sliding-window] window=20.0ms (4 bins), step=10.0ms (2 bins), native=5.0ms
[20230705][SFEF] wrote /project/bdoiron/dracoxu/rct-fsflow/paper_project_final/out_nofilter/sacc/20230705/axes/axes_peakbin_saccCS-sacc-horizontal-20mssw_nofilter/axes_SFEF.npz
    → winC_selected: [-0.1, -0.05], score: 0.7067, peak@-60ms (cv_auc=0.7533)
[20230705][SLIP] wrote /project/bdoiron/dracoxu/rct-fsflow/paper_project_final/out_nofilter/sacc/20230705/axes/axes_peakbin_saccCS-sacc-horizontal-20mssw_nofilter/axes_SLIP.npz
    → winC_selected: [-0.1, -0.05], score: 0.5869, peak@-90ms (cv_auc=0.5589)
[ok] axes_summary.json → /project/bdoiron/dracoxu/rct-fsflow/paper_project_final/out_nofilter/sacc/20230705/axes/axes_peakbin_saccCS-sacc-horizontal-20mssw_nofilter/axes_summary.json
[ok] config.json → /project/bdoiron/dracoxu/rct-fsflow/paper_project_final/out_nofilter/sacc/20230705/axes/axes_peakbin_saccCS-sacc-horizontal-20mssw_nofilter/config.json

========== QC for C+S axes (nofilter) ==========

[RUN] python cli/qc_axes.py --out_root /project/bdoiron/dracoxu/rct-fsflow/paper_project_final/out_nofilter --align sacc --sid 20230705 --orientation horizontal --tag axes_peakbin_saccCS-sacc-horizontal-20mssw_nofilter --thr 0.60 --k 5 --pt_min_ms_sacc 200 --norm auto --sliding_window_ms 20 --sliding_step_ms 10
[sliding-window] window=20.0ms (4 bins), step=10.0ms (2 bins), native=5.0ms
[20230705][SFEF] wrote /project/bdoiron/dracoxu/rct-fsflow/paper_project_final/out_nofilter/sacc/20230705/qc/axes_peakbin_saccCS-sacc-horizontal-20mssw_nofilter/qc_axes_SFEF.pdf (+ .png, .json)   lat(ms): C=-160.0000001490116, Sraw=-99.99999962747097, Sinv=-99.99999962747097, T=None
[20230705][SLIP] wrote /project/bdoiron/dracoxu/rct-fsflow/paper_project_final/out_nofilter/sacc/20230705/qc/axes_peakbin_saccCS-sacc-horizontal-20mssw_nofilter/qc_axes_SLIP.pdf (+ .png, .json)   lat(ms): C=-99.99999962747097, Sraw=-60.00000052154064, Sinv=-60.00000052154064, T=None

[done] C+S axes training complete for SID=20230705
