==============================================================
TRAIN AXES FOR ALL FOUR CASES - Session 20201211
Filter mode: both
==============================================================

==============================================================
TRAINING AXES - CORRECT-ONLY (out/)
==============================================================
[skip] Case i: Sacc C+S, horizontal (correct-only) - already exists
[skip] Case ii: Sacc C+S, pooled (correct-only) - already exists
[skip] Case iii: Stim C, vertical (correct-only) - already exists
[skip] Case iv: Stim C, pooled (correct-only) - already exists

==============================================================
TRAINING AXES - ALL-TRIALS (out_nofilter/)
==============================================================
[skip] Case i: Sacc C+S, horizontal (all-trials) - already exists

------------------------------------------------------------
[train] Case ii: Sacc C+S, pooled (all-trials)
  Align: sacc, Features: C S, Orientation: pooled
  Tag: axes_peakbin_saccCS-sacc-pooled-20mssw_nofilter
  OUT_ROOT: /project/bdoiron/dracoxu/rct-fsflow/paper_project_final/out_nofilter
------------------------------------------------------------
[sliding-window] window=20.0ms (4 bins), step=10.0ms (2 bins), native=5.0ms
[20201211][MFEF] wrote /project/bdoiron/dracoxu/rct-fsflow/paper_project_final/out_nofilter/sacc/20201211/axes/axes_peakbin_saccCS-sacc-pooled-20mssw_nofilter/axes_MFEF.npz
    → winC_selected: [-0.08, -0.05], score: 0.8545, peak@-60ms (cv_auc=0.8799)
[20201211][MLIP] wrote /project/bdoiron/dracoxu/rct-fsflow/paper_project_final/out_nofilter/sacc/20201211/axes/axes_peakbin_saccCS-sacc-pooled-20mssw_nofilter/axes_MLIP.npz
    → winC_selected: [-0.1, -0.07], score: 0.7144, peak@-80ms (cv_auc=0.7378)
[20201211][MSC] wrote /project/bdoiron/dracoxu/rct-fsflow/paper_project_final/out_nofilter/sacc/20201211/axes/axes_peakbin_saccCS-sacc-pooled-20mssw_nofilter/axes_MSC.npz
    → winC_selected: [-0.1, -0.07], score: 0.8099, peak@-70ms (cv_auc=0.8749)
[ok] axes_summary.json → /project/bdoiron/dracoxu/rct-fsflow/paper_project_final/out_nofilter/sacc/20201211/axes/axes_peakbin_saccCS-sacc-pooled-20mssw_nofilter/axes_summary.json
[ok] config.json → /project/bdoiron/dracoxu/rct-fsflow/paper_project_final/out_nofilter/sacc/20201211/axes/axes_peakbin_saccCS-sacc-pooled-20mssw_nofilter/config.json
[done] axes_peakbin_saccCS-sacc-pooled-20mssw_nofilter

------------------------------------------------------------
[train] Case iii: Stim C, vertical (all-trials)
  Align: stim, Features: C, Orientation: vertical
  Tag: axes_peakbin_stimC-stim-vertical-20mssw_nofilter
  OUT_ROOT: /project/bdoiron/dracoxu/rct-fsflow/paper_project_final/out_nofilter
------------------------------------------------------------
[sliding-window] window=20.0ms (2 bins), step=10.0ms (1 bins), native=10.0ms
[20201211][MFEF] wrote /project/bdoiron/dracoxu/rct-fsflow/paper_project_final/out_nofilter/stim/20201211/axes/axes_peakbin_stimC-stim-vertical-20mssw_nofilter/axes_MFEF.npz
    → winC_selected: [0.19999999999999998, 0.22999999999999998], score: 0.9574, peak@220ms (cv_auc=0.9848)
[20201211][MLIP] wrote /project/bdoiron/dracoxu/rct-fsflow/paper_project_final/out_nofilter/stim/20201211/axes/axes_peakbin_stimC-stim-vertical-20mssw_nofilter/axes_MLIP.npz
    → winC_selected: [0.4000000000000001, 0.5000000000000001], score: 0.9749, peak@490ms (cv_auc=0.9914)
[20201211][MSC] wrote /project/bdoiron/dracoxu/rct-fsflow/paper_project_final/out_nofilter/stim/20201211/axes/axes_peakbin_stimC-stim-vertical-20mssw_nofilter/axes_MSC.npz
    → winC_selected: [0.4000000000000001, 0.5000000000000001], score: 0.9205, peak@500ms (cv_auc=0.9902)
[ok] axes_summary.json → /project/bdoiron/dracoxu/rct-fsflow/paper_project_final/out_nofilter/stim/20201211/axes/axes_peakbin_stimC-stim-vertical-20mssw_nofilter/axes_summary.json
[ok] config.json → /project/bdoiron/dracoxu/rct-fsflow/paper_project_final/out_nofilter/stim/20201211/axes/axes_peakbin_stimC-stim-vertical-20mssw_nofilter/config.json
[done] axes_peakbin_stimC-stim-vertical-20mssw_nofilter

------------------------------------------------------------
[train] Case iv: Stim C, pooled (all-trials)
  Align: stim, Features: C, Orientation: pooled
  Tag: axes_peakbin_stimC-stim-pooled-20mssw_nofilter
  OUT_ROOT: /project/bdoiron/dracoxu/rct-fsflow/paper_project_final/out_nofilter
------------------------------------------------------------
[sliding-window] window=20.0ms (2 bins), step=10.0ms (1 bins), native=10.0ms
[20201211][MFEF] wrote /project/bdoiron/dracoxu/rct-fsflow/paper_project_final/out_nofilter/stim/20201211/axes/axes_peakbin_stimC-stim-pooled-20mssw_nofilter/axes_MFEF.npz
    → winC_selected: [0.16, 0.19], score: 0.8644, peak@170ms (cv_auc=0.9147)
[20201211][MLIP] wrote /project/bdoiron/dracoxu/rct-fsflow/paper_project_final/out_nofilter/stim/20201211/axes/axes_peakbin_stimC-stim-pooled-20mssw_nofilter/axes_MLIP.npz
    → winC_selected: [0.4200000000000001, 0.4700000000000001], score: 0.8546, peak@440ms (cv_auc=0.9275)
[20201211][MSC] wrote /project/bdoiron/dracoxu/rct-fsflow/paper_project_final/out_nofilter/stim/20201211/axes/axes_peakbin_stimC-stim-pooled-20mssw_nofilter/axes_MSC.npz
    → winC_selected: [0.4200000000000001, 0.4700000000000001], score: 0.8403, peak@470ms (cv_auc=0.9350)
[ok] axes_summary.json → /project/bdoiron/dracoxu/rct-fsflow/paper_project_final/out_nofilter/stim/20201211/axes/axes_peakbin_stimC-stim-pooled-20mssw_nofilter/axes_summary.json
[ok] config.json → /project/bdoiron/dracoxu/rct-fsflow/paper_project_final/out_nofilter/stim/20201211/axes/axes_peakbin_stimC-stim-pooled-20mssw_nofilter/config.json
[done] axes_peakbin_stimC-stim-pooled-20mssw_nofilter

==============================================================
[done] All axes training complete for SID=20201211
==============================================================
