[info] task=16 SID=20230710
[info] Training C on stim-aligned data for cross-alignment analysis

==================== CORRECT-ONLY: C on stim-aligned (vertical) ====================

========== Train C axes on stim-aligned (vertical, correctonly) ==========

[RUN] python cli/train_axes.py --out_root /project/bdoiron/dracoxu/rct-fsflow/paper_project_final/out --align stim --sid 20230710 --orientation vertical --features C --tag axes_peakbin_stimC-stim-vertical-20mssw --norm global --clf_binary logreg --C_grid 0.1 0.3 1 3 10 --lda_shrinkage auto --searchC --search_range_C=0.00:0.50 --search_step_ms 20 --search_len_ms 50 100 150 200 250 --search_score_mode peak_bin_auc --search_tiebreak shortest_then_earliest --search_tol 0.01 --pt_min_ms_stim 200 --sliding_window_ms 20 --sliding_step_ms 10 --correct_mode correctonly
[sliding-window] window=20.0ms (2 bins), step=10.0ms (1 bins), native=10.0ms
[20230710][SFEF] wrote /project/bdoiron/dracoxu/rct-fsflow/paper_project_final/out/stim/20230710/axes/axes_peakbin_stimC-stim-vertical-20mssw/axes_SFEF.npz
    → winC_selected: [0.36000000000000004, 0.41000000000000003], score: 0.7235, peak@410ms (cv_auc=0.7835)
[20230710][SLIP] wrote /project/bdoiron/dracoxu/rct-fsflow/paper_project_final/out/stim/20230710/axes/axes_peakbin_stimC-stim-vertical-20mssw/axes_SLIP.npz
    → winC_selected: [0.32, 0.42000000000000004], score: 0.7744, peak@380ms (cv_auc=0.9246)
[ok] axes_summary.json → /project/bdoiron/dracoxu/rct-fsflow/paper_project_final/out/stim/20230710/axes/axes_peakbin_stimC-stim-vertical-20mssw/axes_summary.json
[ok] config.json → /project/bdoiron/dracoxu/rct-fsflow/paper_project_final/out/stim/20230710/axes/axes_peakbin_stimC-stim-vertical-20mssw/config.json

========== QC for C axes (vertical, correctonly) ==========

[RUN] python cli/qc_axes.py --out_root /project/bdoiron/dracoxu/rct-fsflow/paper_project_final/out --align stim --sid 20230710 --orientation vertical --tag axes_peakbin_stimC-stim-vertical-20mssw --thr 0.60 --k 5 --pt_min_ms_stim 200 --norm auto --sliding_window_ms 20 --sliding_step_ms 10 --correct_mode correctonly
[sliding-window] window=20.0ms (2 bins), step=10.0ms (1 bins), native=10.0ms
[20230710][SFEF] wrote /project/bdoiron/dracoxu/rct-fsflow/paper_project_final/out/stim/20230710/qc/axes_peakbin_stimC-stim-vertical-20mssw/qc_axes_SFEF.pdf (+ .png, .json)   lat(ms): C=299.99999701976776, Sraw=None, Sinv=None, T=None
[20230710][SLIP] wrote /project/bdoiron/dracoxu/rct-fsflow/paper_project_final/out/stim/20230710/qc/axes_peakbin_stimC-stim-vertical-20mssw/qc_axes_SLIP.pdf (+ .png, .json)   lat(ms): C=210.00000089406967, Sraw=None, Sinv=None, T=None
[done] axes_peakbin_stimC-stim-vertical-20mssw

==================== CORRECT-ONLY: C on stim-aligned (pooled) ====================

========== Train C axes on stim-aligned (pooled, correctonly) ==========

[RUN] python cli/train_axes.py --out_root /project/bdoiron/dracoxu/rct-fsflow/paper_project_final/out --align stim --sid 20230710 --orientation pooled --features C --tag axes_peakbin_stimC-stim-pooled-20mssw --norm global --clf_binary logreg --C_grid 0.1 0.3 1 3 10 --lda_shrinkage auto --searchC --search_range_C=0.00:0.50 --search_step_ms 20 --search_len_ms 50 100 150 200 250 --search_score_mode peak_bin_auc --search_tiebreak shortest_then_earliest --search_tol 0.01 --pt_min_ms_stim 200 --sliding_window_ms 20 --sliding_step_ms 10 --correct_mode correctonly
[sliding-window] window=20.0ms (2 bins), step=10.0ms (1 bins), native=10.0ms
[20230710][SFEF] wrote /project/bdoiron/dracoxu/rct-fsflow/paper_project_final/out/stim/20230710/axes/axes_peakbin_stimC-stim-pooled-20mssw/axes_SFEF.npz
    → winC_selected: [0.36000000000000004, 0.41000000000000003], score: 0.6518, peak@410ms (cv_auc=0.6956)
[20230710][SLIP] wrote /project/bdoiron/dracoxu/rct-fsflow/paper_project_final/out/stim/20230710/axes/axes_peakbin_stimC-stim-pooled-20mssw/axes_SLIP.npz
    → winC_selected: [0.32, 0.37], score: 0.7439, peak@340ms (cv_auc=0.8199)
[ok] axes_summary.json → /project/bdoiron/dracoxu/rct-fsflow/paper_project_final/out/stim/20230710/axes/axes_peakbin_stimC-stim-pooled-20mssw/axes_summary.json
[ok] config.json → /project/bdoiron/dracoxu/rct-fsflow/paper_project_final/out/stim/20230710/axes/axes_peakbin_stimC-stim-pooled-20mssw/config.json

========== QC for C axes (pooled, correctonly) ==========

[RUN] python cli/qc_axes.py --out_root /project/bdoiron/dracoxu/rct-fsflow/paper_project_final/out --align stim --sid 20230710 --orientation pooled --tag axes_peakbin_stimC-stim-pooled-20mssw --thr 0.60 --k 5 --pt_min_ms_stim 200 --norm auto --sliding_window_ms 20 --sliding_step_ms 10 --correct_mode correctonly
[sliding-window] window=20.0ms (2 bins), step=10.0ms (1 bins), native=10.0ms
[20230710][SFEF] wrote /project/bdoiron/dracoxu/rct-fsflow/paper_project_final/out/stim/20230710/qc/axes_peakbin_stimC-stim-pooled-20mssw/qc_axes_SFEF.pdf (+ .png, .json)   lat(ms): C=319.9999928474426, Sraw=None, Sinv=None, T=None
[20230710][SLIP] wrote /project/bdoiron/dracoxu/rct-fsflow/paper_project_final/out/stim/20230710/qc/axes_peakbin_stimC-stim-pooled-20mssw/qc_axes_SLIP.pdf (+ .png, .json)   lat(ms): C=229.99999672174454, Sraw=None, Sinv=None, T=None
[done] axes_peakbin_stimC-stim-pooled-20mssw
[WARN] No stim caches in /project/bdoiron/dracoxu/rct-fsflow/paper_project_final/out_nofilter for SID=20230710 → skipping NOFILTER: C on stim-aligned (vertical)
[WARN] No stim caches in /project/bdoiron/dracoxu/rct-fsflow/paper_project_final/out_nofilter for SID=20230710 → skipping NOFILTER: C on stim-aligned (pooled)

[done] Stim C axes training complete for SID=20230710
