==============================================================
TRAIN AXES FOR ALL FOUR CASES - Session 20231205
Filter mode: both
==============================================================

==============================================================
TRAINING AXES - CORRECT-ONLY (out/)
==============================================================
[skip] Case i: Sacc C+S, horizontal (correct-only) - already exists
[skip] Case ii: Sacc C+S, pooled (correct-only) - already exists
[skip] Case iii: Stim C, vertical (correct-only) - already exists
[skip] Case iv: Stim C, pooled (correct-only) - already exists

==============================================================
TRAINING AXES - ALL-TRIALS (out_nofilter/)
==============================================================
[skip] Case i: Sacc C+S, horizontal (all-trials) - already exists

------------------------------------------------------------
[train] Case ii: Sacc C+S, pooled (all-trials)
  Align: sacc, Features: C S, Orientation: pooled
  Tag: axes_peakbin_saccCS-sacc-pooled-20mssw_nofilter
  OUT_ROOT: /project/bdoiron/dracoxu/rct-fsflow/paper_project_final/out_nofilter
------------------------------------------------------------
[sliding-window] window=20.0ms (4 bins), step=10.0ms (2 bins), native=5.0ms
[20231205][SFEF] wrote /project/bdoiron/dracoxu/rct-fsflow/paper_project_final/out_nofilter/sacc/20231205/axes/axes_peakbin_saccCS-sacc-pooled-20mssw_nofilter/axes_SFEF.npz
    → winC_selected: [-0.08, -0.05], score: 0.7935, peak@-60ms (cv_auc=0.7898)
[20231205][SLIP] wrote /project/bdoiron/dracoxu/rct-fsflow/paper_project_final/out_nofilter/sacc/20231205/axes/axes_peakbin_saccCS-sacc-pooled-20mssw_nofilter/axes_SLIP.npz
    → winC_selected: [-0.1, -0.07], score: 0.6367, peak@-70ms (cv_auc=0.6503)
[20231205][SSC] wrote /project/bdoiron/dracoxu/rct-fsflow/paper_project_final/out_nofilter/sacc/20231205/axes/axes_peakbin_saccCS-sacc-pooled-20mssw_nofilter/axes_SSC.npz
    → winC_selected: [-0.16, -0.06], score: 0.6653, peak@-150ms (cv_auc=0.6673)
[ok] axes_summary.json → /project/bdoiron/dracoxu/rct-fsflow/paper_project_final/out_nofilter/sacc/20231205/axes/axes_peakbin_saccCS-sacc-pooled-20mssw_nofilter/axes_summary.json
[ok] config.json → /project/bdoiron/dracoxu/rct-fsflow/paper_project_final/out_nofilter/sacc/20231205/axes/axes_peakbin_saccCS-sacc-pooled-20mssw_nofilter/config.json
[done] axes_peakbin_saccCS-sacc-pooled-20mssw_nofilter

------------------------------------------------------------
[train] Case iii: Stim C, vertical (all-trials)
  Align: stim, Features: C, Orientation: vertical
  Tag: axes_peakbin_stimC-stim-vertical-20mssw_nofilter
  OUT_ROOT: /project/bdoiron/dracoxu/rct-fsflow/paper_project_final/out_nofilter
------------------------------------------------------------
[sliding-window] window=20.0ms (2 bins), step=10.0ms (1 bins), native=10.0ms
[20231205][SFEF] wrote /project/bdoiron/dracoxu/rct-fsflow/paper_project_final/out_nofilter/stim/20231205/axes/axes_peakbin_stimC-stim-vertical-20mssw_nofilter/axes_SFEF.npz
    → winC_selected: [0.3, 0.32999999999999996], score: 0.8730, peak@330ms (cv_auc=0.8701)
[20231205][SLIP] wrote /project/bdoiron/dracoxu/rct-fsflow/paper_project_final/out_nofilter/stim/20231205/axes/axes_peakbin_stimC-stim-vertical-20mssw_nofilter/axes_SLIP.npz
    → winC_selected: [0.34, 0.37], score: 0.7320, peak@360ms (cv_auc=0.7031)
[20231205][SSC] wrote /project/bdoiron/dracoxu/rct-fsflow/paper_project_final/out_nofilter/stim/20231205/axes/axes_peakbin_stimC-stim-vertical-20mssw_nofilter/axes_SSC.npz
    → winC_selected: [0.46000000000000013, 0.4900000000000001], score: 0.7371, peak@470ms (cv_auc=0.7651)
[ok] axes_summary.json → /project/bdoiron/dracoxu/rct-fsflow/paper_project_final/out_nofilter/stim/20231205/axes/axes_peakbin_stimC-stim-vertical-20mssw_nofilter/axes_summary.json
[ok] config.json → /project/bdoiron/dracoxu/rct-fsflow/paper_project_final/out_nofilter/stim/20231205/axes/axes_peakbin_stimC-stim-vertical-20mssw_nofilter/config.json
[done] axes_peakbin_stimC-stim-vertical-20mssw_nofilter

------------------------------------------------------------
[train] Case iv: Stim C, pooled (all-trials)
  Align: stim, Features: C, Orientation: pooled
  Tag: axes_peakbin_stimC-stim-pooled-20mssw_nofilter
  OUT_ROOT: /project/bdoiron/dracoxu/rct-fsflow/paper_project_final/out_nofilter
------------------------------------------------------------
[sliding-window] window=20.0ms (2 bins), step=10.0ms (1 bins), native=10.0ms
[20231205][SFEF] wrote /project/bdoiron/dracoxu/rct-fsflow/paper_project_final/out_nofilter/stim/20231205/axes/axes_peakbin_stimC-stim-pooled-20mssw_nofilter/axes_SFEF.npz
    → winC_selected: [0.3, 0.32999999999999996], score: 0.8514, peak@330ms (cv_auc=0.8603)
[20231205][SLIP] wrote /project/bdoiron/dracoxu/rct-fsflow/paper_project_final/out_nofilter/stim/20231205/axes/axes_peakbin_stimC-stim-pooled-20mssw_nofilter/axes_SLIP.npz
    → winC_selected: [0.3, 0.4], score: 0.7084, peak@360ms (cv_auc=0.7079)
[20231205][SSC] wrote /project/bdoiron/dracoxu/rct-fsflow/paper_project_final/out_nofilter/stim/20231205/axes/axes_peakbin_stimC-stim-pooled-20mssw_nofilter/axes_SSC.npz
    → winC_selected: [0.34, 0.49], score: 0.7263, peak@390ms (cv_auc=0.7294)
[ok] axes_summary.json → /project/bdoiron/dracoxu/rct-fsflow/paper_project_final/out_nofilter/stim/20231205/axes/axes_peakbin_stimC-stim-pooled-20mssw_nofilter/axes_summary.json
[ok] config.json → /project/bdoiron/dracoxu/rct-fsflow/paper_project_final/out_nofilter/stim/20231205/axes/axes_peakbin_stimC-stim-pooled-20mssw_nofilter/config.json
[done] axes_peakbin_stimC-stim-pooled-20mssw_nofilter

==============================================================
[done] All axes training complete for SID=20231205
==============================================================
