[info] task=20 SID=20231121
[info] Training C on stim-aligned data for cross-alignment analysis

==================== CORRECT-ONLY: C on stim-aligned (vertical) ====================

========== Train C axes on stim-aligned (vertical, correctonly) ==========

[RUN] python cli/train_axes.py --out_root /project/bdoiron/dracoxu/rct-fsflow/paper_project_final/out --align stim --sid 20231121 --orientation vertical --features C --tag axes_peakbin_stimC-stim-vertical-20mssw --norm global --clf_binary logreg --C_grid 0.1 0.3 1 3 10 --lda_shrinkage auto --searchC --search_range_C=0.00:0.50 --search_step_ms 20 --search_len_ms 50 100 150 200 250 --search_score_mode peak_bin_auc --search_tiebreak shortest_then_earliest --search_tol 0.01 --pt_min_ms_stim 200 --sliding_window_ms 20 --sliding_step_ms 10 --correct_mode correctonly
[sliding-window] window=20.0ms (2 bins), step=10.0ms (1 bins), native=10.0ms
[20231121][SFEF] wrote /project/bdoiron/dracoxu/rct-fsflow/paper_project_final/out/stim/20231121/axes/axes_peakbin_stimC-stim-vertical-20mssw/axes_SFEF.npz
    → winC_selected: [0.3, 0.35], score: 0.8965, peak@350ms (cv_auc=0.9728)
[20231121][SLIP] wrote /project/bdoiron/dracoxu/rct-fsflow/paper_project_final/out/stim/20231121/axes/axes_peakbin_stimC-stim-vertical-20mssw/axes_SLIP.npz
    → winC_selected: [0.3, 0.4], score: 0.6755, peak@390ms (cv_auc=0.7325)
[20231121][SSC] wrote /project/bdoiron/dracoxu/rct-fsflow/paper_project_final/out/stim/20231121/axes/axes_peakbin_stimC-stim-vertical-20mssw/axes_SSC.npz
    → winC_selected: [0.32, 0.42000000000000004], score: 0.7773, peak@350ms (cv_auc=0.9292)
[ok] axes_summary.json → /project/bdoiron/dracoxu/rct-fsflow/paper_project_final/out/stim/20231121/axes/axes_peakbin_stimC-stim-vertical-20mssw/axes_summary.json
[ok] config.json → /project/bdoiron/dracoxu/rct-fsflow/paper_project_final/out/stim/20231121/axes/axes_peakbin_stimC-stim-vertical-20mssw/config.json

========== QC for C axes (vertical, correctonly) ==========

[RUN] python cli/qc_axes.py --out_root /project/bdoiron/dracoxu/rct-fsflow/paper_project_final/out --align stim --sid 20231121 --orientation vertical --tag axes_peakbin_stimC-stim-vertical-20mssw --thr 0.60 --k 5 --pt_min_ms_stim 200 --norm auto --sliding_window_ms 20 --sliding_step_ms 10 --correct_mode correctonly
[sliding-window] window=20.0ms (2 bins), step=10.0ms (1 bins), native=10.0ms
[20231121][SFEF] wrote /project/bdoiron/dracoxu/rct-fsflow/paper_project_final/out/stim/20231121/qc/axes_peakbin_stimC-stim-vertical-20mssw/qc_axes_SFEF.pdf (+ .png, .json)   lat(ms): C=179.99999970197678, Sraw=None, Sinv=None, T=None
[20231121][SLIP] wrote /project/bdoiron/dracoxu/rct-fsflow/paper_project_final/out/stim/20231121/qc/axes_peakbin_stimC-stim-vertical-20mssw/qc_axes_SLIP.pdf (+ .png, .json)   lat(ms): C=299.99999701976776, Sraw=None, Sinv=None, T=None
[20231121][SSC] wrote /project/bdoiron/dracoxu/rct-fsflow/paper_project_final/out/stim/20231121/qc/axes_peakbin_stimC-stim-vertical-20mssw/qc_axes_SSC.pdf (+ .png, .json)   lat(ms): C=179.99999970197678, Sraw=None, Sinv=None, T=None
[done] axes_peakbin_stimC-stim-vertical-20mssw

==================== CORRECT-ONLY: C on stim-aligned (pooled) ====================

========== Train C axes on stim-aligned (pooled, correctonly) ==========

[RUN] python cli/train_axes.py --out_root /project/bdoiron/dracoxu/rct-fsflow/paper_project_final/out --align stim --sid 20231121 --orientation pooled --features C --tag axes_peakbin_stimC-stim-pooled-20mssw --norm global --clf_binary logreg --C_grid 0.1 0.3 1 3 10 --lda_shrinkage auto --searchC --search_range_C=0.00:0.50 --search_step_ms 20 --search_len_ms 50 100 150 200 250 --search_score_mode peak_bin_auc --search_tiebreak shortest_then_earliest --search_tol 0.01 --pt_min_ms_stim 200 --sliding_window_ms 20 --sliding_step_ms 10 --correct_mode correctonly
[sliding-window] window=20.0ms (2 bins), step=10.0ms (1 bins), native=10.0ms
[20231121][SFEF] wrote /project/bdoiron/dracoxu/rct-fsflow/paper_project_final/out/stim/20231121/axes/axes_peakbin_stimC-stim-pooled-20mssw/axes_SFEF.npz
    → winC_selected: [0.21999999999999997, 0.26999999999999996], score: 0.8612, peak@260ms (cv_auc=0.9242)
[20231121][SLIP] wrote /project/bdoiron/dracoxu/rct-fsflow/paper_project_final/out/stim/20231121/axes/axes_peakbin_stimC-stim-pooled-20mssw/axes_SLIP.npz
    → winC_selected: [0.27999999999999997, 0.38], score: 0.6443, peak@380ms (cv_auc=0.6663)
[20231121][SSC] wrote /project/bdoiron/dracoxu/rct-fsflow/paper_project_final/out/stim/20231121/axes/axes_peakbin_stimC-stim-pooled-20mssw/axes_SSC.npz
    → winC_selected: [0.34, 0.39], score: 0.7271, peak@350ms (cv_auc=0.8371)
[ok] axes_summary.json → /project/bdoiron/dracoxu/rct-fsflow/paper_project_final/out/stim/20231121/axes/axes_peakbin_stimC-stim-pooled-20mssw/axes_summary.json
[ok] config.json → /project/bdoiron/dracoxu/rct-fsflow/paper_project_final/out/stim/20231121/axes/axes_peakbin_stimC-stim-pooled-20mssw/config.json

========== QC for C axes (pooled, correctonly) ==========

[RUN] python cli/qc_axes.py --out_root /project/bdoiron/dracoxu/rct-fsflow/paper_project_final/out --align stim --sid 20231121 --orientation pooled --tag axes_peakbin_stimC-stim-pooled-20mssw --thr 0.60 --k 5 --pt_min_ms_stim 200 --norm auto --sliding_window_ms 20 --sliding_step_ms 10 --correct_mode correctonly
[sliding-window] window=20.0ms (2 bins), step=10.0ms (1 bins), native=10.0ms
[20231121][SFEF] wrote /project/bdoiron/dracoxu/rct-fsflow/paper_project_final/out/stim/20231121/qc/axes_peakbin_stimC-stim-pooled-20mssw/qc_axes_SFEF.pdf (+ .png, .json)   lat(ms): C=160.0000038743019, Sraw=None, Sinv=None, T=None
[20231121][SLIP] wrote /project/bdoiron/dracoxu/rct-fsflow/paper_project_final/out/stim/20231121/qc/axes_peakbin_stimC-stim-pooled-20mssw/qc_axes_SLIP.pdf (+ .png, .json)   lat(ms): C=None, Sraw=None, Sinv=None, T=None
[20231121][SSC] wrote /project/bdoiron/dracoxu/rct-fsflow/paper_project_final/out/stim/20231121/qc/axes_peakbin_stimC-stim-pooled-20mssw/qc_axes_SSC.pdf (+ .png, .json)   lat(ms): C=219.9999988079071, Sraw=None, Sinv=None, T=None
[done] axes_peakbin_stimC-stim-pooled-20mssw
[WARN] No stim caches in /project/bdoiron/dracoxu/rct-fsflow/paper_project_final/out_nofilter for SID=20231121 → skipping NOFILTER: C on stim-aligned (vertical)
[WARN] No stim caches in /project/bdoiron/dracoxu/rct-fsflow/paper_project_final/out_nofilter for SID=20231121 → skipping NOFILTER: C on stim-aligned (pooled)

[done] Stim C axes training complete for SID=20231121
