[info] task=17 SID=20231025
[info] Training C+S on sacc-aligned data (POOLED orientation)

==================== CORRECT-ONLY: Train C+S on sacc-aligned (pooled) ====================

========== Train C+S axes on sacc-aligned (correct-only, pooled) ==========

[RUN] python cli/train_axes.py --out_root /project/bdoiron/dracoxu/rct-fsflow/paper_project_final/out --align sacc --sid 20231025 --orientation pooled --features C S --tag axes_peakbin_saccCS-sacc-pooled-20mssw --norm global --clf_binary logreg --C_grid 0.1 0.3 1 3 10 --lda_shrinkage auto --searchC --searchS --search_range_C=-0.30:-0.05 --search_range_S=-0.20:0.05 --search_step_ms 20 --search_len_ms 50 100 150 200 250 --search_score_mode peak_bin_auc --search_tiebreak shortest_then_closest0 --search_tol 0.01 --pt_min_ms_sacc 200 --sliding_window_ms 20 --sliding_step_ms 10 --correct_mode correctonly
[sliding-window] window=20.0ms (4 bins), step=10.0ms (2 bins), native=5.0ms
[20231025][SFEF] wrote /project/bdoiron/dracoxu/rct-fsflow/paper_project_final/out/sacc/20231025/axes/axes_peakbin_saccCS-sacc-pooled-20mssw/axes_SFEF.npz
    → winC_selected: [-0.1, -0.05], score: 0.6643, peak@-60ms (cv_auc=0.7307)
[20231025][SLIP] wrote /project/bdoiron/dracoxu/rct-fsflow/paper_project_final/out/sacc/20231025/axes/axes_peakbin_saccCS-sacc-pooled-20mssw/axes_SLIP.npz
    → winC_selected: [-0.16, -0.11], score: 0.5740, peak@-120ms (cv_auc=0.5644)
[20231025][SSC] wrote /project/bdoiron/dracoxu/rct-fsflow/paper_project_final/out/sacc/20231025/axes/axes_peakbin_saccCS-sacc-pooled-20mssw/axes_SSC.npz
    → winC_selected: [-0.1, -0.05], score: 0.6120, peak@-70ms (cv_auc=0.6720)
[ok] axes_summary.json → /project/bdoiron/dracoxu/rct-fsflow/paper_project_final/out/sacc/20231025/axes/axes_peakbin_saccCS-sacc-pooled-20mssw/axes_summary.json
[ok] config.json → /project/bdoiron/dracoxu/rct-fsflow/paper_project_final/out/sacc/20231025/axes/axes_peakbin_saccCS-sacc-pooled-20mssw/config.json

========== QC for C+S axes (correct-only, pooled) ==========

[RUN] python cli/qc_axes.py --out_root /project/bdoiron/dracoxu/rct-fsflow/paper_project_final/out --align sacc --sid 20231025 --orientation pooled --tag axes_peakbin_saccCS-sacc-pooled-20mssw --thr 0.60 --k 5 --pt_min_ms_sacc 200 --norm auto --sliding_window_ms 20 --sliding_step_ms 10 --correct_mode correctonly
[sliding-window] window=20.0ms (4 bins), step=10.0ms (2 bins), native=5.0ms
[20231025][SFEF] wrote /project/bdoiron/dracoxu/rct-fsflow/paper_project_final/out/sacc/20231025/qc/axes_peakbin_saccCS-sacc-pooled-20mssw/qc_axes_SFEF.pdf (+ .png, .json)   lat(ms): C=-129.99999895691872, Sraw=None, Sinv=None, T=None
[20231025][SLIP] wrote /project/bdoiron/dracoxu/rct-fsflow/paper_project_final/out/sacc/20231025/qc/axes_peakbin_saccCS-sacc-pooled-20mssw/qc_axes_SLIP.pdf (+ .png, .json)   lat(ms): C=None, Sraw=-49.999999813735485, Sinv=-49.999999813735485, T=None
[20231025][SSC] wrote /project/bdoiron/dracoxu/rct-fsflow/paper_project_final/out/sacc/20231025/qc/axes_peakbin_saccCS-sacc-pooled-20mssw/qc_axes_SSC.pdf (+ .png, .json)   lat(ms): C=-99.99999962747097, Sraw=-70.00000029802322, Sinv=-70.00000029802322, T=None
[WARN] No sacc caches in /project/bdoiron/dracoxu/rct-fsflow/paper_project_final/out_nofilter for SID=20231025

[done] C+S axes training (pooled) complete for SID=20231025
