[info] task=7 SID=20201001
[info] Training C+S on sacc-aligned data (POOLED orientation)

==================== CORRECT-ONLY: Train C+S on sacc-aligned (pooled) ====================

========== Train C+S axes on sacc-aligned (correct-only, pooled) ==========

[RUN] python cli/train_axes.py --out_root /project/bdoiron/dracoxu/rct-fsflow/paper_project_final/out --align sacc --sid 20201001 --orientation pooled --features C S --tag axes_peakbin_saccCS-sacc-pooled-20mssw --norm global --clf_binary logreg --C_grid 0.1 0.3 1 3 10 --lda_shrinkage auto --searchC --searchS --search_range_C=-0.30:-0.05 --search_range_S=-0.20:0.05 --search_step_ms 20 --search_len_ms 50 100 150 200 250 --search_score_mode peak_bin_auc --search_tiebreak shortest_then_closest0 --search_tol 0.01 --pt_min_ms_sacc 200 --sliding_window_ms 20 --sliding_step_ms 10 --correct_mode correctonly
[sliding-window] window=20.0ms (4 bins), step=10.0ms (2 bins), native=5.0ms
[20201001][MFEF] wrote /project/bdoiron/dracoxu/rct-fsflow/paper_project_final/out/sacc/20201001/axes/axes_peakbin_saccCS-sacc-pooled-20mssw/axes_MFEF.npz
    → winC_selected: [-0.1, -0.05], score: 0.8973, peak@-60ms (cv_auc=0.9417)
[20201001][MLIP] wrote /project/bdoiron/dracoxu/rct-fsflow/paper_project_final/out/sacc/20201001/axes/axes_peakbin_saccCS-sacc-pooled-20mssw/axes_MLIP.npz
    → winC_selected: [-0.12000000000000001, -0.07], score: 0.6900, peak@-80ms (cv_auc=0.7567)
[20201001][MSC] wrote /project/bdoiron/dracoxu/rct-fsflow/paper_project_final/out/sacc/20201001/axes/axes_peakbin_saccCS-sacc-pooled-20mssw/axes_MSC.npz
    → winC_selected: [-0.1, -0.05], score: 0.6461, peak@-70ms (cv_auc=0.6976)
[ok] axes_summary.json → /project/bdoiron/dracoxu/rct-fsflow/paper_project_final/out/sacc/20201001/axes/axes_peakbin_saccCS-sacc-pooled-20mssw/axes_summary.json
[ok] config.json → /project/bdoiron/dracoxu/rct-fsflow/paper_project_final/out/sacc/20201001/axes/axes_peakbin_saccCS-sacc-pooled-20mssw/config.json

========== QC for C+S axes (correct-only, pooled) ==========

[RUN] python cli/qc_axes.py --out_root /project/bdoiron/dracoxu/rct-fsflow/paper_project_final/out --align sacc --sid 20201001 --orientation pooled --tag axes_peakbin_saccCS-sacc-pooled-20mssw --thr 0.60 --k 5 --pt_min_ms_sacc 200 --norm auto --sliding_window_ms 20 --sliding_step_ms 10 --correct_mode correctonly
[sliding-window] window=20.0ms (4 bins), step=10.0ms (2 bins), native=5.0ms
[20201001][MFEF] wrote /project/bdoiron/dracoxu/rct-fsflow/paper_project_final/out/sacc/20201001/qc/axes_peakbin_saccCS-sacc-pooled-20mssw/qc_axes_MFEF.pdf (+ .png, .json)   lat(ms): C=-139.99999687075615, Sraw=-109.99999940395355, Sinv=-109.99999940395355, T=None
[20201001][MLIP] wrote /project/bdoiron/dracoxu/rct-fsflow/paper_project_final/out/sacc/20201001/qc/axes_peakbin_saccCS-sacc-pooled-20mssw/qc_axes_MLIP.pdf (+ .png, .json)   lat(ms): C=-149.99999850988388, Sraw=-10.000000009313226, Sinv=-10.000000009313226, T=None
[20201001][MSC] wrote /project/bdoiron/dracoxu/rct-fsflow/paper_project_final/out/sacc/20201001/qc/axes_peakbin_saccCS-sacc-pooled-20mssw/qc_axes_MSC.pdf (+ .png, .json)   lat(ms): C=-109.99999940395355, Sraw=-70.00000029802322, Sinv=-70.00000029802322, T=None
[WARN] No sacc caches in /project/bdoiron/dracoxu/rct-fsflow/paper_project_final/out_nofilter for SID=20201001

[done] C+S axes training (pooled) complete for SID=20201001
