==============================================================
TRAIN AXES FOR ALL FOUR CASES - Session 20201216
Filter mode: both
==============================================================

==============================================================
TRAINING AXES - CORRECT-ONLY (out/)
==============================================================
[skip] Case i: Sacc C+S, horizontal (correct-only) - already exists
[skip] Case ii: Sacc C+S, pooled (correct-only) - already exists
[skip] Case iii: Stim C, vertical (correct-only) - already exists
[skip] Case iv: Stim C, pooled (correct-only) - already exists

==============================================================
TRAINING AXES - ALL-TRIALS (out_nofilter/)
==============================================================
[skip] Case i: Sacc C+S, horizontal (all-trials) - already exists

------------------------------------------------------------
[train] Case ii: Sacc C+S, pooled (all-trials)
  Align: sacc, Features: C S, Orientation: pooled
  Tag: axes_peakbin_saccCS-sacc-pooled-20mssw_nofilter
  OUT_ROOT: /project/bdoiron/dracoxu/rct-fsflow/paper_project_final/out_nofilter
------------------------------------------------------------
[sliding-window] window=20.0ms (4 bins), step=10.0ms (2 bins), native=5.0ms
[20201216][MFEF] wrote /project/bdoiron/dracoxu/rct-fsflow/paper_project_final/out_nofilter/sacc/20201216/axes/axes_peakbin_saccCS-sacc-pooled-20mssw_nofilter/axes_MFEF.npz
    → winC_selected: [-0.08, -0.05], score: 0.8336, peak@-60ms (cv_auc=0.8546)
[20201216][MLIP] wrote /project/bdoiron/dracoxu/rct-fsflow/paper_project_final/out_nofilter/sacc/20201216/axes/axes_peakbin_saccCS-sacc-pooled-20mssw_nofilter/axes_MLIP.npz
    → winC_selected: [-0.1, -0.05], score: 0.6652, peak@-60ms (cv_auc=0.7064)
[20201216][MSC] wrote /project/bdoiron/dracoxu/rct-fsflow/paper_project_final/out_nofilter/sacc/20201216/axes/axes_peakbin_saccCS-sacc-pooled-20mssw_nofilter/axes_MSC.npz
    → winC_selected: [-0.16, -0.13], score: 0.6440, peak@-140ms (cv_auc=0.6701)
[ok] axes_summary.json → /project/bdoiron/dracoxu/rct-fsflow/paper_project_final/out_nofilter/sacc/20201216/axes/axes_peakbin_saccCS-sacc-pooled-20mssw_nofilter/axes_summary.json
[ok] config.json → /project/bdoiron/dracoxu/rct-fsflow/paper_project_final/out_nofilter/sacc/20201216/axes/axes_peakbin_saccCS-sacc-pooled-20mssw_nofilter/config.json
[done] axes_peakbin_saccCS-sacc-pooled-20mssw_nofilter

------------------------------------------------------------
[train] Case iii: Stim C, vertical (all-trials)
  Align: stim, Features: C, Orientation: vertical
  Tag: axes_peakbin_stimC-stim-vertical-20mssw_nofilter
  OUT_ROOT: /project/bdoiron/dracoxu/rct-fsflow/paper_project_final/out_nofilter
------------------------------------------------------------
[sliding-window] window=20.0ms (2 bins), step=10.0ms (1 bins), native=10.0ms
[20201216][MFEF] wrote /project/bdoiron/dracoxu/rct-fsflow/paper_project_final/out_nofilter/stim/20201216/axes/axes_peakbin_stimC-stim-vertical-20mssw_nofilter/axes_MFEF.npz
    → winC_selected: [0.21999999999999997, 0.24999999999999997], score: 0.9377, peak@230ms (cv_auc=0.9565)
[20201216][MLIP] wrote /project/bdoiron/dracoxu/rct-fsflow/paper_project_final/out_nofilter/stim/20201216/axes/axes_peakbin_stimC-stim-vertical-20mssw_nofilter/axes_MLIP.npz
    → winC_selected: [0.4400000000000001, 0.4700000000000001], score: 0.9452, peak@470ms (cv_auc=0.9631)
[20201216][MSC] wrote /project/bdoiron/dracoxu/rct-fsflow/paper_project_final/out_nofilter/stim/20201216/axes/axes_peakbin_stimC-stim-vertical-20mssw_nofilter/axes_MSC.npz
    → winC_selected: [0.34, 0.37], score: 0.6873, peak@340ms (cv_auc=0.7077)
[ok] axes_summary.json → /project/bdoiron/dracoxu/rct-fsflow/paper_project_final/out_nofilter/stim/20201216/axes/axes_peakbin_stimC-stim-vertical-20mssw_nofilter/axes_summary.json
[ok] config.json → /project/bdoiron/dracoxu/rct-fsflow/paper_project_final/out_nofilter/stim/20201216/axes/axes_peakbin_stimC-stim-vertical-20mssw_nofilter/config.json
[done] axes_peakbin_stimC-stim-vertical-20mssw_nofilter

------------------------------------------------------------
[train] Case iv: Stim C, pooled (all-trials)
  Align: stim, Features: C, Orientation: pooled
  Tag: axes_peakbin_stimC-stim-pooled-20mssw_nofilter
  OUT_ROOT: /project/bdoiron/dracoxu/rct-fsflow/paper_project_final/out_nofilter
------------------------------------------------------------
[sliding-window] window=20.0ms (2 bins), step=10.0ms (1 bins), native=10.0ms
[20201216][MFEF] wrote /project/bdoiron/dracoxu/rct-fsflow/paper_project_final/out_nofilter/stim/20201216/axes/axes_peakbin_stimC-stim-pooled-20mssw_nofilter/axes_MFEF.npz
    → winC_selected: [0.25999999999999995, 0.2899999999999999], score: 0.8988, peak@270ms (cv_auc=0.9304)
[20201216][MLIP] wrote /project/bdoiron/dracoxu/rct-fsflow/paper_project_final/out_nofilter/stim/20201216/axes/axes_peakbin_stimC-stim-pooled-20mssw_nofilter/axes_MLIP.npz
    → winC_selected: [0.4400000000000001, 0.4700000000000001], score: 0.8598, peak@460ms (cv_auc=0.9117)
[20201216][MSC] wrote /project/bdoiron/dracoxu/rct-fsflow/paper_project_final/out_nofilter/stim/20201216/axes/axes_peakbin_stimC-stim-pooled-20mssw_nofilter/axes_MSC.npz
    → winC_selected: [0.08, 0.11], score: 0.7034, peak@100ms (cv_auc=0.8017)
[ok] axes_summary.json → /project/bdoiron/dracoxu/rct-fsflow/paper_project_final/out_nofilter/stim/20201216/axes/axes_peakbin_stimC-stim-pooled-20mssw_nofilter/axes_summary.json
[ok] config.json → /project/bdoiron/dracoxu/rct-fsflow/paper_project_final/out_nofilter/stim/20201216/axes/axes_peakbin_stimC-stim-pooled-20mssw_nofilter/config.json
[done] axes_peakbin_stimC-stim-pooled-20mssw_nofilter

==============================================================
[done] All axes training complete for SID=20201216
==============================================================
