[info] task=6 SID=20200929
[info] Training C on stim-aligned data for cross-alignment analysis

==================== CORRECT-ONLY: C on stim-aligned (vertical) ====================

========== Train C axes on stim-aligned (vertical, correctonly) ==========

[RUN] python cli/train_axes.py --out_root /project/bdoiron/dracoxu/rct-fsflow/paper_project_final/out --align stim --sid 20200929 --orientation vertical --features C --tag axes_peakbin_stimC-stim-vertical-20mssw --norm global --clf_binary logreg --C_grid 0.1 0.3 1 3 10 --lda_shrinkage auto --searchC --search_range_C=0.00:0.50 --search_step_ms 20 --search_len_ms 50 100 150 200 250 --search_score_mode peak_bin_auc --search_tiebreak shortest_then_earliest --search_tol 0.01 --pt_min_ms_stim 200 --sliding_window_ms 20 --sliding_step_ms 10 --correct_mode correctonly
[sliding-window] window=20.0ms (2 bins), step=10.0ms (1 bins), native=10.0ms
[20200929][MFEF] wrote /project/bdoiron/dracoxu/rct-fsflow/paper_project_final/out/stim/20200929/axes/axes_peakbin_stimC-stim-vertical-20mssw/axes_MFEF.npz
    → winC_selected: [0.27999999999999997, 0.32999999999999996], score: 0.9927, peak@320ms (cv_auc=0.9993)
[20200929][MLIP] wrote /project/bdoiron/dracoxu/rct-fsflow/paper_project_final/out/stim/20200929/axes/axes_peakbin_stimC-stim-vertical-20mssw/axes_MLIP.npz
    → winC_selected: [0.4200000000000001, 0.4700000000000001], score: 0.8885, peak@420ms (cv_auc=0.9587)
[20200929][MSC] wrote /project/bdoiron/dracoxu/rct-fsflow/paper_project_final/out/stim/20200929/axes/axes_peakbin_stimC-stim-vertical-20mssw/axes_MSC.npz
    → winC_selected: [0.08, 0.13], score: 0.6169, peak@110ms (cv_auc=0.5747)
[ok] axes_summary.json → /project/bdoiron/dracoxu/rct-fsflow/paper_project_final/out/stim/20200929/axes/axes_peakbin_stimC-stim-vertical-20mssw/axes_summary.json
[ok] config.json → /project/bdoiron/dracoxu/rct-fsflow/paper_project_final/out/stim/20200929/axes/axes_peakbin_stimC-stim-vertical-20mssw/config.json

========== QC for C axes (vertical, correctonly) ==========

[RUN] python cli/qc_axes.py --out_root /project/bdoiron/dracoxu/rct-fsflow/paper_project_final/out --align stim --sid 20200929 --orientation vertical --tag axes_peakbin_stimC-stim-vertical-20mssw --thr 0.60 --k 5 --pt_min_ms_stim 200 --norm auto --sliding_window_ms 20 --sliding_step_ms 10 --correct_mode correctonly
[sliding-window] window=20.0ms (2 bins), step=10.0ms (1 bins), native=10.0ms
[20200929][MFEF] wrote /project/bdoiron/dracoxu/rct-fsflow/paper_project_final/out/stim/20200929/qc/axes_peakbin_stimC-stim-vertical-20mssw/qc_axes_MFEF.pdf (+ .png, .json)   lat(ms): C=140.00000059604645, Sraw=None, Sinv=None, T=None
[20200929][MLIP] wrote /project/bdoiron/dracoxu/rct-fsflow/paper_project_final/out/stim/20200929/qc/axes_peakbin_stimC-stim-vertical-20mssw/qc_axes_MLIP.pdf (+ .png, .json)   lat(ms): C=310.0000023841858, Sraw=None, Sinv=None, T=None
[20200929][MSC] wrote /project/bdoiron/dracoxu/rct-fsflow/paper_project_final/out/stim/20200929/qc/axes_peakbin_stimC-stim-vertical-20mssw/qc_axes_MSC.pdf (+ .png, .json)   lat(ms): C=None, Sraw=None, Sinv=None, T=None
[done] axes_peakbin_stimC-stim-vertical-20mssw

==================== CORRECT-ONLY: C on stim-aligned (pooled) ====================

========== Train C axes on stim-aligned (pooled, correctonly) ==========

[RUN] python cli/train_axes.py --out_root /project/bdoiron/dracoxu/rct-fsflow/paper_project_final/out --align stim --sid 20200929 --orientation pooled --features C --tag axes_peakbin_stimC-stim-pooled-20mssw --norm global --clf_binary logreg --C_grid 0.1 0.3 1 3 10 --lda_shrinkage auto --searchC --search_range_C=0.00:0.50 --search_step_ms 20 --search_len_ms 50 100 150 200 250 --search_score_mode peak_bin_auc --search_tiebreak shortest_then_earliest --search_tol 0.01 --pt_min_ms_stim 200 --sliding_window_ms 20 --sliding_step_ms 10 --correct_mode correctonly
[sliding-window] window=20.0ms (2 bins), step=10.0ms (1 bins), native=10.0ms
[20200929][MFEF] wrote /project/bdoiron/dracoxu/rct-fsflow/paper_project_final/out/stim/20200929/axes/axes_peakbin_stimC-stim-pooled-20mssw/axes_MFEF.npz
    → winC_selected: [0.25999999999999995, 0.30999999999999994], score: 0.9123, peak@290ms (cv_auc=0.9667)
[20200929][MLIP] wrote /project/bdoiron/dracoxu/rct-fsflow/paper_project_final/out/stim/20200929/axes/axes_peakbin_stimC-stim-pooled-20mssw/axes_MLIP.npz
    → winC_selected: [0.38000000000000006, 0.43000000000000005], score: 0.8466, peak@420ms (cv_auc=0.8831)
[20200929][MSC] wrote /project/bdoiron/dracoxu/rct-fsflow/paper_project_final/out/stim/20200929/axes/axes_peakbin_stimC-stim-pooled-20mssw/axes_MSC.npz
    → winC_selected: [0.34, 0.39], score: 0.5934, peak@340ms (cv_auc=0.5368)
[ok] axes_summary.json → /project/bdoiron/dracoxu/rct-fsflow/paper_project_final/out/stim/20200929/axes/axes_peakbin_stimC-stim-pooled-20mssw/axes_summary.json
[ok] config.json → /project/bdoiron/dracoxu/rct-fsflow/paper_project_final/out/stim/20200929/axes/axes_peakbin_stimC-stim-pooled-20mssw/config.json

========== QC for C axes (pooled, correctonly) ==========

[RUN] python cli/qc_axes.py --out_root /project/bdoiron/dracoxu/rct-fsflow/paper_project_final/out --align stim --sid 20200929 --orientation pooled --tag axes_peakbin_stimC-stim-pooled-20mssw --thr 0.60 --k 5 --pt_min_ms_stim 200 --norm auto --sliding_window_ms 20 --sliding_step_ms 10 --correct_mode correctonly
[sliding-window] window=20.0ms (2 bins), step=10.0ms (1 bins), native=10.0ms
[20200929][MFEF] wrote /project/bdoiron/dracoxu/rct-fsflow/paper_project_final/out/stim/20200929/qc/axes_peakbin_stimC-stim-pooled-20mssw/qc_axes_MFEF.pdf (+ .png, .json)   lat(ms): C=140.00000059604645, Sraw=None, Sinv=None, T=None
[20200929][MLIP] wrote /project/bdoiron/dracoxu/rct-fsflow/paper_project_final/out/stim/20200929/qc/axes_peakbin_stimC-stim-pooled-20mssw/qc_axes_MLIP.pdf (+ .png, .json)   lat(ms): C=289.99999165534973, Sraw=None, Sinv=None, T=None
[20200929][MSC] wrote /project/bdoiron/dracoxu/rct-fsflow/paper_project_final/out/stim/20200929/qc/axes_peakbin_stimC-stim-pooled-20mssw/qc_axes_MSC.pdf (+ .png, .json)   lat(ms): C=None, Sraw=None, Sinv=None, T=None
[done] axes_peakbin_stimC-stim-pooled-20mssw
[WARN] No stim caches in /project/bdoiron/dracoxu/rct-fsflow/paper_project_final/out_nofilter for SID=20200929 → skipping NOFILTER: C on stim-aligned (vertical)
[WARN] No stim caches in /project/bdoiron/dracoxu/rct-fsflow/paper_project_final/out_nofilter for SID=20200929 → skipping NOFILTER: C on stim-aligned (pooled)

[done] Stim C axes training complete for SID=20200929
