[info] task=11 SID=20201216
[info] Training C on stim-aligned data for cross-alignment analysis

==================== CORRECT-ONLY: C on stim-aligned (vertical) ====================

========== Train C axes on stim-aligned (vertical, correctonly) ==========

[RUN] python cli/train_axes.py --out_root /project/bdoiron/dracoxu/rct-fsflow/paper_project_final/out --align stim --sid 20201216 --orientation vertical --features C --tag axes_peakbin_stimC-stim-vertical-20mssw --norm global --clf_binary logreg --C_grid 0.1 0.3 1 3 10 --lda_shrinkage auto --searchC --search_range_C=0.00:0.50 --search_step_ms 20 --search_len_ms 50 100 150 200 250 --search_score_mode peak_bin_auc --search_tiebreak shortest_then_earliest --search_tol 0.01 --pt_min_ms_stim 200 --sliding_window_ms 20 --sliding_step_ms 10 --correct_mode correctonly
[sliding-window] window=20.0ms (2 bins), step=10.0ms (1 bins), native=10.0ms
[20201216][MFEF] wrote /project/bdoiron/dracoxu/rct-fsflow/paper_project_final/out/stim/20201216/axes/axes_peakbin_stimC-stim-vertical-20mssw/axes_MFEF.npz
    → winC_selected: [0.21999999999999997, 0.31999999999999995], score: 0.9555, peak@230ms (cv_auc=0.9935)
[20201216][MLIP] wrote /project/bdoiron/dracoxu/rct-fsflow/paper_project_final/out/stim/20201216/axes/axes_peakbin_stimC-stim-vertical-20mssw/axes_MLIP.npz
    → winC_selected: [0.4400000000000001, 0.4900000000000001], score: 0.9781, peak@470ms (cv_auc=0.9979)
[20201216][MSC] wrote /project/bdoiron/dracoxu/rct-fsflow/paper_project_final/out/stim/20201216/axes/axes_peakbin_stimC-stim-vertical-20mssw/axes_MSC.npz
    → winC_selected: [0.25999999999999995, 0.36], score: 0.6878, peak@340ms (cv_auc=0.8119)
[ok] axes_summary.json → /project/bdoiron/dracoxu/rct-fsflow/paper_project_final/out/stim/20201216/axes/axes_peakbin_stimC-stim-vertical-20mssw/axes_summary.json
[ok] config.json → /project/bdoiron/dracoxu/rct-fsflow/paper_project_final/out/stim/20201216/axes/axes_peakbin_stimC-stim-vertical-20mssw/config.json

========== QC for C axes (vertical, correctonly) ==========

[RUN] python cli/qc_axes.py --out_root /project/bdoiron/dracoxu/rct-fsflow/paper_project_final/out --align stim --sid 20201216 --orientation vertical --tag axes_peakbin_stimC-stim-vertical-20mssw --thr 0.60 --k 5 --pt_min_ms_stim 200 --norm auto --sliding_window_ms 20 --sliding_step_ms 10 --correct_mode correctonly
[sliding-window] window=20.0ms (2 bins), step=10.0ms (1 bins), native=10.0ms
[20201216][MFEF] wrote /project/bdoiron/dracoxu/rct-fsflow/paper_project_final/out/stim/20201216/qc/axes_peakbin_stimC-stim-vertical-20mssw/qc_axes_MFEF.pdf (+ .png, .json)   lat(ms): C=140.00000059604645, Sraw=None, Sinv=None, T=None
[20201216][MLIP] wrote /project/bdoiron/dracoxu/rct-fsflow/paper_project_final/out/stim/20201216/qc/axes_peakbin_stimC-stim-vertical-20mssw/qc_axes_MLIP.pdf (+ .png, .json)   lat(ms): C=299.99999701976776, Sraw=None, Sinv=None, T=None
[20201216][MSC] wrote /project/bdoiron/dracoxu/rct-fsflow/paper_project_final/out/stim/20201216/qc/axes_peakbin_stimC-stim-vertical-20mssw/qc_axes_MSC.pdf (+ .png, .json)   lat(ms): C=259.99999046325684, Sraw=None, Sinv=None, T=None
[done] axes_peakbin_stimC-stim-vertical-20mssw

==================== CORRECT-ONLY: C on stim-aligned (pooled) ====================

========== Train C axes on stim-aligned (pooled, correctonly) ==========

[RUN] python cli/train_axes.py --out_root /project/bdoiron/dracoxu/rct-fsflow/paper_project_final/out --align stim --sid 20201216 --orientation pooled --features C --tag axes_peakbin_stimC-stim-pooled-20mssw --norm global --clf_binary logreg --C_grid 0.1 0.3 1 3 10 --lda_shrinkage auto --searchC --search_range_C=0.00:0.50 --search_step_ms 20 --search_len_ms 50 100 150 200 250 --search_score_mode peak_bin_auc --search_tiebreak shortest_then_earliest --search_tol 0.01 --pt_min_ms_stim 200 --sliding_window_ms 20 --sliding_step_ms 10 --correct_mode correctonly
[sliding-window] window=20.0ms (2 bins), step=10.0ms (1 bins), native=10.0ms
[20201216][MFEF] wrote /project/bdoiron/dracoxu/rct-fsflow/paper_project_final/out/stim/20201216/axes/axes_peakbin_stimC-stim-pooled-20mssw/axes_MFEF.npz
    → winC_selected: [0.21999999999999997, 0.26999999999999996], score: 0.9157, peak@230ms (cv_auc=0.9721)
[20201216][MLIP] wrote /project/bdoiron/dracoxu/rct-fsflow/paper_project_final/out/stim/20201216/axes/axes_peakbin_stimC-stim-pooled-20mssw/axes_MLIP.npz
    → winC_selected: [0.4200000000000001, 0.4700000000000001], score: 0.8740, peak@450ms (cv_auc=0.9491)
[20201216][MSC] wrote /project/bdoiron/dracoxu/rct-fsflow/paper_project_final/out/stim/20201216/axes/axes_peakbin_stimC-stim-pooled-20mssw/axes_MSC.npz
    → winC_selected: [0.06, 0.11], score: 0.7032, peak@100ms (cv_auc=0.8134)
[ok] axes_summary.json → /project/bdoiron/dracoxu/rct-fsflow/paper_project_final/out/stim/20201216/axes/axes_peakbin_stimC-stim-pooled-20mssw/axes_summary.json
[ok] config.json → /project/bdoiron/dracoxu/rct-fsflow/paper_project_final/out/stim/20201216/axes/axes_peakbin_stimC-stim-pooled-20mssw/config.json

========== QC for C axes (pooled, correctonly) ==========

[RUN] python cli/qc_axes.py --out_root /project/bdoiron/dracoxu/rct-fsflow/paper_project_final/out --align stim --sid 20201216 --orientation pooled --tag axes_peakbin_stimC-stim-pooled-20mssw --thr 0.60 --k 5 --pt_min_ms_stim 200 --norm auto --sliding_window_ms 20 --sliding_step_ms 10 --correct_mode correctonly
[sliding-window] window=20.0ms (2 bins), step=10.0ms (1 bins), native=10.0ms
[20201216][MFEF] wrote /project/bdoiron/dracoxu/rct-fsflow/paper_project_final/out/stim/20201216/qc/axes_peakbin_stimC-stim-pooled-20mssw/qc_axes_MFEF.pdf (+ .png, .json)   lat(ms): C=109.99999940395355, Sraw=None, Sinv=None, T=None
[20201216][MLIP] wrote /project/bdoiron/dracoxu/rct-fsflow/paper_project_final/out/stim/20201216/qc/axes_peakbin_stimC-stim-pooled-20mssw/qc_axes_MLIP.pdf (+ .png, .json)   lat(ms): C=319.9999928474426, Sraw=None, Sinv=None, T=None
[20201216][MSC] wrote /project/bdoiron/dracoxu/rct-fsflow/paper_project_final/out/stim/20201216/qc/axes_peakbin_stimC-stim-pooled-20mssw/qc_axes_MSC.pdf (+ .png, .json)   lat(ms): C=None, Sraw=None, Sinv=None, T=None
[done] axes_peakbin_stimC-stim-pooled-20mssw
[WARN] No stim caches in /project/bdoiron/dracoxu/rct-fsflow/paper_project_final/out_nofilter for SID=20201216 → skipping NOFILTER: C on stim-aligned (vertical)
[WARN] No stim caches in /project/bdoiron/dracoxu/rct-fsflow/paper_project_final/out_nofilter for SID=20201216 → skipping NOFILTER: C on stim-aligned (pooled)

[done] Stim C axes training complete for SID=20201216
