[info] task=5 SID=20200926
[info] Training C+S on sacc-aligned data for axis alignment analysis

==================== CORRECT-ONLY: Train C+S on sacc-aligned ====================

========== Train C+S axes on sacc-aligned (correct-only) ==========

[RUN] python cli/train_axes.py --out_root /project/bdoiron/dracoxu/rct-fsflow/paper_project_final/out --align sacc --sid 20200926 --orientation horizontal --features C S --tag axes_peakbin_saccCS-sacc-horizontal-20mssw --norm global --clf_binary logreg --C_grid 0.1 0.3 1 3 10 --lda_shrinkage auto --searchC --searchS --search_range_C=-0.30:-0.05 --search_range_S=-0.20:0.05 --search_step_ms 20 --search_len_ms 50 100 150 200 250 --search_score_mode peak_bin_auc --search_tiebreak shortest_then_closest0 --search_tol 0.01 --pt_min_ms_sacc 200 --sliding_window_ms 20 --sliding_step_ms 10
[sliding-window] window=20.0ms (4 bins), step=10.0ms (2 bins), native=5.0ms
[20200926][MFEF] wrote /project/bdoiron/dracoxu/rct-fsflow/paper_project_final/out/sacc/20200926/axes/axes_peakbin_saccCS-sacc-horizontal-20mssw/axes_MFEF.npz
    → winC_selected: [-0.1, -0.05], score: 0.8898, peak@-60ms (cv_auc=0.9317)
[20200926][MLIP] wrote /project/bdoiron/dracoxu/rct-fsflow/paper_project_final/out/sacc/20200926/axes/axes_peakbin_saccCS-sacc-horizontal-20mssw/axes_MLIP.npz
    → winC_selected: [-0.1, -0.05], score: 0.8724, peak@-70ms (cv_auc=0.9405)
[20200926][MSC] wrote /project/bdoiron/dracoxu/rct-fsflow/paper_project_final/out/sacc/20200926/axes/axes_peakbin_saccCS-sacc-horizontal-20mssw/axes_MSC.npz
    → winC_selected: [-0.19999999999999998, -0.14999999999999997], score: 0.6225, peak@-170ms (cv_auc=0.6033)
[ok] axes_summary.json → /project/bdoiron/dracoxu/rct-fsflow/paper_project_final/out/sacc/20200926/axes/axes_peakbin_saccCS-sacc-horizontal-20mssw/axes_summary.json
[ok] config.json → /project/bdoiron/dracoxu/rct-fsflow/paper_project_final/out/sacc/20200926/axes/axes_peakbin_saccCS-sacc-horizontal-20mssw/config.json

========== QC for C+S axes (correct-only) ==========

[RUN] python cli/qc_axes.py --out_root /project/bdoiron/dracoxu/rct-fsflow/paper_project_final/out --align sacc --sid 20200926 --orientation horizontal --tag axes_peakbin_saccCS-sacc-horizontal-20mssw --thr 0.60 --k 5 --pt_min_ms_sacc 200 --norm auto --sliding_window_ms 20 --sliding_step_ms 10
[sliding-window] window=20.0ms (4 bins), step=10.0ms (2 bins), native=5.0ms
[20200926][MFEF] wrote /project/bdoiron/dracoxu/rct-fsflow/paper_project_final/out/sacc/20200926/qc/axes_peakbin_saccCS-sacc-horizontal-20mssw/qc_axes_MFEF.pdf (+ .png, .json)   lat(ms): C=-139.99999687075615, Sraw=-109.99999940395355, Sinv=-109.99999940395355, T=None
[20200926][MLIP] wrote /project/bdoiron/dracoxu/rct-fsflow/paper_project_final/out/sacc/20200926/qc/axes_peakbin_saccCS-sacc-horizontal-20mssw/qc_axes_MLIP.pdf (+ .png, .json)   lat(ms): C=-190.0000013411045, Sraw=-169.99999806284904, Sinv=-149.99999850988388, T=None
[20200926][MSC] wrote /project/bdoiron/dracoxu/rct-fsflow/paper_project_final/out/sacc/20200926/qc/axes_peakbin_saccCS-sacc-horizontal-20mssw/qc_axes_MSC.pdf (+ .png, .json)   lat(ms): C=-199.99999925494194, Sraw=None, Sinv=None, T=None

==================== NOFILTER: Train C+S on sacc-aligned ====================

========== Train C+S axes on sacc-aligned (nofilter) ==========

[RUN] python cli/train_axes.py --out_root /project/bdoiron/dracoxu/rct-fsflow/paper_project_final/out_nofilter --align sacc --sid 20200926 --orientation horizontal --features C S --tag axes_peakbin_saccCS-sacc-horizontal-20mssw_nofilter --norm global --clf_binary logreg --C_grid 0.1 0.3 1 3 10 --lda_shrinkage auto --searchC --searchS --search_range_C=-0.30:-0.05 --search_range_S=-0.20:0.05 --search_step_ms 20 --search_len_ms 50 100 150 200 250 --search_score_mode peak_bin_auc --search_tiebreak shortest_then_closest0 --search_tol 0.01 --pt_min_ms_sacc 200 --sliding_window_ms 20 --sliding_step_ms 10
[sliding-window] window=20.0ms (4 bins), step=10.0ms (2 bins), native=5.0ms
[20200926][MFEF] wrote /project/bdoiron/dracoxu/rct-fsflow/paper_project_final/out_nofilter/sacc/20200926/axes/axes_peakbin_saccCS-sacc-horizontal-20mssw_nofilter/axes_MFEF.npz
    → winC_selected: [-0.1, -0.05], score: 0.8818, peak@-70ms (cv_auc=0.9364)
[20200926][MLIP] wrote /project/bdoiron/dracoxu/rct-fsflow/paper_project_final/out_nofilter/sacc/20200926/axes/axes_peakbin_saccCS-sacc-horizontal-20mssw_nofilter/axes_MLIP.npz
    → winC_selected: [-0.1, -0.05], score: 0.8775, peak@-70ms (cv_auc=0.9436)
[20200926][MSC] wrote /project/bdoiron/dracoxu/rct-fsflow/paper_project_final/out_nofilter/sacc/20200926/axes/axes_peakbin_saccCS-sacc-horizontal-20mssw_nofilter/axes_MSC.npz
    → winC_selected: [-0.19999999999999998, -0.14999999999999997], score: 0.5937, peak@-170ms (cv_auc=0.5648)
[ok] axes_summary.json → /project/bdoiron/dracoxu/rct-fsflow/paper_project_final/out_nofilter/sacc/20200926/axes/axes_peakbin_saccCS-sacc-horizontal-20mssw_nofilter/axes_summary.json
[ok] config.json → /project/bdoiron/dracoxu/rct-fsflow/paper_project_final/out_nofilter/sacc/20200926/axes/axes_peakbin_saccCS-sacc-horizontal-20mssw_nofilter/config.json

========== QC for C+S axes (nofilter) ==========

[RUN] python cli/qc_axes.py --out_root /project/bdoiron/dracoxu/rct-fsflow/paper_project_final/out_nofilter --align sacc --sid 20200926 --orientation horizontal --tag axes_peakbin_saccCS-sacc-horizontal-20mssw_nofilter --thr 0.60 --k 5 --pt_min_ms_sacc 200 --norm auto --sliding_window_ms 20 --sliding_step_ms 10
[sliding-window] window=20.0ms (4 bins), step=10.0ms (2 bins), native=5.0ms
[20200926][MFEF] wrote /project/bdoiron/dracoxu/rct-fsflow/paper_project_final/out_nofilter/sacc/20200926/qc/axes_peakbin_saccCS-sacc-horizontal-20mssw_nofilter/qc_axes_MFEF.pdf (+ .png, .json)   lat(ms): C=-129.99999895691872, Sraw=-119.99999918043613, Sinv=-119.99999918043613, T=None
[20200926][MLIP] wrote /project/bdoiron/dracoxu/rct-fsflow/paper_project_final/out_nofilter/sacc/20200926/qc/axes_peakbin_saccCS-sacc-horizontal-20mssw_nofilter/qc_axes_MLIP.pdf (+ .png, .json)   lat(ms): C=-190.0000013411045, Sraw=-160.0000001490116, Sinv=-149.99999850988388, T=None
[20200926][MSC] wrote /project/bdoiron/dracoxu/rct-fsflow/paper_project_final/out_nofilter/sacc/20200926/qc/axes_peakbin_saccCS-sacc-horizontal-20mssw_nofilter/qc_axes_MSC.pdf (+ .png, .json)   lat(ms): C=-199.99999925494194, Sraw=None, Sinv=None, T=None

[done] C+S axes training complete for SID=20200926
