==============================================================
TRAIN AXES FOR ALL FOUR CASES - Session 20200926
Filter mode: both
==============================================================

==============================================================
TRAINING AXES - CORRECT-ONLY (out/)
==============================================================
[skip] Case i: Sacc C+S, horizontal (correct-only) - already exists
[skip] Case ii: Sacc C+S, pooled (correct-only) - already exists
[skip] Case iii: Stim C, vertical (correct-only) - already exists
[skip] Case iv: Stim C, pooled (correct-only) - already exists

==============================================================
TRAINING AXES - ALL-TRIALS (out_nofilter/)
==============================================================
[skip] Case i: Sacc C+S, horizontal (all-trials) - already exists

------------------------------------------------------------
[train] Case ii: Sacc C+S, pooled (all-trials)
  Align: sacc, Features: C S, Orientation: pooled
  Tag: axes_peakbin_saccCS-sacc-pooled-20mssw_nofilter
  OUT_ROOT: /project/bdoiron/dracoxu/rct-fsflow/paper_project_final/out_nofilter
------------------------------------------------------------
[sliding-window] window=20.0ms (4 bins), step=10.0ms (2 bins), native=5.0ms
[20200926][MFEF] wrote /project/bdoiron/dracoxu/rct-fsflow/paper_project_final/out_nofilter/sacc/20200926/axes/axes_peakbin_saccCS-sacc-pooled-20mssw_nofilter/axes_MFEF.npz
    → winC_selected: [-0.08, -0.05], score: 0.8488, peak@-60ms (cv_auc=0.8542)
[20200926][MLIP] wrote /project/bdoiron/dracoxu/rct-fsflow/paper_project_final/out_nofilter/sacc/20200926/axes/axes_peakbin_saccCS-sacc-pooled-20mssw_nofilter/axes_MLIP.npz
    → winC_selected: [-0.1, -0.07], score: 0.8227, peak@-70ms (cv_auc=0.8877)
[20200926][MSC] wrote /project/bdoiron/dracoxu/rct-fsflow/paper_project_final/out_nofilter/sacc/20200926/axes/axes_peakbin_saccCS-sacc-pooled-20mssw_nofilter/axes_MSC.npz
    → winC_selected: [-0.1, -0.07], score: 0.6074, peak@-80ms (cv_auc=0.6474)
[ok] axes_summary.json → /project/bdoiron/dracoxu/rct-fsflow/paper_project_final/out_nofilter/sacc/20200926/axes/axes_peakbin_saccCS-sacc-pooled-20mssw_nofilter/axes_summary.json
[ok] config.json → /project/bdoiron/dracoxu/rct-fsflow/paper_project_final/out_nofilter/sacc/20200926/axes/axes_peakbin_saccCS-sacc-pooled-20mssw_nofilter/config.json
[done] axes_peakbin_saccCS-sacc-pooled-20mssw_nofilter

------------------------------------------------------------
[train] Case iii: Stim C, vertical (all-trials)
  Align: stim, Features: C, Orientation: vertical
  Tag: axes_peakbin_stimC-stim-vertical-20mssw_nofilter
  OUT_ROOT: /project/bdoiron/dracoxu/rct-fsflow/paper_project_final/out_nofilter
------------------------------------------------------------
[sliding-window] window=20.0ms (2 bins), step=10.0ms (1 bins), native=10.0ms
[20200926][MFEF] wrote /project/bdoiron/dracoxu/rct-fsflow/paper_project_final/out_nofilter/stim/20200926/axes/axes_peakbin_stimC-stim-vertical-20mssw_nofilter/axes_MFEF.npz
    → winC_selected: [0.32, 0.35], score: 0.9504, peak@350ms (cv_auc=0.9823)
[20200926][MLIP] wrote /project/bdoiron/dracoxu/rct-fsflow/paper_project_final/out_nofilter/stim/20200926/axes/axes_peakbin_stimC-stim-vertical-20mssw_nofilter/axes_MLIP.npz
    → winC_selected: [0.4400000000000001, 0.4700000000000001], score: 0.9357, peak@460ms (cv_auc=0.9603)
[20200926][MSC] wrote /project/bdoiron/dracoxu/rct-fsflow/paper_project_final/out_nofilter/stim/20200926/axes/axes_peakbin_stimC-stim-vertical-20mssw_nofilter/axes_MSC.npz
    → winC_selected: [0.1, 0.25], score: 0.6632, peak@200ms (cv_auc=0.7259)
[ok] axes_summary.json → /project/bdoiron/dracoxu/rct-fsflow/paper_project_final/out_nofilter/stim/20200926/axes/axes_peakbin_stimC-stim-vertical-20mssw_nofilter/axes_summary.json
[ok] config.json → /project/bdoiron/dracoxu/rct-fsflow/paper_project_final/out_nofilter/stim/20200926/axes/axes_peakbin_stimC-stim-vertical-20mssw_nofilter/config.json
[done] axes_peakbin_stimC-stim-vertical-20mssw_nofilter

------------------------------------------------------------
[train] Case iv: Stim C, pooled (all-trials)
  Align: stim, Features: C, Orientation: pooled
  Tag: axes_peakbin_stimC-stim-pooled-20mssw_nofilter
  OUT_ROOT: /project/bdoiron/dracoxu/rct-fsflow/paper_project_final/out_nofilter
------------------------------------------------------------
[sliding-window] window=20.0ms (2 bins), step=10.0ms (1 bins), native=10.0ms
[20200926][MFEF] wrote /project/bdoiron/dracoxu/rct-fsflow/paper_project_final/out_nofilter/stim/20200926/axes/axes_peakbin_stimC-stim-pooled-20mssw_nofilter/axes_MFEF.npz
    → winC_selected: [0.27999999999999997, 0.30999999999999994], score: 0.9140, peak@290ms (cv_auc=0.9660)
[20200926][MLIP] wrote /project/bdoiron/dracoxu/rct-fsflow/paper_project_final/out_nofilter/stim/20200926/axes/axes_peakbin_stimC-stim-pooled-20mssw_nofilter/axes_MLIP.npz
    → winC_selected: [0.34, 0.37], score: 0.8760, peak@360ms (cv_auc=0.9065)
[20200926][MSC] wrote /project/bdoiron/dracoxu/rct-fsflow/paper_project_final/out_nofilter/stim/20200926/axes/axes_peakbin_stimC-stim-pooled-20mssw_nofilter/axes_MSC.npz
    → winC_selected: [0.1, 0.2], score: 0.6194, peak@170ms (cv_auc=0.6794)
[ok] axes_summary.json → /project/bdoiron/dracoxu/rct-fsflow/paper_project_final/out_nofilter/stim/20200926/axes/axes_peakbin_stimC-stim-pooled-20mssw_nofilter/axes_summary.json
[ok] config.json → /project/bdoiron/dracoxu/rct-fsflow/paper_project_final/out_nofilter/stim/20200926/axes/axes_peakbin_stimC-stim-pooled-20mssw_nofilter/config.json
[done] axes_peakbin_stimC-stim-pooled-20mssw_nofilter

==============================================================
[done] All axes training complete for SID=20200926
==============================================================
