==============================================================
TRAIN AXES FOR ALL FOUR CASES - Session 20231130
Filter mode: both
==============================================================

==============================================================
TRAINING AXES - CORRECT-ONLY (out/)
==============================================================
[skip] Case i: Sacc C+S, horizontal (correct-only) - already exists
[skip] Case ii: Sacc C+S, pooled (correct-only) - already exists
[skip] Case iii: Stim C, vertical (correct-only) - already exists
[skip] Case iv: Stim C, pooled (correct-only) - already exists

==============================================================
TRAINING AXES - ALL-TRIALS (out_nofilter/)
==============================================================
[skip] Case i: Sacc C+S, horizontal (all-trials) - already exists

------------------------------------------------------------
[train] Case ii: Sacc C+S, pooled (all-trials)
  Align: sacc, Features: C S, Orientation: pooled
  Tag: axes_peakbin_saccCS-sacc-pooled-20mssw_nofilter
  OUT_ROOT: /project/bdoiron/dracoxu/rct-fsflow/paper_project_final/out_nofilter
------------------------------------------------------------
[sliding-window] window=20.0ms (4 bins), step=10.0ms (2 bins), native=5.0ms
[20231130][SFEF] wrote /project/bdoiron/dracoxu/rct-fsflow/paper_project_final/out_nofilter/sacc/20231130/axes/axes_peakbin_saccCS-sacc-pooled-20mssw_nofilter/axes_SFEF.npz
    → winC_selected: [-0.25999999999999995, -0.15999999999999995], score: 0.6121, peak@-170ms (cv_auc=0.5869)
[20231130][SLIP] wrote /project/bdoiron/dracoxu/rct-fsflow/paper_project_final/out_nofilter/sacc/20231130/axes/axes_peakbin_saccCS-sacc-pooled-20mssw_nofilter/axes_SLIP.npz
    → winC_selected: [-0.08, -0.05], score: 0.6752, peak@-70ms (cv_auc=0.6817)
[20231130][SSC] wrote /project/bdoiron/dracoxu/rct-fsflow/paper_project_final/out_nofilter/sacc/20231130/axes/axes_peakbin_saccCS-sacc-pooled-20mssw_nofilter/axes_SSC.npz
    → winC_selected: [-0.1, -0.07], score: 0.6964, peak@-80ms (cv_auc=0.7213)
[ok] axes_summary.json → /project/bdoiron/dracoxu/rct-fsflow/paper_project_final/out_nofilter/sacc/20231130/axes/axes_peakbin_saccCS-sacc-pooled-20mssw_nofilter/axes_summary.json
[ok] config.json → /project/bdoiron/dracoxu/rct-fsflow/paper_project_final/out_nofilter/sacc/20231130/axes/axes_peakbin_saccCS-sacc-pooled-20mssw_nofilter/config.json
[done] axes_peakbin_saccCS-sacc-pooled-20mssw_nofilter

------------------------------------------------------------
[train] Case iii: Stim C, vertical (all-trials)
  Align: stim, Features: C, Orientation: vertical
  Tag: axes_peakbin_stimC-stim-vertical-20mssw_nofilter
  OUT_ROOT: /project/bdoiron/dracoxu/rct-fsflow/paper_project_final/out_nofilter
------------------------------------------------------------
[sliding-window] window=20.0ms (2 bins), step=10.0ms (1 bins), native=10.0ms
[20231130][SFEF] wrote /project/bdoiron/dracoxu/rct-fsflow/paper_project_final/out_nofilter/stim/20231130/axes/axes_peakbin_stimC-stim-vertical-20mssw_nofilter/axes_SFEF.npz
    → winC_selected: [0.18, 0.43], score: 0.7496, peak@280ms (cv_auc=0.8220)
[20231130][SLIP] wrote /project/bdoiron/dracoxu/rct-fsflow/paper_project_final/out_nofilter/stim/20231130/axes/axes_peakbin_stimC-stim-vertical-20mssw_nofilter/axes_SLIP.npz
    → winC_selected: [0.46000000000000013, 0.4900000000000001], score: 0.6947, peak@480ms (cv_auc=0.7143)
[20231130][SSC] wrote /project/bdoiron/dracoxu/rct-fsflow/paper_project_final/out_nofilter/stim/20231130/axes/axes_peakbin_stimC-stim-vertical-20mssw_nofilter/axes_SSC.npz
    → winC_selected: [0.19999999999999998, 0.3], score: 0.7595, peak@210ms (cv_auc=0.7746)
[ok] axes_summary.json → /project/bdoiron/dracoxu/rct-fsflow/paper_project_final/out_nofilter/stim/20231130/axes/axes_peakbin_stimC-stim-vertical-20mssw_nofilter/axes_summary.json
[ok] config.json → /project/bdoiron/dracoxu/rct-fsflow/paper_project_final/out_nofilter/stim/20231130/axes/axes_peakbin_stimC-stim-vertical-20mssw_nofilter/config.json
[done] axes_peakbin_stimC-stim-vertical-20mssw_nofilter

------------------------------------------------------------
[train] Case iv: Stim C, pooled (all-trials)
  Align: stim, Features: C, Orientation: pooled
  Tag: axes_peakbin_stimC-stim-pooled-20mssw_nofilter
  OUT_ROOT: /project/bdoiron/dracoxu/rct-fsflow/paper_project_final/out_nofilter
------------------------------------------------------------
[sliding-window] window=20.0ms (2 bins), step=10.0ms (1 bins), native=10.0ms
[20231130][SFEF] wrote /project/bdoiron/dracoxu/rct-fsflow/paper_project_final/out_nofilter/stim/20231130/axes/axes_peakbin_stimC-stim-pooled-20mssw_nofilter/axes_SFEF.npz
    → winC_selected: [0.3, 0.4], score: 0.7293, peak@310ms (cv_auc=0.7992)
[20231130][SLIP] wrote /project/bdoiron/dracoxu/rct-fsflow/paper_project_final/out_nofilter/stim/20231130/axes/axes_peakbin_stimC-stim-pooled-20mssw_nofilter/axes_SLIP.npz
    → winC_selected: [0.46000000000000013, 0.4900000000000001], score: 0.6869, peak@480ms (cv_auc=0.7151)
[20231130][SSC] wrote /project/bdoiron/dracoxu/rct-fsflow/paper_project_final/out_nofilter/stim/20231130/axes/axes_peakbin_stimC-stim-pooled-20mssw_nofilter/axes_SSC.npz
    → winC_selected: [0.19999999999999998, 0.25], score: 0.7332, peak@210ms (cv_auc=0.7321)
[ok] axes_summary.json → /project/bdoiron/dracoxu/rct-fsflow/paper_project_final/out_nofilter/stim/20231130/axes/axes_peakbin_stimC-stim-pooled-20mssw_nofilter/axes_summary.json
[ok] config.json → /project/bdoiron/dracoxu/rct-fsflow/paper_project_final/out_nofilter/stim/20231130/axes/axes_peakbin_stimC-stim-pooled-20mssw_nofilter/config.json
[done] axes_peakbin_stimC-stim-pooled-20mssw_nofilter

==============================================================
[done] All axes training complete for SID=20231130
==============================================================
