[info] task=18 SID=20231103
[info] Training C+S on sacc-aligned data for axis alignment analysis

==================== CORRECT-ONLY: Train C+S on sacc-aligned ====================

========== Train C+S axes on sacc-aligned (correct-only) ==========

[RUN] python cli/train_axes.py --out_root /project/bdoiron/dracoxu/rct-fsflow/paper_project_final/out --align sacc --sid 20231103 --orientation horizontal --features C S --tag axes_peakbin_saccCS-sacc-horizontal-20mssw --norm global --clf_binary logreg --C_grid 0.1 0.3 1 3 10 --lda_shrinkage auto --searchC --searchS --search_range_C=-0.30:-0.05 --search_range_S=-0.20:0.05 --search_step_ms 20 --search_len_ms 50 100 150 200 250 --search_score_mode peak_bin_auc --search_tiebreak shortest_then_closest0 --search_tol 0.01 --pt_min_ms_sacc 200 --sliding_window_ms 20 --sliding_step_ms 10
[sliding-window] window=20.0ms (4 bins), step=10.0ms (2 bins), native=5.0ms
[20231103][SFEF] wrote /project/bdoiron/dracoxu/rct-fsflow/paper_project_final/out/sacc/20231103/axes/axes_peakbin_saccCS-sacc-horizontal-20mssw/axes_SFEF.npz
    → winC_selected: [-0.18, -0.07999999999999999], score: 0.7650, peak@-120ms (cv_auc=0.6750)
[20231103][SLIP] wrote /project/bdoiron/dracoxu/rct-fsflow/paper_project_final/out/sacc/20231103/axes/axes_peakbin_saccCS-sacc-horizontal-20mssw/axes_SLIP.npz
    → winC_selected: [-0.12000000000000001, -0.07], score: 0.7383, peak@-100ms (cv_auc=0.7500)
[20231103][SSC] wrote /project/bdoiron/dracoxu/rct-fsflow/paper_project_final/out/sacc/20231103/axes/axes_peakbin_saccCS-sacc-horizontal-20mssw/axes_SSC.npz
    → winC_selected: [-0.18, -0.07999999999999999], score: 0.8100, peak@-90ms (cv_auc=0.8583)
[ok] axes_summary.json → /project/bdoiron/dracoxu/rct-fsflow/paper_project_final/out/sacc/20231103/axes/axes_peakbin_saccCS-sacc-horizontal-20mssw/axes_summary.json
[ok] config.json → /project/bdoiron/dracoxu/rct-fsflow/paper_project_final/out/sacc/20231103/axes/axes_peakbin_saccCS-sacc-horizontal-20mssw/config.json

========== QC for C+S axes (correct-only) ==========

[RUN] python cli/qc_axes.py --out_root /project/bdoiron/dracoxu/rct-fsflow/paper_project_final/out --align sacc --sid 20231103 --orientation horizontal --tag axes_peakbin_saccCS-sacc-horizontal-20mssw --thr 0.60 --k 5 --pt_min_ms_sacc 200 --norm auto --sliding_window_ms 20 --sliding_step_ms 10
[sliding-window] window=20.0ms (4 bins), step=10.0ms (2 bins), native=5.0ms
[20231103][SFEF] wrote /project/bdoiron/dracoxu/rct-fsflow/paper_project_final/out/sacc/20231103/qc/axes_peakbin_saccCS-sacc-horizontal-20mssw/qc_axes_SFEF.pdf (+ .png, .json)   lat(ms): C=-179.99999970197678, Sraw=-199.99999925494194, Sinv=-109.99999940395355, T=None
[20231103][SLIP] wrote /project/bdoiron/dracoxu/rct-fsflow/paper_project_final/out/sacc/20231103/qc/axes_peakbin_saccCS-sacc-horizontal-20mssw/qc_axes_SLIP.pdf (+ .png, .json)   lat(ms): C=-119.99999918043613, Sraw=-20.000000251457095, Sinv=-20.000000251457095, T=None
[20231103][SSC] wrote /project/bdoiron/dracoxu/rct-fsflow/paper_project_final/out/sacc/20231103/qc/axes_peakbin_saccCS-sacc-horizontal-20mssw/qc_axes_SSC.pdf (+ .png, .json)   lat(ms): C=-199.99999925494194, Sraw=-129.99999895691872, Sinv=None, T=None

==================== NOFILTER: Train C+S on sacc-aligned ====================

========== Train C+S axes on sacc-aligned (nofilter) ==========

[RUN] python cli/train_axes.py --out_root /project/bdoiron/dracoxu/rct-fsflow/paper_project_final/out_nofilter --align sacc --sid 20231103 --orientation horizontal --features C S --tag axes_peakbin_saccCS-sacc-horizontal-20mssw_nofilter --norm global --clf_binary logreg --C_grid 0.1 0.3 1 3 10 --lda_shrinkage auto --searchC --searchS --search_range_C=-0.30:-0.05 --search_range_S=-0.20:0.05 --search_step_ms 20 --search_len_ms 50 100 150 200 250 --search_score_mode peak_bin_auc --search_tiebreak shortest_then_closest0 --search_tol 0.01 --pt_min_ms_sacc 200 --sliding_window_ms 20 --sliding_step_ms 10
[sliding-window] window=20.0ms (4 bins), step=10.0ms (2 bins), native=5.0ms
[20231103][SFEF] wrote /project/bdoiron/dracoxu/rct-fsflow/paper_project_final/out_nofilter/sacc/20231103/axes/axes_peakbin_saccCS-sacc-horizontal-20mssw_nofilter/axes_SFEF.npz
    → winC_selected: [-0.14, -0.09000000000000001], score: 0.7202, peak@-110ms (cv_auc=0.7764)
[20231103][SLIP] wrote /project/bdoiron/dracoxu/rct-fsflow/paper_project_final/out_nofilter/sacc/20231103/axes/axes_peakbin_saccCS-sacc-horizontal-20mssw_nofilter/axes_SLIP.npz
    → winC_selected: [-0.12000000000000001, -0.07], score: 0.7426, peak@-90ms (cv_auc=0.7021)
[20231103][SSC] wrote /project/bdoiron/dracoxu/rct-fsflow/paper_project_final/out_nofilter/sacc/20231103/axes/axes_peakbin_saccCS-sacc-horizontal-20mssw_nofilter/axes_SSC.npz
    → winC_selected: [-0.21999999999999997, -0.11999999999999997], score: 0.7684, peak@-130ms (cv_auc=0.7850)
[ok] axes_summary.json → /project/bdoiron/dracoxu/rct-fsflow/paper_project_final/out_nofilter/sacc/20231103/axes/axes_peakbin_saccCS-sacc-horizontal-20mssw_nofilter/axes_summary.json
[ok] config.json → /project/bdoiron/dracoxu/rct-fsflow/paper_project_final/out_nofilter/sacc/20231103/axes/axes_peakbin_saccCS-sacc-horizontal-20mssw_nofilter/config.json

========== QC for C+S axes (nofilter) ==========

[RUN] python cli/qc_axes.py --out_root /project/bdoiron/dracoxu/rct-fsflow/paper_project_final/out_nofilter --align sacc --sid 20231103 --orientation horizontal --tag axes_peakbin_saccCS-sacc-horizontal-20mssw_nofilter --thr 0.60 --k 5 --pt_min_ms_sacc 200 --norm auto --sliding_window_ms 20 --sliding_step_ms 10
[sliding-window] window=20.0ms (4 bins), step=10.0ms (2 bins), native=5.0ms
[20231103][SFEF] wrote /project/bdoiron/dracoxu/rct-fsflow/paper_project_final/out_nofilter/sacc/20231103/qc/axes_peakbin_saccCS-sacc-horizontal-20mssw_nofilter/qc_axes_SFEF.pdf (+ .png, .json)   lat(ms): C=-139.99999687075615, Sraw=-199.99999925494194, Sinv=-199.99999925494194, T=None
[20231103][SLIP] wrote /project/bdoiron/dracoxu/rct-fsflow/paper_project_final/out_nofilter/sacc/20231103/qc/axes_peakbin_saccCS-sacc-horizontal-20mssw_nofilter/qc_axes_SLIP.pdf (+ .png, .json)   lat(ms): C=250.0, Sraw=-10.000000009313226, Sinv=-10.000000009313226, T=None
[20231103][SSC] wrote /project/bdoiron/dracoxu/rct-fsflow/paper_project_final/out_nofilter/sacc/20231103/qc/axes_peakbin_saccCS-sacc-horizontal-20mssw_nofilter/qc_axes_SSC.pdf (+ .png, .json)   lat(ms): C=-289.9999991059303, Sraw=-119.99999918043613, Sinv=-119.99999918043613, T=None

[done] C+S axes training complete for SID=20231103
