[info] task=22 SID=20231130
[info] Training C on stim-aligned data for cross-alignment analysis

==================== CORRECT-ONLY: C on stim-aligned (vertical) ====================

========== Train C axes on stim-aligned (vertical, correctonly) ==========

[RUN] python cli/train_axes.py --out_root /project/bdoiron/dracoxu/rct-fsflow/paper_project_final/out --align stim --sid 20231130 --orientation vertical --features C --tag axes_peakbin_stimC-stim-vertical-20mssw --norm global --clf_binary logreg --C_grid 0.1 0.3 1 3 10 --lda_shrinkage auto --searchC --search_range_C=0.00:0.50 --search_step_ms 20 --search_len_ms 50 100 150 200 250 --search_score_mode peak_bin_auc --search_tiebreak shortest_then_earliest --search_tol 0.01 --pt_min_ms_stim 200 --sliding_window_ms 20 --sliding_step_ms 10 --correct_mode correctonly
[sliding-window] window=20.0ms (2 bins), step=10.0ms (1 bins), native=10.0ms
[20231130][SFEF] wrote /project/bdoiron/dracoxu/rct-fsflow/paper_project_final/out/stim/20231130/axes/axes_peakbin_stimC-stim-vertical-20mssw/axes_SFEF.npz
    → winC_selected: [0.27999999999999997, 0.42999999999999994], score: 0.8308, peak@280ms (cv_auc=0.9834)
[20231130][SLIP] wrote /project/bdoiron/dracoxu/rct-fsflow/paper_project_final/out/stim/20231130/axes/axes_peakbin_stimC-stim-vertical-20mssw/axes_SLIP.npz
    → winC_selected: [0.4000000000000001, 0.5000000000000001], score: 0.8090, peak@490ms (cv_auc=0.8436)
[20231130][SSC] wrote /project/bdoiron/dracoxu/rct-fsflow/paper_project_final/out/stim/20231130/axes/axes_peakbin_stimC-stim-vertical-20mssw/axes_SSC.npz
    → winC_selected: [0.38000000000000006, 0.43000000000000005], score: 0.9120, peak@400ms (cv_auc=0.9566)
[ok] axes_summary.json → /project/bdoiron/dracoxu/rct-fsflow/paper_project_final/out/stim/20231130/axes/axes_peakbin_stimC-stim-vertical-20mssw/axes_summary.json
[ok] config.json → /project/bdoiron/dracoxu/rct-fsflow/paper_project_final/out/stim/20231130/axes/axes_peakbin_stimC-stim-vertical-20mssw/config.json

========== QC for C axes (vertical, correctonly) ==========

[RUN] python cli/qc_axes.py --out_root /project/bdoiron/dracoxu/rct-fsflow/paper_project_final/out --align stim --sid 20231130 --orientation vertical --tag axes_peakbin_stimC-stim-vertical-20mssw --thr 0.60 --k 5 --pt_min_ms_stim 200 --norm auto --sliding_window_ms 20 --sliding_step_ms 10 --correct_mode correctonly
[sliding-window] window=20.0ms (2 bins), step=10.0ms (1 bins), native=10.0ms
[20231130][SFEF] wrote /project/bdoiron/dracoxu/rct-fsflow/paper_project_final/out/stim/20231130/qc/axes_peakbin_stimC-stim-vertical-20mssw/qc_axes_SFEF.pdf (+ .png, .json)   lat(ms): C=219.9999988079071, Sraw=None, Sinv=None, T=None
[20231130][SLIP] wrote /project/bdoiron/dracoxu/rct-fsflow/paper_project_final/out/stim/20231130/qc/axes_peakbin_stimC-stim-vertical-20mssw/qc_axes_SLIP.pdf (+ .png, .json)   lat(ms): C=299.99999701976776, Sraw=None, Sinv=None, T=None
[20231130][SSC] wrote /project/bdoiron/dracoxu/rct-fsflow/paper_project_final/out/stim/20231130/qc/axes_peakbin_stimC-stim-vertical-20mssw/qc_axes_SSC.pdf (+ .png, .json)   lat(ms): C=280.0000011920929, Sraw=None, Sinv=None, T=None
[done] axes_peakbin_stimC-stim-vertical-20mssw

==================== CORRECT-ONLY: C on stim-aligned (pooled) ====================

========== Train C axes on stim-aligned (pooled, correctonly) ==========

[RUN] python cli/train_axes.py --out_root /project/bdoiron/dracoxu/rct-fsflow/paper_project_final/out --align stim --sid 20231130 --orientation pooled --features C --tag axes_peakbin_stimC-stim-pooled-20mssw --norm global --clf_binary logreg --C_grid 0.1 0.3 1 3 10 --lda_shrinkage auto --searchC --search_range_C=0.00:0.50 --search_step_ms 20 --search_len_ms 50 100 150 200 250 --search_score_mode peak_bin_auc --search_tiebreak shortest_then_earliest --search_tol 0.01 --pt_min_ms_stim 200 --sliding_window_ms 20 --sliding_step_ms 10 --correct_mode correctonly
[sliding-window] window=20.0ms (2 bins), step=10.0ms (1 bins), native=10.0ms
[20231130][SFEF] wrote /project/bdoiron/dracoxu/rct-fsflow/paper_project_final/out/stim/20231130/axes/axes_peakbin_stimC-stim-pooled-20mssw/axes_SFEF.npz
    → winC_selected: [0.19999999999999998, 0.35], score: 0.8197, peak@350ms (cv_auc=0.9357)
[20231130][SLIP] wrote /project/bdoiron/dracoxu/rct-fsflow/paper_project_final/out/stim/20231130/axes/axes_peakbin_stimC-stim-pooled-20mssw/axes_SLIP.npz
    → winC_selected: [0.3, 0.5], score: 0.7895, peak@490ms (cv_auc=0.8144)
[20231130][SSC] wrote /project/bdoiron/dracoxu/rct-fsflow/paper_project_final/out/stim/20231130/axes/axes_peakbin_stimC-stim-pooled-20mssw/axes_SSC.npz
    → winC_selected: [0.27999999999999997, 0.32999999999999996], score: 0.8783, peak@320ms (cv_auc=0.8899)
[ok] axes_summary.json → /project/bdoiron/dracoxu/rct-fsflow/paper_project_final/out/stim/20231130/axes/axes_peakbin_stimC-stim-pooled-20mssw/axes_summary.json
[ok] config.json → /project/bdoiron/dracoxu/rct-fsflow/paper_project_final/out/stim/20231130/axes/axes_peakbin_stimC-stim-pooled-20mssw/config.json

========== QC for C axes (pooled, correctonly) ==========

[RUN] python cli/qc_axes.py --out_root /project/bdoiron/dracoxu/rct-fsflow/paper_project_final/out --align stim --sid 20231130 --orientation pooled --tag axes_peakbin_stimC-stim-pooled-20mssw --thr 0.60 --k 5 --pt_min_ms_stim 200 --norm auto --sliding_window_ms 20 --sliding_step_ms 10 --correct_mode correctonly
[sliding-window] window=20.0ms (2 bins), step=10.0ms (1 bins), native=10.0ms
[20231130][SFEF] wrote /project/bdoiron/dracoxu/rct-fsflow/paper_project_final/out/stim/20231130/qc/axes_peakbin_stimC-stim-pooled-20mssw/qc_axes_SFEF.pdf (+ .png, .json)   lat(ms): C=199.99999552965164, Sraw=None, Sinv=None, T=None
[20231130][SLIP] wrote /project/bdoiron/dracoxu/rct-fsflow/paper_project_final/out/stim/20231130/qc/axes_peakbin_stimC-stim-pooled-20mssw/qc_axes_SLIP.pdf (+ .png, .json)   lat(ms): C=229.99999672174454, Sraw=None, Sinv=None, T=None
[20231130][SSC] wrote /project/bdoiron/dracoxu/rct-fsflow/paper_project_final/out/stim/20231130/qc/axes_peakbin_stimC-stim-pooled-20mssw/qc_axes_SSC.pdf (+ .png, .json)   lat(ms): C=179.99999970197678, Sraw=None, Sinv=None, T=None
[done] axes_peakbin_stimC-stim-pooled-20mssw
[WARN] No stim caches in /project/bdoiron/dracoxu/rct-fsflow/paper_project_final/out_nofilter for SID=20231130 → skipping NOFILTER: C on stim-aligned (vertical)
[WARN] No stim caches in /project/bdoiron/dracoxu/rct-fsflow/paper_project_final/out_nofilter for SID=20231130 → skipping NOFILTER: C on stim-aligned (pooled)

[done] Stim C axes training complete for SID=20231130
