==============================================================
TRAIN AXES FOR ALL FOUR CASES - Session 20231123
Filter mode: both
==============================================================

==============================================================
TRAINING AXES - CORRECT-ONLY (out/)
==============================================================
[skip] Case i: Sacc C+S, horizontal (correct-only) - already exists
[skip] Case ii: Sacc C+S, pooled (correct-only) - already exists
[skip] Case iii: Stim C, vertical (correct-only) - already exists
[skip] Case iv: Stim C, pooled (correct-only) - already exists

==============================================================
TRAINING AXES - ALL-TRIALS (out_nofilter/)
==============================================================
[skip] Case i: Sacc C+S, horizontal (all-trials) - already exists

------------------------------------------------------------
[train] Case ii: Sacc C+S, pooled (all-trials)
  Align: sacc, Features: C S, Orientation: pooled
  Tag: axes_peakbin_saccCS-sacc-pooled-20mssw_nofilter
  OUT_ROOT: /project/bdoiron/dracoxu/rct-fsflow/paper_project_final/out_nofilter
------------------------------------------------------------
[sliding-window] window=20.0ms (4 bins), step=10.0ms (2 bins), native=5.0ms
[20231123][SFEF] wrote /project/bdoiron/dracoxu/rct-fsflow/paper_project_final/out_nofilter/sacc/20231123/axes/axes_peakbin_saccCS-sacc-pooled-20mssw_nofilter/axes_SFEF.npz
    → winC_selected: [-0.08, -0.05], score: 0.7896, peak@-60ms (cv_auc=0.8112)
[20231123][SLIP] wrote /project/bdoiron/dracoxu/rct-fsflow/paper_project_final/out_nofilter/sacc/20231123/axes/axes_peakbin_saccCS-sacc-pooled-20mssw_nofilter/axes_SLIP.npz
    → winC_selected: [-0.1, -0.05], score: 0.6589, peak@-60ms (cv_auc=0.6753)
[20231123][SSC] wrote /project/bdoiron/dracoxu/rct-fsflow/paper_project_final/out_nofilter/sacc/20231123/axes/axes_peakbin_saccCS-sacc-pooled-20mssw_nofilter/axes_SSC.npz
    → winC_selected: [-0.08, -0.05], score: 0.6464, peak@-60ms (cv_auc=0.6503)
[ok] axes_summary.json → /project/bdoiron/dracoxu/rct-fsflow/paper_project_final/out_nofilter/sacc/20231123/axes/axes_peakbin_saccCS-sacc-pooled-20mssw_nofilter/axes_summary.json
[ok] config.json → /project/bdoiron/dracoxu/rct-fsflow/paper_project_final/out_nofilter/sacc/20231123/axes/axes_peakbin_saccCS-sacc-pooled-20mssw_nofilter/config.json
[done] axes_peakbin_saccCS-sacc-pooled-20mssw_nofilter

------------------------------------------------------------
[train] Case iii: Stim C, vertical (all-trials)
  Align: stim, Features: C, Orientation: vertical
  Tag: axes_peakbin_stimC-stim-vertical-20mssw_nofilter
  OUT_ROOT: /project/bdoiron/dracoxu/rct-fsflow/paper_project_final/out_nofilter
------------------------------------------------------------
[sliding-window] window=20.0ms (2 bins), step=10.0ms (1 bins), native=10.0ms
[20231123][SFEF] wrote /project/bdoiron/dracoxu/rct-fsflow/paper_project_final/out_nofilter/stim/20231123/axes/axes_peakbin_stimC-stim-vertical-20mssw_nofilter/axes_SFEF.npz
    → winC_selected: [0.27999999999999997, 0.30999999999999994], score: 0.8713, peak@300ms (cv_auc=0.9149)
[20231123][SLIP] wrote /project/bdoiron/dracoxu/rct-fsflow/paper_project_final/out_nofilter/stim/20231123/axes/axes_peakbin_stimC-stim-vertical-20mssw_nofilter/axes_SLIP.npz
    → winC_selected: [0.25999999999999995, 0.2899999999999999], score: 0.7060, peak@270ms (cv_auc=0.7375)
[20231123][SSC] wrote /project/bdoiron/dracoxu/rct-fsflow/paper_project_final/out_nofilter/stim/20231123/axes/axes_peakbin_stimC-stim-vertical-20mssw_nofilter/axes_SSC.npz
    → winC_selected: [0.3, 0.32999999999999996], score: 0.6728, peak@310ms (cv_auc=0.7329)
[ok] axes_summary.json → /project/bdoiron/dracoxu/rct-fsflow/paper_project_final/out_nofilter/stim/20231123/axes/axes_peakbin_stimC-stim-vertical-20mssw_nofilter/axes_summary.json
[ok] config.json → /project/bdoiron/dracoxu/rct-fsflow/paper_project_final/out_nofilter/stim/20231123/axes/axes_peakbin_stimC-stim-vertical-20mssw_nofilter/config.json
[done] axes_peakbin_stimC-stim-vertical-20mssw_nofilter

------------------------------------------------------------
[train] Case iv: Stim C, pooled (all-trials)
  Align: stim, Features: C, Orientation: pooled
  Tag: axes_peakbin_stimC-stim-pooled-20mssw_nofilter
  OUT_ROOT: /project/bdoiron/dracoxu/rct-fsflow/paper_project_final/out_nofilter
------------------------------------------------------------
[sliding-window] window=20.0ms (2 bins), step=10.0ms (1 bins), native=10.0ms
[20231123][SFEF] wrote /project/bdoiron/dracoxu/rct-fsflow/paper_project_final/out_nofilter/stim/20231123/axes/axes_peakbin_stimC-stim-pooled-20mssw_nofilter/axes_SFEF.npz
    → winC_selected: [0.3, 0.32999999999999996], score: 0.8335, peak@320ms (cv_auc=0.8887)
[20231123][SLIP] wrote /project/bdoiron/dracoxu/rct-fsflow/paper_project_final/out_nofilter/stim/20231123/axes/axes_peakbin_stimC-stim-pooled-20mssw_nofilter/axes_SLIP.npz
    → winC_selected: [0.25999999999999995, 0.2899999999999999], score: 0.6726, peak@280ms (cv_auc=0.6999)
[20231123][SSC] wrote /project/bdoiron/dracoxu/rct-fsflow/paper_project_final/out_nofilter/stim/20231123/axes/axes_peakbin_stimC-stim-pooled-20mssw_nofilter/axes_SSC.npz
    → winC_selected: [0.36000000000000004, 0.39], score: 0.6640, peak@380ms (cv_auc=0.6680)
[ok] axes_summary.json → /project/bdoiron/dracoxu/rct-fsflow/paper_project_final/out_nofilter/stim/20231123/axes/axes_peakbin_stimC-stim-pooled-20mssw_nofilter/axes_summary.json
[ok] config.json → /project/bdoiron/dracoxu/rct-fsflow/paper_project_final/out_nofilter/stim/20231123/axes/axes_peakbin_stimC-stim-pooled-20mssw_nofilter/config.json
[done] axes_peakbin_stimC-stim-pooled-20mssw_nofilter

==============================================================
[done] All axes training complete for SID=20231123
==============================================================
