[info] task=2 SID=20200328
[info] Training C+S on sacc-aligned data for axis alignment analysis

==================== CORRECT-ONLY: Train C+S on sacc-aligned ====================

========== Train C+S axes on sacc-aligned (correct-only) ==========

[RUN] python cli/train_axes.py --out_root /project/bdoiron/dracoxu/rct-fsflow/paper_project_final/out --align sacc --sid 20200328 --orientation horizontal --features C S --tag axes_peakbin_saccCS-sacc-horizontal-20mssw --norm global --clf_binary logreg --C_grid 0.1 0.3 1 3 10 --lda_shrinkage auto --searchC --searchS --search_range_C=-0.30:-0.05 --search_range_S=-0.20:0.05 --search_step_ms 20 --search_len_ms 50 100 150 200 250 --search_score_mode peak_bin_auc --search_tiebreak shortest_then_closest0 --search_tol 0.01 --pt_min_ms_sacc 200 --sliding_window_ms 20 --sliding_step_ms 10
[sliding-window] window=20.0ms (4 bins), step=10.0ms (2 bins), native=5.0ms
[20200328][MFEF] wrote /project/bdoiron/dracoxu/rct-fsflow/paper_project_final/out/sacc/20200328/axes/axes_peakbin_saccCS-sacc-horizontal-20mssw/axes_MFEF.npz
    → winC_selected: [-0.1, -0.05], score: 0.8804, peak@-60ms (cv_auc=0.9322)
[20200328][MLIP] wrote /project/bdoiron/dracoxu/rct-fsflow/paper_project_final/out/sacc/20200328/axes/axes_peakbin_saccCS-sacc-horizontal-20mssw/axes_MLIP.npz
    → winC_selected: [-0.1, -0.05], score: 0.7179, peak@-80ms (cv_auc=0.7603)
[ok] axes_summary.json → /project/bdoiron/dracoxu/rct-fsflow/paper_project_final/out/sacc/20200328/axes/axes_peakbin_saccCS-sacc-horizontal-20mssw/axes_summary.json
[ok] config.json → /project/bdoiron/dracoxu/rct-fsflow/paper_project_final/out/sacc/20200328/axes/axes_peakbin_saccCS-sacc-horizontal-20mssw/config.json

========== QC for C+S axes (correct-only) ==========

[RUN] python cli/qc_axes.py --out_root /project/bdoiron/dracoxu/rct-fsflow/paper_project_final/out --align sacc --sid 20200328 --orientation horizontal --tag axes_peakbin_saccCS-sacc-horizontal-20mssw --thr 0.60 --k 5 --pt_min_ms_sacc 200 --norm auto --sliding_window_ms 20 --sliding_step_ms 10
[sliding-window] window=20.0ms (4 bins), step=10.0ms (2 bins), native=5.0ms
[20200328][MFEF] wrote /project/bdoiron/dracoxu/rct-fsflow/paper_project_final/out/sacc/20200328/qc/axes_peakbin_saccCS-sacc-horizontal-20mssw/qc_axes_MFEF.pdf (+ .png, .json)   lat(ms): C=-139.99999687075615, Sraw=-379.9999952316284, Sinv=-379.9999952316284, T=None
[20200328][MLIP] wrote /project/bdoiron/dracoxu/rct-fsflow/paper_project_final/out/sacc/20200328/qc/axes_peakbin_saccCS-sacc-horizontal-20mssw/qc_axes_MLIP.pdf (+ .png, .json)   lat(ms): C=-139.99999687075615, Sraw=-89.99999985098839, Sinv=-89.99999985098839, T=None

==================== NOFILTER: Train C+S on sacc-aligned ====================

========== Train C+S axes on sacc-aligned (nofilter) ==========

[RUN] python cli/train_axes.py --out_root /project/bdoiron/dracoxu/rct-fsflow/paper_project_final/out_nofilter --align sacc --sid 20200328 --orientation horizontal --features C S --tag axes_peakbin_saccCS-sacc-horizontal-20mssw_nofilter --norm global --clf_binary logreg --C_grid 0.1 0.3 1 3 10 --lda_shrinkage auto --searchC --searchS --search_range_C=-0.30:-0.05 --search_range_S=-0.20:0.05 --search_step_ms 20 --search_len_ms 50 100 150 200 250 --search_score_mode peak_bin_auc --search_tiebreak shortest_then_closest0 --search_tol 0.01 --pt_min_ms_sacc 200 --sliding_window_ms 20 --sliding_step_ms 10
[sliding-window] window=20.0ms (4 bins), step=10.0ms (2 bins), native=5.0ms
[20200328][MFEF] wrote /project/bdoiron/dracoxu/rct-fsflow/paper_project_final/out_nofilter/sacc/20200328/axes/axes_peakbin_saccCS-sacc-horizontal-20mssw_nofilter/axes_MFEF.npz
    → winC_selected: [-0.1, -0.05], score: 0.8618, peak@-60ms (cv_auc=0.9089)
[20200328][MLIP] wrote /project/bdoiron/dracoxu/rct-fsflow/paper_project_final/out_nofilter/sacc/20200328/axes/axes_peakbin_saccCS-sacc-horizontal-20mssw_nofilter/axes_MLIP.npz
    → winC_selected: [-0.14, -0.09000000000000001], score: 0.7288, peak@-120ms (cv_auc=0.7296)
[ok] axes_summary.json → /project/bdoiron/dracoxu/rct-fsflow/paper_project_final/out_nofilter/sacc/20200328/axes/axes_peakbin_saccCS-sacc-horizontal-20mssw_nofilter/axes_summary.json
[ok] config.json → /project/bdoiron/dracoxu/rct-fsflow/paper_project_final/out_nofilter/sacc/20200328/axes/axes_peakbin_saccCS-sacc-horizontal-20mssw_nofilter/config.json

========== QC for C+S axes (nofilter) ==========

[RUN] python cli/qc_axes.py --out_root /project/bdoiron/dracoxu/rct-fsflow/paper_project_final/out_nofilter --align sacc --sid 20200328 --orientation horizontal --tag axes_peakbin_saccCS-sacc-horizontal-20mssw_nofilter --thr 0.60 --k 5 --pt_min_ms_sacc 200 --norm auto --sliding_window_ms 20 --sliding_step_ms 10
[sliding-window] window=20.0ms (4 bins), step=10.0ms (2 bins), native=5.0ms
[20200328][MFEF] wrote /project/bdoiron/dracoxu/rct-fsflow/paper_project_final/out_nofilter/sacc/20200328/qc/axes_peakbin_saccCS-sacc-horizontal-20mssw_nofilter/qc_axes_MFEF.pdf (+ .png, .json)   lat(ms): C=-139.99999687075615, Sraw=-379.9999952316284, Sinv=-379.9999952316284, T=None
[20200328][MLIP] wrote /project/bdoiron/dracoxu/rct-fsflow/paper_project_final/out_nofilter/sacc/20200328/qc/axes_peakbin_saccCS-sacc-horizontal-20mssw_nofilter/qc_axes_MLIP.pdf (+ .png, .json)   lat(ms): C=-190.0000013411045, Sraw=-99.99999962747097, Sinv=-89.99999985098839, T=None

[done] C+S axes training complete for SID=20200328
