[info] task=9 SID=20201204
[info] Training C on stim-aligned data for cross-alignment analysis

==================== CORRECT-ONLY: C on stim-aligned (vertical) ====================

========== Train C axes on stim-aligned (vertical, correctonly) ==========

[RUN] python cli/train_axes.py --out_root /project/bdoiron/dracoxu/rct-fsflow/paper_project_final/out --align stim --sid 20201204 --orientation vertical --features C --tag axes_peakbin_stimC-stim-vertical-20mssw --norm global --clf_binary logreg --C_grid 0.1 0.3 1 3 10 --lda_shrinkage auto --searchC --search_range_C=0.00:0.50 --search_step_ms 20 --search_len_ms 50 100 150 200 250 --search_score_mode peak_bin_auc --search_tiebreak shortest_then_earliest --search_tol 0.01 --pt_min_ms_stim 200 --sliding_window_ms 20 --sliding_step_ms 10 --correct_mode correctonly
[sliding-window] window=20.0ms (2 bins), step=10.0ms (1 bins), native=10.0ms
[20201204][MFEF] wrote /project/bdoiron/dracoxu/rct-fsflow/paper_project_final/out/stim/20201204/axes/axes_peakbin_stimC-stim-vertical-20mssw/axes_MFEF.npz
    → winC_selected: [0.18, 0.22999999999999998], score: 0.9926, peak@200ms (cv_auc=1.0000)
[20201204][MLIP] wrote /project/bdoiron/dracoxu/rct-fsflow/paper_project_final/out/stim/20201204/axes/axes_peakbin_stimC-stim-vertical-20mssw/axes_MLIP.npz
    → winC_selected: [0.4200000000000001, 0.4700000000000001], score: 0.9769, peak@450ms (cv_auc=0.9996)
[20201204][MSC] wrote /project/bdoiron/dracoxu/rct-fsflow/paper_project_final/out/stim/20201204/axes/axes_peakbin_stimC-stim-vertical-20mssw/axes_MSC.npz
    → winC_selected: [0.25999999999999995, 0.30999999999999994], score: 0.7732, peak@300ms (cv_auc=0.8058)
[ok] axes_summary.json → /project/bdoiron/dracoxu/rct-fsflow/paper_project_final/out/stim/20201204/axes/axes_peakbin_stimC-stim-vertical-20mssw/axes_summary.json
[ok] config.json → /project/bdoiron/dracoxu/rct-fsflow/paper_project_final/out/stim/20201204/axes/axes_peakbin_stimC-stim-vertical-20mssw/config.json

========== QC for C axes (vertical, correctonly) ==========

[RUN] python cli/qc_axes.py --out_root /project/bdoiron/dracoxu/rct-fsflow/paper_project_final/out --align stim --sid 20201204 --orientation vertical --tag axes_peakbin_stimC-stim-vertical-20mssw --thr 0.60 --k 5 --pt_min_ms_stim 200 --norm auto --sliding_window_ms 20 --sliding_step_ms 10 --correct_mode correctonly
[sliding-window] window=20.0ms (2 bins), step=10.0ms (1 bins), native=10.0ms
[20201204][MFEF] wrote /project/bdoiron/dracoxu/rct-fsflow/paper_project_final/out/stim/20201204/qc/axes_peakbin_stimC-stim-vertical-20mssw/qc_axes_MFEF.pdf (+ .png, .json)   lat(ms): C=120.00000104308128, Sraw=None, Sinv=None, T=None
[20201204][MLIP] wrote /project/bdoiron/dracoxu/rct-fsflow/paper_project_final/out/stim/20201204/qc/axes_peakbin_stimC-stim-vertical-20mssw/qc_axes_MLIP.pdf (+ .png, .json)   lat(ms): C=130.00000268220901, Sraw=None, Sinv=None, T=None
[20201204][MSC] wrote /project/bdoiron/dracoxu/rct-fsflow/paper_project_final/out/stim/20201204/qc/axes_peakbin_stimC-stim-vertical-20mssw/qc_axes_MSC.pdf (+ .png, .json)   lat(ms): C=240.00000208616257, Sraw=None, Sinv=None, T=None
[done] axes_peakbin_stimC-stim-vertical-20mssw

==================== CORRECT-ONLY: C on stim-aligned (pooled) ====================

========== Train C axes on stim-aligned (pooled, correctonly) ==========

[RUN] python cli/train_axes.py --out_root /project/bdoiron/dracoxu/rct-fsflow/paper_project_final/out --align stim --sid 20201204 --orientation pooled --features C --tag axes_peakbin_stimC-stim-pooled-20mssw --norm global --clf_binary logreg --C_grid 0.1 0.3 1 3 10 --lda_shrinkage auto --searchC --search_range_C=0.00:0.50 --search_step_ms 20 --search_len_ms 50 100 150 200 250 --search_score_mode peak_bin_auc --search_tiebreak shortest_then_earliest --search_tol 0.01 --pt_min_ms_stim 200 --sliding_window_ms 20 --sliding_step_ms 10 --correct_mode correctonly
[sliding-window] window=20.0ms (2 bins), step=10.0ms (1 bins), native=10.0ms
[20201204][MFEF] wrote /project/bdoiron/dracoxu/rct-fsflow/paper_project_final/out/stim/20201204/axes/axes_peakbin_stimC-stim-pooled-20mssw/axes_MFEF.npz
    → winC_selected: [0.14, 0.19], score: 0.8917, peak@180ms (cv_auc=0.9652)
[20201204][MLIP] wrote /project/bdoiron/dracoxu/rct-fsflow/paper_project_final/out/stim/20201204/axes/axes_peakbin_stimC-stim-pooled-20mssw/axes_MLIP.npz
    → winC_selected: [0.32, 0.37], score: 0.8905, peak@350ms (cv_auc=0.9404)
[20201204][MSC] wrote /project/bdoiron/dracoxu/rct-fsflow/paper_project_final/out/stim/20201204/axes/axes_peakbin_stimC-stim-pooled-20mssw/axes_MSC.npz
    → winC_selected: [0.3, 0.35], score: 0.7446, peak@330ms (cv_auc=0.7963)
[ok] axes_summary.json → /project/bdoiron/dracoxu/rct-fsflow/paper_project_final/out/stim/20201204/axes/axes_peakbin_stimC-stim-pooled-20mssw/axes_summary.json
[ok] config.json → /project/bdoiron/dracoxu/rct-fsflow/paper_project_final/out/stim/20201204/axes/axes_peakbin_stimC-stim-pooled-20mssw/config.json

========== QC for C axes (pooled, correctonly) ==========

[RUN] python cli/qc_axes.py --out_root /project/bdoiron/dracoxu/rct-fsflow/paper_project_final/out --align stim --sid 20201204 --orientation pooled --tag axes_peakbin_stimC-stim-pooled-20mssw --thr 0.60 --k 5 --pt_min_ms_stim 200 --norm auto --sliding_window_ms 20 --sliding_step_ms 10 --correct_mode correctonly
[sliding-window] window=20.0ms (2 bins), step=10.0ms (1 bins), native=10.0ms
[20201204][MFEF] wrote /project/bdoiron/dracoxu/rct-fsflow/paper_project_final/out/stim/20201204/qc/axes_peakbin_stimC-stim-pooled-20mssw/qc_axes_MFEF.pdf (+ .png, .json)   lat(ms): C=120.00000104308128, Sraw=None, Sinv=None, T=None
[20201204][MLIP] wrote /project/bdoiron/dracoxu/rct-fsflow/paper_project_final/out/stim/20201204/qc/axes_peakbin_stimC-stim-pooled-20mssw/qc_axes_MLIP.pdf (+ .png, .json)   lat(ms): C=259.99999046325684, Sraw=None, Sinv=None, T=None
[20201204][MSC] wrote /project/bdoiron/dracoxu/rct-fsflow/paper_project_final/out/stim/20201204/qc/axes_peakbin_stimC-stim-pooled-20mssw/qc_axes_MSC.pdf (+ .png, .json)   lat(ms): C=250.0, Sraw=None, Sinv=None, T=None
[done] axes_peakbin_stimC-stim-pooled-20mssw
[WARN] No stim caches in /project/bdoiron/dracoxu/rct-fsflow/paper_project_final/out_nofilter for SID=20201204 → skipping NOFILTER: C on stim-aligned (vertical)
[WARN] No stim caches in /project/bdoiron/dracoxu/rct-fsflow/paper_project_final/out_nofilter for SID=20201204 → skipping NOFILTER: C on stim-aligned (pooled)

[done] Stim C axes training complete for SID=20201204
